[+] ------START TIME (ST): Fri Feb 28 17:09:26 PST 2020------
Start cluster...
Launching controller
2020-02-28 17:09:29.593 [IPControllerApp] Hub listening on tcp://10.128.8.175:50521 for registration.
2020-02-28 17:09:29.595 [IPControllerApp] Hub using DB backend: 'DictDB'
2020-02-28 17:09:29.847 [IPControllerApp] hub::created hub
2020-02-28 17:09:29.847 [IPControllerApp] writing connection info to /global/u2/m/muszyng/.ipython/profile_default/security/ipcontroller-cori_28417783-client.json
2020-02-28 17:09:29.856 [IPControllerApp] writing connection info to /global/u2/m/muszyng/.ipython/profile_default/security/ipcontroller-cori_28417783-engine.json
2020-02-28 17:09:29.864 [IPControllerApp] task::using Python leastload Task scheduler
2020-02-28 17:09:29.864 [IPControllerApp] Heartmonitor started
2020-02-28 17:09:29.884 [scheduler] Scheduler started [leastload]
2020-02-28 17:09:29.885 [IPControllerApp] Creating pid file: /global/u2/m/muszyng/.ipython/profile_default/pid/ipcontroller-cori_28417783.pid
2020-02-28 17:09:29.888 [IPControllerApp] client::client b'\x00k\x8bEg' requested 'connection_request'
2020-02-28 17:09:29.889 [IPControllerApp] client::client [b'\x00k\x8bEg'] connected
Launching engines
2020-02-28 17:09:58.610 [IPEngineApp] Loading url_file '/global/u2/m/muszyng/.ipython/profile_default/security/ipcontroller-cori_28417783-engine.json'
2020-02-28 17:09:58.615 [IPControllerApp] client::client b'023a38ee-6f491cebdf603a86a96b2156' requested 'registration_request'
2020-02-28 17:09:58.613 [IPEngineApp] Registering with controller at tcp://10.128.8.175:50521
2020-02-28 17:09:58.752 [IPEngineApp] Starting to monitor the heartbeat signal from the hub every 3010 ms.
2020-02-28 17:09:58.892 [IPEngineApp] Completed registration with id 0
2020-02-28 17:09:59.406 [IPEngineApp] Loading url_file '/global/u2/m/muszyng/.ipython/profile_default/security/ipcontroller-cori_28417783-engine.json'
2020-02-28 17:09:59.411 [IPEngineApp] Registering with controller at tcp://10.128.8.175:50521
2020-02-28 17:09:59.412 [IPControllerApp] client::client b'7ec3ddfb-b332586b33c6ffc14ae00cab' requested 'registration_request'
2020-02-28 17:09:59.585 [IPEngineApp] Starting to monitor the heartbeat signal from the hub every 3010 ms.
2020-02-28 17:09:59.676 [IPEngineApp] Completed registration with id 1
2020-02-28 17:10:00.284 [IPEngineApp] Loading url_file '/global/u2/m/muszyng/.ipython/profile_default/security/ipcontroller-cori_28417783-engine.json'
2020-02-28 17:10:00.289 [IPEngineApp] Registering with controller at tcp://10.128.8.175:50521
2020-02-28 17:10:00.293 [IPControllerApp] client::client b'2d9b369e-70abd08d3184473392e13bfe' requested 'registration_request'
2020-02-28 17:10:00.322 [IPEngineApp] Loading url_file '/global/u2/m/muszyng/.ipython/profile_default/security/ipcontroller-cori_28417783-engine.json'
2020-02-28 17:10:00.328 [IPControllerApp] client::client b'c4bf5f74-a9431a8b9d667dbdc72e502e' requested 'registration_request'
2020-02-28 17:10:00.327 [IPEngineApp] Registering with controller at tcp://10.128.8.175:50521
2020-02-28 17:10:00.369 [IPEngineApp] Loading url_file '/global/u2/m/muszyng/.ipython/profile_default/security/ipcontroller-cori_28417783-engine.json'
2020-02-28 17:10:00.373 [IPEngineApp] Registering with controller at tcp://10.128.8.175:50521
2020-02-28 17:10:00.374 [IPControllerApp] client::client b'ec4d792e-826337a337419341a306cdd9' requested 'registration_request'
2020-02-28 17:10:00.498 [IPEngineApp] Starting to monitor the heartbeat signal from the hub every 3010 ms.
2020-02-28 17:10:00.519 [IPEngineApp] Starting to monitor the heartbeat signal from the hub every 3010 ms.
2020-02-28 17:10:00.543 [IPEngineApp] Starting to monitor the heartbeat signal from the hub every 3010 ms.
2020-02-28 17:10:00.568 [IPEngineApp] Completed registration with id 2
2020-02-28 17:10:00.610 [IPEngineApp] Completed registration with id 3
2020-02-28 17:10:00.651 [IPEngineApp] Completed registration with id 4
2020-02-28 17:10:02.867 [IPControllerApp] registration::finished registering engine 1:7ec3ddfb-b332586b33c6ffc14ae00cab
2020-02-28 17:10:02.868 [IPControllerApp] engine::Engine Connected: 1
2020-02-28 17:10:02.925 [IPControllerApp] registration::finished registering engine 0:023a38ee-6f491cebdf603a86a96b2156
2020-02-28 17:10:02.925 [IPControllerApp] engine::Engine Connected: 0
2020-02-28 17:10:05.868 [IPControllerApp] registration::finished registering engine 4:ec4d792e-826337a337419341a306cdd9
2020-02-28 17:10:05.868 [IPControllerApp] engine::Engine Connected: 4
2020-02-28 17:10:05.937 [IPControllerApp] registration::finished registering engine 3:c4bf5f74-a9431a8b9d667dbdc72e502e
2020-02-28 17:10:05.937 [IPControllerApp] engine::Engine Connected: 3
2020-02-28 17:10:06.002 [IPControllerApp] registration::finished registering engine 2:2d9b369e-70abd08d3184473392e13bfe
2020-02-28 17:10:06.002 [IPControllerApp] engine::Engine Connected: 2
2020-02-28 17:10:36.830 [IPControllerApp] client::client b'\x00k\x8bEh' requested 'connection_request'
2020-02-28 17:10:36.830 [IPControllerApp] client::client [b'\x00k\x8bEh'] connected
Model_C_1 21 221 20
Job id: 28417783; Cluster id: cori_28417783
Worker IDs: [0, 1, 2, 3, 4]
Original order  ['1_train_0_.h5', '1_train_1_.h5', '1_train_2_.h5', '1_train_3_.h5', '1_train_4_.h5', '1_train_5_.h5', '1_train_6_.h5', '1_train_7_.h5', '1_train_8_.h5', '1_train_9_.h5', '1_train_10_.h5', '1_train_11_.h5', '1_train_12_.h5', '1_train_13_.h5', '1_train_14_.h5', '1_train_15_.h5', '1_train_16_.h5', '1_train_17_.h5', '1_train_18_.h5', '1_train_19_.h5'] ['1_val_0_.h5', '1_val_1_.h5', '1_val_2_.h5', '1_val_3_.h5', '1_val_4_.h5', '1_val_5_.h5', '1_val_6_.h5', '1_val_7_.h5', '1_val_8_.h5', '1_val_9_.h5', '1_val_10_.h5', '1_val_11_.h5', '1_val_12_.h5', '1_val_13_.h5', '1_val_14_.h5', '1_val_15_.h5', '1_val_16_.h5', '1_val_17_.h5', '1_val_18_.h5', '1_val_19_.h5']
Shuffled files: ['1_train_9_.h5', '1_train_0_.h5', '1_train_8_.h5', '1_train_14_.h5', '1_train_5_.h5', '1_train_16_.h5', '1_train_18_.h5', '1_train_3_.h5', '1_train_15_.h5', '1_train_6_.h5', '1_train_11_.h5', '1_train_17_.h5', '1_train_7_.h5', '1_train_19_.h5', '1_train_2_.h5', '1_train_12_.h5', '1_train_10_.h5', '1_train_4_.h5', '1_train_1_.h5', '1_train_13_.h5'] ['1_val_5_.h5', '1_val_17_.h5', '1_val_11_.h5', '1_val_6_.h5', '1_val_18_.h5', '1_val_8_.h5', '1_val_13_.h5', '1_val_15_.h5', '1_val_4_.h5', '1_val_9_.h5', '1_val_14_.h5', '1_val_10_.h5', '1_val_12_.h5', '1_val_2_.h5', '1_val_1_.h5', '1_val_19_.h5', '1_val_16_.h5', '1_val_0_.h5', '1_val_3_.h5', '1_val_7_.h5']
/global/cscratch1/sd/muszyng/cnn_model_runs/regression/Model_C/Model_C_1/28417783
['ihp', 'n_hpo_trials', 'n_convs_layers', 'conv_sizes', 'n_fc_layers', 'fc_sizes', 'dropout', 'optimizer', 'lr', 'batch_sizes', 'n_epochs', 'repeats_conv', 'recep_fields', 'checkpoint_dir']
Hyperparameter trial 0 conv [ 64 128 256 512] fc [256 128  64] dropout 0.1305 opt Adam, lr 0.0000, batch sizes 64
Checkpoint file: /global/cscratch1/sd/muszyng/cnn_model_runs/regression/Model_C/Model_C_1/28417783/model_0.h5
Hyperparameter trial 1 conv [ 64 128 256 512] fc [256 128  64] dropout 0.1282 opt Adam, lr 0.0000, batch sizes 128
Checkpoint file: /global/cscratch1/sd/muszyng/cnn_model_runs/regression/Model_C/Model_C_1/28417783/model_1.h5
Hyperparameter trial 2 conv [ 64 128 256 512] fc [256 128  64] dropout 0.1264 opt Adam, lr 0.0000, batch sizes 128
Checkpoint file: /global/cscratch1/sd/muszyng/cnn_model_runs/regression/Model_C/Model_C_1/28417783/model_2.h5
Hyperparameter trial 3 conv [ 64 128 256 512] fc [256 128  64] dropout 0.1272 opt Adam, lr 0.0000, batch sizes 64
Checkpoint file: /global/cscratch1/sd/muszyng/cnn_model_runs/regression/Model_C/Model_C_1/28417783/model_3.h5
Hyperparameter trial 4 conv [ 64 128 256 512] fc [256 128  64] dropout 0.1137 opt Adam, lr 0.0000, batch sizes 128
Checkpoint file: /global/cscratch1/sd/muszyng/cnn_model_runs/regression/Model_C/Model_C_1/28417783/model_4.h5
2020-02-28 17:10:36.905 [IPControllerApp] task::task '87cca082-1e05e37264bf53ef3d671eee' arrived on 2
2020-02-28 17:10:36.906 [IPControllerApp] task::task '15b6d8f3-4f2ea61ebd895ad4a5c99989' arrived on 3
2020-02-28 17:10:36.908 [IPControllerApp] task::task '99eb1193-cf4183db7733c6ed6d25a9d7' arrived on 4
2020-02-28 17:10:36.910 [IPControllerApp] task::task '9b4af7b9-b4e335df1203754b8429862f' arrived on 0
2020-02-28 17:10:36.912 [IPControllerApp] task::task '1a61199a-7c3cf2e4586eb071351c7020' arrived on 1
WARNING:tensorflow:From test_ipyparallel.py:101: The name tf.keras.backend.set_session is deprecated. Please use tf.compat.v1.keras.backend.set_session instead.

WARNING:tensorflow:From /global/u2/m/muszyng/project-cnn-tda/cnn-project/my_project/new_project_mid_lat/code_for_paper/project/Model_C/Model_C_regres/mlextras.py:39: The name tf.ConfigProto is deprecated. Please use tf.compat.v1.ConfigProto instead.

WARNING:tensorflow:From /global/u2/m/muszyng/project-cnn-tda/cnn-project/my_project/new_project_mid_lat/code_for_paper/project/Model_C/Model_C_regres/mlextras.py:43: The name tf.Session is deprecated. Please use tf.compat.v1.Session instead.

2020-02-28 17:10:39.621995: I tensorflow/core/platform/cpu_feature_guard.cc:145] This TensorFlow binary is optimized with Intel(R) MKL-DNN to use the following CPU instructions in performance critical operations:  SSE4.1 SSE4.2 AVX AVX2 FMA
To enable them in non-MKL-DNN operations, rebuild TensorFlow with the appropriate compiler flags.
2020-02-28 17:10:39.641728: I tensorflow/core/platform/profile_utils/cpu_utils.cc:94] CPU Frequency: 2300030000 Hz
2020-02-28 17:10:39.643550: I tensorflow/compiler/xla/service/service.cc:168] XLA service 0x555558df43c0 initialized for platform Host (this does not guarantee that XLA will be used). Devices:
2020-02-28 17:10:39.643565: I tensorflow/compiler/xla/service/service.cc:176]   StreamExecutor device (0): Host, Default Version
WARNING:tensorflow:From /usr/common/software/tensorflow/intel-tensorflow/1.15.0-py37/lib/python3.7/site-packages/tensorflow_core/python/ops/resource_variable_ops.py:1630: calling BaseResourceVariable.__init__ (from tensorflow.python.ops.resource_variable_ops) with constraint is deprecated and will be removed in a future version.
Instructions for updating:
If using Keras pass *_constraint arguments to layers.
WARNING:tensorflow:`epsilon` argument is deprecated and will be removed, use `min_delta` instead.
WARNING:tensorflow:`period` argument is deprecated. Please use `save_freq` to specify the frequency in number of samples seen.
WARNING:tensorflow:From test_ipyparallel.py:101: The name tf.keras.backend.set_session is deprecated. Please use tf.compat.v1.keras.backend.set_session instead.

WARNING:tensorflow:From /global/u2/m/muszyng/project-cnn-tda/cnn-project/my_project/new_project_mid_lat/code_for_paper/project/Model_C/Model_C_regres/mlextras.py:39: The name tf.ConfigProto is deprecated. Please use tf.compat.v1.ConfigProto instead.

WARNING:tensorflow:From /global/u2/m/muszyng/project-cnn-tda/cnn-project/my_project/new_project_mid_lat/code_for_paper/project/Model_C/Model_C_regres/mlextras.py:43: The name tf.Session is deprecated. Please use tf.compat.v1.Session instead.

2020-02-28 17:10:42.548101: I tensorflow/core/platform/cpu_feature_guard.cc:145] This TensorFlow binary is optimized with Intel(R) MKL-DNN to use the following CPU instructions in performance critical operations:  SSE4.1 SSE4.2 AVX AVX2 FMA
To enable them in non-MKL-DNN operations, rebuild TensorFlow with the appropriate compiler flags.
2020-02-28 17:10:42.572959: I tensorflow/core/platform/profile_utils/cpu_utils.cc:94] CPU Frequency: 2299810000 Hz
2020-02-28 17:10:42.574557: I tensorflow/compiler/xla/service/service.cc:168] XLA service 0x555558df3e10 initialized for platform Host (this does not guarantee that XLA will be used). Devices:
2020-02-28 17:10:42.574572: I tensorflow/compiler/xla/service/service.cc:176]   StreamExecutor device (0): Host, Default Version
WARNING:tensorflow:From /usr/common/software/tensorflow/intel-tensorflow/1.15.0-py37/lib/python3.7/site-packages/tensorflow_core/python/ops/resource_variable_ops.py:1630: calling BaseResourceVariable.__init__ (from tensorflow.python.ops.resource_variable_ops) with constraint is deprecated and will be removed in a future version.
Instructions for updating:
If using Keras pass *_constraint arguments to layers.
WARNING:tensorflow:`epsilon` argument is deprecated and will be removed, use `min_delta` instead.
WARNING:tensorflow:`period` argument is deprecated. Please use `save_freq` to specify the frequency in number of samples seen.
WARNING:tensorflow:From test_ipyparallel.py:101: The name tf.keras.backend.set_session is deprecated. Please use tf.compat.v1.keras.backend.set_session instead.

WARNING:tensorflow:From /global/u2/m/muszyng/project-cnn-tda/cnn-project/my_project/new_project_mid_lat/code_for_paper/project/Model_C/Model_C_regres/mlextras.py:39: The name tf.ConfigProto is deprecated. Please use tf.compat.v1.ConfigProto instead.

WARNING:tensorflow:From /global/u2/m/muszyng/project-cnn-tda/cnn-project/my_project/new_project_mid_lat/code_for_paper/project/Model_C/Model_C_regres/mlextras.py:43: The name tf.Session is deprecated. Please use tf.compat.v1.Session instead.

2020-02-28 17:10:45.719648: I tensorflow/core/platform/cpu_feature_guard.cc:145] This TensorFlow binary is optimized with Intel(R) MKL-DNN to use the following CPU instructions in performance critical operations:  SSE4.1 SSE4.2 AVX AVX2 FMA
To enable them in non-MKL-DNN operations, rebuild TensorFlow with the appropriate compiler flags.
2020-02-28 17:10:45.741201: I tensorflow/core/platform/profile_utils/cpu_utils.cc:94] CPU Frequency: 2300140000 Hz
2020-02-28 17:10:45.742972: I tensorflow/compiler/xla/service/service.cc:168] XLA service 0x555558df37a0 initialized for platform Host (this does not guarantee that XLA will be used). Devices:
2020-02-28 17:10:45.742999: I tensorflow/compiler/xla/service/service.cc:176]   StreamExecutor device (0): Host, Default Version
WARNING:tensorflow:From /usr/common/software/tensorflow/intel-tensorflow/1.15.0-py37/lib/python3.7/site-packages/tensorflow_core/python/ops/resource_variable_ops.py:1630: calling BaseResourceVariable.__init__ (from tensorflow.python.ops.resource_variable_ops) with constraint is deprecated and will be removed in a future version.
Instructions for updating:
If using Keras pass *_constraint arguments to layers.
WARNING:tensorflow:From test_ipyparallel.py:101: The name tf.keras.backend.set_session is deprecated. Please use tf.compat.v1.keras.backend.set_session instead.

WARNING:tensorflow:From /global/u2/m/muszyng/project-cnn-tda/cnn-project/my_project/new_project_mid_lat/code_for_paper/project/Model_C/Model_C_regres/mlextras.py:39: The name tf.ConfigProto is deprecated. Please use tf.compat.v1.ConfigProto instead.

WARNING:tensorflow:From /global/u2/m/muszyng/project-cnn-tda/cnn-project/my_project/new_project_mid_lat/code_for_paper/project/Model_C/Model_C_regres/mlextras.py:43: The name tf.Session is deprecated. Please use tf.compat.v1.Session instead.

2020-02-28 17:10:45.835813: I tensorflow/core/platform/cpu_feature_guard.cc:145] This TensorFlow binary is optimized with Intel(R) MKL-DNN to use the following CPU instructions in performance critical operations:  SSE4.1 SSE4.2 AVX AVX2 FMA
To enable them in non-MKL-DNN operations, rebuild TensorFlow with the appropriate compiler flags.
2020-02-28 17:10:45.857674: I tensorflow/core/platform/profile_utils/cpu_utils.cc:94] CPU Frequency: 2300065000 Hz
2020-02-28 17:10:45.859471: I tensorflow/compiler/xla/service/service.cc:168] XLA service 0x555558dede50 initialized for platform Host (this does not guarantee that XLA will be used). Devices:
2020-02-28 17:10:45.859486: I tensorflow/compiler/xla/service/service.cc:176]   StreamExecutor device (0): Host, Default Version
WARNING:tensorflow:From /usr/common/software/tensorflow/intel-tensorflow/1.15.0-py37/lib/python3.7/site-packages/tensorflow_core/python/ops/resource_variable_ops.py:1630: calling BaseResourceVariable.__init__ (from tensorflow.python.ops.resource_variable_ops) with constraint is deprecated and will be removed in a future version.
Instructions for updating:
If using Keras pass *_constraint arguments to layers.
WARNING:tensorflow:From test_ipyparallel.py:101: The name tf.keras.backend.set_session is deprecated. Please use tf.compat.v1.keras.backend.set_session instead.

WARNING:tensorflow:From /global/u2/m/muszyng/project-cnn-tda/cnn-project/my_project/new_project_mid_lat/code_for_paper/project/Model_C/Model_C_regres/mlextras.py:39: The name tf.ConfigProto is deprecated. Please use tf.compat.v1.ConfigProto instead.

WARNING:tensorflow:From /global/u2/m/muszyng/project-cnn-tda/cnn-project/my_project/new_project_mid_lat/code_for_paper/project/Model_C/Model_C_regres/mlextras.py:43: The name tf.Session is deprecated. Please use tf.compat.v1.Session instead.

2020-02-28 17:10:45.992432: I tensorflow/core/platform/cpu_feature_guard.cc:145] This TensorFlow binary is optimized with Intel(R) MKL-DNN to use the following CPU instructions in performance critical operations:  SSE4.1 SSE4.2 AVX AVX2 FMA
To enable them in non-MKL-DNN operations, rebuild TensorFlow with the appropriate compiler flags.
2020-02-28 17:10:46.013330: I tensorflow/core/platform/profile_utils/cpu_utils.cc:94] CPU Frequency: 2300015000 Hz
2020-02-28 17:10:46.015162: I tensorflow/compiler/xla/service/service.cc:168] XLA service 0x555558df44f0 initialized for platform Host (this does not guarantee that XLA will be used). Devices:
2020-02-28 17:10:46.015186: I tensorflow/compiler/xla/service/service.cc:176]   StreamExecutor device (0): Host, Default Version
WARNING:tensorflow:From /usr/common/software/tensorflow/intel-tensorflow/1.15.0-py37/lib/python3.7/site-packages/tensorflow_core/python/ops/resource_variable_ops.py:1630: calling BaseResourceVariable.__init__ (from tensorflow.python.ops.resource_variable_ops) with constraint is deprecated and will be removed in a future version.
Instructions for updating:
If using Keras pass *_constraint arguments to layers.
WARNING:tensorflow:`epsilon` argument is deprecated and will be removed, use `min_delta` instead.
WARNING:tensorflow:`period` argument is deprecated. Please use `save_freq` to specify the frequency in number of samples seen.
WARNING:tensorflow:`epsilon` argument is deprecated and will be removed, use `min_delta` instead.
WARNING:tensorflow:`period` argument is deprecated. Please use `save_freq` to specify the frequency in number of samples seen.
WARNING:tensorflow:`epsilon` argument is deprecated and will be removed, use `min_delta` instead.
WARNING:tensorflow:`period` argument is deprecated. Please use `save_freq` to specify the frequency in number of samples seen.
2020-02-28 17:12:24.552 [IPEngineApp] Exception in apply request:
[0;31m---------------------------------------------------------------------------[0m
[0;31mInvalidArgumentError[0m                      Traceback (most recent call last)
[0;32m<string>[0m in [0;36m<module>[0;34m[0m

[0;32m/global/u2/m/muszyng/project-cnn-tda/cnn-project/my_project/new_project_mid_lat/code_for_paper/project/Model_C/Model_C_regres/test_ipyparallel.py[0m in [0;36mbuild_and_train[0;34m(input_dir, input_size, conv_sizes, fc_sizes, dropout, optimizer, lr, batch_size, n_epochs, repeats_conv, recep_field, checkpoint_dir, checkpoint_file, l_fnames_train, l_fnames_val, ihp, verbose)[0m
[1;32m    126[0m                               [0mcheckpoint_dir[0m[0;34m=[0m[0mcheckpoint_dir[0m[0;34m,[0m [0mcheckpoint_file[0m[0;34m=[0m[0mcheckpoint_file[0m[0;34m,[0m[0;34m[0m[0;34m[0m[0m
[1;32m    127[0m                               [0mdata_dir_path[0m[0;34m=[0m[0minput_dir[0m[0;34m[[0m[0;34m:[0m[0;34m-[0m[0;36m1[0m[0;34m][0m[0;34m,[0m[0;34m[0m[0;34m[0m[0m
[0;32m--> 128[0;31m                               l_fnames_train=l_fnames_train, l_fnames_val=l_fnames_val, ihp=ihp, verbose=verbose)
[0m[1;32m    129[0m [0;34m[0m[0m
[1;32m    130[0m         [0;31m#oldStdout = sys.stdout[0m[0;34m[0m[0;34m[0m[0;34m[0m[0m

[0;32m/global/u2/m/muszyng/project-cnn-tda/cnn-project/my_project/new_project_mid_lat/code_for_paper/project/Model_C/Model_C_regres/model_code.py[0m in [0;36mtrain_model[0;34m(model, batch_size, n_epochs, checkpoint_dir, checkpoint_file, data_dir_path, l_fnames_train, l_fnames_val, ihp, verbose, callbacks)[0m
[1;32m    610[0m                 [0mcallbacks[0m[0;34m=[0m[0mrpv_callbacks[0m[0;34m,[0m [0mshuffle[0m[0;34m=[0m[0;32mTrue[0m[0;34m,[0m[0;34m[0m[0;34m[0m[0m
[1;32m    611[0m                 [0mepochs[0m[0;34m=[0m[0mn_epochs[0m[0;34m,[0m[0;34m[0m[0;34m[0m[0m
[0;32m--> 612[0;31m                 verbose=1)
[0m[1;32m    613[0m [0;34m[0m[0m
[1;32m    614[0m     [0;32mreturn[0m [0mm[0m[0;34m[0m[0;34m[0m[0m

[0;32m/usr/common/software/tensorflow/intel-tensorflow/1.15.0-py37/lib/python3.7/site-packages/tensorflow_core/python/keras/engine/training.py[0m in [0;36mfit_generator[0;34m(self, generator, steps_per_epoch, epochs, verbose, callbacks, validation_data, validation_steps, validation_freq, class_weight, max_queue_size, workers, use_multiprocessing, shuffle, initial_epoch)[0m
[1;32m   1294[0m         [0mshuffle[0m[0;34m=[0m[0mshuffle[0m[0;34m,[0m[0;34m[0m[0;34m[0m[0m
[1;32m   1295[0m         [0minitial_epoch[0m[0;34m=[0m[0minitial_epoch[0m[0;34m,[0m[0;34m[0m[0;34m[0m[0m
[0;32m-> 1296[0;31m         steps_name='steps_per_epoch')
[0m[1;32m   1297[0m [0;34m[0m[0m
[1;32m   1298[0m   def evaluate_generator(self,

[0;32m/usr/common/software/tensorflow/intel-tensorflow/1.15.0-py37/lib/python3.7/site-packages/tensorflow_core/python/keras/engine/training_generator.py[0m in [0;36mmodel_iteration[0;34m(model, data, steps_per_epoch, epochs, verbose, callbacks, validation_data, validation_steps, validation_freq, class_weight, max_queue_size, workers, use_multiprocessing, shuffle, initial_epoch, mode, batch_size, steps_name, **kwargs)[0m
[1;32m    263[0m [0;34m[0m[0m
[1;32m    264[0m       [0mis_deferred[0m [0;34m=[0m [0;32mnot[0m [0mmodel[0m[0;34m.[0m[0m_is_compiled[0m[0;34m[0m[0;34m[0m[0m
[0;32m--> 265[0;31m       [0mbatch_outs[0m [0;34m=[0m [0mbatch_function[0m[0;34m([0m[0;34m*[0m[0mbatch_data[0m[0;34m)[0m[0;34m[0m[0;34m[0m[0m
[0m[1;32m    266[0m       [0;32mif[0m [0;32mnot[0m [0misinstance[0m[0;34m([0m[0mbatch_outs[0m[0;34m,[0m [0mlist[0m[0;34m)[0m[0;34m:[0m[0;34m[0m[0;34m[0m[0m
[1;32m    267[0m         [0mbatch_outs[0m [0;34m=[0m [0;34m[[0m[0mbatch_outs[0m[0;34m][0m[0;34m[0m[0;34m[0m[0m

[0;32m/usr/common/software/tensorflow/intel-tensorflow/1.15.0-py37/lib/python3.7/site-packages/tensorflow_core/python/keras/engine/training.py[0m in [0;36mtrain_on_batch[0;34m(self, x, y, sample_weight, class_weight, reset_metrics)[0m
[1;32m   1015[0m       [0mself[0m[0;34m.[0m[0m_update_sample_weight_modes[0m[0;34m([0m[0msample_weights[0m[0;34m=[0m[0msample_weights[0m[0;34m)[0m[0;34m[0m[0;34m[0m[0m
[1;32m   1016[0m       [0mself[0m[0;34m.[0m[0m_make_train_function[0m[0;34m([0m[0;34m)[0m[0;34m[0m[0;34m[0m[0m
[0;32m-> 1017[0;31m       [0moutputs[0m [0;34m=[0m [0mself[0m[0;34m.[0m[0mtrain_function[0m[0;34m([0m[0mins[0m[0;34m)[0m  [0;31m# pylint: disable=not-callable[0m[0;34m[0m[0;34m[0m[0m
[0m[1;32m   1018[0m [0;34m[0m[0m
[1;32m   1019[0m     [0;32mif[0m [0mreset_metrics[0m[0;34m:[0m[0;34m[0m[0;34m[0m[0m

[0;32m/usr/common/software/tensorflow/intel-tensorflow/1.15.0-py37/lib/python3.7/site-packages/tensorflow_core/python/keras/backend.py[0m in [0;36m__call__[0;34m(self, inputs)[0m
[1;32m   3474[0m [0;34m[0m[0m
[1;32m   3475[0m     fetched = self._callable_fn(*array_vals,
[0;32m-> 3476[0;31m                                 run_metadata=self.run_metadata)
[0m[1;32m   3477[0m     [0mself[0m[0;34m.[0m[0m_call_fetch_callbacks[0m[0;34m([0m[0mfetched[0m[0;34m[[0m[0;34m-[0m[0mlen[0m[0;34m([0m[0mself[0m[0;34m.[0m[0m_fetches[0m[0;34m)[0m[0;34m:[0m[0;34m][0m[0;34m)[0m[0;34m[0m[0;34m[0m[0m
[1;32m   3478[0m     output_structure = nest.pack_sequence_as(

[0;32m/usr/common/software/tensorflow/intel-tensorflow/1.15.0-py37/lib/python3.7/site-packages/tensorflow_core/python/client/session.py[0m in [0;36m__call__[0;34m(self, *args, **kwargs)[0m
[1;32m   1470[0m         ret = tf_session.TF_SessionRunCallable(self._session._session,
[1;32m   1471[0m                                                [0mself[0m[0;34m.[0m[0m_handle[0m[0;34m,[0m [0margs[0m[0;34m,[0m[0;34m[0m[0;34m[0m[0m
[0;32m-> 1472[0;31m                                                run_metadata_ptr)
[0m[1;32m   1473[0m         [0;32mif[0m [0mrun_metadata[0m[0;34m:[0m[0;34m[0m[0;34m[0m[0m
[1;32m   1474[0m           [0mproto_data[0m [0;34m=[0m [0mtf_session[0m[0;34m.[0m[0mTF_GetBuffer[0m[0;34m([0m[0mrun_metadata_ptr[0m[0;34m)[0m[0;34m[0m[0;34m[0m[0m

[0;31mInvalidArgumentError[0m: input and filter must have the same depth: 40 vs 64
	 [[{{node conv2d_1/Relu}}]]
2020-02-28 17:12:24.558 [IPControllerApp] task::task '15b6d8f3-4f2ea61ebd895ad4a5c99989' finished on 3
2020-02-28 17:12:25.001 [IPEngineApp] WARNING | No heartbeat in the last 3010 ms (1 time(s) in a row).
2020-02-28 17:12:41.597 [IPEngineApp] Exception in apply request:
[0;31m---------------------------------------------------------------------------[0m
[0;31mInvalidArgumentError[0m                      Traceback (most recent call last)
[0;32m<string>[0m in [0;36m<module>[0;34m[0m

[0;32m/global/u2/m/muszyng/project-cnn-tda/cnn-project/my_project/new_project_mid_lat/code_for_paper/project/Model_C/Model_C_regres/test_ipyparallel.py[0m in [0;36mbuild_and_train[0;34m(input_dir, input_size, conv_sizes, fc_sizes, dropout, optimizer, lr, batch_size, n_epochs, repeats_conv, recep_field, checkpoint_dir, checkpoint_file, l_fnames_train, l_fnames_val, ihp, verbose)[0m
[1;32m    126[0m                               [0mcheckpoint_dir[0m[0;34m=[0m[0mcheckpoint_dir[0m[0;34m,[0m [0mcheckpoint_file[0m[0;34m=[0m[0mcheckpoint_file[0m[0;34m,[0m[0;34m[0m[0;34m[0m[0m
[1;32m    127[0m                               [0mdata_dir_path[0m[0;34m=[0m[0minput_dir[0m[0;34m[[0m[0;34m:[0m[0;34m-[0m[0;36m1[0m[0;34m][0m[0;34m,[0m[0;34m[0m[0;34m[0m[0m
[0;32m--> 128[0;31m                               l_fnames_train=l_fnames_train, l_fnames_val=l_fnames_val, ihp=ihp, verbose=verbose)
[0m[1;32m    129[0m [0;34m[0m[0m
[1;32m    130[0m         [0;31m#oldStdout = sys.stdout[0m[0;34m[0m[0;34m[0m[0;34m[0m[0m

[0;32m/global/u2/m/muszyng/project-cnn-tda/cnn-project/my_project/new_project_mid_lat/code_for_paper/project/Model_C/Model_C_regres/model_code.py[0m in [0;36mtrain_model[0;34m(model, batch_size, n_epochs, checkpoint_dir, checkpoint_file, data_dir_path, l_fnames_train, l_fnames_val, ihp, verbose, callbacks)[0m
[1;32m    610[0m                 [0mcallbacks[0m[0;34m=[0m[0mrpv_callbacks[0m[0;34m,[0m [0mshuffle[0m[0;34m=[0m[0;32mTrue[0m[0;34m,[0m[0;34m[0m[0;34m[0m[0m
[1;32m    611[0m                 [0mepochs[0m[0;34m=[0m[0mn_epochs[0m[0;34m,[0m[0;34m[0m[0;34m[0m[0m
[0;32m--> 612[0;31m                 verbose=1)
[0m[1;32m    613[0m [0;34m[0m[0m
[1;32m    614[0m     [0;32mreturn[0m [0mm[0m[0;34m[0m[0;34m[0m[0m

[0;32m/usr/common/software/tensorflow/intel-tensorflow/1.15.0-py37/lib/python3.7/site-packages/tensorflow_core/python/keras/engine/training.py[0m in [0;36mfit_generator[0;34m(self, generator, steps_per_epoch, epochs, verbose, callbacks, validation_data, validation_steps, validation_freq, class_weight, max_queue_size, workers, use_multiprocessing, shuffle, initial_epoch)[0m
[1;32m   1294[0m         [0mshuffle[0m[0;34m=[0m[0mshuffle[0m[0;34m,[0m[0;34m[0m[0;34m[0m[0m
[1;32m   1295[0m         [0minitial_epoch[0m[0;34m=[0m[0minitial_epoch[0m[0;34m,[0m[0;34m[0m[0;34m[0m[0m
[0;32m-> 1296[0;31m         steps_name='steps_per_epoch')
[0m[1;32m   1297[0m [0;34m[0m[0m
[1;32m   1298[0m   def evaluate_generator(self,

[0;32m/usr/common/software/tensorflow/intel-tensorflow/1.15.0-py37/lib/python3.7/site-packages/tensorflow_core/python/keras/engine/training_generator.py[0m in [0;36mmodel_iteration[0;34m(model, data, steps_per_epoch, epochs, verbose, callbacks, validation_data, validation_steps, validation_freq, class_weight, max_queue_size, workers, use_multiprocessing, shuffle, initial_epoch, mode, batch_size, steps_name, **kwargs)[0m
[1;32m    263[0m [0;34m[0m[0m
[1;32m    264[0m       [0mis_deferred[0m [0;34m=[0m [0;32mnot[0m [0mmodel[0m[0;34m.[0m[0m_is_compiled[0m[0;34m[0m[0;34m[0m[0m
[0;32m--> 265[0;31m       [0mbatch_outs[0m [0;34m=[0m [0mbatch_function[0m[0;34m([0m[0;34m*[0m[0mbatch_data[0m[0;34m)[0m[0;34m[0m[0;34m[0m[0m
[0m[1;32m    266[0m       [0;32mif[0m [0;32mnot[0m [0misinstance[0m[0;34m([0m[0mbatch_outs[0m[0;34m,[0m [0mlist[0m[0;34m)[0m[0;34m:[0m[0;34m[0m[0;34m[0m[0m
[1;32m    267[0m         [0mbatch_outs[0m [0;34m=[0m [0;34m[[0m[0mbatch_outs[0m[0;34m][0m[0;34m[0m[0;34m[0m[0m

[0;32m/usr/common/software/tensorflow/intel-tensorflow/1.15.0-py37/lib/python3.7/site-packages/tensorflow_core/python/keras/engine/training.py[0m in [0;36mtrain_on_batch[0;34m(self, x, y, sample_weight, class_weight, reset_metrics)[0m
[1;32m   1015[0m       [0mself[0m[0;34m.[0m[0m_update_sample_weight_modes[0m[0;34m([0m[0msample_weights[0m[0;34m=[0m[0msample_weights[0m[0;34m)[0m[0;34m[0m[0;34m[0m[0m
[1;32m   1016[0m       [0mself[0m[0;34m.[0m[0m_make_train_function[0m[0;34m([0m[0;34m)[0m[0;34m[0m[0;34m[0m[0m
2020-02-28 17:12:41.600 [IPControllerApp] task::task '9b4af7b9-b4e335df1203754b8429862f' finished on 0
[0;32m-> 1017[0;31m       [0moutputs[0m [0;34m=[0m [0mself[0m[0;34m.[0m[0mtrain_function[0m[0;34m([0m[0mins[0m[0;34m)[0m  [0;31m# pylint: disable=not-callable[0m[0;34m[0m[0;34m[0m[0m
[0m[1;32m   1018[0m [0;34m[0m[0m
[1;32m   1019[0m     [0;32mif[0m [0mreset_metrics[0m[0;34m:[0m[0;34m[0m[0;34m[0m[0m

[0;32m/usr/common/software/tensorflow/intel-tensorflow/1.15.0-py37/lib/python3.7/site-packages/tensorflow_core/python/keras/backend.py[0m in [0;36m__call__[0;34m(self, inputs)[0m
[1;32m   3474[0m [0;34m[0m[0m
[1;32m   3475[0m     fetched = self._callable_fn(*array_vals,
[0;32m-> 3476[0;31m                                 run_metadata=self.run_metadata)
[0m[1;32m   3477[0m     [0mself[0m[0;34m.[0m[0m_call_fetch_callbacks[0m[0;34m([0m[0mfetched[0m[0;34m[[0m[0;34m-[0m[0mlen[0m[0;34m([0m[0mself[0m[0;34m.[0m[0m_fetches[0m[0;34m)[0m[0;34m:[0m[0;34m][0m[0;34m)[0m[0;34m[0m[0;34m[0m[0m
[1;32m   3478[0m     output_structure = nest.pack_sequence_as(

[0;32m/usr/common/software/tensorflow/intel-tensorflow/1.15.0-py37/lib/python3.7/site-packages/tensorflow_core/python/client/session.py[0m in [0;36m__call__[0;34m(self, *args, **kwargs)[0m
[1;32m   1470[0m         ret = tf_session.TF_SessionRunCallable(self._session._session,
[1;32m   1471[0m                                                [0mself[0m[0;34m.[0m[0m_handle[0m[0;34m,[0m [0margs[0m[0;34m,[0m[0;34m[0m[0;34m[0m[0m
[0;32m-> 1472[0;31m                                                run_metadata_ptr)
[0m[1;32m   1473[0m         [0;32mif[0m [0mrun_metadata[0m[0;34m:[0m[0;34m[0m[0;34m[0m[0m
[1;32m   1474[0m           [0mproto_data[0m [0;34m=[0m [0mtf_session[0m[0;34m.[0m[0mTF_GetBuffer[0m[0;34m([0m[0mrun_metadata_ptr[0m[0;34m)[0m[0;34m[0m[0;34m[0m[0m

[0;31mInvalidArgumentError[0m: input and filter must have the same depth: 40 vs 64
	 [[{{node conv2d_1/Relu}}]]
2020-02-28 17:18:30.212 [IPEngineApp] Exception in apply request:
[0;31m---------------------------------------------------------------------------[0m
[0;31mInvalidArgumentError[0m                      Traceback (most recent call last)
[0;32m<string>[0m in [0;36m<module>[0;34m[0m

[0;32m/global/u2/m/muszyng/project-cnn-tda/cnn-project/my_project/new_project_mid_lat/code_for_paper/project/Model_C/Model_C_regres/test_ipyparallel.py[0m in [0;36mbuild_and_train[0;34m(input_dir, input_size, conv_sizes, fc_sizes, dropout, optimizer, lr, batch_size, n_epochs, repeats_conv, recep_field, checkpoint_dir, checkpoint_file, l_fnames_train, l_fnames_val, ihp, verbose)[0m
[1;32m    126[0m                               [0mcheckpoint_dir[0m[0;34m=[0m[0mcheckpoint_dir[0m[0;34m,[0m [0mcheckpoint_file[0m[0;34m=[0m[0mcheckpoint_file[0m[0;34m,[0m[0;34m[0m[0;34m[0m[0m
[1;32m    127[0m                               [0mdata_dir_path[0m[0;34m=[0m[0minput_dir[0m[0;34m[[0m[0;34m:[0m[0;34m-[0m[0;36m1[0m[0;34m][0m[0;34m,[0m[0;34m[0m[0;34m[0m[0m
[0;32m--> 128[0;31m                               l_fnames_train=l_fnames_train, l_fnames_val=l_fnames_val, ihp=ihp, verbose=verbose)
[0m[1;32m    129[0m [0;34m[0m[0m
[1;32m    130[0m         [0;31m#oldStdout = sys.stdout[0m[0;34m[0m[0;34m[0m[0;34m[0m[0m

[0;32m/global/u2/m/muszyng/project-cnn-tda/cnn-project/my_project/new_project_mid_lat/code_for_paper/project/Model_C/Model_C_regres/model_code.py[0m in [0;36mtrain_model[0;34m(model, batch_size, n_epochs, checkpoint_dir, checkpoint_file, data_dir_path, l_fnames_train, l_fnames_val, ihp, verbose, callbacks)[0m
[1;32m    610[0m                 [0mcallbacks[0m[0;34m=[0m[0mrpv_callbacks[0m[0;34m,[0m [0mshuffle[0m[0;34m=[0m[0;32mTrue[0m[0;34m,[0m[0;34m[0m[0;34m[0m[0m
[1;32m    611[0m                 [0mepochs[0m[0;34m=[0m[0mn_epochs[0m[0;34m,[0m[0;34m[0m[0;34m[0m[0m
[0;32m--> 612[0;31m                 verbose=1)
[0m[1;32m    613[0m [0;34m[0m[0m
[1;32m    614[0m     [0;32mreturn[0m [0mm[0m[0;34m[0m[0;34m[0m[0m

[0;32m/usr/common/software/tensorflow/intel-tensorflow/1.15.0-py37/lib/python3.7/site-packages/tensorflow_core/python/keras/engine/training.py[0m in [0;36mfit_generator[0;34m(self, generator, steps_per_epoch, epochs, verbose, callbacks, validation_data, validation_steps, validation_freq, class_weight, max_queue_size, workers, use_multiprocessing, shuffle, initial_epoch)[0m
[1;32m   1294[0m         [0mshuffle[0m[0;34m=[0m[0mshuffle[0m[0;34m,[0m[0;34m[0m[0;34m[0m[0m
[1;32m   1295[0m         [0minitial_epoch[0m[0;34m=[0m[0minitial_epoch[0m[0;34m,[0m[0;34m[0m[0;34m[0m[0m
[0;32m-> 1296[0;31m         steps_name='steps_per_epoch')
[0m[1;32m   1297[0m [0;34m[0m[0m
[1;32m   1298[0m   def evaluate_generator(self,

[0;32m/usr/common/software/tensorflow/intel-tensorflow/1.15.0-py37/lib/python3.7/site-packages/tensorflow_core/python/keras/engine/training_generator.py[0m in [0;36mmodel_iteration[0;34m(model, data, steps_per_epoch, epochs, verbose, callbacks, validation_data, validation_steps, validation_freq, class_weight, max_queue_size, workers, use_multiprocessing, shuffle, initial_epoch, mode, batch_size, steps_name, **kwargs)[0m
[1;32m    263[0m [0;34m[0m[0m
[1;32m    264[0m       [0mis_deferred[0m [0;34m=[0m [0;32mnot[0m [0mmodel[0m[0;34m.[0m[0m_is_compiled[0m[0;34m[0m[0;34m[0m[0m
[0;32m--> 265[0;31m       [0mbatch_outs[0m [0;34m=[0m [0mbatch_function[0m[0;34m([0m[0;34m*[0m[0mbatch_data[0m[0;34m)[0m[0;34m[0m[0;34m[0m[0m
[0m[1;32m    266[0m       [0;32mif[0m [0;32mnot[0m [0misinstance[0m[0;34m([0m[0mbatch_outs[0m[0;34m,[0m [0mlist[0m[0;34m)[0m[0;34m:[0m[0;34m[0m[0;34m[0m[0m
[1;32m    267[0m         [0mbatch_outs[0m [0;34m=[0m [0;34m[[0m[0mbatch_outs[0m[0;34m][0m[0;34m[0m[0;34m[0m[0m

[0;32m/usr/common/software/tensorflow/intel-tensorflow/1.15.0-py37/lib/python3.7/site-packages/tensorflow_core/python/keras/engine/training.py[0m in [0;36mtrain_on_batch[0;34m(self, x, y, sample_weight, class_weight, reset_metrics)[0m
[1;32m   1015[0m       [0mself[0m[0;34m.[0m[0m_update_sample_weight_modes[0m[0;34m([0m[0msample_weights[0m[0;34m=[0m[0msample_weights[0m[0;34m)[0m[0;34m[0m[0;34m[0m[0m
[1;32m   1016[0m       [0mself[0m[0;34m.[0m[0m_make_train_function[0m[0;34m([0m[0;34m)[0m[0;34m[0m[0;34m[0m[0m
[0;32m-> 1017[0;31m       [0moutputs[0m [0;34m=[0m [0mself[0m[0;34m.[0m[0mtrain_function[0m[0;34m([0m[0mins[0m[0;34m)[0m  [0;31m# pylint: disable=not-callable[0m[0;34m[0m[0;34m[0m[0m
[0m[1;32m   1018[0m [0;34m[0m[0m
[1;32m   1019[0m     [0;32mif[0m [0mreset_metrics[0m[0;34m:[0m[0;34m[0m[0;34m[0m[0m

2020-02-28 17:18:30.216 [IPControllerApp] task::task '87cca082-1e05e37264bf53ef3d671eee' finished on 2
[0;32m/usr/common/software/tensorflow/intel-tensorflow/1.15.0-py37/lib/python3.7/site-packages/tensorflow_core/python/keras/backend.py[0m in [0;36m__call__[0;34m(self, inputs)[0m
[1;32m   3474[0m [0;34m[0m[0m
[1;32m   3475[0m     fetched = self._callable_fn(*array_vals,
[0;32m-> 3476[0;31m                                 run_metadata=self.run_metadata)
[0m[1;32m   3477[0m     [0mself[0m[0;34m.[0m[0m_call_fetch_callbacks[0m[0;34m([0m[0mfetched[0m[0;34m[[0m[0;34m-[0m[0mlen[0m[0;34m([0m[0mself[0m[0;34m.[0m[0m_fetches[0m[0;34m)[0m[0;34m:[0m[0;34m][0m[0;34m)[0m[0;34m[0m[0;34m[0m[0m
[1;32m   3478[0m     output_structure = nest.pack_sequence_as(

[0;32m/usr/common/software/tensorflow/intel-tensorflow/1.15.0-py37/lib/python3.7/site-packages/tensorflow_core/python/client/session.py[0m in [0;36m__call__[0;34m(self, *args, **kwargs)[0m
[1;32m   1470[0m         ret = tf_session.TF_SessionRunCallable(self._session._session,
[1;32m   1471[0m                                                [0mself[0m[0;34m.[0m[0m_handle[0m[0;34m,[0m [0margs[0m[0;34m,[0m[0;34m[0m[0;34m[0m[0m
[0;32m-> 1472[0;31m                                                run_metadata_ptr)
[0m[1;32m   1473[0m         [0;32mif[0m [0mrun_metadata[0m[0;34m:[0m[0;34m[0m[0;34m[0m[0m
[1;32m   1474[0m           [0mproto_data[0m [0;34m=[0m [0mtf_session[0m[0;34m.[0m[0mTF_GetBuffer[0m[0;34m([0m[0mrun_metadata_ptr[0m[0;34m)[0m[0;34m[0m[0;34m[0m[0m

[0;31mInvalidArgumentError[0m: input and filter must have the same depth: 40 vs 64
	 [[{{node conv2d_1/Relu}}]]
2020-02-28 17:18:32.200 [IPEngineApp] WARNING | No heartbeat in the last 3010 ms (1 time(s) in a row).
2020-02-28 18:33:32.868 [IPControllerApp] heartbeat::missed b'7ec3ddfb-b332586b33c6ffc14ae00cab' : 1
2020-02-28 18:33:33.416 [IPEngineApp] WARNING | No heartbeat in the last 3010 ms (1 time(s) in a row).
2020-02-28 18:34:15.808 [IPControllerApp] heartbeat::missed b'ec4d792e-826337a337419341a306cdd9' : 1
2020-02-28 18:33:36.426 [IPEngineApp] WARNING | No heartbeat in the last 3010 ms (2 time(s) in a row).
2020-02-28 18:34:15.810 [IPControllerApp] heartbeat::missed b'c4bf5f74-a9431a8b9d667dbdc72e502e' : 1
2020-02-28 18:33:39.435 [IPEngineApp] WARNING | No heartbeat in the last 3010 ms (3 time(s) in a row).
2020-02-28 18:34:15.810 [IPControllerApp] heartbeat::missed b'2d9b369e-70abd08d3184473392e13bfe' : 1
2020-02-28 18:33:42.445 [IPEngineApp] WARNING | No heartbeat in the last 3010 ms (4 time(s) in a row).
2020-02-28 18:33:45.456 [IPEngineApp] WARNING | No heartbeat in the last 3010 ms (5 time(s) in a row).
2020-02-28 18:33:48.466 [IPEngineApp] WARNING | No heartbeat in the last 3010 ms (6 time(s) in a row).
2020-02-28 18:33:51.475 [IPEngineApp] WARNING | No heartbeat in the last 3010 ms (7 time(s) in a row).
2020-02-28 18:33:54.486 [IPEngineApp] WARNING | No heartbeat in the last 3010 ms (8 time(s) in a row).
2020-02-28 18:33:57.496 [IPEngineApp] WARNING | No heartbeat in the last 3010 ms (9 time(s) in a row).
2020-02-28 18:34:00.506 [IPEngineApp] WARNING | No heartbeat in the last 3010 ms (10 time(s) in a row).
2020-02-28 18:34:03.516 [IPEngineApp] WARNING | No heartbeat in the last 3010 ms (11 time(s) in a row).
2020-02-28 18:34:06.525 [IPEngineApp] WARNING | No heartbeat in the last 3010 ms (12 time(s) in a row).
2020-02-28 18:34:09.536 [IPEngineApp] WARNING | No heartbeat in the last 3010 ms (13 time(s) in a row).
2020-02-28 18:34:12.545 [IPEngineApp] WARNING | No heartbeat in the last 3010 ms (14 time(s) in a row).
2020-02-28 18:34:15.555 [IPEngineApp] WARNING | No heartbeat in the last 3010 ms (15 time(s) in a row).
2020-02-28 18:34:17.867 [IPControllerApp] heartbeat::missed b'7ec3ddfb-b332586b33c6ffc14ae00cab' : 2
2020-02-28 18:34:17.867 [IPControllerApp] heartbeat::missed b'ec4d792e-826337a337419341a306cdd9' : 2
2020-02-28 18:34:17.867 [IPControllerApp] heartbeat::missed b'c4bf5f74-a9431a8b9d667dbdc72e502e' : 2
2020-02-28 18:34:17.867 [IPControllerApp] heartbeat::missed b'2d9b369e-70abd08d3184473392e13bfe' : 2
2020-02-28 18:34:20.868 [IPControllerApp] heartbeat::missed b'7ec3ddfb-b332586b33c6ffc14ae00cab' : 3
2020-02-28 18:34:20.868 [IPControllerApp] heartbeat::missed b'ec4d792e-826337a337419341a306cdd9' : 3
2020-02-28 18:34:20.869 [IPControllerApp] heartbeat::missed b'c4bf5f74-a9431a8b9d667dbdc72e502e' : 3
2020-02-28 18:34:20.869 [IPControllerApp] heartbeat::missed b'2d9b369e-70abd08d3184473392e13bfe' : 3
2020-02-28 18:34:23.868 [IPControllerApp] heartbeat::missed b'7ec3ddfb-b332586b33c6ffc14ae00cab' : 4
2020-02-28 18:34:23.868 [IPControllerApp] heartbeat::missed b'ec4d792e-826337a337419341a306cdd9' : 4
2020-02-28 18:34:23.868 [IPControllerApp] heartbeat::missed b'c4bf5f74-a9431a8b9d667dbdc72e502e' : 4
2020-02-28 18:34:23.868 [IPControllerApp] heartbeat::missed b'2d9b369e-70abd08d3184473392e13bfe' : 4
2020-02-28 18:34:24.511 [IPControllerApp] WARNING | heartbeat::got bad heartbeat (possibly old?): b'5040.00387096405' (current=5094.003)
2020-02-28 18:34:24.512 [IPControllerApp] WARNING | heartbeat::got bad heartbeat (possibly old?): b'5040.00387096405' (current=5094.003)
2020-02-28 18:34:24.512 [IPControllerApp] WARNING | heartbeat::got bad heartbeat (possibly old?): b'5040.00387096405' (current=5094.003)
2020-02-28 18:34:24.512 [IPControllerApp] WARNING | heartbeat::got bad heartbeat (possibly old?): b'5040.00387096405' (current=5094.003)
2020-02-28 18:34:24.512 [IPControllerApp] WARNING | heartbeat::got bad heartbeat (possibly old?): b'5043.003567457199' (current=5094.003)
2020-02-28 18:34:24.513 [IPControllerApp] WARNING | heartbeat::got bad heartbeat (possibly old?): b'5043.003567457199' (current=5094.003)
2020-02-28 18:34:24.513 [IPControllerApp] WARNING | heartbeat::got bad heartbeat (possibly old?): b'5043.003567457199' (current=5094.003)
2020-02-28 18:34:24.513 [IPControllerApp] WARNING | heartbeat::got bad heartbeat (possibly old?): b'5043.003567457199' (current=5094.003)
2020-02-28 18:34:24.513 [IPControllerApp] WARNING | heartbeat::got bad heartbeat (possibly old?): b'5088.002929925919' (current=5094.003)
2020-02-28 18:34:24.514 [IPControllerApp] WARNING | heartbeat::got bad heartbeat (possibly old?): b'5088.002929925919' (current=5094.003)
2020-02-28 18:34:24.514 [IPControllerApp] WARNING | heartbeat::got bad heartbeat (possibly old?): b'5088.002929925919' (current=5094.003)
2020-02-28 18:34:24.514 [IPControllerApp] WARNING | heartbeat::got bad heartbeat (possibly old?): b'5088.002929925919' (current=5094.003)
2020-02-28 18:34:24.514 [IPControllerApp] WARNING | heartbeat::heart b'7ec3ddfb-b332586b33c6ffc14ae00cab' missed a beat, and took 3646.09 ms to respond
2020-02-28 18:34:24.515 [IPControllerApp] WARNING | heartbeat::heart b'ec4d792e-826337a337419341a306cdd9' missed a beat, and took 3646.40 ms to respond
2020-02-28 18:34:24.515 [IPControllerApp] WARNING | heartbeat::heart b'c4bf5f74-a9431a8b9d667dbdc72e502e' missed a beat, and took 3646.59 ms to respond
2020-02-28 18:34:24.515 [IPControllerApp] WARNING | heartbeat::heart b'2d9b369e-70abd08d3184473392e13bfe' missed a beat, and took 3646.81 ms to respond
2020-02-28 18:33:32.173 [IPEngineApp] WARNING | No heartbeat in the last 3010 ms (1 time(s) in a row).
2020-02-28 18:33:35.183 [IPEngineApp] WARNING | No heartbeat in the last 3010 ms (2 time(s) in a row).
2020-02-28 18:33:38.192 [IPEngineApp] WARNING | No heartbeat in the last 3010 ms (3 time(s) in a row).
2020-02-28 18:33:41.203 [IPEngineApp] WARNING | No heartbeat in the last 3010 ms (4 time(s) in a row).
2020-02-28 18:33:44.213 [IPEngineApp] WARNING | No heartbeat in the last 3010 ms (5 time(s) in a row).
2020-02-28 18:33:47.222 [IPEngineApp] WARNING | No heartbeat in the last 3010 ms (6 time(s) in a row).
2020-02-28 18:33:50.233 [IPEngineApp] WARNING | No heartbeat in the last 3010 ms (7 time(s) in a row).
2020-02-28 18:33:53.243 [IPEngineApp] WARNING | No heartbeat in the last 3010 ms (8 time(s) in a row).
2020-02-28 18:33:56.253 [IPEngineApp] WARNING | No heartbeat in the last 3010 ms (9 time(s) in a row).
2020-02-28 18:33:59.263 [IPEngineApp] WARNING | No heartbeat in the last 3010 ms (10 time(s) in a row).
2020-02-28 18:34:02.273 [IPEngineApp] WARNING | No heartbeat in the last 3010 ms (11 time(s) in a row).
2020-02-28 18:34:05.283 [IPEngineApp] WARNING | No heartbeat in the last 3010 ms (12 time(s) in a row).
2020-02-28 18:34:08.293 [IPEngineApp] WARNING | No heartbeat in the last 3010 ms (13 time(s) in a row).
2020-02-28 18:34:11.303 [IPEngineApp] WARNING | No heartbeat in the last 3010 ms (14 time(s) in a row).
2020-02-28 18:34:14.313 [IPEngineApp] WARNING | No heartbeat in the last 3010 ms (15 time(s) in a row).
2020-02-28 18:34:17.322 [IPEngineApp] WARNING | No heartbeat in the last 3010 ms (16 time(s) in a row).
2020-02-28 18:34:20.333 [IPEngineApp] WARNING | No heartbeat in the last 3010 ms (17 time(s) in a row).
2020-02-28 18:34:23.343 [IPEngineApp] WARNING | No heartbeat in the last 3010 ms (18 time(s) in a row).
2020-02-28 18:33:32.152 [IPEngineApp] WARNING | No heartbeat in the last 3010 ms (1 time(s) in a row).
2020-02-28 18:33:35.162 [IPEngineApp] WARNING | No heartbeat in the last 3010 ms (2 time(s) in a row).
2020-02-28 18:33:38.171 [IPEngineApp] WARNING | No heartbeat in the last 3010 ms (3 time(s) in a row).
2020-02-28 18:33:41.181 [IPEngineApp] WARNING | No heartbeat in the last 3010 ms (4 time(s) in a row).
2020-02-28 18:33:44.192 [IPEngineApp] WARNING | No heartbeat in the last 3010 ms (5 time(s) in a row).
2020-02-28 18:33:47.201 [IPEngineApp] WARNING | No heartbeat in the last 3010 ms (6 time(s) in a row).
2020-02-28 18:33:50.212 [IPEngineApp] WARNING | No heartbeat in the last 3010 ms (7 time(s) in a row).
2020-02-28 18:33:53.222 [IPEngineApp] WARNING | No heartbeat in the last 3010 ms (8 time(s) in a row).
2020-02-28 18:33:56.231 [IPEngineApp] WARNING | No heartbeat in the last 3010 ms (9 time(s) in a row).
2020-02-28 18:33:59.242 [IPEngineApp] WARNING | No heartbeat in the last 3010 ms (10 time(s) in a row).
2020-02-28 18:34:02.252 [IPEngineApp] WARNING | No heartbeat in the last 3010 ms (11 time(s) in a row).
2020-02-28 18:34:05.261 [IPEngineApp] WARNING | No heartbeat in the last 3010 ms (12 time(s) in a row).
2020-02-28 18:34:08.271 [IPEngineApp] WARNING | No heartbeat in the last 3010 ms (13 time(s) in a row).
2020-02-28 18:34:11.282 [IPEngineApp] WARNING | No heartbeat in the last 3010 ms (14 time(s) in a row).
2020-02-28 18:34:14.292 [IPEngineApp] WARNING | No heartbeat in the last 3010 ms (15 time(s) in a row).
2020-02-28 18:34:17.301 [IPEngineApp] WARNING | No heartbeat in the last 3010 ms (16 time(s) in a row).
2020-02-28 18:34:20.312 [IPEngineApp] WARNING | No heartbeat in the last 3010 ms (17 time(s) in a row).
2020-02-28 18:34:23.322 [IPEngineApp] WARNING | No heartbeat in the last 3010 ms (18 time(s) in a row).
2020-02-28 20:25:03.304 [IPControllerApp] task::task '99eb1193-cf4183db7733c6ed6d25a9d7' finished on 4
2020-02-28 20:25:03.424 [IPEngineApp] WARNING | No heartbeat in the last 3010 ms (1 time(s) in a row).
2020-02-29 00:45:21.557 [IPControllerApp] task::task '1a61199a-7c3cf2e4586eb071351c7020' finished on 1
slurmstepd: error: *** STEP 28417783.0 ON nid02206 CANCELLED AT 2020-02-29T01:09:25 DUE TO TIME LIMIT ***
srun: Job step aborted: Waiting up to 32 seconds for job step to finish.
srun: got SIGCONT
srun: forcing job termination
2020-02-29 01:09:25.524 [IPControllerApp] CRITICAL | Received signal 15, shutting down
2020-02-29 01:09:25.524 [IPControllerApp] CRITICAL | terminating children...
