[+] ------START TIME (ST): Thu Feb 27 21:06:55 PST 2020------
Start cluster...
Launching controller
2020-02-27 21:07:06.272 [IPControllerApp] Hub listening on tcp://10.128.4.119:41579 for registration.
2020-02-27 21:07:06.273 [IPControllerApp] Hub using DB backend: 'DictDB'
2020-02-27 21:07:06.525 [IPControllerApp] hub::created hub
2020-02-27 21:07:06.525 [IPControllerApp] writing connection info to /global/u2/m/muszyng/.ipython/profile_default/security/ipcontroller-cori_28392663-client.json
2020-02-27 21:07:06.533 [IPControllerApp] writing connection info to /global/u2/m/muszyng/.ipython/profile_default/security/ipcontroller-cori_28392663-engine.json
2020-02-27 21:07:06.542 [IPControllerApp] task::using Python leastload Task scheduler
2020-02-27 21:07:06.542 [IPControllerApp] Heartmonitor started
2020-02-27 21:07:06.571 [IPControllerApp] Creating pid file: /global/u2/m/muszyng/.ipython/profile_default/pid/ipcontroller-cori_28392663.pid
2020-02-27 21:07:06.575 [scheduler] Scheduler started [leastload]
2020-02-27 21:07:06.576 [IPControllerApp] client::client b'\x00k\x8bEg' requested 'connection_request'
2020-02-27 21:07:06.577 [IPControllerApp] client::client [b'\x00k\x8bEg'] connected
Launching engines
2020-02-27 21:07:34.711 [IPEngineApp] Loading url_file '/global/u2/m/muszyng/.ipython/profile_default/security/ipcontroller-cori_28392663-engine.json'
2020-02-27 21:07:34.715 [IPEngineApp] Registering with controller at tcp://10.128.4.119:41579
2020-02-27 21:07:34.716 [IPControllerApp] client::client b'08f5ce9a-85e0fd801c5008add7319cfd' requested 'registration_request'
2020-02-27 21:07:34.781 [IPEngineApp] Starting to monitor the heartbeat signal from the hub every 3010 ms.
2020-02-27 21:07:34.791 [IPEngineApp] Completed registration with id 0
2020-02-27 21:07:35.584 [IPEngineApp] Loading url_file '/global/u2/m/muszyng/.ipython/profile_default/security/ipcontroller-cori_28392663-engine.json'
2020-02-27 21:07:35.588 [IPEngineApp] Registering with controller at tcp://10.128.4.119:41579
2020-02-27 21:07:35.590 [IPControllerApp] client::client b'68f1396e-262eb01f527fe720b54e341e' requested 'registration_request'
2020-02-27 21:07:35.654 [IPEngineApp] Starting to monitor the heartbeat signal from the hub every 3010 ms.
2020-02-27 21:07:35.672 [IPEngineApp] Loading url_file '/global/u2/m/muszyng/.ipython/profile_default/security/ipcontroller-cori_28392663-engine.json'
2020-02-27 21:07:35.677 [IPEngineApp] Registering with controller at tcp://10.128.4.119:41579
2020-02-27 21:07:35.679 [IPControllerApp] client::client b'518d8fd1-543272395dcc444ae34a2c82' requested 'registration_request'
2020-02-27 21:07:35.686 [IPEngineApp] Completed registration with id 1
2020-02-27 21:07:35.746 [IPEngineApp] Starting to monitor the heartbeat signal from the hub every 3010 ms.
2020-02-27 21:07:35.753 [IPEngineApp] Completed registration with id 2
2020-02-27 21:07:36.669 [IPEngineApp] Loading url_file '/global/u2/m/muszyng/.ipython/profile_default/security/ipcontroller-cori_28392663-engine.json'
2020-02-27 21:07:36.677 [IPEngineApp] Registering with controller at tcp://10.128.4.119:41579
2020-02-27 21:07:36.678 [IPControllerApp] client::client b'08db3da1-dc044bf36f74c33c83ba9c83' requested 'registration_request'
2020-02-27 21:07:36.769 [IPEngineApp] Starting to monitor the heartbeat signal from the hub every 3010 ms.
2020-02-27 21:07:36.784 [IPEngineApp] Completed registration with id 3
2020-02-27 21:07:39.546 [IPControllerApp] registration::finished registering engine 2:518d8fd1-543272395dcc444ae34a2c82
2020-02-27 21:07:39.546 [IPControllerApp] engine::Engine Connected: 2
2020-02-27 21:07:39.556 [IPControllerApp] registration::finished registering engine 1:68f1396e-262eb01f527fe720b54e341e
2020-02-27 21:07:39.556 [IPControllerApp] engine::Engine Connected: 1
2020-02-27 21:07:39.559 [IPControllerApp] registration::finished registering engine 0:08f5ce9a-85e0fd801c5008add7319cfd
2020-02-27 21:07:39.560 [IPControllerApp] engine::Engine Connected: 0
2020-02-27 21:07:42.546 [IPControllerApp] registration::finished registering engine 3:08db3da1-dc044bf36f74c33c83ba9c83
2020-02-27 21:07:42.547 [IPControllerApp] engine::Engine Connected: 3
2020-02-27 21:07:44.273 [IPEngineApp] Loading url_file '/global/u2/m/muszyng/.ipython/profile_default/security/ipcontroller-cori_28392663-engine.json'
2020-02-27 21:07:44.280 [IPControllerApp] client::client b'c8e0c673-4051cb160315949b5994da1b' requested 'registration_request'
2020-02-27 21:07:44.278 [IPEngineApp] Registering with controller at tcp://10.128.4.119:41579
2020-02-27 21:07:44.350 [IPEngineApp] Starting to monitor the heartbeat signal from the hub every 3010 ms.
2020-02-27 21:07:44.361 [IPEngineApp] Completed registration with id 4
2020-02-27 21:07:48.546 [IPControllerApp] registration::finished registering engine 4:c8e0c673-4051cb160315949b5994da1b
2020-02-27 21:07:48.546 [IPControllerApp] engine::Engine Connected: 4
2020-02-27 21:08:27.736 [IPControllerApp] client::client b'\x00k\x8bEh' requested 'connection_request'
2020-02-27 21:08:27.736 [IPControllerApp] client::client [b'\x00k\x8bEh'] connected
Model_B_0 1 201 20
Job id: 28392663; Cluster id: cori_28392663
Worker IDs: [0, 1, 2, 3, 4]
Original order  ['0_train_0_.h5', '0_train_1_.h5', '0_train_2_.h5', '0_train_3_.h5', '0_train_4_.h5', '0_train_5_.h5', '0_train_6_.h5', '0_train_7_.h5', '0_train_8_.h5', '0_train_9_.h5', '0_train_10_.h5', '0_train_11_.h5', '0_train_12_.h5', '0_train_13_.h5', '0_train_14_.h5', '0_train_15_.h5', '0_train_16_.h5', '0_train_17_.h5', '0_train_18_.h5', '0_train_19_.h5'] ['0_val_0_.h5', '0_val_1_.h5', '0_val_2_.h5', '0_val_3_.h5', '0_val_4_.h5', '0_val_5_.h5', '0_val_6_.h5', '0_val_7_.h5', '0_val_8_.h5', '0_val_9_.h5', '0_val_10_.h5', '0_val_11_.h5', '0_val_12_.h5', '0_val_13_.h5', '0_val_14_.h5', '0_val_15_.h5', '0_val_16_.h5', '0_val_17_.h5', '0_val_18_.h5', '0_val_19_.h5']
Shuffled files: ['0_train_5_.h5', '0_train_18_.h5', '0_train_4_.h5', '0_train_8_.h5', '0_train_14_.h5', '0_train_17_.h5', '0_train_3_.h5', '0_train_15_.h5', '0_train_19_.h5', '0_train_2_.h5', '0_train_9_.h5', '0_train_0_.h5', '0_train_12_.h5', '0_train_13_.h5', '0_train_11_.h5', '0_train_10_.h5', '0_train_6_.h5', '0_train_7_.h5', '0_train_16_.h5', '0_train_1_.h5'] ['0_val_17_.h5', '0_val_0_.h5', '0_val_10_.h5', '0_val_6_.h5', '0_val_1_.h5', '0_val_3_.h5', '0_val_5_.h5', '0_val_14_.h5', '0_val_13_.h5', '0_val_19_.h5', '0_val_18_.h5', '0_val_11_.h5', '0_val_15_.h5', '0_val_7_.h5', '0_val_4_.h5', '0_val_16_.h5', '0_val_2_.h5', '0_val_12_.h5', '0_val_9_.h5', '0_val_8_.h5']
/global/cscratch1/sd/muszyng/cnn_model_runs/regression/Model_B/Model_B_0/28392663
['ihp', 'n_hpo_trials', 'n_convs_layers', 'conv_sizes', 'n_fc_layers', 'fc_sizes', 'dropout', 'optimizer', 'lr', 'batch_sizes', 'n_epochs', 'repeats_conv', 'recep_fields', 'checkpoint_dir']
Hyperparameter trial 0 conv [ 64 128 256 512] fc [256 128  64] dropout 0.1082 opt Adam, lr 0.0000, batch sizes 128
Checkpoint file: /global/cscratch1/sd/muszyng/cnn_model_runs/regression/Model_B/Model_B_0/28392663/model_0.h5
Hyperparameter trial 1 conv [ 64 128 256 512] fc [256 128  64] dropout 0.1403 opt Adam, lr 0.0000, batch sizes 32
Checkpoint file: /global/cscratch1/sd/muszyng/cnn_model_runs/regression/Model_B/Model_B_0/28392663/model_1.h5
Hyperparameter trial 2 conv [ 64 128 256 512] fc [256 128  64] dropout 0.1378 opt Adam, lr 0.0000, batch sizes 64
Checkpoint file: /global/cscratch1/sd/muszyng/cnn_model_runs/regression/Model_B/Model_B_0/28392663/model_2.h5
Hyperparameter trial 3 conv [ 64 128 256 512] fc [256 128  64] dropout 0.1046 opt Adam, lr 0.0000, batch sizes 256
Checkpoint file: /global/cscratch1/sd/muszyng/cnn_model_runs/regression/Model_B/Model_B_0/28392663/model_3.h5
Hyperparameter trial 4 conv [ 64 128 256 512] fc [256 128  64] dropout 0.1151 opt Adam, lr 0.0000, batch sizes 64
Checkpoint file: /global/cscratch1/sd/muszyng/cnn_model_runs/regression/Model_B/Model_B_0/28392663/model_4.h5
2020-02-27 21:08:27.788 [IPControllerApp] task::task '276931c0-9da7cfc4b044e18efc9fcb40' arrived on 4
2020-02-27 21:08:27.789 [IPControllerApp] task::task '7499b497-73f15c9d84f8436147d248a9' arrived on 3
2020-02-27 21:08:27.792 [IPControllerApp] task::task 'a3553527-02690244db0bc85da9ba5d93' arrived on 0
2020-02-27 21:08:27.794 [IPControllerApp] task::task '5a2c98e2-c42d1e5110368da6cbb0b7cd' arrived on 1
2020-02-27 21:08:27.795 [IPControllerApp] task::task 'c37eedf2-344bd413e648ed92883e79ee' arrived on 2
WARNING:tensorflow:From test_ipyparallel.py:101: The name tf.keras.backend.set_session is deprecated. Please use tf.compat.v1.keras.backend.set_session instead.

WARNING:tensorflow:From /global/u2/m/muszyng/project-cnn-tda/cnn-project/my_project/new_project_mid_lat/code_for_paper/project/Model_B/Model_B_regres/mlextras.py:39: The name tf.ConfigProto is deprecated. Please use tf.compat.v1.ConfigProto instead.

WARNING:tensorflow:From /global/u2/m/muszyng/project-cnn-tda/cnn-project/my_project/new_project_mid_lat/code_for_paper/project/Model_B/Model_B_regres/mlextras.py:43: The name tf.Session is deprecated. Please use tf.compat.v1.Session instead.

2020-02-27 21:08:32.917198: I tensorflow/core/platform/cpu_feature_guard.cc:145] This TensorFlow binary is optimized with Intel(R) MKL-DNN to use the following CPU instructions in performance critical operations:  SSE4.1 SSE4.2 AVX AVX2 FMA
To enable them in non-MKL-DNN operations, rebuild TensorFlow with the appropriate compiler flags.
2020-02-27 21:08:32.939410: I tensorflow/core/platform/profile_utils/cpu_utils.cc:94] CPU Frequency: 2300030000 Hz
2020-02-27 21:08:32.941240: I tensorflow/compiler/xla/service/service.cc:168] XLA service 0x555558df4960 initialized for platform Host (this does not guarantee that XLA will be used). Devices:
2020-02-27 21:08:32.941253: I tensorflow/compiler/xla/service/service.cc:176]   StreamExecutor device (0): Host, Default Version
WARNING:tensorflow:From /usr/common/software/tensorflow/intel-tensorflow/1.15.0-py37/lib/python3.7/site-packages/tensorflow_core/python/ops/resource_variable_ops.py:1630: calling BaseResourceVariable.__init__ (from tensorflow.python.ops.resource_variable_ops) with constraint is deprecated and will be removed in a future version.
Instructions for updating:
If using Keras pass *_constraint arguments to layers.
WARNING:tensorflow:From test_ipyparallel.py:101: The name tf.keras.backend.set_session is deprecated. Please use tf.compat.v1.keras.backend.set_session instead.

WARNING:tensorflow:From /global/u2/m/muszyng/project-cnn-tda/cnn-project/my_project/new_project_mid_lat/code_for_paper/project/Model_B/Model_B_regres/mlextras.py:39: The name tf.ConfigProto is deprecated. Please use tf.compat.v1.ConfigProto instead.

WARNING:tensorflow:From /global/u2/m/muszyng/project-cnn-tda/cnn-project/my_project/new_project_mid_lat/code_for_paper/project/Model_B/Model_B_regres/mlextras.py:43: The name tf.Session is deprecated. Please use tf.compat.v1.Session instead.

2020-02-27 21:08:33.121317: I tensorflow/core/platform/cpu_feature_guard.cc:145] This TensorFlow binary is optimized with Intel(R) MKL-DNN to use the following CPU instructions in performance critical operations:  SSE4.1 SSE4.2 AVX AVX2 FMA
To enable them in non-MKL-DNN operations, rebuild TensorFlow with the appropriate compiler flags.
2020-02-27 21:08:33.143281: I tensorflow/core/platform/profile_utils/cpu_utils.cc:94] CPU Frequency: 2300075000 Hz
2020-02-27 21:08:33.144957: I tensorflow/compiler/xla/service/service.cc:168] XLA service 0x555558df4d00 initialized for platform Host (this does not guarantee that XLA will be used). Devices:
2020-02-27 21:08:33.144976: I tensorflow/compiler/xla/service/service.cc:176]   StreamExecutor device (0): Host, Default Version
WARNING:tensorflow:From /usr/common/software/tensorflow/intel-tensorflow/1.15.0-py37/lib/python3.7/site-packages/tensorflow_core/python/ops/resource_variable_ops.py:1630: calling BaseResourceVariable.__init__ (from tensorflow.python.ops.resource_variable_ops) with constraint is deprecated and will be removed in a future version.
Instructions for updating:
If using Keras pass *_constraint arguments to layers.
WARNING:tensorflow:From test_ipyparallel.py:101: The name tf.keras.backend.set_session is deprecated. Please use tf.compat.v1.keras.backend.set_session instead.

WARNING:tensorflow:From /global/u2/m/muszyng/project-cnn-tda/cnn-project/my_project/new_project_mid_lat/code_for_paper/project/Model_B/Model_B_regres/mlextras.py:39: The name tf.ConfigProto is deprecated. Please use tf.compat.v1.ConfigProto instead.

WARNING:tensorflow:From /global/u2/m/muszyng/project-cnn-tda/cnn-project/my_project/new_project_mid_lat/code_for_paper/project/Model_B/Model_B_regres/mlextras.py:43: The name tf.Session is deprecated. Please use tf.compat.v1.Session instead.

2020-02-27 21:08:33.162223: I tensorflow/core/platform/cpu_feature_guard.cc:145] This TensorFlow binary is optimized with Intel(R) MKL-DNN to use the following CPU instructions in performance critical operations:  SSE4.1 SSE4.2 AVX AVX2 FMA
To enable them in non-MKL-DNN operations, rebuild TensorFlow with the appropriate compiler flags.
2020-02-27 21:08:33.185891: I tensorflow/core/platform/profile_utils/cpu_utils.cc:94] CPU Frequency: 2300105000 Hz
2020-02-27 21:08:33.187710: I tensorflow/compiler/xla/service/service.cc:168] XLA service 0x555558deb0f0 initialized for platform Host (this does not guarantee that XLA will be used). Devices:
2020-02-27 21:08:33.187728: I tensorflow/compiler/xla/service/service.cc:176]   StreamExecutor device (0): Host, Default Version
WARNING:tensorflow:From /usr/common/software/tensorflow/intel-tensorflow/1.15.0-py37/lib/python3.7/site-packages/tensorflow_core/python/ops/resource_variable_ops.py:1630: calling BaseResourceVariable.__init__ (from tensorflow.python.ops.resource_variable_ops) with constraint is deprecated and will be removed in a future version.
Instructions for updating:
If using Keras pass *_constraint arguments to layers.
WARNING:tensorflow:`epsilon` argument is deprecated and will be removed, use `min_delta` instead.
WARNING:tensorflow:`period` argument is deprecated. Please use `save_freq` to specify the frequency in number of samples seen.
WARNING:tensorflow:`epsilon` argument is deprecated and will be removed, use `min_delta` instead.
WARNING:tensorflow:`period` argument is deprecated. Please use `save_freq` to specify the frequency in number of samples seen.
WARNING:tensorflow:`epsilon` argument is deprecated and will be removed, use `min_delta` instead.
WARNING:tensorflow:`period` argument is deprecated. Please use `save_freq` to specify the frequency in number of samples seen.
WARNING:tensorflow:From test_ipyparallel.py:101: The name tf.keras.backend.set_session is deprecated. Please use tf.compat.v1.keras.backend.set_session instead.

WARNING:tensorflow:From /global/u2/m/muszyng/project-cnn-tda/cnn-project/my_project/new_project_mid_lat/code_for_paper/project/Model_B/Model_B_regres/mlextras.py:39: The name tf.ConfigProto is deprecated. Please use tf.compat.v1.ConfigProto instead.

WARNING:tensorflow:From /global/u2/m/muszyng/project-cnn-tda/cnn-project/my_project/new_project_mid_lat/code_for_paper/project/Model_B/Model_B_regres/mlextras.py:43: The name tf.Session is deprecated. Please use tf.compat.v1.Session instead.

2020-02-27 21:08:34.114878: I tensorflow/core/platform/cpu_feature_guard.cc:145] This TensorFlow binary is optimized with Intel(R) MKL-DNN to use the following CPU instructions in performance critical operations:  SSE4.1 SSE4.2 AVX AVX2 FMA
To enable them in non-MKL-DNN operations, rebuild TensorFlow with the appropriate compiler flags.
2020-02-27 21:08:34.139213: I tensorflow/core/platform/profile_utils/cpu_utils.cc:94] CPU Frequency: 2300115000 Hz
2020-02-27 21:08:34.141006: I tensorflow/compiler/xla/service/service.cc:168] XLA service 0x555558deb0f0 initialized for platform Host (this does not guarantee that XLA will be used). Devices:
2020-02-27 21:08:34.141020: I tensorflow/compiler/xla/service/service.cc:176]   StreamExecutor device (0): Host, Default Version
WARNING:tensorflow:From /usr/common/software/tensorflow/intel-tensorflow/1.15.0-py37/lib/python3.7/site-packages/tensorflow_core/python/ops/resource_variable_ops.py:1630: calling BaseResourceVariable.__init__ (from tensorflow.python.ops.resource_variable_ops) with constraint is deprecated and will be removed in a future version.
Instructions for updating:
If using Keras pass *_constraint arguments to layers.
WARNING:tensorflow:`epsilon` argument is deprecated and will be removed, use `min_delta` instead.
WARNING:tensorflow:`period` argument is deprecated. Please use `save_freq` to specify the frequency in number of samples seen.
WARNING:tensorflow:From test_ipyparallel.py:101: The name tf.keras.backend.set_session is deprecated. Please use tf.compat.v1.keras.backend.set_session instead.

WARNING:tensorflow:From /global/u2/m/muszyng/project-cnn-tda/cnn-project/my_project/new_project_mid_lat/code_for_paper/project/Model_B/Model_B_regres/mlextras.py:39: The name tf.ConfigProto is deprecated. Please use tf.compat.v1.ConfigProto instead.

WARNING:tensorflow:From /global/u2/m/muszyng/project-cnn-tda/cnn-project/my_project/new_project_mid_lat/code_for_paper/project/Model_B/Model_B_regres/mlextras.py:43: The name tf.Session is deprecated. Please use tf.compat.v1.Session instead.

2020-02-27 21:08:38.024157: I tensorflow/core/platform/cpu_feature_guard.cc:145] This TensorFlow binary is optimized with Intel(R) MKL-DNN to use the following CPU instructions in performance critical operations:  SSE4.1 SSE4.2 AVX AVX2 FMA
To enable them in non-MKL-DNN operations, rebuild TensorFlow with the appropriate compiler flags.
2020-02-27 21:08:38.053131: I tensorflow/core/platform/profile_utils/cpu_utils.cc:94] CPU Frequency: 2300030000 Hz
2020-02-27 21:08:38.055008: I tensorflow/compiler/xla/service/service.cc:168] XLA service 0x555558deb0f0 initialized for platform Host (this does not guarantee that XLA will be used). Devices:
2020-02-27 21:08:38.055022: I tensorflow/compiler/xla/service/service.cc:176]   StreamExecutor device (0): Host, Default Version
WARNING:tensorflow:From /usr/common/software/tensorflow/intel-tensorflow/1.15.0-py37/lib/python3.7/site-packages/tensorflow_core/python/ops/resource_variable_ops.py:1630: calling BaseResourceVariable.__init__ (from tensorflow.python.ops.resource_variable_ops) with constraint is deprecated and will be removed in a future version.
Instructions for updating:
If using Keras pass *_constraint arguments to layers.
WARNING:tensorflow:`epsilon` argument is deprecated and will be removed, use `min_delta` instead.
WARNING:tensorflow:`period` argument is deprecated. Please use `save_freq` to specify the frequency in number of samples seen.
2020-02-27 21:09:35.726 [IPEngineApp] Exception in apply request:
[0;31m---------------------------------------------------------------------------[0m
[0;31mInvalidArgumentError[0m                      Traceback (most recent call last)
[0;32m<string>[0m in [0;36m<module>[0;34m[0m

[0;32m/global/u2/m/muszyng/project-cnn-tda/cnn-project/my_project/new_project_mid_lat/code_for_paper/project/Model_B/Model_B_regres/test_ipyparallel.py[0m in [0;36mbuild_and_train[0;34m(input_dir, input_size, conv_sizes, fc_sizes, dropout, optimizer, lr, batch_size, n_epochs, repeats_conv, recep_field, checkpoint_dir, checkpoint_file, l_fnames_train, l_fnames_val, ihp, verbose)[0m
[1;32m    126[0m                               [0mcheckpoint_dir[0m[0;34m=[0m[0mcheckpoint_dir[0m[0;34m,[0m [0mcheckpoint_file[0m[0;34m=[0m[0mcheckpoint_file[0m[0;34m,[0m[0;34m[0m[0;34m[0m[0m
[1;32m    127[0m                               [0mdata_dir_path[0m[0;34m=[0m[0minput_dir[0m[0;34m[[0m[0;34m:[0m[0;34m-[0m[0;36m1[0m[0;34m][0m[0;34m,[0m[0;34m[0m[0;34m[0m[0m
[0;32m--> 128[0;31m                               l_fnames_train=l_fnames_train, l_fnames_val=l_fnames_val, ihp=ihp, verbose=verbose)
[0m[1;32m    129[0m [0;34m[0m[0m
[1;32m    130[0m         [0;31m#oldStdout = sys.stdout[0m[0;34m[0m[0;34m[0m[0;34m[0m[0m

[0;32m/global/u2/m/muszyng/project-cnn-tda/cnn-project/my_project/new_project_mid_lat/code_for_paper/project/Model_B/Model_B_regres/model_code.py[0m in [0;36mtrain_model[0;34m(model, batch_size, n_epochs, checkpoint_dir, checkpoint_file, data_dir_path, l_fnames_train, l_fnames_val, ihp, verbose, callbacks)[0m
[1;32m    610[0m                 [0mcallbacks[0m[0;34m=[0m[0mrpv_callbacks[0m[0;34m,[0m [0mshuffle[0m[0;34m=[0m[0;32mTrue[0m[0;34m,[0m[0;34m[0m[0;34m[0m[0m
[1;32m    611[0m                 [0mepochs[0m[0;34m=[0m[0mn_epochs[0m[0;34m,[0m[0;34m[0m[0;34m[0m[0m
[0;32m--> 612[0;31m                 verbose=1)
[0m[1;32m    613[0m [0;34m[0m[0m
[1;32m    614[0m     [0;32mreturn[0m [0mm[0m[0;34m[0m[0;34m[0m[0m

[0;32m/usr/common/software/tensorflow/intel-tensorflow/1.15.0-py37/lib/python3.7/site-packages/tensorflow_core/python/keras/engine/training.py[0m in [0;36mfit_generator[0;34m(self, generator, steps_per_epoch, epochs, verbose, callbacks, validation_data, validation_steps, validation_freq, class_weight, max_queue_size, workers, use_multiprocessing, shuffle, initial_epoch)[0m
[1;32m   1294[0m         [0mshuffle[0m[0;34m=[0m[0mshuffle[0m[0;34m,[0m[0;34m[0m[0;34m[0m[0m
[1;32m   1295[0m         [0minitial_epoch[0m[0;34m=[0m[0minitial_epoch[0m[0;34m,[0m[0;34m[0m[0;34m[0m[0m
[0;32m-> 1296[0;31m         steps_name='steps_per_epoch')
[0m[1;32m   1297[0m [0;34m[0m[0m
[1;32m   1298[0m   def evaluate_generator(self,

[0;32m/usr/common/software/tensorflow/intel-tensorflow/1.15.0-py37/lib/python3.7/site-packages/tensorflow_core/python/keras/engine/training_generator.py[0m in [0;36mmodel_iteration[0;34m(model, data, steps_per_epoch, epochs, verbose, callbacks, validation_data, validation_steps, validation_freq, class_weight, max_queue_size, workers, use_multiprocessing, shuffle, initial_epoch, mode, batch_size, steps_name, **kwargs)[0m
[1;32m    263[0m [0;34m[0m[0m
[1;32m    264[0m       [0mis_deferred[0m [0;34m=[0m [0;32mnot[0m [0mmodel[0m[0;34m.[0m[0m_is_compiled[0m[0;34m[0m[0;34m[0m[0m
[0;32m--> 265[0;31m       [0mbatch_outs[0m [0;34m=[0m [0mbatch_function[0m[0;34m([0m[0;34m*[0m[0mbatch_data[0m[0;34m)[0m[0;34m[0m[0;34m[0m[0m
[0m[1;32m    266[0m       [0;32mif[0m [0;32mnot[0m [0misinstance[0m[0;34m([0m[0mbatch_outs[0m[0;34m,[0m [0mlist[0m[0;34m)[0m[0;34m:[0m[0;34m[0m[0;34m[0m[0m
[1;32m    267[0m         [0mbatch_outs[0m [0;34m=[0m [0;34m[[0m[0mbatch_outs[0m[0;34m][0m[0;34m[0m[0;34m[0m[0m

[0;32m/usr/common/software/tensorflow/intel-tensorflow/1.15.0-py37/lib/python3.7/site-packages/tensorflow_core/python/keras/engine/training.py[0m in [0;36mtrain_on_batch[0;34m(self, x, y, sample_weight, class_weight, reset_metrics)[0m
[1;32m   1015[0m       [0mself[0m[0;34m.[0m[0m_update_sample_weight_modes[0m[0;34m([0m[0msample_weights[0m[0;34m=[0m[0msample_weights[0m[0;34m)[0m[0;34m[0m[0;34m[0m[0m
[1;32m   1016[0m       [0mself[0m[0;34m.[0m[0m_make_train_function[0m[0;34m([0m[0;34m)[0m[0;34m[0m[0;34m[0m[0m
2020-02-27 21:09:35.730 [IPControllerApp] task::task 'c37eedf2-344bd413e648ed92883e79ee' finished on 2
[0;32m-> 1017[0;31m       [0moutputs[0m [0;34m=[0m [0mself[0m[0;34m.[0m[0mtrain_function[0m[0;34m([0m[0mins[0m[0;34m)[0m  [0;31m# pylint: disable=not-callable[0m[0;34m[0m[0;34m[0m[0m
[0m[1;32m   1018[0m [0;34m[0m[0m
[1;32m   1019[0m     [0;32mif[0m [0mreset_metrics[0m[0;34m:[0m[0;34m[0m[0;34m[0m[0m

[0;32m/usr/common/software/tensorflow/intel-tensorflow/1.15.0-py37/lib/python3.7/site-packages/tensorflow_core/python/keras/backend.py[0m in [0;36m__call__[0;34m(self, inputs)[0m
[1;32m   3474[0m [0;34m[0m[0m
[1;32m   3475[0m     fetched = self._callable_fn(*array_vals,
[0;32m-> 3476[0;31m                                 run_metadata=self.run_metadata)
[0m[1;32m   3477[0m     [0mself[0m[0;34m.[0m[0m_call_fetch_callbacks[0m[0;34m([0m[0mfetched[0m[0;34m[[0m[0;34m-[0m[0mlen[0m[0;34m([0m[0mself[0m[0;34m.[0m[0m_fetches[0m[0;34m)[0m[0;34m:[0m[0;34m][0m[0;34m)[0m[0;34m[0m[0;34m[0m[0m
[1;32m   3478[0m     output_structure = nest.pack_sequence_as(

[0;32m/usr/common/software/tensorflow/intel-tensorflow/1.15.0-py37/lib/python3.7/site-packages/tensorflow_core/python/client/session.py[0m in [0;36m__call__[0;34m(self, *args, **kwargs)[0m
[1;32m   1470[0m         ret = tf_session.TF_SessionRunCallable(self._session._session,
[1;32m   1471[0m                                                [0mself[0m[0;34m.[0m[0m_handle[0m[0;34m,[0m [0margs[0m[0;34m,[0m[0;34m[0m[0;34m[0m[0m
[0;32m-> 1472[0;31m                                                run_metadata_ptr)
[0m[1;32m   1473[0m         [0;32mif[0m [0mrun_metadata[0m[0;34m:[0m[0;34m[0m[0;34m[0m[0m
[1;32m   1474[0m           [0mproto_data[0m [0;34m=[0m [0mtf_session[0m[0;34m.[0m[0mTF_GetBuffer[0m[0;34m([0m[0mrun_metadata_ptr[0m[0;34m)[0m[0;34m[0m[0;34m[0m[0m

[0;31mInvalidArgumentError[0m: input and filter must have the same depth: 40 vs 64
	 [[{{node conv2d_1/Relu}}]]
2020-02-27 21:09:36.146 [IPEngineApp] WARNING | No heartbeat in the last 3010 ms (1 time(s) in a row).
2020-02-27 21:09:52.836 [IPEngineApp] Exception in apply request:
[0;31m---------------------------------------------------------------------------[0m
[0;31mInvalidArgumentError[0m                      Traceback (most recent call last)
[0;32m<string>[0m in [0;36m<module>[0;34m[0m

[0;32m/global/u2/m/muszyng/project-cnn-tda/cnn-project/my_project/new_project_mid_lat/code_for_paper/project/Model_B/Model_B_regres/test_ipyparallel.py[0m in [0;36mbuild_and_train[0;34m(input_dir, input_size, conv_sizes, fc_sizes, dropout, optimizer, lr, batch_size, n_epochs, repeats_conv, recep_field, checkpoint_dir, checkpoint_file, l_fnames_train, l_fnames_val, ihp, verbose)[0m
[1;32m    126[0m                               [0mcheckpoint_dir[0m[0;34m=[0m[0mcheckpoint_dir[0m[0;34m,[0m [0mcheckpoint_file[0m[0;34m=[0m[0mcheckpoint_file[0m[0;34m,[0m[0;34m[0m[0;34m[0m[0m
[1;32m    127[0m                               [0mdata_dir_path[0m[0;34m=[0m[0minput_dir[0m[0;34m[[0m[0;34m:[0m[0;34m-[0m[0;36m1[0m[0;34m][0m[0;34m,[0m[0;34m[0m[0;34m[0m[0m
[0;32m--> 128[0;31m                               l_fnames_train=l_fnames_train, l_fnames_val=l_fnames_val, ihp=ihp, verbose=verbose)
[0m[1;32m    129[0m [0;34m[0m[0m
[1;32m    130[0m         [0;31m#oldStdout = sys.stdout[0m[0;34m[0m[0;34m[0m[0;34m[0m[0m

[0;32m/global/u2/m/muszyng/project-cnn-tda/cnn-project/my_project/new_project_mid_lat/code_for_paper/project/Model_B/Model_B_regres/model_code.py[0m in [0;36mtrain_model[0;34m(model, batch_size, n_epochs, checkpoint_dir, checkpoint_file, data_dir_path, l_fnames_train, l_fnames_val, ihp, verbose, callbacks)[0m
[1;32m    610[0m                 [0mcallbacks[0m[0;34m=[0m[0mrpv_callbacks[0m[0;34m,[0m [0mshuffle[0m[0;34m=[0m[0;32mTrue[0m[0;34m,[0m[0;34m[0m[0;34m[0m[0m
[1;32m    611[0m                 [0mepochs[0m[0;34m=[0m[0mn_epochs[0m[0;34m,[0m[0;34m[0m[0;34m[0m[0m
[0;32m--> 612[0;31m                 verbose=1)
[0m[1;32m    613[0m [0;34m[0m[0m
[1;32m    614[0m     [0;32mreturn[0m [0mm[0m[0;34m[0m[0;34m[0m[0m

[0;32m/usr/common/software/tensorflow/intel-tensorflow/1.15.0-py37/lib/python3.7/site-packages/tensorflow_core/python/keras/engine/training.py[0m in [0;36mfit_generator[0;34m(self, generator, steps_per_epoch, epochs, verbose, callbacks, validation_data, validation_steps, validation_freq, class_weight, max_queue_size, workers, use_multiprocessing, shuffle, initial_epoch)[0m
[1;32m   1294[0m         [0mshuffle[0m[0;34m=[0m[0mshuffle[0m[0;34m,[0m[0;34m[0m[0;34m[0m[0m
[1;32m   1295[0m         [0minitial_epoch[0m[0;34m=[0m[0minitial_epoch[0m[0;34m,[0m[0;34m[0m[0;34m[0m[0m
[0;32m-> 1296[0;31m         steps_name='steps_per_epoch')
[0m[1;32m   1297[0m [0;34m[0m[0m
[1;32m   1298[0m   def evaluate_generator(self,

[0;32m/usr/common/software/tensorflow/intel-tensorflow/1.15.0-py37/lib/python3.7/site-packages/tensorflow_core/python/keras/engine/training_generator.py[0m in [0;36mmodel_iteration[0;34m(model, data, steps_per_epoch, epochs, verbose, callbacks, validation_data, validation_steps, validation_freq, class_weight, max_queue_size, workers, use_multiprocessing, shuffle, initial_epoch, mode, batch_size, steps_name, **kwargs)[0m
[1;32m    263[0m [0;34m[0m[0m
[1;32m    264[0m       [0mis_deferred[0m [0;34m=[0m [0;32mnot[0m [0mmodel[0m[0;34m.[0m[0m_is_compiled[0m[0;34m[0m[0;34m[0m[0m
[0;32m--> 265[0;31m       [0mbatch_outs[0m [0;34m=[0m [0mbatch_function[0m[0;34m([0m[0;34m*[0m[0mbatch_data[0m[0;34m)[0m[0;34m[0m[0;34m[0m[0m
[0m[1;32m    266[0m       [0;32mif[0m [0;32mnot[0m [0misinstance[0m[0;34m([0m[0mbatch_outs[0m[0;34m,[0m [0mlist[0m[0;34m)[0m[0;34m:[0m[0;34m[0m[0;34m[0m[0m
[1;32m    267[0m         [0mbatch_outs[0m [0;34m=[0m [0;34m[[0m[0mbatch_outs[0m[0;34m][0m[0;34m[0m[0;34m[0m[0m

[0;32m/usr/common/software/tensorflow/intel-tensorflow/1.15.0-py37/lib/python3.7/site-packages/tensorflow_core/python/keras/engine/training.py[0m in [0;36mtrain_on_batch[0;34m(self, x, y, sample_weight, class_weight, reset_metrics)[0m
[1;32m   1015[0m       [0mself[0m[0;34m.[0m[0m_update_sample_weight_modes[0m[0;34m([0m[0msample_weights[0m[0;34m=[0m[0msample_weights[0m[0;34m)[0m[0;34m[0m[0;34m[0m[0m
[1;32m   1016[0m       [0mself[0m[0;34m.[0m[0m_make_train_function[0m[0;34m([0m[0;34m)[0m[0;34m[0m[0;34m[0m[0m
[0;32m-> 1017[0;31m       [0moutputs[0m [0;34m=[0m [0mself[0m[0;34m.[0m[0mtrain_function[0m[0;34m([0m[0mins[0m[0;34m)[0m  [0;31m# pylint: disable=not-callable[0m[0;34m[0m[0;34m[0m[0m
[0m[1;32m   1018[0m [0;34m[0m[0m
2020-02-27 21:09:52.839 [IPControllerApp] task::task '7499b497-73f15c9d84f8436147d248a9' finished on 3
[1;32m   1019[0m     [0;32mif[0m [0mreset_metrics[0m[0;34m:[0m[0;34m[0m[0;34m[0m[0m

[0;32m/usr/common/software/tensorflow/intel-tensorflow/1.15.0-py37/lib/python3.7/site-packages/tensorflow_core/python/keras/backend.py[0m in [0;36m__call__[0;34m(self, inputs)[0m
[1;32m   3474[0m [0;34m[0m[0m
[1;32m   3475[0m     fetched = self._callable_fn(*array_vals,
[0;32m-> 3476[0;31m                                 run_metadata=self.run_metadata)
[0m[1;32m   3477[0m     [0mself[0m[0;34m.[0m[0m_call_fetch_callbacks[0m[0;34m([0m[0mfetched[0m[0;34m[[0m[0;34m-[0m[0mlen[0m[0;34m([0m[0mself[0m[0;34m.[0m[0m_fetches[0m[0;34m)[0m[0;34m:[0m[0;34m][0m[0;34m)[0m[0;34m[0m[0;34m[0m[0m
[1;32m   3478[0m     output_structure = nest.pack_sequence_as(

[0;32m/usr/common/software/tensorflow/intel-tensorflow/1.15.0-py37/lib/python3.7/site-packages/tensorflow_core/python/client/session.py[0m in [0;36m__call__[0;34m(self, *args, **kwargs)[0m
[1;32m   1470[0m         ret = tf_session.TF_SessionRunCallable(self._session._session,
[1;32m   1471[0m                                                [0mself[0m[0;34m.[0m[0m_handle[0m[0;34m,[0m [0margs[0m[0;34m,[0m[0;34m[0m[0;34m[0m[0m
[0;32m-> 1472[0;31m                                                run_metadata_ptr)
[0m[1;32m   1473[0m         [0;32mif[0m [0mrun_metadata[0m[0;34m:[0m[0;34m[0m[0;34m[0m[0m
[1;32m   1474[0m           [0mproto_data[0m [0;34m=[0m [0mtf_session[0m[0;34m.[0m[0mTF_GetBuffer[0m[0;34m([0m[0mrun_metadata_ptr[0m[0;34m)[0m[0;34m[0m[0;34m[0m[0m

[0;31mInvalidArgumentError[0m: input and filter must have the same depth: 40 vs 64
	 [[{{node conv2d_1/Relu}}]]
2020-02-27 21:31:36.546 [IPControllerApp] heartbeat::missed b'518d8fd1-543272395dcc444ae34a2c82' : 1
2020-02-27 21:31:38.564 [IPEngineApp] WARNING | No heartbeat in the last 3010 ms (1 time(s) in a row).
2020-02-27 21:32:19.301 [IPControllerApp] heartbeat::missed b'68f1396e-262eb01f527fe720b54e341e' : 1
2020-02-27 21:31:41.573 [IPEngineApp] WARNING | No heartbeat in the last 3010 ms (2 time(s) in a row).
2020-02-27 21:32:19.312 [IPControllerApp] heartbeat::missed b'c8e0c673-4051cb160315949b5994da1b' : 1
2020-02-27 21:31:44.584 [IPEngineApp] WARNING | No heartbeat in the last 3010 ms (3 time(s) in a row).
2020-02-27 21:32:19.312 [IPControllerApp] heartbeat::missed b'08f5ce9a-85e0fd801c5008add7319cfd' : 1
2020-02-27 21:31:47.593 [IPEngineApp] WARNING | No heartbeat in the last 3010 ms (4 time(s) in a row).
2020-02-27 21:31:50.603 [IPEngineApp] WARNING | No heartbeat in the last 3010 ms (5 time(s) in a row).
2020-02-27 21:31:53.614 [IPEngineApp] WARNING | No heartbeat in the last 3010 ms (6 time(s) in a row).
2020-02-27 21:31:56.623 [IPEngineApp] WARNING | No heartbeat in the last 3010 ms (7 time(s) in a row).
2020-02-27 21:31:59.633 [IPEngineApp] WARNING | No heartbeat in the last 3010 ms (8 time(s) in a row).
2020-02-27 21:32:02.644 [IPEngineApp] WARNING | No heartbeat in the last 3010 ms (9 time(s) in a row).
2020-02-27 21:32:05.653 [IPEngineApp] WARNING | No heartbeat in the last 3010 ms (10 time(s) in a row).
2020-02-27 21:32:08.663 [IPEngineApp] WARNING | No heartbeat in the last 3010 ms (11 time(s) in a row).
2020-02-27 21:32:11.674 [IPEngineApp] WARNING | No heartbeat in the last 3010 ms (12 time(s) in a row).
2020-02-27 21:32:14.683 [IPEngineApp] WARNING | No heartbeat in the last 3010 ms (13 time(s) in a row).
2020-02-27 21:32:17.693 [IPEngineApp] WARNING | No heartbeat in the last 3010 ms (14 time(s) in a row).
2020-02-27 21:32:21.545 [IPControllerApp] heartbeat::missed b'518d8fd1-543272395dcc444ae34a2c82' : 2
2020-02-27 21:32:21.545 [IPControllerApp] heartbeat::missed b'68f1396e-262eb01f527fe720b54e341e' : 2
2020-02-27 21:32:21.545 [IPControllerApp] heartbeat::missed b'c8e0c673-4051cb160315949b5994da1b' : 2
2020-02-27 21:32:21.545 [IPControllerApp] heartbeat::missed b'08f5ce9a-85e0fd801c5008add7319cfd' : 2
2020-02-27 21:32:24.546 [IPControllerApp] heartbeat::missed b'518d8fd1-543272395dcc444ae34a2c82' : 3
2020-02-27 21:32:24.546 [IPControllerApp] heartbeat::missed b'68f1396e-262eb01f527fe720b54e341e' : 3
2020-02-27 21:32:24.546 [IPControllerApp] heartbeat::missed b'c8e0c673-4051cb160315949b5994da1b' : 3
2020-02-27 21:32:24.546 [IPControllerApp] heartbeat::missed b'08f5ce9a-85e0fd801c5008add7319cfd' : 3
2020-02-27 21:32:27.446 [IPControllerApp] WARNING | heartbeat::got bad heartbeat (possibly old?): b'1467.0042281150818' (current=1518.004)
2020-02-27 21:32:27.446 [IPControllerApp] WARNING | heartbeat::got bad heartbeat (possibly old?): b'1467.0042281150818' (current=1518.004)
2020-02-27 21:32:27.446 [IPControllerApp] WARNING | heartbeat::got bad heartbeat (possibly old?): b'1467.0042281150818' (current=1518.004)
2020-02-27 21:32:27.446 [IPControllerApp] WARNING | heartbeat::got bad heartbeat (possibly old?): b'1467.0042281150818' (current=1518.004)
2020-02-27 21:32:27.446 [IPControllerApp] WARNING | heartbeat::got bad heartbeat (possibly old?): b'1470.0040197372437' (current=1518.004)
2020-02-27 21:32:27.447 [IPControllerApp] WARNING | heartbeat::got bad heartbeat (possibly old?): b'1470.0040197372437' (current=1518.004)
2020-02-27 21:32:27.447 [IPControllerApp] WARNING | heartbeat::got bad heartbeat (possibly old?): b'1470.0040197372437' (current=1518.004)
2020-02-27 21:32:27.447 [IPControllerApp] WARNING | heartbeat::got bad heartbeat (possibly old?): b'1470.0040197372437' (current=1518.004)
2020-02-27 21:32:27.447 [IPControllerApp] WARNING | heartbeat::heart b'08f5ce9a-85e0fd801c5008add7319cfd' missed a beat, and took 5902.72 ms to respond
2020-02-27 21:32:27.448 [IPControllerApp] WARNING | heartbeat::heart b'c8e0c673-4051cb160315949b5994da1b' missed a beat, and took 5902.94 ms to respond
2020-02-27 21:32:27.448 [IPControllerApp] WARNING | heartbeat::heart b'518d8fd1-543272395dcc444ae34a2c82' missed a beat, and took 5903.15 ms to respond
2020-02-27 21:32:27.448 [IPControllerApp] WARNING | heartbeat::heart b'68f1396e-262eb01f527fe720b54e341e' missed a beat, and took 5903.36 ms to respond
2020-02-27 21:31:34.529 [IPEngineApp] WARNING | No heartbeat in the last 3010 ms (1 time(s) in a row).
2020-02-27 21:31:37.540 [IPEngineApp] WARNING | No heartbeat in the last 3010 ms (2 time(s) in a row).
2020-02-27 21:31:40.550 [IPEngineApp] WARNING | No heartbeat in the last 3010 ms (3 time(s) in a row).
2020-02-27 21:31:43.559 [IPEngineApp] WARNING | No heartbeat in the last 3010 ms (4 time(s) in a row).
2020-02-27 21:31:46.569 [IPEngineApp] WARNING | No heartbeat in the last 3010 ms (5 time(s) in a row).
2020-02-27 21:31:49.580 [IPEngineApp] WARNING | No heartbeat in the last 3010 ms (6 time(s) in a row).
2020-02-27 21:31:52.589 [IPEngineApp] WARNING | No heartbeat in the last 3010 ms (7 time(s) in a row).
2020-02-27 21:31:55.599 [IPEngineApp] WARNING | No heartbeat in the last 3010 ms (8 time(s) in a row).
2020-02-27 21:31:58.610 [IPEngineApp] WARNING | No heartbeat in the last 3010 ms (9 time(s) in a row).
2020-02-27 21:32:01.619 [IPEngineApp] WARNING | No heartbeat in the last 3010 ms (10 time(s) in a row).
2020-02-27 21:32:04.629 [IPEngineApp] WARNING | No heartbeat in the last 3010 ms (11 time(s) in a row).
2020-02-27 21:32:07.640 [IPEngineApp] WARNING | No heartbeat in the last 3010 ms (12 time(s) in a row).
2020-02-27 21:32:10.649 [IPEngineApp] WARNING | No heartbeat in the last 3010 ms (13 time(s) in a row).
2020-02-27 21:32:13.659 [IPEngineApp] WARNING | No heartbeat in the last 3010 ms (14 time(s) in a row).
2020-02-27 21:32:16.670 [IPEngineApp] WARNING | No heartbeat in the last 3010 ms (15 time(s) in a row).
2020-02-27 21:32:19.679 [IPEngineApp] WARNING | No heartbeat in the last 3010 ms (16 time(s) in a row).
2020-02-27 21:32:22.689 [IPEngineApp] WARNING | No heartbeat in the last 3010 ms (17 time(s) in a row).
2020-02-27 21:32:25.700 [IPEngineApp] WARNING | No heartbeat in the last 3010 ms (18 time(s) in a row).
2020-02-27 23:38:48.546 [IPControllerApp] heartbeat::missed b'518d8fd1-543272395dcc444ae34a2c82' : 1
2020-02-27 23:38:48.913 [IPEngineApp] WARNING | No heartbeat in the last 3010 ms (1 time(s) in a row).
2020-02-27 23:39:41.423 [IPControllerApp] heartbeat::missed b'68f1396e-262eb01f527fe720b54e341e' : 1
2020-02-27 23:38:51.923 [IPEngineApp] WARNING | No heartbeat in the last 3010 ms (2 time(s) in a row).
2020-02-27 23:38:54.933 [IPEngineApp] WARNING | No heartbeat in the last 3010 ms (3 time(s) in a row).
2020-02-27 23:39:41.430 [IPControllerApp] heartbeat::missed b'c8e0c673-4051cb160315949b5994da1b' : 1
2020-02-27 23:38:57.943 [IPEngineApp] WARNING | No heartbeat in the last 3010 ms (4 time(s) in a row).
2020-02-27 23:39:41.431 [IPControllerApp] heartbeat::missed b'08f5ce9a-85e0fd801c5008add7319cfd' : 1
2020-02-27 23:39:00.954 [IPEngineApp] WARNING | No heartbeat in the last 3010 ms (5 time(s) in a row).
2020-02-27 23:39:03.963 [IPEngineApp] WARNING | No heartbeat in the last 3010 ms (6 time(s) in a row).
2020-02-27 23:39:06.973 [IPEngineApp] WARNING | No heartbeat in the last 3010 ms (7 time(s) in a row).
2020-02-27 23:39:09.983 [IPEngineApp] WARNING | No heartbeat in the last 3010 ms (8 time(s) in a row).
2020-02-27 23:39:12.993 [IPEngineApp] WARNING | No heartbeat in the last 3010 ms (9 time(s) in a row).
2020-02-27 23:39:16.003 [IPEngineApp] WARNING | No heartbeat in the last 3010 ms (10 time(s) in a row).
2020-02-27 23:39:19.013 [IPEngineApp] WARNING | No heartbeat in the last 3010 ms (11 time(s) in a row).
2020-02-27 23:39:22.023 [IPEngineApp] WARNING | No heartbeat in the last 3010 ms (12 time(s) in a row).
2020-02-27 23:39:25.033 [IPEngineApp] WARNING | No heartbeat in the last 3010 ms (13 time(s) in a row).
2020-02-27 23:39:28.043 [IPEngineApp] WARNING | No heartbeat in the last 3010 ms (14 time(s) in a row).
2020-02-27 23:39:31.053 [IPEngineApp] WARNING | No heartbeat in the last 3010 ms (15 time(s) in a row).
2020-02-27 23:39:34.064 [IPEngineApp] WARNING | No heartbeat in the last 3010 ms (16 time(s) in a row).
2020-02-27 23:39:37.073 [IPEngineApp] WARNING | No heartbeat in the last 3010 ms (17 time(s) in a row).
2020-02-27 23:39:40.083 [IPEngineApp] WARNING | No heartbeat in the last 3010 ms (18 time(s) in a row).
2020-02-27 23:39:41.433 [IPControllerApp] WARNING | heartbeat::heart b'c8e0c673-4051cb160315949b5994da1b' missed a beat, and took 55887.21 ms to respond
2020-02-27 23:39:41.434 [IPControllerApp] WARNING | heartbeat::heart b'08f5ce9a-85e0fd801c5008add7319cfd' missed a beat, and took 55888.43 ms to respond
2020-02-27 23:39:41.436 [IPControllerApp] WARNING | heartbeat::heart b'68f1396e-262eb01f527fe720b54e341e' missed a beat, and took 55890.22 ms to respond
2020-02-27 23:39:41.437 [IPControllerApp] WARNING | heartbeat::heart b'518d8fd1-543272395dcc444ae34a2c82' missed a beat, and took 55891.47 ms to respond
2020-02-27 23:38:47.889 [IPEngineApp] WARNING | No heartbeat in the last 3010 ms (1 time(s) in a row).
2020-02-27 23:38:50.900 [IPEngineApp] WARNING | No heartbeat in the last 3010 ms (2 time(s) in a row).
2020-02-27 23:38:53.909 [IPEngineApp] WARNING | No heartbeat in the last 3010 ms (3 time(s) in a row).
2020-02-27 23:38:56.920 [IPEngineApp] WARNING | No heartbeat in the last 3010 ms (4 time(s) in a row).
2020-02-27 23:38:59.930 [IPEngineApp] WARNING | No heartbeat in the last 3010 ms (5 time(s) in a row).
2020-02-27 23:39:02.939 [IPEngineApp] WARNING | No heartbeat in the last 3010 ms (6 time(s) in a row).
2020-02-27 23:39:05.950 [IPEngineApp] WARNING | No heartbeat in the last 3010 ms (7 time(s) in a row).
2020-02-27 23:39:08.959 [IPEngineApp] WARNING | No heartbeat in the last 3010 ms (8 time(s) in a row).
2020-02-27 23:39:11.969 [IPEngineApp] WARNING | No heartbeat in the last 3010 ms (9 time(s) in a row).
2020-02-27 23:39:14.980 [IPEngineApp] WARNING | No heartbeat in the last 3010 ms (10 time(s) in a row).
2020-02-27 23:39:17.989 [IPEngineApp] WARNING | No heartbeat in the last 3010 ms (11 time(s) in a row).
2020-02-27 23:39:20.999 [IPEngineApp] WARNING | No heartbeat in the last 3010 ms (12 time(s) in a row).
2020-02-27 23:39:24.010 [IPEngineApp] WARNING | No heartbeat in the last 3010 ms (13 time(s) in a row).
2020-02-27 23:39:27.019 [IPEngineApp] WARNING | No heartbeat in the last 3010 ms (14 time(s) in a row).
2020-02-27 23:39:30.029 [IPEngineApp] WARNING | No heartbeat in the last 3010 ms (15 time(s) in a row).
2020-02-27 23:39:33.040 [IPEngineApp] WARNING | No heartbeat in the last 3010 ms (16 time(s) in a row).
2020-02-27 23:39:36.049 [IPEngineApp] WARNING | No heartbeat in the last 3010 ms (17 time(s) in a row).
2020-02-27 23:39:39.059 [IPEngineApp] WARNING | No heartbeat in the last 3010 ms (18 time(s) in a row).
2020-02-27 23:58:17.849 [IPControllerApp] task::task 'a3553527-02690244db0bc85da9ba5d93' finished on 0
2020-02-28 00:05:50.735 [IPControllerApp] task::task '276931c0-9da7cfc4b044e18efc9fcb40' finished on 4
2020-02-28 00:23:09.803 [IPControllerApp] task::task '5a2c98e2-c42d1e5110368da6cbb0b7cd' finished on 1
2020-02-28 00:23:11.647 [IPEngineApp] WARNING | No heartbeat in the last 3010 ms (1 time(s) in a row).
2020-02-28 04:02:57.546 [IPControllerApp] heartbeat::missed b'518d8fd1-543272395dcc444ae34a2c82' : 1
2020-02-28 04:02:59.573 [IPEngineApp] WARNING | No heartbeat in the last 3010 ms (1 time(s) in a row).
2020-02-28 04:03:52.318 [IPControllerApp] heartbeat::missed b'68f1396e-262eb01f527fe720b54e341e' : 1
2020-02-28 04:02:58.458 [IPEngineApp] WARNING | No heartbeat in the last 3010 ms (1 time(s) in a row).
2020-02-28 04:02:58.550 [IPEngineApp] WARNING | No heartbeat in the last 3010 ms (1 time(s) in a row).
2020-02-28 04:03:52.321 [IPControllerApp] heartbeat::missed b'c8e0c673-4051cb160315949b5994da1b' : 1
2020-02-28 04:02:57.585 [IPEngineApp] WARNING | No heartbeat in the last 3010 ms (1 time(s) in a row).
2020-02-28 04:03:02.583 [IPEngineApp] WARNING | No heartbeat in the last 3010 ms (2 time(s) in a row).
2020-02-28 04:03:52.325 [IPControllerApp] heartbeat::missed b'08f5ce9a-85e0fd801c5008add7319cfd' : 1
2020-02-28 04:02:58.124 [IPEngineApp] WARNING | No heartbeat in the last 3010 ms (1 time(s) in a row).
2020-02-28 04:03:01.468 [IPEngineApp] WARNING | No heartbeat in the last 3010 ms (2 time(s) in a row).
2020-02-28 04:03:01.559 [IPEngineApp] WARNING | No heartbeat in the last 3010 ms (2 time(s) in a row).
2020-02-28 04:03:00.595 [IPEngineApp] WARNING | No heartbeat in the last 3010 ms (2 time(s) in a row).
2020-02-28 04:03:05.593 [IPEngineApp] WARNING | No heartbeat in the last 3010 ms (3 time(s) in a row).
2020-02-28 04:03:52.327 [IPControllerApp] WARNING | heartbeat::heart b'08f5ce9a-85e0fd801c5008add7319cfd' missed a beat, and took 57781.25 ms to respond
2020-02-28 04:03:01.135 [IPEngineApp] WARNING | No heartbeat in the last 3010 ms (2 time(s) in a row).
2020-02-28 04:03:04.478 [IPEngineApp] WARNING | No heartbeat in the last 3010 ms (3 time(s) in a row).
2020-02-28 04:03:52.328 [IPControllerApp] WARNING | heartbeat::heart b'68f1396e-262eb01f527fe720b54e341e' missed a beat, and took 57782.62 ms to respond
2020-02-28 04:03:04.569 [IPEngineApp] WARNING | No heartbeat in the last 3010 ms (3 time(s) in a row).
2020-02-28 04:03:03.606 [IPEngineApp] WARNING | No heartbeat in the last 3010 ms (3 time(s) in a row).
2020-02-28 04:03:52.329 [IPControllerApp] WARNING | heartbeat::heart b'c8e0c673-4051cb160315949b5994da1b' missed a beat, and took 57782.96 ms to respond
2020-02-28 04:03:08.603 [IPEngineApp] WARNING | No heartbeat in the last 3010 ms (4 time(s) in a row).
2020-02-28 04:03:04.144 [IPEngineApp] WARNING | No heartbeat in the last 3010 ms (3 time(s) in a row).
2020-02-28 04:03:07.488 [IPEngineApp] WARNING | No heartbeat in the last 3010 ms (4 time(s) in a row).
2020-02-28 04:03:07.580 [IPEngineApp] WARNING | No heartbeat in the last 3010 ms (4 time(s) in a row).
2020-02-28 04:03:52.329 [IPControllerApp] WARNING | heartbeat::heart b'518d8fd1-543272395dcc444ae34a2c82' missed a beat, and took 57783.48 ms to respond
2020-02-28 04:03:06.615 [IPEngineApp] WARNING | No heartbeat in the last 3010 ms (4 time(s) in a row).
2020-02-28 04:03:11.613 [IPEngineApp] WARNING | No heartbeat in the last 3010 ms (5 time(s) in a row).
2020-02-28 04:03:07.155 [IPEngineApp] WARNING | No heartbeat in the last 3010 ms (4 time(s) in a row).
2020-02-28 04:03:10.498 [IPEngineApp] WARNING | No heartbeat in the last 3010 ms (5 time(s) in a row).
2020-02-28 04:03:10.589 [IPEngineApp] WARNING | No heartbeat in the last 3010 ms (5 time(s) in a row).
2020-02-28 04:03:09.625 [IPEngineApp] WARNING | No heartbeat in the last 3010 ms (5 time(s) in a row).
2020-02-28 04:03:14.623 [IPEngineApp] WARNING | No heartbeat in the last 3010 ms (6 time(s) in a row).
2020-02-28 04:03:10.164 [IPEngineApp] WARNING | No heartbeat in the last 3010 ms (5 time(s) in a row).
2020-02-28 04:03:13.507 [IPEngineApp] WARNING | No heartbeat in the last 3010 ms (6 time(s) in a row).
2020-02-28 04:03:13.600 [IPEngineApp] WARNING | No heartbeat in the last 3010 ms (6 time(s) in a row).
2020-02-28 04:03:12.635 [IPEngineApp] WARNING | No heartbeat in the last 3010 ms (6 time(s) in a row).
2020-02-28 04:03:17.633 [IPEngineApp] WARNING | No heartbeat in the last 3010 ms (7 time(s) in a row).
2020-02-28 04:03:13.174 [IPEngineApp] WARNING | No heartbeat in the last 3010 ms (6 time(s) in a row).
2020-02-28 04:03:16.518 [IPEngineApp] WARNING | No heartbeat in the last 3010 ms (7 time(s) in a row).
2020-02-28 04:03:16.609 [IPEngineApp] WARNING | No heartbeat in the last 3010 ms (7 time(s) in a row).
2020-02-28 04:03:15.645 [IPEngineApp] WARNING | No heartbeat in the last 3010 ms (7 time(s) in a row).
2020-02-28 04:03:20.644 [IPEngineApp] WARNING | No heartbeat in the last 3010 ms (8 time(s) in a row).
2020-02-28 04:03:16.184 [IPEngineApp] WARNING | No heartbeat in the last 3010 ms (7 time(s) in a row).
2020-02-28 04:03:19.528 [IPEngineApp] WARNING | No heartbeat in the last 3010 ms (8 time(s) in a row).
2020-02-28 04:03:19.619 [IPEngineApp] WARNING | No heartbeat in the last 3010 ms (8 time(s) in a row).
2020-02-28 04:03:18.655 [IPEngineApp] WARNING | No heartbeat in the last 3010 ms (8 time(s) in a row).
2020-02-28 04:03:23.653 [IPEngineApp] WARNING | No heartbeat in the last 3010 ms (9 time(s) in a row).
2020-02-28 04:03:19.194 [IPEngineApp] WARNING | No heartbeat in the last 3010 ms (8 time(s) in a row).
2020-02-28 04:03:22.538 [IPEngineApp] WARNING | No heartbeat in the last 3010 ms (9 time(s) in a row).
2020-02-28 04:03:22.630 [IPEngineApp] WARNING | No heartbeat in the last 3010 ms (9 time(s) in a row).
2020-02-28 04:03:21.665 [IPEngineApp] WARNING | No heartbeat in the last 3010 ms (9 time(s) in a row).
2020-02-28 04:03:26.663 [IPEngineApp] WARNING | No heartbeat in the last 3010 ms (10 time(s) in a row).
2020-02-28 04:03:22.202 [IPEngineApp] WARNING | No heartbeat in the last 3010 ms (9 time(s) in a row).
2020-02-28 04:03:25.548 [IPEngineApp] WARNING | No heartbeat in the last 3010 ms (10 time(s) in a row).
2020-02-28 04:03:25.636 [IPEngineApp] WARNING | No heartbeat in the last 3010 ms (10 time(s) in a row).
2020-02-28 04:03:24.675 [IPEngineApp] WARNING | No heartbeat in the last 3010 ms (10 time(s) in a row).
2020-02-28 04:03:29.673 [IPEngineApp] WARNING | No heartbeat in the last 3010 ms (11 time(s) in a row).
2020-02-28 04:03:25.215 [IPEngineApp] WARNING | No heartbeat in the last 3010 ms (10 time(s) in a row).
2020-02-28 04:03:28.558 [IPEngineApp] WARNING | No heartbeat in the last 3010 ms (11 time(s) in a row).
2020-02-28 04:03:28.650 [IPEngineApp] WARNING | No heartbeat in the last 3010 ms (11 time(s) in a row).
2020-02-28 04:03:27.685 [IPEngineApp] WARNING | No heartbeat in the last 3010 ms (11 time(s) in a row).
2020-02-28 04:03:32.683 [IPEngineApp] WARNING | No heartbeat in the last 3010 ms (12 time(s) in a row).
2020-02-28 04:03:28.224 [IPEngineApp] WARNING | No heartbeat in the last 3010 ms (11 time(s) in a row).
2020-02-28 04:03:31.568 [IPEngineApp] WARNING | No heartbeat in the last 3010 ms (12 time(s) in a row).
2020-02-28 04:03:31.659 [IPEngineApp] WARNING | No heartbeat in the last 3010 ms (12 time(s) in a row).
2020-02-28 04:03:30.695 [IPEngineApp] WARNING | No heartbeat in the last 3010 ms (12 time(s) in a row).
2020-02-28 04:03:35.693 [IPEngineApp] WARNING | No heartbeat in the last 3010 ms (13 time(s) in a row).
2020-02-28 04:03:31.234 [IPEngineApp] WARNING | No heartbeat in the last 3010 ms (12 time(s) in a row).
2020-02-28 04:03:34.578 [IPEngineApp] WARNING | No heartbeat in the last 3010 ms (13 time(s) in a row).
2020-02-28 04:03:34.670 [IPEngineApp] WARNING | No heartbeat in the last 3010 ms (13 time(s) in a row).
2020-02-28 04:03:33.705 [IPEngineApp] WARNING | No heartbeat in the last 3010 ms (13 time(s) in a row).
2020-02-28 04:03:38.703 [IPEngineApp] WARNING | No heartbeat in the last 3010 ms (14 time(s) in a row).
2020-02-28 04:03:34.245 [IPEngineApp] WARNING | No heartbeat in the last 3010 ms (13 time(s) in a row).
2020-02-28 04:03:37.588 [IPEngineApp] WARNING | No heartbeat in the last 3010 ms (14 time(s) in a row).
2020-02-28 04:03:37.679 [IPEngineApp] WARNING | No heartbeat in the last 3010 ms (14 time(s) in a row).
2020-02-28 04:03:36.715 [IPEngineApp] WARNING | No heartbeat in the last 3010 ms (14 time(s) in a row).
2020-02-28 04:03:41.713 [IPEngineApp] WARNING | No heartbeat in the last 3010 ms (15 time(s) in a row).
2020-02-28 04:03:37.254 [IPEngineApp] WARNING | No heartbeat in the last 3010 ms (14 time(s) in a row).
2020-02-28 04:03:40.598 [IPEngineApp] WARNING | No heartbeat in the last 3010 ms (15 time(s) in a row).
2020-02-28 04:03:40.689 [IPEngineApp] WARNING | No heartbeat in the last 3010 ms (15 time(s) in a row).
2020-02-28 04:03:39.726 [IPEngineApp] WARNING | No heartbeat in the last 3010 ms (15 time(s) in a row).
2020-02-28 04:03:44.723 [IPEngineApp] WARNING | No heartbeat in the last 3010 ms (16 time(s) in a row).
2020-02-28 04:03:40.265 [IPEngineApp] WARNING | No heartbeat in the last 3010 ms (15 time(s) in a row).
2020-02-28 04:03:43.608 [IPEngineApp] WARNING | No heartbeat in the last 3010 ms (16 time(s) in a row).
2020-02-28 04:03:43.700 [IPEngineApp] WARNING | No heartbeat in the last 3010 ms (16 time(s) in a row).
2020-02-28 04:03:42.735 [IPEngineApp] WARNING | No heartbeat in the last 3010 ms (16 time(s) in a row).
2020-02-28 04:03:47.733 [IPEngineApp] WARNING | No heartbeat in the last 3010 ms (17 time(s) in a row).
2020-02-28 04:03:43.274 [IPEngineApp] WARNING | No heartbeat in the last 3010 ms (16 time(s) in a row).
2020-02-28 04:03:46.618 [IPEngineApp] WARNING | No heartbeat in the last 3010 ms (17 time(s) in a row).
2020-02-28 04:03:46.709 [IPEngineApp] WARNING | No heartbeat in the last 3010 ms (17 time(s) in a row).
2020-02-28 04:03:45.745 [IPEngineApp] WARNING | No heartbeat in the last 3010 ms (17 time(s) in a row).
2020-02-28 04:03:50.743 [IPEngineApp] WARNING | No heartbeat in the last 3010 ms (18 time(s) in a row).
2020-02-28 04:03:46.284 [IPEngineApp] WARNING | No heartbeat in the last 3010 ms (17 time(s) in a row).
2020-02-28 04:03:49.628 [IPEngineApp] WARNING | No heartbeat in the last 3010 ms (18 time(s) in a row).
2020-02-28 04:03:49.720 [IPEngineApp] WARNING | No heartbeat in the last 3010 ms (18 time(s) in a row).
2020-02-28 04:03:48.755 [IPEngineApp] WARNING | No heartbeat in the last 3010 ms (18 time(s) in a row).
2020-02-28 04:03:49.295 [IPEngineApp] WARNING | No heartbeat in the last 3010 ms (18 time(s) in a row).
2020-02-28 04:03:51.765 [IPEngineApp] WARNING | No heartbeat in the last 3010 ms (19 time(s) in a row).
2020-02-28 04:03:52.304 [IPEngineApp] WARNING | No heartbeat in the last 3010 ms (19 time(s) in a row).
slurmstepd: error: *** STEP 28392663.0 ON nid01134 CANCELLED AT 2020-02-28T04:07:03 DUE TO TIME LIMIT ***
2020-02-28 04:07:03.946 [IPControllerApp] CRITICAL | Received signal 15, shutting down
2020-02-28 04:07:03.946 [IPControllerApp] CRITICAL | terminating children...
srun: got SIGCONT
srun: forcing job termination
