[+] ------START TIME (ST): Thu Feb 27 21:07:00 PST 2020------
Start cluster...
Launching controller
2020-02-27 21:07:03.234 [IPControllerApp] Hub listening on tcp://10.128.7.188:57423 for registration.
2020-02-27 21:07:03.237 [IPControllerApp] Hub using DB backend: 'DictDB'
2020-02-27 21:07:03.490 [IPControllerApp] hub::created hub
2020-02-27 21:07:03.490 [IPControllerApp] writing connection info to /global/u2/m/muszyng/.ipython/profile_default/security/ipcontroller-cori_28392699-client.json
2020-02-27 21:07:03.498 [IPControllerApp] writing connection info to /global/u2/m/muszyng/.ipython/profile_default/security/ipcontroller-cori_28392699-engine.json
2020-02-27 21:07:03.504 [IPControllerApp] task::using Python leastload Task scheduler
2020-02-27 21:07:03.505 [IPControllerApp] Heartmonitor started
2020-02-27 21:07:03.523 [IPControllerApp] Creating pid file: /global/u2/m/muszyng/.ipython/profile_default/pid/ipcontroller-cori_28392699.pid
2020-02-27 21:07:03.525 [scheduler] Scheduler started [leastload]
2020-02-27 21:07:03.526 [IPControllerApp] client::client b'\x00k\x8bEg' requested 'connection_request'
2020-02-27 21:07:03.527 [IPControllerApp] client::client [b'\x00k\x8bEg'] connected
Launching engines
2020-02-27 21:07:34.565 [IPEngineApp] Loading url_file '/global/u2/m/muszyng/.ipython/profile_default/security/ipcontroller-cori_28392699-engine.json'
2020-02-27 21:07:34.569 [IPEngineApp] Registering with controller at tcp://10.128.7.188:57423
2020-02-27 21:07:34.570 [IPControllerApp] client::client b'b9f60887-775b3e84810800243b3202ca' requested 'registration_request'
2020-02-27 21:07:34.625 [IPEngineApp] Starting to monitor the heartbeat signal from the hub every 3010 ms.
2020-02-27 21:07:34.635 [IPEngineApp] Completed registration with id 0
2020-02-27 21:07:35.586 [IPEngineApp] Loading url_file '/global/u2/m/muszyng/.ipython/profile_default/security/ipcontroller-cori_28392699-engine.json'
2020-02-27 21:07:35.593 [IPControllerApp] client::client b'74857c81-d5efcdb4e6077b0b819b6af3' requested 'registration_request'
2020-02-27 21:07:35.592 [IPEngineApp] Registering with controller at tcp://10.128.7.188:57423
2020-02-27 21:07:35.654 [IPEngineApp] Starting to monitor the heartbeat signal from the hub every 3010 ms.
2020-02-27 21:07:35.668 [IPEngineApp] Completed registration with id 1
2020-02-27 21:07:35.986 [IPEngineApp] Loading url_file '/global/u2/m/muszyng/.ipython/profile_default/security/ipcontroller-cori_28392699-engine.json'
2020-02-27 21:07:35.992 [IPControllerApp] client::client b'1835fc1a-35e1e5a3e8961e0e375b393e' requested 'registration_request'
2020-02-27 21:07:35.990 [IPEngineApp] Registering with controller at tcp://10.128.7.188:57423
2020-02-27 21:07:36.046 [IPEngineApp] Starting to monitor the heartbeat signal from the hub every 3010 ms.
2020-02-27 21:07:36.060 [IPEngineApp] Completed registration with id 2
2020-02-27 21:07:36.065 [IPEngineApp] Loading url_file '/global/u2/m/muszyng/.ipython/profile_default/security/ipcontroller-cori_28392699-engine.json'
2020-02-27 21:07:36.067 [IPEngineApp] Loading url_file '/global/u2/m/muszyng/.ipython/profile_default/security/ipcontroller-cori_28392699-engine.json'
2020-02-27 21:07:36.071 [IPControllerApp] client::client b'7d6fd7d3-7b7c398225bc573d6fcf9112' requested 'registration_request'
2020-02-27 21:07:36.073 [IPControllerApp] client::client b'341d6ee4-b3df4d8dbb2a7c976f0a8548' requested 'registration_request'
2020-02-27 21:07:36.070 [IPEngineApp] Registering with controller at tcp://10.128.7.188:57423
2020-02-27 21:07:36.072 [IPEngineApp] Registering with controller at tcp://10.128.7.188:57423
2020-02-27 21:07:36.128 [IPEngineApp] Starting to monitor the heartbeat signal from the hub every 3010 ms.
2020-02-27 21:07:36.128 [IPEngineApp] Starting to monitor the heartbeat signal from the hub every 3010 ms.
2020-02-27 21:07:36.150 [IPEngineApp] Completed registration with id 4
2020-02-27 21:07:36.151 [IPEngineApp] Completed registration with id 3
2020-02-27 21:07:39.509 [IPControllerApp] registration::finished registering engine 1:74857c81-d5efcdb4e6077b0b819b6af3
2020-02-27 21:07:39.509 [IPControllerApp] engine::Engine Connected: 1
2020-02-27 21:07:39.520 [IPControllerApp] registration::finished registering engine 3:7d6fd7d3-7b7c398225bc573d6fcf9112
2020-02-27 21:07:39.520 [IPControllerApp] engine::Engine Connected: 3
2020-02-27 21:07:39.522 [IPControllerApp] registration::finished registering engine 0:b9f60887-775b3e84810800243b3202ca
2020-02-27 21:07:39.522 [IPControllerApp] engine::Engine Connected: 0
2020-02-27 21:07:39.524 [IPControllerApp] registration::finished registering engine 4:341d6ee4-b3df4d8dbb2a7c976f0a8548
2020-02-27 21:07:39.524 [IPControllerApp] engine::Engine Connected: 4
2020-02-27 21:07:39.526 [IPControllerApp] registration::finished registering engine 2:1835fc1a-35e1e5a3e8961e0e375b393e
2020-02-27 21:07:39.526 [IPControllerApp] engine::Engine Connected: 2
2020-02-27 21:08:10.101 [IPControllerApp] client::client b'\x00k\x8bEh' requested 'connection_request'
2020-02-27 21:08:10.101 [IPControllerApp] client::client [b'\x00k\x8bEh'] connected
Model_B_3 61 261 20
Job id: 28392699; Cluster id: cori_28392699
Worker IDs: [0, 1, 2, 3, 4]
Original order  ['3_train_0_.h5', '3_train_1_.h5', '3_train_2_.h5', '3_train_3_.h5', '3_train_4_.h5', '3_train_5_.h5', '3_train_6_.h5', '3_train_7_.h5', '3_train_8_.h5', '3_train_9_.h5', '3_train_10_.h5', '3_train_11_.h5', '3_train_12_.h5', '3_train_13_.h5', '3_train_14_.h5', '3_train_15_.h5', '3_train_16_.h5', '3_train_17_.h5', '3_train_18_.h5', '3_train_19_.h5'] ['3_val_0_.h5', '3_val_1_.h5', '3_val_2_.h5', '3_val_3_.h5', '3_val_4_.h5', '3_val_5_.h5', '3_val_6_.h5', '3_val_7_.h5', '3_val_8_.h5', '3_val_9_.h5', '3_val_10_.h5', '3_val_11_.h5', '3_val_12_.h5', '3_val_13_.h5', '3_val_14_.h5', '3_val_15_.h5', '3_val_16_.h5', '3_val_17_.h5', '3_val_18_.h5', '3_val_19_.h5']
Shuffled files: ['3_train_6_.h5', '3_train_10_.h5', '3_train_15_.h5', '3_train_16_.h5', '3_train_0_.h5', '3_train_14_.h5', '3_train_3_.h5', '3_train_17_.h5', '3_train_11_.h5', '3_train_18_.h5', '3_train_13_.h5', '3_train_4_.h5', '3_train_12_.h5', '3_train_5_.h5', '3_train_2_.h5', '3_train_7_.h5', '3_train_19_.h5', '3_train_1_.h5', '3_train_8_.h5', '3_train_9_.h5'] ['3_val_15_.h5', '3_val_19_.h5', '3_val_2_.h5', '3_val_5_.h5', '3_val_18_.h5', '3_val_8_.h5', '3_val_7_.h5', '3_val_9_.h5', '3_val_3_.h5', '3_val_0_.h5', '3_val_11_.h5', '3_val_16_.h5', '3_val_17_.h5', '3_val_13_.h5', '3_val_14_.h5', '3_val_6_.h5', '3_val_12_.h5', '3_val_10_.h5', '3_val_1_.h5', '3_val_4_.h5']
/global/cscratch1/sd/muszyng/cnn_model_runs/regression/Model_B/Model_B_3/28392699
['ihp', 'n_hpo_trials', 'n_convs_layers', 'conv_sizes', 'n_fc_layers', 'fc_sizes', 'dropout', 'optimizer', 'lr', 'batch_sizes', 'n_epochs', 'repeats_conv', 'recep_fields', 'checkpoint_dir']
Hyperparameter trial 0 conv [ 64 128 256 512] fc [256 128  64] dropout 0.1338 opt Adam, lr 0.0000, batch sizes 64
Checkpoint file: /global/cscratch1/sd/muszyng/cnn_model_runs/regression/Model_B/Model_B_3/28392699/model_0.h5
Hyperparameter trial 1 conv [ 64 128 256 512] fc [256 128  64] dropout 0.1170 opt Adam, lr 0.0000, batch sizes 128
Checkpoint file: /global/cscratch1/sd/muszyng/cnn_model_runs/regression/Model_B/Model_B_3/28392699/model_1.h5
Hyperparameter trial 2 conv [ 64 128 256 512] fc [256 128  64] dropout 0.1380 opt Adam, lr 0.0000, batch sizes 32
Checkpoint file: /global/cscratch1/sd/muszyng/cnn_model_runs/regression/Model_B/Model_B_3/28392699/model_2.h5
Hyperparameter trial 3 conv [ 64 128 256 512] fc [256 128  64] dropout 0.1280 opt Adam, lr 0.0000, batch sizes 128
Checkpoint file: /global/cscratch1/sd/muszyng/cnn_model_runs/regression/Model_B/Model_B_3/28392699/model_3.h5
Hyperparameter trial 4 conv [ 64 128 256 512] fc [256 128  64] dropout 0.1020 opt Adam, lr 0.0000, batch sizes 64
Checkpoint file: /global/cscratch1/sd/muszyng/cnn_model_runs/regression/Model_B/Model_B_3/28392699/model_4.h5
2020-02-27 21:08:10.151 [IPControllerApp] task::task 'c0df71cc-e9989cb8d1a4afee34d97937' arrived on 2
2020-02-27 21:08:10.153 [IPControllerApp] task::task '638bab04-8d246c874cd483db60d6f4c1' arrived on 4
2020-02-27 21:08:10.155 [IPControllerApp] task::task '1b6218a9-5fa881182ab46063f5aa9be6' arrived on 0
2020-02-27 21:08:10.158 [IPControllerApp] task::task '8df0291b-b6cd74f56037d169262332b9' arrived on 3
2020-02-27 21:08:10.159 [IPControllerApp] task::task '366c10a7-92af1b5bd769c0f8e6148a99' arrived on 1
WARNING:tensorflow:From test_ipyparallel.py:101: The name tf.keras.backend.set_session is deprecated. Please use tf.compat.v1.keras.backend.set_session instead.

WARNING:tensorflow:From /global/u2/m/muszyng/project-cnn-tda/cnn-project/my_project/new_project_mid_lat/code_for_paper/project/Model_B/Model_B_regres/mlextras.py:39: The name tf.ConfigProto is deprecated. Please use tf.compat.v1.ConfigProto instead.

WARNING:tensorflow:From /global/u2/m/muszyng/project-cnn-tda/cnn-project/my_project/new_project_mid_lat/code_for_paper/project/Model_B/Model_B_regres/mlextras.py:43: The name tf.Session is deprecated. Please use tf.compat.v1.Session instead.

2020-02-27 21:08:12.723386: I tensorflow/core/platform/cpu_feature_guard.cc:145] This TensorFlow binary is optimized with Intel(R) MKL-DNN to use the following CPU instructions in performance critical operations:  SSE4.1 SSE4.2 AVX AVX2 FMA
To enable them in non-MKL-DNN operations, rebuild TensorFlow with the appropriate compiler flags.
2020-02-27 21:08:12.749400: I tensorflow/core/platform/profile_utils/cpu_utils.cc:94] CPU Frequency: 2299885000 Hz
2020-02-27 21:08:12.751248: I tensorflow/compiler/xla/service/service.cc:168] XLA service 0x555558def910 initialized for platform Host (this does not guarantee that XLA will be used). Devices:
2020-02-27 21:08:12.751264: I tensorflow/compiler/xla/service/service.cc:176]   StreamExecutor device (0): Host, Default Version
WARNING:tensorflow:From /usr/common/software/tensorflow/intel-tensorflow/1.15.0-py37/lib/python3.7/site-packages/tensorflow_core/python/ops/resource_variable_ops.py:1630: calling BaseResourceVariable.__init__ (from tensorflow.python.ops.resource_variable_ops) with constraint is deprecated and will be removed in a future version.
Instructions for updating:
If using Keras pass *_constraint arguments to layers.
WARNING:tensorflow:`epsilon` argument is deprecated and will be removed, use `min_delta` instead.
WARNING:tensorflow:`period` argument is deprecated. Please use `save_freq` to specify the frequency in number of samples seen.
WARNING:tensorflow:From test_ipyparallel.py:101: The name tf.keras.backend.set_session is deprecated. Please use tf.compat.v1.keras.backend.set_session instead.

WARNING:tensorflow:From /global/u2/m/muszyng/project-cnn-tda/cnn-project/my_project/new_project_mid_lat/code_for_paper/project/Model_B/Model_B_regres/mlextras.py:39: The name tf.ConfigProto is deprecated. Please use tf.compat.v1.ConfigProto instead.

WARNING:tensorflow:From /global/u2/m/muszyng/project-cnn-tda/cnn-project/my_project/new_project_mid_lat/code_for_paper/project/Model_B/Model_B_regres/mlextras.py:43: The name tf.Session is deprecated. Please use tf.compat.v1.Session instead.

2020-02-27 21:08:17.994515: I tensorflow/core/platform/cpu_feature_guard.cc:145] This TensorFlow binary is optimized with Intel(R) MKL-DNN to use the following CPU instructions in performance critical operations:  SSE4.1 SSE4.2 AVX AVX2 FMA
To enable them in non-MKL-DNN operations, rebuild TensorFlow with the appropriate compiler flags.
2020-02-27 21:08:18.016940: I tensorflow/core/platform/profile_utils/cpu_utils.cc:94] CPU Frequency: 2299980000 Hz
2020-02-27 21:08:18.018557: I tensorflow/compiler/xla/service/service.cc:168] XLA service 0x555558df4d00 initialized for platform Host (this does not guarantee that XLA will be used). Devices:
2020-02-27 21:08:18.018571: I tensorflow/compiler/xla/service/service.cc:176]   StreamExecutor device (0): Host, Default Version
WARNING:tensorflow:From /usr/common/software/tensorflow/intel-tensorflow/1.15.0-py37/lib/python3.7/site-packages/tensorflow_core/python/ops/resource_variable_ops.py:1630: calling BaseResourceVariable.__init__ (from tensorflow.python.ops.resource_variable_ops) with constraint is deprecated and will be removed in a future version.
Instructions for updating:
If using Keras pass *_constraint arguments to layers.
WARNING:tensorflow:From test_ipyparallel.py:101: The name tf.keras.backend.set_session is deprecated. Please use tf.compat.v1.keras.backend.set_session instead.

WARNING:tensorflow:From /global/u2/m/muszyng/project-cnn-tda/cnn-project/my_project/new_project_mid_lat/code_for_paper/project/Model_B/Model_B_regres/mlextras.py:39: The name tf.ConfigProto is deprecated. Please use tf.compat.v1.ConfigProto instead.

WARNING:tensorflow:From /global/u2/m/muszyng/project-cnn-tda/cnn-project/my_project/new_project_mid_lat/code_for_paper/project/Model_B/Model_B_regres/mlextras.py:43: The name tf.Session is deprecated. Please use tf.compat.v1.Session instead.

2020-02-27 21:08:18.156540: I tensorflow/core/platform/cpu_feature_guard.cc:145] This TensorFlow binary is optimized with Intel(R) MKL-DNN to use the following CPU instructions in performance critical operations:  SSE4.1 SSE4.2 AVX AVX2 FMA
To enable them in non-MKL-DNN operations, rebuild TensorFlow with the appropriate compiler flags.
2020-02-27 21:08:18.181200: I tensorflow/core/platform/profile_utils/cpu_utils.cc:94] CPU Frequency: 2300155000 Hz
2020-02-27 21:08:18.183043: I tensorflow/compiler/xla/service/service.cc:168] XLA service 0x555558def910 initialized for platform Host (this does not guarantee that XLA will be used). Devices:
2020-02-27 21:08:18.183057: I tensorflow/compiler/xla/service/service.cc:176]   StreamExecutor device (0): Host, Default Version
WARNING:tensorflow:From /usr/common/software/tensorflow/intel-tensorflow/1.15.0-py37/lib/python3.7/site-packages/tensorflow_core/python/ops/resource_variable_ops.py:1630: calling BaseResourceVariable.__init__ (from tensorflow.python.ops.resource_variable_ops) with constraint is deprecated and will be removed in a future version.
Instructions for updating:
If using Keras pass *_constraint arguments to layers.
WARNING:tensorflow:`epsilon` argument is deprecated and will be removed, use `min_delta` instead.
WARNING:tensorflow:`period` argument is deprecated. Please use `save_freq` to specify the frequency in number of samples seen.
WARNING:tensorflow:`epsilon` argument is deprecated and will be removed, use `min_delta` instead.
WARNING:tensorflow:`period` argument is deprecated. Please use `save_freq` to specify the frequency in number of samples seen.
WARNING:tensorflow:From test_ipyparallel.py:101: The name tf.keras.backend.set_session is deprecated. Please use tf.compat.v1.keras.backend.set_session instead.

WARNING:tensorflow:From /global/u2/m/muszyng/project-cnn-tda/cnn-project/my_project/new_project_mid_lat/code_for_paper/project/Model_B/Model_B_regres/mlextras.py:39: The name tf.ConfigProto is deprecated. Please use tf.compat.v1.ConfigProto instead.

WARNING:tensorflow:From /global/u2/m/muszyng/project-cnn-tda/cnn-project/my_project/new_project_mid_lat/code_for_paper/project/Model_B/Model_B_regres/mlextras.py:43: The name tf.Session is deprecated. Please use tf.compat.v1.Session instead.

2020-02-27 21:08:18.902177: I tensorflow/core/platform/cpu_feature_guard.cc:145] This TensorFlow binary is optimized with Intel(R) MKL-DNN to use the following CPU instructions in performance critical operations:  SSE4.1 SSE4.2 AVX AVX2 FMA
To enable them in non-MKL-DNN operations, rebuild TensorFlow with the appropriate compiler flags.
2020-02-27 21:08:18.927607: I tensorflow/core/platform/profile_utils/cpu_utils.cc:94] CPU Frequency: 2300120000 Hz
2020-02-27 21:08:18.929394: I tensorflow/compiler/xla/service/service.cc:168] XLA service 0x555558df1150 initialized for platform Host (this does not guarantee that XLA will be used). Devices:
2020-02-27 21:08:18.929408: I tensorflow/compiler/xla/service/service.cc:176]   StreamExecutor device (0): Host, Default Version
WARNING:tensorflow:From /usr/common/software/tensorflow/intel-tensorflow/1.15.0-py37/lib/python3.7/site-packages/tensorflow_core/python/ops/resource_variable_ops.py:1630: calling BaseResourceVariable.__init__ (from tensorflow.python.ops.resource_variable_ops) with constraint is deprecated and will be removed in a future version.
Instructions for updating:
If using Keras pass *_constraint arguments to layers.
WARNING:tensorflow:From test_ipyparallel.py:101: The name tf.keras.backend.set_session is deprecated. Please use tf.compat.v1.keras.backend.set_session instead.

WARNING:tensorflow:From /global/u2/m/muszyng/project-cnn-tda/cnn-project/my_project/new_project_mid_lat/code_for_paper/project/Model_B/Model_B_regres/mlextras.py:39: The name tf.ConfigProto is deprecated. Please use tf.compat.v1.ConfigProto instead.

WARNING:tensorflow:From /global/u2/m/muszyng/project-cnn-tda/cnn-project/my_project/new_project_mid_lat/code_for_paper/project/Model_B/Model_B_regres/mlextras.py:43: The name tf.Session is deprecated. Please use tf.compat.v1.Session instead.

2020-02-27 21:08:19.380942: I tensorflow/core/platform/cpu_feature_guard.cc:145] This TensorFlow binary is optimized with Intel(R) MKL-DNN to use the following CPU instructions in performance critical operations:  SSE4.1 SSE4.2 AVX AVX2 FMA
To enable them in non-MKL-DNN operations, rebuild TensorFlow with the appropriate compiler flags.
2020-02-27 21:08:19.403679: I tensorflow/core/platform/profile_utils/cpu_utils.cc:94] CPU Frequency: 2300070000 Hz
2020-02-27 21:08:19.405500: I tensorflow/compiler/xla/service/service.cc:168] XLA service 0x555558df4ac0 initialized for platform Host (this does not guarantee that XLA will be used). Devices:
2020-02-27 21:08:19.405515: I tensorflow/compiler/xla/service/service.cc:176]   StreamExecutor device (0): Host, Default Version
WARNING:tensorflow:From /usr/common/software/tensorflow/intel-tensorflow/1.15.0-py37/lib/python3.7/site-packages/tensorflow_core/python/ops/resource_variable_ops.py:1630: calling BaseResourceVariable.__init__ (from tensorflow.python.ops.resource_variable_ops) with constraint is deprecated and will be removed in a future version.
Instructions for updating:
If using Keras pass *_constraint arguments to layers.
WARNING:tensorflow:`epsilon` argument is deprecated and will be removed, use `min_delta` instead.
WARNING:tensorflow:`period` argument is deprecated. Please use `save_freq` to specify the frequency in number of samples seen.
WARNING:tensorflow:`epsilon` argument is deprecated and will be removed, use `min_delta` instead.
WARNING:tensorflow:`period` argument is deprecated. Please use `save_freq` to specify the frequency in number of samples seen.
2020-02-27 21:09:19.177 [IPEngineApp] Exception in apply request:
[0;31m---------------------------------------------------------------------------[0m
[0;31mInvalidArgumentError[0m                      Traceback (most recent call last)
[0;32m<string>[0m in [0;36m<module>[0;34m[0m

[0;32m/global/u2/m/muszyng/project-cnn-tda/cnn-project/my_project/new_project_mid_lat/code_for_paper/project/Model_B/Model_B_regres/test_ipyparallel.py[0m in [0;36mbuild_and_train[0;34m(input_dir, input_size, conv_sizes, fc_sizes, dropout, optimizer, lr, batch_size, n_epochs, repeats_conv, recep_field, checkpoint_dir, checkpoint_file, l_fnames_train, l_fnames_val, ihp, verbose)[0m
[1;32m    126[0m                               [0mcheckpoint_dir[0m[0;34m=[0m[0mcheckpoint_dir[0m[0;34m,[0m [0mcheckpoint_file[0m[0;34m=[0m[0mcheckpoint_file[0m[0;34m,[0m[0;34m[0m[0;34m[0m[0m
[1;32m    127[0m                               [0mdata_dir_path[0m[0;34m=[0m[0minput_dir[0m[0;34m[[0m[0;34m:[0m[0;34m-[0m[0;36m1[0m[0;34m][0m[0;34m,[0m[0;34m[0m[0;34m[0m[0m
[0;32m--> 128[0;31m                               l_fnames_train=l_fnames_train, l_fnames_val=l_fnames_val, ihp=ihp, verbose=verbose)
[0m[1;32m    129[0m [0;34m[0m[0m
[1;32m    130[0m         [0;31m#oldStdout = sys.stdout[0m[0;34m[0m[0;34m[0m[0;34m[0m[0m

[0;32m/global/u2/m/muszyng/project-cnn-tda/cnn-project/my_project/new_project_mid_lat/code_for_paper/project/Model_B/Model_B_regres/model_code.py[0m in [0;36mtrain_model[0;34m(model, batch_size, n_epochs, checkpoint_dir, checkpoint_file, data_dir_path, l_fnames_train, l_fnames_val, ihp, verbose, callbacks)[0m
[1;32m    610[0m                 [0mcallbacks[0m[0;34m=[0m[0mrpv_callbacks[0m[0;34m,[0m [0mshuffle[0m[0;34m=[0m[0;32mTrue[0m[0;34m,[0m[0;34m[0m[0;34m[0m[0m
[1;32m    611[0m                 [0mepochs[0m[0;34m=[0m[0mn_epochs[0m[0;34m,[0m[0;34m[0m[0;34m[0m[0m
[0;32m--> 612[0;31m                 verbose=1)
[0m[1;32m    613[0m [0;34m[0m[0m
[1;32m    614[0m     [0;32mreturn[0m [0mm[0m[0;34m[0m[0;34m[0m[0m

[0;32m/usr/common/software/tensorflow/intel-tensorflow/1.15.0-py37/lib/python3.7/site-packages/tensorflow_core/python/keras/engine/training.py[0m in [0;36mfit_generator[0;34m(self, generator, steps_per_epoch, epochs, verbose, callbacks, validation_data, validation_steps, validation_freq, class_weight, max_queue_size, workers, use_multiprocessing, shuffle, initial_epoch)[0m
[1;32m   1294[0m         [0mshuffle[0m[0;34m=[0m[0mshuffle[0m[0;34m,[0m[0;34m[0m[0;34m[0m[0m
[1;32m   1295[0m         [0minitial_epoch[0m[0;34m=[0m[0minitial_epoch[0m[0;34m,[0m[0;34m[0m[0;34m[0m[0m
[0;32m-> 1296[0;31m         steps_name='steps_per_epoch')
[0m[1;32m   1297[0m [0;34m[0m[0m
[1;32m   1298[0m   def evaluate_generator(self,

[0;32m/usr/common/software/tensorflow/intel-tensorflow/1.15.0-py37/lib/python3.7/site-packages/tensorflow_core/python/keras/engine/training_generator.py[0m in [0;36mmodel_iteration[0;34m(model, data, steps_per_epoch, epochs, verbose, callbacks, validation_data, validation_steps, validation_freq, class_weight, max_queue_size, workers, use_multiprocessing, shuffle, initial_epoch, mode, batch_size, steps_name, **kwargs)[0m
[1;32m    263[0m [0;34m[0m[0m
[1;32m    264[0m       [0mis_deferred[0m [0;34m=[0m [0;32mnot[0m [0mmodel[0m[0;34m.[0m[0m_is_compiled[0m[0;34m[0m[0;34m[0m[0m
[0;32m--> 265[0;31m       [0mbatch_outs[0m [0;34m=[0m [0mbatch_function[0m[0;34m([0m[0;34m*[0m[0mbatch_data[0m[0;34m)[0m[0;34m[0m[0;34m[0m[0m
[0m[1;32m    266[0m       [0;32mif[0m [0;32mnot[0m [0misinstance[0m[0;34m([0m[0mbatch_outs[0m[0;34m,[0m [0mlist[0m[0;34m)[0m[0;34m:[0m[0;34m[0m[0;34m[0m[0m
[1;32m    267[0m         [0mbatch_outs[0m [0;34m=[0m [0;34m[[0m[0mbatch_outs[0m[0;34m][0m[0;34m[0m[0;34m[0m[0m

[0;32m/usr/common/software/tensorflow/intel-tensorflow/1.15.0-py37/lib/python3.7/site-packages/tensorflow_core/python/keras/engine/training.py[0m in [0;36mtrain_on_batch[0;34m(self, x, y, sample_weight, class_weight, reset_metrics)[0m
[1;32m   1015[0m       [0mself[0m[0;34m.[0m[0m_update_sample_weight_modes[0m[0;34m([0m[0msample_weights[0m[0;34m=[0m[0msample_weights[0m[0;34m)[0m[0;34m[0m[0;34m[0m[0m
[1;32m   1016[0m       [0mself[0m[0;34m.[0m[0m_make_train_function[0m[0;34m([0m[0;34m)[0m[0;34m[0m[0;34m[0m[0m
[0;32m-> 1017[0;31m       [0moutputs[0m [0;34m=[0m [0mself[0m[0;34m.[0m[0mtrain_function[0m[0;34m([0m[0mins[0m[0;34m)[0m  [0;31m# pylint: disable=not-callable[0m[0;34m[0m[0;34m[0m[0m
[0m[1;32m   1018[0m [0;34m[0m[0m
[1;32m   1019[0m     [0;32mif[0m [0mreset_metrics[0m[0;34m:[0m[0;34m[0m[0;34m[0m[0m

[0;32m/usr/common/software/tensorflow/intel-tensorflow/1.15.0-py37/lib/python3.7/site-packages/tensorflow_core/python/keras/backend.py[0m in [0;36m__call__[0;34m(self, inputs)[0m
[1;32m   3474[0m [0;34m[0m[0m
[1;32m   3475[0m     fetched = self._callable_fn(*array_vals,
[0;32m-> 3476[0;31m                                 run_metadata=self.run_metadata)
[0m[1;32m   3477[0m     [0mself[0m[0;34m.[0m[0m_call_fetch_callbacks[0m[0;34m([0m[0mfetched[0m[0;34m[[0m[0;34m-[0m[0mlen[0m[0;34m([0m[0mself[0m[0;34m.[0m[0m_fetches[0m[0;34m)[0m[0;34m:[0m[0;34m][0m[0;34m)[0m[0;34m[0m[0;34m[0m[0m
2020-02-27 21:09:19.181 [IPControllerApp] task::task '1b6218a9-5fa881182ab46063f5aa9be6' finished on 0
[1;32m   3478[0m     output_structure = nest.pack_sequence_as(

[0;32m/usr/common/software/tensorflow/intel-tensorflow/1.15.0-py37/lib/python3.7/site-packages/tensorflow_core/python/client/session.py[0m in [0;36m__call__[0;34m(self, *args, **kwargs)[0m
[1;32m   1470[0m         ret = tf_session.TF_SessionRunCallable(self._session._session,
[1;32m   1471[0m                                                [0mself[0m[0;34m.[0m[0m_handle[0m[0;34m,[0m [0margs[0m[0;34m,[0m[0;34m[0m[0;34m[0m[0m
[0;32m-> 1472[0;31m                                                run_metadata_ptr)
[0m[1;32m   1473[0m         [0;32mif[0m [0mrun_metadata[0m[0;34m:[0m[0;34m[0m[0;34m[0m[0m
[1;32m   1474[0m           [0mproto_data[0m [0;34m=[0m [0mtf_session[0m[0;34m.[0m[0mTF_GetBuffer[0m[0;34m([0m[0mrun_metadata_ptr[0m[0;34m)[0m[0;34m[0m[0;34m[0m[0m

[0;31mInvalidArgumentError[0m: input and filter must have the same depth: 40 vs 64
	 [[{{node conv2d_1/Relu}}]]
2020-02-27 21:09:19.977 [IPEngineApp] WARNING | No heartbeat in the last 3010 ms (1 time(s) in a row).
2020-02-27 21:11:25.589 [IPEngineApp] Exception in apply request:
[0;31m---------------------------------------------------------------------------[0m
[0;31mInvalidArgumentError[0m                      Traceback (most recent call last)
[0;32m<string>[0m in [0;36m<module>[0;34m[0m

[0;32m/global/u2/m/muszyng/project-cnn-tda/cnn-project/my_project/new_project_mid_lat/code_for_paper/project/Model_B/Model_B_regres/test_ipyparallel.py[0m in [0;36mbuild_and_train[0;34m(input_dir, input_size, conv_sizes, fc_sizes, dropout, optimizer, lr, batch_size, n_epochs, repeats_conv, recep_field, checkpoint_dir, checkpoint_file, l_fnames_train, l_fnames_val, ihp, verbose)[0m
[1;32m    126[0m                               [0mcheckpoint_dir[0m[0;34m=[0m[0mcheckpoint_dir[0m[0;34m,[0m [0mcheckpoint_file[0m[0;34m=[0m[0mcheckpoint_file[0m[0;34m,[0m[0;34m[0m[0;34m[0m[0m
[1;32m    127[0m                               [0mdata_dir_path[0m[0;34m=[0m[0minput_dir[0m[0;34m[[0m[0;34m:[0m[0;34m-[0m[0;36m1[0m[0;34m][0m[0;34m,[0m[0;34m[0m[0;34m[0m[0m
[0;32m--> 128[0;31m                               l_fnames_train=l_fnames_train, l_fnames_val=l_fnames_val, ihp=ihp, verbose=verbose)
[0m[1;32m    129[0m [0;34m[0m[0m
[1;32m    130[0m         [0;31m#oldStdout = sys.stdout[0m[0;34m[0m[0;34m[0m[0;34m[0m[0m

[0;32m/global/u2/m/muszyng/project-cnn-tda/cnn-project/my_project/new_project_mid_lat/code_for_paper/project/Model_B/Model_B_regres/model_code.py[0m in [0;36mtrain_model[0;34m(model, batch_size, n_epochs, checkpoint_dir, checkpoint_file, data_dir_path, l_fnames_train, l_fnames_val, ihp, verbose, callbacks)[0m
[1;32m    610[0m                 [0mcallbacks[0m[0;34m=[0m[0mrpv_callbacks[0m[0;34m,[0m [0mshuffle[0m[0;34m=[0m[0;32mTrue[0m[0;34m,[0m[0;34m[0m[0;34m[0m[0m
[1;32m    611[0m                 [0mepochs[0m[0;34m=[0m[0mn_epochs[0m[0;34m,[0m[0;34m[0m[0;34m[0m[0m
[0;32m--> 612[0;31m                 verbose=1)
[0m[1;32m    613[0m [0;34m[0m[0m
[1;32m    614[0m     [0;32mreturn[0m [0mm[0m[0;34m[0m[0;34m[0m[0m

[0;32m/usr/common/software/tensorflow/intel-tensorflow/1.15.0-py37/lib/python3.7/site-packages/tensorflow_core/python/keras/engine/training.py[0m in [0;36mfit_generator[0;34m(self, generator, steps_per_epoch, epochs, verbose, callbacks, validation_data, validation_steps, validation_freq, class_weight, max_queue_size, workers, use_multiprocessing, shuffle, initial_epoch)[0m
[1;32m   1294[0m         [0mshuffle[0m[0;34m=[0m[0mshuffle[0m[0;34m,[0m[0;34m[0m[0;34m[0m[0m
[1;32m   1295[0m         [0minitial_epoch[0m[0;34m=[0m[0minitial_epoch[0m[0;34m,[0m[0;34m[0m[0;34m[0m[0m
[0;32m-> 1296[0;31m         steps_name='steps_per_epoch')
[0m[1;32m   1297[0m [0;34m[0m[0m
[1;32m   1298[0m   def evaluate_generator(self,

[0;32m/usr/common/software/tensorflow/intel-tensorflow/1.15.0-py37/lib/python3.7/site-packages/tensorflow_core/python/keras/engine/training_generator.py[0m in [0;36mmodel_iteration[0;34m(model, data, steps_per_epoch, epochs, verbose, callbacks, validation_data, validation_steps, validation_freq, class_weight, max_queue_size, workers, use_multiprocessing, shuffle, initial_epoch, mode, batch_size, steps_name, **kwargs)[0m
[1;32m    263[0m [0;34m[0m[0m
[1;32m    264[0m       [0mis_deferred[0m [0;34m=[0m [0;32mnot[0m [0mmodel[0m[0;34m.[0m[0m_is_compiled[0m[0;34m[0m[0;34m[0m[0m
[0;32m--> 265[0;31m       [0mbatch_outs[0m [0;34m=[0m [0mbatch_function[0m[0;34m([0m[0;34m*[0m[0mbatch_data[0m[0;34m)[0m[0;34m[0m[0;34m[0m[0m
[0m[1;32m    266[0m       [0;32mif[0m [0;32mnot[0m [0misinstance[0m[0;34m([0m[0mbatch_outs[0m[0;34m,[0m [0mlist[0m[0;34m)[0m[0;34m:[0m[0;34m[0m[0;34m[0m[0m
[1;32m    267[0m         [0mbatch_outs[0m [0;34m=[0m [0;34m[[0m[0mbatch_outs[0m[0;34m][0m[0;34m[0m[0;34m[0m[0m

[0;32m/usr/common/software/tensorflow/intel-tensorflow/1.15.0-py37/lib/python3.7/site-packages/tensorflow_core/python/keras/engine/training.py[0m in [0;36mtrain_on_batch[0;34m(self, x, y, sample_weight, class_weight, reset_metrics)[0m
[1;32m   1015[0m       [0mself[0m[0;34m.[0m[0m_update_sample_weight_modes[0m[0;34m([0m[0msample_weights[0m[0;34m=[0m[0msample_weights[0m[0;34m)[0m[0;34m[0m[0;34m[0m[0m
[1;32m   1016[0m       [0mself[0m[0;34m.[0m[0m_make_train_function[0m[0;34m([0m[0;34m)[0m[0;34m[0m[0;34m[0m[0m
2020-02-27 21:11:25.592 [IPControllerApp] task::task '638bab04-8d246c874cd483db60d6f4c1' finished on 4
[0;32m-> 1017[0;31m       [0moutputs[0m [0;34m=[0m [0mself[0m[0;34m.[0m[0mtrain_function[0m[0;34m([0m[0mins[0m[0;34m)[0m  [0;31m# pylint: disable=not-callable[0m[0;34m[0m[0;34m[0m[0m
[0m[1;32m   1018[0m [0;34m[0m[0m
[1;32m   1019[0m     [0;32mif[0m [0mreset_metrics[0m[0;34m:[0m[0;34m[0m[0;34m[0m[0m

[0;32m/usr/common/software/tensorflow/intel-tensorflow/1.15.0-py37/lib/python3.7/site-packages/tensorflow_core/python/keras/backend.py[0m in [0;36m__call__[0;34m(self, inputs)[0m
[1;32m   3474[0m [0;34m[0m[0m
[1;32m   3475[0m     fetched = self._callable_fn(*array_vals,
[0;32m-> 3476[0;31m                                 run_metadata=self.run_metadata)
[0m[1;32m   3477[0m     [0mself[0m[0;34m.[0m[0m_call_fetch_callbacks[0m[0;34m([0m[0mfetched[0m[0;34m[[0m[0;34m-[0m[0mlen[0m[0;34m([0m[0mself[0m[0;34m.[0m[0m_fetches[0m[0;34m)[0m[0;34m:[0m[0;34m][0m[0;34m)[0m[0;34m[0m[0;34m[0m[0m
[1;32m   3478[0m     output_structure = nest.pack_sequence_as(

[0;32m/usr/common/software/tensorflow/intel-tensorflow/1.15.0-py37/lib/python3.7/site-packages/tensorflow_core/python/client/session.py[0m in [0;36m__call__[0;34m(self, *args, **kwargs)[0m
[1;32m   1470[0m         ret = tf_session.TF_SessionRunCallable(self._session._session,
[1;32m   1471[0m                                                [0mself[0m[0;34m.[0m[0m_handle[0m[0;34m,[0m [0margs[0m[0;34m,[0m[0;34m[0m[0;34m[0m[0m
[0;32m-> 1472[0;31m                                                run_metadata_ptr)
[0m[1;32m   1473[0m         [0;32mif[0m [0mrun_metadata[0m[0;34m:[0m[0;34m[0m[0;34m[0m[0m
[1;32m   1474[0m           [0mproto_data[0m [0;34m=[0m [0mtf_session[0m[0;34m.[0m[0mTF_GetBuffer[0m[0;34m([0m[0mrun_metadata_ptr[0m[0;34m)[0m[0;34m[0m[0;34m[0m[0m

[0;31mInvalidArgumentError[0m: input and filter must have the same depth: 40 vs 64
	 [[{{node conv2d_1/Relu}}]]
2020-02-27 21:31:36.509 [IPControllerApp] heartbeat::missed b'74857c81-d5efcdb4e6077b0b819b6af3' : 1
2020-02-27 21:31:39.429 [IPEngineApp] WARNING | No heartbeat in the last 3010 ms (1 time(s) in a row).
2020-02-27 21:31:42.439 [IPEngineApp] WARNING | No heartbeat in the last 3010 ms (2 time(s) in a row).
2020-02-27 21:32:19.294 [IPControllerApp] heartbeat::missed b'7d6fd7d3-7b7c398225bc573d6fcf9112' : 1
2020-02-27 21:31:45.449 [IPEngineApp] WARNING | No heartbeat in the last 3010 ms (3 time(s) in a row).
2020-02-27 21:32:19.296 [IPControllerApp] heartbeat::missed b'341d6ee4-b3df4d8dbb2a7c976f0a8548' : 1
2020-02-27 21:31:48.459 [IPEngineApp] WARNING | No heartbeat in the last 3010 ms (4 time(s) in a row).
2020-02-27 21:32:19.296 [IPControllerApp] heartbeat::missed b'1835fc1a-35e1e5a3e8961e0e375b393e' : 1
2020-02-27 21:31:51.469 [IPEngineApp] WARNING | No heartbeat in the last 3010 ms (5 time(s) in a row).
2020-02-27 21:31:54.479 [IPEngineApp] WARNING | No heartbeat in the last 3010 ms (6 time(s) in a row).
2020-02-27 21:31:57.489 [IPEngineApp] WARNING | No heartbeat in the last 3010 ms (7 time(s) in a row).
2020-02-27 21:32:00.499 [IPEngineApp] WARNING | No heartbeat in the last 3010 ms (8 time(s) in a row).
2020-02-27 21:32:03.509 [IPEngineApp] WARNING | No heartbeat in the last 3010 ms (9 time(s) in a row).
2020-02-27 21:32:06.519 [IPEngineApp] WARNING | No heartbeat in the last 3010 ms (10 time(s) in a row).
2020-02-27 21:32:09.529 [IPEngineApp] WARNING | No heartbeat in the last 3010 ms (11 time(s) in a row).
2020-02-27 21:32:12.539 [IPEngineApp] WARNING | No heartbeat in the last 3010 ms (12 time(s) in a row).
2020-02-27 21:32:15.549 [IPEngineApp] WARNING | No heartbeat in the last 3010 ms (13 time(s) in a row).
2020-02-27 21:32:18.559 [IPEngineApp] WARNING | No heartbeat in the last 3010 ms (14 time(s) in a row).
2020-02-27 21:32:21.508 [IPControllerApp] heartbeat::missed b'74857c81-d5efcdb4e6077b0b819b6af3' : 2
2020-02-27 21:32:21.508 [IPControllerApp] heartbeat::missed b'7d6fd7d3-7b7c398225bc573d6fcf9112' : 2
2020-02-27 21:32:21.508 [IPControllerApp] heartbeat::missed b'341d6ee4-b3df4d8dbb2a7c976f0a8548' : 2
2020-02-27 21:32:21.508 [IPControllerApp] heartbeat::missed b'1835fc1a-35e1e5a3e8961e0e375b393e' : 2
2020-02-27 21:32:24.507 [IPControllerApp] heartbeat::missed b'74857c81-d5efcdb4e6077b0b819b6af3' : 3
2020-02-27 21:32:24.507 [IPControllerApp] heartbeat::missed b'7d6fd7d3-7b7c398225bc573d6fcf9112' : 3
2020-02-27 21:32:24.507 [IPControllerApp] heartbeat::missed b'341d6ee4-b3df4d8dbb2a7c976f0a8548' : 3
2020-02-27 21:32:24.507 [IPControllerApp] heartbeat::missed b'1835fc1a-35e1e5a3e8961e0e375b393e' : 3
2020-02-27 21:32:27.483 [IPControllerApp] WARNING | heartbeat::got bad heartbeat (possibly old?): b'1470.0034651756287' (current=1521.002)
2020-02-27 21:32:27.483 [IPControllerApp] WARNING | heartbeat::got bad heartbeat (possibly old?): b'1470.0034651756287' (current=1521.002)
2020-02-27 21:32:27.483 [IPControllerApp] WARNING | heartbeat::got bad heartbeat (possibly old?): b'1470.0034651756287' (current=1521.002)
2020-02-27 21:32:27.484 [IPControllerApp] WARNING | heartbeat::got bad heartbeat (possibly old?): b'1470.0034651756287' (current=1521.002)
2020-02-27 21:32:27.484 [IPControllerApp] WARNING | heartbeat::got bad heartbeat (possibly old?): b'1473.0041663646698' (current=1521.002)
2020-02-27 21:32:27.484 [IPControllerApp] WARNING | heartbeat::got bad heartbeat (possibly old?): b'1473.0041663646698' (current=1521.002)
2020-02-27 21:32:27.484 [IPControllerApp] WARNING | heartbeat::got bad heartbeat (possibly old?): b'1473.0041663646698' (current=1521.002)
2020-02-27 21:32:27.484 [IPControllerApp] WARNING | heartbeat::got bad heartbeat (possibly old?): b'1473.0041663646698' (current=1521.002)
2020-02-27 21:32:27.485 [IPControllerApp] WARNING | heartbeat::heart b'7d6fd7d3-7b7c398225bc573d6fcf9112' missed a beat, and took 5976.93 ms to respond
2020-02-27 21:32:27.485 [IPControllerApp] WARNING | heartbeat::heart b'74857c81-d5efcdb4e6077b0b819b6af3' missed a beat, and took 5977.12 ms to respond
2020-02-27 21:32:27.485 [IPControllerApp] WARNING | heartbeat::heart b'1835fc1a-35e1e5a3e8961e0e375b393e' missed a beat, and took 5977.36 ms to respond
2020-02-27 21:32:27.485 [IPControllerApp] WARNING | heartbeat::heart b'341d6ee4-b3df4d8dbb2a7c976f0a8548' missed a beat, and took 5977.60 ms to respond
2020-02-27 21:31:34.912 [IPEngineApp] WARNING | No heartbeat in the last 3010 ms (1 time(s) in a row).
2020-02-27 21:31:37.922 [IPEngineApp] WARNING | No heartbeat in the last 3010 ms (2 time(s) in a row).
2020-02-27 21:31:40.932 [IPEngineApp] WARNING | No heartbeat in the last 3010 ms (3 time(s) in a row).
2020-02-27 21:31:43.942 [IPEngineApp] WARNING | No heartbeat in the last 3010 ms (4 time(s) in a row).
2020-02-27 21:31:46.952 [IPEngineApp] WARNING | No heartbeat in the last 3010 ms (5 time(s) in a row).
2020-02-27 21:31:49.962 [IPEngineApp] WARNING | No heartbeat in the last 3010 ms (6 time(s) in a row).
2020-02-27 21:31:52.972 [IPEngineApp] WARNING | No heartbeat in the last 3010 ms (7 time(s) in a row).
2020-02-27 21:31:55.982 [IPEngineApp] WARNING | No heartbeat in the last 3010 ms (8 time(s) in a row).
2020-02-27 21:31:58.992 [IPEngineApp] WARNING | No heartbeat in the last 3010 ms (9 time(s) in a row).
2020-02-27 21:32:02.002 [IPEngineApp] WARNING | No heartbeat in the last 3010 ms (10 time(s) in a row).
2020-02-27 21:32:05.012 [IPEngineApp] WARNING | No heartbeat in the last 3010 ms (11 time(s) in a row).
2020-02-27 21:32:08.022 [IPEngineApp] WARNING | No heartbeat in the last 3010 ms (12 time(s) in a row).
2020-02-27 21:32:11.032 [IPEngineApp] WARNING | No heartbeat in the last 3010 ms (13 time(s) in a row).
2020-02-27 21:32:14.042 [IPEngineApp] WARNING | No heartbeat in the last 3010 ms (14 time(s) in a row).
2020-02-27 21:32:17.052 [IPEngineApp] WARNING | No heartbeat in the last 3010 ms (15 time(s) in a row).
2020-02-27 21:32:20.062 [IPEngineApp] WARNING | No heartbeat in the last 3010 ms (16 time(s) in a row).
2020-02-27 21:32:23.072 [IPEngineApp] WARNING | No heartbeat in the last 3010 ms (17 time(s) in a row).
2020-02-27 21:32:26.082 [IPEngineApp] WARNING | No heartbeat in the last 3010 ms (18 time(s) in a row).
2020-02-27 23:38:48.509 [IPControllerApp] heartbeat::missed b'74857c81-d5efcdb4e6077b0b819b6af3' : 1
2020-02-27 23:38:49.779 [IPEngineApp] WARNING | No heartbeat in the last 3010 ms (1 time(s) in a row).
2020-02-27 23:39:43.499 [IPControllerApp] heartbeat::missed b'7d6fd7d3-7b7c398225bc573d6fcf9112' : 1
2020-02-27 23:38:52.789 [IPEngineApp] WARNING | No heartbeat in the last 3010 ms (2 time(s) in a row).
2020-02-27 23:39:43.499 [IPControllerApp] heartbeat::missed b'341d6ee4-b3df4d8dbb2a7c976f0a8548' : 1
2020-02-27 23:38:48.272 [IPEngineApp] WARNING | No heartbeat in the last 3010 ms (1 time(s) in a row).
2020-02-27 23:39:43.499 [IPControllerApp] heartbeat::missed b'1835fc1a-35e1e5a3e8961e0e375b393e' : 1
2020-02-27 23:38:55.799 [IPEngineApp] WARNING | No heartbeat in the last 3010 ms (3 time(s) in a row).
2020-02-27 23:38:51.282 [IPEngineApp] WARNING | No heartbeat in the last 3010 ms (2 time(s) in a row).
2020-02-27 23:38:58.809 [IPEngineApp] WARNING | No heartbeat in the last 3010 ms (4 time(s) in a row).
2020-02-27 23:38:54.292 [IPEngineApp] WARNING | No heartbeat in the last 3010 ms (3 time(s) in a row).
2020-02-27 23:39:01.819 [IPEngineApp] WARNING | No heartbeat in the last 3010 ms (5 time(s) in a row).
2020-02-27 23:38:57.302 [IPEngineApp] WARNING | No heartbeat in the last 3010 ms (4 time(s) in a row).
2020-02-27 23:39:04.829 [IPEngineApp] WARNING | No heartbeat in the last 3010 ms (6 time(s) in a row).
2020-02-27 23:39:00.312 [IPEngineApp] WARNING | No heartbeat in the last 3010 ms (5 time(s) in a row).
2020-02-27 23:39:07.839 [IPEngineApp] WARNING | No heartbeat in the last 3010 ms (7 time(s) in a row).
2020-02-27 23:39:03.322 [IPEngineApp] WARNING | No heartbeat in the last 3010 ms (6 time(s) in a row).
2020-02-27 23:39:10.849 [IPEngineApp] WARNING | No heartbeat in the last 3010 ms (8 time(s) in a row).
2020-02-27 23:39:06.332 [IPEngineApp] WARNING | No heartbeat in the last 3010 ms (7 time(s) in a row).
2020-02-27 23:39:13.859 [IPEngineApp] WARNING | No heartbeat in the last 3010 ms (9 time(s) in a row).
2020-02-27 23:39:09.342 [IPEngineApp] WARNING | No heartbeat in the last 3010 ms (8 time(s) in a row).
2020-02-27 23:39:16.869 [IPEngineApp] WARNING | No heartbeat in the last 3010 ms (10 time(s) in a row).
2020-02-27 23:39:12.352 [IPEngineApp] WARNING | No heartbeat in the last 3010 ms (9 time(s) in a row).
2020-02-27 23:39:19.879 [IPEngineApp] WARNING | No heartbeat in the last 3010 ms (11 time(s) in a row).
2020-02-27 23:39:15.362 [IPEngineApp] WARNING | No heartbeat in the last 3010 ms (10 time(s) in a row).
2020-02-27 23:39:22.889 [IPEngineApp] WARNING | No heartbeat in the last 3010 ms (12 time(s) in a row).
2020-02-27 23:39:43.502 [IPControllerApp] WARNING | heartbeat::heart b'1835fc1a-35e1e5a3e8961e0e375b393e' missed a beat, and took 57994.32 ms to respond
2020-02-27 23:39:18.372 [IPEngineApp] WARNING | No heartbeat in the last 3010 ms (11 time(s) in a row).
2020-02-27 23:39:25.899 [IPEngineApp] WARNING | No heartbeat in the last 3010 ms (13 time(s) in a row).
2020-02-27 23:39:21.382 [IPEngineApp] WARNING | No heartbeat in the last 3010 ms (12 time(s) in a row).
2020-02-27 23:39:28.909 [IPEngineApp] WARNING | No heartbeat in the last 3010 ms (14 time(s) in a row).
2020-02-27 23:39:24.392 [IPEngineApp] WARNING | No heartbeat in the last 3010 ms (13 time(s) in a row).
2020-02-27 23:39:31.919 [IPEngineApp] WARNING | No heartbeat in the last 3010 ms (15 time(s) in a row).
2020-02-27 23:39:27.402 [IPEngineApp] WARNING | No heartbeat in the last 3010 ms (14 time(s) in a row).
2020-02-27 23:39:34.929 [IPEngineApp] WARNING | No heartbeat in the last 3010 ms (16 time(s) in a row).
2020-02-27 23:39:30.412 [IPEngineApp] WARNING | No heartbeat in the last 3010 ms (15 time(s) in a row).
2020-02-27 23:39:37.939 [IPEngineApp] WARNING | No heartbeat in the last 3010 ms (17 time(s) in a row).
2020-02-27 23:39:33.422 [IPEngineApp] WARNING | No heartbeat in the last 3010 ms (16 time(s) in a row).
2020-02-27 23:39:40.949 [IPEngineApp] WARNING | No heartbeat in the last 3010 ms (18 time(s) in a row).
2020-02-27 23:39:43.505 [IPControllerApp] WARNING | heartbeat::heart b'74857c81-d5efcdb4e6077b0b819b6af3' missed a beat, and took 57996.62 ms to respond
2020-02-27 23:39:36.432 [IPEngineApp] WARNING | No heartbeat in the last 3010 ms (17 time(s) in a row).
2020-02-27 23:39:39.442 [IPEngineApp] WARNING | No heartbeat in the last 3010 ms (18 time(s) in a row).
2020-02-27 23:39:43.507 [IPControllerApp] WARNING | heartbeat::heart b'7d6fd7d3-7b7c398225bc573d6fcf9112' missed a beat, and took 57998.49 ms to respond
2020-02-27 23:39:43.508 [IPControllerApp] WARNING | heartbeat::heart b'341d6ee4-b3df4d8dbb2a7c976f0a8548' missed a beat, and took 58000.06 ms to respond
2020-02-28 00:03:32.157 [IPControllerApp] task::task '8df0291b-b6cd74f56037d169262332b9' finished on 3
IOStream.flush timed out
IOStream.flush timed out
2020-02-28 00:03:32.199 [IPEngineApp] WARNING | No heartbeat in the last 3010 ms (1 time(s) in a row).
2020-02-28 01:09:14.870 [IPControllerApp] task::task '366c10a7-92af1b5bd769c0f8e6148a99' finished on 1
2020-02-28 01:30:53.741 [IPControllerApp] task::task 'c0df71cc-e9989cb8d1a4afee34d97937' finished on 2
2020-02-28 04:03:00.508 [IPControllerApp] heartbeat::missed b'74857c81-d5efcdb4e6077b0b819b6af3' : 1
2020-02-28 04:03:03.449 [IPEngineApp] WARNING | No heartbeat in the last 3010 ms (1 time(s) in a row).
2020-02-28 04:03:06.459 [IPEngineApp] WARNING | No heartbeat in the last 3010 ms (2 time(s) in a row).
2020-02-28 04:04:10.066 [IPControllerApp] heartbeat::missed b'7d6fd7d3-7b7c398225bc573d6fcf9112' : 1
2020-02-28 04:02:58.932 [IPEngineApp] WARNING | No heartbeat in the last 3010 ms (1 time(s) in a row).
2020-02-28 04:04:10.066 [IPControllerApp] heartbeat::missed b'341d6ee4-b3df4d8dbb2a7c976f0a8548' : 1
2020-02-28 04:02:58.932 [IPEngineApp] WARNING | No heartbeat in the last 3010 ms (1 time(s) in a row).
2020-02-28 04:04:10.067 [IPControllerApp] heartbeat::missed b'1835fc1a-35e1e5a3e8961e0e375b393e' : 1
IOStream.flush timed out
2020-02-28 04:02:58.458 [IPEngineApp] WARNING | No heartbeat in the last 3010 ms (1 time(s) in a row).
2020-02-28 04:02:58.851 [IPEngineApp] WARNING | No heartbeat in the last 3010 ms (1 time(s) in a row).
2020-02-28 04:04:10.068 [IPControllerApp] WARNING | heartbeat::heart b'1835fc1a-35e1e5a3e8961e0e375b393e' missed a beat, and took 72559.79 ms to respond
2020-02-28 04:03:09.469 [IPEngineApp] WARNING | No heartbeat in the last 3010 ms (3 time(s) in a row).
2020-02-28 04:04:10.068 [IPControllerApp] WARNING | heartbeat::heart b'7d6fd7d3-7b7c398225bc573d6fcf9112' missed a beat, and took 72560.45 ms to respond
2020-02-28 04:03:01.942 [IPEngineApp] WARNING | No heartbeat in the last 3010 ms (2 time(s) in a row).
2020-02-28 04:04:10.073 [IPControllerApp] WARNING | heartbeat::heart b'341d6ee4-b3df4d8dbb2a7c976f0a8548' missed a beat, and took 72565.29 ms to respond
2020-02-28 04:03:01.942 [IPEngineApp] WARNING | No heartbeat in the last 3010 ms (2 time(s) in a row).
2020-02-28 04:03:01.468 [IPEngineApp] WARNING | No heartbeat in the last 3010 ms (2 time(s) in a row).
2020-02-28 04:04:10.073 [IPControllerApp] WARNING | heartbeat::heart b'74857c81-d5efcdb4e6077b0b819b6af3' missed a beat, and took 72565.54 ms to respond
2020-02-28 04:03:01.860 [IPEngineApp] WARNING | No heartbeat in the last 3010 ms (2 time(s) in a row).
2020-02-28 04:03:12.479 [IPEngineApp] WARNING | No heartbeat in the last 3010 ms (4 time(s) in a row).
2020-02-28 04:03:04.952 [IPEngineApp] WARNING | No heartbeat in the last 3010 ms (3 time(s) in a row).
2020-02-28 04:03:04.952 [IPEngineApp] WARNING | No heartbeat in the last 3010 ms (3 time(s) in a row).
2020-02-28 04:03:04.478 [IPEngineApp] WARNING | No heartbeat in the last 3010 ms (3 time(s) in a row).
2020-02-28 04:03:04.870 [IPEngineApp] WARNING | No heartbeat in the last 3010 ms (3 time(s) in a row).
2020-02-28 04:03:15.489 [IPEngineApp] WARNING | No heartbeat in the last 3010 ms (5 time(s) in a row).
2020-02-28 04:03:07.962 [IPEngineApp] WARNING | No heartbeat in the last 3010 ms (4 time(s) in a row).
2020-02-28 04:03:07.962 [IPEngineApp] WARNING | No heartbeat in the last 3010 ms (4 time(s) in a row).
2020-02-28 04:03:07.488 [IPEngineApp] WARNING | No heartbeat in the last 3010 ms (4 time(s) in a row).
2020-02-28 04:03:07.880 [IPEngineApp] WARNING | No heartbeat in the last 3010 ms (4 time(s) in a row).
2020-02-28 04:03:18.499 [IPEngineApp] WARNING | No heartbeat in the last 3010 ms (6 time(s) in a row).
2020-02-28 04:03:10.971 [IPEngineApp] WARNING | No heartbeat in the last 3010 ms (5 time(s) in a row).
2020-02-28 04:03:10.972 [IPEngineApp] WARNING | No heartbeat in the last 3010 ms (5 time(s) in a row).
2020-02-28 04:03:10.498 [IPEngineApp] WARNING | No heartbeat in the last 3010 ms (5 time(s) in a row).
2020-02-28 04:03:10.890 [IPEngineApp] WARNING | No heartbeat in the last 3010 ms (5 time(s) in a row).
2020-02-28 04:03:21.509 [IPEngineApp] WARNING | No heartbeat in the last 3010 ms (7 time(s) in a row).
2020-02-28 04:03:13.982 [IPEngineApp] WARNING | No heartbeat in the last 3010 ms (6 time(s) in a row).
2020-02-28 04:03:13.982 [IPEngineApp] WARNING | No heartbeat in the last 3010 ms (6 time(s) in a row).
2020-02-28 04:03:13.508 [IPEngineApp] WARNING | No heartbeat in the last 3010 ms (6 time(s) in a row).
2020-02-28 04:03:13.900 [IPEngineApp] WARNING | No heartbeat in the last 3010 ms (6 time(s) in a row).
2020-02-28 04:03:24.518 [IPEngineApp] WARNING | No heartbeat in the last 3010 ms (8 time(s) in a row).
2020-02-28 04:03:16.992 [IPEngineApp] WARNING | No heartbeat in the last 3010 ms (7 time(s) in a row).
2020-02-28 04:03:16.991 [IPEngineApp] WARNING | No heartbeat in the last 3010 ms (7 time(s) in a row).
2020-02-28 04:03:16.518 [IPEngineApp] WARNING | No heartbeat in the last 3010 ms (7 time(s) in a row).
2020-02-28 04:03:16.910 [IPEngineApp] WARNING | No heartbeat in the last 3010 ms (7 time(s) in a row).
2020-02-28 04:03:27.529 [IPEngineApp] WARNING | No heartbeat in the last 3010 ms (9 time(s) in a row).
2020-02-28 04:03:20.001 [IPEngineApp] WARNING | No heartbeat in the last 3010 ms (8 time(s) in a row).
2020-02-28 04:03:20.002 [IPEngineApp] WARNING | No heartbeat in the last 3010 ms (8 time(s) in a row).
2020-02-28 04:03:19.528 [IPEngineApp] WARNING | No heartbeat in the last 3010 ms (8 time(s) in a row).
2020-02-28 04:03:19.920 [IPEngineApp] WARNING | No heartbeat in the last 3010 ms (8 time(s) in a row).
2020-02-28 04:03:30.539 [IPEngineApp] WARNING | No heartbeat in the last 3010 ms (10 time(s) in a row).
2020-02-28 04:03:23.012 [IPEngineApp] WARNING | No heartbeat in the last 3010 ms (9 time(s) in a row).
2020-02-28 04:03:23.012 [IPEngineApp] WARNING | No heartbeat in the last 3010 ms (9 time(s) in a row).
2020-02-28 04:03:22.538 [IPEngineApp] WARNING | No heartbeat in the last 3010 ms (9 time(s) in a row).
2020-02-28 04:03:22.930 [IPEngineApp] WARNING | No heartbeat in the last 3010 ms (9 time(s) in a row).
2020-02-28 04:03:33.549 [IPEngineApp] WARNING | No heartbeat in the last 3010 ms (11 time(s) in a row).
2020-02-28 04:03:26.022 [IPEngineApp] WARNING | No heartbeat in the last 3010 ms (10 time(s) in a row).
2020-02-28 04:03:26.021 [IPEngineApp] WARNING | No heartbeat in the last 3010 ms (10 time(s) in a row).
2020-02-28 04:03:25.548 [IPEngineApp] WARNING | No heartbeat in the last 3010 ms (10 time(s) in a row).
2020-02-28 04:03:25.940 [IPEngineApp] WARNING | No heartbeat in the last 3010 ms (10 time(s) in a row).
2020-02-28 04:03:36.559 [IPEngineApp] WARNING | No heartbeat in the last 3010 ms (12 time(s) in a row).
2020-02-28 04:03:29.032 [IPEngineApp] WARNING | No heartbeat in the last 3010 ms (11 time(s) in a row).
2020-02-28 04:03:29.032 [IPEngineApp] WARNING | No heartbeat in the last 3010 ms (11 time(s) in a row).
2020-02-28 04:03:28.558 [IPEngineApp] WARNING | No heartbeat in the last 3010 ms (11 time(s) in a row).
2020-02-28 04:03:28.950 [IPEngineApp] WARNING | No heartbeat in the last 3010 ms (11 time(s) in a row).
2020-02-28 04:03:39.569 [IPEngineApp] WARNING | No heartbeat in the last 3010 ms (13 time(s) in a row).
2020-02-28 04:03:32.042 [IPEngineApp] WARNING | No heartbeat in the last 3010 ms (12 time(s) in a row).
2020-02-28 04:03:32.042 [IPEngineApp] WARNING | No heartbeat in the last 3010 ms (12 time(s) in a row).
2020-02-28 04:03:31.568 [IPEngineApp] WARNING | No heartbeat in the last 3010 ms (12 time(s) in a row).
2020-02-28 04:03:31.960 [IPEngineApp] WARNING | No heartbeat in the last 3010 ms (12 time(s) in a row).
2020-02-28 04:03:42.579 [IPEngineApp] WARNING | No heartbeat in the last 3010 ms (14 time(s) in a row).
2020-02-28 04:03:35.052 [IPEngineApp] WARNING | No heartbeat in the last 3010 ms (13 time(s) in a row).
2020-02-28 04:03:35.051 [IPEngineApp] WARNING | No heartbeat in the last 3010 ms (13 time(s) in a row).
2020-02-28 04:03:34.577 [IPEngineApp] WARNING | No heartbeat in the last 3010 ms (13 time(s) in a row).
2020-02-28 04:03:34.971 [IPEngineApp] WARNING | No heartbeat in the last 3010 ms (13 time(s) in a row).
2020-02-28 04:03:45.589 [IPEngineApp] WARNING | No heartbeat in the last 3010 ms (15 time(s) in a row).
2020-02-28 04:03:38.062 [IPEngineApp] WARNING | No heartbeat in the last 3010 ms (14 time(s) in a row).
2020-02-28 04:03:38.062 [IPEngineApp] WARNING | No heartbeat in the last 3010 ms (14 time(s) in a row).
2020-02-28 04:03:37.588 [IPEngineApp] WARNING | No heartbeat in the last 3010 ms (14 time(s) in a row).
2020-02-28 04:03:37.980 [IPEngineApp] WARNING | No heartbeat in the last 3010 ms (14 time(s) in a row).
2020-02-28 04:03:48.599 [IPEngineApp] WARNING | No heartbeat in the last 3010 ms (16 time(s) in a row).
2020-02-28 04:03:41.072 [IPEngineApp] WARNING | No heartbeat in the last 3010 ms (15 time(s) in a row).
2020-02-28 04:03:41.072 [IPEngineApp] WARNING | No heartbeat in the last 3010 ms (15 time(s) in a row).
2020-02-28 04:03:40.598 [IPEngineApp] WARNING | No heartbeat in the last 3010 ms (15 time(s) in a row).
2020-02-28 04:03:40.990 [IPEngineApp] WARNING | No heartbeat in the last 3010 ms (15 time(s) in a row).
2020-02-28 04:03:51.609 [IPEngineApp] WARNING | No heartbeat in the last 3010 ms (17 time(s) in a row).
2020-02-28 04:03:44.081 [IPEngineApp] WARNING | No heartbeat in the last 3010 ms (16 time(s) in a row).
2020-02-28 04:03:44.082 [IPEngineApp] WARNING | No heartbeat in the last 3010 ms (16 time(s) in a row).
2020-02-28 04:03:43.608 [IPEngineApp] WARNING | No heartbeat in the last 3010 ms (16 time(s) in a row).
2020-02-28 04:03:44.001 [IPEngineApp] WARNING | No heartbeat in the last 3010 ms (16 time(s) in a row).
2020-02-28 04:03:54.619 [IPEngineApp] WARNING | No heartbeat in the last 3010 ms (18 time(s) in a row).
2020-02-28 04:03:47.092 [IPEngineApp] WARNING | No heartbeat in the last 3010 ms (17 time(s) in a row).
2020-02-28 04:03:47.092 [IPEngineApp] WARNING | No heartbeat in the last 3010 ms (17 time(s) in a row).
2020-02-28 04:03:46.618 [IPEngineApp] WARNING | No heartbeat in the last 3010 ms (17 time(s) in a row).
2020-02-28 04:03:47.010 [IPEngineApp] WARNING | No heartbeat in the last 3010 ms (17 time(s) in a row).
2020-02-28 04:03:57.629 [IPEngineApp] WARNING | No heartbeat in the last 3010 ms (19 time(s) in a row).
2020-02-28 04:03:50.102 [IPEngineApp] WARNING | No heartbeat in the last 3010 ms (18 time(s) in a row).
2020-02-28 04:03:50.102 [IPEngineApp] WARNING | No heartbeat in the last 3010 ms (18 time(s) in a row).
2020-02-28 04:03:49.628 [IPEngineApp] WARNING | No heartbeat in the last 3010 ms (18 time(s) in a row).
2020-02-28 04:03:50.020 [IPEngineApp] WARNING | No heartbeat in the last 3010 ms (18 time(s) in a row).
2020-02-28 04:04:00.639 [IPEngineApp] WARNING | No heartbeat in the last 3010 ms (20 time(s) in a row).
2020-02-28 04:03:56.122 [IPEngineApp] WARNING | No heartbeat in the last 3010 ms (1 time(s) in a row).
2020-02-28 04:03:56.122 [IPEngineApp] WARNING | No heartbeat in the last 3010 ms (1 time(s) in a row).
2020-02-28 04:03:55.648 [IPEngineApp] WARNING | No heartbeat in the last 3010 ms (1 time(s) in a row).
2020-02-28 04:03:56.040 [IPEngineApp] WARNING | No heartbeat in the last 3010 ms (1 time(s) in a row).
2020-02-28 04:04:03.649 [IPEngineApp] WARNING | No heartbeat in the last 3010 ms (21 time(s) in a row).
2020-02-28 04:03:59.132 [IPEngineApp] WARNING | No heartbeat in the last 3010 ms (2 time(s) in a row).
2020-02-28 04:03:59.131 [IPEngineApp] WARNING | No heartbeat in the last 3010 ms (2 time(s) in a row).
2020-02-28 04:03:58.658 [IPEngineApp] WARNING | No heartbeat in the last 3010 ms (2 time(s) in a row).
2020-02-28 04:03:59.050 [IPEngineApp] WARNING | No heartbeat in the last 3010 ms (2 time(s) in a row).
2020-02-28 04:04:06.660 [IPEngineApp] WARNING | No heartbeat in the last 3010 ms (22 time(s) in a row).
2020-02-28 04:04:02.142 [IPEngineApp] WARNING | No heartbeat in the last 3010 ms (3 time(s) in a row).
2020-02-28 04:04:02.142 [IPEngineApp] WARNING | No heartbeat in the last 3010 ms (3 time(s) in a row).
2020-02-28 04:04:01.668 [IPEngineApp] WARNING | No heartbeat in the last 3010 ms (3 time(s) in a row).
2020-02-28 04:04:02.061 [IPEngineApp] WARNING | No heartbeat in the last 3010 ms (3 time(s) in a row).
2020-02-28 04:04:09.669 [IPEngineApp] WARNING | No heartbeat in the last 3010 ms (23 time(s) in a row).
2020-02-28 04:04:05.152 [IPEngineApp] WARNING | No heartbeat in the last 3010 ms (4 time(s) in a row).
2020-02-28 04:04:05.152 [IPEngineApp] WARNING | No heartbeat in the last 3010 ms (4 time(s) in a row).
2020-02-28 04:04:04.678 [IPEngineApp] WARNING | No heartbeat in the last 3010 ms (4 time(s) in a row).
2020-02-28 04:04:05.070 [IPEngineApp] WARNING | No heartbeat in the last 3010 ms (4 time(s) in a row).
2020-02-28 04:04:08.162 [IPEngineApp] WARNING | No heartbeat in the last 3010 ms (5 time(s) in a row).
2020-02-28 04:04:08.161 [IPEngineApp] WARNING | No heartbeat in the last 3010 ms (5 time(s) in a row).
2020-02-28 04:04:07.688 [IPEngineApp] WARNING | No heartbeat in the last 3010 ms (5 time(s) in a row).
2020-02-28 04:04:08.080 [IPEngineApp] WARNING | No heartbeat in the last 3010 ms (5 time(s) in a row).
slurmstepd: error: *** STEP 28392699.0 ON nid01965 CANCELLED AT 2020-02-28T04:07:05 DUE TO TIME LIMIT ***
2020-02-28 04:07:05.235 [IPControllerApp] CRITICAL | Received signal 15, shutting down
2020-02-28 04:07:05.235 [IPControllerApp] CRITICAL | terminating children...
srun: got SIGCONT
srun: forcing job termination
