[+] ------START TIME (ST): Mon Mar  2 18:03:44 PST 2020------
Start cluster...
Launching controller
2020-03-02 18:03:47.788 [IPControllerApp] Hub listening on tcp://10.128.5.205:60923 for registration.
2020-03-02 18:03:47.789 [IPControllerApp] Hub using DB backend: 'DictDB'
2020-03-02 18:03:48.042 [IPControllerApp] hub::created hub
2020-03-02 18:03:48.042 [IPControllerApp] writing connection info to /global/u2/m/muszyng/.ipython/profile_default/security/ipcontroller-cori_28491869-client.json
2020-03-02 18:03:48.058 [IPControllerApp] writing connection info to /global/u2/m/muszyng/.ipython/profile_default/security/ipcontroller-cori_28491869-engine.json
2020-03-02 18:03:48.075 [IPControllerApp] task::using Python leastload Task scheduler
2020-03-02 18:03:48.075 [IPControllerApp] Heartmonitor started
2020-03-02 18:03:48.097 [scheduler] Scheduler started [leastload]
2020-03-02 18:03:48.101 [IPControllerApp] Creating pid file: /global/u2/m/muszyng/.ipython/profile_default/pid/ipcontroller-cori_28491869.pid
2020-03-02 18:03:48.105 [IPControllerApp] client::client b'\x00k\x8bEg' requested 'connection_request'
2020-03-02 18:03:48.105 [IPControllerApp] client::client [b'\x00k\x8bEg'] connected
Launching engines
2020-03-02 18:04:16.905 [IPEngineApp] Loading url_file '/global/u2/m/muszyng/.ipython/profile_default/security/ipcontroller-cori_28491869-engine.json'
2020-03-02 18:04:16.912 [IPControllerApp] client::client b'd30d07ab-183a7f80d1ff716ae1ca5739' requested 'registration_request'
2020-03-02 18:04:16.910 [IPEngineApp] Registering with controller at tcp://10.128.5.205:60923
2020-03-02 18:04:16.975 [IPEngineApp] Starting to monitor the heartbeat signal from the hub every 3010 ms.
2020-03-02 18:04:16.988 [IPEngineApp] Completed registration with id 0
2020-03-02 18:04:18.365 [IPEngineApp] Loading url_file '/global/u2/m/muszyng/.ipython/profile_default/security/ipcontroller-cori_28491869-engine.json'
2020-03-02 18:04:18.369 [IPEngineApp] Registering with controller at tcp://10.128.5.205:60923
2020-03-02 18:04:18.371 [IPControllerApp] client::client b'b45c03de-194b88bac96e243b0e2bf6ae' requested 'registration_request'
2020-03-02 18:04:18.432 [IPEngineApp] Starting to monitor the heartbeat signal from the hub every 3010 ms.
2020-03-02 18:04:18.442 [IPEngineApp] Completed registration with id 1
2020-03-02 18:04:18.656 [IPEngineApp] Loading url_file '/global/u2/m/muszyng/.ipython/profile_default/security/ipcontroller-cori_28491869-engine.json'
2020-03-02 18:04:18.664 [IPControllerApp] client::client b'302012f3-f564d066ec7c34ca2ca95024' requested 'registration_request'
2020-03-02 18:04:18.663 [IPEngineApp] Registering with controller at tcp://10.128.5.205:60923
2020-03-02 18:04:18.719 [IPEngineApp] Starting to monitor the heartbeat signal from the hub every 3010 ms.
2020-03-02 18:04:18.728 [IPEngineApp] Completed registration with id 2
2020-03-02 18:04:18.732 [IPEngineApp] Loading url_file '/global/u2/m/muszyng/.ipython/profile_default/security/ipcontroller-cori_28491869-engine.json'
2020-03-02 18:04:18.737 [IPEngineApp] Registering with controller at tcp://10.128.5.205:60923
2020-03-02 18:04:18.738 [IPControllerApp] client::client b'181f9f97-b6866d11971b6f5f7de6c445' requested 'registration_request'
2020-03-02 18:04:18.795 [IPEngineApp] Starting to monitor the heartbeat signal from the hub every 3010 ms.
2020-03-02 18:04:18.804 [IPEngineApp] Completed registration with id 3
2020-03-02 18:04:20.182 [IPEngineApp] Loading url_file '/global/u2/m/muszyng/.ipython/profile_default/security/ipcontroller-cori_28491869-engine.json'
2020-03-02 18:04:20.187 [IPEngineApp] Registering with controller at tcp://10.128.5.205:60923
2020-03-02 18:04:20.188 [IPControllerApp] client::client b'a3f6a38e-ed731e9616f0175279cd0c92' requested 'registration_request'
2020-03-02 18:04:20.269 [IPEngineApp] Starting to monitor the heartbeat signal from the hub every 3010 ms.
2020-03-02 18:04:20.280 [IPEngineApp] Completed registration with id 4
2020-03-02 18:04:21.077 [IPControllerApp] registration::finished registering engine 0:d30d07ab-183a7f80d1ff716ae1ca5739
2020-03-02 18:04:21.078 [IPControllerApp] engine::Engine Connected: 0
2020-03-02 18:04:24.079 [IPControllerApp] registration::finished registering engine 1:b45c03de-194b88bac96e243b0e2bf6ae
2020-03-02 18:04:24.079 [IPControllerApp] engine::Engine Connected: 1
2020-03-02 18:04:24.083 [IPControllerApp] registration::finished registering engine 3:181f9f97-b6866d11971b6f5f7de6c445
2020-03-02 18:04:24.083 [IPControllerApp] engine::Engine Connected: 3
2020-03-02 18:04:24.123 [IPControllerApp] registration::finished registering engine 2:302012f3-f564d066ec7c34ca2ca95024
2020-03-02 18:04:24.123 [IPControllerApp] engine::Engine Connected: 2
2020-03-02 18:04:24.138 [IPControllerApp] registration::finished registering engine 4:a3f6a38e-ed731e9616f0175279cd0c92
2020-03-02 18:04:24.139 [IPControllerApp] engine::Engine Connected: 4
2020-03-02 18:04:55.607 [IPControllerApp] client::client b'\x00k\x8bEh' requested 'connection_request'
2020-03-02 18:04:55.607 [IPControllerApp] client::client [b'\x00k\x8bEh'] connected
Model_A_7 141 341 20
Job id: 28491869; Cluster id: cori_28491869
Worker IDs: [0, 1, 2, 3, 4]
Original order  ['7_train_0_.h5', '7_train_1_.h5', '7_train_2_.h5', '7_train_3_.h5', '7_train_4_.h5', '7_train_5_.h5', '7_train_6_.h5', '7_train_7_.h5', '7_train_8_.h5', '7_train_9_.h5', '7_train_10_.h5', '7_train_11_.h5', '7_train_12_.h5', '7_train_13_.h5', '7_train_14_.h5', '7_train_15_.h5', '7_train_16_.h5', '7_train_17_.h5', '7_train_18_.h5', '7_train_19_.h5'] ['7_val_0_.h5', '7_val_1_.h5', '7_val_2_.h5', '7_val_3_.h5', '7_val_4_.h5', '7_val_5_.h5', '7_val_6_.h5', '7_val_7_.h5', '7_val_8_.h5', '7_val_9_.h5', '7_val_10_.h5', '7_val_11_.h5', '7_val_12_.h5', '7_val_13_.h5', '7_val_14_.h5', '7_val_15_.h5', '7_val_16_.h5', '7_val_17_.h5', '7_val_18_.h5', '7_val_19_.h5']
Shuffled files: ['7_train_1_.h5', '7_train_0_.h5', '7_train_7_.h5', '7_train_13_.h5', '7_train_12_.h5', '7_train_6_.h5', '7_train_3_.h5', '7_train_8_.h5', '7_train_17_.h5', '7_train_14_.h5', '7_train_9_.h5', '7_train_18_.h5', '7_train_4_.h5', '7_train_16_.h5', '7_train_19_.h5', '7_train_11_.h5', '7_train_5_.h5', '7_train_15_.h5', '7_train_10_.h5', '7_train_2_.h5'] ['7_val_13_.h5', '7_val_5_.h5', '7_val_9_.h5', '7_val_3_.h5', '7_val_19_.h5', '7_val_8_.h5', '7_val_16_.h5', '7_val_10_.h5', '7_val_17_.h5', '7_val_12_.h5', '7_val_1_.h5', '7_val_6_.h5', '7_val_4_.h5', '7_val_18_.h5', '7_val_2_.h5', '7_val_15_.h5', '7_val_14_.h5', '7_val_7_.h5', '7_val_0_.h5', '7_val_11_.h5']
/global/cscratch1/sd/muszyng/cnn_model_runs/regression/Model_A/Model_A_7/28491869
['ihp', 'n_hpo_trials', 'n_convs_layers', 'conv_sizes', 'n_fc_layers', 'fc_sizes', 'dropout', 'optimizer', 'lr', 'batch_sizes', 'n_epochs', 'repeats_conv', 'recep_fields', 'checkpoint_dir']
Hyperparameter trial 0 conv [ 64 128 256 512] fc [256 128  64] dropout 0.1189 opt Adam, lr 0.0000, batch sizes 128
Checkpoint file: /global/cscratch1/sd/muszyng/cnn_model_runs/regression/Model_A/Model_A_7/28491869/model_0.h5
Hyperparameter trial 1 conv [ 64 128 256 512] fc [256 128  64] dropout 0.1107 opt Adam, lr 0.0000, batch sizes 32
Checkpoint file: /global/cscratch1/sd/muszyng/cnn_model_runs/regression/Model_A/Model_A_7/28491869/model_1.h5
Hyperparameter trial 2 conv [ 64 128 256 512] fc [256 128  64] dropout 0.1372 opt Adam, lr 0.0000, batch sizes 64
Checkpoint file: /global/cscratch1/sd/muszyng/cnn_model_runs/regression/Model_A/Model_A_7/28491869/model_2.h5
Hyperparameter trial 3 conv [ 64 128 256 512] fc [256 128  64] dropout 0.1494 opt Adam, lr 0.0000, batch sizes 64
Checkpoint file: /global/cscratch1/sd/muszyng/cnn_model_runs/regression/Model_A/Model_A_7/28491869/model_3.h5
Hyperparameter trial 4 conv [ 64 128 256 512] fc [256 128  64] dropout 0.1338 opt Adam, lr 0.0000, batch sizes 256
Checkpoint file: /global/cscratch1/sd/muszyng/cnn_model_runs/regression/Model_A/Model_A_7/28491869/model_4.h5
2020-03-02 18:04:56.305 [IPControllerApp] task::task '83ee2a57-d11d53b9e7bddaf3f0acc21d' arrived on 4
2020-03-02 18:04:56.307 [IPControllerApp] task::task '0118b822-e7e18f998521cdcd73fa1876' arrived on 2
2020-03-02 18:04:56.309 [IPControllerApp] task::task 'c573b96e-2d971bf04d9157e210108db7' arrived on 3
2020-03-02 18:04:56.311 [IPControllerApp] task::task 'd5f03541-94281b1ba525900d1b1484e8' arrived on 1
2020-03-02 18:04:56.314 [IPControllerApp] task::task 'ef433de8-f7d3bcad4da54bdc3f63623e' arrived on 0
WARNING:tensorflow:From test_ipyparallel.py:101: The name tf.keras.backend.set_session is deprecated. Please use tf.compat.v1.keras.backend.set_session instead.

WARNING:tensorflow:From /global/u2/m/muszyng/project-cnn-tda/cnn-project/my_project/new_project_mid_lat/code_for_paper/project/Model_A/Model_A_regres/mlextras.py:39: The name tf.ConfigProto is deprecated. Please use tf.compat.v1.ConfigProto instead.

WARNING:tensorflow:From /global/u2/m/muszyng/project-cnn-tda/cnn-project/my_project/new_project_mid_lat/code_for_paper/project/Model_A/Model_A_regres/mlextras.py:43: The name tf.Session is deprecated. Please use tf.compat.v1.Session instead.

2020-03-02 18:04:58.706467: I tensorflow/core/platform/cpu_feature_guard.cc:145] This TensorFlow binary is optimized with Intel(R) MKL-DNN to use the following CPU instructions in performance critical operations:  SSE4.1 SSE4.2 AVX AVX2 FMA
To enable them in non-MKL-DNN operations, rebuild TensorFlow with the appropriate compiler flags.
2020-03-02 18:04:58.727816: I tensorflow/core/platform/profile_utils/cpu_utils.cc:94] CPU Frequency: 2300020000 Hz
2020-03-02 18:04:58.729558: I tensorflow/compiler/xla/service/service.cc:168] XLA service 0x555558e0ba70 initialized for platform Host (this does not guarantee that XLA will be used). Devices:
2020-03-02 18:04:58.729572: I tensorflow/compiler/xla/service/service.cc:176]   StreamExecutor device (0): Host, Default Version
WARNING:tensorflow:From /usr/common/software/tensorflow/intel-tensorflow/1.15.0-py37/lib/python3.7/site-packages/tensorflow_core/python/ops/resource_variable_ops.py:1630: calling BaseResourceVariable.__init__ (from tensorflow.python.ops.resource_variable_ops) with constraint is deprecated and will be removed in a future version.
Instructions for updating:
If using Keras pass *_constraint arguments to layers.
WARNING:tensorflow:`epsilon` argument is deprecated and will be removed, use `min_delta` instead.
WARNING:tensorflow:`period` argument is deprecated. Please use `save_freq` to specify the frequency in number of samples seen.
WARNING:tensorflow:From test_ipyparallel.py:101: The name tf.keras.backend.set_session is deprecated. Please use tf.compat.v1.keras.backend.set_session instead.

WARNING:tensorflow:From /global/u2/m/muszyng/project-cnn-tda/cnn-project/my_project/new_project_mid_lat/code_for_paper/project/Model_A/Model_A_regres/mlextras.py:39: The name tf.ConfigProto is deprecated. Please use tf.compat.v1.ConfigProto instead.

WARNING:tensorflow:From /global/u2/m/muszyng/project-cnn-tda/cnn-project/my_project/new_project_mid_lat/code_for_paper/project/Model_A/Model_A_regres/mlextras.py:43: The name tf.Session is deprecated. Please use tf.compat.v1.Session instead.

2020-03-02 18:05:04.830215: I tensorflow/core/platform/cpu_feature_guard.cc:145] This TensorFlow binary is optimized with Intel(R) MKL-DNN to use the following CPU instructions in performance critical operations:  SSE4.1 SSE4.2 AVX AVX2 FMA
To enable them in non-MKL-DNN operations, rebuild TensorFlow with the appropriate compiler flags.
2020-03-02 18:05:04.851851: I tensorflow/core/platform/profile_utils/cpu_utils.cc:94] CPU Frequency: 2300160000 Hz
2020-03-02 18:05:04.853576: I tensorflow/compiler/xla/service/service.cc:168] XLA service 0x555558df7290 initialized for platform Host (this does not guarantee that XLA will be used). Devices:
2020-03-02 18:05:04.853590: I tensorflow/compiler/xla/service/service.cc:176]   StreamExecutor device (0): Host, Default Version
WARNING:tensorflow:From /usr/common/software/tensorflow/intel-tensorflow/1.15.0-py37/lib/python3.7/site-packages/tensorflow_core/python/ops/resource_variable_ops.py:1630: calling BaseResourceVariable.__init__ (from tensorflow.python.ops.resource_variable_ops) with constraint is deprecated and will be removed in a future version.
Instructions for updating:
If using Keras pass *_constraint arguments to layers.
WARNING:tensorflow:`epsilon` argument is deprecated and will be removed, use `min_delta` instead.
WARNING:tensorflow:`period` argument is deprecated. Please use `save_freq` to specify the frequency in number of samples seen.
WARNING:tensorflow:From test_ipyparallel.py:101: The name tf.keras.backend.set_session is deprecated. Please use tf.compat.v1.keras.backend.set_session instead.

WARNING:tensorflow:From /global/u2/m/muszyng/project-cnn-tda/cnn-project/my_project/new_project_mid_lat/code_for_paper/project/Model_A/Model_A_regres/mlextras.py:39: The name tf.ConfigProto is deprecated. Please use tf.compat.v1.ConfigProto instead.

WARNING:tensorflow:From /global/u2/m/muszyng/project-cnn-tda/cnn-project/my_project/new_project_mid_lat/code_for_paper/project/Model_A/Model_A_regres/mlextras.py:43: The name tf.Session is deprecated. Please use tf.compat.v1.Session instead.

2020-03-02 18:05:06.002121: I tensorflow/core/platform/cpu_feature_guard.cc:145] This TensorFlow binary is optimized with Intel(R) MKL-DNN to use the following CPU instructions in performance critical operations:  SSE4.1 SSE4.2 AVX AVX2 FMA
To enable them in non-MKL-DNN operations, rebuild TensorFlow with the appropriate compiler flags.
2020-03-02 18:05:06.024901: I tensorflow/core/platform/profile_utils/cpu_utils.cc:94] CPU Frequency: 2300190000 Hz
2020-03-02 18:05:06.026549: I tensorflow/compiler/xla/service/service.cc:168] XLA service 0x555558e0ba70 initialized for platform Host (this does not guarantee that XLA will be used). Devices:
2020-03-02 18:05:06.026572: I tensorflow/compiler/xla/service/service.cc:176]   StreamExecutor device (0): Host, Default Version
WARNING:tensorflow:From /usr/common/software/tensorflow/intel-tensorflow/1.15.0-py37/lib/python3.7/site-packages/tensorflow_core/python/ops/resource_variable_ops.py:1630: calling BaseResourceVariable.__init__ (from tensorflow.python.ops.resource_variable_ops) with constraint is deprecated and will be removed in a future version.
Instructions for updating:
If using Keras pass *_constraint arguments to layers.
WARNING:tensorflow:From test_ipyparallel.py:101: The name tf.keras.backend.set_session is deprecated. Please use tf.compat.v1.keras.backend.set_session instead.

WARNING:tensorflow:From /global/u2/m/muszyng/project-cnn-tda/cnn-project/my_project/new_project_mid_lat/code_for_paper/project/Model_A/Model_A_regres/mlextras.py:39: The name tf.ConfigProto is deprecated. Please use tf.compat.v1.ConfigProto instead.

WARNING:tensorflow:From /global/u2/m/muszyng/project-cnn-tda/cnn-project/my_project/new_project_mid_lat/code_for_paper/project/Model_A/Model_A_regres/mlextras.py:43: The name tf.Session is deprecated. Please use tf.compat.v1.Session instead.

2020-03-02 18:05:06.083811: I tensorflow/core/platform/cpu_feature_guard.cc:145] This TensorFlow binary is optimized with Intel(R) MKL-DNN to use the following CPU instructions in performance critical operations:  SSE4.1 SSE4.2 AVX AVX2 FMA
To enable them in non-MKL-DNN operations, rebuild TensorFlow with the appropriate compiler flags.
2020-03-02 18:05:06.108477: I tensorflow/core/platform/profile_utils/cpu_utils.cc:94] CPU Frequency: 2300060000 Hz
2020-03-02 18:05:06.110241: I tensorflow/compiler/xla/service/service.cc:168] XLA service 0x555558df0960 initialized for platform Host (this does not guarantee that XLA will be used). Devices:
2020-03-02 18:05:06.110256: I tensorflow/compiler/xla/service/service.cc:176]   StreamExecutor device (0): Host, Default Version
WARNING:tensorflow:From test_ipyparallel.py:101: The name tf.keras.backend.set_session is deprecated. Please use tf.compat.v1.keras.backend.set_session instead.

WARNING:tensorflow:From /global/u2/m/muszyng/project-cnn-tda/cnn-project/my_project/new_project_mid_lat/code_for_paper/project/Model_A/Model_A_regres/mlextras.py:39: The name tf.ConfigProto is deprecated. Please use tf.compat.v1.ConfigProto instead.

WARNING:tensorflow:From /global/u2/m/muszyng/project-cnn-tda/cnn-project/my_project/new_project_mid_lat/code_for_paper/project/Model_A/Model_A_regres/mlextras.py:43: The name tf.Session is deprecated. Please use tf.compat.v1.Session instead.

2020-03-02 18:05:06.120602: I tensorflow/core/platform/cpu_feature_guard.cc:145] This TensorFlow binary is optimized with Intel(R) MKL-DNN to use the following CPU instructions in performance critical operations:  SSE4.1 SSE4.2 AVX AVX2 FMA
To enable them in non-MKL-DNN operations, rebuild TensorFlow with the appropriate compiler flags.
WARNING:tensorflow:From /usr/common/software/tensorflow/intel-tensorflow/1.15.0-py37/lib/python3.7/site-packages/tensorflow_core/python/ops/resource_variable_ops.py:1630: calling BaseResourceVariable.__init__ (from tensorflow.python.ops.resource_variable_ops) with constraint is deprecated and will be removed in a future version.
Instructions for updating:
If using Keras pass *_constraint arguments to layers.
2020-03-02 18:05:06.144944: I tensorflow/core/platform/profile_utils/cpu_utils.cc:94] CPU Frequency: 2300185000 Hz
2020-03-02 18:05:06.146756: I tensorflow/compiler/xla/service/service.cc:168] XLA service 0x555558def350 initialized for platform Host (this does not guarantee that XLA will be used). Devices:
2020-03-02 18:05:06.146780: I tensorflow/compiler/xla/service/service.cc:176]   StreamExecutor device (0): Host, Default Version
WARNING:tensorflow:From /usr/common/software/tensorflow/intel-tensorflow/1.15.0-py37/lib/python3.7/site-packages/tensorflow_core/python/ops/resource_variable_ops.py:1630: calling BaseResourceVariable.__init__ (from tensorflow.python.ops.resource_variable_ops) with constraint is deprecated and will be removed in a future version.
Instructions for updating:
If using Keras pass *_constraint arguments to layers.
WARNING:tensorflow:`epsilon` argument is deprecated and will be removed, use `min_delta` instead.
WARNING:tensorflow:`period` argument is deprecated. Please use `save_freq` to specify the frequency in number of samples seen.
WARNING:tensorflow:`epsilon` argument is deprecated and will be removed, use `min_delta` instead.
WARNING:tensorflow:`period` argument is deprecated. Please use `save_freq` to specify the frequency in number of samples seen.
WARNING:tensorflow:`epsilon` argument is deprecated and will be removed, use `min_delta` instead.
WARNING:tensorflow:`period` argument is deprecated. Please use `save_freq` to specify the frequency in number of samples seen.
2020-03-02 19:47:39.079 [IPControllerApp] heartbeat::missed b'b45c03de-194b88bac96e243b0e2bf6ae' : 1
2020-03-02 19:48:22.653 [IPControllerApp] heartbeat::missed b'181f9f97-b6866d11971b6f5f7de6c445' : 1
2020-03-02 19:48:22.653 [IPControllerApp] heartbeat::missed b'302012f3-f564d066ec7c34ca2ca95024' : 1
2020-03-02 19:48:22.653 [IPControllerApp] heartbeat::missed b'a3f6a38e-ed731e9616f0175279cd0c92' : 1
2020-03-02 19:48:24.077 [IPControllerApp] heartbeat::missed b'b45c03de-194b88bac96e243b0e2bf6ae' : 2
2020-03-02 19:48:24.077 [IPControllerApp] heartbeat::missed b'181f9f97-b6866d11971b6f5f7de6c445' : 2
2020-03-02 19:48:24.077 [IPControllerApp] heartbeat::missed b'302012f3-f564d066ec7c34ca2ca95024' : 2
2020-03-02 19:48:24.078 [IPControllerApp] heartbeat::missed b'a3f6a38e-ed731e9616f0175279cd0c92' : 2
2020-03-02 19:48:27.077 [IPControllerApp] heartbeat::missed b'b45c03de-194b88bac96e243b0e2bf6ae' : 3
2020-03-02 19:48:27.077 [IPControllerApp] heartbeat::missed b'181f9f97-b6866d11971b6f5f7de6c445' : 3
2020-03-02 19:48:27.077 [IPControllerApp] heartbeat::missed b'302012f3-f564d066ec7c34ca2ca95024' : 3
2020-03-02 19:48:27.077 [IPControllerApp] heartbeat::missed b'a3f6a38e-ed731e9616f0175279cd0c92' : 3
2020-03-02 19:48:30.076 [IPControllerApp] heartbeat::missed b'b45c03de-194b88bac96e243b0e2bf6ae' : 4
2020-03-02 19:48:30.077 [IPControllerApp] heartbeat::missed b'181f9f97-b6866d11971b6f5f7de6c445' : 4
2020-03-02 19:48:30.077 [IPControllerApp] heartbeat::missed b'302012f3-f564d066ec7c34ca2ca95024' : 4
2020-03-02 19:48:30.077 [IPControllerApp] heartbeat::missed b'a3f6a38e-ed731e9616f0175279cd0c92' : 4
2020-03-02 19:48:30.452 [IPControllerApp] WARNING | heartbeat::got bad heartbeat (possibly old?): b'6228.0032415390015' (current=6282.001)
2020-03-02 19:48:30.453 [IPControllerApp] WARNING | heartbeat::got bad heartbeat (possibly old?): b'6228.0032415390015' (current=6282.001)
2020-03-02 19:48:30.454 [IPControllerApp] WARNING | heartbeat::got bad heartbeat (possibly old?): b'6228.0032415390015' (current=6282.001)
2020-03-02 19:48:30.454 [IPControllerApp] WARNING | heartbeat::got bad heartbeat (possibly old?): b'6228.0032415390015' (current=6282.001)
2020-03-02 19:48:30.454 [IPControllerApp] WARNING | heartbeat::got bad heartbeat (possibly old?): b'6231.004012107849' (current=6282.001)
2020-03-02 19:48:30.454 [IPControllerApp] WARNING | heartbeat::got bad heartbeat (possibly old?): b'6231.004012107849' (current=6282.001)
2020-03-02 19:48:30.454 [IPControllerApp] WARNING | heartbeat::got bad heartbeat (possibly old?): b'6231.004012107849' (current=6282.001)
2020-03-02 19:48:30.455 [IPControllerApp] WARNING | heartbeat::got bad heartbeat (possibly old?): b'6231.004012107849' (current=6282.001)
2020-03-02 19:48:30.455 [IPControllerApp] WARNING | heartbeat::got bad heartbeat (possibly old?): b'6276.00182723999' (current=6282.001)
2020-03-02 19:48:30.455 [IPControllerApp] WARNING | heartbeat::got bad heartbeat (possibly old?): b'6276.00182723999' (current=6282.001)
2020-03-02 19:48:30.455 [IPControllerApp] WARNING | heartbeat::got bad heartbeat (possibly old?): b'6276.00182723999' (current=6282.001)
2020-03-02 19:48:30.456 [IPControllerApp] WARNING | heartbeat::got bad heartbeat (possibly old?): b'6276.00182723999' (current=6282.001)
2020-03-02 19:48:30.456 [IPControllerApp] WARNING | heartbeat::heart b'a3f6a38e-ed731e9616f0175279cd0c92' missed a beat, and took 3379.22 ms to respond
2020-03-02 19:48:30.456 [IPControllerApp] WARNING | heartbeat::heart b'b45c03de-194b88bac96e243b0e2bf6ae' missed a beat, and took 3379.49 ms to respond
2020-03-02 19:48:30.456 [IPControllerApp] WARNING | heartbeat::heart b'181f9f97-b6866d11971b6f5f7de6c445' missed a beat, and took 3379.70 ms to respond
2020-03-02 19:48:30.456 [IPControllerApp] WARNING | heartbeat::heart b'302012f3-f564d066ec7c34ca2ca95024' missed a beat, and took 3379.95 ms to respond
2020-03-02 20:35:33.966 [IPControllerApp] task::task '83ee2a57-d11d53b9e7bddaf3f0acc21d' finished on 4
IOStream.flush timed out
2020-03-02 20:35:35.422 [IPEngineApp] WARNING | No heartbeat in the last 3010 ms (1 time(s) in a row).
2020-03-02 20:38:39.019 [IPControllerApp] task::task '0118b822-e7e18f998521cdcd73fa1876' finished on 2
2020-03-02 20:41:28.764 [IPControllerApp] task::task 'd5f03541-94281b1ba525900d1b1484e8' finished on 1
2020-03-02 21:06:19.296 [IPControllerApp] task::task 'ef433de8-f7d3bcad4da54bdc3f63623e' finished on 0
IOStream.flush timed out
IOStream.flush timed out
IOStream.flush timed out
IOStream.flush timed out
IOStream.flush timed out
IOStream.flush timed out
IOStream.flush timed out
IOStream.flush timed out
2020-03-02 21:06:20.267 [IPEngineApp] WARNING | No heartbeat in the last 3010 ms (1 time(s) in a row).
2020-03-02 21:20:23.363 [IPControllerApp] task::task 'c573b96e-2d971bf04d9157e210108db7' finished on 3
slurmstepd: error: *** STEP 28491869.0 ON nid01474 CANCELLED AT 2020-03-03T01:04:15 DUE TO TIME LIMIT ***
srun: Job step aborted: Waiting up to 32 seconds for job step to finish.
srun: got SIGCONT
srun: forcing job termination
2020-03-03 01:04:15.641 [IPControllerApp] CRITICAL | Received signal 15, shutting down
2020-03-03 01:04:15.641 [IPControllerApp] CRITICAL | terminating children...
