[+] ------START TIME (ST): Mon Mar  2 18:03:44 PST 2020------
Start cluster...
Launching controller
2020-03-02 18:03:47.614 [IPControllerApp] Hub listening on tcp://10.128.5.242:33357 for registration.
2020-03-02 18:03:47.616 [IPControllerApp] Hub using DB backend: 'DictDB'
2020-03-02 18:03:47.867 [IPControllerApp] hub::created hub
2020-03-02 18:03:47.868 [IPControllerApp] writing connection info to /global/u2/m/muszyng/.ipython/profile_default/security/ipcontroller-cori_28491876-client.json
2020-03-02 18:03:47.888 [IPControllerApp] writing connection info to /global/u2/m/muszyng/.ipython/profile_default/security/ipcontroller-cori_28491876-engine.json
2020-03-02 18:03:47.911 [IPControllerApp] task::using Python leastload Task scheduler
2020-03-02 18:03:47.911 [IPControllerApp] Heartmonitor started
2020-03-02 18:03:47.930 [scheduler] Scheduler started [leastload]
2020-03-02 18:03:47.934 [IPControllerApp] Creating pid file: /global/u2/m/muszyng/.ipython/profile_default/pid/ipcontroller-cori_28491876.pid
2020-03-02 18:03:47.938 [IPControllerApp] client::client b'\x00k\x8bEg' requested 'connection_request'
2020-03-02 18:03:47.938 [IPControllerApp] client::client [b'\x00k\x8bEg'] connected
Launching engines
2020-03-02 18:04:17.964 [IPEngineApp] Loading url_file '/global/u2/m/muszyng/.ipython/profile_default/security/ipcontroller-cori_28491876-engine.json'
2020-03-02 18:04:17.974 [IPControllerApp] client::client b'dbdff290-2c65adccee8d9c735be52f7b' requested 'registration_request'
2020-03-02 18:04:17.973 [IPEngineApp] Registering with controller at tcp://10.128.5.242:33357
2020-03-02 18:04:18.038 [IPEngineApp] Starting to monitor the heartbeat signal from the hub every 3010 ms.
2020-03-02 18:04:18.051 [IPEngineApp] Completed registration with id 0
2020-03-02 18:04:19.399 [IPEngineApp] Loading url_file '/global/u2/m/muszyng/.ipython/profile_default/security/ipcontroller-cori_28491876-engine.json'
2020-03-02 18:04:19.404 [IPControllerApp] client::client b'e70382c7-132f41e84664b0664f6945d2' requested 'registration_request'
2020-03-02 18:04:19.403 [IPEngineApp] Registering with controller at tcp://10.128.5.242:33357
2020-03-02 18:04:19.458 [IPEngineApp] Starting to monitor the heartbeat signal from the hub every 3010 ms.
2020-03-02 18:04:19.476 [IPEngineApp] Completed registration with id 1
2020-03-02 18:04:20.132 [IPEngineApp] Loading url_file '/global/u2/m/muszyng/.ipython/profile_default/security/ipcontroller-cori_28491876-engine.json'
2020-03-02 18:04:20.137 [IPEngineApp] Registering with controller at tcp://10.128.5.242:33357
2020-03-02 18:04:20.139 [IPControllerApp] client::client b'a7f26734-b580f2aae91fc93dd2d02616' requested 'registration_request'
2020-03-02 18:04:20.139 [IPEngineApp] Loading url_file '/global/u2/m/muszyng/.ipython/profile_default/security/ipcontroller-cori_28491876-engine.json'
2020-03-02 18:04:20.143 [IPEngineApp] Registering with controller at tcp://10.128.5.242:33357
2020-03-02 18:04:20.145 [IPControllerApp] client::client b'0a51037a-edba9f33f84da0c9a29a5f61' requested 'registration_request'
2020-03-02 18:04:20.198 [IPEngineApp] Starting to monitor the heartbeat signal from the hub every 3010 ms.
2020-03-02 18:04:20.203 [IPEngineApp] Starting to monitor the heartbeat signal from the hub every 3010 ms.
2020-03-02 18:04:20.210 [IPEngineApp] Completed registration with id 2
2020-03-02 18:04:20.213 [IPEngineApp] Completed registration with id 3
2020-03-02 18:04:20.770 [IPEngineApp] Loading url_file '/global/u2/m/muszyng/.ipython/profile_default/security/ipcontroller-cori_28491876-engine.json'
2020-03-02 18:04:20.779 [IPControllerApp] client::client b'8c527076-514ee9aa61e71614d586f641' requested 'registration_request'
2020-03-02 18:04:20.778 [IPEngineApp] Registering with controller at tcp://10.128.5.242:33357
2020-03-02 18:04:20.876 [IPEngineApp] Starting to monitor the heartbeat signal from the hub every 3010 ms.
2020-03-02 18:04:20.887 [IPEngineApp] Completed registration with id 4
2020-03-02 18:04:23.915 [IPControllerApp] registration::finished registering engine 1:e70382c7-132f41e84664b0664f6945d2
2020-03-02 18:04:23.915 [IPControllerApp] engine::Engine Connected: 1
2020-03-02 18:04:23.928 [IPControllerApp] registration::finished registering engine 0:dbdff290-2c65adccee8d9c735be52f7b
2020-03-02 18:04:23.929 [IPControllerApp] engine::Engine Connected: 0
2020-03-02 18:04:23.931 [IPControllerApp] registration::finished registering engine 3:0a51037a-edba9f33f84da0c9a29a5f61
2020-03-02 18:04:23.931 [IPControllerApp] engine::Engine Connected: 3
2020-03-02 18:04:23.933 [IPControllerApp] registration::finished registering engine 2:a7f26734-b580f2aae91fc93dd2d02616
2020-03-02 18:04:23.934 [IPControllerApp] engine::Engine Connected: 2
2020-03-02 18:04:23.939 [IPControllerApp] registration::finished registering engine 4:8c527076-514ee9aa61e71614d586f641
2020-03-02 18:04:23.939 [IPControllerApp] engine::Engine Connected: 4
2020-03-02 18:04:55.607 [IPControllerApp] client::client b'\x00k\x8bEh' requested 'connection_request'
2020-03-02 18:04:55.608 [IPControllerApp] client::client [b'\x00k\x8bEh'] connected
Model_A_8 161 361 20
Job id: 28491876; Cluster id: cori_28491876
Worker IDs: [0, 1, 2, 3, 4]
Original order  ['8_train_0_.h5', '8_train_1_.h5', '8_train_2_.h5', '8_train_3_.h5', '8_train_4_.h5', '8_train_5_.h5', '8_train_6_.h5', '8_train_7_.h5', '8_train_8_.h5', '8_train_9_.h5', '8_train_10_.h5', '8_train_11_.h5', '8_train_12_.h5', '8_train_13_.h5', '8_train_14_.h5', '8_train_15_.h5', '8_train_16_.h5', '8_train_17_.h5', '8_train_18_.h5', '8_train_19_.h5'] ['8_val_0_.h5', '8_val_1_.h5', '8_val_2_.h5', '8_val_3_.h5', '8_val_4_.h5', '8_val_5_.h5', '8_val_6_.h5', '8_val_7_.h5', '8_val_8_.h5', '8_val_9_.h5', '8_val_10_.h5', '8_val_11_.h5', '8_val_12_.h5', '8_val_13_.h5', '8_val_14_.h5', '8_val_15_.h5', '8_val_16_.h5', '8_val_17_.h5', '8_val_18_.h5', '8_val_19_.h5']
Shuffled files: ['8_train_11_.h5', '8_train_8_.h5', '8_train_15_.h5', '8_train_19_.h5', '8_train_12_.h5', '8_train_17_.h5', '8_train_13_.h5', '8_train_3_.h5', '8_train_14_.h5', '8_train_4_.h5', '8_train_1_.h5', '8_train_0_.h5', '8_train_2_.h5', '8_train_18_.h5', '8_train_7_.h5', '8_train_16_.h5', '8_train_5_.h5', '8_train_6_.h5', '8_train_9_.h5', '8_train_10_.h5'] ['8_val_1_.h5', '8_val_7_.h5', '8_val_13_.h5', '8_val_8_.h5', '8_val_16_.h5', '8_val_4_.h5', '8_val_2_.h5', '8_val_18_.h5', '8_val_14_.h5', '8_val_19_.h5', '8_val_10_.h5', '8_val_6_.h5', '8_val_17_.h5', '8_val_3_.h5', '8_val_11_.h5', '8_val_9_.h5', '8_val_0_.h5', '8_val_5_.h5', '8_val_12_.h5', '8_val_15_.h5']
/global/cscratch1/sd/muszyng/cnn_model_runs/regression/Model_A/Model_A_8/28491876
['ihp', 'n_hpo_trials', 'n_convs_layers', 'conv_sizes', 'n_fc_layers', 'fc_sizes', 'dropout', 'optimizer', 'lr', 'batch_sizes', 'n_epochs', 'repeats_conv', 'recep_fields', 'checkpoint_dir']
Hyperparameter trial 0 conv [ 64 128 256 512] fc [256 128  64] dropout 0.1244 opt Adam, lr 0.0000, batch sizes 256
Checkpoint file: /global/cscratch1/sd/muszyng/cnn_model_runs/regression/Model_A/Model_A_8/28491876/model_0.h5
Hyperparameter trial 1 conv [ 64 128 256 512] fc [256 128  64] dropout 0.1255 opt Adam, lr 0.0000, batch sizes 128
Checkpoint file: /global/cscratch1/sd/muszyng/cnn_model_runs/regression/Model_A/Model_A_8/28491876/model_1.h5
Hyperparameter trial 2 conv [ 64 128 256 512] fc [256 128  64] dropout 0.1190 opt Adam, lr 0.0000, batch sizes 128
Checkpoint file: /global/cscratch1/sd/muszyng/cnn_model_runs/regression/Model_A/Model_A_8/28491876/model_2.h5
Hyperparameter trial 3 conv [ 64 128 256 512] fc [256 128  64] dropout 0.1500 opt Adam, lr 0.0000, batch sizes 256
Checkpoint file: /global/cscratch1/sd/muszyng/cnn_model_runs/regression/Model_A/Model_A_8/28491876/model_3.h5
Hyperparameter trial 4 conv [ 64 128 256 512] fc [256 128  64] dropout 0.1064 opt Adam, lr 0.0000, batch sizes 64
Checkpoint file: /global/cscratch1/sd/muszyng/cnn_model_runs/regression/Model_A/Model_A_8/28491876/model_4.h5
2020-03-02 18:04:56.307 [IPControllerApp] task::task '878270fc-1ca6d29d83dd5370344c1ff5' arrived on 4
2020-03-02 18:04:56.309 [IPControllerApp] task::task 'cb916a08-749a8f1cfdac6a4abac90a38' arrived on 2
2020-03-02 18:04:56.311 [IPControllerApp] task::task '453f8c7a-7549e7dd5c49f18df98e4bec' arrived on 3
2020-03-02 18:04:56.313 [IPControllerApp] task::task '066d63c2-a21e716883dedf034bc5e73a' arrived on 0
2020-03-02 18:04:56.314 [IPControllerApp] task::task '109c1d68-ccee10a9f81f452b1e98d289' arrived on 1
WARNING:tensorflow:From test_ipyparallel.py:101: The name tf.keras.backend.set_session is deprecated. Please use tf.compat.v1.keras.backend.set_session instead.

WARNING:tensorflow:From /global/u2/m/muszyng/project-cnn-tda/cnn-project/my_project/new_project_mid_lat/code_for_paper/project/Model_A/Model_A_regres/mlextras.py:39: The name tf.ConfigProto is deprecated. Please use tf.compat.v1.ConfigProto instead.

WARNING:tensorflow:From /global/u2/m/muszyng/project-cnn-tda/cnn-project/my_project/new_project_mid_lat/code_for_paper/project/Model_A/Model_A_regres/mlextras.py:43: The name tf.Session is deprecated. Please use tf.compat.v1.Session instead.

2020-03-02 18:04:58.741653: I tensorflow/core/platform/cpu_feature_guard.cc:145] This TensorFlow binary is optimized with Intel(R) MKL-DNN to use the following CPU instructions in performance critical operations:  SSE4.1 SSE4.2 AVX AVX2 FMA
To enable them in non-MKL-DNN operations, rebuild TensorFlow with the appropriate compiler flags.
2020-03-02 18:04:58.761799: I tensorflow/core/platform/profile_utils/cpu_utils.cc:94] CPU Frequency: 2300130000 Hz
2020-03-02 18:04:58.763415: I tensorflow/compiler/xla/service/service.cc:168] XLA service 0x555558df5ca0 initialized for platform Host (this does not guarantee that XLA will be used). Devices:
2020-03-02 18:04:58.763430: I tensorflow/compiler/xla/service/service.cc:176]   StreamExecutor device (0): Host, Default Version
WARNING:tensorflow:From /usr/common/software/tensorflow/intel-tensorflow/1.15.0-py37/lib/python3.7/site-packages/tensorflow_core/python/ops/resource_variable_ops.py:1630: calling BaseResourceVariable.__init__ (from tensorflow.python.ops.resource_variable_ops) with constraint is deprecated and will be removed in a future version.
Instructions for updating:
If using Keras pass *_constraint arguments to layers.
WARNING:tensorflow:`epsilon` argument is deprecated and will be removed, use `min_delta` instead.
WARNING:tensorflow:`period` argument is deprecated. Please use `save_freq` to specify the frequency in number of samples seen.
WARNING:tensorflow:From test_ipyparallel.py:101: The name tf.keras.backend.set_session is deprecated. Please use tf.compat.v1.keras.backend.set_session instead.

WARNING:tensorflow:From /global/u2/m/muszyng/project-cnn-tda/cnn-project/my_project/new_project_mid_lat/code_for_paper/project/Model_A/Model_A_regres/mlextras.py:39: The name tf.ConfigProto is deprecated. Please use tf.compat.v1.ConfigProto instead.

WARNING:tensorflow:From test_ipyparallel.py:101: The name tf.keras.backend.set_session is deprecated. Please use tf.compat.v1.keras.backend.set_session instead.

WARNING:tensorflow:From /global/u2/m/muszyng/project-cnn-tda/cnn-project/my_project/new_project_mid_lat/code_for_paper/project/Model_A/Model_A_regres/mlextras.py:39: The name tf.ConfigProto is deprecated. Please use tf.compat.v1.ConfigProto instead.

WARNING:tensorflow:From /global/u2/m/muszyng/project-cnn-tda/cnn-project/my_project/new_project_mid_lat/code_for_paper/project/Model_A/Model_A_regres/mlextras.py:43: The name tf.Session is deprecated. Please use tf.compat.v1.Session instead.

WARNING:tensorflow:From /global/u2/m/muszyng/project-cnn-tda/cnn-project/my_project/new_project_mid_lat/code_for_paper/project/Model_A/Model_A_regres/mlextras.py:43: The name tf.Session is deprecated. Please use tf.compat.v1.Session instead.

2020-03-02 18:05:04.954200: I tensorflow/core/platform/cpu_feature_guard.cc:145] This TensorFlow binary is optimized with Intel(R) MKL-DNN to use the following CPU instructions in performance critical operations:  SSE4.1 SSE4.2 AVX AVX2 FMA
To enable them in non-MKL-DNN operations, rebuild TensorFlow with the appropriate compiler flags.
2020-03-02 18:05:04.954720: I tensorflow/core/platform/cpu_feature_guard.cc:145] This TensorFlow binary is optimized with Intel(R) MKL-DNN to use the following CPU instructions in performance critical operations:  SSE4.1 SSE4.2 AVX AVX2 FMA
To enable them in non-MKL-DNN operations, rebuild TensorFlow with the appropriate compiler flags.
2020-03-02 18:05:04.975975: I tensorflow/core/platform/profile_utils/cpu_utils.cc:94] CPU Frequency: 2299895000 Hz
2020-03-02 18:05:04.976829: I tensorflow/core/platform/profile_utils/cpu_utils.cc:94] CPU Frequency: 2299990000 Hz
2020-03-02 18:05:04.977645: I tensorflow/compiler/xla/service/service.cc:168] XLA service 0x555558e0ac20 initialized for platform Host (this does not guarantee that XLA will be used). Devices:
2020-03-02 18:05:04.977662: I tensorflow/compiler/xla/service/service.cc:176]   StreamExecutor device (0): Host, Default Version
2020-03-02 18:05:04.978547: I tensorflow/compiler/xla/service/service.cc:168] XLA service 0x555558df6000 initialized for platform Host (this does not guarantee that XLA will be used). Devices:
2020-03-02 18:05:04.978564: I tensorflow/compiler/xla/service/service.cc:176]   StreamExecutor device (0): Host, Default Version
WARNING:tensorflow:From /usr/common/software/tensorflow/intel-tensorflow/1.15.0-py37/lib/python3.7/site-packages/tensorflow_core/python/ops/resource_variable_ops.py:1630: calling BaseResourceVariable.__init__ (from tensorflow.python.ops.resource_variable_ops) with constraint is deprecated and will be removed in a future version.
Instructions for updating:
If using Keras pass *_constraint arguments to layers.
WARNING:tensorflow:From /usr/common/software/tensorflow/intel-tensorflow/1.15.0-py37/lib/python3.7/site-packages/tensorflow_core/python/ops/resource_variable_ops.py:1630: calling BaseResourceVariable.__init__ (from tensorflow.python.ops.resource_variable_ops) with constraint is deprecated and will be removed in a future version.
Instructions for updating:
If using Keras pass *_constraint arguments to layers.
WARNING:tensorflow:`epsilon` argument is deprecated and will be removed, use `min_delta` instead.
WARNING:tensorflow:`period` argument is deprecated. Please use `save_freq` to specify the frequency in number of samples seen.
WARNING:tensorflow:From test_ipyparallel.py:101: The name tf.keras.backend.set_session is deprecated. Please use tf.compat.v1.keras.backend.set_session instead.

WARNING:tensorflow:From /global/u2/m/muszyng/project-cnn-tda/cnn-project/my_project/new_project_mid_lat/code_for_paper/project/Model_A/Model_A_regres/mlextras.py:39: The name tf.ConfigProto is deprecated. Please use tf.compat.v1.ConfigProto instead.

WARNING:tensorflow:From /global/u2/m/muszyng/project-cnn-tda/cnn-project/my_project/new_project_mid_lat/code_for_paper/project/Model_A/Model_A_regres/mlextras.py:43: The name tf.Session is deprecated. Please use tf.compat.v1.Session instead.

2020-03-02 18:05:05.481319: I tensorflow/core/platform/cpu_feature_guard.cc:145] This TensorFlow binary is optimized with Intel(R) MKL-DNN to use the following CPU instructions in performance critical operations:  SSE4.1 SSE4.2 AVX AVX2 FMA
To enable them in non-MKL-DNN operations, rebuild TensorFlow with the appropriate compiler flags.
WARNING:tensorflow:`epsilon` argument is deprecated and will be removed, use `min_delta` instead.
WARNING:tensorflow:`period` argument is deprecated. Please use `save_freq` to specify the frequency in number of samples seen.
2020-03-02 18:05:05.502871: I tensorflow/core/platform/profile_utils/cpu_utils.cc:94] CPU Frequency: 2299985000 Hz
2020-03-02 18:05:05.504728: I tensorflow/compiler/xla/service/service.cc:168] XLA service 0x555558defd40 initialized for platform Host (this does not guarantee that XLA will be used). Devices:
2020-03-02 18:05:05.504741: I tensorflow/compiler/xla/service/service.cc:176]   StreamExecutor device (0): Host, Default Version
WARNING:tensorflow:From /usr/common/software/tensorflow/intel-tensorflow/1.15.0-py37/lib/python3.7/site-packages/tensorflow_core/python/ops/resource_variable_ops.py:1630: calling BaseResourceVariable.__init__ (from tensorflow.python.ops.resource_variable_ops) with constraint is deprecated and will be removed in a future version.
Instructions for updating:
If using Keras pass *_constraint arguments to layers.
WARNING:tensorflow:`epsilon` argument is deprecated and will be removed, use `min_delta` instead.
WARNING:tensorflow:`period` argument is deprecated. Please use `save_freq` to specify the frequency in number of samples seen.
WARNING:tensorflow:From test_ipyparallel.py:101: The name tf.keras.backend.set_session is deprecated. Please use tf.compat.v1.keras.backend.set_session instead.

WARNING:tensorflow:From /global/u2/m/muszyng/project-cnn-tda/cnn-project/my_project/new_project_mid_lat/code_for_paper/project/Model_A/Model_A_regres/mlextras.py:39: The name tf.ConfigProto is deprecated. Please use tf.compat.v1.ConfigProto instead.

WARNING:tensorflow:From /global/u2/m/muszyng/project-cnn-tda/cnn-project/my_project/new_project_mid_lat/code_for_paper/project/Model_A/Model_A_regres/mlextras.py:43: The name tf.Session is deprecated. Please use tf.compat.v1.Session instead.

2020-03-02 18:05:07.768759: I tensorflow/core/platform/cpu_feature_guard.cc:145] This TensorFlow binary is optimized with Intel(R) MKL-DNN to use the following CPU instructions in performance critical operations:  SSE4.1 SSE4.2 AVX AVX2 FMA
To enable them in non-MKL-DNN operations, rebuild TensorFlow with the appropriate compiler flags.
2020-03-02 18:05:07.792310: I tensorflow/core/platform/profile_utils/cpu_utils.cc:94] CPU Frequency: 2299995000 Hz
2020-03-02 18:05:07.794011: I tensorflow/compiler/xla/service/service.cc:168] XLA service 0x555558df6000 initialized for platform Host (this does not guarantee that XLA will be used). Devices:
2020-03-02 18:05:07.794026: I tensorflow/compiler/xla/service/service.cc:176]   StreamExecutor device (0): Host, Default Version
WARNING:tensorflow:From /usr/common/software/tensorflow/intel-tensorflow/1.15.0-py37/lib/python3.7/site-packages/tensorflow_core/python/ops/resource_variable_ops.py:1630: calling BaseResourceVariable.__init__ (from tensorflow.python.ops.resource_variable_ops) with constraint is deprecated and will be removed in a future version.
Instructions for updating:
If using Keras pass *_constraint arguments to layers.
WARNING:tensorflow:`epsilon` argument is deprecated and will be removed, use `min_delta` instead.
WARNING:tensorflow:`period` argument is deprecated. Please use `save_freq` to specify the frequency in number of samples seen.
2020-03-02 19:47:38.915 [IPControllerApp] heartbeat::missed b'0a51037a-edba9f33f84da0c9a29a5f61' : 1
2020-03-02 19:48:22.469 [IPControllerApp] heartbeat::missed b'e70382c7-132f41e84664b0664f6945d2' : 1
2020-03-02 19:48:22.469 [IPControllerApp] heartbeat::missed b'8c527076-514ee9aa61e71614d586f641' : 1
2020-03-02 19:48:22.469 [IPControllerApp] heartbeat::missed b'a7f26734-b580f2aae91fc93dd2d02616' : 1
2020-03-02 19:48:23.913 [IPControllerApp] heartbeat::missed b'0a51037a-edba9f33f84da0c9a29a5f61' : 2
2020-03-02 19:48:23.913 [IPControllerApp] heartbeat::missed b'e70382c7-132f41e84664b0664f6945d2' : 2
2020-03-02 19:48:23.913 [IPControllerApp] heartbeat::missed b'8c527076-514ee9aa61e71614d586f641' : 2
2020-03-02 19:48:23.913 [IPControllerApp] heartbeat::missed b'a7f26734-b580f2aae91fc93dd2d02616' : 2
2020-03-02 19:48:26.915 [IPControllerApp] heartbeat::missed b'0a51037a-edba9f33f84da0c9a29a5f61' : 3
2020-03-02 19:48:26.915 [IPControllerApp] heartbeat::missed b'e70382c7-132f41e84664b0664f6945d2' : 3
2020-03-02 19:48:26.915 [IPControllerApp] heartbeat::missed b'8c527076-514ee9aa61e71614d586f641' : 3
2020-03-02 19:48:26.916 [IPControllerApp] heartbeat::missed b'a7f26734-b580f2aae91fc93dd2d02616' : 3
2020-03-02 19:48:29.626 [IPControllerApp] WARNING | heartbeat::got bad heartbeat (possibly old?): b'6228.002167701721' (current=6279.004)
2020-03-02 19:48:29.627 [IPControllerApp] WARNING | heartbeat::got bad heartbeat (possibly old?): b'6228.002167701721' (current=6279.004)
2020-03-02 19:48:29.627 [IPControllerApp] WARNING | heartbeat::got bad heartbeat (possibly old?): b'6228.002167701721' (current=6279.004)
2020-03-02 19:48:29.627 [IPControllerApp] WARNING | heartbeat::got bad heartbeat (possibly old?): b'6228.002167701721' (current=6279.004)
2020-03-02 19:48:29.628 [IPControllerApp] WARNING | heartbeat::got bad heartbeat (possibly old?): b'6231.003940582275' (current=6279.004)
2020-03-02 19:48:29.628 [IPControllerApp] WARNING | heartbeat::got bad heartbeat (possibly old?): b'6231.003940582275' (current=6279.004)
2020-03-02 19:48:29.629 [IPControllerApp] WARNING | heartbeat::got bad heartbeat (possibly old?): b'6231.003940582275' (current=6279.004)
2020-03-02 19:48:29.629 [IPControllerApp] WARNING | heartbeat::got bad heartbeat (possibly old?): b'6231.003940582275' (current=6279.004)
2020-03-02 19:48:29.629 [IPControllerApp] WARNING | heartbeat::heart b'0a51037a-edba9f33f84da0c9a29a5f61' missed a beat, and took 5716.51 ms to respond
2020-03-02 19:48:29.630 [IPControllerApp] WARNING | heartbeat::heart b'8c527076-514ee9aa61e71614d586f641' missed a beat, and took 5716.94 ms to respond
2020-03-02 19:48:29.630 [IPControllerApp] WARNING | heartbeat::heart b'a7f26734-b580f2aae91fc93dd2d02616' missed a beat, and took 5717.30 ms to respond
2020-03-02 19:48:29.630 [IPControllerApp] WARNING | heartbeat::heart b'e70382c7-132f41e84664b0664f6945d2' missed a beat, and took 5717.54 ms to respond
2020-03-02 20:29:43.186 [IPControllerApp] task::task '109c1d68-ccee10a9f81f452b1e98d289' finished on 1
2020-03-02 20:59:16.258 [IPControllerApp] task::task '878270fc-1ca6d29d83dd5370344c1ff5' finished on 4
2020-03-02 20:59:16.748 [IPEngineApp] WARNING | No heartbeat in the last 3010 ms (1 time(s) in a row).
2020-03-02 21:25:55.607 [IPControllerApp] task::task 'cb916a08-749a8f1cfdac6a4abac90a38' finished on 2
2020-03-02 21:41:14.312 [IPControllerApp] task::task '453f8c7a-7549e7dd5c49f18df98e4bec' finished on 3
2020-03-02 22:09:19.073 [IPControllerApp] task::task '066d63c2-a21e716883dedf034bc5e73a' finished on 0
slurmstepd: error: *** STEP 28491876.0 ON nid01511 CANCELLED AT 2020-03-03T01:04:15 DUE TO TIME LIMIT ***
srun: Job step aborted: Waiting up to 32 seconds for job step to finish.
srun: got SIGCONT
srun: forcing job termination
2020-03-03 01:04:15.656 [IPControllerApp] CRITICAL | Received signal 15, shutting down
srun: forcing job termination
2020-03-03 01:04:15.656 [IPControllerApp] CRITICAL | terminating children...
