[+] ------START TIME (ST): Wed Feb 19 18:16:29 PST 2020------
Start cluster...
Launching controller
2020-02-19 18:16:32.229 [IPControllerApp] Hub listening on tcp://10.128.2.234:52651 for registration.
2020-02-19 18:16:32.230 [IPControllerApp] Hub using DB backend: 'DictDB'
2020-02-19 18:16:32.482 [IPControllerApp] hub::created hub
2020-02-19 18:16:32.482 [IPControllerApp] writing connection info to /global/u2/m/muszyng/.ipython/profile_default/security/ipcontroller-cori_28281966-client.json
2020-02-19 18:16:32.495 [IPControllerApp] writing connection info to /global/u2/m/muszyng/.ipython/profile_default/security/ipcontroller-cori_28281966-engine.json
2020-02-19 18:16:32.505 [IPControllerApp] task::using Python leastload Task scheduler
2020-02-19 18:16:32.505 [IPControllerApp] Heartmonitor started
2020-02-19 18:16:32.524 [scheduler] Scheduler started [leastload]
2020-02-19 18:16:32.527 [IPControllerApp] Creating pid file: /global/u2/m/muszyng/.ipython/profile_default/pid/ipcontroller-cori_28281966.pid
2020-02-19 18:16:32.530 [IPControllerApp] client::client b'\x00k\x8bEg' requested 'connection_request'
2020-02-19 18:16:32.530 [IPControllerApp] client::client [b'\x00k\x8bEg'] connected
Launching engines
2020-02-19 18:17:39.297 [IPControllerApp] client::client b'\x00k\x8bEh' requested 'connection_request'
2020-02-19 18:17:39.297 [IPControllerApp] client::client [b'\x00k\x8bEh'] connected
Model_A_4 81 281 20
Job id: 28281966; Cluster id: cori_28281966
Worker IDs: []
Original order  ['4_train_0_.h5', '4_train_1_.h5', '4_train_2_.h5', '4_train_3_.h5', '4_train_4_.h5', '4_train_5_.h5', '4_train_6_.h5', '4_train_7_.h5', '4_train_8_.h5', '4_train_9_.h5', '4_train_10_.h5', '4_train_11_.h5', '4_train_12_.h5', '4_train_13_.h5', '4_train_14_.h5', '4_train_15_.h5', '4_train_16_.h5', '4_train_17_.h5', '4_train_18_.h5', '4_train_19_.h5'] ['4_val_0_.h5', '4_val_1_.h5', '4_val_2_.h5', '4_val_3_.h5', '4_val_4_.h5', '4_val_5_.h5', '4_val_6_.h5', '4_val_7_.h5', '4_val_8_.h5', '4_val_9_.h5', '4_val_10_.h5', '4_val_11_.h5', '4_val_12_.h5', '4_val_13_.h5', '4_val_14_.h5', '4_val_15_.h5', '4_val_16_.h5', '4_val_17_.h5', '4_val_18_.h5', '4_val_19_.h5']
Shuffled files: ['4_train_3_.h5', '4_train_14_.h5', '4_train_12_.h5', '4_train_0_.h5', '4_train_8_.h5', '4_train_13_.h5', '4_train_15_.h5', '4_train_16_.h5', '4_train_17_.h5', '4_train_1_.h5', '4_train_5_.h5', '4_train_19_.h5', '4_train_7_.h5', '4_train_18_.h5', '4_train_10_.h5', '4_train_6_.h5', '4_train_9_.h5', '4_train_4_.h5', '4_train_2_.h5', '4_train_11_.h5'] ['4_val_1_.h5', '4_val_9_.h5', '4_val_4_.h5', '4_val_17_.h5', '4_val_16_.h5', '4_val_11_.h5', '4_val_13_.h5', '4_val_3_.h5', '4_val_15_.h5', '4_val_8_.h5', '4_val_7_.h5', '4_val_14_.h5', '4_val_10_.h5', '4_val_0_.h5', '4_val_12_.h5', '4_val_19_.h5', '4_val_5_.h5', '4_val_18_.h5', '4_val_6_.h5', '4_val_2_.h5']
/global/cscratch1/sd/muszyng/cnn_model_runs/regression/Model_A/Model_A_4/28281966
['ihp', 'n_hpo_trials', 'n_convs_layers', 'conv_sizes', 'n_fc_layers', 'fc_sizes', 'dropout', 'optimizer', 'lr', 'batch_sizes', 'n_epochs', 'repeats_conv', 'recep_fields', 'checkpoint_dir']
Hyperparameter trial 0 conv [ 64 128 256 512] fc [256 128  64] dropout 0.4295 opt Adam, lr 0.0000, batch sizes 256
Checkpoint file: /global/cscratch1/sd/muszyng/cnn_model_runs/regression/Model_A/Model_A_4/28281966/model_0.h5
Hyperparameter trial 1 conv [ 64 128 256 512] fc [256 128  64] dropout 0.4317 opt Adam, lr 0.0000, batch sizes 32
Checkpoint file: /global/cscratch1/sd/muszyng/cnn_model_runs/regression/Model_A/Model_A_4/28281966/model_1.h5
Hyperparameter trial 2 conv [ 64 128 256 512] fc [256 128  64] dropout 0.4233 opt Adam, lr 0.0000, batch sizes 32
Checkpoint file: /global/cscratch1/sd/muszyng/cnn_model_runs/regression/Model_A/Model_A_4/28281966/model_2.h5
Hyperparameter trial 3 conv [ 64 128 256 512] fc [256 128  64] dropout 0.3615 opt Adam, lr 0.0000, batch sizes 256
Checkpoint file: /global/cscratch1/sd/muszyng/cnn_model_runs/regression/Model_A/Model_A_4/28281966/model_3.h5
Hyperparameter trial 4 conv [ 64 128 256 512] fc [256 128  64] dropout 0.4644 opt Adam, lr 0.0000, batch sizes 256
Checkpoint file: /global/cscratch1/sd/muszyng/cnn_model_runs/regression/Model_A/Model_A_4/28281966/model_4.h5
2020-02-19 18:17:52.683 [IPEngineApp] Loading url_file '/global/u2/m/muszyng/.ipython/profile_default/security/ipcontroller-cori_28281966-engine.json'
2020-02-19 18:17:52.688 [IPControllerApp] client::client b'89ce8023-800fa94fda225f50d97bb619' requested 'registration_request'
2020-02-19 18:17:52.686 [IPEngineApp] Registering with controller at tcp://10.128.2.234:52651
2020-02-19 18:17:52.740 [IPEngineApp] Starting to monitor the heartbeat signal from the hub every 3010 ms.
2020-02-19 18:17:52.748 [IPEngineApp] Completed registration with id 0
2020-02-19 18:17:53.030 [IPEngineApp] Loading url_file '/global/u2/m/muszyng/.ipython/profile_default/security/ipcontroller-cori_28281966-engine.json'
2020-02-19 18:17:53.038 [IPEngineApp] Loading url_file '/global/u2/m/muszyng/.ipython/profile_default/security/ipcontroller-cori_28281966-engine.json'
2020-02-19 18:17:53.042 [IPEngineApp] Registering with controller at tcp://10.128.2.234:52651
2020-02-19 18:17:53.043 [IPControllerApp] client::client b'0eb546fa-c71013c81bbb2b4bdbf8124e' requested 'registration_request'
2020-02-19 18:17:53.044 [IPEngineApp] Registering with controller at tcp://10.128.2.234:52651
2020-02-19 18:17:53.045 [IPControllerApp] client::client b'5f39f6ec-bb9e1b182cf5265eb06695cc' requested 'registration_request'
2020-02-19 18:17:53.099 [IPEngineApp] Starting to monitor the heartbeat signal from the hub every 3010 ms.
2020-02-19 18:17:53.102 [IPEngineApp] Starting to monitor the heartbeat signal from the hub every 3010 ms.
2020-02-19 18:17:53.109 [IPEngineApp] Completed registration with id 1
2020-02-19 18:17:53.112 [IPEngineApp] Completed registration with id 2
2020-02-19 18:17:53.115 [IPEngineApp] Loading url_file '/global/u2/m/muszyng/.ipython/profile_default/security/ipcontroller-cori_28281966-engine.json'
2020-02-19 18:17:53.119 [IPEngineApp] Registering with controller at tcp://10.128.2.234:52651
2020-02-19 18:17:53.120 [IPControllerApp] client::client b'a7e0e245-d442cb8d31ba9f7a77e2c3b9' requested 'registration_request'
2020-02-19 18:17:53.175 [IPEngineApp] Starting to monitor the heartbeat signal from the hub every 3010 ms.
2020-02-19 18:17:53.184 [IPEngineApp] Completed registration with id 3
2020-02-19 18:17:54.047 [IPEngineApp] Loading url_file '/global/u2/m/muszyng/.ipython/profile_default/security/ipcontroller-cori_28281966-engine.json'
2020-02-19 18:17:54.051 [IPEngineApp] Registering with controller at tcp://10.128.2.234:52651
2020-02-19 18:17:54.052 [IPControllerApp] client::client b'a1793202-0ded15126d6fde207e2d2541' requested 'registration_request'
2020-02-19 18:17:54.106 [IPEngineApp] Starting to monitor the heartbeat signal from the hub every 3010 ms.
2020-02-19 18:17:54.115 [IPEngineApp] Completed registration with id 4
2020-02-19 18:17:56.508 [IPControllerApp] registration::finished registering engine 3:a7e0e245-d442cb8d31ba9f7a77e2c3b9
2020-02-19 18:17:56.509 [IPControllerApp] engine::Engine Connected: 3
2020-02-19 18:17:56.520 [IPControllerApp] registration::finished registering engine 1:0eb546fa-c71013c81bbb2b4bdbf8124e
2020-02-19 18:17:56.520 [IPControllerApp] engine::Engine Connected: 1
2020-02-19 18:17:56.522 [IPControllerApp] registration::finished registering engine 0:89ce8023-800fa94fda225f50d97bb619
2020-02-19 18:17:56.522 [IPControllerApp] engine::Engine Connected: 0
2020-02-19 18:17:56.525 [IPControllerApp] registration::finished registering engine 2:5f39f6ec-bb9e1b182cf5265eb06695cc
2020-02-19 18:17:56.525 [IPControllerApp] engine::Engine Connected: 2
2020-02-19 18:17:56.531 [IPControllerApp] task::task 'b0294dff-e3cc3030d6c1378cbae2b0a9' arrived on 3
2020-02-19 18:17:56.532 [IPControllerApp] task::task '9c7e790c-947f61a064165440c54aca70' arrived on 1
2020-02-19 18:17:56.533 [IPControllerApp] task::task '9b20f83a-06f831e8180ae77b8657b270' arrived on 0
2020-02-19 18:17:56.534 [IPControllerApp] task::task '9bc0ec69-00c7a15eb923b09a428f2d2e' arrived on 2
WARNING:tensorflow:From test_ipyparallel.py:101: The name tf.keras.backend.set_session is deprecated. Please use tf.compat.v1.keras.backend.set_session instead.

WARNING:tensorflow:From /global/u2/m/muszyng/project-cnn-tda/cnn-project/my_project/new_project_mid_lat/code_for_paper/project/Model_A/Model_A_regres/mlextras.py:39: The name tf.ConfigProto is deprecated. Please use tf.compat.v1.ConfigProto instead.

WARNING:tensorflow:From /global/u2/m/muszyng/project-cnn-tda/cnn-project/my_project/new_project_mid_lat/code_for_paper/project/Model_A/Model_A_regres/mlextras.py:43: The name tf.Session is deprecated. Please use tf.compat.v1.Session instead.

2020-02-19 18:17:59.058812: I tensorflow/core/platform/cpu_feature_guard.cc:145] This TensorFlow binary is optimized with Intel(R) MKL-DNN to use the following CPU instructions in performance critical operations:  SSE4.1 SSE4.2 AVX AVX2 FMA
To enable them in non-MKL-DNN operations, rebuild TensorFlow with the appropriate compiler flags.
2020-02-19 18:17:59.079475: I tensorflow/core/platform/profile_utils/cpu_utils.cc:94] CPU Frequency: 2300010000 Hz
2020-02-19 18:17:59.081447: I tensorflow/compiler/xla/service/service.cc:168] XLA service 0x555558df4710 initialized for platform Host (this does not guarantee that XLA will be used). Devices:
2020-02-19 18:17:59.081461: I tensorflow/compiler/xla/service/service.cc:176]   StreamExecutor device (0): Host, Default Version
WARNING:tensorflow:From /usr/common/software/tensorflow/intel-tensorflow/1.15.0-py37/lib/python3.7/site-packages/tensorflow_core/python/ops/resource_variable_ops.py:1630: calling BaseResourceVariable.__init__ (from tensorflow.python.ops.resource_variable_ops) with constraint is deprecated and will be removed in a future version.
Instructions for updating:
If using Keras pass *_constraint arguments to layers.
2020-02-19 18:17:59.506 [IPControllerApp] registration::finished registering engine 4:a1793202-0ded15126d6fde207e2d2541
2020-02-19 18:17:59.507 [IPControllerApp] engine::Engine Connected: 4
2020-02-19 18:17:59.510 [IPControllerApp] task::task 'dbd4897f-0dd0a3441649eb25db34bf5d' arrived on 4
WARNING:tensorflow:`epsilon` argument is deprecated and will be removed, use `min_delta` instead.
WARNING:tensorflow:`period` argument is deprecated. Please use `save_freq` to specify the frequency in number of samples seen.
WARNING:tensorflow:From test_ipyparallel.py:101: The name tf.keras.backend.set_session is deprecated. Please use tf.compat.v1.keras.backend.set_session instead.

WARNING:tensorflow:From /global/u2/m/muszyng/project-cnn-tda/cnn-project/my_project/new_project_mid_lat/code_for_paper/project/Model_A/Model_A_regres/mlextras.py:39: The name tf.ConfigProto is deprecated. Please use tf.compat.v1.ConfigProto instead.

WARNING:tensorflow:From /global/u2/m/muszyng/project-cnn-tda/cnn-project/my_project/new_project_mid_lat/code_for_paper/project/Model_A/Model_A_regres/mlextras.py:43: The name tf.Session is deprecated. Please use tf.compat.v1.Session instead.

2020-02-19 18:18:01.578757: I tensorflow/core/platform/cpu_feature_guard.cc:145] This TensorFlow binary is optimized with Intel(R) MKL-DNN to use the following CPU instructions in performance critical operations:  SSE4.1 SSE4.2 AVX AVX2 FMA
To enable them in non-MKL-DNN operations, rebuild TensorFlow with the appropriate compiler flags.
2020-02-19 18:18:01.600470: I tensorflow/core/platform/profile_utils/cpu_utils.cc:94] CPU Frequency: 2300040000 Hz
2020-02-19 18:18:01.602154: I tensorflow/compiler/xla/service/service.cc:168] XLA service 0x555558df3930 initialized for platform Host (this does not guarantee that XLA will be used). Devices:
2020-02-19 18:18:01.602169: I tensorflow/compiler/xla/service/service.cc:176]   StreamExecutor device (0): Host, Default Version
WARNING:tensorflow:From /usr/common/software/tensorflow/intel-tensorflow/1.15.0-py37/lib/python3.7/site-packages/tensorflow_core/python/ops/resource_variable_ops.py:1630: calling BaseResourceVariable.__init__ (from tensorflow.python.ops.resource_variable_ops) with constraint is deprecated and will be removed in a future version.
Instructions for updating:
If using Keras pass *_constraint arguments to layers.
WARNING:tensorflow:From test_ipyparallel.py:101: The name tf.keras.backend.set_session is deprecated. Please use tf.compat.v1.keras.backend.set_session instead.

WARNING:tensorflow:From /global/u2/m/muszyng/project-cnn-tda/cnn-project/my_project/new_project_mid_lat/code_for_paper/project/Model_A/Model_A_regres/mlextras.py:39: The name tf.ConfigProto is deprecated. Please use tf.compat.v1.ConfigProto instead.

WARNING:tensorflow:From /global/u2/m/muszyng/project-cnn-tda/cnn-project/my_project/new_project_mid_lat/code_for_paper/project/Model_A/Model_A_regres/mlextras.py:43: The name tf.Session is deprecated. Please use tf.compat.v1.Session instead.

2020-02-19 18:18:01.674083: I tensorflow/core/platform/cpu_feature_guard.cc:145] This TensorFlow binary is optimized with Intel(R) MKL-DNN to use the following CPU instructions in performance critical operations:  SSE4.1 SSE4.2 AVX AVX2 FMA
To enable them in non-MKL-DNN operations, rebuild TensorFlow with the appropriate compiler flags.
2020-02-19 18:18:01.694926: I tensorflow/core/platform/profile_utils/cpu_utils.cc:94] CPU Frequency: 2300115000 Hz
2020-02-19 18:18:01.696642: I tensorflow/compiler/xla/service/service.cc:168] XLA service 0x555558df40d0 initialized for platform Host (this does not guarantee that XLA will be used). Devices:
2020-02-19 18:18:01.696656: I tensorflow/compiler/xla/service/service.cc:176]   StreamExecutor device (0): Host, Default Version
WARNING:tensorflow:From test_ipyparallel.py:101: The name tf.keras.backend.set_session is deprecated. Please use tf.compat.v1.keras.backend.set_session instead.

WARNING:tensorflow:From /global/u2/m/muszyng/project-cnn-tda/cnn-project/my_project/new_project_mid_lat/code_for_paper/project/Model_A/Model_A_regres/mlextras.py:39: The name tf.ConfigProto is deprecated. Please use tf.compat.v1.ConfigProto instead.

WARNING:tensorflow:From /global/u2/m/muszyng/project-cnn-tda/cnn-project/my_project/new_project_mid_lat/code_for_paper/project/Model_A/Model_A_regres/mlextras.py:43: The name tf.Session is deprecated. Please use tf.compat.v1.Session instead.

2020-02-19 18:18:01.708139: I tensorflow/core/platform/cpu_feature_guard.cc:145] This TensorFlow binary is optimized with Intel(R) MKL-DNN to use the following CPU instructions in performance critical operations:  SSE4.1 SSE4.2 AVX AVX2 FMA
To enable them in non-MKL-DNN operations, rebuild TensorFlow with the appropriate compiler flags.
WARNING:tensorflow:From /usr/common/software/tensorflow/intel-tensorflow/1.15.0-py37/lib/python3.7/site-packages/tensorflow_core/python/ops/resource_variable_ops.py:1630: calling BaseResourceVariable.__init__ (from tensorflow.python.ops.resource_variable_ops) with constraint is deprecated and will be removed in a future version.
Instructions for updating:
If using Keras pass *_constraint arguments to layers.
2020-02-19 18:18:01.728639: I tensorflow/core/platform/profile_utils/cpu_utils.cc:94] CPU Frequency: 2300065000 Hz
2020-02-19 18:18:01.730486: I tensorflow/compiler/xla/service/service.cc:168] XLA service 0x555558df40d0 initialized for platform Host (this does not guarantee that XLA will be used). Devices:
2020-02-19 18:18:01.730501: I tensorflow/compiler/xla/service/service.cc:176]   StreamExecutor device (0): Host, Default Version
WARNING:tensorflow:From /usr/common/software/tensorflow/intel-tensorflow/1.15.0-py37/lib/python3.7/site-packages/tensorflow_core/python/ops/resource_variable_ops.py:1630: calling BaseResourceVariable.__init__ (from tensorflow.python.ops.resource_variable_ops) with constraint is deprecated and will be removed in a future version.
Instructions for updating:
If using Keras pass *_constraint arguments to layers.
WARNING:tensorflow:`epsilon` argument is deprecated and will be removed, use `min_delta` instead.
WARNING:tensorflow:`period` argument is deprecated. Please use `save_freq` to specify the frequency in number of samples seen.
WARNING:tensorflow:`epsilon` argument is deprecated and will be removed, use `min_delta` instead.
WARNING:tensorflow:`period` argument is deprecated. Please use `save_freq` to specify the frequency in number of samples seen.
WARNING:tensorflow:`epsilon` argument is deprecated and will be removed, use `min_delta` instead.
WARNING:tensorflow:`period` argument is deprecated. Please use `save_freq` to specify the frequency in number of samples seen.
WARNING:tensorflow:From test_ipyparallel.py:101: The name tf.keras.backend.set_session is deprecated. Please use tf.compat.v1.keras.backend.set_session instead.

WARNING:tensorflow:From /global/u2/m/muszyng/project-cnn-tda/cnn-project/my_project/new_project_mid_lat/code_for_paper/project/Model_A/Model_A_regres/mlextras.py:39: The name tf.ConfigProto is deprecated. Please use tf.compat.v1.ConfigProto instead.

WARNING:tensorflow:From /global/u2/m/muszyng/project-cnn-tda/cnn-project/my_project/new_project_mid_lat/code_for_paper/project/Model_A/Model_A_regres/mlextras.py:43: The name tf.Session is deprecated. Please use tf.compat.v1.Session instead.

2020-02-19 18:18:08.661153: I tensorflow/core/platform/cpu_feature_guard.cc:145] This TensorFlow binary is optimized with Intel(R) MKL-DNN to use the following CPU instructions in performance critical operations:  SSE4.1 SSE4.2 AVX AVX2 FMA
To enable them in non-MKL-DNN operations, rebuild TensorFlow with the appropriate compiler flags.
2020-02-19 18:18:08.681476: I tensorflow/core/platform/profile_utils/cpu_utils.cc:94] CPU Frequency: 2299980000 Hz
2020-02-19 18:18:08.683285: I tensorflow/compiler/xla/service/service.cc:168] XLA service 0x555558df4710 initialized for platform Host (this does not guarantee that XLA will be used). Devices:
2020-02-19 18:18:08.683299: I tensorflow/compiler/xla/service/service.cc:176]   StreamExecutor device (0): Host, Default Version
WARNING:tensorflow:From /usr/common/software/tensorflow/intel-tensorflow/1.15.0-py37/lib/python3.7/site-packages/tensorflow_core/python/ops/resource_variable_ops.py:1630: calling BaseResourceVariable.__init__ (from tensorflow.python.ops.resource_variable_ops) with constraint is deprecated and will be removed in a future version.
Instructions for updating:
If using Keras pass *_constraint arguments to layers.
WARNING:tensorflow:`epsilon` argument is deprecated and will be removed, use `min_delta` instead.
WARNING:tensorflow:`period` argument is deprecated. Please use `save_freq` to specify the frequency in number of samples seen.
2020-02-19 18:18:39.899 [IPEngineApp] Exception in apply request:
[0;31m---------------------------------------------------------------------------[0m
[0;31mInvalidArgumentError[0m                      Traceback (most recent call last)
[0;32m<string>[0m in [0;36m<module>[0;34m[0m

[0;32m/global/u2/m/muszyng/project-cnn-tda/cnn-project/my_project/new_project_mid_lat/code_for_paper/project/Model_A/Model_A_regres/test_ipyparallel.py[0m in [0;36mbuild_and_train[0;34m(input_dir, input_size, conv_sizes, fc_sizes, dropout, optimizer, lr, batch_size, n_epochs, repeats_conv, recep_field, checkpoint_dir, checkpoint_file, l_fnames_train, l_fnames_val, ihp, verbose)[0m
[1;32m    126[0m                               [0mcheckpoint_dir[0m[0;34m=[0m[0mcheckpoint_dir[0m[0;34m,[0m [0mcheckpoint_file[0m[0;34m=[0m[0mcheckpoint_file[0m[0;34m,[0m[0;34m[0m[0;34m[0m[0m
[1;32m    127[0m                               [0mdata_dir_path[0m[0;34m=[0m[0minput_dir[0m[0;34m[[0m[0;34m:[0m[0;34m-[0m[0;36m1[0m[0;34m][0m[0;34m,[0m[0;34m[0m[0;34m[0m[0m
[0;32m--> 128[0;31m                               l_fnames_train=l_fnames_train, l_fnames_val=l_fnames_val, ihp=ihp, verbose=verbose)
[0m[1;32m    129[0m [0;34m[0m[0m
[1;32m    130[0m         [0;31m#oldStdout = sys.stdout[0m[0;34m[0m[0;34m[0m[0;34m[0m[0m

[0;32m/global/u2/m/muszyng/project-cnn-tda/cnn-project/my_project/new_project_mid_lat/code_for_paper/project/Model_A/Model_A_regres/model_code.py[0m in [0;36mtrain_model[0;34m(model, batch_size, n_epochs, checkpoint_dir, checkpoint_file, data_dir_path, l_fnames_train, l_fnames_val, ihp, verbose, callbacks)[0m
[1;32m    610[0m                 [0mcallbacks[0m[0;34m=[0m[0mrpv_callbacks[0m[0;34m,[0m [0mshuffle[0m[0;34m=[0m[0;32mTrue[0m[0;34m,[0m[0;34m[0m[0;34m[0m[0m
[1;32m    611[0m                 [0mepochs[0m[0;34m=[0m[0mn_epochs[0m[0;34m,[0m[0;34m[0m[0;34m[0m[0m
[0;32m--> 612[0;31m                 verbose=1)
[0m[1;32m    613[0m [0;34m[0m[0m
[1;32m    614[0m     [0;32mreturn[0m [0mm[0m[0;34m[0m[0;34m[0m[0m

[0;32m/usr/common/software/tensorflow/intel-tensorflow/1.15.0-py37/lib/python3.7/site-packages/tensorflow_core/python/keras/engine/training.py[0m in [0;36mfit_generator[0;34m(self, generator, steps_per_epoch, epochs, verbose, callbacks, validation_data, validation_steps, validation_freq, class_weight, max_queue_size, workers, use_multiprocessing, shuffle, initial_epoch)[0m
[1;32m   1294[0m         [0mshuffle[0m[0;34m=[0m[0mshuffle[0m[0;34m,[0m[0;34m[0m[0;34m[0m[0m
[1;32m   1295[0m         [0minitial_epoch[0m[0;34m=[0m[0minitial_epoch[0m[0;34m,[0m[0;34m[0m[0;34m[0m[0m
[0;32m-> 1296[0;31m         steps_name='steps_per_epoch')
[0m[1;32m   1297[0m [0;34m[0m[0m
[1;32m   1298[0m   def evaluate_generator(self,

[0;32m/usr/common/software/tensorflow/intel-tensorflow/1.15.0-py37/lib/python3.7/site-packages/tensorflow_core/python/keras/engine/training_generator.py[0m in [0;36mmodel_iteration[0;34m(model, data, steps_per_epoch, epochs, verbose, callbacks, validation_data, validation_steps, validation_freq, class_weight, max_queue_size, workers, use_multiprocessing, shuffle, initial_epoch, mode, batch_size, steps_name, **kwargs)[0m
[1;32m    263[0m [0;34m[0m[0m
[1;32m    264[0m       [0mis_deferred[0m [0;34m=[0m [0;32mnot[0m [0mmodel[0m[0;34m.[0m[0m_is_compiled[0m[0;34m[0m[0;34m[0m[0m
2020-02-19 18:18:39.903 [IPControllerApp] task::task '9b20f83a-06f831e8180ae77b8657b270' finished on 0
[0;32m--> 265[0;31m       [0mbatch_outs[0m [0;34m=[0m [0mbatch_function[0m[0;34m([0m[0;34m*[0m[0mbatch_data[0m[0;34m)[0m[0;34m[0m[0;34m[0m[0m
[0m[1;32m    266[0m       [0;32mif[0m [0;32mnot[0m [0misinstance[0m[0;34m([0m[0mbatch_outs[0m[0;34m,[0m [0mlist[0m[0;34m)[0m[0;34m:[0m[0;34m[0m[0;34m[0m[0m
[1;32m    267[0m         [0mbatch_outs[0m [0;34m=[0m [0;34m[[0m[0mbatch_outs[0m[0;34m][0m[0;34m[0m[0;34m[0m[0m

[0;32m/usr/common/software/tensorflow/intel-tensorflow/1.15.0-py37/lib/python3.7/site-packages/tensorflow_core/python/keras/engine/training.py[0m in [0;36mtrain_on_batch[0;34m(self, x, y, sample_weight, class_weight, reset_metrics)[0m
[1;32m   1015[0m       [0mself[0m[0;34m.[0m[0m_update_sample_weight_modes[0m[0;34m([0m[0msample_weights[0m[0;34m=[0m[0msample_weights[0m[0;34m)[0m[0;34m[0m[0;34m[0m[0m
[1;32m   1016[0m       [0mself[0m[0;34m.[0m[0m_make_train_function[0m[0;34m([0m[0;34m)[0m[0;34m[0m[0;34m[0m[0m
[0;32m-> 1017[0;31m       [0moutputs[0m [0;34m=[0m [0mself[0m[0;34m.[0m[0mtrain_function[0m[0;34m([0m[0mins[0m[0;34m)[0m  [0;31m# pylint: disable=not-callable[0m[0;34m[0m[0;34m[0m[0m
[0m[1;32m   1018[0m [0;34m[0m[0m
[1;32m   1019[0m     [0;32mif[0m [0mreset_metrics[0m[0;34m:[0m[0;34m[0m[0;34m[0m[0m

[0;32m/usr/common/software/tensorflow/intel-tensorflow/1.15.0-py37/lib/python3.7/site-packages/tensorflow_core/python/keras/backend.py[0m in [0;36m__call__[0;34m(self, inputs)[0m
[1;32m   3474[0m [0;34m[0m[0m
[1;32m   3475[0m     fetched = self._callable_fn(*array_vals,
[0;32m-> 3476[0;31m                                 run_metadata=self.run_metadata)
[0m[1;32m   3477[0m     [0mself[0m[0;34m.[0m[0m_call_fetch_callbacks[0m[0;34m([0m[0mfetched[0m[0;34m[[0m[0;34m-[0m[0mlen[0m[0;34m([0m[0mself[0m[0;34m.[0m[0m_fetches[0m[0;34m)[0m[0;34m:[0m[0;34m][0m[0;34m)[0m[0;34m[0m[0;34m[0m[0m
[1;32m   3478[0m     output_structure = nest.pack_sequence_as(

[0;32m/usr/common/software/tensorflow/intel-tensorflow/1.15.0-py37/lib/python3.7/site-packages/tensorflow_core/python/client/session.py[0m in [0;36m__call__[0;34m(self, *args, **kwargs)[0m
[1;32m   1470[0m         ret = tf_session.TF_SessionRunCallable(self._session._session,
[1;32m   1471[0m                                                [0mself[0m[0;34m.[0m[0m_handle[0m[0;34m,[0m [0margs[0m[0;34m,[0m[0;34m[0m[0;34m[0m[0m
[0;32m-> 1472[0;31m                                                run_metadata_ptr)
[0m[1;32m   1473[0m         [0;32mif[0m [0mrun_metadata[0m[0;34m:[0m[0;34m[0m[0;34m[0m[0m
[1;32m   1474[0m           [0mproto_data[0m [0;34m=[0m [0mtf_session[0m[0;34m.[0m[0mTF_GetBuffer[0m[0;34m([0m[0mrun_metadata_ptr[0m[0;34m)[0m[0;34m[0m[0;34m[0m[0m

[0;31mInvalidArgumentError[0m: input and filter must have the same depth: 40 vs 64
	 [[{{node conv2d_1/Relu}}]]
2020-02-19 18:18:40.902 [IPEngineApp] WARNING | No heartbeat in the last 3010 ms (1 time(s) in a row).
2020-02-19 20:27:56.494 [IPControllerApp] task::task 'dbd4897f-0dd0a3441649eb25db34bf5d' finished on 4
2020-02-19 20:27:59.040 [IPEngineApp] WARNING | No heartbeat in the last 3010 ms (1 time(s) in a row).
2020-02-19 21:23:35.185 [IPControllerApp] task::task 'b0294dff-e3cc3030d6c1378cbae2b0a9' finished on 3
2020-02-19 22:29:04.571 [IPControllerApp] task::task '9bc0ec69-00c7a15eb923b09a428f2d2e' finished on 2
2020-02-19 23:53:00.029 [IPControllerApp] task::task '9c7e790c-947f61a064165440c54aca70' finished on 1
slurmstepd: error: *** STEP 28281966.0 ON nid00741 CANCELLED AT 2020-02-20T01:16:54 DUE TO TIME LIMIT ***
2020-02-20 01:16:54.775 [IPControllerApp] CRITICAL | Received signal 15, shutting down
srun: got SIGCONT
2020-02-20 01:16:54.777 [IPControllerApp] CRITICAL | terminating children...
srun: forcing job termination
