[+] ------START TIME (ST): Wed Feb 19 01:50:49 PST 2020------
Start cluster...
Launching controller
2020-02-19 01:50:52.675 [IPControllerApp] Hub listening on tcp://10.128.2.252:43805 for registration.
2020-02-19 01:50:52.676 [IPControllerApp] Hub using DB backend: 'DictDB'
2020-02-19 01:50:52.928 [IPControllerApp] hub::created hub
2020-02-19 01:50:52.928 [IPControllerApp] writing connection info to /global/u2/m/muszyng/.ipython/profile_default/security/ipcontroller-cori_28257712-client.json
2020-02-19 01:50:52.939 [IPControllerApp] writing connection info to /global/u2/m/muszyng/.ipython/profile_default/security/ipcontroller-cori_28257712-engine.json
2020-02-19 01:50:52.947 [IPControllerApp] task::using Python leastload Task scheduler
2020-02-19 01:50:52.948 [IPControllerApp] Heartmonitor started
2020-02-19 01:50:52.964 [IPControllerApp] Creating pid file: /global/u2/m/muszyng/.ipython/profile_default/pid/ipcontroller-cori_28257712.pid
2020-02-19 01:50:52.966 [scheduler] Scheduler started [leastload]
2020-02-19 01:50:52.968 [IPControllerApp] client::client b'\x00k\x8bEg' requested 'connection_request'
2020-02-19 01:50:52.968 [IPControllerApp] client::client [b'\x00k\x8bEg'] connected
Launching engines
2020-02-19 01:51:23.524 [IPEngineApp] Loading url_file '/global/u2/m/muszyng/.ipython/profile_default/security/ipcontroller-cori_28257712-engine.json'
2020-02-19 01:51:23.529 [IPControllerApp] client::client b'44047263-c12c4eac39c4cfd4f6368fea' requested 'registration_request'
2020-02-19 01:51:23.528 [IPEngineApp] Registering with controller at tcp://10.128.2.252:43805
2020-02-19 01:51:23.597 [IPEngineApp] Starting to monitor the heartbeat signal from the hub every 3010 ms.
2020-02-19 01:51:23.612 [IPEngineApp] Completed registration with id 0
2020-02-19 01:51:23.990 [IPEngineApp] Loading url_file '/global/u2/m/muszyng/.ipython/profile_default/security/ipcontroller-cori_28257712-engine.json'
2020-02-19 01:51:23.994 [IPEngineApp] Registering with controller at tcp://10.128.2.252:43805
2020-02-19 01:51:23.996 [IPControllerApp] client::client b'f40a10aa-30d4f203552fbc3842fef6b2' requested 'registration_request'
2020-02-19 01:51:24.010 [IPEngineApp] Loading url_file '/global/u2/m/muszyng/.ipython/profile_default/security/ipcontroller-cori_28257712-engine.json'
2020-02-19 01:51:24.017 [IPEngineApp] Registering with controller at tcp://10.128.2.252:43805
2020-02-19 01:51:24.018 [IPControllerApp] client::client b'3010f6f1-770049e68f446224660cbefb' requested 'registration_request'
2020-02-19 01:51:24.056 [IPEngineApp] Starting to monitor the heartbeat signal from the hub every 3010 ms.
2020-02-19 01:51:24.069 [IPEngineApp] Completed registration with id 1
2020-02-19 01:51:24.077 [IPEngineApp] Starting to monitor the heartbeat signal from the hub every 3010 ms.
2020-02-19 01:51:24.088 [IPEngineApp] Completed registration with id 2
2020-02-19 01:51:25.133 [IPEngineApp] Loading url_file '/global/u2/m/muszyng/.ipython/profile_default/security/ipcontroller-cori_28257712-engine.json'
2020-02-19 01:51:25.138 [IPEngineApp] Registering with controller at tcp://10.128.2.252:43805
2020-02-19 01:51:25.140 [IPControllerApp] client::client b'36ea1b11-35731279bf13c1ccbc8c5e55' requested 'registration_request'
2020-02-19 01:51:25.211 [IPEngineApp] Starting to monitor the heartbeat signal from the hub every 3010 ms.
2020-02-19 01:51:25.224 [IPEngineApp] Completed registration with id 3
2020-02-19 01:51:25.232 [IPEngineApp] Loading url_file '/global/u2/m/muszyng/.ipython/profile_default/security/ipcontroller-cori_28257712-engine.json'
2020-02-19 01:51:25.237 [IPEngineApp] Registering with controller at tcp://10.128.2.252:43805
2020-02-19 01:51:25.239 [IPControllerApp] client::client b'46253920-8d52dc3590dbf4eab51b4647' requested 'registration_request'
2020-02-19 01:51:25.311 [IPEngineApp] Starting to monitor the heartbeat signal from the hub every 3010 ms.
2020-02-19 01:51:25.326 [IPEngineApp] Completed registration with id 4
2020-02-19 01:51:28.951 [IPControllerApp] registration::finished registering engine 4:46253920-8d52dc3590dbf4eab51b4647
2020-02-19 01:51:28.952 [IPControllerApp] engine::Engine Connected: 4
2020-02-19 01:51:28.961 [IPControllerApp] registration::finished registering engine 0:44047263-c12c4eac39c4cfd4f6368fea
2020-02-19 01:51:28.961 [IPControllerApp] engine::Engine Connected: 0
2020-02-19 01:51:28.963 [IPControllerApp] registration::finished registering engine 1:f40a10aa-30d4f203552fbc3842fef6b2
2020-02-19 01:51:28.963 [IPControllerApp] engine::Engine Connected: 1
2020-02-19 01:51:28.966 [IPControllerApp] registration::finished registering engine 2:3010f6f1-770049e68f446224660cbefb
2020-02-19 01:51:28.966 [IPControllerApp] engine::Engine Connected: 2
2020-02-19 01:51:28.968 [IPControllerApp] registration::finished registering engine 3:36ea1b11-35731279bf13c1ccbc8c5e55
2020-02-19 01:51:28.968 [IPControllerApp] engine::Engine Connected: 3
2020-02-19 01:51:58.920 [IPControllerApp] client::client b'\x00k\x8bEh' requested 'connection_request'
2020-02-19 01:51:58.920 [IPControllerApp] client::client [b'\x00k\x8bEh'] connected
Model_A_2 41 241 20
Job id: 28257712; Cluster id: cori_28257712
Worker IDs: [0, 1, 2, 3, 4]
Original order  ['2_train_0_.h5', '2_train_1_.h5', '2_train_2_.h5', '2_train_3_.h5', '2_train_4_.h5', '2_train_5_.h5', '2_train_6_.h5', '2_train_7_.h5', '2_train_8_.h5', '2_train_9_.h5', '2_train_10_.h5', '2_train_11_.h5', '2_train_12_.h5', '2_train_13_.h5', '2_train_14_.h5', '2_train_15_.h5', '2_train_16_.h5', '2_train_17_.h5', '2_train_18_.h5', '2_train_19_.h5'] ['2_val_0_.h5', '2_val_1_.h5', '2_val_2_.h5', '2_val_3_.h5', '2_val_4_.h5', '2_val_5_.h5', '2_val_6_.h5', '2_val_7_.h5', '2_val_8_.h5', '2_val_9_.h5', '2_val_10_.h5', '2_val_11_.h5', '2_val_12_.h5', '2_val_13_.h5', '2_val_14_.h5', '2_val_15_.h5', '2_val_16_.h5', '2_val_17_.h5', '2_val_18_.h5', '2_val_19_.h5']
Shuffled files: ['2_train_16_.h5', '2_train_19_.h5', '2_train_8_.h5', '2_train_10_.h5', '2_train_1_.h5', '2_train_7_.h5', '2_train_12_.h5', '2_train_11_.h5', '2_train_3_.h5', '2_train_9_.h5', '2_train_17_.h5', '2_train_6_.h5', '2_train_5_.h5', '2_train_18_.h5', '2_train_13_.h5', '2_train_2_.h5', '2_train_14_.h5', '2_train_0_.h5', '2_train_4_.h5', '2_train_15_.h5'] ['2_val_10_.h5', '2_val_16_.h5', '2_val_5_.h5', '2_val_14_.h5', '2_val_15_.h5', '2_val_9_.h5', '2_val_11_.h5', '2_val_8_.h5', '2_val_1_.h5', '2_val_12_.h5', '2_val_2_.h5', '2_val_6_.h5', '2_val_4_.h5', '2_val_13_.h5', '2_val_3_.h5', '2_val_7_.h5', '2_val_0_.h5', '2_val_18_.h5', '2_val_17_.h5', '2_val_19_.h5']
/global/cscratch1/sd/muszyng/cnn_model_runs/regression/Model_A/Model_A_2/28257712
['ihp', 'n_hpo_trials', 'n_convs_layers', 'conv_sizes', 'n_fc_layers', 'fc_sizes', 'dropout', 'optimizer', 'lr', 'batch_sizes', 'n_epochs', 'repeats_conv', 'recep_fields', 'checkpoint_dir']
Hyperparameter trial 0 conv [ 64 128 256 512] fc [256 128  64] dropout 0.3037 opt Adam, lr 0.0000, batch sizes 64
Checkpoint file: /global/cscratch1/sd/muszyng/cnn_model_runs/regression/Model_A/Model_A_2/28257712/model_0.h5
Hyperparameter trial 1 conv [ 64 128 256 512] fc [256 128  64] dropout 0.4518 opt Adam, lr 0.0000, batch sizes 64
Checkpoint file: /global/cscratch1/sd/muszyng/cnn_model_runs/regression/Model_A/Model_A_2/28257712/model_1.h5
Hyperparameter trial 2 conv [ 64 128 256 512] fc [256 128  64] dropout 0.4689 opt Adam, lr 0.0000, batch sizes 32
Checkpoint file: /global/cscratch1/sd/muszyng/cnn_model_runs/regression/Model_A/Model_A_2/28257712/model_2.h5
Hyperparameter trial 3 conv [ 64 128 256 512] fc [256 128  64] dropout 0.4933 opt Adam, lr 0.0000, batch sizes 256
Checkpoint file: /global/cscratch1/sd/muszyng/cnn_model_runs/regression/Model_A/Model_A_2/28257712/model_3.h5
Hyperparameter trial 4 conv [ 64 128 256 512] fc [256 128  64] dropout 0.4039 opt Adam, lr 0.0000, batch sizes 32
Checkpoint file: /global/cscratch1/sd/muszyng/cnn_model_runs/regression/Model_A/Model_A_2/28257712/model_4.h5
2020-02-19 01:51:58.943 [IPControllerApp] task::task '6255233f-253633d8364b3a2c6a065213' arrived on 3
2020-02-19 01:51:58.944 [IPControllerApp] task::task 'dac24c98-bd19a22a93143b448552901b' arrived on 2
2020-02-19 01:51:58.946 [IPControllerApp] task::task 'e83cf954-cff0cd6be066c9814361c5de' arrived on 1
2020-02-19 01:51:58.949 [IPControllerApp] task::task '71a66c20-2483cc7699fedac6c515e1a6' arrived on 0
2020-02-19 01:51:58.952 [IPControllerApp] task::task 'dd3181a6-de70bf812a46595e19034b8d' arrived on 4
WARNING:tensorflow:From test_ipyparallel.py:101: The name tf.keras.backend.set_session is deprecated. Please use tf.compat.v1.keras.backend.set_session instead.

WARNING:tensorflow:From /global/u2/m/muszyng/project-cnn-tda/cnn-project/my_project/new_project_mid_lat/code_for_paper/project/Model_A/Model_A_regres/mlextras.py:39: The name tf.ConfigProto is deprecated. Please use tf.compat.v1.ConfigProto instead.

WARNING:tensorflow:From /global/u2/m/muszyng/project-cnn-tda/cnn-project/my_project/new_project_mid_lat/code_for_paper/project/Model_A/Model_A_regres/mlextras.py:43: The name tf.Session is deprecated. Please use tf.compat.v1.Session instead.

2020-02-19 01:52:03.366812: I tensorflow/core/platform/cpu_feature_guard.cc:145] This TensorFlow binary is optimized with Intel(R) MKL-DNN to use the following CPU instructions in performance critical operations:  SSE4.1 SSE4.2 AVX AVX2 FMA
To enable them in non-MKL-DNN operations, rebuild TensorFlow with the appropriate compiler flags.
2020-02-19 01:52:03.398527: I tensorflow/core/platform/profile_utils/cpu_utils.cc:94] CPU Frequency: 2299990000 Hz
2020-02-19 01:52:03.400370: I tensorflow/compiler/xla/service/service.cc:168] XLA service 0x555558deb380 initialized for platform Host (this does not guarantee that XLA will be used). Devices:
2020-02-19 01:52:03.400385: I tensorflow/compiler/xla/service/service.cc:176]   StreamExecutor device (0): Host, Default Version
WARNING:tensorflow:From /usr/common/software/tensorflow/intel-tensorflow/1.15.0-py37/lib/python3.7/site-packages/tensorflow_core/python/ops/resource_variable_ops.py:1630: calling BaseResourceVariable.__init__ (from tensorflow.python.ops.resource_variable_ops) with constraint is deprecated and will be removed in a future version.
Instructions for updating:
If using Keras pass *_constraint arguments to layers.
WARNING:tensorflow:`epsilon` argument is deprecated and will be removed, use `min_delta` instead.
WARNING:tensorflow:`period` argument is deprecated. Please use `save_freq` to specify the frequency in number of samples seen.
WARNING:tensorflow:From test_ipyparallel.py:101: The name tf.keras.backend.set_session is deprecated. Please use tf.compat.v1.keras.backend.set_session instead.

WARNING:tensorflow:From /global/u2/m/muszyng/project-cnn-tda/cnn-project/my_project/new_project_mid_lat/code_for_paper/project/Model_A/Model_A_regres/mlextras.py:39: The name tf.ConfigProto is deprecated. Please use tf.compat.v1.ConfigProto instead.

WARNING:tensorflow:From /global/u2/m/muszyng/project-cnn-tda/cnn-project/my_project/new_project_mid_lat/code_for_paper/project/Model_A/Model_A_regres/mlextras.py:43: The name tf.Session is deprecated. Please use tf.compat.v1.Session instead.

2020-02-19 01:52:07.019745: I tensorflow/core/platform/cpu_feature_guard.cc:145] This TensorFlow binary is optimized with Intel(R) MKL-DNN to use the following CPU instructions in performance critical operations:  SSE4.1 SSE4.2 AVX AVX2 FMA
To enable them in non-MKL-DNN operations, rebuild TensorFlow with the appropriate compiler flags.
2020-02-19 01:52:07.042038: I tensorflow/core/platform/profile_utils/cpu_utils.cc:94] CPU Frequency: 2300125000 Hz
2020-02-19 01:52:07.043984: I tensorflow/compiler/xla/service/service.cc:168] XLA service 0x555558dee0e0 initialized for platform Host (this does not guarantee that XLA will be used). Devices:
2020-02-19 01:52:07.044000: I tensorflow/compiler/xla/service/service.cc:176]   StreamExecutor device (0): Host, Default Version
WARNING:tensorflow:From /usr/common/software/tensorflow/intel-tensorflow/1.15.0-py37/lib/python3.7/site-packages/tensorflow_core/python/ops/resource_variable_ops.py:1630: calling BaseResourceVariable.__init__ (from tensorflow.python.ops.resource_variable_ops) with constraint is deprecated and will be removed in a future version.
Instructions for updating:
If using Keras pass *_constraint arguments to layers.
WARNING:tensorflow:From test_ipyparallel.py:101: The name tf.keras.backend.set_session is deprecated. Please use tf.compat.v1.keras.backend.set_session instead.

WARNING:tensorflow:From /global/u2/m/muszyng/project-cnn-tda/cnn-project/my_project/new_project_mid_lat/code_for_paper/project/Model_A/Model_A_regres/mlextras.py:39: The name tf.ConfigProto is deprecated. Please use tf.compat.v1.ConfigProto instead.

WARNING:tensorflow:From /global/u2/m/muszyng/project-cnn-tda/cnn-project/my_project/new_project_mid_lat/code_for_paper/project/Model_A/Model_A_regres/mlextras.py:43: The name tf.Session is deprecated. Please use tf.compat.v1.Session instead.

2020-02-19 01:52:07.232509: I tensorflow/core/platform/cpu_feature_guard.cc:145] This TensorFlow binary is optimized with Intel(R) MKL-DNN to use the following CPU instructions in performance critical operations:  SSE4.1 SSE4.2 AVX AVX2 FMA
To enable them in non-MKL-DNN operations, rebuild TensorFlow with the appropriate compiler flags.
2020-02-19 01:52:07.256487: I tensorflow/core/platform/profile_utils/cpu_utils.cc:94] CPU Frequency: 2299970000 Hz
2020-02-19 01:52:07.258296: I tensorflow/compiler/xla/service/service.cc:168] XLA service 0x555558deb380 initialized for platform Host (this does not guarantee that XLA will be used). Devices:
2020-02-19 01:52:07.258310: I tensorflow/compiler/xla/service/service.cc:176]   StreamExecutor device (0): Host, Default Version
WARNING:tensorflow:From /usr/common/software/tensorflow/intel-tensorflow/1.15.0-py37/lib/python3.7/site-packages/tensorflow_core/python/ops/resource_variable_ops.py:1630: calling BaseResourceVariable.__init__ (from tensorflow.python.ops.resource_variable_ops) with constraint is deprecated and will be removed in a future version.
Instructions for updating:
If using Keras pass *_constraint arguments to layers.
WARNING:tensorflow:`epsilon` argument is deprecated and will be removed, use `min_delta` instead.
WARNING:tensorflow:`period` argument is deprecated. Please use `save_freq` to specify the frequency in number of samples seen.
WARNING:tensorflow:`epsilon` argument is deprecated and will be removed, use `min_delta` instead.
WARNING:tensorflow:`period` argument is deprecated. Please use `save_freq` to specify the frequency in number of samples seen.
WARNING:tensorflow:From test_ipyparallel.py:101: The name tf.keras.backend.set_session is deprecated. Please use tf.compat.v1.keras.backend.set_session instead.

WARNING:tensorflow:From /global/u2/m/muszyng/project-cnn-tda/cnn-project/my_project/new_project_mid_lat/code_for_paper/project/Model_A/Model_A_regres/mlextras.py:39: The name tf.ConfigProto is deprecated. Please use tf.compat.v1.ConfigProto instead.

WARNING:tensorflow:From /global/u2/m/muszyng/project-cnn-tda/cnn-project/my_project/new_project_mid_lat/code_for_paper/project/Model_A/Model_A_regres/mlextras.py:43: The name tf.Session is deprecated. Please use tf.compat.v1.Session instead.

2020-02-19 01:52:08.017529: I tensorflow/core/platform/cpu_feature_guard.cc:145] This TensorFlow binary is optimized with Intel(R) MKL-DNN to use the following CPU instructions in performance critical operations:  SSE4.1 SSE4.2 AVX AVX2 FMA
To enable them in non-MKL-DNN operations, rebuild TensorFlow with the appropriate compiler flags.
WARNING:tensorflow:From test_ipyparallel.py:101: The name tf.keras.backend.set_session is deprecated. Please use tf.compat.v1.keras.backend.set_session instead.

WARNING:tensorflow:From /global/u2/m/muszyng/project-cnn-tda/cnn-project/my_project/new_project_mid_lat/code_for_paper/project/Model_A/Model_A_regres/mlextras.py:39: The name tf.ConfigProto is deprecated. Please use tf.compat.v1.ConfigProto instead.

WARNING:tensorflow:From /global/u2/m/muszyng/project-cnn-tda/cnn-project/my_project/new_project_mid_lat/code_for_paper/project/Model_A/Model_A_regres/mlextras.py:43: The name tf.Session is deprecated. Please use tf.compat.v1.Session instead.

2020-02-19 01:52:08.021518: I tensorflow/core/platform/cpu_feature_guard.cc:145] This TensorFlow binary is optimized with Intel(R) MKL-DNN to use the following CPU instructions in performance critical operations:  SSE4.1 SSE4.2 AVX AVX2 FMA
To enable them in non-MKL-DNN operations, rebuild TensorFlow with the appropriate compiler flags.
2020-02-19 01:52:08.039737: I tensorflow/core/platform/profile_utils/cpu_utils.cc:94] CPU Frequency: 2300040000 Hz
2020-02-19 01:52:08.041390: I tensorflow/compiler/xla/service/service.cc:168] XLA service 0x555558deedb0 initialized for platform Host (this does not guarantee that XLA will be used). Devices:
2020-02-19 01:52:08.041406: I tensorflow/compiler/xla/service/service.cc:176]   StreamExecutor device (0): Host, Default Version
2020-02-19 01:52:08.045485: I tensorflow/core/platform/profile_utils/cpu_utils.cc:94] CPU Frequency: 2300090000 Hz
2020-02-19 01:52:08.047155: I tensorflow/compiler/xla/service/service.cc:168] XLA service 0x555558df3840 initialized for platform Host (this does not guarantee that XLA will be used). Devices:
2020-02-19 01:52:08.047172: I tensorflow/compiler/xla/service/service.cc:176]   StreamExecutor device (0): Host, Default Version
WARNING:tensorflow:From /usr/common/software/tensorflow/intel-tensorflow/1.15.0-py37/lib/python3.7/site-packages/tensorflow_core/python/ops/resource_variable_ops.py:1630: calling BaseResourceVariable.__init__ (from tensorflow.python.ops.resource_variable_ops) with constraint is deprecated and will be removed in a future version.
Instructions for updating:
If using Keras pass *_constraint arguments to layers.
WARNING:tensorflow:From /usr/common/software/tensorflow/intel-tensorflow/1.15.0-py37/lib/python3.7/site-packages/tensorflow_core/python/ops/resource_variable_ops.py:1630: calling BaseResourceVariable.__init__ (from tensorflow.python.ops.resource_variable_ops) with constraint is deprecated and will be removed in a future version.
Instructions for updating:
If using Keras pass *_constraint arguments to layers.
WARNING:tensorflow:`epsilon` argument is deprecated and will be removed, use `min_delta` instead.
WARNING:tensorflow:`period` argument is deprecated. Please use `save_freq` to specify the frequency in number of samples seen.
WARNING:tensorflow:`epsilon` argument is deprecated and will be removed, use `min_delta` instead.
WARNING:tensorflow:`period` argument is deprecated. Please use `save_freq` to specify the frequency in number of samples seen.
2020-02-19 01:53:42.336 [IPEngineApp] Exception in apply request:
[0;31m---------------------------------------------------------------------------[0m
[0;31mInvalidArgumentError[0m                      Traceback (most recent call last)
[0;32m<string>[0m in [0;36m<module>[0;34m[0m

[0;32m/global/u2/m/muszyng/project-cnn-tda/cnn-project/my_project/new_project_mid_lat/code_for_paper/project/Model_A/Model_A_regres/test_ipyparallel.py[0m in [0;36mbuild_and_train[0;34m(input_dir, input_size, conv_sizes, fc_sizes, dropout, optimizer, lr, batch_size, n_epochs, repeats_conv, recep_field, checkpoint_dir, checkpoint_file, l_fnames_train, l_fnames_val, ihp, verbose)[0m
[1;32m    126[0m                               [0mcheckpoint_dir[0m[0;34m=[0m[0mcheckpoint_dir[0m[0;34m,[0m [0mcheckpoint_file[0m[0;34m=[0m[0mcheckpoint_file[0m[0;34m,[0m[0;34m[0m[0;34m[0m[0m
[1;32m    127[0m                               [0mdata_dir_path[0m[0;34m=[0m[0minput_dir[0m[0;34m[[0m[0;34m:[0m[0;34m-[0m[0;36m1[0m[0;34m][0m[0;34m,[0m[0;34m[0m[0;34m[0m[0m
[0;32m--> 128[0;31m                               l_fnames_train=l_fnames_train, l_fnames_val=l_fnames_val, ihp=ihp, verbose=verbose)
[0m[1;32m    129[0m [0;34m[0m[0m
[1;32m    130[0m         [0;31m#oldStdout = sys.stdout[0m[0;34m[0m[0;34m[0m[0;34m[0m[0m

[0;32m/global/u2/m/muszyng/project-cnn-tda/cnn-project/my_project/new_project_mid_lat/code_for_paper/project/Model_A/Model_A_regres/model_code.py[0m in [0;36mtrain_model[0;34m(model, batch_size, n_epochs, checkpoint_dir, checkpoint_file, data_dir_path, l_fnames_train, l_fnames_val, ihp, verbose, callbacks)[0m
[1;32m    610[0m                 [0mcallbacks[0m[0;34m=[0m[0mrpv_callbacks[0m[0;34m,[0m [0mshuffle[0m[0;34m=[0m[0;32mTrue[0m[0;34m,[0m[0;34m[0m[0;34m[0m[0m
[1;32m    611[0m                 [0mepochs[0m[0;34m=[0m[0mn_epochs[0m[0;34m,[0m[0;34m[0m[0;34m[0m[0m
[0;32m--> 612[0;31m                 verbose=1)
[0m[1;32m    613[0m [0;34m[0m[0m
[1;32m    614[0m     [0;32mreturn[0m [0mm[0m[0;34m[0m[0;34m[0m[0m

[0;32m/usr/common/software/tensorflow/intel-tensorflow/1.15.0-py37/lib/python3.7/site-packages/tensorflow_core/python/keras/engine/training.py[0m in [0;36mfit_generator[0;34m(self, generator, steps_per_epoch, epochs, verbose, callbacks, validation_data, validation_steps, validation_freq, class_weight, max_queue_size, workers, use_multiprocessing, shuffle, initial_epoch)[0m
[1;32m   1294[0m         [0mshuffle[0m[0;34m=[0m[0mshuffle[0m[0;34m,[0m[0;34m[0m[0;34m[0m[0m
[1;32m   1295[0m         [0minitial_epoch[0m[0;34m=[0m[0minitial_epoch[0m[0;34m,[0m[0;34m[0m[0;34m[0m[0m
[0;32m-> 1296[0;31m         steps_name='steps_per_epoch')
[0m[1;32m   1297[0m [0;34m[0m[0m
[1;32m   1298[0m   def evaluate_generator(self,

[0;32m/usr/common/software/tensorflow/intel-tensorflow/1.15.0-py37/lib/python3.7/site-packages/tensorflow_core/python/keras/engine/training_generator.py[0m in [0;36mmodel_iteration[0;34m(model, data, steps_per_epoch, epochs, verbose, callbacks, validation_data, validation_steps, validation_freq, class_weight, max_queue_size, workers, use_multiprocessing, shuffle, initial_epoch, mode, batch_size, steps_name, **kwargs)[0m
[1;32m    263[0m [0;34m[0m[0m
[1;32m    264[0m       [0mis_deferred[0m [0;34m=[0m [0;32mnot[0m [0mmodel[0m[0;34m.[0m[0m_is_compiled[0m[0;34m[0m[0;34m[0m[0m
[0;32m--> 265[0;31m       [0mbatch_outs[0m [0;34m=[0m [0mbatch_function[0m[0;34m([0m[0;34m*[0m[0mbatch_data[0m[0;34m)[0m[0;34m[0m[0;34m[0m[0m
[0m[1;32m    266[0m       [0;32mif[0m [0;32mnot[0m [0misinstance[0m[0;34m([0m[0mbatch_outs[0m[0;34m,[0m [0mlist[0m[0;34m)[0m[0;34m:[0m[0;34m[0m[0;34m[0m[0m
2020-02-19 01:53:42.339 [IPControllerApp] task::task '6255233f-253633d8364b3a2c6a065213' finished on 3
[1;32m    267[0m         [0mbatch_outs[0m [0;34m=[0m [0;34m[[0m[0mbatch_outs[0m[0;34m][0m[0;34m[0m[0;34m[0m[0m

[0;32m/usr/common/software/tensorflow/intel-tensorflow/1.15.0-py37/lib/python3.7/site-packages/tensorflow_core/python/keras/engine/training.py[0m in [0;36mtrain_on_batch[0;34m(self, x, y, sample_weight, class_weight, reset_metrics)[0m
[1;32m   1015[0m       [0mself[0m[0;34m.[0m[0m_update_sample_weight_modes[0m[0;34m([0m[0msample_weights[0m[0;34m=[0m[0msample_weights[0m[0;34m)[0m[0;34m[0m[0;34m[0m[0m
[1;32m   1016[0m       [0mself[0m[0;34m.[0m[0m_make_train_function[0m[0;34m([0m[0;34m)[0m[0;34m[0m[0;34m[0m[0m
[0;32m-> 1017[0;31m       [0moutputs[0m [0;34m=[0m [0mself[0m[0;34m.[0m[0mtrain_function[0m[0;34m([0m[0mins[0m[0;34m)[0m  [0;31m# pylint: disable=not-callable[0m[0;34m[0m[0;34m[0m[0m
[0m[1;32m   1018[0m [0;34m[0m[0m
[1;32m   1019[0m     [0;32mif[0m [0mreset_metrics[0m[0;34m:[0m[0;34m[0m[0;34m[0m[0m

[0;32m/usr/common/software/tensorflow/intel-tensorflow/1.15.0-py37/lib/python3.7/site-packages/tensorflow_core/python/keras/backend.py[0m in [0;36m__call__[0;34m(self, inputs)[0m
[1;32m   3474[0m [0;34m[0m[0m
[1;32m   3475[0m     fetched = self._callable_fn(*array_vals,
[0;32m-> 3476[0;31m                                 run_metadata=self.run_metadata)
[0m[1;32m   3477[0m     [0mself[0m[0;34m.[0m[0m_call_fetch_callbacks[0m[0;34m([0m[0mfetched[0m[0;34m[[0m[0;34m-[0m[0mlen[0m[0;34m([0m[0mself[0m[0;34m.[0m[0m_fetches[0m[0;34m)[0m[0;34m:[0m[0;34m][0m[0;34m)[0m[0;34m[0m[0;34m[0m[0m
[1;32m   3478[0m     output_structure = nest.pack_sequence_as(

[0;32m/usr/common/software/tensorflow/intel-tensorflow/1.15.0-py37/lib/python3.7/site-packages/tensorflow_core/python/client/session.py[0m in [0;36m__call__[0;34m(self, *args, **kwargs)[0m
[1;32m   1470[0m         ret = tf_session.TF_SessionRunCallable(self._session._session,
[1;32m   1471[0m                                                [0mself[0m[0;34m.[0m[0m_handle[0m[0;34m,[0m [0margs[0m[0;34m,[0m[0;34m[0m[0;34m[0m[0m
[0;32m-> 1472[0;31m                                                run_metadata_ptr)
[0m[1;32m   1473[0m         [0;32mif[0m [0mrun_metadata[0m[0;34m:[0m[0;34m[0m[0;34m[0m[0m
[1;32m   1474[0m           [0mproto_data[0m [0;34m=[0m [0mtf_session[0m[0;34m.[0m[0mTF_GetBuffer[0m[0;34m([0m[0mrun_metadata_ptr[0m[0;34m)[0m[0;34m[0m[0;34m[0m[0m

[0;31mInvalidArgumentError[0m: input and filter must have the same depth: 40 vs 64
	 [[{{node conv2d_1/Relu}}]]
2020-02-19 01:53:43.674 [IPEngineApp] WARNING | No heartbeat in the last 3010 ms (1 time(s) in a row).
2020-02-19 04:09:41.462 [IPControllerApp] task::task 'dac24c98-bd19a22a93143b448552901b' finished on 2
2020-02-19 04:09:42.649 [IPEngineApp] WARNING | No heartbeat in the last 3010 ms (1 time(s) in a row).
2020-02-19 04:16:51.128 [IPControllerApp] task::task 'dd3181a6-de70bf812a46595e19034b8d' finished on 4
IOStream.flush timed out
2020-02-19 04:16:51.302 [IPEngineApp] WARNING | No heartbeat in the last 3010 ms (1 time(s) in a row).
2020-02-19 04:24:25.080 [IPControllerApp] task::task 'e83cf954-cff0cd6be066c9814361c5de' finished on 1
2020-02-19 05:00:05.239 [IPControllerApp] task::task '71a66c20-2483cc7699fedac6c515e1a6' finished on 0
IOStream.flush timed out
IOStream.flush timed out
IOStream.flush timed out
IOStream.flush timed out
2020-02-19 05:00:07.221 [IPEngineApp] WARNING | No heartbeat in the last 3010 ms (1 time(s) in a row).
slurmstepd: error: *** STEP 28257712.0 ON nid00759 CANCELLED AT 2020-02-19T07:51:12 DUE TO TIME LIMIT ***
2020-02-19 07:51:12.642 [IPControllerApp] CRITICAL | Received signal 15, shutting down
2020-02-19 07:51:12.642 [IPControllerApp] CRITICAL | terminating children...
srun: got SIGCONT
srun: forcing job termination
