[+] ------START TIME (ST): Sat Jan 25 23:07:14 PST 2020------
Start cluster...
Launching controller
2020-01-25 23:07:22.388 [IPControllerApp] Hub listening on tcp://10.128.30.243:39753 for registration.
2020-01-25 23:07:22.398 [IPControllerApp] Hub using DB backend: 'DictDB'
2020-01-25 23:07:22.659 [IPControllerApp] hub::created hub
2020-01-25 23:07:22.659 [IPControllerApp] writing connection info to /global/u2/m/muszyng/.ipython/profile_default/security/ipcontroller-cori_27634373-client.json
2020-01-25 23:07:22.715 [IPControllerApp] writing connection info to /global/u2/m/muszyng/.ipython/profile_default/security/ipcontroller-cori_27634373-engine.json
2020-01-25 23:07:22.728 [IPControllerApp] task::using Python leastload Task scheduler
2020-01-25 23:07:22.729 [IPControllerApp] Heartmonitor started
2020-01-25 23:07:22.781 [IPControllerApp] Creating pid file: /global/u2/m/muszyng/.ipython/profile_default/pid/ipcontroller-cori_27634373.pid
2020-01-25 23:07:22.798 [scheduler] Scheduler started [leastload]
2020-01-25 23:07:22.806 [IPControllerApp] client::client b'\x00k\x8bEg' requested 'connection_request'
2020-01-25 23:07:22.807 [IPControllerApp] client::client [b'\x00k\x8bEg'] connected
Launching engines
2020-01-25 23:07:52.132 [IPEngineApp] Loading url_file '/global/u2/m/muszyng/.ipython/profile_default/security/ipcontroller-cori_27634373-engine.json'
2020-01-25 23:07:52.162 [IPControllerApp] client::client b'35a81d79-b8dc9c7a99a4fd2ecb1c493b' requested 'registration_request'
2020-01-25 23:07:52.154 [IPEngineApp] Registering with controller at tcp://10.128.30.243:39753
2020-01-25 23:07:52.437 [IPEngineApp] Starting to monitor the heartbeat signal from the hub every 3010 ms.
2020-01-25 23:07:52.473 [IPEngineApp] Completed registration with id 0
2020-01-25 23:07:54.068 [IPEngineApp] Loading url_file '/global/u2/m/muszyng/.ipython/profile_default/security/ipcontroller-cori_27634373-engine.json'
2020-01-25 23:07:54.093 [IPEngineApp] Registering with controller at tcp://10.128.30.243:39753
2020-01-25 23:07:54.101 [IPControllerApp] client::client b'6727c48a-bab096eb838e300b6b460f38' requested 'registration_request'
2020-01-25 23:07:54.151 [IPEngineApp] Loading url_file '/global/u2/m/muszyng/.ipython/profile_default/security/ipcontroller-cori_27634373-engine.json'
2020-01-25 23:07:54.176 [IPEngineApp] Registering with controller at tcp://10.128.30.243:39753
2020-01-25 23:07:54.184 [IPControllerApp] client::client b'96d5bfd8-c316e52736cf6b25cde1adde' requested 'registration_request'
2020-01-25 23:07:54.305 [IPEngineApp] Loading url_file '/global/u2/m/muszyng/.ipython/profile_default/security/ipcontroller-cori_27634373-engine.json'
2020-01-25 23:07:54.336 [IPControllerApp] client::client b'92b70738-3a20a80899d2d0e9ca779c9b' requested 'registration_request'
2020-01-25 23:07:54.336 [IPEngineApp] Loading url_file '/global/u2/m/muszyng/.ipython/profile_default/security/ipcontroller-cori_27634373-engine.json'
2020-01-25 23:07:54.328 [IPEngineApp] Registering with controller at tcp://10.128.30.243:39753
2020-01-25 23:07:54.363 [IPEngineApp] Registering with controller at tcp://10.128.30.243:39753
2020-01-25 23:07:54.371 [IPControllerApp] client::client b'44351347-b53ac18b5218310f0032f55b' requested 'registration_request'
2020-01-25 23:07:54.381 [IPEngineApp] Starting to monitor the heartbeat signal from the hub every 3010 ms.
2020-01-25 23:07:54.417 [IPEngineApp] Completed registration with id 1
2020-01-25 23:07:54.474 [IPEngineApp] Starting to monitor the heartbeat signal from the hub every 3010 ms.
2020-01-25 23:07:54.511 [IPEngineApp] Completed registration with id 2
2020-01-25 23:07:54.623 [IPEngineApp] Starting to monitor the heartbeat signal from the hub every 3010 ms.
2020-01-25 23:07:54.651 [IPEngineApp] Starting to monitor the heartbeat signal from the hub every 3010 ms.
2020-01-25 23:07:54.662 [IPEngineApp] Completed registration with id 3
2020-01-25 23:07:54.689 [IPEngineApp] Completed registration with id 4
2020-01-25 23:07:55.731 [IPControllerApp] registration::finished registering engine 0:35a81d79-b8dc9c7a99a4fd2ecb1c493b
2020-01-25 23:07:55.734 [IPControllerApp] engine::Engine Connected: 0
2020-01-25 23:07:58.733 [IPControllerApp] registration::finished registering engine 3:92b70738-3a20a80899d2d0e9ca779c9b
2020-01-25 23:07:58.734 [IPControllerApp] engine::Engine Connected: 3
2020-01-25 23:07:58.740 [IPControllerApp] registration::finished registering engine 1:6727c48a-bab096eb838e300b6b460f38
2020-01-25 23:07:58.742 [IPControllerApp] engine::Engine Connected: 1
2020-01-25 23:07:58.745 [IPControllerApp] registration::finished registering engine 2:96d5bfd8-c316e52736cf6b25cde1adde
2020-01-25 23:07:58.747 [IPControllerApp] engine::Engine Connected: 2
2020-01-25 23:07:58.750 [IPControllerApp] registration::finished registering engine 4:44351347-b53ac18b5218310f0032f55b
2020-01-25 23:07:58.752 [IPControllerApp] engine::Engine Connected: 4
2020-01-25 23:08:42.907 [IPControllerApp] client::client b'\x00k\x8bEh' requested 'connection_request'
2020-01-25 23:08:42.908 [IPControllerApp] client::client [b'\x00k\x8bEh'] connected
2020-01-25 23:08:43.095 [IPControllerApp] task::task '2c72f4b4-09b176805a6e451d8caf3ace' arrived on 4
Model_E_1 21 221 20
Job id: 27634373; Cluster id: cori_27634373
Worker IDs: [0, 1, 2, 3, 4]
Original order  ['1_train_0_.h5', '1_train_1_.h5', '1_train_2_.h5', '1_train_3_.h5', '1_train_4_.h5', '1_train_5_.h5', '1_train_6_.h5', '1_train_7_.h5', '1_train_8_.h5', '1_train_9_.h5', '1_train_10_.h5', '1_train_11_.h5', '1_train_12_.h5', '1_train_13_.h5', '1_train_14_.h5', '1_train_15_.h5', '1_train_16_.h5', '1_train_17_.h5', '1_train_18_.h5', '1_train_19_.h5'] ['1_val_0_.h5', '1_val_1_.h5', '1_val_2_.h5', '1_val_3_.h5', '1_val_4_.h5', '1_val_5_.h5', '1_val_6_.h5', '1_val_7_.h5', '1_val_8_.h5', '1_val_9_.h5', '1_val_10_.h5', '1_val_11_.h5', '1_val_12_.h5', '1_val_13_.h5', '1_val_14_.h5', '1_val_15_.h5', '1_val_16_.h5', '1_val_17_.h5', '1_val_18_.h5', '1_val_19_.h5']
Shuffled files: ['1_train_18_.h5', '1_train_7_.h5', '1_train_9_.h5', '1_train_4_.h5', '1_train_13_.h5', '1_train_2_.h5', '1_train_14_.h5', '1_train_17_.h5', '1_train_0_.h5', '1_train_1_.h5', '1_train_15_.h5', '1_train_11_.h5', '1_train_6_.h5', '1_train_19_.h5', '1_train_12_.h5', '1_train_10_.h5', '1_train_3_.h5', '1_train_5_.h5', '1_train_8_.h5', '1_train_16_.h5'] ['1_val_8_.h5', '1_val_1_.h5', '1_val_15_.h5', '1_val_4_.h5', '1_val_3_.h5', '1_val_16_.h5', '1_val_5_.h5', '1_val_14_.h5', '1_val_11_.h5', '1_val_13_.h5', '1_val_19_.h5', '1_val_2_.h5', '1_val_12_.h5', '1_val_10_.h5', '1_val_9_.h5', '1_val_7_.h5', '1_val_6_.h5', '1_val_18_.h5', '1_val_17_.h5', '1_val_0_.h5']
/global/cscratch1/sd/muszyng/cnn_model_runs/Model_E/Model_E_1/27634373
['ihp', 'n_hpo_trials', 'n_convs_layers', 'conv_sizes', 'n_fc_layers', 'fc_sizes', 'dropout', 'optimizer', 'lr', 'batch_sizes', 'n_epochs', 'repeats_conv', 'recep_fields', 'checkpoint_dir']
Hyperparameter trial 0 conv [ 64 128 256 512] fc [512 256 128  64] dropout 0.5455 opt Adam, lr 0.0000, batch sizes 64
Checkpoint file: /global/cscratch1/sd/muszyng/cnn_model_runs/Model_E/Model_E_1/27634373/model_0.h5
Hyperparameter trial 1 conv [ 64 128 256 512] fc [512 256 128  64] dropout 0.3726 opt Adam, lr 0.0000, batch sizes 128
Checkpoint file: /global/cscratch1/sd/muszyng/cnn_model_runs/Model_E/Model_E_1/27634373/model_1.h5
Hyperparameter trial 2 conv [ 64 128 256 512] fc [512 256 128  64] dropout 0.5060 opt Adam, lr 0.0000, batch sizes 256
Checkpoint file: /global/cscratch1/sd/muszyng/cnn_model_runs/Model_E/Model_E_1/27634373/model_2.h5
Hyperparameter trial 3 conv [ 64 128 256 512] fc [512 256 128  64] dropout 0.5359 opt Adam, lr 0.0000, batch sizes 256
Checkpoint file: /global/cscratch1/sd/muszyng/cnn_model_runs/Model_E/Model_E_1/27634373/model_3.h5
Hyperparameter trial 4 conv [ 64 128 256 512] fc [512 256 128  64] dropout 0.3798 opt Adam, lr 0.0000, batch sizes 128
Checkpoint file: /global/cscratch1/sd/muszyng/cnn_model_runs/Model_E/Model_E_1/27634373/model_4.h5
2020-01-25 23:08:43.107 [IPControllerApp] task::task '1518a312-3ab57ae5892b25fd75e24139' arrived on 2
2020-01-25 23:08:43.115 [IPControllerApp] task::task '4c77f022-0a9c87500aa0f41670f5bea5' arrived on 1
2020-01-25 23:08:43.128 [IPControllerApp] task::task 'a80a89a0-4394924a2af4f852ba21246d' arrived on 3
2020-01-25 23:08:43.141 [IPControllerApp] task::task '28626a03-71fb12cefe0163d3b6fbe046' arrived on 0
WARNING:tensorflow:From test_ipyparallel.py:101: The name tf.keras.backend.set_session is deprecated. Please use tf.compat.v1.keras.backend.set_session instead.

WARNING:tensorflow:From /global/u2/m/muszyng/project-cnn-tda/cnn-project/my_project/new_project_mid_lat/code_for_paper/project/Model_E/changed_dropout_batch_size/global_search/mlextras.py:39: The name tf.ConfigProto is deprecated. Please use tf.compat.v1.ConfigProto instead.

WARNING:tensorflow:From /global/u2/m/muszyng/project-cnn-tda/cnn-project/my_project/new_project_mid_lat/code_for_paper/project/Model_E/changed_dropout_batch_size/global_search/mlextras.py:43: The name tf.Session is deprecated. Please use tf.compat.v1.Session instead.

2020-01-25 23:08:55.964293: I tensorflow/core/platform/cpu_feature_guard.cc:145] This TensorFlow binary is optimized with Intel(R) MKL-DNN to use the following CPU instructions in performance critical operations:  SSE4.1 SSE4.2 AVX AVX2 AVX512F FMA
To enable them in non-MKL-DNN operations, rebuild TensorFlow with the appropriate compiler flags.
2020-01-25 23:08:56.036950: I tensorflow/core/platform/profile_utils/cpu_utils.cc:94] CPU Frequency: 1399985000 Hz
2020-01-25 23:08:56.046916: I tensorflow/compiler/xla/service/service.cc:168] XLA service 0x555558815230 initialized for platform Host (this does not guarantee that XLA will be used). Devices:
2020-01-25 23:08:56.047033: I tensorflow/compiler/xla/service/service.cc:176]   StreamExecutor device (0): Host, Default Version
WARNING:tensorflow:From /usr/common/software/tensorflow/intel-tensorflow/1.15.0-py37/lib/python3.7/site-packages/tensorflow_core/python/ops/resource_variable_ops.py:1630: calling BaseResourceVariable.__init__ (from tensorflow.python.ops.resource_variable_ops) with constraint is deprecated and will be removed in a future version.
Instructions for updating:
If using Keras pass *_constraint arguments to layers.
WARNING:tensorflow:From /usr/common/software/tensorflow/intel-tensorflow/1.15.0-py37/lib/python3.7/site-packages/tensorflow_core/python/ops/nn_impl.py:183: where (from tensorflow.python.ops.array_ops) is deprecated and will be removed in a future version.
Instructions for updating:
Use tf.where in 2.0, which has the same broadcast rule as np.where
WARNING:tensorflow:`epsilon` argument is deprecated and will be removed, use `min_delta` instead.
WARNING:tensorflow:`period` argument is deprecated. Please use `save_freq` to specify the frequency in number of samples seen.
WARNING:tensorflow:From test_ipyparallel.py:101: The name tf.keras.backend.set_session is deprecated. Please use tf.compat.v1.keras.backend.set_session instead.

WARNING:tensorflow:From /global/u2/m/muszyng/project-cnn-tda/cnn-project/my_project/new_project_mid_lat/code_for_paper/project/Model_E/changed_dropout_batch_size/global_search/mlextras.py:39: The name tf.ConfigProto is deprecated. Please use tf.compat.v1.ConfigProto instead.

WARNING:tensorflow:From /global/u2/m/muszyng/project-cnn-tda/cnn-project/my_project/new_project_mid_lat/code_for_paper/project/Model_E/changed_dropout_batch_size/global_search/mlextras.py:43: The name tf.Session is deprecated. Please use tf.compat.v1.Session instead.

2020-01-25 23:09:04.768668: I tensorflow/core/platform/cpu_feature_guard.cc:145] This TensorFlow binary is optimized with Intel(R) MKL-DNN to use the following CPU instructions in performance critical operations:  SSE4.1 SSE4.2 AVX AVX2 AVX512F FMA
To enable them in non-MKL-DNN operations, rebuild TensorFlow with the appropriate compiler flags.
WARNING:tensorflow:From test_ipyparallel.py:101: The name tf.keras.backend.set_session is deprecated. Please use tf.compat.v1.keras.backend.set_session instead.

WARNING:tensorflow:From /global/u2/m/muszyng/project-cnn-tda/cnn-project/my_project/new_project_mid_lat/code_for_paper/project/Model_E/changed_dropout_batch_size/global_search/mlextras.py:39: The name tf.ConfigProto is deprecated. Please use tf.compat.v1.ConfigProto instead.

WARNING:tensorflow:From /global/u2/m/muszyng/project-cnn-tda/cnn-project/my_project/new_project_mid_lat/code_for_paper/project/Model_E/changed_dropout_batch_size/global_search/mlextras.py:43: The name tf.Session is deprecated. Please use tf.compat.v1.Session instead.

2020-01-25 23:09:04.847466: I tensorflow/core/platform/cpu_feature_guard.cc:145] This TensorFlow binary is optimized with Intel(R) MKL-DNN to use the following CPU instructions in performance critical operations:  SSE4.1 SSE4.2 AVX AVX2 AVX512F FMA
To enable them in non-MKL-DNN operations, rebuild TensorFlow with the appropriate compiler flags.
2020-01-25 23:09:04.859148: I tensorflow/core/platform/profile_utils/cpu_utils.cc:94] CPU Frequency: 1400040000 Hz
2020-01-25 23:09:04.868120: I tensorflow/compiler/xla/service/service.cc:168] XLA service 0x555558816920 initialized for platform Host (this does not guarantee that XLA will be used). Devices:
2020-01-25 23:09:04.868256: I tensorflow/compiler/xla/service/service.cc:176]   StreamExecutor device (0): Host, Default Version
2020-01-25 23:09:04.939044: I tensorflow/core/platform/profile_utils/cpu_utils.cc:94] CPU Frequency: 1400135000 Hz
2020-01-25 23:09:04.950099: I tensorflow/compiler/xla/service/service.cc:168] XLA service 0x555558f43560 initialized for platform Host (this does not guarantee that XLA will be used). Devices:
2020-01-25 23:09:04.950235: I tensorflow/compiler/xla/service/service.cc:176]   StreamExecutor device (0): Host, Default Version
WARNING:tensorflow:From test_ipyparallel.py:101: The name tf.keras.backend.set_session is deprecated. Please use tf.compat.v1.keras.backend.set_session instead.

WARNING:tensorflow:From /global/u2/m/muszyng/project-cnn-tda/cnn-project/my_project/new_project_mid_lat/code_for_paper/project/Model_E/changed_dropout_batch_size/global_search/mlextras.py:39: The name tf.ConfigProto is deprecated. Please use tf.compat.v1.ConfigProto instead.

WARNING:tensorflow:From /global/u2/m/muszyng/project-cnn-tda/cnn-project/my_project/new_project_mid_lat/code_for_paper/project/Model_E/changed_dropout_batch_size/global_search/mlextras.py:43: The name tf.Session is deprecated. Please use tf.compat.v1.Session instead.

2020-01-25 23:09:04.959305: I tensorflow/core/platform/cpu_feature_guard.cc:145] This TensorFlow binary is optimized with Intel(R) MKL-DNN to use the following CPU instructions in performance critical operations:  SSE4.1 SSE4.2 AVX AVX2 AVX512F FMA
To enable them in non-MKL-DNN operations, rebuild TensorFlow with the appropriate compiler flags.
WARNING:tensorflow:From /usr/common/software/tensorflow/intel-tensorflow/1.15.0-py37/lib/python3.7/site-packages/tensorflow_core/python/ops/resource_variable_ops.py:1630: calling BaseResourceVariable.__init__ (from tensorflow.python.ops.resource_variable_ops) with constraint is deprecated and will be removed in a future version.
Instructions for updating:
If using Keras pass *_constraint arguments to layers.
WARNING:tensorflow:From /usr/common/software/tensorflow/intel-tensorflow/1.15.0-py37/lib/python3.7/site-packages/tensorflow_core/python/ops/resource_variable_ops.py:1630: calling BaseResourceVariable.__init__ (from tensorflow.python.ops.resource_variable_ops) with constraint is deprecated and will be removed in a future version.
Instructions for updating:
If using Keras pass *_constraint arguments to layers.
2020-01-25 23:09:05.052897: I tensorflow/core/platform/profile_utils/cpu_utils.cc:94] CPU Frequency: 1399985000 Hz
2020-01-25 23:09:05.064385: I tensorflow/compiler/xla/service/service.cc:168] XLA service 0x555558f5d900 initialized for platform Host (this does not guarantee that XLA will be used). Devices:
2020-01-25 23:09:05.064555: I tensorflow/compiler/xla/service/service.cc:176]   StreamExecutor device (0): Host, Default Version
WARNING:tensorflow:From /usr/common/software/tensorflow/intel-tensorflow/1.15.0-py37/lib/python3.7/site-packages/tensorflow_core/python/ops/resource_variable_ops.py:1630: calling BaseResourceVariable.__init__ (from tensorflow.python.ops.resource_variable_ops) with constraint is deprecated and will be removed in a future version.
Instructions for updating:
If using Keras pass *_constraint arguments to layers.
WARNING:tensorflow:From test_ipyparallel.py:101: The name tf.keras.backend.set_session is deprecated. Please use tf.compat.v1.keras.backend.set_session instead.

WARNING:tensorflow:From /global/u2/m/muszyng/project-cnn-tda/cnn-project/my_project/new_project_mid_lat/code_for_paper/project/Model_E/changed_dropout_batch_size/global_search/mlextras.py:39: The name tf.ConfigProto is deprecated. Please use tf.compat.v1.ConfigProto instead.

WARNING:tensorflow:From /global/u2/m/muszyng/project-cnn-tda/cnn-project/my_project/new_project_mid_lat/code_for_paper/project/Model_E/changed_dropout_batch_size/global_search/mlextras.py:43: The name tf.Session is deprecated. Please use tf.compat.v1.Session instead.

2020-01-25 23:09:05.705061: I tensorflow/core/platform/cpu_feature_guard.cc:145] This TensorFlow binary is optimized with Intel(R) MKL-DNN to use the following CPU instructions in performance critical operations:  SSE4.1 SSE4.2 AVX AVX2 AVX512F FMA
To enable them in non-MKL-DNN operations, rebuild TensorFlow with the appropriate compiler flags.
2020-01-25 23:09:05.801586: I tensorflow/core/platform/profile_utils/cpu_utils.cc:94] CPU Frequency: 1399980000 Hz
2020-01-25 23:09:05.810444: I tensorflow/compiler/xla/service/service.cc:168] XLA service 0x555558818a50 initialized for platform Host (this does not guarantee that XLA will be used). Devices:
2020-01-25 23:09:05.810559: I tensorflow/compiler/xla/service/service.cc:176]   StreamExecutor device (0): Host, Default Version
WARNING:tensorflow:From /usr/common/software/tensorflow/intel-tensorflow/1.15.0-py37/lib/python3.7/site-packages/tensorflow_core/python/ops/resource_variable_ops.py:1630: calling BaseResourceVariable.__init__ (from tensorflow.python.ops.resource_variable_ops) with constraint is deprecated and will be removed in a future version.
Instructions for updating:
If using Keras pass *_constraint arguments to layers.
WARNING:tensorflow:Large dropout rate: 0.506017 (>0.5). In TensorFlow 2.x, dropout() uses dropout rate instead of keep_prob. Please ensure that this is intended.
WARNING:tensorflow:Large dropout rate: 0.535887 (>0.5). In TensorFlow 2.x, dropout() uses dropout rate instead of keep_prob. Please ensure that this is intended.
WARNING:tensorflow:Large dropout rate: 0.506017 (>0.5). In TensorFlow 2.x, dropout() uses dropout rate instead of keep_prob. Please ensure that this is intended.
WARNING:tensorflow:Large dropout rate: 0.535887 (>0.5). In TensorFlow 2.x, dropout() uses dropout rate instead of keep_prob. Please ensure that this is intended.
WARNING:tensorflow:Large dropout rate: 0.506017 (>0.5). In TensorFlow 2.x, dropout() uses dropout rate instead of keep_prob. Please ensure that this is intended.
WARNING:tensorflow:Large dropout rate: 0.535887 (>0.5). In TensorFlow 2.x, dropout() uses dropout rate instead of keep_prob. Please ensure that this is intended.
WARNING:tensorflow:Large dropout rate: 0.506017 (>0.5). In TensorFlow 2.x, dropout() uses dropout rate instead of keep_prob. Please ensure that this is intended.
WARNING:tensorflow:Large dropout rate: 0.535887 (>0.5). In TensorFlow 2.x, dropout() uses dropout rate instead of keep_prob. Please ensure that this is intended.
WARNING:tensorflow:Large dropout rate: 0.545514 (>0.5). In TensorFlow 2.x, dropout() uses dropout rate instead of keep_prob. Please ensure that this is intended.
WARNING:tensorflow:From /usr/common/software/tensorflow/intel-tensorflow/1.15.0-py37/lib/python3.7/site-packages/tensorflow_core/python/ops/nn_impl.py:183: where (from tensorflow.python.ops.array_ops) is deprecated and will be removed in a future version.
Instructions for updating:
Use tf.where in 2.0, which has the same broadcast rule as np.where
WARNING:tensorflow:From /usr/common/software/tensorflow/intel-tensorflow/1.15.0-py37/lib/python3.7/site-packages/tensorflow_core/python/ops/nn_impl.py:183: where (from tensorflow.python.ops.array_ops) is deprecated and will be removed in a future version.
Instructions for updating:
Use tf.where in 2.0, which has the same broadcast rule as np.where
WARNING:tensorflow:Large dropout rate: 0.545514 (>0.5). In TensorFlow 2.x, dropout() uses dropout rate instead of keep_prob. Please ensure that this is intended.
WARNING:tensorflow:From /usr/common/software/tensorflow/intel-tensorflow/1.15.0-py37/lib/python3.7/site-packages/tensorflow_core/python/ops/nn_impl.py:183: where (from tensorflow.python.ops.array_ops) is deprecated and will be removed in a future version.
Instructions for updating:
Use tf.where in 2.0, which has the same broadcast rule as np.where
WARNING:tensorflow:Large dropout rate: 0.545514 (>0.5). In TensorFlow 2.x, dropout() uses dropout rate instead of keep_prob. Please ensure that this is intended.
WARNING:tensorflow:`epsilon` argument is deprecated and will be removed, use `min_delta` instead.
WARNING:tensorflow:`period` argument is deprecated. Please use `save_freq` to specify the frequency in number of samples seen.
WARNING:tensorflow:`epsilon` argument is deprecated and will be removed, use `min_delta` instead.
WARNING:tensorflow:`period` argument is deprecated. Please use `save_freq` to specify the frequency in number of samples seen.
WARNING:tensorflow:Large dropout rate: 0.545514 (>0.5). In TensorFlow 2.x, dropout() uses dropout rate instead of keep_prob. Please ensure that this is intended.
WARNING:tensorflow:`epsilon` argument is deprecated and will be removed, use `min_delta` instead.
WARNING:tensorflow:`period` argument is deprecated. Please use `save_freq` to specify the frequency in number of samples seen.
WARNING:tensorflow:From /usr/common/software/tensorflow/intel-tensorflow/1.15.0-py37/lib/python3.7/site-packages/tensorflow_core/python/ops/nn_impl.py:183: where (from tensorflow.python.ops.array_ops) is deprecated and will be removed in a future version.
Instructions for updating:
Use tf.where in 2.0, which has the same broadcast rule as np.where
WARNING:tensorflow:`epsilon` argument is deprecated and will be removed, use `min_delta` instead.
WARNING:tensorflow:`period` argument is deprecated. Please use `save_freq` to specify the frequency in number of samples seen.
2020-01-26 05:46:04.732 [IPControllerApp] heartbeat::missed b'96d5bfd8-c316e52736cf6b25cde1adde' : 1
2020-01-26 05:46:57.081 [IPControllerApp] heartbeat::missed b'92b70738-3a20a80899d2d0e9ca779c9b' : 1
2020-01-26 05:46:57.086 [IPControllerApp] heartbeat::missed b'6727c48a-bab096eb838e300b6b460f38' : 1
2020-01-26 05:46:57.093 [IPControllerApp] heartbeat::missed b'44351347-b53ac18b5218310f0032f55b' : 1
2020-01-26 05:46:57.105 [IPControllerApp] WARNING | heartbeat::heart b'6727c48a-bab096eb838e300b6b460f38' missed a beat, and took 55372.91 ms to respond
2020-01-26 05:46:57.113 [IPControllerApp] WARNING | heartbeat::heart b'96d5bfd8-c316e52736cf6b25cde1adde' missed a beat, and took 55381.36 ms to respond
2020-01-26 05:46:57.120 [IPControllerApp] WARNING | heartbeat::heart b'92b70738-3a20a80899d2d0e9ca779c9b' missed a beat, and took 55388.90 ms to respond
2020-01-26 05:46:57.128 [IPControllerApp] WARNING | heartbeat::heart b'44351347-b53ac18b5218310f0032f55b' missed a beat, and took 55396.45 ms to respond
2020-01-26 08:46:09.272 [IPControllerApp] task::task '28626a03-71fb12cefe0163d3b6fbe046' finished on 0
2020-01-26 08:57:22.115 [IPControllerApp] task::task '1518a312-3ab57ae5892b25fd75e24139' finished on 2
2020-01-26 08:57:24.989 [IPEngineApp] WARNING | No heartbeat in the last 3010 ms (1 time(s) in a row).
2020-01-26 09:03:07.393 [IPControllerApp] task::task '2c72f4b4-09b176805a6e451d8caf3ace' finished on 4
2020-01-26 11:03:29.967 [IPControllerApp] task::task '4c77f022-0a9c87500aa0f41670f5bea5' finished on 1
2020-01-26 11:04:30.461 [IPControllerApp] task::task 'a80a89a0-4394924a2af4f852ba21246d' finished on 3
slurmstepd: error: *** STEP 27634373.0 ON nid07862 CANCELLED AT 2020-01-26T16:59:21 ***
srun: got SIGCONT
2020-01-26 16:59:21.325 [IPControllerApp] CRITICAL | Received signal 15, shutting down
srun: forcing job termination
2020-01-26 16:59:21.332 [IPControllerApp] CRITICAL | terminating children...
