[+] ------START TIME (ST): Fri Jan 24 15:38:30 PST 2020------
Start cluster...
Launching controller
2020-01-24 15:38:36.646 [IPControllerApp] Hub listening on tcp://10.128.10.229:52349 for registration.
2020-01-24 15:38:36.656 [IPControllerApp] Hub using DB backend: 'DictDB'
2020-01-24 15:38:36.917 [IPControllerApp] hub::created hub
2020-01-24 15:38:36.918 [IPControllerApp] writing connection info to /global/u2/m/muszyng/.ipython/profile_default/security/ipcontroller-cori_27621225-client.json
2020-01-24 15:38:36.942 [IPControllerApp] writing connection info to /global/u2/m/muszyng/.ipython/profile_default/security/ipcontroller-cori_27621225-engine.json
2020-01-24 15:38:36.982 [IPControllerApp] task::using Python leastload Task scheduler
2020-01-24 15:38:36.984 [IPControllerApp] Heartmonitor started
2020-01-24 15:38:37.028 [IPControllerApp] Creating pid file: /global/u2/m/muszyng/.ipython/profile_default/pid/ipcontroller-cori_27621225.pid
2020-01-24 15:38:37.046 [scheduler] Scheduler started [leastload]
2020-01-24 15:38:37.053 [IPControllerApp] client::client b'\x00k\x8bEg' requested 'connection_request'
2020-01-24 15:38:37.054 [IPControllerApp] client::client [b'\x00k\x8bEg'] connected
Launching engines
2020-01-24 15:39:09.013 [IPEngineApp] Loading url_file '/global/u2/m/muszyng/.ipython/profile_default/security/ipcontroller-cori_27621225-engine.json'
2020-01-24 15:39:09.043 [IPControllerApp] client::client b'bfe6ef62-2b64fedd582663d1929fbb2b' requested 'registration_request'
2020-01-24 15:39:09.035 [IPEngineApp] Registering with controller at tcp://10.128.10.229:52349
2020-01-24 15:39:09.494 [IPEngineApp] Starting to monitor the heartbeat signal from the hub every 3010 ms.
2020-01-24 15:39:09.632 [IPEngineApp] Completed registration with id 0
2020-01-24 15:39:09.926 [IPEngineApp] Loading url_file '/global/u2/m/muszyng/.ipython/profile_default/security/ipcontroller-cori_27621225-engine.json'
2020-01-24 15:39:09.948 [IPEngineApp] Loading url_file '/global/u2/m/muszyng/.ipython/profile_default/security/ipcontroller-cori_27621225-engine.json'
2020-01-24 15:39:09.949 [IPEngineApp] Registering with controller at tcp://10.128.10.229:52349
2020-01-24 15:39:09.957 [IPControllerApp] client::client b'50474441-fb76b97bf793902f522c234c' requested 'registration_request'
2020-01-24 15:39:09.971 [IPEngineApp] Registering with controller at tcp://10.128.10.229:52349
2020-01-24 15:39:09.979 [IPControllerApp] client::client b'3c3a3fb2-07d02ff10c30d07ce092b263' requested 'registration_request'
2020-01-24 15:39:10.416 [IPEngineApp] Starting to monitor the heartbeat signal from the hub every 3010 ms.
2020-01-24 15:39:10.423 [IPEngineApp] Starting to monitor the heartbeat signal from the hub every 3010 ms.
2020-01-24 15:39:10.591 [IPEngineApp] Completed registration with id 1
2020-01-24 15:39:10.609 [IPEngineApp] Completed registration with id 2
2020-01-24 15:39:11.720 [IPEngineApp] Loading url_file '/global/u2/m/muszyng/.ipython/profile_default/security/ipcontroller-cori_27621225-engine.json'
2020-01-24 15:39:11.744 [IPEngineApp] Registering with controller at tcp://10.128.10.229:52349
2020-01-24 15:39:11.753 [IPControllerApp] client::client b'9c26b4bb-bc91f621a425136a4f71201b' requested 'registration_request'
2020-01-24 15:39:12.219 [IPEngineApp] Starting to monitor the heartbeat signal from the hub every 3010 ms.
2020-01-24 15:39:12.401 [IPEngineApp] Completed registration with id 3
2020-01-24 15:39:12.986 [IPControllerApp] registration::finished registering engine 0:bfe6ef62-2b64fedd582663d1929fbb2b
2020-01-24 15:39:12.988 [IPControllerApp] engine::Engine Connected: 0
2020-01-24 15:39:15.987 [IPControllerApp] registration::finished registering engine 2:3c3a3fb2-07d02ff10c30d07ce092b263
2020-01-24 15:39:15.989 [IPControllerApp] engine::Engine Connected: 2
2020-01-24 15:39:16.033 [IPControllerApp] registration::finished registering engine 1:50474441-fb76b97bf793902f522c234c
2020-01-24 15:39:16.035 [IPControllerApp] engine::Engine Connected: 1
2020-01-24 15:39:16.041 [IPControllerApp] registration::finished registering engine 3:9c26b4bb-bc91f621a425136a4f71201b
2020-01-24 15:39:16.043 [IPControllerApp] engine::Engine Connected: 3
2020-01-24 15:39:52.410 [IPControllerApp] client::client b'\x00k\x8bEh' requested 'connection_request'
2020-01-24 15:39:52.410 [IPControllerApp] client::client [b'\x00k\x8bEh'] connected
2020-01-24 15:39:52.489 [IPControllerApp] task::task 'a2320e8c-b5010dac73fe2cf5c48f093b' arrived on 3
Model_E_8 161 361 20
Job id: 27621225; Cluster id: cori_27621225
Worker IDs: [0, 1, 2, 3]
Original order  ['8_train_0_.h5', '8_train_1_.h5', '8_train_2_.h5', '8_train_3_.h5', '8_train_4_.h5', '8_train_5_.h5', '8_train_6_.h5', '8_train_7_.h5', '8_train_8_.h5', '8_train_9_.h5', '8_train_10_.h5', '8_train_11_.h5', '8_train_12_.h5', '8_train_13_.h5', '8_train_14_.h5', '8_train_15_.h5', '8_train_16_.h5', '8_train_17_.h5', '8_train_18_.h5', '8_train_19_.h5'] ['8_val_0_.h5', '8_val_1_.h5', '8_val_2_.h5', '8_val_3_.h5', '8_val_4_.h5', '8_val_5_.h5', '8_val_6_.h5', '8_val_7_.h5', '8_val_8_.h5', '8_val_9_.h5', '8_val_10_.h5', '8_val_11_.h5', '8_val_12_.h5', '8_val_13_.h5', '8_val_14_.h5', '8_val_15_.h5', '8_val_16_.h5', '8_val_17_.h5', '8_val_18_.h5', '8_val_19_.h5']
Shuffled files: ['8_train_3_.h5', '8_train_16_.h5', '8_train_9_.h5', '8_train_14_.h5', '8_train_0_.h5', '8_train_5_.h5', '8_train_17_.h5', '8_train_15_.h5', '8_train_11_.h5', '8_train_7_.h5', '8_train_18_.h5', '8_train_1_.h5', '8_train_4_.h5', '8_train_8_.h5', '8_train_2_.h5', '8_train_19_.h5', '8_train_12_.h5', '8_train_6_.h5', '8_train_13_.h5', '8_train_10_.h5'] ['8_val_11_.h5', '8_val_9_.h5', '8_val_0_.h5', '8_val_3_.h5', '8_val_15_.h5', '8_val_7_.h5', '8_val_1_.h5', '8_val_14_.h5', '8_val_2_.h5', '8_val_12_.h5', '8_val_19_.h5', '8_val_17_.h5', '8_val_5_.h5', '8_val_6_.h5', '8_val_4_.h5', '8_val_10_.h5', '8_val_18_.h5', '8_val_16_.h5', '8_val_8_.h5', '8_val_13_.h5']
/global/cscratch1/sd/muszyng/cnn_model_runs/Model_E/Model_E_8/27621225
['ihp', 'n_hpo_trials', 'n_convs_layers', 'conv_sizes', 'n_fc_layers', 'fc_sizes', 'dropout', 'optimizer', 'lr', 'batch_sizes', 'n_epochs', 'repeats_conv', 'recep_fields', 'checkpoint_dir']
Hyperparameter trial 0 conv [ 64 128 256 512] fc [512 256 128  64] dropout 0.4549 opt Adam, lr 0.0000, batch sizes 64
Checkpoint file: /global/cscratch1/sd/muszyng/cnn_model_runs/Model_E/Model_E_8/27621225/model_0.h5
Hyperparameter trial 1 conv [ 64 128 256 512] fc [512 256 128  64] dropout 0.5106 opt Adam, lr 0.0000, batch sizes 64
Checkpoint file: /global/cscratch1/sd/muszyng/cnn_model_runs/Model_E/Model_E_8/27621225/model_1.h5
Hyperparameter trial 2 conv [ 64 128 256 512] fc [512 256 128  64] dropout 0.3837 opt Adam, lr 0.0000, batch sizes 64
Checkpoint file: /global/cscratch1/sd/muszyng/cnn_model_runs/Model_E/Model_E_8/27621225/model_2.h5
Hyperparameter trial 3 conv [ 64 128 256 512] fc [512 256 128  64] dropout 0.4733 opt Adam, lr 0.0000, batch sizes 256
Checkpoint file: /global/cscratch1/sd/muszyng/cnn_model_runs/Model_E/Model_E_8/27621225/model_3.h5
Hyperparameter trial 4 conv [ 64 128 256 512] fc [512 256 128  64] dropout 0.4312 opt Adam, lr 0.0000, batch sizes 128
Checkpoint file: /global/cscratch1/sd/muszyng/cnn_model_runs/Model_E/Model_E_8/27621225/model_4.h5
2020-01-24 15:39:52.500 [IPControllerApp] task::task '1d75b5fd-e6f53e66b7aa6f2f5f7af4b3' arrived on 1
2020-01-24 15:39:52.513 [IPControllerApp] task::task '05a48a30-27891a2177beb2f4933fb147' arrived on 2
2020-01-24 15:39:52.522 [IPControllerApp] task::task 'c8d9c764-809dd339561b7e176ff122bf' arrived on 0
WARNING:tensorflow:From test_ipyparallel.py:101: The name tf.keras.backend.set_session is deprecated. Please use tf.compat.v1.keras.backend.set_session instead.

WARNING:tensorflow:From /global/u2/m/muszyng/project-cnn-tda/cnn-project/my_project/new_project_mid_lat/code_for_paper/project/Model_E/changed_dropout_batch_size/global_search/mlextras.py:39: The name tf.ConfigProto is deprecated. Please use tf.compat.v1.ConfigProto instead.

WARNING:tensorflow:From /global/u2/m/muszyng/project-cnn-tda/cnn-project/my_project/new_project_mid_lat/code_for_paper/project/Model_E/changed_dropout_batch_size/global_search/mlextras.py:43: The name tf.Session is deprecated. Please use tf.compat.v1.Session instead.

2020-01-24 15:40:06.059428: I tensorflow/core/platform/cpu_feature_guard.cc:145] This TensorFlow binary is optimized with Intel(R) MKL-DNN to use the following CPU instructions in performance critical operations:  SSE4.1 SSE4.2 AVX AVX2 AVX512F FMA
To enable them in non-MKL-DNN operations, rebuild TensorFlow with the appropriate compiler flags.
2020-01-24 15:40:06.131894: I tensorflow/core/platform/profile_utils/cpu_utils.cc:94] CPU Frequency: 1400150000 Hz
2020-01-24 15:40:06.143738: I tensorflow/compiler/xla/service/service.cc:168] XLA service 0x5555588166f0 initialized for platform Host (this does not guarantee that XLA will be used). Devices:
2020-01-24 15:40:06.143865: I tensorflow/compiler/xla/service/service.cc:176]   StreamExecutor device (0): Host, Default Version
WARNING:tensorflow:From /usr/common/software/tensorflow/intel-tensorflow/1.15.0-py37/lib/python3.7/site-packages/tensorflow_core/python/ops/resource_variable_ops.py:1630: calling BaseResourceVariable.__init__ (from tensorflow.python.ops.resource_variable_ops) with constraint is deprecated and will be removed in a future version.
Instructions for updating:
If using Keras pass *_constraint arguments to layers.
WARNING:tensorflow:From /usr/common/software/tensorflow/intel-tensorflow/1.15.0-py37/lib/python3.7/site-packages/tensorflow_core/python/ops/nn_impl.py:183: where (from tensorflow.python.ops.array_ops) is deprecated and will be removed in a future version.
Instructions for updating:
Use tf.where in 2.0, which has the same broadcast rule as np.where
WARNING:tensorflow:`epsilon` argument is deprecated and will be removed, use `min_delta` instead.
WARNING:tensorflow:`period` argument is deprecated. Please use `save_freq` to specify the frequency in number of samples seen.
WARNING:tensorflow:From test_ipyparallel.py:101: The name tf.keras.backend.set_session is deprecated. Please use tf.compat.v1.keras.backend.set_session instead.

WARNING:tensorflow:From /global/u2/m/muszyng/project-cnn-tda/cnn-project/my_project/new_project_mid_lat/code_for_paper/project/Model_E/changed_dropout_batch_size/global_search/mlextras.py:39: The name tf.ConfigProto is deprecated. Please use tf.compat.v1.ConfigProto instead.

WARNING:tensorflow:From /global/u2/m/muszyng/project-cnn-tda/cnn-project/my_project/new_project_mid_lat/code_for_paper/project/Model_E/changed_dropout_batch_size/global_search/mlextras.py:43: The name tf.Session is deprecated. Please use tf.compat.v1.Session instead.

2020-01-24 15:40:12.650461: I tensorflow/core/platform/cpu_feature_guard.cc:145] This TensorFlow binary is optimized with Intel(R) MKL-DNN to use the following CPU instructions in performance critical operations:  SSE4.1 SSE4.2 AVX AVX2 AVX512F FMA
To enable them in non-MKL-DNN operations, rebuild TensorFlow with the appropriate compiler flags.
2020-01-24 15:40:12.742598: I tensorflow/core/platform/profile_utils/cpu_utils.cc:94] CPU Frequency: 1400140000 Hz
2020-01-24 15:40:12.750898: I tensorflow/compiler/xla/service/service.cc:168] XLA service 0x555558f5c210 initialized for platform Host (this does not guarantee that XLA will be used). Devices:
2020-01-24 15:40:12.751029: I tensorflow/compiler/xla/service/service.cc:176]   StreamExecutor device (0): Host, Default Version
WARNING:tensorflow:From /usr/common/software/tensorflow/intel-tensorflow/1.15.0-py37/lib/python3.7/site-packages/tensorflow_core/python/ops/resource_variable_ops.py:1630: calling BaseResourceVariable.__init__ (from tensorflow.python.ops.resource_variable_ops) with constraint is deprecated and will be removed in a future version.
Instructions for updating:
If using Keras pass *_constraint arguments to layers.
WARNING:tensorflow:From test_ipyparallel.py:101: The name tf.keras.backend.set_session is deprecated. Please use tf.compat.v1.keras.backend.set_session instead.

WARNING:tensorflow:From /global/u2/m/muszyng/project-cnn-tda/cnn-project/my_project/new_project_mid_lat/code_for_paper/project/Model_E/changed_dropout_batch_size/global_search/mlextras.py:39: The name tf.ConfigProto is deprecated. Please use tf.compat.v1.ConfigProto instead.

WARNING:tensorflow:From /global/u2/m/muszyng/project-cnn-tda/cnn-project/my_project/new_project_mid_lat/code_for_paper/project/Model_E/changed_dropout_batch_size/global_search/mlextras.py:43: The name tf.Session is deprecated. Please use tf.compat.v1.Session instead.

2020-01-24 15:40:12.896264: I tensorflow/core/platform/cpu_feature_guard.cc:145] This TensorFlow binary is optimized with Intel(R) MKL-DNN to use the following CPU instructions in performance critical operations:  SSE4.1 SSE4.2 AVX AVX2 AVX512F FMA
To enable them in non-MKL-DNN operations, rebuild TensorFlow with the appropriate compiler flags.
2020-01-24 15:40:12.988358: I tensorflow/core/platform/profile_utils/cpu_utils.cc:94] CPU Frequency: 1399970000 Hz
2020-01-24 15:40:12.997485: I tensorflow/compiler/xla/service/service.cc:168] XLA service 0x55555894acf0 initialized for platform Host (this does not guarantee that XLA will be used). Devices:
2020-01-24 15:40:12.997621: I tensorflow/compiler/xla/service/service.cc:176]   StreamExecutor device (0): Host, Default Version
WARNING:tensorflow:From /usr/common/software/tensorflow/intel-tensorflow/1.15.0-py37/lib/python3.7/site-packages/tensorflow_core/python/ops/resource_variable_ops.py:1630: calling BaseResourceVariable.__init__ (from tensorflow.python.ops.resource_variable_ops) with constraint is deprecated and will be removed in a future version.
Instructions for updating:
If using Keras pass *_constraint arguments to layers.
WARNING:tensorflow:Large dropout rate: 0.510609 (>0.5). In TensorFlow 2.x, dropout() uses dropout rate instead of keep_prob. Please ensure that this is intended.
WARNING:tensorflow:Large dropout rate: 0.510609 (>0.5). In TensorFlow 2.x, dropout() uses dropout rate instead of keep_prob. Please ensure that this is intended.
WARNING:tensorflow:Large dropout rate: 0.510609 (>0.5). In TensorFlow 2.x, dropout() uses dropout rate instead of keep_prob. Please ensure that this is intended.
WARNING:tensorflow:Large dropout rate: 0.510609 (>0.5). In TensorFlow 2.x, dropout() uses dropout rate instead of keep_prob. Please ensure that this is intended.
WARNING:tensorflow:From /usr/common/software/tensorflow/intel-tensorflow/1.15.0-py37/lib/python3.7/site-packages/tensorflow_core/python/ops/nn_impl.py:183: where (from tensorflow.python.ops.array_ops) is deprecated and will be removed in a future version.
Instructions for updating:
Use tf.where in 2.0, which has the same broadcast rule as np.where
WARNING:tensorflow:From /usr/common/software/tensorflow/intel-tensorflow/1.15.0-py37/lib/python3.7/site-packages/tensorflow_core/python/ops/nn_impl.py:183: where (from tensorflow.python.ops.array_ops) is deprecated and will be removed in a future version.
Instructions for updating:
Use tf.where in 2.0, which has the same broadcast rule as np.where
WARNING:tensorflow:`epsilon` argument is deprecated and will be removed, use `min_delta` instead.
WARNING:tensorflow:`period` argument is deprecated. Please use `save_freq` to specify the frequency in number of samples seen.
WARNING:tensorflow:`epsilon` argument is deprecated and will be removed, use `min_delta` instead.
WARNING:tensorflow:`period` argument is deprecated. Please use `save_freq` to specify the frequency in number of samples seen.
WARNING:tensorflow:From test_ipyparallel.py:101: The name tf.keras.backend.set_session is deprecated. Please use tf.compat.v1.keras.backend.set_session instead.

WARNING:tensorflow:From /global/u2/m/muszyng/project-cnn-tda/cnn-project/my_project/new_project_mid_lat/code_for_paper/project/Model_E/changed_dropout_batch_size/global_search/mlextras.py:39: The name tf.ConfigProto is deprecated. Please use tf.compat.v1.ConfigProto instead.

WARNING:tensorflow:From /global/u2/m/muszyng/project-cnn-tda/cnn-project/my_project/new_project_mid_lat/code_for_paper/project/Model_E/changed_dropout_batch_size/global_search/mlextras.py:43: The name tf.Session is deprecated. Please use tf.compat.v1.Session instead.

2020-01-24 15:40:17.158951: I tensorflow/core/platform/cpu_feature_guard.cc:145] This TensorFlow binary is optimized with Intel(R) MKL-DNN to use the following CPU instructions in performance critical operations:  SSE4.1 SSE4.2 AVX AVX2 AVX512F FMA
To enable them in non-MKL-DNN operations, rebuild TensorFlow with the appropriate compiler flags.
2020-01-24 15:40:17.257832: I tensorflow/core/platform/profile_utils/cpu_utils.cc:94] CPU Frequency: 1399965000 Hz
2020-01-24 15:40:17.268527: I tensorflow/compiler/xla/service/service.cc:168] XLA service 0x55555881dca0 initialized for platform Host (this does not guarantee that XLA will be used). Devices:
2020-01-24 15:40:17.268661: I tensorflow/compiler/xla/service/service.cc:176]   StreamExecutor device (0): Host, Default Version
WARNING:tensorflow:From /usr/common/software/tensorflow/intel-tensorflow/1.15.0-py37/lib/python3.7/site-packages/tensorflow_core/python/ops/resource_variable_ops.py:1630: calling BaseResourceVariable.__init__ (from tensorflow.python.ops.resource_variable_ops) with constraint is deprecated and will be removed in a future version.
Instructions for updating:
If using Keras pass *_constraint arguments to layers.
WARNING:tensorflow:From /usr/common/software/tensorflow/intel-tensorflow/1.15.0-py37/lib/python3.7/site-packages/tensorflow_core/python/ops/nn_impl.py:183: where (from tensorflow.python.ops.array_ops) is deprecated and will be removed in a future version.
Instructions for updating:
Use tf.where in 2.0, which has the same broadcast rule as np.where
WARNING:tensorflow:`epsilon` argument is deprecated and will be removed, use `min_delta` instead.
WARNING:tensorflow:`period` argument is deprecated. Please use `save_freq` to specify the frequency in number of samples seen.
2020-01-24 15:40:43.573 [IPEngineApp] Loading url_file '/global/u2/m/muszyng/.ipython/profile_default/security/ipcontroller-cori_27621225-engine.json'
2020-01-24 15:40:43.677 [IPEngineApp] Registering with controller at tcp://10.128.10.229:52349
2020-01-24 15:40:43.685 [IPControllerApp] client::client b'2e2be3fa-e1ac4147e999539c44b62164' requested 'registration_request'
2020-01-24 15:40:44.831 [IPEngineApp] Starting to monitor the heartbeat signal from the hub every 3010 ms.
2020-01-24 15:40:45.049 [IPEngineApp] Completed registration with id 4
2020-01-24 15:40:48.987 [IPControllerApp] registration::finished registering engine 4:2e2be3fa-e1ac4147e999539c44b62164
2020-01-24 15:40:48.989 [IPControllerApp] engine::Engine Connected: 4
2020-01-24 15:40:49.036 [IPControllerApp] task::task '652d39ec-ba13aa3ad6d1d3d87970bf49' arrived on 4
WARNING:tensorflow:From test_ipyparallel.py:101: The name tf.keras.backend.set_session is deprecated. Please use tf.compat.v1.keras.backend.set_session instead.

WARNING:tensorflow:From /global/u2/m/muszyng/project-cnn-tda/cnn-project/my_project/new_project_mid_lat/code_for_paper/project/Model_E/changed_dropout_batch_size/global_search/mlextras.py:39: The name tf.ConfigProto is deprecated. Please use tf.compat.v1.ConfigProto instead.

WARNING:tensorflow:From /global/u2/m/muszyng/project-cnn-tda/cnn-project/my_project/new_project_mid_lat/code_for_paper/project/Model_E/changed_dropout_batch_size/global_search/mlextras.py:43: The name tf.Session is deprecated. Please use tf.compat.v1.Session instead.

2020-01-24 15:41:49.410765: I tensorflow/core/platform/cpu_feature_guard.cc:145] This TensorFlow binary is optimized with Intel(R) MKL-DNN to use the following CPU instructions in performance critical operations:  SSE4.1 SSE4.2 AVX AVX2 AVX512F FMA
To enable them in non-MKL-DNN operations, rebuild TensorFlow with the appropriate compiler flags.
2020-01-24 15:41:49.501085: I tensorflow/core/platform/profile_utils/cpu_utils.cc:94] CPU Frequency: 1400150000 Hz
2020-01-24 15:41:49.510906: I tensorflow/compiler/xla/service/service.cc:168] XLA service 0x5555588156b0 initialized for platform Host (this does not guarantee that XLA will be used). Devices:
2020-01-24 15:41:49.511027: I tensorflow/compiler/xla/service/service.cc:176]   StreamExecutor device (0): Host, Default Version
WARNING:tensorflow:From /usr/common/software/tensorflow/intel-tensorflow/1.15.0-py37/lib/python3.7/site-packages/tensorflow_core/python/ops/resource_variable_ops.py:1630: calling BaseResourceVariable.__init__ (from tensorflow.python.ops.resource_variable_ops) with constraint is deprecated and will be removed in a future version.
Instructions for updating:
If using Keras pass *_constraint arguments to layers.
WARNING:tensorflow:From /usr/common/software/tensorflow/intel-tensorflow/1.15.0-py37/lib/python3.7/site-packages/tensorflow_core/python/ops/nn_impl.py:183: where (from tensorflow.python.ops.array_ops) is deprecated and will be removed in a future version.
Instructions for updating:
Use tf.where in 2.0, which has the same broadcast rule as np.where
WARNING:tensorflow:`epsilon` argument is deprecated and will be removed, use `min_delta` instead.
WARNING:tensorflow:`period` argument is deprecated. Please use `save_freq` to specify the frequency in number of samples seen.
srun: got SIGCONT
slurmstepd: error: *** STEP 27621225.0 ON nid02768 CANCELLED AT 2020-01-24T17:29:41 ***
srun: forcing job termination
2020-01-24 17:29:41.075 [IPControllerApp] CRITICAL | Received signal 15, shutting down
2020-01-24 17:29:41.076 [IPControllerApp] CRITICAL | terminating children...
