[+] ------START TIME (ST): Fri Jan 24 17:34:26 PST 2020------
Start cluster...
Launching controller
2020-01-24 17:34:33.493 [IPControllerApp] Hub listening on tcp://10.128.10.4:34527 for registration.
2020-01-24 17:34:33.503 [IPControllerApp] Hub using DB backend: 'DictDB'
2020-01-24 17:34:33.764 [IPControllerApp] hub::created hub
2020-01-24 17:34:33.765 [IPControllerApp] writing connection info to /global/u2/m/muszyng/.ipython/profile_default/security/ipcontroller-cori_27622226-client.json
2020-01-24 17:34:33.782 [IPControllerApp] writing connection info to /global/u2/m/muszyng/.ipython/profile_default/security/ipcontroller-cori_27622226-engine.json
2020-01-24 17:34:33.795 [IPControllerApp] task::using Python leastload Task scheduler
2020-01-24 17:34:33.796 [IPControllerApp] Heartmonitor started
2020-01-24 17:34:33.844 [IPControllerApp] Creating pid file: /global/u2/m/muszyng/.ipython/profile_default/pid/ipcontroller-cori_27622226.pid
2020-01-24 17:34:33.867 [scheduler] Scheduler started [leastload]
2020-01-24 17:34:33.874 [IPControllerApp] client::client b'\x00k\x8bEg' requested 'connection_request'
2020-01-24 17:34:33.875 [IPControllerApp] client::client [b'\x00k\x8bEg'] connected
Launching engines
2020-01-24 17:35:05.203 [IPEngineApp] Loading url_file '/global/u2/m/muszyng/.ipython/profile_default/security/ipcontroller-cori_27622226-engine.json'
2020-01-24 17:35:05.233 [IPControllerApp] client::client b'4473a969-024c7db1b0ccb5b9708acaf6' requested 'registration_request'
2020-01-24 17:35:05.225 [IPEngineApp] Registering with controller at tcp://10.128.10.4:34527
2020-01-24 17:35:05.514 [IPEngineApp] Starting to monitor the heartbeat signal from the hub every 3010 ms.
2020-01-24 17:35:05.551 [IPEngineApp] Completed registration with id 0
2020-01-24 17:35:05.854 [IPEngineApp] Loading url_file '/global/u2/m/muszyng/.ipython/profile_default/security/ipcontroller-cori_27622226-engine.json'
2020-01-24 17:35:05.854 [IPEngineApp] Loading url_file '/global/u2/m/muszyng/.ipython/profile_default/security/ipcontroller-cori_27622226-engine.json'
2020-01-24 17:35:05.876 [IPEngineApp] Registering with controller at tcp://10.128.10.4:34527
2020-01-24 17:35:05.877 [IPEngineApp] Registering with controller at tcp://10.128.10.4:34527
2020-01-24 17:35:05.884 [IPControllerApp] client::client b'5628b16a-168582e0f0c46a1e6a527440' requested 'registration_request'
2020-01-24 17:35:05.889 [IPControllerApp] client::client b'098b43f9-1c2b9485fd7ad5c2e811bd15' requested 'registration_request'
2020-01-24 17:35:06.147 [IPEngineApp] Loading url_file '/global/u2/m/muszyng/.ipython/profile_default/security/ipcontroller-cori_27622226-engine.json'
2020-01-24 17:35:06.167 [IPEngineApp] Starting to monitor the heartbeat signal from the hub every 3010 ms.
2020-01-24 17:35:06.169 [IPEngineApp] Starting to monitor the heartbeat signal from the hub every 3010 ms.
2020-01-24 17:35:06.171 [IPEngineApp] Registering with controller at tcp://10.128.10.4:34527
2020-01-24 17:35:06.182 [IPControllerApp] client::client b'e67f94a1-b63ce0ee645d0ac7ed067fd3' requested 'registration_request'
2020-01-24 17:35:06.204 [IPEngineApp] Completed registration with id 1
2020-01-24 17:35:06.204 [IPEngineApp] Completed registration with id 2
2020-01-24 17:35:06.459 [IPEngineApp] Starting to monitor the heartbeat signal from the hub every 3010 ms.
2020-01-24 17:35:06.499 [IPEngineApp] Completed registration with id 3
2020-01-24 17:35:07.165 [IPEngineApp] Loading url_file '/global/u2/m/muszyng/.ipython/profile_default/security/ipcontroller-cori_27622226-engine.json'
2020-01-24 17:35:07.189 [IPEngineApp] Registering with controller at tcp://10.128.10.4:34527
2020-01-24 17:35:07.197 [IPControllerApp] client::client b'096917ef-26b1e6ef508f5e2b120a97b5' requested 'registration_request'
2020-01-24 17:35:07.478 [IPEngineApp] Starting to monitor the heartbeat signal from the hub every 3010 ms.
2020-01-24 17:35:07.513 [IPEngineApp] Completed registration with id 4
2020-01-24 17:35:09.800 [IPControllerApp] registration::finished registering engine 2:098b43f9-1c2b9485fd7ad5c2e811bd15
2020-01-24 17:35:09.802 [IPControllerApp] engine::Engine Connected: 2
2020-01-24 17:35:09.819 [IPControllerApp] registration::finished registering engine 1:5628b16a-168582e0f0c46a1e6a527440
2020-01-24 17:35:09.821 [IPControllerApp] engine::Engine Connected: 1
2020-01-24 17:35:09.825 [IPControllerApp] registration::finished registering engine 0:4473a969-024c7db1b0ccb5b9708acaf6
2020-01-24 17:35:09.827 [IPControllerApp] engine::Engine Connected: 0
2020-01-24 17:35:09.830 [IPControllerApp] registration::finished registering engine 3:e67f94a1-b63ce0ee645d0ac7ed067fd3
2020-01-24 17:35:09.832 [IPControllerApp] engine::Engine Connected: 3
2020-01-24 17:35:12.801 [IPControllerApp] registration::finished registering engine 4:096917ef-26b1e6ef508f5e2b120a97b5
2020-01-24 17:35:12.802 [IPControllerApp] engine::Engine Connected: 4
2020-01-24 17:35:54.496 [IPControllerApp] client::client b'\x00k\x8bEh' requested 'connection_request'
2020-01-24 17:35:54.497 [IPControllerApp] client::client [b'\x00k\x8bEh'] connected
Model_E_1 21 221 20
Job id: 27622226; Cluster id: cori_27622226
Worker IDs: [0, 1, 2, 3, 4]
Original order  ['1_train_0_.h5', '1_train_1_.h5', '1_train_2_.h5', '1_train_3_.h5', '1_train_4_.h5', '1_train_5_.h5', '1_train_6_.h5', '1_train_7_.h5', '1_train_8_.h5', '1_train_9_.h5', '1_train_10_.h5', '1_train_11_.h5', '1_train_12_.h5', '1_train_13_.h5', '1_train_14_.h5', '1_train_15_.h5', '1_train_16_.h5', '1_train_17_.h5', '1_train_18_.h5', '1_train_19_.h5'] ['1_val_0_.h5', '1_val_1_.h5', '1_val_2_.h5', '1_val_3_.h5', '1_val_4_.h5', '1_val_5_.h5', '1_val_6_.h5', '1_val_7_.h5', '1_val_8_.h5', '1_val_9_.h5', '1_val_10_.h5', '1_val_11_.h5', '1_val_12_.h5', '1_val_13_.h5', '1_val_14_.h5', '1_val_15_.h5', '1_val_16_.h5', '1_val_17_.h5', '1_val_18_.h5', '1_val_19_.h5']
Shuffled files: ['1_train_7_.h5', '1_train_10_.h5', '1_train_5_.h5', '1_train_8_.h5', '1_train_19_.h5', '1_train_3_.h5', '1_train_0_.h5', '1_train_4_.h5', '1_train_6_.h5', '1_train_11_.h5', '1_train_2_.h5', '1_train_18_.h5', '1_train_17_.h5', '1_train_14_.h5', '1_train_16_.h5', '1_train_12_.h5', '1_train_9_.h5', '1_train_1_.h5', '1_train_15_.h5', '1_train_13_.h5'] ['1_val_14_.h5', '1_val_15_.h5', '1_val_11_.h5', '1_val_0_.h5', '1_val_9_.h5', '1_val_17_.h5', '1_val_8_.h5', '1_val_3_.h5', '1_val_6_.h5', '1_val_12_.h5', '1_val_18_.h5', '1_val_2_.h5', '1_val_1_.h5', '1_val_5_.h5', '1_val_13_.h5', '1_val_7_.h5', '1_val_19_.h5', '1_val_16_.h5', '1_val_4_.h5', '1_val_10_.h5']
/global/cscratch1/sd/muszyng/cnn_model_runs/Model_E/Model_E_1/27622226
['ihp', 'n_hpo_trials', 'n_convs_layers', 'conv_sizes', 'n_fc_layers', 'fc_sizes', 'dropout', 'optimizer', 'lr', 'batch_sizes', 'n_epochs', 'repeats_conv', 'recep_fields', 'checkpoint_dir']
Hyperparameter trial 0 conv [ 64 128 256 512] fc [512 256 128  64] dropout 0.3456 opt Adam, lr 0.0000, batch sizes 64
Checkpoint file: /global/cscratch1/sd/muszyng/cnn_model_runs/Model_E/Model_E_1/27622226/model_0.h5
Hyperparameter trial 1 conv [ 64 128 256 512] fc [512 256 128  64] dropout 0.4938 opt Adam, lr 0.0000, batch sizes 256
Checkpoint file: /global/cscratch1/sd/muszyng/cnn_model_runs/Model_E/Model_E_1/27622226/model_1.h5
Hyperparameter trial 2 conv [ 64 128 256 512] fc [512 256 128  64] dropout 0.3103 opt Adam, lr 0.0000, batch sizes 64
Checkpoint file: /global/cscratch1/sd/muszyng/cnn_model_runs/Model_E/Model_E_1/27622226/model_2.h5
Hyperparameter trial 3 conv [ 64 128 256 512] fc [512 256 128  64] dropout 0.4169 opt Adam, lr 0.0000, batch sizes 128
Checkpoint file: /global/cscratch1/sd/muszyng/cnn_model_runs/Model_E/Model_E_1/27622226/model_3.h5
Hyperparameter trial 4 conv [ 64 128 256 512] fc [512 256 128  64] dropout 0.2933 opt Adam, lr 0.0000, batch sizes 64
Checkpoint file: /global/cscratch1/sd/muszyng/cnn_model_runs/Model_E/Model_E_1/27622226/model_4.h5
2020-01-24 17:35:54.857 [IPControllerApp] task::task '5a5d6e97-92363ac3a1360d1728528d3a' arrived on 4
2020-01-24 17:35:54.881 [IPControllerApp] task::task '61ff135e-a48c044676c2cd4004d432f2' arrived on 3
2020-01-24 17:35:54.889 [IPControllerApp] task::task 'f201fc03-6b32a32a763478d03a565b28' arrived on 0
2020-01-24 17:35:54.902 [IPControllerApp] task::task '533831e0-187c965e4060f54086a8c4fe' arrived on 1
2020-01-24 17:35:54.914 [IPControllerApp] task::task 'aa6952ad-d4021c795eb6fa72990d5b49' arrived on 2
WARNING:tensorflow:From test_ipyparallel.py:101: The name tf.keras.backend.set_session is deprecated. Please use tf.compat.v1.keras.backend.set_session instead.

WARNING:tensorflow:From /global/u2/m/muszyng/project-cnn-tda/cnn-project/my_project/new_project_mid_lat/code_for_paper/project/Model_E/changed_dropout_batch_size/global_search/mlextras.py:39: The name tf.ConfigProto is deprecated. Please use tf.compat.v1.ConfigProto instead.

WARNING:tensorflow:From /global/u2/m/muszyng/project-cnn-tda/cnn-project/my_project/new_project_mid_lat/code_for_paper/project/Model_E/changed_dropout_batch_size/global_search/mlextras.py:43: The name tf.Session is deprecated. Please use tf.compat.v1.Session instead.

2020-01-24 17:36:07.927145: I tensorflow/core/platform/cpu_feature_guard.cc:145] This TensorFlow binary is optimized with Intel(R) MKL-DNN to use the following CPU instructions in performance critical operations:  SSE4.1 SSE4.2 AVX AVX2 AVX512F FMA
To enable them in non-MKL-DNN operations, rebuild TensorFlow with the appropriate compiler flags.
2020-01-24 17:36:08.002227: I tensorflow/core/platform/profile_utils/cpu_utils.cc:94] CPU Frequency: 1399950000 Hz
2020-01-24 17:36:08.013292: I tensorflow/compiler/xla/service/service.cc:168] XLA service 0x5555587b55d0 initialized for platform Host (this does not guarantee that XLA will be used). Devices:
2020-01-24 17:36:08.013409: I tensorflow/compiler/xla/service/service.cc:176]   StreamExecutor device (0): Host, Default Version
WARNING:tensorflow:From /usr/common/software/tensorflow/intel-tensorflow/1.15.0-py37/lib/python3.7/site-packages/tensorflow_core/python/ops/resource_variable_ops.py:1630: calling BaseResourceVariable.__init__ (from tensorflow.python.ops.resource_variable_ops) with constraint is deprecated and will be removed in a future version.
Instructions for updating:
If using Keras pass *_constraint arguments to layers.
WARNING:tensorflow:From /usr/common/software/tensorflow/intel-tensorflow/1.15.0-py37/lib/python3.7/site-packages/tensorflow_core/python/ops/nn_impl.py:183: where (from tensorflow.python.ops.array_ops) is deprecated and will be removed in a future version.
Instructions for updating:
Use tf.where in 2.0, which has the same broadcast rule as np.where
WARNING:tensorflow:`epsilon` argument is deprecated and will be removed, use `min_delta` instead.
WARNING:tensorflow:`period` argument is deprecated. Please use `save_freq` to specify the frequency in number of samples seen.
WARNING:tensorflow:From test_ipyparallel.py:101: The name tf.keras.backend.set_session is deprecated. Please use tf.compat.v1.keras.backend.set_session instead.

WARNING:tensorflow:From /global/u2/m/muszyng/project-cnn-tda/cnn-project/my_project/new_project_mid_lat/code_for_paper/project/Model_E/changed_dropout_batch_size/global_search/mlextras.py:39: The name tf.ConfigProto is deprecated. Please use tf.compat.v1.ConfigProto instead.

WARNING:tensorflow:From /global/u2/m/muszyng/project-cnn-tda/cnn-project/my_project/new_project_mid_lat/code_for_paper/project/Model_E/changed_dropout_batch_size/global_search/mlextras.py:43: The name tf.Session is deprecated. Please use tf.compat.v1.Session instead.

2020-01-24 17:36:12.152251: I tensorflow/core/platform/cpu_feature_guard.cc:145] This TensorFlow binary is optimized with Intel(R) MKL-DNN to use the following CPU instructions in performance critical operations:  SSE4.1 SSE4.2 AVX AVX2 AVX512F FMA
To enable them in non-MKL-DNN operations, rebuild TensorFlow with the appropriate compiler flags.
2020-01-24 17:36:12.239902: I tensorflow/core/platform/profile_utils/cpu_utils.cc:94] CPU Frequency: 1400140000 Hz
WARNING:tensorflow:From test_ipyparallel.py:101: The name tf.keras.backend.set_session is deprecated. Please use tf.compat.v1.keras.backend.set_session instead.

WARNING:tensorflow:From /global/u2/m/muszyng/project-cnn-tda/cnn-project/my_project/new_project_mid_lat/code_for_paper/project/Model_E/changed_dropout_batch_size/global_search/mlextras.py:39: The name tf.ConfigProto is deprecated. Please use tf.compat.v1.ConfigProto instead.

WARNING:tensorflow:From /global/u2/m/muszyng/project-cnn-tda/cnn-project/my_project/new_project_mid_lat/code_for_paper/project/Model_E/changed_dropout_batch_size/global_search/mlextras.py:43: The name tf.Session is deprecated. Please use tf.compat.v1.Session instead.

2020-01-24 17:36:12.248591: I tensorflow/compiler/xla/service/service.cc:168] XLA service 0x555558ee36f0 initialized for platform Host (this does not guarantee that XLA will be used). Devices:
2020-01-24 17:36:12.251697: I tensorflow/core/platform/cpu_feature_guard.cc:145] This TensorFlow binary is optimized with Intel(R) MKL-DNN to use the following CPU instructions in performance critical operations:  SSE4.1 SSE4.2 AVX AVX2 AVX512F FMA
To enable them in non-MKL-DNN operations, rebuild TensorFlow with the appropriate compiler flags.
2020-01-24 17:36:12.248717: I tensorflow/compiler/xla/service/service.cc:176]   StreamExecutor device (0): Host, Default Version
WARNING:tensorflow:From /usr/common/software/tensorflow/intel-tensorflow/1.15.0-py37/lib/python3.7/site-packages/tensorflow_core/python/ops/resource_variable_ops.py:1630: calling BaseResourceVariable.__init__ (from tensorflow.python.ops.resource_variable_ops) with constraint is deprecated and will be removed in a future version.
Instructions for updating:
If using Keras pass *_constraint arguments to layers.
2020-01-24 17:36:12.343578: I tensorflow/core/platform/profile_utils/cpu_utils.cc:94] CPU Frequency: 1399955000 Hz
2020-01-24 17:36:12.354128: I tensorflow/compiler/xla/service/service.cc:168] XLA service 0x555558813cd0 initialized for platform Host (this does not guarantee that XLA will be used). Devices:
2020-01-24 17:36:12.354246: I tensorflow/compiler/xla/service/service.cc:176]   StreamExecutor device (0): Host, Default Version
WARNING:tensorflow:From /usr/common/software/tensorflow/intel-tensorflow/1.15.0-py37/lib/python3.7/site-packages/tensorflow_core/python/ops/resource_variable_ops.py:1630: calling BaseResourceVariable.__init__ (from tensorflow.python.ops.resource_variable_ops) with constraint is deprecated and will be removed in a future version.
Instructions for updating:
If using Keras pass *_constraint arguments to layers.
WARNING:tensorflow:From test_ipyparallel.py:101: The name tf.keras.backend.set_session is deprecated. Please use tf.compat.v1.keras.backend.set_session instead.

WARNING:tensorflow:From /global/u2/m/muszyng/project-cnn-tda/cnn-project/my_project/new_project_mid_lat/code_for_paper/project/Model_E/changed_dropout_batch_size/global_search/mlextras.py:39: The name tf.ConfigProto is deprecated. Please use tf.compat.v1.ConfigProto instead.

WARNING:tensorflow:From /global/u2/m/muszyng/project-cnn-tda/cnn-project/my_project/new_project_mid_lat/code_for_paper/project/Model_E/changed_dropout_batch_size/global_search/mlextras.py:43: The name tf.Session is deprecated. Please use tf.compat.v1.Session instead.

2020-01-24 17:36:12.577386: I tensorflow/core/platform/cpu_feature_guard.cc:145] This TensorFlow binary is optimized with Intel(R) MKL-DNN to use the following CPU instructions in performance critical operations:  SSE4.1 SSE4.2 AVX AVX2 AVX512F FMA
To enable them in non-MKL-DNN operations, rebuild TensorFlow with the appropriate compiler flags.
2020-01-24 17:36:12.664677: I tensorflow/core/platform/profile_utils/cpu_utils.cc:94] CPU Frequency: 1399955000 Hz
2020-01-24 17:36:12.672689: I tensorflow/compiler/xla/service/service.cc:168] XLA service 0x555558814b50 initialized for platform Host (this does not guarantee that XLA will be used). Devices:
2020-01-24 17:36:12.672801: I tensorflow/compiler/xla/service/service.cc:176]   StreamExecutor device (0): Host, Default Version
WARNING:tensorflow:From /usr/common/software/tensorflow/intel-tensorflow/1.15.0-py37/lib/python3.7/site-packages/tensorflow_core/python/ops/resource_variable_ops.py:1630: calling BaseResourceVariable.__init__ (from tensorflow.python.ops.resource_variable_ops) with constraint is deprecated and will be removed in a future version.
Instructions for updating:
If using Keras pass *_constraint arguments to layers.
WARNING:tensorflow:From /usr/common/software/tensorflow/intel-tensorflow/1.15.0-py37/lib/python3.7/site-packages/tensorflow_core/python/ops/nn_impl.py:183: where (from tensorflow.python.ops.array_ops) is deprecated and will be removed in a future version.
Instructions for updating:
Use tf.where in 2.0, which has the same broadcast rule as np.where
WARNING:tensorflow:From /usr/common/software/tensorflow/intel-tensorflow/1.15.0-py37/lib/python3.7/site-packages/tensorflow_core/python/ops/nn_impl.py:183: where (from tensorflow.python.ops.array_ops) is deprecated and will be removed in a future version.
Instructions for updating:
Use tf.where in 2.0, which has the same broadcast rule as np.where
WARNING:tensorflow:From /usr/common/software/tensorflow/intel-tensorflow/1.15.0-py37/lib/python3.7/site-packages/tensorflow_core/python/ops/nn_impl.py:183: where (from tensorflow.python.ops.array_ops) is deprecated and will be removed in a future version.
Instructions for updating:
Use tf.where in 2.0, which has the same broadcast rule as np.where
WARNING:tensorflow:`epsilon` argument is deprecated and will be removed, use `min_delta` instead.
WARNING:tensorflow:`period` argument is deprecated. Please use `save_freq` to specify the frequency in number of samples seen.
WARNING:tensorflow:`epsilon` argument is deprecated and will be removed, use `min_delta` instead.
WARNING:tensorflow:`period` argument is deprecated. Please use `save_freq` to specify the frequency in number of samples seen.
WARNING:tensorflow:`epsilon` argument is deprecated and will be removed, use `min_delta` instead.
WARNING:tensorflow:`period` argument is deprecated. Please use `save_freq` to specify the frequency in number of samples seen.
WARNING:tensorflow:From test_ipyparallel.py:101: The name tf.keras.backend.set_session is deprecated. Please use tf.compat.v1.keras.backend.set_session instead.

WARNING:tensorflow:From /global/u2/m/muszyng/project-cnn-tda/cnn-project/my_project/new_project_mid_lat/code_for_paper/project/Model_E/changed_dropout_batch_size/global_search/mlextras.py:39: The name tf.ConfigProto is deprecated. Please use tf.compat.v1.ConfigProto instead.

WARNING:tensorflow:From /global/u2/m/muszyng/project-cnn-tda/cnn-project/my_project/new_project_mid_lat/code_for_paper/project/Model_E/changed_dropout_batch_size/global_search/mlextras.py:43: The name tf.Session is deprecated. Please use tf.compat.v1.Session instead.

2020-01-24 17:36:16.595937: I tensorflow/core/platform/cpu_feature_guard.cc:145] This TensorFlow binary is optimized with Intel(R) MKL-DNN to use the following CPU instructions in performance critical operations:  SSE4.1 SSE4.2 AVX AVX2 AVX512F FMA
To enable them in non-MKL-DNN operations, rebuild TensorFlow with the appropriate compiler flags.
2020-01-24 17:36:16.689889: I tensorflow/core/platform/profile_utils/cpu_utils.cc:94] CPU Frequency: 1400075000 Hz
2020-01-24 17:36:16.699524: I tensorflow/compiler/xla/service/service.cc:168] XLA service 0x555558817ae0 initialized for platform Host (this does not guarantee that XLA will be used). Devices:
2020-01-24 17:36:16.699648: I tensorflow/compiler/xla/service/service.cc:176]   StreamExecutor device (0): Host, Default Version
WARNING:tensorflow:From /usr/common/software/tensorflow/intel-tensorflow/1.15.0-py37/lib/python3.7/site-packages/tensorflow_core/python/ops/resource_variable_ops.py:1630: calling BaseResourceVariable.__init__ (from tensorflow.python.ops.resource_variable_ops) with constraint is deprecated and will be removed in a future version.
Instructions for updating:
If using Keras pass *_constraint arguments to layers.
WARNING:tensorflow:From /usr/common/software/tensorflow/intel-tensorflow/1.15.0-py37/lib/python3.7/site-packages/tensorflow_core/python/ops/nn_impl.py:183: where (from tensorflow.python.ops.array_ops) is deprecated and will be removed in a future version.
Instructions for updating:
Use tf.where in 2.0, which has the same broadcast rule as np.where
WARNING:tensorflow:`epsilon` argument is deprecated and will be removed, use `min_delta` instead.
WARNING:tensorflow:`period` argument is deprecated. Please use `save_freq` to specify the frequency in number of samples seen.
2020-01-25 03:17:26.255 [IPControllerApp] task::task 'aa6952ad-d4021c795eb6fa72990d5b49' finished on 2
2020-01-25 03:17:58.986 [IPControllerApp] task::task '533831e0-187c965e4060f54086a8c4fe' finished on 1
2020-01-25 03:29:11.310 [IPControllerApp] task::task '5a5d6e97-92363ac3a1360d1728528d3a' finished on 4
2020-01-25 03:32:56.244 [IPControllerApp] task::task 'f201fc03-6b32a32a763478d03a565b28' finished on 0
2020-01-25 04:11:36.800 [IPControllerApp] heartbeat::missed b'096917ef-26b1e6ef508f5e2b120a97b5' : 1
2020-01-25 04:11:39.409 [IPEngineApp] WARNING | No heartbeat in the last 3010 ms (1 time(s) in a row).
2020-01-25 04:12:29.196 [IPControllerApp] heartbeat::missed b'098b43f9-1c2b9485fd7ad5c2e811bd15' : 1
2020-01-25 04:11:34.044 [IPEngineApp] WARNING | No heartbeat in the last 3010 ms (1 time(s) in a row).
2020-01-25 04:12:29.206 [IPControllerApp] heartbeat::missed b'5628b16a-168582e0f0c46a1e6a527440' : 1
IOStream.flush timed out
IOStream.flush timed out
2020-01-25 04:11:34.042 [IPEngineApp] WARNING | No heartbeat in the last 3010 ms (1 time(s) in a row).
2020-01-25 04:12:29.206 [IPControllerApp] heartbeat::missed b'e67f94a1-b63ce0ee645d0ac7ed067fd3' : 1
2020-01-25 04:11:42.419 [IPEngineApp] WARNING | No heartbeat in the last 3010 ms (2 time(s) in a row).
2020-01-25 04:11:37.054 [IPEngineApp] WARNING | No heartbeat in the last 3010 ms (2 time(s) in a row).
2020-01-25 04:11:37.052 [IPEngineApp] WARNING | No heartbeat in the last 3010 ms (2 time(s) in a row).
2020-01-25 04:11:45.428 [IPEngineApp] WARNING | No heartbeat in the last 3010 ms (3 time(s) in a row).
2020-01-25 04:11:40.064 [IPEngineApp] WARNING | No heartbeat in the last 3010 ms (3 time(s) in a row).
2020-01-25 04:11:40.063 [IPEngineApp] WARNING | No heartbeat in the last 3010 ms (3 time(s) in a row).
2020-01-25 04:11:48.439 [IPEngineApp] WARNING | No heartbeat in the last 3010 ms (4 time(s) in a row).
2020-01-25 04:11:43.074 [IPEngineApp] WARNING | No heartbeat in the last 3010 ms (4 time(s) in a row).
2020-01-25 04:11:43.072 [IPEngineApp] WARNING | No heartbeat in the last 3010 ms (4 time(s) in a row).
2020-01-25 04:11:51.449 [IPEngineApp] WARNING | No heartbeat in the last 3010 ms (5 time(s) in a row).
2020-01-25 04:11:46.083 [IPEngineApp] WARNING | No heartbeat in the last 3010 ms (5 time(s) in a row).
2020-01-25 04:11:46.082 [IPEngineApp] WARNING | No heartbeat in the last 3010 ms (5 time(s) in a row).
2020-01-25 04:11:54.459 [IPEngineApp] WARNING | No heartbeat in the last 3010 ms (6 time(s) in a row).
2020-01-25 04:11:49.094 [IPEngineApp] WARNING | No heartbeat in the last 3010 ms (6 time(s) in a row).
2020-01-25 04:11:49.093 [IPEngineApp] WARNING | No heartbeat in the last 3010 ms (6 time(s) in a row).
2020-01-25 04:11:57.469 [IPEngineApp] WARNING | No heartbeat in the last 3010 ms (7 time(s) in a row).
2020-01-25 04:11:52.104 [IPEngineApp] WARNING | No heartbeat in the last 3010 ms (7 time(s) in a row).
2020-01-25 04:11:52.102 [IPEngineApp] WARNING | No heartbeat in the last 3010 ms (7 time(s) in a row).
2020-01-25 04:12:00.479 [IPEngineApp] WARNING | No heartbeat in the last 3010 ms (8 time(s) in a row).
2020-01-25 04:11:55.114 [IPEngineApp] WARNING | No heartbeat in the last 3010 ms (8 time(s) in a row).
2020-01-25 04:11:55.112 [IPEngineApp] WARNING | No heartbeat in the last 3010 ms (8 time(s) in a row).
2020-01-25 04:12:03.489 [IPEngineApp] WARNING | No heartbeat in the last 3010 ms (9 time(s) in a row).
2020-01-25 04:11:58.124 [IPEngineApp] WARNING | No heartbeat in the last 3010 ms (9 time(s) in a row).
2020-01-25 04:11:58.123 [IPEngineApp] WARNING | No heartbeat in the last 3010 ms (9 time(s) in a row).
2020-01-25 04:12:06.498 [IPEngineApp] WARNING | No heartbeat in the last 3010 ms (10 time(s) in a row).
2020-01-25 04:12:01.134 [IPEngineApp] WARNING | No heartbeat in the last 3010 ms (10 time(s) in a row).
2020-01-25 04:12:29.215 [IPControllerApp] WARNING | heartbeat::heart b'e67f94a1-b63ce0ee645d0ac7ed067fd3' missed a beat, and took 55414.30 ms to respond
2020-01-25 04:12:01.132 [IPEngineApp] WARNING | No heartbeat in the last 3010 ms (10 time(s) in a row).
2020-01-25 04:12:09.509 [IPEngineApp] WARNING | No heartbeat in the last 3010 ms (11 time(s) in a row).
2020-01-25 04:12:04.143 [IPEngineApp] WARNING | No heartbeat in the last 3010 ms (11 time(s) in a row).
2020-01-25 04:12:04.142 [IPEngineApp] WARNING | No heartbeat in the last 3010 ms (11 time(s) in a row).
2020-01-25 04:12:12.519 [IPEngineApp] WARNING | No heartbeat in the last 3010 ms (12 time(s) in a row).
2020-01-25 04:12:07.154 [IPEngineApp] WARNING | No heartbeat in the last 3010 ms (12 time(s) in a row).
2020-01-25 04:12:07.152 [IPEngineApp] WARNING | No heartbeat in the last 3010 ms (12 time(s) in a row).
2020-01-25 04:12:15.529 [IPEngineApp] WARNING | No heartbeat in the last 3010 ms (13 time(s) in a row).
2020-01-25 04:12:10.164 [IPEngineApp] WARNING | No heartbeat in the last 3010 ms (13 time(s) in a row).
2020-01-25 04:12:10.163 [IPEngineApp] WARNING | No heartbeat in the last 3010 ms (13 time(s) in a row).
2020-01-25 04:12:18.539 [IPEngineApp] WARNING | No heartbeat in the last 3010 ms (14 time(s) in a row).
2020-01-25 04:12:13.174 [IPEngineApp] WARNING | No heartbeat in the last 3010 ms (14 time(s) in a row).
2020-01-25 04:12:13.172 [IPEngineApp] WARNING | No heartbeat in the last 3010 ms (14 time(s) in a row).
2020-01-25 04:12:21.549 [IPEngineApp] WARNING | No heartbeat in the last 3010 ms (15 time(s) in a row).
2020-01-25 04:12:16.183 [IPEngineApp] WARNING | No heartbeat in the last 3010 ms (15 time(s) in a row).
2020-01-25 04:12:16.182 [IPEngineApp] WARNING | No heartbeat in the last 3010 ms (15 time(s) in a row).
2020-01-25 04:12:24.559 [IPEngineApp] WARNING | No heartbeat in the last 3010 ms (16 time(s) in a row).
2020-01-25 04:12:19.194 [IPEngineApp] WARNING | No heartbeat in the last 3010 ms (16 time(s) in a row).
2020-01-25 04:12:19.192 [IPEngineApp] WARNING | No heartbeat in the last 3010 ms (16 time(s) in a row).
2020-01-25 04:12:27.569 [IPEngineApp] WARNING | No heartbeat in the last 3010 ms (17 time(s) in a row).
2020-01-25 04:12:22.204 [IPEngineApp] WARNING | No heartbeat in the last 3010 ms (17 time(s) in a row).
2020-01-25 04:12:22.203 [IPEngineApp] WARNING | No heartbeat in the last 3010 ms (17 time(s) in a row).
2020-01-25 04:12:25.214 [IPEngineApp] WARNING | No heartbeat in the last 3010 ms (18 time(s) in a row).
2020-01-25 04:12:25.212 [IPEngineApp] WARNING | No heartbeat in the last 3010 ms (18 time(s) in a row).
2020-01-25 04:12:29.228 [IPControllerApp] WARNING | heartbeat::heart b'5628b16a-168582e0f0c46a1e6a527440' missed a beat, and took 55427.53 ms to respond
2020-01-25 04:12:29.235 [IPControllerApp] WARNING | heartbeat::heart b'096917ef-26b1e6ef508f5e2b120a97b5' missed a beat, and took 55434.33 ms to respond
2020-01-25 04:12:29.241 [IPControllerApp] WARNING | heartbeat::heart b'098b43f9-1c2b9485fd7ad5c2e811bd15' missed a beat, and took 55441.15 ms to respond
2020-01-25 04:11:35.353 [IPEngineApp] WARNING | No heartbeat in the last 3010 ms (1 time(s) in a row).
2020-01-25 04:11:38.363 [IPEngineApp] WARNING | No heartbeat in the last 3010 ms (2 time(s) in a row).
2020-01-25 04:11:41.373 [IPEngineApp] WARNING | No heartbeat in the last 3010 ms (3 time(s) in a row).
2020-01-25 04:11:44.382 [IPEngineApp] WARNING | No heartbeat in the last 3010 ms (4 time(s) in a row).
2020-01-25 04:11:47.393 [IPEngineApp] WARNING | No heartbeat in the last 3010 ms (5 time(s) in a row).
2020-01-25 04:11:50.403 [IPEngineApp] WARNING | No heartbeat in the last 3010 ms (6 time(s) in a row).
2020-01-25 04:11:53.413 [IPEngineApp] WARNING | No heartbeat in the last 3010 ms (7 time(s) in a row).
2020-01-25 04:11:56.422 [IPEngineApp] WARNING | No heartbeat in the last 3010 ms (8 time(s) in a row).
2020-01-25 04:11:59.433 [IPEngineApp] WARNING | No heartbeat in the last 3010 ms (9 time(s) in a row).
2020-01-25 04:12:02.443 [IPEngineApp] WARNING | No heartbeat in the last 3010 ms (10 time(s) in a row).
2020-01-25 04:12:05.453 [IPEngineApp] WARNING | No heartbeat in the last 3010 ms (11 time(s) in a row).
2020-01-25 04:12:08.462 [IPEngineApp] WARNING | No heartbeat in the last 3010 ms (12 time(s) in a row).
2020-01-25 04:12:11.473 [IPEngineApp] WARNING | No heartbeat in the last 3010 ms (13 time(s) in a row).
2020-01-25 04:12:14.483 [IPEngineApp] WARNING | No heartbeat in the last 3010 ms (14 time(s) in a row).
2020-01-25 04:12:17.493 [IPEngineApp] WARNING | No heartbeat in the last 3010 ms (15 time(s) in a row).
2020-01-25 04:12:20.502 [IPEngineApp] WARNING | No heartbeat in the last 3010 ms (16 time(s) in a row).
2020-01-25 04:12:23.513 [IPEngineApp] WARNING | No heartbeat in the last 3010 ms (17 time(s) in a row).
2020-01-25 04:12:26.523 [IPEngineApp] WARNING | No heartbeat in the last 3010 ms (18 time(s) in a row).
2020-01-25 13:57:48.800 [IPControllerApp] heartbeat::missed b'096917ef-26b1e6ef508f5e2b120a97b5' : 1
2020-01-25 13:57:51.259 [IPEngineApp] WARNING | No heartbeat in the last 3010 ms (1 time(s) in a row).
2020-01-25 13:58:33.353 [IPControllerApp] heartbeat::missed b'098b43f9-1c2b9485fd7ad5c2e811bd15' : 1
2020-01-25 13:57:45.893 [IPEngineApp] WARNING | No heartbeat in the last 3010 ms (1 time(s) in a row).
2020-01-25 13:58:33.355 [IPControllerApp] heartbeat::missed b'5628b16a-168582e0f0c46a1e6a527440' : 1
2020-01-25 13:57:45.892 [IPEngineApp] WARNING | No heartbeat in the last 3010 ms (1 time(s) in a row).
2020-01-25 13:57:54.269 [IPEngineApp] WARNING | No heartbeat in the last 3010 ms (2 time(s) in a row).
2020-01-25 13:58:33.356 [IPControllerApp] heartbeat::missed b'e67f94a1-b63ce0ee645d0ac7ed067fd3' : 1
2020-01-25 13:57:57.278 [IPEngineApp] WARNING | No heartbeat in the last 3010 ms (3 time(s) in a row).
2020-01-25 13:58:00.289 [IPEngineApp] WARNING | No heartbeat in the last 3010 ms (4 time(s) in a row).
2020-01-25 13:58:03.299 [IPEngineApp] WARNING | No heartbeat in the last 3010 ms (5 time(s) in a row).
2020-01-25 13:58:06.308 [IPEngineApp] WARNING | No heartbeat in the last 3010 ms (6 time(s) in a row).
2020-01-25 13:58:09.319 [IPEngineApp] WARNING | No heartbeat in the last 3010 ms (7 time(s) in a row).
2020-01-25 13:58:12.329 [IPEngineApp] WARNING | No heartbeat in the last 3010 ms (8 time(s) in a row).
2020-01-25 13:58:15.339 [IPEngineApp] WARNING | No heartbeat in the last 3010 ms (9 time(s) in a row).
2020-01-25 13:58:18.348 [IPEngineApp] WARNING | No heartbeat in the last 3010 ms (10 time(s) in a row).
2020-01-25 13:58:21.359 [IPEngineApp] WARNING | No heartbeat in the last 3010 ms (11 time(s) in a row).
2020-01-25 13:58:24.369 [IPEngineApp] WARNING | No heartbeat in the last 3010 ms (12 time(s) in a row).
2020-01-25 13:58:27.379 [IPEngineApp] WARNING | No heartbeat in the last 3010 ms (13 time(s) in a row).
2020-01-25 13:58:33.358 [IPControllerApp] WARNING | heartbeat::heart b'e67f94a1-b63ce0ee645d0ac7ed067fd3' missed a beat, and took 47557.99 ms to respond
2020-01-25 13:58:30.388 [IPEngineApp] WARNING | No heartbeat in the last 3010 ms (14 time(s) in a row).
2020-01-25 13:58:33.360 [IPControllerApp] WARNING | heartbeat::heart b'098b43f9-1c2b9485fd7ad5c2e811bd15' missed a beat, and took 47559.49 ms to respond
2020-01-25 13:58:33.361 [IPControllerApp] WARNING | heartbeat::heart b'5628b16a-168582e0f0c46a1e6a527440' missed a beat, and took 47560.52 ms to respond
2020-01-25 13:58:33.797 [IPControllerApp] heartbeat::missed b'096917ef-26b1e6ef508f5e2b120a97b5' : 2
2020-01-25 13:58:36.800 [IPControllerApp] heartbeat::missed b'096917ef-26b1e6ef508f5e2b120a97b5' : 3
2020-01-25 13:58:36.801 [IPControllerApp] heartbeat::missed b'098b43f9-1c2b9485fd7ad5c2e811bd15' : 1
2020-01-25 13:58:36.802 [IPControllerApp] heartbeat::missed b'5628b16a-168582e0f0c46a1e6a527440' : 1
2020-01-25 13:58:36.802 [IPControllerApp] heartbeat::missed b'e67f94a1-b63ce0ee645d0ac7ed067fd3' : 1
2020-01-25 13:58:39.800 [IPControllerApp] heartbeat::missed b'096917ef-26b1e6ef508f5e2b120a97b5' : 4
2020-01-25 13:58:39.801 [IPControllerApp] heartbeat::missed b'098b43f9-1c2b9485fd7ad5c2e811bd15' : 2
2020-01-25 13:58:39.816 [IPControllerApp] heartbeat::missed b'5628b16a-168582e0f0c46a1e6a527440' : 2
2020-01-25 13:58:39.817 [IPControllerApp] heartbeat::missed b'e67f94a1-b63ce0ee645d0ac7ed067fd3' : 2
2020-01-25 13:57:48.902 [IPEngineApp] WARNING | No heartbeat in the last 3010 ms (2 time(s) in a row).
2020-01-25 13:57:51.912 [IPEngineApp] WARNING | No heartbeat in the last 3010 ms (3 time(s) in a row).
2020-01-25 13:57:54.922 [IPEngineApp] WARNING | No heartbeat in the last 3010 ms (4 time(s) in a row).
2020-01-25 13:57:57.933 [IPEngineApp] WARNING | No heartbeat in the last 3010 ms (5 time(s) in a row).
2020-01-25 13:58:00.942 [IPEngineApp] WARNING | No heartbeat in the last 3010 ms (6 time(s) in a row).
2020-01-25 13:58:03.952 [IPEngineApp] WARNING | No heartbeat in the last 3010 ms (7 time(s) in a row).
2020-01-25 13:58:06.962 [IPEngineApp] WARNING | No heartbeat in the last 3010 ms (8 time(s) in a row).
2020-01-25 13:58:09.972 [IPEngineApp] WARNING | No heartbeat in the last 3010 ms (9 time(s) in a row).
2020-01-25 13:58:12.982 [IPEngineApp] WARNING | No heartbeat in the last 3010 ms (10 time(s) in a row).
2020-01-25 13:58:15.992 [IPEngineApp] WARNING | No heartbeat in the last 3010 ms (11 time(s) in a row).
2020-01-25 13:58:19.003 [IPEngineApp] WARNING | No heartbeat in the last 3010 ms (12 time(s) in a row).
2020-01-25 13:58:22.012 [IPEngineApp] WARNING | No heartbeat in the last 3010 ms (13 time(s) in a row).
2020-01-25 13:58:25.022 [IPEngineApp] WARNING | No heartbeat in the last 3010 ms (14 time(s) in a row).
2020-01-25 13:58:28.033 [IPEngineApp] WARNING | No heartbeat in the last 3010 ms (15 time(s) in a row).
2020-01-25 13:58:31.042 [IPEngineApp] WARNING | No heartbeat in the last 3010 ms (16 time(s) in a row).
2020-01-25 13:58:37.062 [IPEngineApp] WARNING | No heartbeat in the last 3010 ms (1 time(s) in a row).
2020-01-25 13:58:40.040 [IPControllerApp] WARNING | heartbeat::got bad heartbeat (possibly old?): b'73392.00465750694' (current=73446.004)
2020-01-25 13:58:40.041 [IPControllerApp] WARNING | heartbeat::got bad heartbeat (possibly old?): b'73395.00390195847' (current=73446.004)
2020-01-25 13:58:40.042 [IPControllerApp] WARNING | heartbeat::got bad heartbeat (possibly old?): b'73395.00390195847' (current=73446.004)
2020-01-25 13:58:40.044 [IPControllerApp] WARNING | heartbeat::got bad heartbeat (possibly old?): b'73395.00390195847' (current=73446.004)
2020-01-25 13:58:40.045 [IPControllerApp] WARNING | heartbeat::got bad heartbeat (possibly old?): b'73395.00390195847' (current=73446.004)
2020-01-25 13:58:40.046 [IPControllerApp] WARNING | heartbeat::got bad heartbeat (possibly old?): b'73440.00149273872' (current=73446.004)
2020-01-25 13:58:40.047 [IPControllerApp] WARNING | heartbeat::got bad heartbeat (possibly old?): b'73440.00149273872' (current=73446.004)
2020-01-25 13:58:40.048 [IPControllerApp] WARNING | heartbeat::got bad heartbeat (possibly old?): b'73440.00149273872' (current=73446.004)
2020-01-25 13:58:40.049 [IPControllerApp] WARNING | heartbeat::got bad heartbeat (possibly old?): b'73440.00149273872' (current=73446.004)
2020-01-25 13:58:40.050 [IPControllerApp] WARNING | heartbeat::heart b'098b43f9-1c2b9485fd7ad5c2e811bd15' missed a beat, and took 3250.47 ms to respond
2020-01-25 13:58:40.051 [IPControllerApp] WARNING | heartbeat::heart b'e67f94a1-b63ce0ee645d0ac7ed067fd3' missed a beat, and took 3251.44 ms to respond
2020-01-25 13:58:40.052 [IPControllerApp] WARNING | heartbeat::heart b'5628b16a-168582e0f0c46a1e6a527440' missed a beat, and took 3252.37 ms to respond
2020-01-25 13:58:40.053 [IPControllerApp] WARNING | heartbeat::heart b'096917ef-26b1e6ef508f5e2b120a97b5' missed a beat, and took 3253.30 ms to respond
2020-01-25 13:57:48.903 [IPEngineApp] WARNING | No heartbeat in the last 3010 ms (2 time(s) in a row).
2020-01-25 13:57:51.914 [IPEngineApp] WARNING | No heartbeat in the last 3010 ms (3 time(s) in a row).
2020-01-25 13:57:54.924 [IPEngineApp] WARNING | No heartbeat in the last 3010 ms (4 time(s) in a row).
2020-01-25 13:57:57.933 [IPEngineApp] WARNING | No heartbeat in the last 3010 ms (5 time(s) in a row).
2020-01-25 13:58:00.943 [IPEngineApp] WARNING | No heartbeat in the last 3010 ms (6 time(s) in a row).
2020-01-25 13:58:03.954 [IPEngineApp] WARNING | No heartbeat in the last 3010 ms (7 time(s) in a row).
2020-01-25 13:58:06.964 [IPEngineApp] WARNING | No heartbeat in the last 3010 ms (8 time(s) in a row).
2020-01-25 13:58:09.973 [IPEngineApp] WARNING | No heartbeat in the last 3010 ms (9 time(s) in a row).
2020-01-25 13:58:12.983 [IPEngineApp] WARNING | No heartbeat in the last 3010 ms (10 time(s) in a row).
2020-01-25 13:58:15.994 [IPEngineApp] WARNING | No heartbeat in the last 3010 ms (11 time(s) in a row).
2020-01-25 13:58:19.004 [IPEngineApp] WARNING | No heartbeat in the last 3010 ms (12 time(s) in a row).
2020-01-25 13:58:22.013 [IPEngineApp] WARNING | No heartbeat in the last 3010 ms (13 time(s) in a row).
2020-01-25 13:58:25.023 [IPEngineApp] WARNING | No heartbeat in the last 3010 ms (14 time(s) in a row).
2020-01-25 13:58:28.034 [IPEngineApp] WARNING | No heartbeat in the last 3010 ms (15 time(s) in a row).
2020-01-25 13:58:31.044 [IPEngineApp] WARNING | No heartbeat in the last 3010 ms (16 time(s) in a row).
2020-01-25 13:58:37.064 [IPEngineApp] WARNING | No heartbeat in the last 3010 ms (1 time(s) in a row).
2020-01-25 13:57:47.203 [IPEngineApp] WARNING | No heartbeat in the last 3010 ms (1 time(s) in a row).
2020-01-25 13:57:50.213 [IPEngineApp] WARNING | No heartbeat in the last 3010 ms (2 time(s) in a row).
2020-01-25 13:57:53.222 [IPEngineApp] WARNING | No heartbeat in the last 3010 ms (3 time(s) in a row).
2020-01-25 13:57:56.233 [IPEngineApp] WARNING | No heartbeat in the last 3010 ms (4 time(s) in a row).
2020-01-25 13:57:59.243 [IPEngineApp] WARNING | No heartbeat in the last 3010 ms (5 time(s) in a row).
2020-01-25 13:58:02.253 [IPEngineApp] WARNING | No heartbeat in the last 3010 ms (6 time(s) in a row).
2020-01-25 13:58:05.262 [IPEngineApp] WARNING | No heartbeat in the last 3010 ms (7 time(s) in a row).
2020-01-25 13:58:08.272 [IPEngineApp] WARNING | No heartbeat in the last 3010 ms (8 time(s) in a row).
2020-01-25 13:58:11.283 [IPEngineApp] WARNING | No heartbeat in the last 3010 ms (9 time(s) in a row).
2020-01-25 13:58:14.293 [IPEngineApp] WARNING | No heartbeat in the last 3010 ms (10 time(s) in a row).
2020-01-25 13:58:17.302 [IPEngineApp] WARNING | No heartbeat in the last 3010 ms (11 time(s) in a row).
2020-01-25 13:58:20.312 [IPEngineApp] WARNING | No heartbeat in the last 3010 ms (12 time(s) in a row).
2020-01-25 13:58:23.323 [IPEngineApp] WARNING | No heartbeat in the last 3010 ms (13 time(s) in a row).
2020-01-25 13:58:26.333 [IPEngineApp] WARNING | No heartbeat in the last 3010 ms (14 time(s) in a row).
2020-01-25 13:58:29.343 [IPEngineApp] WARNING | No heartbeat in the last 3010 ms (15 time(s) in a row).
2020-01-25 13:58:32.352 [IPEngineApp] WARNING | No heartbeat in the last 3010 ms (16 time(s) in a row).
2020-01-25 13:58:35.363 [IPEngineApp] WARNING | No heartbeat in the last 3010 ms (17 time(s) in a row).
2020-01-25 13:58:38.373 [IPEngineApp] WARNING | No heartbeat in the last 3010 ms (18 time(s) in a row).
slurmstepd: error: *** STEP 27622226.0 ON nid02543 CANCELLED AT 2020-01-25T15:05:54 ***
2020-01-25 15:05:54.012 [IPControllerApp] CRITICAL | Received signal 15, shutting down
srun: got SIGCONT
2020-01-25 15:05:54.013 [IPControllerApp] CRITICAL | terminating children...
srun: forcing job termination
