[+] ------START TIME (ST): Mon Jan 20 01:27:14 PST 2020------
Start cluster...
Launching controller
2020-01-20 01:27:20.362 [IPControllerApp] Hub listening on tcp://10.128.28.41:39685 for registration.
2020-01-20 01:27:20.372 [IPControllerApp] Hub using DB backend: 'DictDB'
2020-01-20 01:27:20.633 [IPControllerApp] hub::created hub
2020-01-20 01:27:20.634 [IPControllerApp] writing connection info to /global/u2/m/muszyng/.ipython/profile_default/security/ipcontroller-cori_27512541-client.json
2020-01-20 01:27:20.648 [IPControllerApp] writing connection info to /global/u2/m/muszyng/.ipython/profile_default/security/ipcontroller-cori_27512541-engine.json
2020-01-20 01:27:20.657 [IPControllerApp] task::using Python leastload Task scheduler
2020-01-20 01:27:20.658 [IPControllerApp] Heartmonitor started
2020-01-20 01:27:20.694 [IPControllerApp] Creating pid file: /global/u2/m/muszyng/.ipython/profile_default/pid/ipcontroller-cori_27512541.pid
2020-01-20 01:27:20.722 [scheduler] Scheduler started [leastload]
2020-01-20 01:27:20.729 [IPControllerApp] client::client b'\x00k\x8bEg' requested 'connection_request'
2020-01-20 01:27:20.730 [IPControllerApp] client::client [b'\x00k\x8bEg'] connected
Launching engines
2020-01-20 01:27:52.369 [IPEngineApp] Loading url_file '/global/u2/m/muszyng/.ipython/profile_default/security/ipcontroller-cori_27512541-engine.json'
2020-01-20 01:27:52.399 [IPControllerApp] client::client b'd5df5ae2-a854a70aa4b9e1d9d2184050' requested 'registration_request'
2020-01-20 01:27:52.391 [IPEngineApp] Registering with controller at tcp://10.128.28.41:39685
2020-01-20 01:27:52.671 [IPEngineApp] Starting to monitor the heartbeat signal from the hub every 3010 ms.
2020-01-20 01:27:52.710 [IPEngineApp] Completed registration with id 0
2020-01-20 01:27:53.300 [IPEngineApp] Loading url_file '/global/u2/m/muszyng/.ipython/profile_default/security/ipcontroller-cori_27512541-engine.json'
2020-01-20 01:27:53.322 [IPEngineApp] Registering with controller at tcp://10.128.28.41:39685
2020-01-20 01:27:53.332 [IPControllerApp] client::client b'c1cbcaf4-33c49ece0e8c05967a7ccdc3' requested 'registration_request'
2020-01-20 01:27:53.578 [IPEngineApp] Loading url_file '/global/u2/m/muszyng/.ipython/profile_default/security/ipcontroller-cori_27512541-engine.json'
2020-01-20 01:27:53.601 [IPEngineApp] Registering with controller at tcp://10.128.28.41:39685
2020-01-20 01:27:53.604 [IPEngineApp] Starting to monitor the heartbeat signal from the hub every 3010 ms.
2020-01-20 01:27:53.610 [IPControllerApp] client::client b'94e15b02-1f67a5f523bdd52675843372' requested 'registration_request'
2020-01-20 01:27:53.642 [IPEngineApp] Completed registration with id 1
2020-01-20 01:27:53.738 [IPEngineApp] Loading url_file '/global/u2/m/muszyng/.ipython/profile_default/security/ipcontroller-cori_27512541-engine.json'
2020-01-20 01:27:53.761 [IPEngineApp] Registering with controller at tcp://10.128.28.41:39685
2020-01-20 01:27:53.770 [IPControllerApp] client::client b'2987df16-6c9e20d1dc53b73b02b64735' requested 'registration_request'
2020-01-20 01:27:53.786 [IPEngineApp] Loading url_file '/global/u2/m/muszyng/.ipython/profile_default/security/ipcontroller-cori_27512541-engine.json'
2020-01-20 01:27:53.809 [IPEngineApp] Registering with controller at tcp://10.128.28.41:39685
2020-01-20 01:27:53.818 [IPControllerApp] client::client b'571ba99e-cbf5a0f7f9be71295d69d7d1' requested 'registration_request'
2020-01-20 01:27:53.883 [IPEngineApp] Starting to monitor the heartbeat signal from the hub every 3010 ms.
2020-01-20 01:27:53.919 [IPEngineApp] Completed registration with id 2
2020-01-20 01:27:54.048 [IPEngineApp] Starting to monitor the heartbeat signal from the hub every 3010 ms.
2020-01-20 01:27:54.086 [IPEngineApp] Completed registration with id 3
2020-01-20 01:27:54.102 [IPEngineApp] Starting to monitor the heartbeat signal from the hub every 3010 ms.
2020-01-20 01:27:54.141 [IPEngineApp] Completed registration with id 4
2020-01-20 01:27:56.662 [IPControllerApp] registration::finished registering engine 2:94e15b02-1f67a5f523bdd52675843372
2020-01-20 01:27:56.665 [IPControllerApp] engine::Engine Connected: 2
2020-01-20 01:27:56.677 [IPControllerApp] registration::finished registering engine 0:d5df5ae2-a854a70aa4b9e1d9d2184050
2020-01-20 01:27:56.679 [IPControllerApp] engine::Engine Connected: 0
2020-01-20 01:27:56.682 [IPControllerApp] registration::finished registering engine 1:c1cbcaf4-33c49ece0e8c05967a7ccdc3
2020-01-20 01:27:56.683 [IPControllerApp] engine::Engine Connected: 1
2020-01-20 01:27:59.663 [IPControllerApp] registration::finished registering engine 3:2987df16-6c9e20d1dc53b73b02b64735
2020-01-20 01:27:59.665 [IPControllerApp] engine::Engine Connected: 3
2020-01-20 01:27:59.670 [IPControllerApp] registration::finished registering engine 4:571ba99e-cbf5a0f7f9be71295d69d7d1
2020-01-20 01:27:59.671 [IPControllerApp] engine::Engine Connected: 4
2020-01-20 01:28:38.437 [IPControllerApp] client::client b'\x00k\x8bEh' requested 'connection_request'
2020-01-20 01:28:38.438 [IPControllerApp] client::client [b'\x00k\x8bEh'] connected
Model_E_1 21 221 20
Job id: 27512541; Cluster id: cori_27512541
Worker IDs: [0, 1, 2, 3, 4]
Original order  ['1_train_0_.h5', '1_train_1_.h5', '1_train_2_.h5', '1_train_3_.h5', '1_train_4_.h5', '1_train_5_.h5', '1_train_6_.h5', '1_train_7_.h5', '1_train_8_.h5', '1_train_9_.h5', '1_train_10_.h5', '1_train_11_.h5', '1_train_12_.h5', '1_train_13_.h5', '1_train_14_.h5', '1_train_15_.h5', '1_train_16_.h5', '1_train_17_.h5', '1_train_18_.h5', '1_train_19_.h5'] ['1_val_0_.h5', '1_val_1_.h5', '1_val_2_.h5', '1_val_3_.h5', '1_val_4_.h5', '1_val_5_.h5', '1_val_6_.h5', '1_val_7_.h5', '1_val_8_.h5', '1_val_9_.h5', '1_val_10_.h5', '1_val_11_.h5', '1_val_12_.h5', '1_val_13_.h5', '1_val_14_.h5', '1_val_15_.h5', '1_val_16_.h5', '1_val_17_.h5', '1_val_18_.h5', '1_val_19_.h5']
Shuffled files: ['1_train_11_.h5', '1_train_10_.h5', '1_train_1_.h5', '1_train_14_.h5', '1_train_2_.h5', '1_train_0_.h5', '1_train_12_.h5', '1_train_4_.h5', '1_train_7_.h5', '1_train_6_.h5', '1_train_3_.h5', '1_train_18_.h5', '1_train_19_.h5', '1_train_8_.h5', '1_train_5_.h5', '1_train_13_.h5', '1_train_15_.h5', '1_train_16_.h5', '1_train_9_.h5', '1_train_17_.h5'] ['1_val_4_.h5', '1_val_6_.h5', '1_val_8_.h5', '1_val_12_.h5', '1_val_10_.h5', '1_val_5_.h5', '1_val_13_.h5', '1_val_15_.h5', '1_val_2_.h5', '1_val_14_.h5', '1_val_11_.h5', '1_val_3_.h5', '1_val_1_.h5', '1_val_17_.h5', '1_val_19_.h5', '1_val_18_.h5', '1_val_7_.h5', '1_val_16_.h5', '1_val_9_.h5', '1_val_0_.h5']
/global/cscratch1/sd/muszyng/cnn_model_runs/Model_E/Model_E_1/27512541
['ihp', 'n_hpo_trials', 'n_convs_layers', 'conv_sizes', 'n_fc_layers', 'fc_sizes', 'dropout', 'optimizer', 'lr', 'batch_sizes', 'n_epochs', 'repeats_conv', 'recep_fields', 'checkpoint_dir']
Hyperparameter trial 0 conv [ 64 128 256 512] fc [512 256 128  64] dropout 0.3970 opt Adam, lr 0.0000, batch sizes 256
Checkpoint file: /global/cscratch1/sd/muszyng/cnn_model_runs/Model_E/Model_E_1/27512541/model_0.h5
Hyperparameter trial 1 conv [ 64 128 256 512] fc [512 256 128  64] dropout 0.3741 opt Adam, lr 0.0000, batch sizes 128
Checkpoint file: /global/cscratch1/sd/muszyng/cnn_model_runs/Model_E/Model_E_1/27512541/model_1.h5
Hyperparameter trial 2 conv [ 64 128 256 512] fc [512 256 128  64] dropout 0.4804 opt Adam, lr 0.0000, batch sizes 128
Checkpoint file: /global/cscratch1/sd/muszyng/cnn_model_runs/Model_E/Model_E_1/27512541/model_2.h5
Hyperparameter trial 3 conv [ 64 128 256 512] fc [512 256 128  64] dropout 0.4177 opt Adam, lr 0.0000, batch sizes 256
Checkpoint file: /global/cscratch1/sd/muszyng/cnn_model_runs/Model_E/Model_E_1/27512541/model_3.h5
Hyperparameter trial 4 conv [ 64 128 256 512] fc [512 256 128  64] dropout 0.3039 opt Adam, lr 0.0000, batch sizes 128
Checkpoint file: /global/cscratch1/sd/muszyng/cnn_model_runs/Model_E/Model_E_1/27512541/model_4.h5
2020-01-20 01:28:38.559 [IPControllerApp] task::task '93c37594-e025f1b036b09cc0b6b97fc4' arrived on 4
2020-01-20 01:28:38.569 [IPControllerApp] task::task 'c0852d24-8a49589cc64280f79c571671' arrived on 3
2020-01-20 01:28:38.580 [IPControllerApp] task::task 'dcf32d5c-fffa7f9a160b5b0192b75e31' arrived on 1
2020-01-20 01:28:38.592 [IPControllerApp] task::task '4abfe687-0932cd1bb3b7e741f6319342' arrived on 0
2020-01-20 01:28:38.608 [IPControllerApp] task::task 'ebb27d34-06b073136e36804682681e0e' arrived on 2
WARNING:tensorflow:From test_ipyparallel.py:101: The name tf.keras.backend.set_session is deprecated. Please use tf.compat.v1.keras.backend.set_session instead.

WARNING:tensorflow:From /global/u2/m/muszyng/project-cnn-tda/cnn-project/my_project/new_project_mid_lat/code_for_paper/project/Model_E/changed_dropout_batch_size/mlextras.py:39: The name tf.ConfigProto is deprecated. Please use tf.compat.v1.ConfigProto instead.

WARNING:tensorflow:From /global/u2/m/muszyng/project-cnn-tda/cnn-project/my_project/new_project_mid_lat/code_for_paper/project/Model_E/changed_dropout_batch_size/mlextras.py:43: The name tf.Session is deprecated. Please use tf.compat.v1.Session instead.

2020-01-20 01:28:51.458213: I tensorflow/core/platform/cpu_feature_guard.cc:145] This TensorFlow binary is optimized with Intel(R) MKL-DNN to use the following CPU instructions in performance critical operations:  SSE4.1 SSE4.2 AVX AVX2 AVX512F FMA
To enable them in non-MKL-DNN operations, rebuild TensorFlow with the appropriate compiler flags.
2020-01-20 01:28:51.530447: I tensorflow/core/platform/profile_utils/cpu_utils.cc:94] CPU Frequency: 1399945000 Hz
2020-01-20 01:28:51.539637: I tensorflow/compiler/xla/service/service.cc:168] XLA service 0x55555844c1a0 initialized for platform Host (this does not guarantee that XLA will be used). Devices:
2020-01-20 01:28:51.539773: I tensorflow/compiler/xla/service/service.cc:176]   StreamExecutor device (0): Host, Default Version
WARNING:tensorflow:From /usr/common/software/tensorflow/intel-tensorflow/1.15.0-py37/lib/python3.7/site-packages/tensorflow_core/python/ops/resource_variable_ops.py:1630: calling BaseResourceVariable.__init__ (from tensorflow.python.ops.resource_variable_ops) with constraint is deprecated and will be removed in a future version.
Instructions for updating:
If using Keras pass *_constraint arguments to layers.
WARNING:tensorflow:From /usr/common/software/tensorflow/intel-tensorflow/1.15.0-py37/lib/python3.7/site-packages/tensorflow_core/python/ops/nn_impl.py:183: where (from tensorflow.python.ops.array_ops) is deprecated and will be removed in a future version.
Instructions for updating:
Use tf.where in 2.0, which has the same broadcast rule as np.where
WARNING:tensorflow:`epsilon` argument is deprecated and will be removed, use `min_delta` instead.
WARNING:tensorflow:`period` argument is deprecated. Please use `save_freq` to specify the frequency in number of samples seen.
WARNING:tensorflow:From test_ipyparallel.py:101: The name tf.keras.backend.set_session is deprecated. Please use tf.compat.v1.keras.backend.set_session instead.

WARNING:tensorflow:From /global/u2/m/muszyng/project-cnn-tda/cnn-project/my_project/new_project_mid_lat/code_for_paper/project/Model_E/changed_dropout_batch_size/mlextras.py:39: The name tf.ConfigProto is deprecated. Please use tf.compat.v1.ConfigProto instead.

WARNING:tensorflow:From /global/u2/m/muszyng/project-cnn-tda/cnn-project/my_project/new_project_mid_lat/code_for_paper/project/Model_E/changed_dropout_batch_size/mlextras.py:43: The name tf.Session is deprecated. Please use tf.compat.v1.Session instead.

2020-01-20 01:28:55.744636: I tensorflow/core/platform/cpu_feature_guard.cc:145] This TensorFlow binary is optimized with Intel(R) MKL-DNN to use the following CPU instructions in performance critical operations:  SSE4.1 SSE4.2 AVX AVX2 AVX512F FMA
To enable them in non-MKL-DNN operations, rebuild TensorFlow with the appropriate compiler flags.
2020-01-20 01:28:55.832685: I tensorflow/core/platform/profile_utils/cpu_utils.cc:94] CPU Frequency: 1400070000 Hz
2020-01-20 01:28:55.840603: I tensorflow/compiler/xla/service/service.cc:168] XLA service 0x55555881aef0 initialized for platform Host (this does not guarantee that XLA will be used). Devices:
2020-01-20 01:28:55.840703: I tensorflow/compiler/xla/service/service.cc:176]   StreamExecutor device (0): Host, Default Version
WARNING:tensorflow:From /usr/common/software/tensorflow/intel-tensorflow/1.15.0-py37/lib/python3.7/site-packages/tensorflow_core/python/ops/resource_variable_ops.py:1630: calling BaseResourceVariable.__init__ (from tensorflow.python.ops.resource_variable_ops) with constraint is deprecated and will be removed in a future version.
Instructions for updating:
If using Keras pass *_constraint arguments to layers.
WARNING:tensorflow:From test_ipyparallel.py:101: The name tf.keras.backend.set_session is deprecated. Please use tf.compat.v1.keras.backend.set_session instead.

WARNING:tensorflow:From /global/u2/m/muszyng/project-cnn-tda/cnn-project/my_project/new_project_mid_lat/code_for_paper/project/Model_E/changed_dropout_batch_size/mlextras.py:39: The name tf.ConfigProto is deprecated. Please use tf.compat.v1.ConfigProto instead.

WARNING:tensorflow:From /global/u2/m/muszyng/project-cnn-tda/cnn-project/my_project/new_project_mid_lat/code_for_paper/project/Model_E/changed_dropout_batch_size/mlextras.py:43: The name tf.Session is deprecated. Please use tf.compat.v1.Session instead.

2020-01-20 01:28:57.365013: I tensorflow/core/platform/cpu_feature_guard.cc:145] This TensorFlow binary is optimized with Intel(R) MKL-DNN to use the following CPU instructions in performance critical operations:  SSE4.1 SSE4.2 AVX AVX2 AVX512F FMA
To enable them in non-MKL-DNN operations, rebuild TensorFlow with the appropriate compiler flags.
2020-01-20 01:28:57.452924: I tensorflow/core/platform/profile_utils/cpu_utils.cc:94] CPU Frequency: 1400090000 Hz
2020-01-20 01:28:57.461142: I tensorflow/compiler/xla/service/service.cc:168] XLA service 0x55555881be60 initialized for platform Host (this does not guarantee that XLA will be used). Devices:
2020-01-20 01:28:57.461276: I tensorflow/compiler/xla/service/service.cc:176]   StreamExecutor device (0): Host, Default Version
WARNING:tensorflow:From test_ipyparallel.py:101: The name tf.keras.backend.set_session is deprecated. Please use tf.compat.v1.keras.backend.set_session instead.

WARNING:tensorflow:From /global/u2/m/muszyng/project-cnn-tda/cnn-project/my_project/new_project_mid_lat/code_for_paper/project/Model_E/changed_dropout_batch_size/mlextras.py:39: The name tf.ConfigProto is deprecated. Please use tf.compat.v1.ConfigProto instead.

WARNING:tensorflow:From /global/u2/m/muszyng/project-cnn-tda/cnn-project/my_project/new_project_mid_lat/code_for_paper/project/Model_E/changed_dropout_batch_size/mlextras.py:43: The name tf.Session is deprecated. Please use tf.compat.v1.Session instead.

2020-01-20 01:28:57.532893: I tensorflow/core/platform/cpu_feature_guard.cc:145] This TensorFlow binary is optimized with Intel(R) MKL-DNN to use the following CPU instructions in performance critical operations:  SSE4.1 SSE4.2 AVX AVX2 AVX512F FMA
To enable them in non-MKL-DNN operations, rebuild TensorFlow with the appropriate compiler flags.
WARNING:tensorflow:From /usr/common/software/tensorflow/intel-tensorflow/1.15.0-py37/lib/python3.7/site-packages/tensorflow_core/python/ops/resource_variable_ops.py:1630: calling BaseResourceVariable.__init__ (from tensorflow.python.ops.resource_variable_ops) with constraint is deprecated and will be removed in a future version.
Instructions for updating:
If using Keras pass *_constraint arguments to layers.
2020-01-20 01:28:57.621198: I tensorflow/core/platform/profile_utils/cpu_utils.cc:94] CPU Frequency: 1400095000 Hz
2020-01-20 01:28:57.630036: I tensorflow/compiler/xla/service/service.cc:168] XLA service 0x555558818eb0 initialized for platform Host (this does not guarantee that XLA will be used). Devices:
2020-01-20 01:28:57.630169: I tensorflow/compiler/xla/service/service.cc:176]   StreamExecutor device (0): Host, Default Version
WARNING:tensorflow:From /usr/common/software/tensorflow/intel-tensorflow/1.15.0-py37/lib/python3.7/site-packages/tensorflow_core/python/ops/resource_variable_ops.py:1630: calling BaseResourceVariable.__init__ (from tensorflow.python.ops.resource_variable_ops) with constraint is deprecated and will be removed in a future version.
Instructions for updating:
If using Keras pass *_constraint arguments to layers.
WARNING:tensorflow:From /usr/common/software/tensorflow/intel-tensorflow/1.15.0-py37/lib/python3.7/site-packages/tensorflow_core/python/ops/nn_impl.py:183: where (from tensorflow.python.ops.array_ops) is deprecated and will be removed in a future version.
Instructions for updating:
Use tf.where in 2.0, which has the same broadcast rule as np.where
WARNING:tensorflow:`epsilon` argument is deprecated and will be removed, use `min_delta` instead.
WARNING:tensorflow:`period` argument is deprecated. Please use `save_freq` to specify the frequency in number of samples seen.
WARNING:tensorflow:From test_ipyparallel.py:101: The name tf.keras.backend.set_session is deprecated. Please use tf.compat.v1.keras.backend.set_session instead.

WARNING:tensorflow:From /global/u2/m/muszyng/project-cnn-tda/cnn-project/my_project/new_project_mid_lat/code_for_paper/project/Model_E/changed_dropout_batch_size/mlextras.py:39: The name tf.ConfigProto is deprecated. Please use tf.compat.v1.ConfigProto instead.

WARNING:tensorflow:From /global/u2/m/muszyng/project-cnn-tda/cnn-project/my_project/new_project_mid_lat/code_for_paper/project/Model_E/changed_dropout_batch_size/mlextras.py:43: The name tf.Session is deprecated. Please use tf.compat.v1.Session instead.

2020-01-20 01:28:58.334402: I tensorflow/core/platform/cpu_feature_guard.cc:145] This TensorFlow binary is optimized with Intel(R) MKL-DNN to use the following CPU instructions in performance critical operations:  SSE4.1 SSE4.2 AVX AVX2 AVX512F FMA
To enable them in non-MKL-DNN operations, rebuild TensorFlow with the appropriate compiler flags.
2020-01-20 01:28:58.426983: I tensorflow/core/platform/profile_utils/cpu_utils.cc:94] CPU Frequency: 1399955000 Hz
2020-01-20 01:28:58.435688: I tensorflow/compiler/xla/service/service.cc:168] XLA service 0x55555881d7c0 initialized for platform Host (this does not guarantee that XLA will be used). Devices:
2020-01-20 01:28:58.435819: I tensorflow/compiler/xla/service/service.cc:176]   StreamExecutor device (0): Host, Default Version
WARNING:tensorflow:From /usr/common/software/tensorflow/intel-tensorflow/1.15.0-py37/lib/python3.7/site-packages/tensorflow_core/python/ops/resource_variable_ops.py:1630: calling BaseResourceVariable.__init__ (from tensorflow.python.ops.resource_variable_ops) with constraint is deprecated and will be removed in a future version.
Instructions for updating:
If using Keras pass *_constraint arguments to layers.
WARNING:tensorflow:From /usr/common/software/tensorflow/intel-tensorflow/1.15.0-py37/lib/python3.7/site-packages/tensorflow_core/python/ops/nn_impl.py:183: where (from tensorflow.python.ops.array_ops) is deprecated and will be removed in a future version.
Instructions for updating:
Use tf.where in 2.0, which has the same broadcast rule as np.where
WARNING:tensorflow:From /usr/common/software/tensorflow/intel-tensorflow/1.15.0-py37/lib/python3.7/site-packages/tensorflow_core/python/ops/nn_impl.py:183: where (from tensorflow.python.ops.array_ops) is deprecated and will be removed in a future version.
Instructions for updating:
Use tf.where in 2.0, which has the same broadcast rule as np.where
WARNING:tensorflow:`epsilon` argument is deprecated and will be removed, use `min_delta` instead.
WARNING:tensorflow:`period` argument is deprecated. Please use `save_freq` to specify the frequency in number of samples seen.
WARNING:tensorflow:`epsilon` argument is deprecated and will be removed, use `min_delta` instead.
WARNING:tensorflow:`period` argument is deprecated. Please use `save_freq` to specify the frequency in number of samples seen.
WARNING:tensorflow:From /usr/common/software/tensorflow/intel-tensorflow/1.15.0-py37/lib/python3.7/site-packages/tensorflow_core/python/ops/nn_impl.py:183: where (from tensorflow.python.ops.array_ops) is deprecated and will be removed in a future version.
Instructions for updating:
Use tf.where in 2.0, which has the same broadcast rule as np.where
WARNING:tensorflow:`epsilon` argument is deprecated and will be removed, use `min_delta` instead.
WARNING:tensorflow:`period` argument is deprecated. Please use `save_freq` to specify the frequency in number of samples seen.
2020-01-20 11:23:49.652 [IPControllerApp] task::task 'dcf32d5c-fffa7f9a160b5b0192b75e31' finished on 1
2020-01-20 11:37:52.056 [IPControllerApp] task::task 'c0852d24-8a49589cc64280f79c571671' finished on 3
2020-01-20 11:41:24.264 [IPControllerApp] task::task 'ebb27d34-06b073136e36804682681e0e' finished on 2
IOStream.flush timed out
IOStream.flush timed out
IOStream.flush timed out
IOStream.flush timed out
2020-01-20 11:41:26.186 [IPEngineApp] WARNING | No heartbeat in the last 3010 ms (1 time(s) in a row).
2020-01-20 12:06:43.750 [IPControllerApp] task::task '93c37594-e025f1b036b09cc0b6b97fc4' finished on 4
IOStream.flush timed out
IOStream.flush timed out
2020-01-20 12:06:46.456 [IPEngineApp] WARNING | No heartbeat in the last 3010 ms (1 time(s) in a row).
2020-01-20 12:34:36.947 [IPControllerApp] task::task '4abfe687-0932cd1bb3b7e741f6319342' finished on 0
IOStream.flush timed out
IOStream.flush timed out
IOStream.flush timed out
IOStream.flush timed out
IOStream.flush timed out
IOStream.flush timed out
IOStream.flush timed out
IOStream.flush timed out
IOStream.flush timed out
2020-01-20 12:34:38.584 [IPEngineApp] WARNING | No heartbeat in the last 3010 ms (1 time(s) in a row).
srun: got SIGCONT
slurmstepd: error: *** STEP 27512541.0 ON nid07152 CANCELLED AT 2020-01-20T15:39:31 ***
2020-01-20 15:39:31.567 [IPControllerApp] CRITICAL | Received signal 15, shutting down
srun: forcing job termination
2020-01-20 15:39:31.573 [IPControllerApp] CRITICAL | terminating children...
