[+] ------START TIME (ST): Fri Jan 10 04:23:17 PST 2020------
Start cluster...
Launching controller
2020-01-10 04:23:20.318 [IPControllerApp] Hub listening on tcp://10.128.4.186:35575 for registration.
2020-01-10 04:23:20.319 [IPControllerApp] Hub using DB backend: 'DictDB'
2020-01-10 04:23:20.571 [IPControllerApp] hub::created hub
2020-01-10 04:23:20.571 [IPControllerApp] writing connection info to /global/u2/m/muszyng/.ipython/profile_default/security/ipcontroller-cori_27321576-client.json
2020-01-10 04:23:20.586 [IPControllerApp] writing connection info to /global/u2/m/muszyng/.ipython/profile_default/security/ipcontroller-cori_27321576-engine.json
2020-01-10 04:23:20.600 [IPControllerApp] task::using Python leastload Task scheduler
2020-01-10 04:23:20.600 [IPControllerApp] Heartmonitor started
2020-01-10 04:23:20.616 [scheduler] Scheduler started [leastload]
2020-01-10 04:23:20.623 [IPControllerApp] Creating pid file: /global/u2/m/muszyng/.ipython/profile_default/pid/ipcontroller-cori_27321576.pid
2020-01-10 04:23:20.626 [IPControllerApp] client::client b'\x00k\x8bEg' requested 'connection_request'
2020-01-10 04:23:20.627 [IPControllerApp] client::client [b'\x00k\x8bEg'] connected
Launching engines
2020-01-10 04:23:55.330 [IPEngineApp] Loading url_file '/global/u2/m/muszyng/.ipython/profile_default/security/ipcontroller-cori_27321576-engine.json'
2020-01-10 04:23:55.336 [IPControllerApp] client::client b'e75d479f-25cb46f4fd51686fffd67150' requested 'registration_request'
2020-01-10 04:23:55.334 [IPEngineApp] Registering with controller at tcp://10.128.4.186:35575
2020-01-10 04:23:55.389 [IPEngineApp] Starting to monitor the heartbeat signal from the hub every 3010 ms.
2020-01-10 04:23:55.397 [IPEngineApp] Completed registration with id 0
2020-01-10 04:23:56.450 [IPEngineApp] Loading url_file '/global/u2/m/muszyng/.ipython/profile_default/security/ipcontroller-cori_27321576-engine.json'
2020-01-10 04:23:56.454 [IPEngineApp] Registering with controller at tcp://10.128.4.186:35575
2020-01-10 04:23:56.456 [IPControllerApp] client::client b'6fd7b523-3df60e31d7378cc6932ecfcf' requested 'registration_request'
2020-01-10 04:23:56.511 [IPEngineApp] Starting to monitor the heartbeat signal from the hub every 3010 ms.
2020-01-10 04:23:56.519 [IPEngineApp] Completed registration with id 1
2020-01-10 04:23:56.625 [IPEngineApp] Loading url_file '/global/u2/m/muszyng/.ipython/profile_default/security/ipcontroller-cori_27321576-engine.json'
2020-01-10 04:23:56.630 [IPEngineApp] Registering with controller at tcp://10.128.4.186:35575
2020-01-10 04:23:56.631 [IPControllerApp] client::client b'88d13c85-43fba028d48809c60566f285' requested 'registration_request'
2020-01-10 04:23:56.688 [IPEngineApp] Starting to monitor the heartbeat signal from the hub every 3010 ms.
2020-01-10 04:23:56.696 [IPEngineApp] Completed registration with id 2
2020-01-10 04:23:56.697 [IPEngineApp] Loading url_file '/global/u2/m/muszyng/.ipython/profile_default/security/ipcontroller-cori_27321576-engine.json'
2020-01-10 04:23:56.702 [IPEngineApp] Registering with controller at tcp://10.128.4.186:35575
2020-01-10 04:23:56.703 [IPControllerApp] client::client b'6100c5e6-33759296c3082501be0058de' requested 'registration_request'
2020-01-10 04:23:56.759 [IPEngineApp] Starting to monitor the heartbeat signal from the hub every 3010 ms.
2020-01-10 04:23:56.766 [IPEngineApp] Completed registration with id 3
2020-01-10 04:23:56.825 [IPEngineApp] Loading url_file '/global/u2/m/muszyng/.ipython/profile_default/security/ipcontroller-cori_27321576-engine.json'
2020-01-10 04:23:56.830 [IPEngineApp] Registering with controller at tcp://10.128.4.186:35575
2020-01-10 04:23:56.832 [IPControllerApp] client::client b'670c7e72-661bbbf1454cb93232e43ab2' requested 'registration_request'
2020-01-10 04:23:56.887 [IPEngineApp] Starting to monitor the heartbeat signal from the hub every 3010 ms.
2020-01-10 04:23:56.895 [IPEngineApp] Completed registration with id 4
2020-01-10 04:23:59.604 [IPControllerApp] registration::finished registering engine 0:e75d479f-25cb46f4fd51686fffd67150
2020-01-10 04:23:59.605 [IPControllerApp] engine::Engine Connected: 0
2020-01-10 04:23:59.620 [IPControllerApp] registration::finished registering engine 1:6fd7b523-3df60e31d7378cc6932ecfcf
2020-01-10 04:23:59.621 [IPControllerApp] engine::Engine Connected: 1
2020-01-10 04:24:02.604 [IPControllerApp] registration::finished registering engine 3:6100c5e6-33759296c3082501be0058de
2020-01-10 04:24:02.604 [IPControllerApp] engine::Engine Connected: 3
2020-01-10 04:24:02.607 [IPControllerApp] registration::finished registering engine 4:670c7e72-661bbbf1454cb93232e43ab2
2020-01-10 04:24:02.608 [IPControllerApp] engine::Engine Connected: 4
2020-01-10 04:24:02.610 [IPControllerApp] registration::finished registering engine 2:88d13c85-43fba028d48809c60566f285
2020-01-10 04:24:02.610 [IPControllerApp] engine::Engine Connected: 2
2020-01-10 04:24:25.064 [IPControllerApp] client::client b'\x00k\x8bEh' requested 'connection_request'
2020-01-10 04:24:25.064 [IPControllerApp] client::client [b'\x00k\x8bEh'] connected
Model_D_6 121 321 20
Job id: 27321576; Cluster id: cori_27321576
Worker IDs: [0, 1, 2, 3, 4]
Original order  ['6_train_0_.h5', '6_train_1_.h5', '6_train_2_.h5', '6_train_3_.h5', '6_train_4_.h5', '6_train_5_.h5', '6_train_6_.h5', '6_train_7_.h5', '6_train_8_.h5', '6_train_9_.h5', '6_train_10_.h5', '6_train_11_.h5', '6_train_12_.h5', '6_train_13_.h5', '6_train_14_.h5', '6_train_15_.h5', '6_train_16_.h5', '6_train_17_.h5', '6_train_18_.h5', '6_train_19_.h5'] ['6_val_0_.h5', '6_val_1_.h5', '6_val_2_.h5', '6_val_3_.h5', '6_val_4_.h5', '6_val_5_.h5', '6_val_6_.h5', '6_val_7_.h5', '6_val_8_.h5', '6_val_9_.h5', '6_val_10_.h5', '6_val_11_.h5', '6_val_12_.h5', '6_val_13_.h5', '6_val_14_.h5', '6_val_15_.h5', '6_val_16_.h5', '6_val_17_.h5', '6_val_18_.h5', '6_val_19_.h5']
Shuffled files: ['6_train_5_.h5', '6_train_18_.h5', '6_train_17_.h5', '6_train_14_.h5', '6_train_13_.h5', '6_train_8_.h5', '6_train_7_.h5', '6_train_6_.h5', '6_train_2_.h5', '6_train_9_.h5', '6_train_1_.h5', '6_train_11_.h5', '6_train_3_.h5', '6_train_0_.h5', '6_train_19_.h5', '6_train_16_.h5', '6_train_12_.h5', '6_train_15_.h5', '6_train_10_.h5', '6_train_4_.h5'] ['6_val_4_.h5', '6_val_12_.h5', '6_val_2_.h5', '6_val_5_.h5', '6_val_17_.h5', '6_val_7_.h5', '6_val_10_.h5', '6_val_15_.h5', '6_val_0_.h5', '6_val_19_.h5', '6_val_11_.h5', '6_val_16_.h5', '6_val_18_.h5', '6_val_1_.h5', '6_val_13_.h5', '6_val_9_.h5', '6_val_14_.h5', '6_val_3_.h5', '6_val_6_.h5', '6_val_8_.h5']
/global/cscratch1/sd/muszyng/cnn_model_runs/Model_D/Model_D_6/27321576
['ihp', 'n_hpo_trials', 'n_convs_layers', 'conv_sizes', 'n_fc_layers', 'fc_sizes', 'dropout', 'optimizer', 'lr', 'batch_sizes', 'n_epochs', 'repeats_conv', 'recep_fields', 'checkpoint_dir']
Hyperparameter trial 0 conv [ 64 128 256 512] fc [512 256 128  64] dropout 0.4761 opt Adam, lr 0.0000, batch sizes 128
Checkpoint file: /global/cscratch1/sd/muszyng/cnn_model_runs/Model_D/Model_D_6/27321576/model_0.h5
Hyperparameter trial 1 conv [ 64 128 256 512] fc [512 256 128  64] dropout 0.5130 opt Adam, lr 0.0000, batch sizes 64
Checkpoint file: /global/cscratch1/sd/muszyng/cnn_model_runs/Model_D/Model_D_6/27321576/model_1.h5
Hyperparameter trial 2 conv [ 64 128 256 512] fc [512 256 128  64] dropout 0.4078 opt Adam, lr 0.0000, batch sizes 128
Checkpoint file: /global/cscratch1/sd/muszyng/cnn_model_runs/Model_D/Model_D_6/27321576/model_2.h5
Hyperparameter trial 3 conv [ 64 128 256 512] fc [512 256 128  64] dropout 0.5747 opt Adam, lr 0.0000, batch sizes 256
Checkpoint file: /global/cscratch1/sd/muszyng/cnn_model_runs/Model_D/Model_D_6/27321576/model_3.h5
Hyperparameter trial 4 conv [ 64 128 256 512] fc [512 256 128  64] dropout 0.5560 opt Adam, lr 0.0000, batch sizes 256
Checkpoint file: /global/cscratch1/sd/muszyng/cnn_model_runs/Model_D/Model_D_6/27321576/model_4.h5
2020-01-10 04:24:26.790 [IPControllerApp] task::task 'd0c43dfd-7fa2f422cbcb5be0fc864545' arrived on 2
2020-01-10 04:24:26.792 [IPControllerApp] task::task 'cf7e8f9b-39059caf0b5219fd7c9a17bb' arrived on 4
2020-01-10 04:24:26.794 [IPControllerApp] task::task 'a3a378cd-8aa33f2fb365a8bd714afbf3' arrived on 3
2020-01-10 04:24:26.796 [IPControllerApp] task::task 'b2762f0b-d1928764740634cefa11dd3d' arrived on 1
2020-01-10 04:24:26.798 [IPControllerApp] task::task '57515921-f857009faeb2e50b14178448' arrived on 0
WARNING:tensorflow:From test_ipyparallel.py:101: The name tf.keras.backend.set_session is deprecated. Please use tf.compat.v1.keras.backend.set_session instead.

WARNING:tensorflow:From /global/u2/m/muszyng/project-cnn-tda/cnn-project/my_project/new_project_mid_lat/code_for_paper/project/Model_D/mlextras.py:39: The name tf.ConfigProto is deprecated. Please use tf.compat.v1.ConfigProto instead.

WARNING:tensorflow:From /global/u2/m/muszyng/project-cnn-tda/cnn-project/my_project/new_project_mid_lat/code_for_paper/project/Model_D/mlextras.py:43: The name tf.Session is deprecated. Please use tf.compat.v1.Session instead.

2020-01-10 04:24:29.487796: I tensorflow/core/platform/cpu_feature_guard.cc:145] This TensorFlow binary is optimized with Intel(R) MKL-DNN to use the following CPU instructions in performance critical operations:  SSE4.1 SSE4.2 AVX AVX2 FMA
To enable them in non-MKL-DNN operations, rebuild TensorFlow with the appropriate compiler flags.
2020-01-10 04:24:29.506632: I tensorflow/core/platform/profile_utils/cpu_utils.cc:94] CPU Frequency: 2300040000 Hz
2020-01-10 04:24:29.508290: I tensorflow/compiler/xla/service/service.cc:168] XLA service 0x55555844d250 initialized for platform Host (this does not guarantee that XLA will be used). Devices:
2020-01-10 04:24:29.508305: I tensorflow/compiler/xla/service/service.cc:176]   StreamExecutor device (0): Host, Default Version
WARNING:tensorflow:From /usr/common/software/tensorflow/intel-tensorflow/1.15.0-py37/lib/python3.7/site-packages/tensorflow_core/python/ops/resource_variable_ops.py:1630: calling BaseResourceVariable.__init__ (from tensorflow.python.ops.resource_variable_ops) with constraint is deprecated and will be removed in a future version.
Instructions for updating:
If using Keras pass *_constraint arguments to layers.
WARNING:tensorflow:Large dropout rate: 0.555992 (>0.5). In TensorFlow 2.x, dropout() uses dropout rate instead of keep_prob. Please ensure that this is intended.
WARNING:tensorflow:Large dropout rate: 0.555992 (>0.5). In TensorFlow 2.x, dropout() uses dropout rate instead of keep_prob. Please ensure that this is intended.
WARNING:tensorflow:Large dropout rate: 0.555992 (>0.5). In TensorFlow 2.x, dropout() uses dropout rate instead of keep_prob. Please ensure that this is intended.
WARNING:tensorflow:Large dropout rate: 0.555992 (>0.5). In TensorFlow 2.x, dropout() uses dropout rate instead of keep_prob. Please ensure that this is intended.
WARNING:tensorflow:From /usr/common/software/tensorflow/intel-tensorflow/1.15.0-py37/lib/python3.7/site-packages/tensorflow_core/python/ops/nn_impl.py:183: where (from tensorflow.python.ops.array_ops) is deprecated and will be removed in a future version.
Instructions for updating:
Use tf.where in 2.0, which has the same broadcast rule as np.where
WARNING:tensorflow:`epsilon` argument is deprecated and will be removed, use `min_delta` instead.
WARNING:tensorflow:`period` argument is deprecated. Please use `save_freq` to specify the frequency in number of samples seen.
WARNING:tensorflow:From test_ipyparallel.py:101: The name tf.keras.backend.set_session is deprecated. Please use tf.compat.v1.keras.backend.set_session instead.

WARNING:tensorflow:From /global/u2/m/muszyng/project-cnn-tda/cnn-project/my_project/new_project_mid_lat/code_for_paper/project/Model_D/mlextras.py:39: The name tf.ConfigProto is deprecated. Please use tf.compat.v1.ConfigProto instead.

WARNING:tensorflow:From /global/u2/m/muszyng/project-cnn-tda/cnn-project/my_project/new_project_mid_lat/code_for_paper/project/Model_D/mlextras.py:43: The name tf.Session is deprecated. Please use tf.compat.v1.Session instead.

2020-01-10 04:24:31.662608: I tensorflow/core/platform/cpu_feature_guard.cc:145] This TensorFlow binary is optimized with Intel(R) MKL-DNN to use the following CPU instructions in performance critical operations:  SSE4.1 SSE4.2 AVX AVX2 FMA
To enable them in non-MKL-DNN operations, rebuild TensorFlow with the appropriate compiler flags.
2020-01-10 04:24:31.682410: I tensorflow/core/platform/profile_utils/cpu_utils.cc:94] CPU Frequency: 2300055000 Hz
2020-01-10 04:24:31.683931: I tensorflow/compiler/xla/service/service.cc:168] XLA service 0x55555844d250 initialized for platform Host (this does not guarantee that XLA will be used). Devices:
2020-01-10 04:24:31.683949: I tensorflow/compiler/xla/service/service.cc:176]   StreamExecutor device (0): Host, Default Version
WARNING:tensorflow:From /usr/common/software/tensorflow/intel-tensorflow/1.15.0-py37/lib/python3.7/site-packages/tensorflow_core/python/ops/resource_variable_ops.py:1630: calling BaseResourceVariable.__init__ (from tensorflow.python.ops.resource_variable_ops) with constraint is deprecated and will be removed in a future version.
Instructions for updating:
If using Keras pass *_constraint arguments to layers.
WARNING:tensorflow:From /usr/common/software/tensorflow/intel-tensorflow/1.15.0-py37/lib/python3.7/site-packages/tensorflow_core/python/ops/nn_impl.py:183: where (from tensorflow.python.ops.array_ops) is deprecated and will be removed in a future version.
Instructions for updating:
Use tf.where in 2.0, which has the same broadcast rule as np.where
WARNING:tensorflow:From test_ipyparallel.py:101: The name tf.keras.backend.set_session is deprecated. Please use tf.compat.v1.keras.backend.set_session instead.

WARNING:tensorflow:From /global/u2/m/muszyng/project-cnn-tda/cnn-project/my_project/new_project_mid_lat/code_for_paper/project/Model_D/mlextras.py:39: The name tf.ConfigProto is deprecated. Please use tf.compat.v1.ConfigProto instead.

WARNING:tensorflow:From /global/u2/m/muszyng/project-cnn-tda/cnn-project/my_project/new_project_mid_lat/code_for_paper/project/Model_D/mlextras.py:43: The name tf.Session is deprecated. Please use tf.compat.v1.Session instead.

2020-01-10 04:24:32.093277: I tensorflow/core/platform/cpu_feature_guard.cc:145] This TensorFlow binary is optimized with Intel(R) MKL-DNN to use the following CPU instructions in performance critical operations:  SSE4.1 SSE4.2 AVX AVX2 FMA
To enable them in non-MKL-DNN operations, rebuild TensorFlow with the appropriate compiler flags.
2020-01-10 04:24:32.116085: I tensorflow/core/platform/profile_utils/cpu_utils.cc:94] CPU Frequency: 2300115000 Hz
2020-01-10 04:24:32.117896: I tensorflow/compiler/xla/service/service.cc:168] XLA service 0x55555844d250 initialized for platform Host (this does not guarantee that XLA will be used). Devices:
2020-01-10 04:24:32.117910: I tensorflow/compiler/xla/service/service.cc:176]   StreamExecutor device (0): Host, Default Version
WARNING:tensorflow:From /usr/common/software/tensorflow/intel-tensorflow/1.15.0-py37/lib/python3.7/site-packages/tensorflow_core/python/ops/resource_variable_ops.py:1630: calling BaseResourceVariable.__init__ (from tensorflow.python.ops.resource_variable_ops) with constraint is deprecated and will be removed in a future version.
Instructions for updating:
If using Keras pass *_constraint arguments to layers.
WARNING:tensorflow:Large dropout rate: 0.574708 (>0.5). In TensorFlow 2.x, dropout() uses dropout rate instead of keep_prob. Please ensure that this is intended.
WARNING:tensorflow:Large dropout rate: 0.574708 (>0.5). In TensorFlow 2.x, dropout() uses dropout rate instead of keep_prob. Please ensure that this is intended.
WARNING:tensorflow:Large dropout rate: 0.574708 (>0.5). In TensorFlow 2.x, dropout() uses dropout rate instead of keep_prob. Please ensure that this is intended.
WARNING:tensorflow:Large dropout rate: 0.574708 (>0.5). In TensorFlow 2.x, dropout() uses dropout rate instead of keep_prob. Please ensure that this is intended.
WARNING:tensorflow:From test_ipyparallel.py:101: The name tf.keras.backend.set_session is deprecated. Please use tf.compat.v1.keras.backend.set_session instead.

WARNING:tensorflow:From /global/u2/m/muszyng/project-cnn-tda/cnn-project/my_project/new_project_mid_lat/code_for_paper/project/Model_D/mlextras.py:39: The name tf.ConfigProto is deprecated. Please use tf.compat.v1.ConfigProto instead.

WARNING:tensorflow:From /global/u2/m/muszyng/project-cnn-tda/cnn-project/my_project/new_project_mid_lat/code_for_paper/project/Model_D/mlextras.py:43: The name tf.Session is deprecated. Please use tf.compat.v1.Session instead.

2020-01-10 04:24:32.346607: I tensorflow/core/platform/cpu_feature_guard.cc:145] This TensorFlow binary is optimized with Intel(R) MKL-DNN to use the following CPU instructions in performance critical operations:  SSE4.1 SSE4.2 AVX AVX2 FMA
To enable them in non-MKL-DNN operations, rebuild TensorFlow with the appropriate compiler flags.
WARNING:tensorflow:From /usr/common/software/tensorflow/intel-tensorflow/1.15.0-py37/lib/python3.7/site-packages/tensorflow_core/python/ops/nn_impl.py:183: where (from tensorflow.python.ops.array_ops) is deprecated and will be removed in a future version.
Instructions for updating:
Use tf.where in 2.0, which has the same broadcast rule as np.where
2020-01-10 04:24:32.367851: I tensorflow/core/platform/profile_utils/cpu_utils.cc:94] CPU Frequency: 2300050000 Hz
2020-01-10 04:24:32.369482: I tensorflow/compiler/xla/service/service.cc:168] XLA service 0x5555587abcd0 initialized for platform Host (this does not guarantee that XLA will be used). Devices:
2020-01-10 04:24:32.369501: I tensorflow/compiler/xla/service/service.cc:176]   StreamExecutor device (0): Host, Default Version
WARNING:tensorflow:From /usr/common/software/tensorflow/intel-tensorflow/1.15.0-py37/lib/python3.7/site-packages/tensorflow_core/python/ops/resource_variable_ops.py:1630: calling BaseResourceVariable.__init__ (from tensorflow.python.ops.resource_variable_ops) with constraint is deprecated and will be removed in a future version.
Instructions for updating:
If using Keras pass *_constraint arguments to layers.
WARNING:tensorflow:From /usr/common/software/tensorflow/intel-tensorflow/1.15.0-py37/lib/python3.7/site-packages/tensorflow_core/python/ops/nn_impl.py:183: where (from tensorflow.python.ops.array_ops) is deprecated and will be removed in a future version.
Instructions for updating:
Use tf.where in 2.0, which has the same broadcast rule as np.where
WARNING:tensorflow:From test_ipyparallel.py:101: The name tf.keras.backend.set_session is deprecated. Please use tf.compat.v1.keras.backend.set_session instead.

WARNING:tensorflow:From /global/u2/m/muszyng/project-cnn-tda/cnn-project/my_project/new_project_mid_lat/code_for_paper/project/Model_D/mlextras.py:39: The name tf.ConfigProto is deprecated. Please use tf.compat.v1.ConfigProto instead.

WARNING:tensorflow:From /global/u2/m/muszyng/project-cnn-tda/cnn-project/my_project/new_project_mid_lat/code_for_paper/project/Model_D/mlextras.py:43: The name tf.Session is deprecated. Please use tf.compat.v1.Session instead.

2020-01-10 04:24:32.752848: I tensorflow/core/platform/cpu_feature_guard.cc:145] This TensorFlow binary is optimized with Intel(R) MKL-DNN to use the following CPU instructions in performance critical operations:  SSE4.1 SSE4.2 AVX AVX2 FMA
To enable them in non-MKL-DNN operations, rebuild TensorFlow with the appropriate compiler flags.
2020-01-10 04:24:32.776492: I tensorflow/core/platform/profile_utils/cpu_utils.cc:94] CPU Frequency: 2300075000 Hz
2020-01-10 04:24:32.778171: I tensorflow/compiler/xla/service/service.cc:168] XLA service 0x55555844d250 initialized for platform Host (this does not guarantee that XLA will be used). Devices:
2020-01-10 04:24:32.778186: I tensorflow/compiler/xla/service/service.cc:176]   StreamExecutor device (0): Host, Default Version
WARNING:tensorflow:From /usr/common/software/tensorflow/intel-tensorflow/1.15.0-py37/lib/python3.7/site-packages/tensorflow_core/python/ops/resource_variable_ops.py:1630: calling BaseResourceVariable.__init__ (from tensorflow.python.ops.resource_variable_ops) with constraint is deprecated and will be removed in a future version.
Instructions for updating:
If using Keras pass *_constraint arguments to layers.
WARNING:tensorflow:Large dropout rate: 0.513038 (>0.5). In TensorFlow 2.x, dropout() uses dropout rate instead of keep_prob. Please ensure that this is intended.
WARNING:tensorflow:Large dropout rate: 0.513038 (>0.5). In TensorFlow 2.x, dropout() uses dropout rate instead of keep_prob. Please ensure that this is intended.
WARNING:tensorflow:Large dropout rate: 0.513038 (>0.5). In TensorFlow 2.x, dropout() uses dropout rate instead of keep_prob. Please ensure that this is intended.
WARNING:tensorflow:Large dropout rate: 0.513038 (>0.5). In TensorFlow 2.x, dropout() uses dropout rate instead of keep_prob. Please ensure that this is intended.
WARNING:tensorflow:From /usr/common/software/tensorflow/intel-tensorflow/1.15.0-py37/lib/python3.7/site-packages/tensorflow_core/python/ops/nn_impl.py:183: where (from tensorflow.python.ops.array_ops) is deprecated and will be removed in a future version.
Instructions for updating:
Use tf.where in 2.0, which has the same broadcast rule as np.where
WARNING:tensorflow:`epsilon` argument is deprecated and will be removed, use `min_delta` instead.
WARNING:tensorflow:`period` argument is deprecated. Please use `save_freq` to specify the frequency in number of samples seen.
WARNING:tensorflow:`epsilon` argument is deprecated and will be removed, use `min_delta` instead.
WARNING:tensorflow:`period` argument is deprecated. Please use `save_freq` to specify the frequency in number of samples seen.
WARNING:tensorflow:`epsilon` argument is deprecated and will be removed, use `min_delta` instead.
WARNING:tensorflow:`period` argument is deprecated. Please use `save_freq` to specify the frequency in number of samples seen.
WARNING:tensorflow:`epsilon` argument is deprecated and will be removed, use `min_delta` instead.
WARNING:tensorflow:`period` argument is deprecated. Please use `save_freq` to specify the frequency in number of samples seen.
2020-01-10 07:30:20.602 [IPControllerApp] heartbeat::missed b'6100c5e6-33759296c3082501be0058de' : 1
2020-01-10 07:31:04.678 [IPControllerApp] heartbeat::missed b'6fd7b523-3df60e31d7378cc6932ecfcf' : 1
2020-01-10 07:31:04.678 [IPControllerApp] heartbeat::missed b'670c7e72-661bbbf1454cb93232e43ab2' : 1
2020-01-10 07:31:04.679 [IPControllerApp] heartbeat::missed b'88d13c85-43fba028d48809c60566f285' : 1
2020-01-10 07:31:05.602 [IPControllerApp] heartbeat::missed b'6100c5e6-33759296c3082501be0058de' : 2
2020-01-10 07:31:05.602 [IPControllerApp] heartbeat::missed b'6fd7b523-3df60e31d7378cc6932ecfcf' : 2
2020-01-10 07:31:05.602 [IPControllerApp] heartbeat::missed b'670c7e72-661bbbf1454cb93232e43ab2' : 2
2020-01-10 07:31:05.602 [IPControllerApp] heartbeat::missed b'88d13c85-43fba028d48809c60566f285' : 2
2020-01-10 07:31:08.604 [IPControllerApp] heartbeat::missed b'6100c5e6-33759296c3082501be0058de' : 3
2020-01-10 07:31:08.604 [IPControllerApp] heartbeat::missed b'6fd7b523-3df60e31d7378cc6932ecfcf' : 3
2020-01-10 07:31:08.604 [IPControllerApp] heartbeat::missed b'670c7e72-661bbbf1454cb93232e43ab2' : 3
2020-01-10 07:31:08.604 [IPControllerApp] heartbeat::missed b'88d13c85-43fba028d48809c60566f285' : 3
2020-01-10 07:31:11.585 [IPControllerApp] WARNING | heartbeat::got bad heartbeat (possibly old?): b'11217.001733064651' (current=11268.004)
2020-01-10 07:31:11.587 [IPControllerApp] WARNING | heartbeat::got bad heartbeat (possibly old?): b'11217.001733064651' (current=11268.004)
2020-01-10 07:31:11.589 [IPControllerApp] WARNING | heartbeat::got bad heartbeat (possibly old?): b'11217.001733064651' (current=11268.004)
2020-01-10 07:31:11.591 [IPControllerApp] WARNING | heartbeat::got bad heartbeat (possibly old?): b'11217.001733064651' (current=11268.004)
2020-01-10 07:31:11.592 [IPControllerApp] WARNING | heartbeat::got bad heartbeat (possibly old?): b'11220.001588582993' (current=11268.004)
2020-01-10 07:31:11.594 [IPControllerApp] WARNING | heartbeat::got bad heartbeat (possibly old?): b'11220.001588582993' (current=11268.004)
2020-01-10 07:31:11.595 [IPControllerApp] WARNING | heartbeat::got bad heartbeat (possibly old?): b'11220.001588582993' (current=11268.004)
2020-01-10 07:31:11.596 [IPControllerApp] WARNING | heartbeat::got bad heartbeat (possibly old?): b'11220.001588582993' (current=11268.004)
2020-01-10 07:31:11.596 [IPControllerApp] WARNING | heartbeat::heart b'88d13c85-43fba028d48809c60566f285' missed a beat, and took 5994.73 ms to respond
2020-01-10 07:31:11.599 [IPControllerApp] WARNING | heartbeat::heart b'670c7e72-661bbbf1454cb93232e43ab2' missed a beat, and took 5996.89 ms to respond
2020-01-10 07:31:11.601 [IPControllerApp] WARNING | heartbeat::heart b'6100c5e6-33759296c3082501be0058de' missed a beat, and took 5998.97 ms to respond
2020-01-10 07:31:11.604 [IPControllerApp] WARNING | heartbeat::heart b'6fd7b523-3df60e31d7378cc6932ecfcf' missed a beat, and took 6001.86 ms to respond
2020-01-10 09:35:13.988 [IPControllerApp] task::task '57515921-f857009faeb2e50b14178448' finished on 0
2020-01-10 09:38:13.528 [IPControllerApp] task::task 'd0c43dfd-7fa2f422cbcb5be0fc864545' finished on 2
2020-01-10 09:38:14.339 [IPEngineApp] WARNING | No heartbeat in the last 3010 ms (1 time(s) in a row).
2020-01-10 09:42:58.109 [IPControllerApp] task::task 'b2762f0b-d1928764740634cefa11dd3d' finished on 1
2020-01-10 13:14:32.604 [IPControllerApp] heartbeat::missed b'6100c5e6-33759296c3082501be0058de' : 1
2020-01-10 13:14:35.173 [IPEngineApp] WARNING | No heartbeat in the last 3010 ms (1 time(s) in a row).
2020-01-10 13:14:38.182 [IPEngineApp] WARNING | No heartbeat in the last 3010 ms (2 time(s) in a row).
2020-01-10 13:15:15.685 [IPControllerApp] heartbeat::missed b'6fd7b523-3df60e31d7378cc6932ecfcf' : 1
2020-01-10 13:14:41.192 [IPEngineApp] WARNING | No heartbeat in the last 3010 ms (3 time(s) in a row).
2020-01-10 13:15:15.686 [IPControllerApp] heartbeat::missed b'670c7e72-661bbbf1454cb93232e43ab2' : 1
2020-01-10 13:14:44.203 [IPEngineApp] WARNING | No heartbeat in the last 3010 ms (4 time(s) in a row).
2020-01-10 13:15:15.686 [IPControllerApp] heartbeat::missed b'88d13c85-43fba028d48809c60566f285' : 1
2020-01-10 13:14:47.213 [IPEngineApp] WARNING | No heartbeat in the last 3010 ms (5 time(s) in a row).
2020-01-10 13:14:50.222 [IPEngineApp] WARNING | No heartbeat in the last 3010 ms (6 time(s) in a row).
2020-01-10 13:14:53.233 [IPEngineApp] WARNING | No heartbeat in the last 3010 ms (7 time(s) in a row).
2020-01-10 13:14:56.242 [IPEngineApp] WARNING | No heartbeat in the last 3010 ms (8 time(s) in a row).
2020-01-10 13:14:59.252 [IPEngineApp] WARNING | No heartbeat in the last 3010 ms (9 time(s) in a row).
2020-01-10 13:15:02.263 [IPEngineApp] WARNING | No heartbeat in the last 3010 ms (10 time(s) in a row).
2020-01-10 13:15:05.272 [IPEngineApp] WARNING | No heartbeat in the last 3010 ms (11 time(s) in a row).
2020-01-10 13:15:08.282 [IPEngineApp] WARNING | No heartbeat in the last 3010 ms (12 time(s) in a row).
2020-01-10 13:15:11.293 [IPEngineApp] WARNING | No heartbeat in the last 3010 ms (13 time(s) in a row).
2020-01-10 13:15:14.302 [IPEngineApp] WARNING | No heartbeat in the last 3010 ms (14 time(s) in a row).
2020-01-10 13:15:17.603 [IPControllerApp] heartbeat::missed b'6100c5e6-33759296c3082501be0058de' : 2
2020-01-10 13:15:17.604 [IPControllerApp] heartbeat::missed b'6fd7b523-3df60e31d7378cc6932ecfcf' : 2
2020-01-10 13:15:17.604 [IPControllerApp] heartbeat::missed b'670c7e72-661bbbf1454cb93232e43ab2' : 2
2020-01-10 13:15:17.604 [IPControllerApp] heartbeat::missed b'88d13c85-43fba028d48809c60566f285' : 2
2020-01-10 13:15:20.604 [IPControllerApp] heartbeat::missed b'6100c5e6-33759296c3082501be0058de' : 3
2020-01-10 13:15:20.604 [IPControllerApp] heartbeat::missed b'6fd7b523-3df60e31d7378cc6932ecfcf' : 3
2020-01-10 13:15:20.604 [IPControllerApp] heartbeat::missed b'670c7e72-661bbbf1454cb93232e43ab2' : 3
2020-01-10 13:15:20.604 [IPControllerApp] heartbeat::missed b'88d13c85-43fba028d48809c60566f285' : 3
2020-01-10 13:15:23.604 [IPControllerApp] heartbeat::missed b'6100c5e6-33759296c3082501be0058de' : 4
2020-01-10 13:15:23.604 [IPControllerApp] heartbeat::missed b'6fd7b523-3df60e31d7378cc6932ecfcf' : 4
2020-01-10 13:15:23.605 [IPControllerApp] heartbeat::missed b'670c7e72-661bbbf1454cb93232e43ab2' : 4
2020-01-10 13:15:23.605 [IPControllerApp] heartbeat::missed b'88d13c85-43fba028d48809c60566f285' : 4
2020-01-10 13:15:23.616 [IPControllerApp] WARNING | heartbeat::got bad heartbeat (possibly old?): b'31869.00381374359' (current=31923.004)
2020-01-10 13:15:23.616 [IPControllerApp] WARNING | heartbeat::got bad heartbeat (possibly old?): b'31869.00381374359' (current=31923.004)
2020-01-10 13:15:23.616 [IPControllerApp] WARNING | heartbeat::got bad heartbeat (possibly old?): b'31869.00381374359' (current=31923.004)
2020-01-10 13:15:23.616 [IPControllerApp] WARNING | heartbeat::got bad heartbeat (possibly old?): b'31869.00381374359' (current=31923.004)
2020-01-10 13:15:23.617 [IPControllerApp] WARNING | heartbeat::got bad heartbeat (possibly old?): b'31872.00353908539' (current=31923.004)
2020-01-10 13:15:23.617 [IPControllerApp] WARNING | heartbeat::got bad heartbeat (possibly old?): b'31872.00353908539' (current=31923.004)
2020-01-10 13:15:23.617 [IPControllerApp] WARNING | heartbeat::got bad heartbeat (possibly old?): b'31872.00353908539' (current=31923.004)
2020-01-10 13:15:23.617 [IPControllerApp] WARNING | heartbeat::got bad heartbeat (possibly old?): b'31872.00353908539' (current=31923.004)
2020-01-10 13:15:23.617 [IPControllerApp] WARNING | heartbeat::got bad heartbeat (possibly old?): b'31917.003080368042' (current=31923.004)
2020-01-10 13:15:23.617 [IPControllerApp] WARNING | heartbeat::got bad heartbeat (possibly old?): b'31917.003080368042' (current=31923.004)
2020-01-10 13:15:23.618 [IPControllerApp] WARNING | heartbeat::got bad heartbeat (possibly old?): b'31917.003080368042' (current=31923.004)
2020-01-10 13:15:23.618 [IPControllerApp] WARNING | heartbeat::got bad heartbeat (possibly old?): b'31917.003080368042' (current=31923.004)
2020-01-10 13:15:23.618 [IPControllerApp] WARNING | heartbeat::heart b'6100c5e6-33759296c3082501be0058de' missed a beat, and took 3014.23 ms to respond
2020-01-10 13:15:23.618 [IPControllerApp] WARNING | heartbeat::heart b'670c7e72-661bbbf1454cb93232e43ab2' missed a beat, and took 3014.45 ms to respond
2020-01-10 13:15:23.618 [IPControllerApp] WARNING | heartbeat::heart b'6fd7b523-3df60e31d7378cc6932ecfcf' missed a beat, and took 3014.64 ms to respond
2020-01-10 13:15:23.619 [IPControllerApp] WARNING | heartbeat::heart b'88d13c85-43fba028d48809c60566f285' missed a beat, and took 3014.83 ms to respond
IOStream.flush timed out
2020-01-10 13:14:30.274 [IPEngineApp] WARNING | No heartbeat in the last 3010 ms (1 time(s) in a row).
2020-01-10 13:14:33.285 [IPEngineApp] WARNING | No heartbeat in the last 3010 ms (2 time(s) in a row).
2020-01-10 13:14:36.294 [IPEngineApp] WARNING | No heartbeat in the last 3010 ms (3 time(s) in a row).
2020-01-10 13:14:39.305 [IPEngineApp] WARNING | No heartbeat in the last 3010 ms (4 time(s) in a row).
2020-01-10 13:14:42.315 [IPEngineApp] WARNING | No heartbeat in the last 3010 ms (5 time(s) in a row).
2020-01-10 13:14:45.324 [IPEngineApp] WARNING | No heartbeat in the last 3010 ms (6 time(s) in a row).
2020-01-10 13:14:48.334 [IPEngineApp] WARNING | No heartbeat in the last 3010 ms (7 time(s) in a row).
2020-01-10 13:14:51.345 [IPEngineApp] WARNING | No heartbeat in the last 3010 ms (8 time(s) in a row).
2020-01-10 13:14:54.355 [IPEngineApp] WARNING | No heartbeat in the last 3010 ms (9 time(s) in a row).
2020-01-10 13:14:57.364 [IPEngineApp] WARNING | No heartbeat in the last 3010 ms (10 time(s) in a row).
2020-01-10 13:15:00.375 [IPEngineApp] WARNING | No heartbeat in the last 3010 ms (11 time(s) in a row).
2020-01-10 13:15:03.385 [IPEngineApp] WARNING | No heartbeat in the last 3010 ms (12 time(s) in a row).
2020-01-10 13:15:06.394 [IPEngineApp] WARNING | No heartbeat in the last 3010 ms (13 time(s) in a row).
2020-01-10 13:15:09.404 [IPEngineApp] WARNING | No heartbeat in the last 3010 ms (14 time(s) in a row).
2020-01-10 13:15:12.415 [IPEngineApp] WARNING | No heartbeat in the last 3010 ms (15 time(s) in a row).
2020-01-10 13:15:15.424 [IPEngineApp] WARNING | No heartbeat in the last 3010 ms (16 time(s) in a row).
2020-01-10 13:15:18.434 [IPEngineApp] WARNING | No heartbeat in the last 3010 ms (17 time(s) in a row).
2020-01-10 13:15:21.445 [IPEngineApp] WARNING | No heartbeat in the last 3010 ms (18 time(s) in a row).
2020-01-10 13:14:30.451 [IPEngineApp] WARNING | No heartbeat in the last 3010 ms (1 time(s) in a row).
2020-01-10 13:14:33.462 [IPEngineApp] WARNING | No heartbeat in the last 3010 ms (2 time(s) in a row).
2020-01-10 13:14:36.472 [IPEngineApp] WARNING | No heartbeat in the last 3010 ms (3 time(s) in a row).
2020-01-10 13:14:39.481 [IPEngineApp] WARNING | No heartbeat in the last 3010 ms (4 time(s) in a row).
2020-01-10 13:14:42.492 [IPEngineApp] WARNING | No heartbeat in the last 3010 ms (5 time(s) in a row).
2020-01-10 13:14:45.502 [IPEngineApp] WARNING | No heartbeat in the last 3010 ms (6 time(s) in a row).
2020-01-10 13:14:48.511 [IPEngineApp] WARNING | No heartbeat in the last 3010 ms (7 time(s) in a row).
2020-01-10 13:14:51.521 [IPEngineApp] WARNING | No heartbeat in the last 3010 ms (8 time(s) in a row).
2020-01-10 13:14:54.532 [IPEngineApp] WARNING | No heartbeat in the last 3010 ms (9 time(s) in a row).
2020-01-10 13:14:57.542 [IPEngineApp] WARNING | No heartbeat in the last 3010 ms (10 time(s) in a row).
2020-01-10 13:15:00.551 [IPEngineApp] WARNING | No heartbeat in the last 3010 ms (11 time(s) in a row).
2020-01-10 13:15:03.562 [IPEngineApp] WARNING | No heartbeat in the last 3010 ms (12 time(s) in a row).
2020-01-10 13:15:06.572 [IPEngineApp] WARNING | No heartbeat in the last 3010 ms (13 time(s) in a row).
2020-01-10 13:15:09.581 [IPEngineApp] WARNING | No heartbeat in the last 3010 ms (14 time(s) in a row).
2020-01-10 13:15:12.592 [IPEngineApp] WARNING | No heartbeat in the last 3010 ms (15 time(s) in a row).
2020-01-10 13:15:15.602 [IPEngineApp] WARNING | No heartbeat in the last 3010 ms (16 time(s) in a row).
2020-01-10 13:15:18.611 [IPEngineApp] WARNING | No heartbeat in the last 3010 ms (17 time(s) in a row).
2020-01-10 13:15:21.621 [IPEngineApp] WARNING | No heartbeat in the last 3010 ms (18 time(s) in a row).
2020-01-10 17:25:38.661 [IPControllerApp] task::task 'a3a378cd-8aa33f2fb365a8bd714afbf3' finished on 3
IOStream.flush timed out
2020-01-10 17:25:41.593 [IPEngineApp] WARNING | No heartbeat in the last 3010 ms (1 time(s) in a row).
slurmstepd: error: *** STEP 27321576.0 ON nid01201 CANCELLED AT 2020-01-10T19:23:44 DUE TO TIME LIMIT ***
srun: got SIGCONT
2020-01-10 19:23:44.925 [IPControllerApp] CRITICAL | Received signal 15, shutting down
srun: forcing job termination
2020-01-10 19:23:44.925 [IPControllerApp] CRITICAL | terminating children...
