[+] ------START TIME (ST): Tue Jan  7 22:58:49 PST 2020------
Start cluster...
Launching controller
2020-01-07 22:58:53.134 [IPControllerApp] Hub listening on tcp://10.128.4.117:41811 for registration.
2020-01-07 22:58:53.136 [IPControllerApp] Hub using DB backend: 'DictDB'
2020-01-07 22:58:53.388 [IPControllerApp] hub::created hub
2020-01-07 22:58:53.388 [IPControllerApp] writing connection info to /global/u2/m/muszyng/.ipython/profile_default/security/ipcontroller-cori_27243000-client.json
2020-01-07 22:58:53.405 [IPControllerApp] writing connection info to /global/u2/m/muszyng/.ipython/profile_default/security/ipcontroller-cori_27243000-engine.json
2020-01-07 22:58:53.417 [IPControllerApp] task::using Python leastload Task scheduler
2020-01-07 22:58:53.417 [IPControllerApp] Heartmonitor started
2020-01-07 22:58:53.432 [scheduler] Scheduler started [leastload]
2020-01-07 22:58:53.436 [IPControllerApp] Creating pid file: /global/u2/m/muszyng/.ipython/profile_default/pid/ipcontroller-cori_27243000.pid
2020-01-07 22:58:53.440 [IPControllerApp] client::client b'\x00k\x8bEg' requested 'connection_request'
2020-01-07 22:58:53.440 [IPControllerApp] client::client [b'\x00k\x8bEg'] connected
Launching engines
2020-01-07 22:59:21.436 [IPEngineApp] Loading url_file '/global/u2/m/muszyng/.ipython/profile_default/security/ipcontroller-cori_27243000-engine.json'
2020-01-07 22:59:21.440 [IPEngineApp] Registering with controller at tcp://10.128.4.117:41811
2020-01-07 22:59:21.441 [IPControllerApp] client::client b'28576d43-b5214591c4423dbcc96338d4' requested 'registration_request'
2020-01-07 22:59:21.526 [IPEngineApp] Starting to monitor the heartbeat signal from the hub every 3010 ms.
2020-01-07 22:59:21.535 [IPEngineApp] Completed registration with id 0
2020-01-07 22:59:23.442 [IPEngineApp] Loading url_file '/global/u2/m/muszyng/.ipython/profile_default/security/ipcontroller-cori_27243000-engine.json'
2020-01-07 22:59:23.447 [IPEngineApp] Registering with controller at tcp://10.128.4.117:41811
2020-01-07 22:59:23.448 [IPControllerApp] client::client b'7d21891b-be6325318d12e2fa008019cc' requested 'registration_request'
2020-01-07 22:59:23.555 [IPEngineApp] Starting to monitor the heartbeat signal from the hub every 3010 ms.
2020-01-07 22:59:23.563 [IPEngineApp] Completed registration with id 1
2020-01-07 22:59:23.567 [IPEngineApp] Loading url_file '/global/u2/m/muszyng/.ipython/profile_default/security/ipcontroller-cori_27243000-engine.json'
2020-01-07 22:59:23.574 [IPControllerApp] client::client b'764fd90a-74b0393f1e6530ced3d18a3e' requested 'registration_request'
2020-01-07 22:59:23.572 [IPEngineApp] Registering with controller at tcp://10.128.4.117:41811
2020-01-07 22:59:23.667 [IPEngineApp] Starting to monitor the heartbeat signal from the hub every 3010 ms.
2020-01-07 22:59:23.675 [IPEngineApp] Completed registration with id 2
2020-01-07 22:59:23.688 [IPEngineApp] Loading url_file '/global/u2/m/muszyng/.ipython/profile_default/security/ipcontroller-cori_27243000-engine.json'
2020-01-07 22:59:23.694 [IPEngineApp] Registering with controller at tcp://10.128.4.117:41811
2020-01-07 22:59:23.695 [IPControllerApp] client::client b'5b3b3ad3-e8927bd4ecfa35cafa4dc7aa' requested 'registration_request'
2020-01-07 22:59:23.785 [IPEngineApp] Starting to monitor the heartbeat signal from the hub every 3010 ms.
2020-01-07 22:59:23.793 [IPEngineApp] Completed registration with id 3
2020-01-07 22:59:26.420 [IPControllerApp] registration::finished registering engine 0:28576d43-b5214591c4423dbcc96338d4
2020-01-07 22:59:26.421 [IPControllerApp] engine::Engine Connected: 0
2020-01-07 22:59:29.421 [IPControllerApp] registration::finished registering engine 3:5b3b3ad3-e8927bd4ecfa35cafa4dc7aa
2020-01-07 22:59:29.421 [IPControllerApp] engine::Engine Connected: 3
2020-01-07 22:59:29.425 [IPControllerApp] registration::finished registering engine 2:764fd90a-74b0393f1e6530ced3d18a3e
2020-01-07 22:59:29.425 [IPControllerApp] engine::Engine Connected: 2
2020-01-07 22:59:29.427 [IPControllerApp] registration::finished registering engine 1:7d21891b-be6325318d12e2fa008019cc
2020-01-07 22:59:29.428 [IPControllerApp] engine::Engine Connected: 1
2020-01-07 22:59:54.246 [IPEngineApp] Loading url_file '/global/u2/m/muszyng/.ipython/profile_default/security/ipcontroller-cori_27243000-engine.json'
2020-01-07 22:59:54.272 [IPControllerApp] client::client b'98386018-c4a4192f723f0b6f0b23e338' requested 'registration_request'
2020-01-07 22:59:54.270 [IPEngineApp] Registering with controller at tcp://10.128.4.117:41811
2020-01-07 22:59:54.592 [IPEngineApp] Starting to monitor the heartbeat signal from the hub every 3010 ms.
2020-01-07 22:59:54.603 [IPEngineApp] Completed registration with id 4
2020-01-07 22:59:59.265 [IPControllerApp] client::client b'\x00k\x8bEh' requested 'connection_request'
2020-01-07 22:59:59.265 [IPControllerApp] client::client [b'\x00k\x8bEh'] connected
Model_D_2 41 241 20
Job id: 27243000; Cluster id: cori_27243000
Worker IDs: [0, 1, 2, 3]
Original order  ['2_train_0_.h5', '2_train_1_.h5', '2_train_2_.h5', '2_train_3_.h5', '2_train_4_.h5', '2_train_5_.h5', '2_train_6_.h5', '2_train_7_.h5', '2_train_8_.h5', '2_train_9_.h5', '2_train_10_.h5', '2_train_11_.h5', '2_train_12_.h5', '2_train_13_.h5', '2_train_14_.h5', '2_train_15_.h5', '2_train_16_.h5', '2_train_17_.h5', '2_train_18_.h5', '2_train_19_.h5'] ['2_val_0_.h5', '2_val_1_.h5', '2_val_2_.h5', '2_val_3_.h5', '2_val_4_.h5', '2_val_5_.h5', '2_val_6_.h5', '2_val_7_.h5', '2_val_8_.h5', '2_val_9_.h5', '2_val_10_.h5', '2_val_11_.h5', '2_val_12_.h5', '2_val_13_.h5', '2_val_14_.h5', '2_val_15_.h5', '2_val_16_.h5', '2_val_17_.h5', '2_val_18_.h5', '2_val_19_.h5']
Shuffled files: ['2_train_11_.h5', '2_train_13_.h5', '2_train_18_.h5', '2_train_6_.h5', '2_train_12_.h5', '2_train_1_.h5', '2_train_8_.h5', '2_train_2_.h5', '2_train_5_.h5', '2_train_7_.h5', '2_train_10_.h5', '2_train_16_.h5', '2_train_4_.h5', '2_train_17_.h5', '2_train_14_.h5', '2_train_19_.h5', '2_train_0_.h5', '2_train_9_.h5', '2_train_15_.h5', '2_train_3_.h5'] ['2_val_15_.h5', '2_val_8_.h5', '2_val_1_.h5', '2_val_14_.h5', '2_val_19_.h5', '2_val_7_.h5', '2_val_2_.h5', '2_val_4_.h5', '2_val_13_.h5', '2_val_6_.h5', '2_val_9_.h5', '2_val_12_.h5', '2_val_0_.h5', '2_val_17_.h5', '2_val_18_.h5', '2_val_16_.h5', '2_val_5_.h5', '2_val_11_.h5', '2_val_3_.h5', '2_val_10_.h5']
/global/cscratch1/sd/muszyng/cnn_model_runs/Model_D/Model_D_2/27243000
['ihp', 'n_hpo_trials', 'n_convs_layers', 'conv_sizes', 'n_fc_layers', 'fc_sizes', 'dropout', 'optimizer', 'lr', 'batch_sizes', 'n_epochs', 'repeats_conv', 'recep_fields', 'checkpoint_dir']
Hyperparameter trial 0 conv [ 64 128 256 512] fc [512 256 128  64] dropout 0.3624 opt Adam, lr 0.0000, batch sizes 64
Checkpoint file: /global/cscratch1/sd/muszyng/cnn_model_runs/Model_D/Model_D_2/27243000/model_0.h5
Hyperparameter trial 1 conv [ 64 128 256 512] fc [512 256 128  64] dropout 0.4126 opt Adam, lr 0.0000, batch sizes 32
Checkpoint file: /global/cscratch1/sd/muszyng/cnn_model_runs/Model_D/Model_D_2/27243000/model_1.h5
Hyperparameter trial 2 conv [ 64 128 256 512] fc [512 256 128  64] dropout 0.4314 opt Adam, lr 0.0000, batch sizes 32
Checkpoint file: /global/cscratch1/sd/muszyng/cnn_model_runs/Model_D/Model_D_2/27243000/model_2.h5
Hyperparameter trial 3 conv [ 64 128 256 512] fc [512 256 128  64] dropout 0.3903 opt Adam, lr 0.0000, batch sizes 32
Checkpoint file: /global/cscratch1/sd/muszyng/cnn_model_runs/Model_D/Model_D_2/27243000/model_3.h5
Hyperparameter trial 4 conv [ 64 128 256 512] fc [512 256 128  64] dropout 0.6852 opt Adam, lr 0.0000, batch sizes 256
Checkpoint file: /global/cscratch1/sd/muszyng/cnn_model_runs/Model_D/Model_D_2/27243000/model_4.h5
2020-01-07 22:59:59.284 [IPControllerApp] task::task 'f2ac5e17-4f97640a6fac843a70fc102f' arrived on 1
2020-01-07 22:59:59.287 [IPControllerApp] task::task '89e35991-fd585bdbf5f87ffc1ca367b2' arrived on 2
2020-01-07 22:59:59.291 [IPControllerApp] task::task 'fb075b07-c7c4117c7349b328654b3a69' arrived on 3
2020-01-07 22:59:59.292 [IPControllerApp] task::task 'cf984739-c9b6d5ded2614380c2170b4f' arrived on 0
2020-01-07 22:59:59.418 [IPControllerApp] registration::finished registering engine 4:98386018-c4a4192f723f0b6f0b23e338
2020-01-07 22:59:59.418 [IPControllerApp] engine::Engine Connected: 4
2020-01-07 22:59:59.423 [IPControllerApp] task::task '996f9a13-1f94577e1f92ce041ab734fa' arrived on 4
2020-01-07 23:00:01.765717: I tensorflow/core/platform/cpu_feature_guard.cc:141] Your CPU supports instructions that this TensorFlow binary was not compiled to use: SSE4.1 SSE4.2 AVX AVX2 FMA
2020-01-07 23:00:01.782942: I tensorflow/core/platform/profile_utils/cpu_utils.cc:94] CPU Frequency: 2300105000 Hz
2020-01-07 23:00:01.786065: I tensorflow/compiler/xla/service/service.cc:150] XLA service 0x555556b8b0e0 executing computations on platform Host. Devices:
2020-01-07 23:00:01.786082: I tensorflow/compiler/xla/service/service.cc:158]   StreamExecutor device (0): <undefined>, <undefined>
WARNING:tensorflow:From /usr/common/software/tensorflow/intel-tensorflow/1.13.1-py36/lib/python3.6/site-packages/tensorflow/python/ops/resource_variable_ops.py:435: colocate_with (from tensorflow.python.framework.ops) is deprecated and will be removed in a future version.
Instructions for updating:
Colocations handled automatically by placer.
WARNING:tensorflow:From /usr/common/software/tensorflow/intel-tensorflow/1.13.1-py36/lib/python3.6/site-packages/tensorflow/python/keras/layers/core.py:143: calling dropout (from tensorflow.python.ops.nn_ops) with keep_prob is deprecated and will be removed in a future version.
Instructions for updating:
Please use `rate` instead of `keep_prob`. Rate should be set to `rate = 1 - keep_prob`.
WARNING:tensorflow:`epsilon` argument is deprecated and will be removed, use `min_delta` instead.
2020-01-07 23:00:08.582976: I tensorflow/core/platform/cpu_feature_guard.cc:141] Your CPU supports instructions that this TensorFlow binary was not compiled to use: SSE4.1 SSE4.2 AVX AVX2 FMA
2020-01-07 23:00:08.602683: I tensorflow/core/platform/profile_utils/cpu_utils.cc:94] CPU Frequency: 2300010000 Hz
2020-01-07 23:00:08.605805: I tensorflow/compiler/xla/service/service.cc:150] XLA service 0x555556b8b0e0 executing computations on platform Host. Devices:
2020-01-07 23:00:08.605822: I tensorflow/compiler/xla/service/service.cc:158]   StreamExecutor device (0): <undefined>, <undefined>
WARNING:tensorflow:From /usr/common/software/tensorflow/intel-tensorflow/1.13.1-py36/lib/python3.6/site-packages/tensorflow/python/ops/resource_variable_ops.py:435: colocate_with (from tensorflow.python.framework.ops) is deprecated and will be removed in a future version.
Instructions for updating:
Colocations handled automatically by placer.
2020-01-07 23:00:08.738523: I tensorflow/core/platform/cpu_feature_guard.cc:141] Your CPU supports instructions that this TensorFlow binary was not compiled to use: SSE4.1 SSE4.2 AVX AVX2 FMA
WARNING:tensorflow:From /usr/common/software/tensorflow/intel-tensorflow/1.13.1-py36/lib/python3.6/site-packages/tensorflow/python/keras/layers/core.py:143: calling dropout (from tensorflow.python.ops.nn_ops) with keep_prob is deprecated and will be removed in a future version.
Instructions for updating:
Please use `rate` instead of `keep_prob`. Rate should be set to `rate = 1 - keep_prob`.
2020-01-07 23:00:08.757201: I tensorflow/core/platform/profile_utils/cpu_utils.cc:94] CPU Frequency: 2300220000 Hz
2020-01-07 23:00:08.760309: I tensorflow/compiler/xla/service/service.cc:150] XLA service 0x5555568cdac0 executing computations on platform Host. Devices:
2020-01-07 23:00:08.760326: I tensorflow/compiler/xla/service/service.cc:158]   StreamExecutor device (0): <undefined>, <undefined>
WARNING:tensorflow:From /usr/common/software/tensorflow/intel-tensorflow/1.13.1-py36/lib/python3.6/site-packages/tensorflow/python/ops/resource_variable_ops.py:435: colocate_with (from tensorflow.python.framework.ops) is deprecated and will be removed in a future version.
Instructions for updating:
Colocations handled automatically by placer.
WARNING:tensorflow:From /usr/common/software/tensorflow/intel-tensorflow/1.13.1-py36/lib/python3.6/site-packages/tensorflow/python/keras/layers/core.py:143: calling dropout (from tensorflow.python.ops.nn_ops) with keep_prob is deprecated and will be removed in a future version.
Instructions for updating:
Please use `rate` instead of `keep_prob`. Rate should be set to `rate = 1 - keep_prob`.
WARNING:tensorflow:`epsilon` argument is deprecated and will be removed, use `min_delta` instead.
WARNING:tensorflow:`epsilon` argument is deprecated and will be removed, use `min_delta` instead.
2020-01-07 23:00:10.106548: I tensorflow/core/platform/cpu_feature_guard.cc:141] Your CPU supports instructions that this TensorFlow binary was not compiled to use: SSE4.1 SSE4.2 AVX AVX2 FMA
2020-01-07 23:00:10.124151: I tensorflow/core/platform/profile_utils/cpu_utils.cc:94] CPU Frequency: 2299975000 Hz
2020-01-07 23:00:10.127660: I tensorflow/compiler/xla/service/service.cc:150] XLA service 0x5555568cdac0 executing computations on platform Host. Devices:
2020-01-07 23:00:10.127676: I tensorflow/compiler/xla/service/service.cc:158]   StreamExecutor device (0): <undefined>, <undefined>
WARNING:tensorflow:From /usr/common/software/tensorflow/intel-tensorflow/1.13.1-py36/lib/python3.6/site-packages/tensorflow/python/ops/resource_variable_ops.py:435: colocate_with (from tensorflow.python.framework.ops) is deprecated and will be removed in a future version.
Instructions for updating:
Colocations handled automatically by placer.
WARNING:tensorflow:From /usr/common/software/tensorflow/intel-tensorflow/1.13.1-py36/lib/python3.6/site-packages/tensorflow/python/keras/layers/core.py:143: calling dropout (from tensorflow.python.ops.nn_ops) with keep_prob is deprecated and will be removed in a future version.
Instructions for updating:
Please use `rate` instead of `keep_prob`. Rate should be set to `rate = 1 - keep_prob`.
WARNING:tensorflow:`epsilon` argument is deprecated and will be removed, use `min_delta` instead.
WARNING:tensorflow:From /usr/common/software/tensorflow/intel-tensorflow/1.13.1-py36/lib/python3.6/site-packages/tensorflow/python/ops/math_ops.py:3066: to_int32 (from tensorflow.python.ops.math_ops) is deprecated and will be removed in a future version.
Instructions for updating:
Use tf.cast instead.
WARNING:tensorflow:From /usr/common/software/tensorflow/intel-tensorflow/1.13.1-py36/lib/python3.6/site-packages/tensorflow/python/ops/math_ops.py:3066: to_int32 (from tensorflow.python.ops.math_ops) is deprecated and will be removed in a future version.
Instructions for updating:
Use tf.cast instead.
WARNING:tensorflow:From /usr/common/software/tensorflow/intel-tensorflow/1.13.1-py36/lib/python3.6/site-packages/tensorflow/python/ops/math_ops.py:3066: to_int32 (from tensorflow.python.ops.math_ops) is deprecated and will be removed in a future version.
Instructions for updating:
Use tf.cast instead.
WARNING:tensorflow:From /usr/common/software/tensorflow/intel-tensorflow/1.13.1-py36/lib/python3.6/site-packages/tensorflow/python/ops/math_ops.py:3066: to_int32 (from tensorflow.python.ops.math_ops) is deprecated and will be removed in a future version.
Instructions for updating:
Use tf.cast instead.
2020-01-07 23:02:13.478403: I tensorflow/core/platform/cpu_feature_guard.cc:141] Your CPU supports instructions that this TensorFlow binary was not compiled to use: SSE4.1 SSE4.2 AVX AVX2 FMA
2020-01-07 23:02:13.526443: I tensorflow/core/platform/profile_utils/cpu_utils.cc:94] CPU Frequency: 2299995000 Hz
2020-01-07 23:02:13.529839: I tensorflow/compiler/xla/service/service.cc:150] XLA service 0x5555568cdac0 executing computations on platform Host. Devices:
2020-01-07 23:02:13.529857: I tensorflow/compiler/xla/service/service.cc:158]   StreamExecutor device (0): <undefined>, <undefined>
WARNING:tensorflow:From /usr/common/software/tensorflow/intel-tensorflow/1.13.1-py36/lib/python3.6/site-packages/tensorflow/python/ops/resource_variable_ops.py:435: colocate_with (from tensorflow.python.framework.ops) is deprecated and will be removed in a future version.
Instructions for updating:
Colocations handled automatically by placer.
WARNING:tensorflow:From /usr/common/software/tensorflow/intel-tensorflow/1.13.1-py36/lib/python3.6/site-packages/tensorflow/python/keras/layers/core.py:143: calling dropout (from tensorflow.python.ops.nn_ops) with keep_prob is deprecated and will be removed in a future version.
Instructions for updating:
Please use `rate` instead of `keep_prob`. Rate should be set to `rate = 1 - keep_prob`.
WARNING:tensorflow:`epsilon` argument is deprecated and will be removed, use `min_delta` instead.
WARNING:tensorflow:From /usr/common/software/tensorflow/intel-tensorflow/1.13.1-py36/lib/python3.6/site-packages/tensorflow/python/ops/math_ops.py:3066: to_int32 (from tensorflow.python.ops.math_ops) is deprecated and will be removed in a future version.
Instructions for updating:
Use tf.cast instead.
2020-01-08 03:47:33.279 [IPControllerApp] task::task 'f2ac5e17-4f97640a6fac843a70fc102f' finished on 1
2020-01-08 03:49:26.420 [IPControllerApp] heartbeat::missed b'5b3b3ad3-e8927bd4ecfa35cafa4dc7aa' : 1
2020-01-08 03:49:24.369 [IPEngineApp] WARNING | No heartbeat in the last 3010 ms (1 time(s) in a row).
2020-01-08 03:49:27.379 [IPEngineApp] WARNING | No heartbeat in the last 3010 ms (2 time(s) in a row).
2020-01-08 03:50:19.551 [IPControllerApp] heartbeat::missed b'764fd90a-74b0393f1e6530ced3d18a3e' : 1
2020-01-08 03:49:30.388 [IPEngineApp] WARNING | No heartbeat in the last 3010 ms (3 time(s) in a row).
2020-01-08 03:50:19.553 [IPControllerApp] heartbeat::missed b'7d21891b-be6325318d12e2fa008019cc' : 1
2020-01-08 03:49:33.399 [IPEngineApp] WARNING | No heartbeat in the last 3010 ms (4 time(s) in a row).
2020-01-08 03:50:19.553 [IPControllerApp] heartbeat::missed b'98386018-c4a4192f723f0b6f0b23e338' : 1
2020-01-08 03:49:36.408 [IPEngineApp] WARNING | No heartbeat in the last 3010 ms (5 time(s) in a row).
2020-01-08 03:49:39.419 [IPEngineApp] WARNING | No heartbeat in the last 3010 ms (6 time(s) in a row).
2020-01-08 03:49:42.429 [IPEngineApp] WARNING | No heartbeat in the last 3010 ms (7 time(s) in a row).
2020-01-08 03:49:45.438 [IPEngineApp] WARNING | No heartbeat in the last 3010 ms (8 time(s) in a row).
2020-01-08 03:49:48.449 [IPEngineApp] WARNING | No heartbeat in the last 3010 ms (9 time(s) in a row).
2020-01-08 03:49:51.459 [IPEngineApp] WARNING | No heartbeat in the last 3010 ms (10 time(s) in a row).
2020-01-08 03:49:54.468 [IPEngineApp] WARNING | No heartbeat in the last 3010 ms (11 time(s) in a row).
2020-01-08 03:49:57.479 [IPEngineApp] WARNING | No heartbeat in the last 3010 ms (12 time(s) in a row).
2020-01-08 03:50:00.489 [IPEngineApp] WARNING | No heartbeat in the last 3010 ms (13 time(s) in a row).
2020-01-08 03:50:03.498 [IPEngineApp] WARNING | No heartbeat in the last 3010 ms (14 time(s) in a row).
2020-01-08 03:50:06.509 [IPEngineApp] WARNING | No heartbeat in the last 3010 ms (15 time(s) in a row).
2020-01-08 03:50:09.519 [IPEngineApp] WARNING | No heartbeat in the last 3010 ms (16 time(s) in a row).
2020-01-08 03:50:12.528 [IPEngineApp] WARNING | No heartbeat in the last 3010 ms (17 time(s) in a row).
2020-01-08 03:50:15.538 [IPEngineApp] WARNING | No heartbeat in the last 3010 ms (18 time(s) in a row).
2020-01-08 03:50:19.555 [IPControllerApp] WARNING | heartbeat::heart b'764fd90a-74b0393f1e6530ced3d18a3e' missed a beat, and took 56135.83 ms to respond
2020-01-08 03:50:19.557 [IPControllerApp] WARNING | heartbeat::heart b'7d21891b-be6325318d12e2fa008019cc' missed a beat, and took 56137.22 ms to respond
2020-01-08 03:50:19.557 [IPControllerApp] WARNING | heartbeat::heart b'98386018-c4a4192f723f0b6f0b23e338' missed a beat, and took 56137.54 ms to respond
2020-01-08 03:50:19.558 [IPControllerApp] WARNING | heartbeat::heart b'5b3b3ad3-e8927bd4ecfa35cafa4dc7aa' missed a beat, and took 56137.96 ms to respond
2020-01-08 03:54:22.611 [IPControllerApp] task::task 'cf984739-c9b6d5ded2614380c2170b4f' finished on 0
2020-01-08 03:54:23.338 [IPEngineApp] WARNING | No heartbeat in the last 3010 ms (1 time(s) in a row).
2020-01-08 04:03:01.822 [IPControllerApp] task::task 'fb075b07-c7c4117c7349b328654b3a69' finished on 3
2020-01-08 04:03:12.347 [IPEngineApp] WARNING | No heartbeat in the last 3010 ms (1 time(s) in a row).
2020-01-08 04:22:00.053 [IPControllerApp] task::task '996f9a13-1f94577e1f92ce041ab734fa' finished on 4
2020-01-08 04:22:01.806 [IPEngineApp] WARNING | No heartbeat in the last 3010 ms (1 time(s) in a row).
2020-01-08 04:34:23.132 [IPControllerApp] task::task '89e35991-fd585bdbf5f87ffc1ca367b2' finished on 2
2020-01-08 07:54:38.421 [IPControllerApp] heartbeat::missed b'5b3b3ad3-e8927bd4ecfa35cafa4dc7aa' : 1
2020-01-08 07:54:41.241 [IPEngineApp] WARNING | No heartbeat in the last 3010 ms (1 time(s) in a row).
2020-01-08 07:54:37.249 [IPEngineApp] WARNING | No heartbeat in the last 3010 ms (1 time(s) in a row).
2020-01-08 07:55:32.386 [IPControllerApp] heartbeat::missed b'764fd90a-74b0393f1e6530ced3d18a3e' : 1
2020-01-08 07:54:37.479 [IPEngineApp] WARNING | No heartbeat in the last 3010 ms (1 time(s) in a row).
2020-01-08 07:55:32.386 [IPControllerApp] heartbeat::missed b'7d21891b-be6325318d12e2fa008019cc' : 1
2020-01-08 07:54:44.250 [IPEngineApp] WARNING | No heartbeat in the last 3010 ms (2 time(s) in a row).
2020-01-08 07:55:32.386 [IPControllerApp] heartbeat::missed b'98386018-c4a4192f723f0b6f0b23e338' : 1
IOStream.flush timed out
IOStream.flush timed out
2020-01-08 07:54:37.360 [IPEngineApp] WARNING | No heartbeat in the last 3010 ms (1 time(s) in a row).
2020-01-08 07:54:40.258 [IPEngineApp] WARNING | No heartbeat in the last 3010 ms (2 time(s) in a row).
2020-01-08 07:54:40.489 [IPEngineApp] WARNING | No heartbeat in the last 3010 ms (2 time(s) in a row).
2020-01-08 07:54:47.261 [IPEngineApp] WARNING | No heartbeat in the last 3010 ms (3 time(s) in a row).
2020-01-08 07:55:32.387 [IPControllerApp] WARNING | heartbeat::heart b'764fd90a-74b0393f1e6530ced3d18a3e' missed a beat, and took 56966.74 ms to respond
2020-01-08 07:54:40.371 [IPEngineApp] WARNING | No heartbeat in the last 3010 ms (2 time(s) in a row).
2020-01-08 07:54:43.269 [IPEngineApp] WARNING | No heartbeat in the last 3010 ms (3 time(s) in a row).
2020-01-08 07:54:43.499 [IPEngineApp] WARNING | No heartbeat in the last 3010 ms (3 time(s) in a row).
2020-01-08 07:55:32.387 [IPControllerApp] WARNING | heartbeat::heart b'98386018-c4a4192f723f0b6f0b23e338' missed a beat, and took 56967.07 ms to respond
2020-01-08 07:54:50.270 [IPEngineApp] WARNING | No heartbeat in the last 3010 ms (4 time(s) in a row).
2020-01-08 07:54:43.381 [IPEngineApp] WARNING | No heartbeat in the last 3010 ms (3 time(s) in a row).
2020-01-08 07:55:32.387 [IPControllerApp] WARNING | heartbeat::heart b'5b3b3ad3-e8927bd4ecfa35cafa4dc7aa' missed a beat, and took 56967.34 ms to respond
2020-01-08 07:54:46.279 [IPEngineApp] WARNING | No heartbeat in the last 3010 ms (4 time(s) in a row).
2020-01-08 07:54:46.508 [IPEngineApp] WARNING | No heartbeat in the last 3010 ms (4 time(s) in a row).
2020-01-08 07:55:32.388 [IPControllerApp] WARNING | heartbeat::heart b'7d21891b-be6325318d12e2fa008019cc' missed a beat, and took 56967.55 ms to respond
2020-01-08 07:54:53.280 [IPEngineApp] WARNING | No heartbeat in the last 3010 ms (5 time(s) in a row).
2020-01-08 07:54:46.390 [IPEngineApp] WARNING | No heartbeat in the last 3010 ms (4 time(s) in a row).
2020-01-08 07:54:49.289 [IPEngineApp] WARNING | No heartbeat in the last 3010 ms (5 time(s) in a row).
2020-01-08 07:54:49.519 [IPEngineApp] WARNING | No heartbeat in the last 3010 ms (5 time(s) in a row).
2020-01-08 07:54:56.291 [IPEngineApp] WARNING | No heartbeat in the last 3010 ms (6 time(s) in a row).
2020-01-08 07:54:49.401 [IPEngineApp] WARNING | No heartbeat in the last 3010 ms (5 time(s) in a row).
2020-01-08 07:54:52.298 [IPEngineApp] WARNING | No heartbeat in the last 3010 ms (6 time(s) in a row).
2020-01-08 07:54:52.529 [IPEngineApp] WARNING | No heartbeat in the last 3010 ms (6 time(s) in a row).
2020-01-08 07:54:59.300 [IPEngineApp] WARNING | No heartbeat in the last 3010 ms (7 time(s) in a row).
2020-01-08 07:54:52.411 [IPEngineApp] WARNING | No heartbeat in the last 3010 ms (6 time(s) in a row).
2020-01-08 07:54:55.309 [IPEngineApp] WARNING | No heartbeat in the last 3010 ms (7 time(s) in a row).
2020-01-08 07:54:55.538 [IPEngineApp] WARNING | No heartbeat in the last 3010 ms (7 time(s) in a row).
2020-01-08 07:55:02.310 [IPEngineApp] WARNING | No heartbeat in the last 3010 ms (8 time(s) in a row).
2020-01-08 07:54:55.420 [IPEngineApp] WARNING | No heartbeat in the last 3010 ms (7 time(s) in a row).
2020-01-08 07:54:58.318 [IPEngineApp] WARNING | No heartbeat in the last 3010 ms (8 time(s) in a row).
2020-01-08 07:54:58.549 [IPEngineApp] WARNING | No heartbeat in the last 3010 ms (8 time(s) in a row).
2020-01-08 07:55:05.321 [IPEngineApp] WARNING | No heartbeat in the last 3010 ms (9 time(s) in a row).
2020-01-08 07:54:58.431 [IPEngineApp] WARNING | No heartbeat in the last 3010 ms (8 time(s) in a row).
2020-01-08 07:55:01.329 [IPEngineApp] WARNING | No heartbeat in the last 3010 ms (9 time(s) in a row).
2020-01-08 07:55:01.559 [IPEngineApp] WARNING | No heartbeat in the last 3010 ms (9 time(s) in a row).
2020-01-08 07:55:08.330 [IPEngineApp] WARNING | No heartbeat in the last 3010 ms (10 time(s) in a row).
2020-01-08 07:55:01.441 [IPEngineApp] WARNING | No heartbeat in the last 3010 ms (9 time(s) in a row).
2020-01-08 07:55:04.339 [IPEngineApp] WARNING | No heartbeat in the last 3010 ms (10 time(s) in a row).
2020-01-08 07:55:04.569 [IPEngineApp] WARNING | No heartbeat in the last 3010 ms (10 time(s) in a row).
2020-01-08 07:55:11.340 [IPEngineApp] WARNING | No heartbeat in the last 3010 ms (11 time(s) in a row).
2020-01-08 07:55:04.451 [IPEngineApp] WARNING | No heartbeat in the last 3010 ms (10 time(s) in a row).
2020-01-08 07:55:07.348 [IPEngineApp] WARNING | No heartbeat in the last 3010 ms (11 time(s) in a row).
2020-01-08 07:55:07.578 [IPEngineApp] WARNING | No heartbeat in the last 3010 ms (11 time(s) in a row).
2020-01-08 07:55:14.351 [IPEngineApp] WARNING | No heartbeat in the last 3010 ms (12 time(s) in a row).
2020-01-08 07:55:07.461 [IPEngineApp] WARNING | No heartbeat in the last 3010 ms (11 time(s) in a row).
2020-01-08 07:55:10.359 [IPEngineApp] WARNING | No heartbeat in the last 3010 ms (12 time(s) in a row).
2020-01-08 07:55:10.589 [IPEngineApp] WARNING | No heartbeat in the last 3010 ms (12 time(s) in a row).
2020-01-08 07:55:17.360 [IPEngineApp] WARNING | No heartbeat in the last 3010 ms (13 time(s) in a row).
2020-01-08 07:55:10.471 [IPEngineApp] WARNING | No heartbeat in the last 3010 ms (12 time(s) in a row).
2020-01-08 07:55:13.369 [IPEngineApp] WARNING | No heartbeat in the last 3010 ms (13 time(s) in a row).
2020-01-08 07:55:13.598 [IPEngineApp] WARNING | No heartbeat in the last 3010 ms (13 time(s) in a row).
2020-01-08 07:55:20.370 [IPEngineApp] WARNING | No heartbeat in the last 3010 ms (14 time(s) in a row).
2020-01-08 07:55:13.481 [IPEngineApp] WARNING | No heartbeat in the last 3010 ms (13 time(s) in a row).
2020-01-08 07:55:16.378 [IPEngineApp] WARNING | No heartbeat in the last 3010 ms (14 time(s) in a row).
2020-01-08 07:55:16.609 [IPEngineApp] WARNING | No heartbeat in the last 3010 ms (14 time(s) in a row).
2020-01-08 07:55:23.381 [IPEngineApp] WARNING | No heartbeat in the last 3010 ms (15 time(s) in a row).
2020-01-08 07:55:16.490 [IPEngineApp] WARNING | No heartbeat in the last 3010 ms (14 time(s) in a row).
2020-01-08 07:55:19.389 [IPEngineApp] WARNING | No heartbeat in the last 3010 ms (15 time(s) in a row).
2020-01-08 07:55:19.619 [IPEngineApp] WARNING | No heartbeat in the last 3010 ms (15 time(s) in a row).
2020-01-08 07:55:26.390 [IPEngineApp] WARNING | No heartbeat in the last 3010 ms (16 time(s) in a row).
2020-01-08 07:55:19.501 [IPEngineApp] WARNING | No heartbeat in the last 3010 ms (15 time(s) in a row).
2020-01-08 07:55:22.398 [IPEngineApp] WARNING | No heartbeat in the last 3010 ms (16 time(s) in a row).
2020-01-08 07:55:22.628 [IPEngineApp] WARNING | No heartbeat in the last 3010 ms (16 time(s) in a row).
2020-01-08 07:55:29.400 [IPEngineApp] WARNING | No heartbeat in the last 3010 ms (17 time(s) in a row).
2020-01-08 07:55:22.511 [IPEngineApp] WARNING | No heartbeat in the last 3010 ms (16 time(s) in a row).
2020-01-08 07:55:25.408 [IPEngineApp] WARNING | No heartbeat in the last 3010 ms (17 time(s) in a row).
2020-01-08 07:55:25.639 [IPEngineApp] WARNING | No heartbeat in the last 3010 ms (17 time(s) in a row).
2020-01-08 07:55:25.520 [IPEngineApp] WARNING | No heartbeat in the last 3010 ms (17 time(s) in a row).
2020-01-08 07:55:28.419 [IPEngineApp] WARNING | No heartbeat in the last 3010 ms (18 time(s) in a row).
2020-01-08 07:55:28.649 [IPEngineApp] WARNING | No heartbeat in the last 3010 ms (18 time(s) in a row).
2020-01-08 07:55:28.531 [IPEngineApp] WARNING | No heartbeat in the last 3010 ms (18 time(s) in a row).
2020-01-08 07:54:38.186 [IPEngineApp] WARNING | No heartbeat in the last 3010 ms (1 time(s) in a row).
2020-01-08 07:54:41.196 [IPEngineApp] WARNING | No heartbeat in the last 3010 ms (2 time(s) in a row).
2020-01-08 07:54:44.206 [IPEngineApp] WARNING | No heartbeat in the last 3010 ms (3 time(s) in a row).
2020-01-08 07:54:47.216 [IPEngineApp] WARNING | No heartbeat in the last 3010 ms (4 time(s) in a row).
2020-01-08 07:54:50.226 [IPEngineApp] WARNING | No heartbeat in the last 3010 ms (5 time(s) in a row).
2020-01-08 07:54:53.237 [IPEngineApp] WARNING | No heartbeat in the last 3010 ms (6 time(s) in a row).
2020-01-08 07:54:56.246 [IPEngineApp] WARNING | No heartbeat in the last 3010 ms (7 time(s) in a row).
2020-01-08 07:54:59.257 [IPEngineApp] WARNING | No heartbeat in the last 3010 ms (8 time(s) in a row).
2020-01-08 07:55:02.266 [IPEngineApp] WARNING | No heartbeat in the last 3010 ms (9 time(s) in a row).
2020-01-08 07:55:05.276 [IPEngineApp] WARNING | No heartbeat in the last 3010 ms (10 time(s) in a row).
2020-01-08 07:55:08.287 [IPEngineApp] WARNING | No heartbeat in the last 3010 ms (11 time(s) in a row).
2020-01-08 07:55:11.296 [IPEngineApp] WARNING | No heartbeat in the last 3010 ms (12 time(s) in a row).
2020-01-08 07:55:14.306 [IPEngineApp] WARNING | No heartbeat in the last 3010 ms (13 time(s) in a row).
2020-01-08 07:55:17.317 [IPEngineApp] WARNING | No heartbeat in the last 3010 ms (14 time(s) in a row).
2020-01-08 07:55:20.326 [IPEngineApp] WARNING | No heartbeat in the last 3010 ms (15 time(s) in a row).
2020-01-08 07:55:23.336 [IPEngineApp] WARNING | No heartbeat in the last 3010 ms (16 time(s) in a row).
2020-01-08 07:55:26.347 [IPEngineApp] WARNING | No heartbeat in the last 3010 ms (17 time(s) in a row).
2020-01-08 07:55:32.366 [IPEngineApp] WARNING | No heartbeat in the last 3010 ms (1 time(s) in a row).
slurmstepd: error: *** STEP 27243000.0 ON nid01132 CANCELLED AT 2020-01-08T13:59:15 DUE TO TIME LIMIT ***
2020-01-08 13:59:15.407 [IPControllerApp] CRITICAL | Received signal 15, shutting down
2020-01-08 13:59:15.407 [IPControllerApp] CRITICAL | terminating children...
srun: got SIGCONT
srun: forcing job termination
