[+] ------START TIME (ST): Sat Jan 11 18:01:48 PST 2020------
Start cluster...
Launching controller
2020-01-11 18:01:51.550 [IPControllerApp] Hub listening on tcp://10.128.8.109:37321 for registration.
2020-01-11 18:01:51.551 [IPControllerApp] Hub using DB backend: 'DictDB'
2020-01-11 18:01:51.803 [IPControllerApp] hub::created hub
2020-01-11 18:01:51.803 [IPControllerApp] writing connection info to /global/u2/m/muszyng/.ipython/profile_default/security/ipcontroller-cori_27243353-client.json
2020-01-11 18:01:51.818 [IPControllerApp] writing connection info to /global/u2/m/muszyng/.ipython/profile_default/security/ipcontroller-cori_27243353-engine.json
2020-01-11 18:01:51.833 [IPControllerApp] task::using Python leastload Task scheduler
2020-01-11 18:01:51.835 [IPControllerApp] Heartmonitor started
2020-01-11 18:01:51.859 [scheduler] Scheduler started [leastload]
2020-01-11 18:01:51.866 [IPControllerApp] Creating pid file: /global/u2/m/muszyng/.ipython/profile_default/pid/ipcontroller-cori_27243353.pid
2020-01-11 18:01:51.870 [IPControllerApp] client::client b'\x00k\x8bEg' requested 'connection_request'
2020-01-11 18:01:51.870 [IPControllerApp] client::client [b'\x00k\x8bEg'] connected
Launching engines
2020-01-11 18:02:28.424 [IPEngineApp] Loading url_file '/global/u2/m/muszyng/.ipython/profile_default/security/ipcontroller-cori_27243353-engine.json'
2020-01-11 18:02:28.429 [IPControllerApp] client::client b'0329ebce-39f2e65bd1dabccdfc23daf0' requested 'registration_request'
2020-01-11 18:02:28.428 [IPEngineApp] Registering with controller at tcp://10.128.8.109:37321
2020-01-11 18:02:28.489 [IPEngineApp] Starting to monitor the heartbeat signal from the hub every 3010 ms.
2020-01-11 18:02:28.499 [IPEngineApp] Completed registration with id 0
2020-01-11 18:02:28.909 [IPEngineApp] Loading url_file '/global/u2/m/muszyng/.ipython/profile_default/security/ipcontroller-cori_27243353-engine.json'
2020-01-11 18:02:28.915 [IPControllerApp] client::client b'9bfaab88-d51f83b707ad717788baf9f5' requested 'registration_request'
2020-01-11 18:02:28.913 [IPEngineApp] Registering with controller at tcp://10.128.8.109:37321
2020-01-11 18:02:28.969 [IPEngineApp] Starting to monitor the heartbeat signal from the hub every 3010 ms.
2020-01-11 18:02:28.982 [IPEngineApp] Completed registration with id 1
2020-01-11 18:02:29.179 [IPEngineApp] Loading url_file '/global/u2/m/muszyng/.ipython/profile_default/security/ipcontroller-cori_27243353-engine.json'
2020-01-11 18:02:29.186 [IPControllerApp] client::client b'5733751d-318b489d311905039ba107cc' requested 'registration_request'
2020-01-11 18:02:29.185 [IPEngineApp] Registering with controller at tcp://10.128.8.109:37321
2020-01-11 18:02:29.266 [IPEngineApp] Starting to monitor the heartbeat signal from the hub every 3010 ms.
2020-01-11 18:02:29.276 [IPEngineApp] Completed registration with id 2
2020-01-11 18:02:29.964 [IPEngineApp] Loading url_file '/global/u2/m/muszyng/.ipython/profile_default/security/ipcontroller-cori_27243353-engine.json'
2020-01-11 18:02:29.968 [IPEngineApp] Registering with controller at tcp://10.128.8.109:37321
2020-01-11 18:02:29.970 [IPControllerApp] client::client b'fb95e564-e8f099fea2b4afd7c107f73e' requested 'registration_request'
2020-01-11 18:02:30.018 [IPEngineApp] Loading url_file '/global/u2/m/muszyng/.ipython/profile_default/security/ipcontroller-cori_27243353-engine.json'
2020-01-11 18:02:30.023 [IPEngineApp] Registering with controller at tcp://10.128.8.109:37321
2020-01-11 18:02:30.024 [IPControllerApp] client::client b'1a5e3982-f1a95bc0fecaaa73f8036c8b' requested 'registration_request'
2020-01-11 18:02:30.035 [IPEngineApp] Starting to monitor the heartbeat signal from the hub every 3010 ms.
2020-01-11 18:02:30.053 [IPEngineApp] Completed registration with id 3
2020-01-11 18:02:30.111 [IPEngineApp] Starting to monitor the heartbeat signal from the hub every 3010 ms.
2020-01-11 18:02:30.133 [IPEngineApp] Completed registration with id 4
2020-01-11 18:02:33.838 [IPControllerApp] registration::finished registering engine 4:1a5e3982-f1a95bc0fecaaa73f8036c8b
2020-01-11 18:02:33.839 [IPControllerApp] engine::Engine Connected: 4
2020-01-11 18:02:33.858 [IPControllerApp] registration::finished registering engine 0:0329ebce-39f2e65bd1dabccdfc23daf0
2020-01-11 18:02:33.858 [IPControllerApp] engine::Engine Connected: 0
2020-01-11 18:02:33.861 [IPControllerApp] registration::finished registering engine 3:fb95e564-e8f099fea2b4afd7c107f73e
2020-01-11 18:02:33.861 [IPControllerApp] engine::Engine Connected: 3
2020-01-11 18:02:33.864 [IPControllerApp] registration::finished registering engine 2:5733751d-318b489d311905039ba107cc
2020-01-11 18:02:33.864 [IPControllerApp] engine::Engine Connected: 2
2020-01-11 18:02:33.868 [IPControllerApp] registration::finished registering engine 1:9bfaab88-d51f83b707ad717788baf9f5
2020-01-11 18:02:33.869 [IPControllerApp] engine::Engine Connected: 1
2020-01-11 18:03:04.827 [IPControllerApp] client::client b'\x00k\x8bEh' requested 'connection_request'
2020-01-11 18:03:04.827 [IPControllerApp] client::client [b'\x00k\x8bEh'] connected
Model_E_3 61 261 20
Job id: 27243353; Cluster id: cori_27243353
Worker IDs: [0, 1, 2, 3, 4]
Original order  ['3_train_0_.h5', '3_train_1_.h5', '3_train_2_.h5', '3_train_3_.h5', '3_train_4_.h5', '3_train_5_.h5', '3_train_6_.h5', '3_train_7_.h5', '3_train_8_.h5', '3_train_9_.h5', '3_train_10_.h5', '3_train_11_.h5', '3_train_12_.h5', '3_train_13_.h5', '3_train_14_.h5', '3_train_15_.h5', '3_train_16_.h5', '3_train_17_.h5', '3_train_18_.h5', '3_train_19_.h5'] ['3_val_0_.h5', '3_val_1_.h5', '3_val_2_.h5', '3_val_3_.h5', '3_val_4_.h5', '3_val_5_.h5', '3_val_6_.h5', '3_val_7_.h5', '3_val_8_.h5', '3_val_9_.h5', '3_val_10_.h5', '3_val_11_.h5', '3_val_12_.h5', '3_val_13_.h5', '3_val_14_.h5', '3_val_15_.h5', '3_val_16_.h5', '3_val_17_.h5', '3_val_18_.h5', '3_val_19_.h5']
Shuffled files: ['3_train_7_.h5', '3_train_3_.h5', '3_train_10_.h5', '3_train_5_.h5', '3_train_16_.h5', '3_train_8_.h5', '3_train_11_.h5', '3_train_2_.h5', '3_train_18_.h5', '3_train_1_.h5', '3_train_14_.h5', '3_train_4_.h5', '3_train_0_.h5', '3_train_9_.h5', '3_train_17_.h5', '3_train_12_.h5', '3_train_15_.h5', '3_train_19_.h5', '3_train_6_.h5', '3_train_13_.h5'] ['3_val_0_.h5', '3_val_10_.h5', '3_val_6_.h5', '3_val_11_.h5', '3_val_8_.h5', '3_val_2_.h5', '3_val_16_.h5', '3_val_18_.h5', '3_val_14_.h5', '3_val_19_.h5', '3_val_5_.h5', '3_val_4_.h5', '3_val_15_.h5', '3_val_9_.h5', '3_val_13_.h5', '3_val_7_.h5', '3_val_12_.h5', '3_val_3_.h5', '3_val_1_.h5', '3_val_17_.h5']
/global/cscratch1/sd/muszyng/cnn_model_runs/Model_E/Model_E_3/27243353
['ihp', 'n_hpo_trials', 'n_convs_layers', 'conv_sizes', 'n_fc_layers', 'fc_sizes', 'dropout', 'optimizer', 'lr', 'batch_sizes', 'n_epochs', 'repeats_conv', 'recep_fields', 'checkpoint_dir']
Hyperparameter trial 0 conv [ 64 128 256 512] fc [512 256 128  64] dropout 0.5228 opt Adam, lr 0.0000, batch sizes 128
Checkpoint file: /global/cscratch1/sd/muszyng/cnn_model_runs/Model_E/Model_E_3/27243353/model_0.h5
Hyperparameter trial 1 conv [ 64 128 256 512] fc [512 256 128  64] dropout 0.3493 opt Adam, lr 0.0000, batch sizes 64
Checkpoint file: /global/cscratch1/sd/muszyng/cnn_model_runs/Model_E/Model_E_3/27243353/model_1.h5
Hyperparameter trial 2 conv [ 64 128 256 512] fc [512 256 128  64] dropout 0.5359 opt Adam, lr 0.0000, batch sizes 128
Checkpoint file: /global/cscratch1/sd/muszyng/cnn_model_runs/Model_E/Model_E_3/27243353/model_2.h5
Hyperparameter trial 3 conv [ 64 128 256 512] fc [512 256 128  64] dropout 0.3972 opt Adam, lr 0.0000, batch sizes 128
Checkpoint file: /global/cscratch1/sd/muszyng/cnn_model_runs/Model_E/Model_E_3/27243353/model_3.h5
Hyperparameter trial 4 conv [ 64 128 256 512] fc [512 256 128  64] dropout 0.6687 opt Adam, lr 0.0000, batch sizes 256
Checkpoint file: /global/cscratch1/sd/muszyng/cnn_model_runs/Model_E/Model_E_3/27243353/model_4.h5
2020-01-11 18:03:04.868 [IPControllerApp] task::task '477459f1-24544d4eb33ab5bc32bb7d87' arrived on 1
2020-01-11 18:03:04.870 [IPControllerApp] task::task '4a9ff50e-7e2f18217d1e1a3e6ca9fef2' arrived on 2
2020-01-11 18:03:04.872 [IPControllerApp] task::task '0ef3b3a6-f21c9ac4f12e2d44896018c4' arrived on 3
2020-01-11 18:03:04.874 [IPControllerApp] task::task '88355206-50ab14c0f1a979412b0bb1ed' arrived on 0
2020-01-11 18:03:04.875 [IPControllerApp] task::task '41a12f1a-a7d27f302faf0fdd47888b05' arrived on 4
WARNING:tensorflow:From test_ipyparallel.py:101: The name tf.keras.backend.set_session is deprecated. Please use tf.compat.v1.keras.backend.set_session instead.

WARNING:tensorflow:From /global/u2/m/muszyng/project-cnn-tda/cnn-project/my_project/new_project_mid_lat/code_for_paper/project/Model_E/mlextras.py:39: The name tf.ConfigProto is deprecated. Please use tf.compat.v1.ConfigProto instead.

WARNING:tensorflow:From /global/u2/m/muszyng/project-cnn-tda/cnn-project/my_project/new_project_mid_lat/code_for_paper/project/Model_E/mlextras.py:43: The name tf.Session is deprecated. Please use tf.compat.v1.Session instead.

2020-01-11 18:03:09.845992: I tensorflow/core/platform/cpu_feature_guard.cc:145] This TensorFlow binary is optimized with Intel(R) MKL-DNN to use the following CPU instructions in performance critical operations:  SSE4.1 SSE4.2 AVX AVX2 FMA
To enable them in non-MKL-DNN operations, rebuild TensorFlow with the appropriate compiler flags.
2020-01-11 18:03:09.866742: I tensorflow/core/platform/profile_utils/cpu_utils.cc:94] CPU Frequency: 2300035000 Hz
2020-01-11 18:03:09.868493: I tensorflow/compiler/xla/service/service.cc:168] XLA service 0x55555881a500 initialized for platform Host (this does not guarantee that XLA will be used). Devices:
2020-01-11 18:03:09.868507: I tensorflow/compiler/xla/service/service.cc:176]   StreamExecutor device (0): Host, Default Version
WARNING:tensorflow:From /usr/common/software/tensorflow/intel-tensorflow/1.15.0-py37/lib/python3.7/site-packages/tensorflow_core/python/ops/resource_variable_ops.py:1630: calling BaseResourceVariable.__init__ (from tensorflow.python.ops.resource_variable_ops) with constraint is deprecated and will be removed in a future version.
Instructions for updating:
If using Keras pass *_constraint arguments to layers.
WARNING:tensorflow:From test_ipyparallel.py:101: The name tf.keras.backend.set_session is deprecated. Please use tf.compat.v1.keras.backend.set_session instead.

WARNING:tensorflow:From /global/u2/m/muszyng/project-cnn-tda/cnn-project/my_project/new_project_mid_lat/code_for_paper/project/Model_E/mlextras.py:39: The name tf.ConfigProto is deprecated. Please use tf.compat.v1.ConfigProto instead.

WARNING:tensorflow:From /global/u2/m/muszyng/project-cnn-tda/cnn-project/my_project/new_project_mid_lat/code_for_paper/project/Model_E/mlextras.py:43: The name tf.Session is deprecated. Please use tf.compat.v1.Session instead.

2020-01-11 18:03:09.992782: I tensorflow/core/platform/cpu_feature_guard.cc:145] This TensorFlow binary is optimized with Intel(R) MKL-DNN to use the following CPU instructions in performance critical operations:  SSE4.1 SSE4.2 AVX AVX2 FMA
To enable them in non-MKL-DNN operations, rebuild TensorFlow with the appropriate compiler flags.
2020-01-11 18:03:10.012339: I tensorflow/core/platform/profile_utils/cpu_utils.cc:94] CPU Frequency: 2299970000 Hz
2020-01-11 18:03:10.014136: I tensorflow/compiler/xla/service/service.cc:168] XLA service 0x55555881fd40 initialized for platform Host (this does not guarantee that XLA will be used). Devices:
2020-01-11 18:03:10.014149: I tensorflow/compiler/xla/service/service.cc:176]   StreamExecutor device (0): Host, Default Version
WARNING:tensorflow:From /usr/common/software/tensorflow/intel-tensorflow/1.15.0-py37/lib/python3.7/site-packages/tensorflow_core/python/ops/resource_variable_ops.py:1630: calling BaseResourceVariable.__init__ (from tensorflow.python.ops.resource_variable_ops) with constraint is deprecated and will be removed in a future version.
Instructions for updating:
If using Keras pass *_constraint arguments to layers.
WARNING:tensorflow:From test_ipyparallel.py:101: The name tf.keras.backend.set_session is deprecated. Please use tf.compat.v1.keras.backend.set_session instead.

WARNING:tensorflow:From /global/u2/m/muszyng/project-cnn-tda/cnn-project/my_project/new_project_mid_lat/code_for_paper/project/Model_E/mlextras.py:39: The name tf.ConfigProto is deprecated. Please use tf.compat.v1.ConfigProto instead.

WARNING:tensorflow:From /global/u2/m/muszyng/project-cnn-tda/cnn-project/my_project/new_project_mid_lat/code_for_paper/project/Model_E/mlextras.py:43: The name tf.Session is deprecated. Please use tf.compat.v1.Session instead.

2020-01-11 18:03:10.054393: I tensorflow/core/platform/cpu_feature_guard.cc:145] This TensorFlow binary is optimized with Intel(R) MKL-DNN to use the following CPU instructions in performance critical operations:  SSE4.1 SSE4.2 AVX AVX2 FMA
To enable them in non-MKL-DNN operations, rebuild TensorFlow with the appropriate compiler flags.
WARNING:tensorflow:From test_ipyparallel.py:101: The name tf.keras.backend.set_session is deprecated. Please use tf.compat.v1.keras.backend.set_session instead.

2020-01-11 18:03:10.074423: I tensorflow/core/platform/profile_utils/cpu_utils.cc:94] CPU Frequency: 2299960000 Hz
WARNING:tensorflow:From /global/u2/m/muszyng/project-cnn-tda/cnn-project/my_project/new_project_mid_lat/code_for_paper/project/Model_E/mlextras.py:39: The name tf.ConfigProto is deprecated. Please use tf.compat.v1.ConfigProto instead.

WARNING:tensorflow:From /global/u2/m/muszyng/project-cnn-tda/cnn-project/my_project/new_project_mid_lat/code_for_paper/project/Model_E/mlextras.py:43: The name tf.Session is deprecated. Please use tf.compat.v1.Session instead.

2020-01-11 18:03:10.075505: I tensorflow/core/platform/cpu_feature_guard.cc:145] This TensorFlow binary is optimized with Intel(R) MKL-DNN to use the following CPU instructions in performance critical operations:  SSE4.1 SSE4.2 AVX AVX2 FMA
To enable them in non-MKL-DNN operations, rebuild TensorFlow with the appropriate compiler flags.
2020-01-11 18:03:10.076254: I tensorflow/compiler/xla/service/service.cc:168] XLA service 0x555558819dc0 initialized for platform Host (this does not guarantee that XLA will be used). Devices:
2020-01-11 18:03:10.076268: I tensorflow/compiler/xla/service/service.cc:176]   StreamExecutor device (0): Host, Default Version
WARNING:tensorflow:From /usr/common/software/tensorflow/intel-tensorflow/1.15.0-py37/lib/python3.7/site-packages/tensorflow_core/python/ops/resource_variable_ops.py:1630: calling BaseResourceVariable.__init__ (from tensorflow.python.ops.resource_variable_ops) with constraint is deprecated and will be removed in a future version.
Instructions for updating:
If using Keras pass *_constraint arguments to layers.
2020-01-11 18:03:10.096286: I tensorflow/core/platform/profile_utils/cpu_utils.cc:94] CPU Frequency: 2299970000 Hz
2020-01-11 18:03:10.098012: I tensorflow/compiler/xla/service/service.cc:168] XLA service 0x55555881b480 initialized for platform Host (this does not guarantee that XLA will be used). Devices:
2020-01-11 18:03:10.098036: I tensorflow/compiler/xla/service/service.cc:176]   StreamExecutor device (0): Host, Default Version
WARNING:tensorflow:From /usr/common/software/tensorflow/intel-tensorflow/1.15.0-py37/lib/python3.7/site-packages/tensorflow_core/python/ops/resource_variable_ops.py:1630: calling BaseResourceVariable.__init__ (from tensorflow.python.ops.resource_variable_ops) with constraint is deprecated and will be removed in a future version.
Instructions for updating:
If using Keras pass *_constraint arguments to layers.
WARNING:tensorflow:From /usr/common/software/tensorflow/intel-tensorflow/1.15.0-py37/lib/python3.7/site-packages/tensorflow_core/python/ops/nn_impl.py:183: where (from tensorflow.python.ops.array_ops) is deprecated and will be removed in a future version.
Instructions for updating:
Use tf.where in 2.0, which has the same broadcast rule as np.where
WARNING:tensorflow:From test_ipyparallel.py:101: The name tf.keras.backend.set_session is deprecated. Please use tf.compat.v1.keras.backend.set_session instead.

WARNING:tensorflow:From /global/u2/m/muszyng/project-cnn-tda/cnn-project/my_project/new_project_mid_lat/code_for_paper/project/Model_E/mlextras.py:39: The name tf.ConfigProto is deprecated. Please use tf.compat.v1.ConfigProto instead.

WARNING:tensorflow:From /global/u2/m/muszyng/project-cnn-tda/cnn-project/my_project/new_project_mid_lat/code_for_paper/project/Model_E/mlextras.py:43: The name tf.Session is deprecated. Please use tf.compat.v1.Session instead.

2020-01-11 18:03:10.146713: I tensorflow/core/platform/cpu_feature_guard.cc:145] This TensorFlow binary is optimized with Intel(R) MKL-DNN to use the following CPU instructions in performance critical operations:  SSE4.1 SSE4.2 AVX AVX2 FMA
To enable them in non-MKL-DNN operations, rebuild TensorFlow with the appropriate compiler flags.
2020-01-11 18:03:10.167616: I tensorflow/core/platform/profile_utils/cpu_utils.cc:94] CPU Frequency: 2299935000 Hz
2020-01-11 18:03:10.169313: I tensorflow/compiler/xla/service/service.cc:168] XLA service 0x55555881d7b0 initialized for platform Host (this does not guarantee that XLA will be used). Devices:
2020-01-11 18:03:10.169336: I tensorflow/compiler/xla/service/service.cc:176]   StreamExecutor device (0): Host, Default Version
WARNING:tensorflow:`epsilon` argument is deprecated and will be removed, use `min_delta` instead.
WARNING:tensorflow:`period` argument is deprecated. Please use `save_freq` to specify the frequency in number of samples seen.
WARNING:tensorflow:From /usr/common/software/tensorflow/intel-tensorflow/1.15.0-py37/lib/python3.7/site-packages/tensorflow_core/python/ops/resource_variable_ops.py:1630: calling BaseResourceVariable.__init__ (from tensorflow.python.ops.resource_variable_ops) with constraint is deprecated and will be removed in a future version.
Instructions for updating:
If using Keras pass *_constraint arguments to layers.
WARNING:tensorflow:Large dropout rate: 0.522781 (>0.5). In TensorFlow 2.x, dropout() uses dropout rate instead of keep_prob. Please ensure that this is intended.
WARNING:tensorflow:Large dropout rate: 0.66866 (>0.5). In TensorFlow 2.x, dropout() uses dropout rate instead of keep_prob. Please ensure that this is intended.
WARNING:tensorflow:Large dropout rate: 0.522781 (>0.5). In TensorFlow 2.x, dropout() uses dropout rate instead of keep_prob. Please ensure that this is intended.
WARNING:tensorflow:Large dropout rate: 0.66866 (>0.5). In TensorFlow 2.x, dropout() uses dropout rate instead of keep_prob. Please ensure that this is intended.
WARNING:tensorflow:Large dropout rate: 0.522781 (>0.5). In TensorFlow 2.x, dropout() uses dropout rate instead of keep_prob. Please ensure that this is intended.
WARNING:tensorflow:From /usr/common/software/tensorflow/intel-tensorflow/1.15.0-py37/lib/python3.7/site-packages/tensorflow_core/python/ops/nn_impl.py:183: where (from tensorflow.python.ops.array_ops) is deprecated and will be removed in a future version.
Instructions for updating:
Use tf.where in 2.0, which has the same broadcast rule as np.where
WARNING:tensorflow:Large dropout rate: 0.66866 (>0.5). In TensorFlow 2.x, dropout() uses dropout rate instead of keep_prob. Please ensure that this is intended.
WARNING:tensorflow:Large dropout rate: 0.522781 (>0.5). In TensorFlow 2.x, dropout() uses dropout rate instead of keep_prob. Please ensure that this is intended.
WARNING:tensorflow:Large dropout rate: 0.66866 (>0.5). In TensorFlow 2.x, dropout() uses dropout rate instead of keep_prob. Please ensure that this is intended.
WARNING:tensorflow:Large dropout rate: 0.535947 (>0.5). In TensorFlow 2.x, dropout() uses dropout rate instead of keep_prob. Please ensure that this is intended.
WARNING:tensorflow:`epsilon` argument is deprecated and will be removed, use `min_delta` instead.
WARNING:tensorflow:`period` argument is deprecated. Please use `save_freq` to specify the frequency in number of samples seen.
WARNING:tensorflow:From /usr/common/software/tensorflow/intel-tensorflow/1.15.0-py37/lib/python3.7/site-packages/tensorflow_core/python/ops/nn_impl.py:183: where (from tensorflow.python.ops.array_ops) is deprecated and will be removed in a future version.
Instructions for updating:
Use tf.where in 2.0, which has the same broadcast rule as np.where
WARNING:tensorflow:Large dropout rate: 0.535947 (>0.5). In TensorFlow 2.x, dropout() uses dropout rate instead of keep_prob. Please ensure that this is intended.
WARNING:tensorflow:From /usr/common/software/tensorflow/intel-tensorflow/1.15.0-py37/lib/python3.7/site-packages/tensorflow_core/python/ops/nn_impl.py:183: where (from tensorflow.python.ops.array_ops) is deprecated and will be removed in a future version.
Instructions for updating:
Use tf.where in 2.0, which has the same broadcast rule as np.where
WARNING:tensorflow:Large dropout rate: 0.535947 (>0.5). In TensorFlow 2.x, dropout() uses dropout rate instead of keep_prob. Please ensure that this is intended.
WARNING:tensorflow:Large dropout rate: 0.535947 (>0.5). In TensorFlow 2.x, dropout() uses dropout rate instead of keep_prob. Please ensure that this is intended.
WARNING:tensorflow:`epsilon` argument is deprecated and will be removed, use `min_delta` instead.
WARNING:tensorflow:`period` argument is deprecated. Please use `save_freq` to specify the frequency in number of samples seen.
WARNING:tensorflow:`epsilon` argument is deprecated and will be removed, use `min_delta` instead.
WARNING:tensorflow:`period` argument is deprecated. Please use `save_freq` to specify the frequency in number of samples seen.
WARNING:tensorflow:From /usr/common/software/tensorflow/intel-tensorflow/1.15.0-py37/lib/python3.7/site-packages/tensorflow_core/python/ops/nn_impl.py:183: where (from tensorflow.python.ops.array_ops) is deprecated and will be removed in a future version.
Instructions for updating:
Use tf.where in 2.0, which has the same broadcast rule as np.where
WARNING:tensorflow:`epsilon` argument is deprecated and will be removed, use `min_delta` instead.
WARNING:tensorflow:`period` argument is deprecated. Please use `save_freq` to specify the frequency in number of samples seen.
2020-01-11 23:31:36.353 [IPControllerApp] task::task '4a9ff50e-7e2f18217d1e1a3e6ca9fef2' finished on 2
2020-01-11 23:46:59.031 [IPControllerApp] task::task '41a12f1a-a7d27f302faf0fdd47888b05' finished on 4
IOStream.flush timed out
IOStream.flush timed out
2020-01-11 23:46:59.782 [IPEngineApp] WARNING | No heartbeat in the last 3010 ms (1 time(s) in a row).
2020-01-11 23:49:06.160 [IPControllerApp] task::task '477459f1-24544d4eb33ab5bc32bb7d87' finished on 1
2020-01-11 23:51:21.523 [IPControllerApp] task::task '88355206-50ab14c0f1a979412b0bb1ed' finished on 0
2020-01-12 00:06:12.157 [IPControllerApp] task::task '0ef3b3a6-f21c9ac4f12e2d44896018c4' finished on 3
IOStream.flush timed out
IOStream.flush timed out
IOStream.flush timed out
2020-01-12 00:06:12.536 [IPEngineApp] WARNING | No heartbeat in the last 3010 ms (1 time(s) in a row).
2020-01-12 07:03:09.839 [IPControllerApp] heartbeat::missed b'1a5e3982-f1a95bc0fecaaa73f8036c8b' : 1
2020-01-12 07:03:10.112 [IPEngineApp] WARNING | No heartbeat in the last 3010 ms (1 time(s) in a row).
2020-01-12 07:04:03.111 [IPControllerApp] heartbeat::missed b'9bfaab88-d51f83b707ad717788baf9f5' : 1
2020-01-12 07:03:08.725 [IPEngineApp] WARNING | No heartbeat in the last 3010 ms (1 time(s) in a row).
2020-01-12 07:04:03.112 [IPControllerApp] heartbeat::missed b'fb95e564-e8f099fea2b4afd7c107f73e' : 1
2020-01-12 07:03:08.649 [IPEngineApp] WARNING | No heartbeat in the last 3010 ms (1 time(s) in a row).
2020-01-12 07:04:03.112 [IPControllerApp] heartbeat::missed b'5733751d-318b489d311905039ba107cc' : 1
2020-01-12 07:03:07.879 [IPEngineApp] WARNING | No heartbeat in the last 3010 ms (1 time(s) in a row).
2020-01-12 07:03:07.583 [IPEngineApp] WARNING | No heartbeat in the last 3010 ms (1 time(s) in a row).
2020-01-12 07:03:13.123 [IPEngineApp] WARNING | No heartbeat in the last 3010 ms (2 time(s) in a row).
2020-01-12 07:03:11.735 [IPEngineApp] WARNING | No heartbeat in the last 3010 ms (2 time(s) in a row).
2020-01-12 07:03:11.658 [IPEngineApp] WARNING | No heartbeat in the last 3010 ms (2 time(s) in a row).
2020-01-12 07:04:03.113 [IPControllerApp] WARNING | heartbeat::heart b'9bfaab88-d51f83b707ad717788baf9f5' missed a beat, and took 56273.54 ms to respond
2020-01-12 07:03:10.890 [IPEngineApp] WARNING | No heartbeat in the last 3010 ms (2 time(s) in a row).
2020-01-12 07:04:03.113 [IPControllerApp] WARNING | heartbeat::heart b'1a5e3982-f1a95bc0fecaaa73f8036c8b' missed a beat, and took 56273.92 ms to respond
2020-01-12 07:03:10.592 [IPEngineApp] WARNING | No heartbeat in the last 3010 ms (2 time(s) in a row).
2020-01-12 07:03:16.133 [IPEngineApp] WARNING | No heartbeat in the last 3010 ms (3 time(s) in a row).
2020-01-12 07:03:14.745 [IPEngineApp] WARNING | No heartbeat in the last 3010 ms (3 time(s) in a row).
2020-01-12 07:04:03.129 [IPControllerApp] WARNING | heartbeat::heart b'fb95e564-e8f099fea2b4afd7c107f73e' missed a beat, and took 56290.04 ms to respond
2020-01-12 07:03:14.669 [IPEngineApp] WARNING | No heartbeat in the last 3010 ms (3 time(s) in a row).
2020-01-12 07:03:13.900 [IPEngineApp] WARNING | No heartbeat in the last 3010 ms (3 time(s) in a row).
2020-01-12 07:04:03.129 [IPControllerApp] WARNING | heartbeat::heart b'5733751d-318b489d311905039ba107cc' missed a beat, and took 56290.33 ms to respond
2020-01-12 07:03:13.603 [IPEngineApp] WARNING | No heartbeat in the last 3010 ms (3 time(s) in a row).
2020-01-12 07:03:19.142 [IPEngineApp] WARNING | No heartbeat in the last 3010 ms (4 time(s) in a row).
2020-01-12 07:03:17.755 [IPEngineApp] WARNING | No heartbeat in the last 3010 ms (4 time(s) in a row).
2020-01-12 07:03:17.678 [IPEngineApp] WARNING | No heartbeat in the last 3010 ms (4 time(s) in a row).
2020-01-12 07:03:16.909 [IPEngineApp] WARNING | No heartbeat in the last 3010 ms (4 time(s) in a row).
2020-01-12 07:03:16.613 [IPEngineApp] WARNING | No heartbeat in the last 3010 ms (4 time(s) in a row).
2020-01-12 07:03:22.153 [IPEngineApp] WARNING | No heartbeat in the last 3010 ms (5 time(s) in a row).
2020-01-12 07:03:20.764 [IPEngineApp] WARNING | No heartbeat in the last 3010 ms (5 time(s) in a row).
2020-01-12 07:03:20.688 [IPEngineApp] WARNING | No heartbeat in the last 3010 ms (5 time(s) in a row).
2020-01-12 07:03:19.919 [IPEngineApp] WARNING | No heartbeat in the last 3010 ms (5 time(s) in a row).
2020-01-12 07:03:19.623 [IPEngineApp] WARNING | No heartbeat in the last 3010 ms (5 time(s) in a row).
2020-01-12 07:03:25.162 [IPEngineApp] WARNING | No heartbeat in the last 3010 ms (6 time(s) in a row).
2020-01-12 07:03:23.775 [IPEngineApp] WARNING | No heartbeat in the last 3010 ms (6 time(s) in a row).
2020-01-12 07:03:23.699 [IPEngineApp] WARNING | No heartbeat in the last 3010 ms (6 time(s) in a row).
2020-01-12 07:03:22.930 [IPEngineApp] WARNING | No heartbeat in the last 3010 ms (6 time(s) in a row).
2020-01-12 07:03:22.632 [IPEngineApp] WARNING | No heartbeat in the last 3010 ms (6 time(s) in a row).
2020-01-12 07:03:28.172 [IPEngineApp] WARNING | No heartbeat in the last 3010 ms (7 time(s) in a row).
2020-01-12 07:03:26.785 [IPEngineApp] WARNING | No heartbeat in the last 3010 ms (7 time(s) in a row).
2020-01-12 07:03:26.708 [IPEngineApp] WARNING | No heartbeat in the last 3010 ms (7 time(s) in a row).
2020-01-12 07:03:25.939 [IPEngineApp] WARNING | No heartbeat in the last 3010 ms (7 time(s) in a row).
2020-01-12 07:03:25.643 [IPEngineApp] WARNING | No heartbeat in the last 3010 ms (7 time(s) in a row).
2020-01-12 07:03:31.183 [IPEngineApp] WARNING | No heartbeat in the last 3010 ms (8 time(s) in a row).
2020-01-12 07:03:29.795 [IPEngineApp] WARNING | No heartbeat in the last 3010 ms (8 time(s) in a row).
2020-01-12 07:03:29.718 [IPEngineApp] WARNING | No heartbeat in the last 3010 ms (8 time(s) in a row).
2020-01-12 07:03:28.949 [IPEngineApp] WARNING | No heartbeat in the last 3010 ms (8 time(s) in a row).
2020-01-12 07:03:28.652 [IPEngineApp] WARNING | No heartbeat in the last 3010 ms (8 time(s) in a row).
2020-01-12 07:03:34.192 [IPEngineApp] WARNING | No heartbeat in the last 3010 ms (9 time(s) in a row).
2020-01-12 07:03:32.805 [IPEngineApp] WARNING | No heartbeat in the last 3010 ms (9 time(s) in a row).
2020-01-12 07:03:32.729 [IPEngineApp] WARNING | No heartbeat in the last 3010 ms (9 time(s) in a row).
2020-01-12 07:03:31.960 [IPEngineApp] WARNING | No heartbeat in the last 3010 ms (9 time(s) in a row).
2020-01-12 07:03:31.663 [IPEngineApp] WARNING | No heartbeat in the last 3010 ms (9 time(s) in a row).
2020-01-12 07:03:37.203 [IPEngineApp] WARNING | No heartbeat in the last 3010 ms (10 time(s) in a row).
2020-01-12 07:03:35.815 [IPEngineApp] WARNING | No heartbeat in the last 3010 ms (10 time(s) in a row).
2020-01-12 07:03:35.739 [IPEngineApp] WARNING | No heartbeat in the last 3010 ms (10 time(s) in a row).
2020-01-12 07:03:34.969 [IPEngineApp] WARNING | No heartbeat in the last 3010 ms (10 time(s) in a row).
2020-01-12 07:03:34.672 [IPEngineApp] WARNING | No heartbeat in the last 3010 ms (10 time(s) in a row).
2020-01-12 07:03:40.213 [IPEngineApp] WARNING | No heartbeat in the last 3010 ms (11 time(s) in a row).
2020-01-12 07:03:38.825 [IPEngineApp] WARNING | No heartbeat in the last 3010 ms (11 time(s) in a row).
2020-01-12 07:03:38.748 [IPEngineApp] WARNING | No heartbeat in the last 3010 ms (11 time(s) in a row).
2020-01-12 07:03:37.979 [IPEngineApp] WARNING | No heartbeat in the last 3010 ms (11 time(s) in a row).
2020-01-12 07:03:37.683 [IPEngineApp] WARNING | No heartbeat in the last 3010 ms (11 time(s) in a row).
2020-01-12 07:03:43.222 [IPEngineApp] WARNING | No heartbeat in the last 3010 ms (12 time(s) in a row).
2020-01-12 07:03:41.835 [IPEngineApp] WARNING | No heartbeat in the last 3010 ms (12 time(s) in a row).
2020-01-12 07:03:41.758 [IPEngineApp] WARNING | No heartbeat in the last 3010 ms (12 time(s) in a row).
2020-01-12 07:03:40.990 [IPEngineApp] WARNING | No heartbeat in the last 3010 ms (12 time(s) in a row).
2020-01-12 07:03:40.693 [IPEngineApp] WARNING | No heartbeat in the last 3010 ms (12 time(s) in a row).
2020-01-12 07:03:46.232 [IPEngineApp] WARNING | No heartbeat in the last 3010 ms (13 time(s) in a row).
2020-01-12 07:03:44.844 [IPEngineApp] WARNING | No heartbeat in the last 3010 ms (13 time(s) in a row).
2020-01-12 07:03:44.769 [IPEngineApp] WARNING | No heartbeat in the last 3010 ms (13 time(s) in a row).
2020-01-12 07:03:43.999 [IPEngineApp] WARNING | No heartbeat in the last 3010 ms (13 time(s) in a row).
2020-01-12 07:03:43.703 [IPEngineApp] WARNING | No heartbeat in the last 3010 ms (13 time(s) in a row).
2020-01-12 07:03:49.243 [IPEngineApp] WARNING | No heartbeat in the last 3010 ms (14 time(s) in a row).
2020-01-12 07:03:47.855 [IPEngineApp] WARNING | No heartbeat in the last 3010 ms (14 time(s) in a row).
2020-01-12 07:03:47.779 [IPEngineApp] WARNING | No heartbeat in the last 3010 ms (14 time(s) in a row).
2020-01-12 07:03:47.009 [IPEngineApp] WARNING | No heartbeat in the last 3010 ms (14 time(s) in a row).
2020-01-12 07:03:46.713 [IPEngineApp] WARNING | No heartbeat in the last 3010 ms (14 time(s) in a row).
2020-01-12 07:03:52.252 [IPEngineApp] WARNING | No heartbeat in the last 3010 ms (15 time(s) in a row).
2020-01-12 07:03:50.865 [IPEngineApp] WARNING | No heartbeat in the last 3010 ms (15 time(s) in a row).
2020-01-12 07:03:50.788 [IPEngineApp] WARNING | No heartbeat in the last 3010 ms (15 time(s) in a row).
2020-01-12 07:03:50.020 [IPEngineApp] WARNING | No heartbeat in the last 3010 ms (15 time(s) in a row).
2020-01-12 07:03:49.722 [IPEngineApp] WARNING | No heartbeat in the last 3010 ms (15 time(s) in a row).
2020-01-12 07:03:55.262 [IPEngineApp] WARNING | No heartbeat in the last 3010 ms (16 time(s) in a row).
2020-01-12 07:03:53.875 [IPEngineApp] WARNING | No heartbeat in the last 3010 ms (16 time(s) in a row).
2020-01-12 07:03:53.799 [IPEngineApp] WARNING | No heartbeat in the last 3010 ms (16 time(s) in a row).
2020-01-12 07:03:53.029 [IPEngineApp] WARNING | No heartbeat in the last 3010 ms (16 time(s) in a row).
2020-01-12 07:03:52.733 [IPEngineApp] WARNING | No heartbeat in the last 3010 ms (16 time(s) in a row).
2020-01-12 07:03:58.273 [IPEngineApp] WARNING | No heartbeat in the last 3010 ms (17 time(s) in a row).
2020-01-12 07:03:56.885 [IPEngineApp] WARNING | No heartbeat in the last 3010 ms (17 time(s) in a row).
2020-01-12 07:03:56.809 [IPEngineApp] WARNING | No heartbeat in the last 3010 ms (17 time(s) in a row).
2020-01-12 07:03:56.039 [IPEngineApp] WARNING | No heartbeat in the last 3010 ms (17 time(s) in a row).
2020-01-12 07:03:55.743 [IPEngineApp] WARNING | No heartbeat in the last 3010 ms (17 time(s) in a row).
2020-01-12 07:04:01.282 [IPEngineApp] WARNING | No heartbeat in the last 3010 ms (18 time(s) in a row).
2020-01-12 07:03:59.895 [IPEngineApp] WARNING | No heartbeat in the last 3010 ms (18 time(s) in a row).
2020-01-12 07:03:59.818 [IPEngineApp] WARNING | No heartbeat in the last 3010 ms (18 time(s) in a row).
2020-01-12 07:03:59.050 [IPEngineApp] WARNING | No heartbeat in the last 3010 ms (18 time(s) in a row).
2020-01-12 07:03:58.753 [IPEngineApp] WARNING | No heartbeat in the last 3010 ms (18 time(s) in a row).
slurmstepd: error: *** STEP 27243353.0 ON nid02140 CANCELLED AT 2020-01-12T09:02:08 DUE TO TIME LIMIT ***
2020-01-12 09:02:08.540 [IPControllerApp] CRITICAL | Received signal 15, shutting down
2020-01-12 09:02:08.540 [IPControllerApp] CRITICAL | terminating children...
srun: got SIGCONT
srun: forcing job termination
