[+] ------START TIME (ST): Sun Mar  1 19:49:32 PST 2020------
Start cluster...
Launching controller
2020-03-01 19:49:35.713 [IPControllerApp] Hub listening on tcp://10.128.5.194:41639 for registration.
2020-03-01 19:49:35.714 [IPControllerApp] Hub using DB backend: 'DictDB'
2020-03-01 19:49:35.966 [IPControllerApp] hub::created hub
2020-03-01 19:49:35.966 [IPControllerApp] writing connection info to /global/u2/m/muszyng/.ipython/profile_default/security/ipcontroller-cori_28418254-client.json
2020-03-01 19:49:35.971 [IPControllerApp] writing connection info to /global/u2/m/muszyng/.ipython/profile_default/security/ipcontroller-cori_28418254-engine.json
2020-03-01 19:49:35.974 [IPControllerApp] task::using Python leastload Task scheduler
2020-03-01 19:49:35.974 [IPControllerApp] Heartmonitor started
2020-03-01 19:49:35.992 [scheduler] Scheduler started [leastload]
2020-03-01 19:49:35.994 [IPControllerApp] Creating pid file: /global/u2/m/muszyng/.ipython/profile_default/pid/ipcontroller-cori_28418254.pid
2020-03-01 19:49:35.998 [IPControllerApp] client::client b'\x00k\x8bEg' requested 'connection_request'
2020-03-01 19:49:35.999 [IPControllerApp] client::client [b'\x00k\x8bEg'] connected
Launching engines
2020-03-01 19:50:06.510 [IPEngineApp] Loading url_file '/global/u2/m/muszyng/.ipython/profile_default/security/ipcontroller-cori_28418254-engine.json'
2020-03-01 19:50:06.515 [IPControllerApp] client::client b'fc287cb1-1af01292f3a9ac6cef0bbb56' requested 'registration_request'
2020-03-01 19:50:06.514 [IPEngineApp] Registering with controller at tcp://10.128.5.194:41639
2020-03-01 19:50:06.567 [IPEngineApp] Starting to monitor the heartbeat signal from the hub every 3010 ms.
2020-03-01 19:50:06.575 [IPEngineApp] Completed registration with id 0
2020-03-01 19:50:06.897 [IPEngineApp] Loading url_file '/global/u2/m/muszyng/.ipython/profile_default/security/ipcontroller-cori_28418254-engine.json'
2020-03-01 19:50:06.901 [IPEngineApp] Registering with controller at tcp://10.128.5.194:41639
2020-03-01 19:50:06.902 [IPControllerApp] client::client b'f79fe4c5-35c8d19a73b0f26c2dce1c64' requested 'registration_request'
2020-03-01 19:50:06.953 [IPEngineApp] Starting to monitor the heartbeat signal from the hub every 3010 ms.
2020-03-01 19:50:06.961 [IPEngineApp] Completed registration with id 1
2020-03-01 19:50:07.694 [IPEngineApp] Loading url_file '/global/u2/m/muszyng/.ipython/profile_default/security/ipcontroller-cori_28418254-engine.json'
2020-03-01 19:50:07.699 [IPControllerApp] client::client b'4c183264-c198e8d117adde21d11f8e94' requested 'registration_request'
2020-03-01 19:50:07.718 [IPEngineApp] Loading url_file '/global/u2/m/muszyng/.ipython/profile_default/security/ipcontroller-cori_28418254-engine.json'
2020-03-01 19:50:07.723 [IPControllerApp] client::client b'57704bfb-a77ad85bec45eeb6910ef2a0' requested 'registration_request'
2020-03-01 19:50:07.698 [IPEngineApp] Registering with controller at tcp://10.128.5.194:41639
2020-03-01 19:50:07.751 [IPEngineApp] Starting to monitor the heartbeat signal from the hub every 3010 ms.
2020-03-01 19:50:07.759 [IPEngineApp] Completed registration with id 2
2020-03-01 19:50:07.722 [IPEngineApp] Registering with controller at tcp://10.128.5.194:41639
2020-03-01 19:50:07.761 [IPEngineApp] Loading url_file '/global/u2/m/muszyng/.ipython/profile_default/security/ipcontroller-cori_28418254-engine.json'
2020-03-01 19:50:07.767 [IPControllerApp] client::client b'5bc3da98-f4d23c53de5a4065cac01e4c' requested 'registration_request'
2020-03-01 19:50:07.774 [IPEngineApp] Starting to monitor the heartbeat signal from the hub every 3010 ms.
2020-03-01 19:50:07.783 [IPEngineApp] Completed registration with id 3
2020-03-01 19:50:07.766 [IPEngineApp] Registering with controller at tcp://10.128.5.194:41639
2020-03-01 19:50:07.818 [IPEngineApp] Starting to monitor the heartbeat signal from the hub every 3010 ms.
2020-03-01 19:50:07.827 [IPEngineApp] Completed registration with id 4
2020-03-01 19:50:11.978 [IPControllerApp] registration::finished registering engine 0:fc287cb1-1af01292f3a9ac6cef0bbb56
2020-03-01 19:50:11.978 [IPControllerApp] engine::Engine Connected: 0
2020-03-01 19:50:11.990 [IPControllerApp] registration::finished registering engine 4:5bc3da98-f4d23c53de5a4065cac01e4c
2020-03-01 19:50:11.991 [IPControllerApp] engine::Engine Connected: 4
2020-03-01 19:50:11.993 [IPControllerApp] registration::finished registering engine 1:f79fe4c5-35c8d19a73b0f26c2dce1c64
2020-03-01 19:50:11.993 [IPControllerApp] engine::Engine Connected: 1
2020-03-01 19:50:11.995 [IPControllerApp] registration::finished registering engine 2:4c183264-c198e8d117adde21d11f8e94
2020-03-01 19:50:11.995 [IPControllerApp] engine::Engine Connected: 2
2020-03-01 19:50:11.997 [IPControllerApp] registration::finished registering engine 3:57704bfb-a77ad85bec45eeb6910ef2a0
2020-03-01 19:50:11.997 [IPControllerApp] engine::Engine Connected: 3
2020-03-01 19:50:44.112 [IPControllerApp] client::client b'\x00k\x8bEh' requested 'connection_request'
2020-03-01 19:50:44.112 [IPControllerApp] client::client [b'\x00k\x8bEh'] connected
Model_D_0 1 201 20
Job id: 28418254; Cluster id: cori_28418254
Worker IDs: [0, 1, 2, 3, 4]
Original order  ['0_train_0_.h5', '0_train_1_.h5', '0_train_2_.h5', '0_train_3_.h5', '0_train_4_.h5', '0_train_5_.h5', '0_train_6_.h5', '0_train_7_.h5', '0_train_8_.h5', '0_train_9_.h5', '0_train_10_.h5', '0_train_11_.h5', '0_train_12_.h5', '0_train_13_.h5', '0_train_14_.h5', '0_train_15_.h5', '0_train_16_.h5', '0_train_17_.h5', '0_train_18_.h5', '0_train_19_.h5'] ['0_val_0_.h5', '0_val_1_.h5', '0_val_2_.h5', '0_val_3_.h5', '0_val_4_.h5', '0_val_5_.h5', '0_val_6_.h5', '0_val_7_.h5', '0_val_8_.h5', '0_val_9_.h5', '0_val_10_.h5', '0_val_11_.h5', '0_val_12_.h5', '0_val_13_.h5', '0_val_14_.h5', '0_val_15_.h5', '0_val_16_.h5', '0_val_17_.h5', '0_val_18_.h5', '0_val_19_.h5']
Shuffled files: ['0_train_10_.h5', '0_train_0_.h5', '0_train_16_.h5', '0_train_4_.h5', '0_train_12_.h5', '0_train_9_.h5', '0_train_2_.h5', '0_train_17_.h5', '0_train_13_.h5', '0_train_11_.h5', '0_train_15_.h5', '0_train_19_.h5', '0_train_7_.h5', '0_train_6_.h5', '0_train_5_.h5', '0_train_8_.h5', '0_train_3_.h5', '0_train_14_.h5', '0_train_18_.h5', '0_train_1_.h5'] ['0_val_10_.h5', '0_val_11_.h5', '0_val_17_.h5', '0_val_4_.h5', '0_val_3_.h5', '0_val_1_.h5', '0_val_6_.h5', '0_val_9_.h5', '0_val_5_.h5', '0_val_19_.h5', '0_val_2_.h5', '0_val_0_.h5', '0_val_12_.h5', '0_val_18_.h5', '0_val_7_.h5', '0_val_8_.h5', '0_val_16_.h5', '0_val_13_.h5', '0_val_14_.h5', '0_val_15_.h5']
/global/cscratch1/sd/muszyng/cnn_model_runs/regression/Model_D/Model_D_0/28418254
['ihp', 'n_hpo_trials', 'n_convs_layers', 'conv_sizes', 'n_fc_layers', 'fc_sizes', 'dropout', 'optimizer', 'lr', 'batch_sizes', 'n_epochs', 'repeats_conv', 'recep_fields', 'checkpoint_dir']
Hyperparameter trial 0 conv [ 64 128 256 512] fc [256 128  64] dropout 0.1440 opt Adam, lr 0.0000, batch sizes 64
Checkpoint file: /global/cscratch1/sd/muszyng/cnn_model_runs/regression/Model_D/Model_D_0/28418254/model_0.h5
Hyperparameter trial 1 conv [ 64 128 256 512] fc [256 128  64] dropout 0.1466 opt Adam, lr 0.0000, batch sizes 256
Checkpoint file: /global/cscratch1/sd/muszyng/cnn_model_runs/regression/Model_D/Model_D_0/28418254/model_1.h5
Hyperparameter trial 2 conv [ 64 128 256 512] fc [256 128  64] dropout 0.1335 opt Adam, lr 0.0000, batch sizes 128
Checkpoint file: /global/cscratch1/sd/muszyng/cnn_model_runs/regression/Model_D/Model_D_0/28418254/model_2.h5
Hyperparameter trial 3 conv [ 64 128 256 512] fc [256 128  64] dropout 0.1351 opt Adam, lr 0.0000, batch sizes 64
Checkpoint file: /global/cscratch1/sd/muszyng/cnn_model_runs/regression/Model_D/Model_D_0/28418254/model_3.h5
Hyperparameter trial 4 conv [ 64 128 256 512] fc [256 128  64] dropout 0.1001 opt Adam, lr 0.0000, batch sizes 32
Checkpoint file: /global/cscratch1/sd/muszyng/cnn_model_runs/regression/Model_D/Model_D_0/28418254/model_4.h5
2020-03-01 19:50:44.162 [IPControllerApp] task::task '0b5adfdf-625b6252237ce2f6dc027f95' arrived on 3
2020-03-01 19:50:44.163 [IPControllerApp] task::task '1e5e848d-a1fa89fe256d4240e93a4c3a' arrived on 2
2020-03-01 19:50:44.165 [IPControllerApp] task::task '53fc84a5-6bdfadc5bd3714b95acca924' arrived on 1
2020-03-01 19:50:44.169 [IPControllerApp] task::task '82b47b68-d570cf585ba56e39caf4360e' arrived on 4
2020-03-01 19:50:44.170 [IPControllerApp] task::task 'e5e2e4d2-9e4cb8366e9ff52acd6dc0e1' arrived on 0
WARNING:tensorflow:From test_ipyparallel.py:101: The name tf.keras.backend.set_session is deprecated. Please use tf.compat.v1.keras.backend.set_session instead.

WARNING:tensorflow:From /global/u2/m/muszyng/project-cnn-tda/cnn-project/my_project/new_project_mid_lat/code_for_paper/project/Model_D/Model_D_regres/mlextras.py:39: The name tf.ConfigProto is deprecated. Please use tf.compat.v1.ConfigProto instead.

WARNING:tensorflow:From /global/u2/m/muszyng/project-cnn-tda/cnn-project/my_project/new_project_mid_lat/code_for_paper/project/Model_D/Model_D_regres/mlextras.py:43: The name tf.Session is deprecated. Please use tf.compat.v1.Session instead.

2020-03-01 19:50:46.503106: I tensorflow/core/platform/cpu_feature_guard.cc:145] This TensorFlow binary is optimized with Intel(R) MKL-DNN to use the following CPU instructions in performance critical operations:  SSE4.1 SSE4.2 AVX AVX2 FMA
To enable them in non-MKL-DNN operations, rebuild TensorFlow with the appropriate compiler flags.
2020-03-01 19:50:46.523130: I tensorflow/core/platform/profile_utils/cpu_utils.cc:94] CPU Frequency: 2300105000 Hz
2020-03-01 19:50:46.524801: I tensorflow/compiler/xla/service/service.cc:168] XLA service 0x555558df50a0 initialized for platform Host (this does not guarantee that XLA will be used). Devices:
2020-03-01 19:50:46.524817: I tensorflow/compiler/xla/service/service.cc:176]   StreamExecutor device (0): Host, Default Version
WARNING:tensorflow:From /usr/common/software/tensorflow/intel-tensorflow/1.15.0-py37/lib/python3.7/site-packages/tensorflow_core/python/ops/resource_variable_ops.py:1630: calling BaseResourceVariable.__init__ (from tensorflow.python.ops.resource_variable_ops) with constraint is deprecated and will be removed in a future version.
Instructions for updating:
If using Keras pass *_constraint arguments to layers.
WARNING:tensorflow:`epsilon` argument is deprecated and will be removed, use `min_delta` instead.
WARNING:tensorflow:`period` argument is deprecated. Please use `save_freq` to specify the frequency in number of samples seen.
WARNING:tensorflow:From test_ipyparallel.py:101: The name tf.keras.backend.set_session is deprecated. Please use tf.compat.v1.keras.backend.set_session instead.

WARNING:tensorflow:From /global/u2/m/muszyng/project-cnn-tda/cnn-project/my_project/new_project_mid_lat/code_for_paper/project/Model_D/Model_D_regres/mlextras.py:39: The name tf.ConfigProto is deprecated. Please use tf.compat.v1.ConfigProto instead.

WARNING:tensorflow:From /global/u2/m/muszyng/project-cnn-tda/cnn-project/my_project/new_project_mid_lat/code_for_paper/project/Model_D/Model_D_regres/mlextras.py:43: The name tf.Session is deprecated. Please use tf.compat.v1.Session instead.

2020-03-01 19:50:48.881312: I tensorflow/core/platform/cpu_feature_guard.cc:145] This TensorFlow binary is optimized with Intel(R) MKL-DNN to use the following CPU instructions in performance critical operations:  SSE4.1 SSE4.2 AVX AVX2 FMA
To enable them in non-MKL-DNN operations, rebuild TensorFlow with the appropriate compiler flags.
2020-03-01 19:50:48.902450: I tensorflow/core/platform/profile_utils/cpu_utils.cc:94] CPU Frequency: 2299790000 Hz
2020-03-01 19:50:48.904369: I tensorflow/compiler/xla/service/service.cc:168] XLA service 0x555558dec1e0 initialized for platform Host (this does not guarantee that XLA will be used). Devices:
2020-03-01 19:50:48.904382: I tensorflow/compiler/xla/service/service.cc:176]   StreamExecutor device (0): Host, Default Version
WARNING:tensorflow:From /usr/common/software/tensorflow/intel-tensorflow/1.15.0-py37/lib/python3.7/site-packages/tensorflow_core/python/ops/resource_variable_ops.py:1630: calling BaseResourceVariable.__init__ (from tensorflow.python.ops.resource_variable_ops) with constraint is deprecated and will be removed in a future version.
Instructions for updating:
If using Keras pass *_constraint arguments to layers.
WARNING:tensorflow:`epsilon` argument is deprecated and will be removed, use `min_delta` instead.
WARNING:tensorflow:`period` argument is deprecated. Please use `save_freq` to specify the frequency in number of samples seen.
WARNING:tensorflow:From test_ipyparallel.py:101: The name tf.keras.backend.set_session is deprecated. Please use tf.compat.v1.keras.backend.set_session instead.

WARNING:tensorflow:From /global/u2/m/muszyng/project-cnn-tda/cnn-project/my_project/new_project_mid_lat/code_for_paper/project/Model_D/Model_D_regres/mlextras.py:39: The name tf.ConfigProto is deprecated. Please use tf.compat.v1.ConfigProto instead.

WARNING:tensorflow:From /global/u2/m/muszyng/project-cnn-tda/cnn-project/my_project/new_project_mid_lat/code_for_paper/project/Model_D/Model_D_regres/mlextras.py:43: The name tf.Session is deprecated. Please use tf.compat.v1.Session instead.

2020-03-01 19:50:52.068907: I tensorflow/core/platform/cpu_feature_guard.cc:145] This TensorFlow binary is optimized with Intel(R) MKL-DNN to use the following CPU instructions in performance critical operations:  SSE4.1 SSE4.2 AVX AVX2 FMA
To enable them in non-MKL-DNN operations, rebuild TensorFlow with the appropriate compiler flags.
WARNING:tensorflow:From test_ipyparallel.py:101: The name tf.keras.backend.set_session is deprecated. Please use tf.compat.v1.keras.backend.set_session instead.

WARNING:tensorflow:From /global/u2/m/muszyng/project-cnn-tda/cnn-project/my_project/new_project_mid_lat/code_for_paper/project/Model_D/Model_D_regres/mlextras.py:39: The name tf.ConfigProto is deprecated. Please use tf.compat.v1.ConfigProto instead.

WARNING:tensorflow:From /global/u2/m/muszyng/project-cnn-tda/cnn-project/my_project/new_project_mid_lat/code_for_paper/project/Model_D/Model_D_regres/mlextras.py:43: The name tf.Session is deprecated. Please use tf.compat.v1.Session instead.

2020-03-01 19:50:52.070495: I tensorflow/core/platform/cpu_feature_guard.cc:145] This TensorFlow binary is optimized with Intel(R) MKL-DNN to use the following CPU instructions in performance critical operations:  SSE4.1 SSE4.2 AVX AVX2 FMA
To enable them in non-MKL-DNN operations, rebuild TensorFlow with the appropriate compiler flags.
2020-03-01 19:50:52.090337: I tensorflow/core/platform/profile_utils/cpu_utils.cc:94] CPU Frequency: 2300005000 Hz
2020-03-01 19:50:52.091696: I tensorflow/core/platform/profile_utils/cpu_utils.cc:94] CPU Frequency: 2299815000 Hz
2020-03-01 19:50:52.092171: I tensorflow/compiler/xla/service/service.cc:168] XLA service 0x555558df50a0 initialized for platform Host (this does not guarantee that XLA will be used). Devices:
2020-03-01 19:50:52.092197: I tensorflow/compiler/xla/service/service.cc:176]   StreamExecutor device (0): Host, Default Version
2020-03-01 19:50:52.093510: I tensorflow/compiler/xla/service/service.cc:168] XLA service 0x555558d1e010 initialized for platform Host (this does not guarantee that XLA will be used). Devices:
2020-03-01 19:50:52.093524: I tensorflow/compiler/xla/service/service.cc:176]   StreamExecutor device (0): Host, Default Version
WARNING:tensorflow:From /usr/common/software/tensorflow/intel-tensorflow/1.15.0-py37/lib/python3.7/site-packages/tensorflow_core/python/ops/resource_variable_ops.py:1630: calling BaseResourceVariable.__init__ (from tensorflow.python.ops.resource_variable_ops) with constraint is deprecated and will be removed in a future version.
Instructions for updating:
If using Keras pass *_constraint arguments to layers.
WARNING:tensorflow:From /usr/common/software/tensorflow/intel-tensorflow/1.15.0-py37/lib/python3.7/site-packages/tensorflow_core/python/ops/resource_variable_ops.py:1630: calling BaseResourceVariable.__init__ (from tensorflow.python.ops.resource_variable_ops) with constraint is deprecated and will be removed in a future version.
Instructions for updating:
If using Keras pass *_constraint arguments to layers.
WARNING:tensorflow:From test_ipyparallel.py:101: The name tf.keras.backend.set_session is deprecated. Please use tf.compat.v1.keras.backend.set_session instead.

WARNING:tensorflow:From /global/u2/m/muszyng/project-cnn-tda/cnn-project/my_project/new_project_mid_lat/code_for_paper/project/Model_D/Model_D_regres/mlextras.py:39: The name tf.ConfigProto is deprecated. Please use tf.compat.v1.ConfigProto instead.

WARNING:tensorflow:From /global/u2/m/muszyng/project-cnn-tda/cnn-project/my_project/new_project_mid_lat/code_for_paper/project/Model_D/Model_D_regres/mlextras.py:43: The name tf.Session is deprecated. Please use tf.compat.v1.Session instead.

2020-03-01 19:50:52.324808: I tensorflow/core/platform/cpu_feature_guard.cc:145] This TensorFlow binary is optimized with Intel(R) MKL-DNN to use the following CPU instructions in performance critical operations:  SSE4.1 SSE4.2 AVX AVX2 FMA
To enable them in non-MKL-DNN operations, rebuild TensorFlow with the appropriate compiler flags.
2020-03-01 19:50:52.348230: I tensorflow/core/platform/profile_utils/cpu_utils.cc:94] CPU Frequency: 2300130000 Hz
2020-03-01 19:50:52.350133: I tensorflow/compiler/xla/service/service.cc:168] XLA service 0x555558dec1e0 initialized for platform Host (this does not guarantee that XLA will be used). Devices:
2020-03-01 19:50:52.350159: I tensorflow/compiler/xla/service/service.cc:176]   StreamExecutor device (0): Host, Default Version
WARNING:tensorflow:From /usr/common/software/tensorflow/intel-tensorflow/1.15.0-py37/lib/python3.7/site-packages/tensorflow_core/python/ops/resource_variable_ops.py:1630: calling BaseResourceVariable.__init__ (from tensorflow.python.ops.resource_variable_ops) with constraint is deprecated and will be removed in a future version.
Instructions for updating:
If using Keras pass *_constraint arguments to layers.
WARNING:tensorflow:`epsilon` argument is deprecated and will be removed, use `min_delta` instead.
WARNING:tensorflow:`period` argument is deprecated. Please use `save_freq` to specify the frequency in number of samples seen.
WARNING:tensorflow:`epsilon` argument is deprecated and will be removed, use `min_delta` instead.
WARNING:tensorflow:`period` argument is deprecated. Please use `save_freq` to specify the frequency in number of samples seen.
WARNING:tensorflow:`epsilon` argument is deprecated and will be removed, use `min_delta` instead.
WARNING:tensorflow:`period` argument is deprecated. Please use `save_freq` to specify the frequency in number of samples seen.
2020-03-01 19:52:02.417 [IPEngineApp] Exception in apply request:
[0;31m---------------------------------------------------------------------------[0m
[0;31mInvalidArgumentError[0m                      Traceback (most recent call last)
[0;32m<string>[0m in [0;36m<module>[0;34m[0m

[0;32m/global/u2/m/muszyng/project-cnn-tda/cnn-project/my_project/new_project_mid_lat/code_for_paper/project/Model_D/Model_D_regres/test_ipyparallel.py[0m in [0;36mbuild_and_train[0;34m(input_dir, input_size, conv_sizes, fc_sizes, dropout, optimizer, lr, batch_size, n_epochs, repeats_conv, recep_field, checkpoint_dir, checkpoint_file, l_fnames_train, l_fnames_val, ihp, verbose)[0m
[1;32m    126[0m                               [0mcheckpoint_dir[0m[0;34m=[0m[0mcheckpoint_dir[0m[0;34m,[0m [0mcheckpoint_file[0m[0;34m=[0m[0mcheckpoint_file[0m[0;34m,[0m[0;34m[0m[0;34m[0m[0m
[1;32m    127[0m                               [0mdata_dir_path[0m[0;34m=[0m[0minput_dir[0m[0;34m[[0m[0;34m:[0m[0;34m-[0m[0;36m1[0m[0;34m][0m[0;34m,[0m[0;34m[0m[0;34m[0m[0m
[0;32m--> 128[0;31m                               l_fnames_train=l_fnames_train, l_fnames_val=l_fnames_val, ihp=ihp, verbose=verbose)
[0m[1;32m    129[0m [0;34m[0m[0m
[1;32m    130[0m         [0;31m#oldStdout = sys.stdout[0m[0;34m[0m[0;34m[0m[0;34m[0m[0m

[0;32m/global/u2/m/muszyng/project-cnn-tda/cnn-project/my_project/new_project_mid_lat/code_for_paper/project/Model_D/Model_D_regres/model_code.py[0m in [0;36mtrain_model[0;34m(model, batch_size, n_epochs, checkpoint_dir, checkpoint_file, data_dir_path, l_fnames_train, l_fnames_val, ihp, verbose, callbacks)[0m
[1;32m    610[0m                 [0mcallbacks[0m[0;34m=[0m[0mrpv_callbacks[0m[0;34m,[0m [0mshuffle[0m[0;34m=[0m[0;32mTrue[0m[0;34m,[0m[0;34m[0m[0;34m[0m[0m
[1;32m    611[0m                 [0mepochs[0m[0;34m=[0m[0mn_epochs[0m[0;34m,[0m[0;34m[0m[0;34m[0m[0m
[0;32m--> 612[0;31m                 verbose=1)
[0m[1;32m    613[0m [0;34m[0m[0m
[1;32m    614[0m     [0;32mreturn[0m [0mm[0m[0;34m[0m[0;34m[0m[0m

[0;32m/usr/common/software/tensorflow/intel-tensorflow/1.15.0-py37/lib/python3.7/site-packages/tensorflow_core/python/keras/engine/training.py[0m in [0;36mfit_generator[0;34m(self, generator, steps_per_epoch, epochs, verbose, callbacks, validation_data, validation_steps, validation_freq, class_weight, max_queue_size, workers, use_multiprocessing, shuffle, initial_epoch)[0m
[1;32m   1294[0m         [0mshuffle[0m[0;34m=[0m[0mshuffle[0m[0;34m,[0m[0;34m[0m[0;34m[0m[0m
[1;32m   1295[0m         [0minitial_epoch[0m[0;34m=[0m[0minitial_epoch[0m[0;34m,[0m[0;34m[0m[0;34m[0m[0m
[0;32m-> 1296[0;31m         steps_name='steps_per_epoch')
[0m[1;32m   1297[0m [0;34m[0m[0m
[1;32m   1298[0m   def evaluate_generator(self,

[0;32m/usr/common/software/tensorflow/intel-tensorflow/1.15.0-py37/lib/python3.7/site-packages/tensorflow_core/python/keras/engine/training_generator.py[0m in [0;36mmodel_iteration[0;34m(model, data, steps_per_epoch, epochs, verbose, callbacks, validation_data, validation_steps, validation_freq, class_weight, max_queue_size, workers, use_multiprocessing, shuffle, initial_epoch, mode, batch_size, steps_name, **kwargs)[0m
[1;32m    263[0m [0;34m[0m[0m
[1;32m    264[0m       [0mis_deferred[0m [0;34m=[0m [0;32mnot[0m [0mmodel[0m[0;34m.[0m[0m_is_compiled[0m[0;34m[0m[0;34m[0m[0m
[0;32m--> 265[0;31m       [0mbatch_outs[0m [0;34m=[0m [0mbatch_function[0m[0;34m([0m[0;34m*[0m[0mbatch_data[0m[0;34m)[0m[0;34m[0m[0;34m[0m[0m
2020-03-01 19:52:02.420 [IPControllerApp] task::task 'e5e2e4d2-9e4cb8366e9ff52acd6dc0e1' finished on 0
[0m[1;32m    266[0m       [0;32mif[0m [0;32mnot[0m [0misinstance[0m[0;34m([0m[0mbatch_outs[0m[0;34m,[0m [0mlist[0m[0;34m)[0m[0;34m:[0m[0;34m[0m[0;34m[0m[0m
[1;32m    267[0m         [0mbatch_outs[0m [0;34m=[0m [0;34m[[0m[0mbatch_outs[0m[0;34m][0m[0;34m[0m[0;34m[0m[0m

[0;32m/usr/common/software/tensorflow/intel-tensorflow/1.15.0-py37/lib/python3.7/site-packages/tensorflow_core/python/keras/engine/training.py[0m in [0;36mtrain_on_batch[0;34m(self, x, y, sample_weight, class_weight, reset_metrics)[0m
[1;32m   1015[0m       [0mself[0m[0;34m.[0m[0m_update_sample_weight_modes[0m[0;34m([0m[0msample_weights[0m[0;34m=[0m[0msample_weights[0m[0;34m)[0m[0;34m[0m[0;34m[0m[0m
[1;32m   1016[0m       [0mself[0m[0;34m.[0m[0m_make_train_function[0m[0;34m([0m[0;34m)[0m[0;34m[0m[0;34m[0m[0m
[0;32m-> 1017[0;31m       [0moutputs[0m [0;34m=[0m [0mself[0m[0;34m.[0m[0mtrain_function[0m[0;34m([0m[0mins[0m[0;34m)[0m  [0;31m# pylint: disable=not-callable[0m[0;34m[0m[0;34m[0m[0m
[0m[1;32m   1018[0m [0;34m[0m[0m
[1;32m   1019[0m     [0;32mif[0m [0mreset_metrics[0m[0;34m:[0m[0;34m[0m[0;34m[0m[0m

[0;32m/usr/common/software/tensorflow/intel-tensorflow/1.15.0-py37/lib/python3.7/site-packages/tensorflow_core/python/keras/backend.py[0m in [0;36m__call__[0;34m(self, inputs)[0m
[1;32m   3474[0m [0;34m[0m[0m
[1;32m   3475[0m     fetched = self._callable_fn(*array_vals,
[0;32m-> 3476[0;31m                                 run_metadata=self.run_metadata)
[0m[1;32m   3477[0m     [0mself[0m[0;34m.[0m[0m_call_fetch_callbacks[0m[0;34m([0m[0mfetched[0m[0;34m[[0m[0;34m-[0m[0mlen[0m[0;34m([0m[0mself[0m[0;34m.[0m[0m_fetches[0m[0;34m)[0m[0;34m:[0m[0;34m][0m[0;34m)[0m[0;34m[0m[0;34m[0m[0m
[1;32m   3478[0m     output_structure = nest.pack_sequence_as(

[0;32m/usr/common/software/tensorflow/intel-tensorflow/1.15.0-py37/lib/python3.7/site-packages/tensorflow_core/python/client/session.py[0m in [0;36m__call__[0;34m(self, *args, **kwargs)[0m
[1;32m   1470[0m         ret = tf_session.TF_SessionRunCallable(self._session._session,
[1;32m   1471[0m                                                [0mself[0m[0;34m.[0m[0m_handle[0m[0;34m,[0m [0margs[0m[0;34m,[0m[0;34m[0m[0;34m[0m[0m
[0;32m-> 1472[0;31m                                                run_metadata_ptr)
[0m[1;32m   1473[0m         [0;32mif[0m [0mrun_metadata[0m[0;34m:[0m[0;34m[0m[0;34m[0m[0m
[1;32m   1474[0m           [0mproto_data[0m [0;34m=[0m [0mtf_session[0m[0;34m.[0m[0mTF_GetBuffer[0m[0;34m([0m[0mrun_metadata_ptr[0m[0;34m)[0m[0;34m[0m[0;34m[0m[0m

[0;31mInvalidArgumentError[0m: input and filter must have the same depth: 40 vs 64
	 [[{{node conv2d_1/Relu}}]]
2020-03-01 20:10:53.977 [IPControllerApp] heartbeat::missed b'5bc3da98-f4d23c53de5a4065cac01e4c' : 1
2020-03-01 20:10:55.721 [IPEngineApp] WARNING | No heartbeat in the last 3010 ms (1 time(s) in a row).
2020-03-01 20:11:48.049 [IPControllerApp] heartbeat::missed b'f79fe4c5-35c8d19a73b0f26c2dce1c64' : 1
2020-03-01 20:10:58.732 [IPEngineApp] WARNING | No heartbeat in the last 3010 ms (2 time(s) in a row).
2020-03-01 20:11:48.051 [IPControllerApp] heartbeat::missed b'4c183264-c198e8d117adde21d11f8e94' : 1
2020-03-01 20:11:01.741 [IPEngineApp] WARNING | No heartbeat in the last 3010 ms (3 time(s) in a row).
2020-03-01 20:11:48.052 [IPControllerApp] heartbeat::missed b'57704bfb-a77ad85bec45eeb6910ef2a0' : 1
2020-03-01 20:11:04.751 [IPEngineApp] WARNING | No heartbeat in the last 3010 ms (4 time(s) in a row).
2020-03-01 20:11:07.762 [IPEngineApp] WARNING | No heartbeat in the last 3010 ms (5 time(s) in a row).
2020-03-01 20:11:10.771 [IPEngineApp] WARNING | No heartbeat in the last 3010 ms (6 time(s) in a row).
2020-03-01 20:11:13.781 [IPEngineApp] WARNING | No heartbeat in the last 3010 ms (7 time(s) in a row).
2020-03-01 20:11:16.792 [IPEngineApp] WARNING | No heartbeat in the last 3010 ms (8 time(s) in a row).
2020-03-01 20:11:19.801 [IPEngineApp] WARNING | No heartbeat in the last 3010 ms (9 time(s) in a row).
2020-03-01 20:11:22.811 [IPEngineApp] WARNING | No heartbeat in the last 3010 ms (10 time(s) in a row).
2020-03-01 20:11:48.053 [IPControllerApp] WARNING | heartbeat::heart b'f79fe4c5-35c8d19a73b0f26c2dce1c64' missed a beat, and took 57076.82 ms to respond
2020-03-01 20:11:25.822 [IPEngineApp] WARNING | No heartbeat in the last 3010 ms (11 time(s) in a row).
2020-03-01 20:11:28.831 [IPEngineApp] WARNING | No heartbeat in the last 3010 ms (12 time(s) in a row).
2020-03-01 20:11:31.841 [IPEngineApp] WARNING | No heartbeat in the last 3010 ms (13 time(s) in a row).
2020-03-01 20:11:34.852 [IPEngineApp] WARNING | No heartbeat in the last 3010 ms (14 time(s) in a row).
2020-03-01 20:11:37.861 [IPEngineApp] WARNING | No heartbeat in the last 3010 ms (15 time(s) in a row).
2020-03-01 20:11:40.871 [IPEngineApp] WARNING | No heartbeat in the last 3010 ms (16 time(s) in a row).
2020-03-01 20:11:48.054 [IPControllerApp] WARNING | heartbeat::heart b'5bc3da98-f4d23c53de5a4065cac01e4c' missed a beat, and took 57078.33 ms to respond
2020-03-01 20:11:43.882 [IPEngineApp] WARNING | No heartbeat in the last 3010 ms (17 time(s) in a row).
2020-03-01 20:11:46.891 [IPEngineApp] WARNING | No heartbeat in the last 3010 ms (18 time(s) in a row).
2020-03-01 20:11:48.055 [IPControllerApp] WARNING | heartbeat::heart b'57704bfb-a77ad85bec45eeb6910ef2a0' missed a beat, and took 57079.65 ms to respond
2020-03-01 20:11:48.056 [IPControllerApp] WARNING | heartbeat::heart b'4c183264-c198e8d117adde21d11f8e94' missed a beat, and took 57080.73 ms to respond
2020-03-01 23:33:47.902 [IPControllerApp] task::task '1e5e848d-a1fa89fe256d4240e93a4c3a' finished on 2
2020-03-01 23:35:29.866 [IPControllerApp] task::task '53fc84a5-6bdfadc5bd3714b95acca924' finished on 1
2020-03-01 23:48:11.977 [IPControllerApp] heartbeat::missed b'5bc3da98-f4d23c53de5a4065cac01e4c' : 1
2020-03-01 23:48:12.031 [IPEngineApp] WARNING | No heartbeat in the last 3010 ms (1 time(s) in a row).
2020-03-01 23:49:05.421 [IPControllerApp] heartbeat::missed b'f79fe4c5-35c8d19a73b0f26c2dce1c64' : 1
2020-03-01 23:48:09.407 [IPEngineApp] WARNING | No heartbeat in the last 3010 ms (1 time(s) in a row).
2020-03-01 23:49:05.422 [IPControllerApp] heartbeat::missed b'4c183264-c198e8d117adde21d11f8e94' : 1
IOStream.flush timed out
2020-03-01 23:48:10.205 [IPEngineApp] WARNING | No heartbeat in the last 3010 ms (1 time(s) in a row).
2020-03-01 23:49:05.422 [IPControllerApp] heartbeat::missed b'57704bfb-a77ad85bec45eeb6910ef2a0' : 1
2020-03-01 23:48:15.041 [IPEngineApp] WARNING | No heartbeat in the last 3010 ms (2 time(s) in a row).
2020-03-01 23:48:12.417 [IPEngineApp] WARNING | No heartbeat in the last 3010 ms (2 time(s) in a row).
2020-03-01 23:48:13.215 [IPEngineApp] WARNING | No heartbeat in the last 3010 ms (2 time(s) in a row).
2020-03-01 23:48:18.051 [IPEngineApp] WARNING | No heartbeat in the last 3010 ms (3 time(s) in a row).
2020-03-01 23:48:15.427 [IPEngineApp] WARNING | No heartbeat in the last 3010 ms (3 time(s) in a row).
2020-03-01 23:48:16.225 [IPEngineApp] WARNING | No heartbeat in the last 3010 ms (3 time(s) in a row).
2020-03-01 23:48:21.061 [IPEngineApp] WARNING | No heartbeat in the last 3010 ms (4 time(s) in a row).
2020-03-01 23:48:18.438 [IPEngineApp] WARNING | No heartbeat in the last 3010 ms (4 time(s) in a row).
2020-03-01 23:48:19.235 [IPEngineApp] WARNING | No heartbeat in the last 3010 ms (4 time(s) in a row).
2020-03-01 23:48:24.071 [IPEngineApp] WARNING | No heartbeat in the last 3010 ms (5 time(s) in a row).
2020-03-01 23:48:21.447 [IPEngineApp] WARNING | No heartbeat in the last 3010 ms (5 time(s) in a row).
2020-03-01 23:48:22.245 [IPEngineApp] WARNING | No heartbeat in the last 3010 ms (5 time(s) in a row).
2020-03-01 23:48:27.081 [IPEngineApp] WARNING | No heartbeat in the last 3010 ms (6 time(s) in a row).
2020-03-01 23:48:24.457 [IPEngineApp] WARNING | No heartbeat in the last 3010 ms (6 time(s) in a row).
2020-03-01 23:48:25.255 [IPEngineApp] WARNING | No heartbeat in the last 3010 ms (6 time(s) in a row).
2020-03-01 23:48:30.091 [IPEngineApp] WARNING | No heartbeat in the last 3010 ms (7 time(s) in a row).
2020-03-01 23:48:27.468 [IPEngineApp] WARNING | No heartbeat in the last 3010 ms (7 time(s) in a row).
2020-03-01 23:48:28.265 [IPEngineApp] WARNING | No heartbeat in the last 3010 ms (7 time(s) in a row).
2020-03-01 23:48:33.101 [IPEngineApp] WARNING | No heartbeat in the last 3010 ms (8 time(s) in a row).
2020-03-01 23:48:30.477 [IPEngineApp] WARNING | No heartbeat in the last 3010 ms (8 time(s) in a row).
2020-03-01 23:48:31.275 [IPEngineApp] WARNING | No heartbeat in the last 3010 ms (8 time(s) in a row).
2020-03-01 23:48:36.111 [IPEngineApp] WARNING | No heartbeat in the last 3010 ms (9 time(s) in a row).
2020-03-01 23:48:33.487 [IPEngineApp] WARNING | No heartbeat in the last 3010 ms (9 time(s) in a row).
2020-03-01 23:48:34.285 [IPEngineApp] WARNING | No heartbeat in the last 3010 ms (9 time(s) in a row).
2020-03-01 23:48:39.121 [IPEngineApp] WARNING | No heartbeat in the last 3010 ms (10 time(s) in a row).
2020-03-01 23:48:36.497 [IPEngineApp] WARNING | No heartbeat in the last 3010 ms (10 time(s) in a row).
2020-03-01 23:48:37.295 [IPEngineApp] WARNING | No heartbeat in the last 3010 ms (10 time(s) in a row).
2020-03-01 23:48:42.131 [IPEngineApp] WARNING | No heartbeat in the last 3010 ms (11 time(s) in a row).
2020-03-01 23:48:39.507 [IPEngineApp] WARNING | No heartbeat in the last 3010 ms (11 time(s) in a row).
2020-03-01 23:48:40.305 [IPEngineApp] WARNING | No heartbeat in the last 3010 ms (11 time(s) in a row).
2020-03-01 23:48:45.142 [IPEngineApp] WARNING | No heartbeat in the last 3010 ms (12 time(s) in a row).
2020-03-01 23:48:42.517 [IPEngineApp] WARNING | No heartbeat in the last 3010 ms (12 time(s) in a row).
2020-03-01 23:48:43.315 [IPEngineApp] WARNING | No heartbeat in the last 3010 ms (12 time(s) in a row).
2020-03-01 23:48:48.151 [IPEngineApp] WARNING | No heartbeat in the last 3010 ms (13 time(s) in a row).
2020-03-01 23:48:45.527 [IPEngineApp] WARNING | No heartbeat in the last 3010 ms (13 time(s) in a row).
2020-03-01 23:48:46.325 [IPEngineApp] WARNING | No heartbeat in the last 3010 ms (13 time(s) in a row).
2020-03-01 23:48:51.162 [IPEngineApp] WARNING | No heartbeat in the last 3010 ms (14 time(s) in a row).
2020-03-01 23:48:48.537 [IPEngineApp] WARNING | No heartbeat in the last 3010 ms (14 time(s) in a row).
2020-03-01 23:48:49.335 [IPEngineApp] WARNING | No heartbeat in the last 3010 ms (14 time(s) in a row).
2020-03-01 23:48:54.171 [IPEngineApp] WARNING | No heartbeat in the last 3010 ms (15 time(s) in a row).
2020-03-01 23:48:51.547 [IPEngineApp] WARNING | No heartbeat in the last 3010 ms (15 time(s) in a row).
2020-03-01 23:48:52.345 [IPEngineApp] WARNING | No heartbeat in the last 3010 ms (15 time(s) in a row).
2020-03-01 23:48:57.181 [IPEngineApp] WARNING | No heartbeat in the last 3010 ms (16 time(s) in a row).
2020-03-01 23:48:54.558 [IPEngineApp] WARNING | No heartbeat in the last 3010 ms (16 time(s) in a row).
2020-03-01 23:48:55.355 [IPEngineApp] WARNING | No heartbeat in the last 3010 ms (16 time(s) in a row).
2020-03-01 23:49:00.191 [IPEngineApp] WARNING | No heartbeat in the last 3010 ms (17 time(s) in a row).
2020-03-01 23:48:57.567 [IPEngineApp] WARNING | No heartbeat in the last 3010 ms (17 time(s) in a row).
2020-03-01 23:48:58.365 [IPEngineApp] WARNING | No heartbeat in the last 3010 ms (17 time(s) in a row).
2020-03-01 23:49:03.202 [IPEngineApp] WARNING | No heartbeat in the last 3010 ms (18 time(s) in a row).
2020-03-01 23:49:00.577 [IPEngineApp] WARNING | No heartbeat in the last 3010 ms (18 time(s) in a row).
2020-03-01 23:49:01.375 [IPEngineApp] WARNING | No heartbeat in the last 3010 ms (18 time(s) in a row).
2020-03-01 23:49:05.428 [IPControllerApp] WARNING | heartbeat::heart b'f79fe4c5-35c8d19a73b0f26c2dce1c64' missed a beat, and took 56450.95 ms to respond
2020-03-01 23:49:05.435 [IPControllerApp] WARNING | heartbeat::heart b'4c183264-c198e8d117adde21d11f8e94' missed a beat, and took 56458.03 ms to respond
2020-03-01 23:49:05.438 [IPControllerApp] WARNING | heartbeat::heart b'5bc3da98-f4d23c53de5a4065cac01e4c' missed a beat, and took 56461.26 ms to respond
2020-03-01 23:49:05.445 [IPControllerApp] WARNING | heartbeat::heart b'57704bfb-a77ad85bec45eeb6910ef2a0' missed a beat, and took 56467.92 ms to respond
2020-03-02 00:22:21.685 [IPControllerApp] task::task '82b47b68-d570cf585ba56e39caf4360e' finished on 4
2020-03-02 00:22:23.091 [IPEngineApp] WARNING | No heartbeat in the last 3010 ms (1 time(s) in a row).
2020-03-02 00:35:29.977 [IPControllerApp] heartbeat::missed b'5bc3da98-f4d23c53de5a4065cac01e4c' : 1
2020-03-02 00:35:30.461 [IPEngineApp] WARNING | No heartbeat in the last 3010 ms (1 time(s) in a row).
2020-03-02 00:36:23.491 [IPControllerApp] heartbeat::missed b'f79fe4c5-35c8d19a73b0f26c2dce1c64' : 1
2020-03-02 00:35:27.837 [IPEngineApp] WARNING | No heartbeat in the last 3010 ms (1 time(s) in a row).
2020-03-02 00:36:23.492 [IPControllerApp] heartbeat::missed b'4c183264-c198e8d117adde21d11f8e94' : 1
2020-03-02 00:35:28.635 [IPEngineApp] WARNING | No heartbeat in the last 3010 ms (1 time(s) in a row).
2020-03-02 00:36:23.493 [IPControllerApp] heartbeat::missed b'57704bfb-a77ad85bec45eeb6910ef2a0' : 1
2020-03-02 00:35:28.702 [IPEngineApp] WARNING | No heartbeat in the last 3010 ms (1 time(s) in a row).
2020-03-02 00:35:33.471 [IPEngineApp] WARNING | No heartbeat in the last 3010 ms (2 time(s) in a row).
2020-03-02 00:35:30.847 [IPEngineApp] WARNING | No heartbeat in the last 3010 ms (2 time(s) in a row).
2020-03-02 00:35:31.645 [IPEngineApp] WARNING | No heartbeat in the last 3010 ms (2 time(s) in a row).
2020-03-02 00:35:31.712 [IPEngineApp] WARNING | No heartbeat in the last 3010 ms (2 time(s) in a row).
2020-03-02 00:35:36.481 [IPEngineApp] WARNING | No heartbeat in the last 3010 ms (3 time(s) in a row).
2020-03-02 00:36:23.493 [IPControllerApp] WARNING | heartbeat::heart b'f79fe4c5-35c8d19a73b0f26c2dce1c64' missed a beat, and took 56515.44 ms to respond
2020-03-02 00:35:33.857 [IPEngineApp] WARNING | No heartbeat in the last 3010 ms (3 time(s) in a row).
2020-03-02 00:35:34.655 [IPEngineApp] WARNING | No heartbeat in the last 3010 ms (3 time(s) in a row).
2020-03-02 00:35:34.722 [IPEngineApp] WARNING | No heartbeat in the last 3010 ms (3 time(s) in a row).
2020-03-02 00:36:23.494 [IPControllerApp] WARNING | heartbeat::heart b'57704bfb-a77ad85bec45eeb6910ef2a0' missed a beat, and took 56515.88 ms to respond
2020-03-02 00:35:39.492 [IPEngineApp] WARNING | No heartbeat in the last 3010 ms (4 time(s) in a row).
2020-03-02 00:35:36.867 [IPEngineApp] WARNING | No heartbeat in the last 3010 ms (4 time(s) in a row).
2020-03-02 00:36:23.494 [IPControllerApp] WARNING | heartbeat::heart b'5bc3da98-f4d23c53de5a4065cac01e4c' missed a beat, and took 56516.24 ms to respond
2020-03-02 00:35:37.665 [IPEngineApp] WARNING | No heartbeat in the last 3010 ms (4 time(s) in a row).
2020-03-02 00:35:37.732 [IPEngineApp] WARNING | No heartbeat in the last 3010 ms (4 time(s) in a row).
2020-03-02 00:36:23.494 [IPControllerApp] WARNING | heartbeat::heart b'4c183264-c198e8d117adde21d11f8e94' missed a beat, and took 56516.49 ms to respond
2020-03-02 00:35:42.501 [IPEngineApp] WARNING | No heartbeat in the last 3010 ms (5 time(s) in a row).
2020-03-02 00:35:39.877 [IPEngineApp] WARNING | No heartbeat in the last 3010 ms (5 time(s) in a row).
2020-03-02 00:35:40.675 [IPEngineApp] WARNING | No heartbeat in the last 3010 ms (5 time(s) in a row).
2020-03-02 00:35:40.742 [IPEngineApp] WARNING | No heartbeat in the last 3010 ms (5 time(s) in a row).
2020-03-02 00:35:45.511 [IPEngineApp] WARNING | No heartbeat in the last 3010 ms (6 time(s) in a row).
2020-03-02 00:35:42.887 [IPEngineApp] WARNING | No heartbeat in the last 3010 ms (6 time(s) in a row).
2020-03-02 00:35:43.685 [IPEngineApp] WARNING | No heartbeat in the last 3010 ms (6 time(s) in a row).
2020-03-02 00:35:43.752 [IPEngineApp] WARNING | No heartbeat in the last 3010 ms (6 time(s) in a row).
2020-03-02 00:35:48.521 [IPEngineApp] WARNING | No heartbeat in the last 3010 ms (7 time(s) in a row).
2020-03-02 00:35:45.897 [IPEngineApp] WARNING | No heartbeat in the last 3010 ms (7 time(s) in a row).
2020-03-02 00:35:46.695 [IPEngineApp] WARNING | No heartbeat in the last 3010 ms (7 time(s) in a row).
2020-03-02 00:35:46.763 [IPEngineApp] WARNING | No heartbeat in the last 3010 ms (7 time(s) in a row).
2020-03-02 00:35:51.531 [IPEngineApp] WARNING | No heartbeat in the last 3010 ms (8 time(s) in a row).
2020-03-02 00:35:48.907 [IPEngineApp] WARNING | No heartbeat in the last 3010 ms (8 time(s) in a row).
2020-03-02 00:35:49.705 [IPEngineApp] WARNING | No heartbeat in the last 3010 ms (8 time(s) in a row).
2020-03-02 00:35:49.772 [IPEngineApp] WARNING | No heartbeat in the last 3010 ms (8 time(s) in a row).
2020-03-02 00:35:54.541 [IPEngineApp] WARNING | No heartbeat in the last 3010 ms (9 time(s) in a row).
2020-03-02 00:35:51.917 [IPEngineApp] WARNING | No heartbeat in the last 3010 ms (9 time(s) in a row).
2020-03-02 00:35:52.715 [IPEngineApp] WARNING | No heartbeat in the last 3010 ms (9 time(s) in a row).
2020-03-02 00:35:52.782 [IPEngineApp] WARNING | No heartbeat in the last 3010 ms (9 time(s) in a row).
2020-03-02 00:35:57.552 [IPEngineApp] WARNING | No heartbeat in the last 3010 ms (10 time(s) in a row).
2020-03-02 00:35:54.927 [IPEngineApp] WARNING | No heartbeat in the last 3010 ms (10 time(s) in a row).
2020-03-02 00:35:55.725 [IPEngineApp] WARNING | No heartbeat in the last 3010 ms (10 time(s) in a row).
2020-03-02 00:35:55.792 [IPEngineApp] WARNING | No heartbeat in the last 3010 ms (10 time(s) in a row).
2020-03-02 00:36:00.561 [IPEngineApp] WARNING | No heartbeat in the last 3010 ms (11 time(s) in a row).
2020-03-02 00:35:57.937 [IPEngineApp] WARNING | No heartbeat in the last 3010 ms (11 time(s) in a row).
2020-03-02 00:35:58.735 [IPEngineApp] WARNING | No heartbeat in the last 3010 ms (11 time(s) in a row).
2020-03-02 00:35:58.802 [IPEngineApp] WARNING | No heartbeat in the last 3010 ms (11 time(s) in a row).
2020-03-02 00:36:03.572 [IPEngineApp] WARNING | No heartbeat in the last 3010 ms (12 time(s) in a row).
2020-03-02 00:36:00.947 [IPEngineApp] WARNING | No heartbeat in the last 3010 ms (12 time(s) in a row).
2020-03-02 00:36:01.746 [IPEngineApp] WARNING | No heartbeat in the last 3010 ms (12 time(s) in a row).
2020-03-02 00:36:01.812 [IPEngineApp] WARNING | No heartbeat in the last 3010 ms (12 time(s) in a row).
2020-03-02 00:36:06.581 [IPEngineApp] WARNING | No heartbeat in the last 3010 ms (13 time(s) in a row).
2020-03-02 00:36:03.957 [IPEngineApp] WARNING | No heartbeat in the last 3010 ms (13 time(s) in a row).
2020-03-02 00:36:04.755 [IPEngineApp] WARNING | No heartbeat in the last 3010 ms (13 time(s) in a row).
2020-03-02 00:36:04.822 [IPEngineApp] WARNING | No heartbeat in the last 3010 ms (13 time(s) in a row).
2020-03-02 00:36:09.591 [IPEngineApp] WARNING | No heartbeat in the last 3010 ms (14 time(s) in a row).
2020-03-02 00:36:06.967 [IPEngineApp] WARNING | No heartbeat in the last 3010 ms (14 time(s) in a row).
2020-03-02 00:36:07.765 [IPEngineApp] WARNING | No heartbeat in the last 3010 ms (14 time(s) in a row).
2020-03-02 00:36:07.832 [IPEngineApp] WARNING | No heartbeat in the last 3010 ms (14 time(s) in a row).
2020-03-02 00:36:12.602 [IPEngineApp] WARNING | No heartbeat in the last 3010 ms (15 time(s) in a row).
2020-03-02 00:36:09.978 [IPEngineApp] WARNING | No heartbeat in the last 3010 ms (15 time(s) in a row).
2020-03-02 00:36:10.775 [IPEngineApp] WARNING | No heartbeat in the last 3010 ms (15 time(s) in a row).
2020-03-02 00:36:10.843 [IPEngineApp] WARNING | No heartbeat in the last 3010 ms (15 time(s) in a row).
2020-03-02 00:36:15.611 [IPEngineApp] WARNING | No heartbeat in the last 3010 ms (16 time(s) in a row).
2020-03-02 00:36:12.987 [IPEngineApp] WARNING | No heartbeat in the last 3010 ms (16 time(s) in a row).
2020-03-02 00:36:13.785 [IPEngineApp] WARNING | No heartbeat in the last 3010 ms (16 time(s) in a row).
2020-03-02 00:36:13.852 [IPEngineApp] WARNING | No heartbeat in the last 3010 ms (16 time(s) in a row).
2020-03-02 00:36:18.621 [IPEngineApp] WARNING | No heartbeat in the last 3010 ms (17 time(s) in a row).
2020-03-02 00:36:15.997 [IPEngineApp] WARNING | No heartbeat in the last 3010 ms (17 time(s) in a row).
2020-03-02 00:36:16.795 [IPEngineApp] WARNING | No heartbeat in the last 3010 ms (17 time(s) in a row).
2020-03-02 00:36:16.863 [IPEngineApp] WARNING | No heartbeat in the last 3010 ms (17 time(s) in a row).
2020-03-02 00:36:21.631 [IPEngineApp] WARNING | No heartbeat in the last 3010 ms (18 time(s) in a row).
2020-03-02 00:36:19.007 [IPEngineApp] WARNING | No heartbeat in the last 3010 ms (18 time(s) in a row).
2020-03-02 00:36:19.805 [IPEngineApp] WARNING | No heartbeat in the last 3010 ms (18 time(s) in a row).
2020-03-02 00:36:19.872 [IPEngineApp] WARNING | No heartbeat in the last 3010 ms (18 time(s) in a row).
2020-03-02 00:41:15.673 [IPControllerApp] task::task '0b5adfdf-625b6252237ce2f6dc027f95' finished on 3
2020-03-02 00:41:17.816 [IPEngineApp] WARNING | No heartbeat in the last 3010 ms (1 time(s) in a row).
2020-03-02 02:36:47.978 [IPControllerApp] heartbeat::missed b'5bc3da98-f4d23c53de5a4065cac01e4c' : 1
2020-03-02 02:36:48.642 [IPEngineApp] WARNING | No heartbeat in the last 3010 ms (1 time(s) in a row).
2020-03-02 02:37:42.079 [IPControllerApp] heartbeat::missed b'f79fe4c5-35c8d19a73b0f26c2dce1c64' : 1
2020-03-02 02:36:46.017 [IPEngineApp] WARNING | No heartbeat in the last 3010 ms (1 time(s) in a row).
2020-03-02 02:37:42.089 [IPControllerApp] heartbeat::missed b'4c183264-c198e8d117adde21d11f8e94' : 1
2020-03-02 02:36:46.815 [IPEngineApp] WARNING | No heartbeat in the last 3010 ms (1 time(s) in a row).
2020-03-02 02:37:42.093 [IPControllerApp] heartbeat::missed b'57704bfb-a77ad85bec45eeb6910ef2a0' : 1
2020-03-02 02:36:46.882 [IPEngineApp] WARNING | No heartbeat in the last 3010 ms (1 time(s) in a row).
2020-03-02 02:37:42.094 [IPControllerApp] WARNING | heartbeat::heart b'5bc3da98-f4d23c53de5a4065cac01e4c' missed a beat, and took 57116.88 ms to respond
2020-03-02 02:36:51.651 [IPEngineApp] WARNING | No heartbeat in the last 3010 ms (2 time(s) in a row).
2020-03-02 02:37:42.095 [IPControllerApp] WARNING | heartbeat::heart b'57704bfb-a77ad85bec45eeb6910ef2a0' missed a beat, and took 57118.14 ms to respond
2020-03-02 02:36:46.837 [IPEngineApp] WARNING | No heartbeat in the last 3010 ms (1 time(s) in a row).
2020-03-02 02:37:42.096 [IPControllerApp] WARNING | heartbeat::heart b'f79fe4c5-35c8d19a73b0f26c2dce1c64' missed a beat, and took 57119.01 ms to respond
2020-03-02 02:36:49.027 [IPEngineApp] WARNING | No heartbeat in the last 3010 ms (2 time(s) in a row).
2020-03-02 02:37:42.097 [IPControllerApp] WARNING | heartbeat::heart b'4c183264-c198e8d117adde21d11f8e94' missed a beat, and took 57119.75 ms to respond
2020-03-02 02:36:49.825 [IPEngineApp] WARNING | No heartbeat in the last 3010 ms (2 time(s) in a row).
2020-03-02 02:36:49.892 [IPEngineApp] WARNING | No heartbeat in the last 3010 ms (2 time(s) in a row).
2020-03-02 02:36:54.662 [IPEngineApp] WARNING | No heartbeat in the last 3010 ms (3 time(s) in a row).
2020-03-02 02:36:49.848 [IPEngineApp] WARNING | No heartbeat in the last 3010 ms (2 time(s) in a row).
2020-03-02 02:36:52.037 [IPEngineApp] WARNING | No heartbeat in the last 3010 ms (3 time(s) in a row).
2020-03-02 02:36:52.835 [IPEngineApp] WARNING | No heartbeat in the last 3010 ms (3 time(s) in a row).
2020-03-02 02:36:52.902 [IPEngineApp] WARNING | No heartbeat in the last 3010 ms (3 time(s) in a row).
2020-03-02 02:36:57.671 [IPEngineApp] WARNING | No heartbeat in the last 3010 ms (4 time(s) in a row).
2020-03-02 02:36:52.857 [IPEngineApp] WARNING | No heartbeat in the last 3010 ms (3 time(s) in a row).
2020-03-02 02:36:55.047 [IPEngineApp] WARNING | No heartbeat in the last 3010 ms (4 time(s) in a row).
2020-03-02 02:36:55.844 [IPEngineApp] WARNING | No heartbeat in the last 3010 ms (4 time(s) in a row).
2020-03-02 02:36:55.912 [IPEngineApp] WARNING | No heartbeat in the last 3010 ms (4 time(s) in a row).
2020-03-02 02:37:00.682 [IPEngineApp] WARNING | No heartbeat in the last 3010 ms (5 time(s) in a row).
2020-03-02 02:36:55.868 [IPEngineApp] WARNING | No heartbeat in the last 3010 ms (4 time(s) in a row).
2020-03-02 02:36:58.057 [IPEngineApp] WARNING | No heartbeat in the last 3010 ms (5 time(s) in a row).
2020-03-02 02:36:58.855 [IPEngineApp] WARNING | No heartbeat in the last 3010 ms (5 time(s) in a row).
2020-03-02 02:36:58.922 [IPEngineApp] WARNING | No heartbeat in the last 3010 ms (5 time(s) in a row).
2020-03-02 02:37:03.691 [IPEngineApp] WARNING | No heartbeat in the last 3010 ms (6 time(s) in a row).
2020-03-02 02:36:58.878 [IPEngineApp] WARNING | No heartbeat in the last 3010 ms (5 time(s) in a row).
2020-03-02 02:37:01.067 [IPEngineApp] WARNING | No heartbeat in the last 3010 ms (6 time(s) in a row).
2020-03-02 02:37:01.865 [IPEngineApp] WARNING | No heartbeat in the last 3010 ms (6 time(s) in a row).
2020-03-02 02:37:01.932 [IPEngineApp] WARNING | No heartbeat in the last 3010 ms (6 time(s) in a row).
2020-03-02 02:37:06.701 [IPEngineApp] WARNING | No heartbeat in the last 3010 ms (7 time(s) in a row).
2020-03-02 02:37:01.887 [IPEngineApp] WARNING | No heartbeat in the last 3010 ms (6 time(s) in a row).
2020-03-02 02:37:04.077 [IPEngineApp] WARNING | No heartbeat in the last 3010 ms (7 time(s) in a row).
2020-03-02 02:37:04.874 [IPEngineApp] WARNING | No heartbeat in the last 3010 ms (7 time(s) in a row).
2020-03-02 02:37:04.942 [IPEngineApp] WARNING | No heartbeat in the last 3010 ms (7 time(s) in a row).
2020-03-02 02:37:09.711 [IPEngineApp] WARNING | No heartbeat in the last 3010 ms (8 time(s) in a row).
2020-03-02 02:37:04.898 [IPEngineApp] WARNING | No heartbeat in the last 3010 ms (7 time(s) in a row).
2020-03-02 02:37:07.087 [IPEngineApp] WARNING | No heartbeat in the last 3010 ms (8 time(s) in a row).
2020-03-02 02:37:07.885 [IPEngineApp] WARNING | No heartbeat in the last 3010 ms (8 time(s) in a row).
2020-03-02 02:37:07.952 [IPEngineApp] WARNING | No heartbeat in the last 3010 ms (8 time(s) in a row).
2020-03-02 02:37:12.721 [IPEngineApp] WARNING | No heartbeat in the last 3010 ms (9 time(s) in a row).
2020-03-02 02:37:07.907 [IPEngineApp] WARNING | No heartbeat in the last 3010 ms (8 time(s) in a row).
2020-03-02 02:37:10.097 [IPEngineApp] WARNING | No heartbeat in the last 3010 ms (9 time(s) in a row).
2020-03-02 02:37:10.895 [IPEngineApp] WARNING | No heartbeat in the last 3010 ms (9 time(s) in a row).
2020-03-02 02:37:10.962 [IPEngineApp] WARNING | No heartbeat in the last 3010 ms (9 time(s) in a row).
2020-03-02 02:37:15.731 [IPEngineApp] WARNING | No heartbeat in the last 3010 ms (10 time(s) in a row).
2020-03-02 02:37:10.917 [IPEngineApp] WARNING | No heartbeat in the last 3010 ms (9 time(s) in a row).
2020-03-02 02:37:13.108 [IPEngineApp] WARNING | No heartbeat in the last 3010 ms (10 time(s) in a row).
2020-03-02 02:37:13.905 [IPEngineApp] WARNING | No heartbeat in the last 3010 ms (10 time(s) in a row).
2020-03-02 02:37:13.972 [IPEngineApp] WARNING | No heartbeat in the last 3010 ms (10 time(s) in a row).
2020-03-02 02:37:18.742 [IPEngineApp] WARNING | No heartbeat in the last 3010 ms (11 time(s) in a row).
2020-03-02 02:37:13.928 [IPEngineApp] WARNING | No heartbeat in the last 3010 ms (10 time(s) in a row).
2020-03-02 02:37:16.117 [IPEngineApp] WARNING | No heartbeat in the last 3010 ms (11 time(s) in a row).
2020-03-02 02:37:16.915 [IPEngineApp] WARNING | No heartbeat in the last 3010 ms (11 time(s) in a row).
2020-03-02 02:37:16.982 [IPEngineApp] WARNING | No heartbeat in the last 3010 ms (11 time(s) in a row).
2020-03-02 02:37:21.751 [IPEngineApp] WARNING | No heartbeat in the last 3010 ms (12 time(s) in a row).
2020-03-02 02:37:16.937 [IPEngineApp] WARNING | No heartbeat in the last 3010 ms (11 time(s) in a row).
2020-03-02 02:37:19.127 [IPEngineApp] WARNING | No heartbeat in the last 3010 ms (12 time(s) in a row).
2020-03-02 02:37:19.925 [IPEngineApp] WARNING | No heartbeat in the last 3010 ms (12 time(s) in a row).
2020-03-02 02:37:19.992 [IPEngineApp] WARNING | No heartbeat in the last 3010 ms (12 time(s) in a row).
2020-03-02 02:37:24.761 [IPEngineApp] WARNING | No heartbeat in the last 3010 ms (13 time(s) in a row).
2020-03-02 02:37:19.948 [IPEngineApp] WARNING | No heartbeat in the last 3010 ms (12 time(s) in a row).
2020-03-02 02:37:22.137 [IPEngineApp] WARNING | No heartbeat in the last 3010 ms (13 time(s) in a row).
2020-03-02 02:37:22.935 [IPEngineApp] WARNING | No heartbeat in the last 3010 ms (13 time(s) in a row).
2020-03-02 02:37:23.003 [IPEngineApp] WARNING | No heartbeat in the last 3010 ms (13 time(s) in a row).
2020-03-02 02:37:27.771 [IPEngineApp] WARNING | No heartbeat in the last 3010 ms (14 time(s) in a row).
2020-03-02 02:37:22.958 [IPEngineApp] WARNING | No heartbeat in the last 3010 ms (13 time(s) in a row).
2020-03-02 02:37:25.147 [IPEngineApp] WARNING | No heartbeat in the last 3010 ms (14 time(s) in a row).
2020-03-02 02:37:25.945 [IPEngineApp] WARNING | No heartbeat in the last 3010 ms (14 time(s) in a row).
2020-03-02 02:37:26.012 [IPEngineApp] WARNING | No heartbeat in the last 3010 ms (14 time(s) in a row).
2020-03-02 02:37:30.781 [IPEngineApp] WARNING | No heartbeat in the last 3010 ms (15 time(s) in a row).
2020-03-02 02:37:25.967 [IPEngineApp] WARNING | No heartbeat in the last 3010 ms (14 time(s) in a row).
2020-03-02 02:37:28.157 [IPEngineApp] WARNING | No heartbeat in the last 3010 ms (15 time(s) in a row).
2020-03-02 02:37:28.955 [IPEngineApp] WARNING | No heartbeat in the last 3010 ms (15 time(s) in a row).
2020-03-02 02:37:29.022 [IPEngineApp] WARNING | No heartbeat in the last 3010 ms (15 time(s) in a row).
2020-03-02 02:37:33.792 [IPEngineApp] WARNING | No heartbeat in the last 3010 ms (16 time(s) in a row).
2020-03-02 02:37:28.978 [IPEngineApp] WARNING | No heartbeat in the last 3010 ms (15 time(s) in a row).
2020-03-02 02:37:31.167 [IPEngineApp] WARNING | No heartbeat in the last 3010 ms (16 time(s) in a row).
2020-03-02 02:37:31.965 [IPEngineApp] WARNING | No heartbeat in the last 3010 ms (16 time(s) in a row).
2020-03-02 02:37:32.033 [IPEngineApp] WARNING | No heartbeat in the last 3010 ms (16 time(s) in a row).
2020-03-02 02:37:36.801 [IPEngineApp] WARNING | No heartbeat in the last 3010 ms (17 time(s) in a row).
2020-03-02 02:37:31.988 [IPEngineApp] WARNING | No heartbeat in the last 3010 ms (16 time(s) in a row).
2020-03-02 02:37:34.177 [IPEngineApp] WARNING | No heartbeat in the last 3010 ms (17 time(s) in a row).
2020-03-02 02:37:34.975 [IPEngineApp] WARNING | No heartbeat in the last 3010 ms (17 time(s) in a row).
2020-03-02 02:37:35.042 [IPEngineApp] WARNING | No heartbeat in the last 3010 ms (17 time(s) in a row).
2020-03-02 02:37:39.811 [IPEngineApp] WARNING | No heartbeat in the last 3010 ms (18 time(s) in a row).
2020-03-02 02:37:34.997 [IPEngineApp] WARNING | No heartbeat in the last 3010 ms (17 time(s) in a row).
2020-03-02 02:37:37.187 [IPEngineApp] WARNING | No heartbeat in the last 3010 ms (18 time(s) in a row).
2020-03-02 02:37:37.985 [IPEngineApp] WARNING | No heartbeat in the last 3010 ms (18 time(s) in a row).
2020-03-02 02:37:38.052 [IPEngineApp] WARNING | No heartbeat in the last 3010 ms (18 time(s) in a row).
2020-03-02 02:37:38.008 [IPEngineApp] WARNING | No heartbeat in the last 3010 ms (18 time(s) in a row).
slurmstepd: error: *** STEP 28418254.0 ON nid01463 CANCELLED AT 2020-03-02T04:49:51 DUE TO TIME LIMIT ***
srun: Job step aborted: Waiting up to 32 seconds for job step to finish.
srun: got SIGCONT
srun: forcing job termination
2020-03-02 04:49:51.637 [IPControllerApp] CRITICAL | Received signal 15, shutting down
srun: forcing job termination
2020-03-02 04:49:51.638 [IPControllerApp] CRITICAL | terminating children...
