[+] ------START TIME (ST): Tue Mar  3 15:22:14 PST 2020------
Start cluster...
Launching controller
2020-03-03 15:22:24.507 [IPControllerApp] Hub listening on tcp://10.128.4.42:41979 for registration.
2020-03-03 15:22:24.508 [IPControllerApp] Hub using DB backend: 'DictDB'
2020-03-03 15:22:24.760 [IPControllerApp] hub::created hub
2020-03-03 15:22:24.760 [IPControllerApp] writing connection info to /global/u2/m/muszyng/.ipython/profile_default/security/ipcontroller-cori_28520821-client.json
2020-03-03 15:22:24.795 [IPControllerApp] writing connection info to /global/u2/m/muszyng/.ipython/profile_default/security/ipcontroller-cori_28520821-engine.json
2020-03-03 15:22:24.826 [IPControllerApp] task::using Python leastload Task scheduler
2020-03-03 15:22:24.826 [IPControllerApp] Heartmonitor started
2020-03-03 15:22:24.851 [scheduler] Scheduler started [leastload]
2020-03-03 15:22:24.856 [IPControllerApp] Creating pid file: /global/u2/m/muszyng/.ipython/profile_default/pid/ipcontroller-cori_28520821.pid
2020-03-03 15:22:24.863 [IPControllerApp] client::client b'\x00k\x8bEg' requested 'connection_request'
2020-03-03 15:22:24.863 [IPControllerApp] client::client [b'\x00k\x8bEg'] connected
Launching engines
2020-03-03 15:22:51.757 [IPEngineApp] Loading url_file '/global/u2/m/muszyng/.ipython/profile_default/security/ipcontroller-cori_28520821-engine.json'
2020-03-03 15:22:51.766 [IPEngineApp] Registering with controller at tcp://10.128.4.42:41979
2020-03-03 15:22:51.767 [IPControllerApp] client::client b'b82671c4-583e11151120b3057428dd3e' requested 'registration_request'
2020-03-03 15:22:51.896 [IPEngineApp] Loading url_file '/global/u2/m/muszyng/.ipython/profile_default/security/ipcontroller-cori_28520821-engine.json'
2020-03-03 15:22:51.909 [IPEngineApp] Registering with controller at tcp://10.128.4.42:41979
2020-03-03 15:22:51.911 [IPControllerApp] client::client b'b53e45c6-7ff13855cfa57588a3a3b2d0' requested 'registration_request'
2020-03-03 15:22:51.993 [IPEngineApp] Starting to monitor the heartbeat signal from the hub every 3010 ms.
2020-03-03 15:22:52.066 [IPEngineApp] Starting to monitor the heartbeat signal from the hub every 3010 ms.
2020-03-03 15:22:52.109 [IPEngineApp] Completed registration with id 0
2020-03-03 15:22:52.145 [IPEngineApp] Completed registration with id 1
2020-03-03 15:22:53.293 [IPEngineApp] Loading url_file '/global/u2/m/muszyng/.ipython/profile_default/security/ipcontroller-cori_28520821-engine.json'
2020-03-03 15:22:53.298 [IPEngineApp] Registering with controller at tcp://10.128.4.42:41979
2020-03-03 15:22:53.299 [IPControllerApp] client::client b'ce95486b-252892abeec3155c068aedf7' requested 'registration_request'
2020-03-03 15:22:53.483 [IPEngineApp] Starting to monitor the heartbeat signal from the hub every 3010 ms.
2020-03-03 15:22:53.527 [IPEngineApp] Completed registration with id 2
2020-03-03 15:22:56.668 [IPEngineApp] Loading url_file '/global/u2/m/muszyng/.ipython/profile_default/security/ipcontroller-cori_28520821-engine.json'
2020-03-03 15:22:56.680 [IPEngineApp] Registering with controller at tcp://10.128.4.42:41979
2020-03-03 15:22:56.681 [IPControllerApp] client::client b'fa3a0225-73da1e87f268803d9f90a938' requested 'registration_request'
2020-03-03 15:22:56.790 [IPEngineApp] Starting to monitor the heartbeat signal from the hub every 3010 ms.
2020-03-03 15:22:56.812 [IPEngineApp] Completed registration with id 3
2020-03-03 15:22:57.828 [IPControllerApp] registration::finished registering engine 2:ce95486b-252892abeec3155c068aedf7
2020-03-03 15:22:57.830 [IPControllerApp] engine::Engine Connected: 2
2020-03-03 15:22:57.880 [IPControllerApp] registration::finished registering engine 1:b53e45c6-7ff13855cfa57588a3a3b2d0
2020-03-03 15:22:57.881 [IPControllerApp] engine::Engine Connected: 1
2020-03-03 15:22:57.891 [IPControllerApp] registration::finished registering engine 0:b82671c4-583e11151120b3057428dd3e
2020-03-03 15:22:57.892 [IPControllerApp] engine::Engine Connected: 0
2020-03-03 15:22:59.289 [IPEngineApp] Loading url_file '/global/u2/m/muszyng/.ipython/profile_default/security/ipcontroller-cori_28520821-engine.json'
2020-03-03 15:22:59.296 [IPControllerApp] client::client b'4da3a961-2cd5eb99c92cfcd25475d7c1' requested 'registration_request'
2020-03-03 15:22:59.295 [IPEngineApp] Registering with controller at tcp://10.128.4.42:41979
2020-03-03 15:22:59.359 [IPEngineApp] Starting to monitor the heartbeat signal from the hub every 3010 ms.
2020-03-03 15:22:59.372 [IPEngineApp] Completed registration with id 4
2020-03-03 15:23:00.829 [IPControllerApp] registration::finished registering engine 3:fa3a0225-73da1e87f268803d9f90a938
2020-03-03 15:23:00.829 [IPControllerApp] engine::Engine Connected: 3
2020-03-03 15:23:03.830 [IPControllerApp] registration::finished registering engine 4:4da3a961-2cd5eb99c92cfcd25475d7c1
2020-03-03 15:23:03.831 [IPControllerApp] engine::Engine Connected: 4
2020-03-03 15:23:37.145 [IPControllerApp] client::client b'\x00k\x8bEh' requested 'connection_request'
2020-03-03 15:23:37.145 [IPControllerApp] client::client [b'\x00k\x8bEh'] connected
Model_D_3 61 261 20
Job id: 28520821; Cluster id: cori_28520821
Worker IDs: [0, 1, 2, 3, 4]
Original order  ['3_train_0_.h5', '3_train_1_.h5', '3_train_2_.h5', '3_train_3_.h5', '3_train_4_.h5', '3_train_5_.h5', '3_train_6_.h5', '3_train_7_.h5', '3_train_8_.h5', '3_train_9_.h5', '3_train_10_.h5', '3_train_11_.h5', '3_train_12_.h5', '3_train_13_.h5', '3_train_14_.h5', '3_train_15_.h5', '3_train_16_.h5', '3_train_17_.h5', '3_train_18_.h5', '3_train_19_.h5'] ['3_val_0_.h5', '3_val_1_.h5', '3_val_2_.h5', '3_val_3_.h5', '3_val_4_.h5', '3_val_5_.h5', '3_val_6_.h5', '3_val_7_.h5', '3_val_8_.h5', '3_val_9_.h5', '3_val_10_.h5', '3_val_11_.h5', '3_val_12_.h5', '3_val_13_.h5', '3_val_14_.h5', '3_val_15_.h5', '3_val_16_.h5', '3_val_17_.h5', '3_val_18_.h5', '3_val_19_.h5']
Shuffled files: ['3_train_12_.h5', '3_train_3_.h5', '3_train_14_.h5', '3_train_6_.h5', '3_train_2_.h5', '3_train_17_.h5', '3_train_5_.h5', '3_train_16_.h5', '3_train_7_.h5', '3_train_1_.h5', '3_train_18_.h5', '3_train_10_.h5', '3_train_4_.h5', '3_train_13_.h5', '3_train_9_.h5', '3_train_0_.h5', '3_train_8_.h5', '3_train_15_.h5', '3_train_11_.h5', '3_train_19_.h5'] ['3_val_6_.h5', '3_val_10_.h5', '3_val_17_.h5', '3_val_3_.h5', '3_val_13_.h5', '3_val_19_.h5', '3_val_14_.h5', '3_val_16_.h5', '3_val_15_.h5', '3_val_1_.h5', '3_val_8_.h5', '3_val_4_.h5', '3_val_7_.h5', '3_val_0_.h5', '3_val_5_.h5', '3_val_18_.h5', '3_val_11_.h5', '3_val_12_.h5', '3_val_2_.h5', '3_val_9_.h5']
/global/cscratch1/sd/muszyng/cnn_model_runs/regression/Model_D/Model_D_3/28520821
['ihp', 'n_hpo_trials', 'n_convs_layers', 'conv_sizes', 'n_fc_layers', 'fc_sizes', 'dropout', 'optimizer', 'lr', 'batch_sizes', 'n_epochs', 'repeats_conv', 'recep_fields', 'checkpoint_dir']
Hyperparameter trial 0 conv [ 64 128 256 512] fc [256 128  64] dropout 0.1239 opt Adam, lr 0.0000, batch sizes 32
Checkpoint file: /global/cscratch1/sd/muszyng/cnn_model_runs/regression/Model_D/Model_D_3/28520821/model_0.h5
Hyperparameter trial 1 conv [ 64 128 256 512] fc [256 128  64] dropout 0.1195 opt Adam, lr 0.0000, batch sizes 128
Checkpoint file: /global/cscratch1/sd/muszyng/cnn_model_runs/regression/Model_D/Model_D_3/28520821/model_1.h5
Hyperparameter trial 2 conv [ 64 128 256 512] fc [256 128  64] dropout 0.1296 opt Adam, lr 0.0000, batch sizes 64
Checkpoint file: /global/cscratch1/sd/muszyng/cnn_model_runs/regression/Model_D/Model_D_3/28520821/model_2.h5
Hyperparameter trial 3 conv [ 64 128 256 512] fc [256 128  64] dropout 0.1014 opt Adam, lr 0.0000, batch sizes 32
Checkpoint file: /global/cscratch1/sd/muszyng/cnn_model_runs/regression/Model_D/Model_D_3/28520821/model_3.h5
Hyperparameter trial 4 conv [ 64 128 256 512] fc [256 128  64] dropout 0.1040 opt Adam, lr 0.0000, batch sizes 256
Checkpoint file: /global/cscratch1/sd/muszyng/cnn_model_runs/regression/Model_D/Model_D_3/28520821/model_4.h5
2020-03-03 15:23:37.165 [IPControllerApp] task::task '18f18bfb-0eb249b51436f1b7ed82814a' arrived on 4
2020-03-03 15:23:37.167 [IPControllerApp] task::task 'ddd7b56d-a06ac28a0ba47115c5244514' arrived on 3
2020-03-03 15:23:37.169 [IPControllerApp] task::task 'f131b41e-7bc9eba4bd1ef969af5d1fd0' arrived on 0
2020-03-03 15:23:37.171 [IPControllerApp] task::task '8c187d6a-4ba5e12ed7e73c29dff78370' arrived on 1
2020-03-03 15:23:37.172 [IPControllerApp] task::task '8ff1b4eb-26b66753b73e9f5090d430f1' arrived on 2
WARNING:tensorflow:From test_ipyparallel.py:101: The name tf.keras.backend.set_session is deprecated. Please use tf.compat.v1.keras.backend.set_session instead.

WARNING:tensorflow:From /global/u2/m/muszyng/project-cnn-tda/cnn-project/my_project/new_project_mid_lat/code_for_paper/project/Model_D/Model_D_regres/mlextras.py:39: The name tf.ConfigProto is deprecated. Please use tf.compat.v1.ConfigProto instead.

WARNING:tensorflow:From /global/u2/m/muszyng/project-cnn-tda/cnn-project/my_project/new_project_mid_lat/code_for_paper/project/Model_D/Model_D_regres/mlextras.py:43: The name tf.Session is deprecated. Please use tf.compat.v1.Session instead.

2020-03-03 15:23:40.915286: I tensorflow/core/platform/cpu_feature_guard.cc:145] This TensorFlow binary is optimized with Intel(R) MKL-DNN to use the following CPU instructions in performance critical operations:  SSE4.1 SSE4.2 AVX AVX2 FMA
To enable them in non-MKL-DNN operations, rebuild TensorFlow with the appropriate compiler flags.
2020-03-03 15:23:40.935312: I tensorflow/core/platform/profile_utils/cpu_utils.cc:94] CPU Frequency: 2299835000 Hz
2020-03-03 15:23:40.937100: I tensorflow/compiler/xla/service/service.cc:168] XLA service 0x555558df4690 initialized for platform Host (this does not guarantee that XLA will be used). Devices:
2020-03-03 15:23:40.937112: I tensorflow/compiler/xla/service/service.cc:176]   StreamExecutor device (0): Host, Default Version
WARNING:tensorflow:From /usr/common/software/tensorflow/intel-tensorflow/1.15.0-py37/lib/python3.7/site-packages/tensorflow_core/python/ops/resource_variable_ops.py:1630: calling BaseResourceVariable.__init__ (from tensorflow.python.ops.resource_variable_ops) with constraint is deprecated and will be removed in a future version.
Instructions for updating:
If using Keras pass *_constraint arguments to layers.
WARNING:tensorflow:`epsilon` argument is deprecated and will be removed, use `min_delta` instead.
WARNING:tensorflow:`period` argument is deprecated. Please use `save_freq` to specify the frequency in number of samples seen.
WARNING:tensorflow:From test_ipyparallel.py:101: The name tf.keras.backend.set_session is deprecated. Please use tf.compat.v1.keras.backend.set_session instead.

WARNING:tensorflow:From /global/u2/m/muszyng/project-cnn-tda/cnn-project/my_project/new_project_mid_lat/code_for_paper/project/Model_D/Model_D_regres/mlextras.py:39: The name tf.ConfigProto is deprecated. Please use tf.compat.v1.ConfigProto instead.

WARNING:tensorflow:From /global/u2/m/muszyng/project-cnn-tda/cnn-project/my_project/new_project_mid_lat/code_for_paper/project/Model_D/Model_D_regres/mlextras.py:43: The name tf.Session is deprecated. Please use tf.compat.v1.Session instead.

2020-03-03 15:23:47.422515: I tensorflow/core/platform/cpu_feature_guard.cc:145] This TensorFlow binary is optimized with Intel(R) MKL-DNN to use the following CPU instructions in performance critical operations:  SSE4.1 SSE4.2 AVX AVX2 FMA
To enable them in non-MKL-DNN operations, rebuild TensorFlow with the appropriate compiler flags.
2020-03-03 15:23:47.468712: I tensorflow/core/platform/profile_utils/cpu_utils.cc:94] CPU Frequency: 2300130000 Hz
2020-03-03 15:23:47.470515: I tensorflow/compiler/xla/service/service.cc:168] XLA service 0x555558e0fd60 initialized for platform Host (this does not guarantee that XLA will be used). Devices:
2020-03-03 15:23:47.470540: I tensorflow/compiler/xla/service/service.cc:176]   StreamExecutor device (0): Host, Default Version
WARNING:tensorflow:From /usr/common/software/tensorflow/intel-tensorflow/1.15.0-py37/lib/python3.7/site-packages/tensorflow_core/python/ops/resource_variable_ops.py:1630: calling BaseResourceVariable.__init__ (from tensorflow.python.ops.resource_variable_ops) with constraint is deprecated and will be removed in a future version.
Instructions for updating:
If using Keras pass *_constraint arguments to layers.
WARNING:tensorflow:`epsilon` argument is deprecated and will be removed, use `min_delta` instead.
WARNING:tensorflow:`period` argument is deprecated. Please use `save_freq` to specify the frequency in number of samples seen.
WARNING:tensorflow:From test_ipyparallel.py:101: The name tf.keras.backend.set_session is deprecated. Please use tf.compat.v1.keras.backend.set_session instead.

WARNING:tensorflow:From /global/u2/m/muszyng/project-cnn-tda/cnn-project/my_project/new_project_mid_lat/code_for_paper/project/Model_D/Model_D_regres/mlextras.py:39: The name tf.ConfigProto is deprecated. Please use tf.compat.v1.ConfigProto instead.

WARNING:tensorflow:From /global/u2/m/muszyng/project-cnn-tda/cnn-project/my_project/new_project_mid_lat/code_for_paper/project/Model_D/Model_D_regres/mlextras.py:43: The name tf.Session is deprecated. Please use tf.compat.v1.Session instead.

2020-03-03 15:23:49.916887: I tensorflow/core/platform/cpu_feature_guard.cc:145] This TensorFlow binary is optimized with Intel(R) MKL-DNN to use the following CPU instructions in performance critical operations:  SSE4.1 SSE4.2 AVX AVX2 FMA
To enable them in non-MKL-DNN operations, rebuild TensorFlow with the appropriate compiler flags.
2020-03-03 15:23:49.955880: I tensorflow/core/platform/profile_utils/cpu_utils.cc:94] CPU Frequency: 2300075000 Hz
2020-03-03 15:23:49.957574: I tensorflow/compiler/xla/service/service.cc:168] XLA service 0x555558df4690 initialized for platform Host (this does not guarantee that XLA will be used). Devices:
2020-03-03 15:23:49.957589: I tensorflow/compiler/xla/service/service.cc:176]   StreamExecutor device (0): Host, Default Version
WARNING:tensorflow:From /usr/common/software/tensorflow/intel-tensorflow/1.15.0-py37/lib/python3.7/site-packages/tensorflow_core/python/ops/resource_variable_ops.py:1630: calling BaseResourceVariable.__init__ (from tensorflow.python.ops.resource_variable_ops) with constraint is deprecated and will be removed in a future version.
Instructions for updating:
If using Keras pass *_constraint arguments to layers.
WARNING:tensorflow:`epsilon` argument is deprecated and will be removed, use `min_delta` instead.
WARNING:tensorflow:`period` argument is deprecated. Please use `save_freq` to specify the frequency in number of samples seen.
WARNING:tensorflow:From test_ipyparallel.py:101: The name tf.keras.backend.set_session is deprecated. Please use tf.compat.v1.keras.backend.set_session instead.

WARNING:tensorflow:From /global/u2/m/muszyng/project-cnn-tda/cnn-project/my_project/new_project_mid_lat/code_for_paper/project/Model_D/Model_D_regres/mlextras.py:39: The name tf.ConfigProto is deprecated. Please use tf.compat.v1.ConfigProto instead.

WARNING:tensorflow:From /global/u2/m/muszyng/project-cnn-tda/cnn-project/my_project/new_project_mid_lat/code_for_paper/project/Model_D/Model_D_regres/mlextras.py:43: The name tf.Session is deprecated. Please use tf.compat.v1.Session instead.

2020-03-03 15:23:51.065970: I tensorflow/core/platform/cpu_feature_guard.cc:145] This TensorFlow binary is optimized with Intel(R) MKL-DNN to use the following CPU instructions in performance critical operations:  SSE4.1 SSE4.2 AVX AVX2 FMA
To enable them in non-MKL-DNN operations, rebuild TensorFlow with the appropriate compiler flags.
2020-03-03 15:23:51.102732: I tensorflow/core/platform/profile_utils/cpu_utils.cc:94] CPU Frequency: 2300010000 Hz
2020-03-03 15:23:51.104501: I tensorflow/compiler/xla/service/service.cc:168] XLA service 0x555558df4730 initialized for platform Host (this does not guarantee that XLA will be used). Devices:
2020-03-03 15:23:51.104517: I tensorflow/compiler/xla/service/service.cc:176]   StreamExecutor device (0): Host, Default Version
WARNING:tensorflow:From /usr/common/software/tensorflow/intel-tensorflow/1.15.0-py37/lib/python3.7/site-packages/tensorflow_core/python/ops/resource_variable_ops.py:1630: calling BaseResourceVariable.__init__ (from tensorflow.python.ops.resource_variable_ops) with constraint is deprecated and will be removed in a future version.
Instructions for updating:
If using Keras pass *_constraint arguments to layers.
WARNING:tensorflow:`epsilon` argument is deprecated and will be removed, use `min_delta` instead.
WARNING:tensorflow:`period` argument is deprecated. Please use `save_freq` to specify the frequency in number of samples seen.
WARNING:tensorflow:From test_ipyparallel.py:101: The name tf.keras.backend.set_session is deprecated. Please use tf.compat.v1.keras.backend.set_session instead.

WARNING:tensorflow:From /global/u2/m/muszyng/project-cnn-tda/cnn-project/my_project/new_project_mid_lat/code_for_paper/project/Model_D/Model_D_regres/mlextras.py:39: The name tf.ConfigProto is deprecated. Please use tf.compat.v1.ConfigProto instead.

WARNING:tensorflow:From /global/u2/m/muszyng/project-cnn-tda/cnn-project/my_project/new_project_mid_lat/code_for_paper/project/Model_D/Model_D_regres/mlextras.py:43: The name tf.Session is deprecated. Please use tf.compat.v1.Session instead.

2020-03-03 15:23:52.193889: I tensorflow/core/platform/cpu_feature_guard.cc:145] This TensorFlow binary is optimized with Intel(R) MKL-DNN to use the following CPU instructions in performance critical operations:  SSE4.1 SSE4.2 AVX AVX2 FMA
To enable them in non-MKL-DNN operations, rebuild TensorFlow with the appropriate compiler flags.
2020-03-03 15:23:52.245910: I tensorflow/core/platform/profile_utils/cpu_utils.cc:94] CPU Frequency: 2300095000 Hz
2020-03-03 15:23:52.247892: I tensorflow/compiler/xla/service/service.cc:168] XLA service 0x555558df4690 initialized for platform Host (this does not guarantee that XLA will be used). Devices:
2020-03-03 15:23:52.247907: I tensorflow/compiler/xla/service/service.cc:176]   StreamExecutor device (0): Host, Default Version
WARNING:tensorflow:From /usr/common/software/tensorflow/intel-tensorflow/1.15.0-py37/lib/python3.7/site-packages/tensorflow_core/python/ops/resource_variable_ops.py:1630: calling BaseResourceVariable.__init__ (from tensorflow.python.ops.resource_variable_ops) with constraint is deprecated and will be removed in a future version.
Instructions for updating:
If using Keras pass *_constraint arguments to layers.
WARNING:tensorflow:`epsilon` argument is deprecated and will be removed, use `min_delta` instead.
WARNING:tensorflow:`period` argument is deprecated. Please use `save_freq` to specify the frequency in number of samples seen.
2020-03-03 15:24:49.195 [IPEngineApp] Exception in apply request:
[0;31m---------------------------------------------------------------------------[0m
[0;31mInvalidArgumentError[0m                      Traceback (most recent call last)
[0;32m<string>[0m in [0;36m<module>[0;34m[0m

[0;32m/global/u2/m/muszyng/project-cnn-tda/cnn-project/my_project/new_project_mid_lat/code_for_paper/project/Model_D/Model_D_regres/test_ipyparallel.py[0m in [0;36mbuild_and_train[0;34m(input_dir, input_size, conv_sizes, fc_sizes, dropout, optimizer, lr, batch_size, n_epochs, repeats_conv, recep_field, checkpoint_dir, checkpoint_file, l_fnames_train, l_fnames_val, ihp, verbose)[0m
[1;32m    126[0m                               [0mcheckpoint_dir[0m[0;34m=[0m[0mcheckpoint_dir[0m[0;34m,[0m [0mcheckpoint_file[0m[0;34m=[0m[0mcheckpoint_file[0m[0;34m,[0m[0;34m[0m[0;34m[0m[0m
[1;32m    127[0m                               [0mdata_dir_path[0m[0;34m=[0m[0minput_dir[0m[0;34m[[0m[0;34m:[0m[0;34m-[0m[0;36m1[0m[0;34m][0m[0;34m,[0m[0;34m[0m[0;34m[0m[0m
[0;32m--> 128[0;31m                               l_fnames_train=l_fnames_train, l_fnames_val=l_fnames_val, ihp=ihp, verbose=verbose)
[0m[1;32m    129[0m [0;34m[0m[0m
[1;32m    130[0m         [0;31m#oldStdout = sys.stdout[0m[0;34m[0m[0;34m[0m[0;34m[0m[0m

[0;32m/global/u2/m/muszyng/project-cnn-tda/cnn-project/my_project/new_project_mid_lat/code_for_paper/project/Model_D/Model_D_regres/model_code.py[0m in [0;36mtrain_model[0;34m(model, batch_size, n_epochs, checkpoint_dir, checkpoint_file, data_dir_path, l_fnames_train, l_fnames_val, ihp, verbose, callbacks)[0m
[1;32m    610[0m                 [0mcallbacks[0m[0;34m=[0m[0mrpv_callbacks[0m[0;34m,[0m [0mshuffle[0m[0;34m=[0m[0;32mTrue[0m[0;34m,[0m[0;34m[0m[0;34m[0m[0m
[1;32m    611[0m                 [0mepochs[0m[0;34m=[0m[0mn_epochs[0m[0;34m,[0m[0;34m[0m[0;34m[0m[0m
[0;32m--> 612[0;31m                 verbose=1)
[0m[1;32m    613[0m [0;34m[0m[0m
[1;32m    614[0m     [0;32mreturn[0m [0mm[0m[0;34m[0m[0;34m[0m[0m

[0;32m/usr/common/software/tensorflow/intel-tensorflow/1.15.0-py37/lib/python3.7/site-packages/tensorflow_core/python/keras/engine/training.py[0m in [0;36mfit_generator[0;34m(self, generator, steps_per_epoch, epochs, verbose, callbacks, validation_data, validation_steps, validation_freq, class_weight, max_queue_size, workers, use_multiprocessing, shuffle, initial_epoch)[0m
[1;32m   1294[0m         [0mshuffle[0m[0;34m=[0m[0mshuffle[0m[0;34m,[0m[0;34m[0m[0;34m[0m[0m
[1;32m   1295[0m         [0minitial_epoch[0m[0;34m=[0m[0minitial_epoch[0m[0;34m,[0m[0;34m[0m[0;34m[0m[0m
[0;32m-> 1296[0;31m         steps_name='steps_per_epoch')
[0m[1;32m   1297[0m [0;34m[0m[0m
[1;32m   1298[0m   def evaluate_generator(self,

[0;32m/usr/common/software/tensorflow/intel-tensorflow/1.15.0-py37/lib/python3.7/site-packages/tensorflow_core/python/keras/engine/training_generator.py[0m in [0;36mmodel_iteration[0;34m(model, data, steps_per_epoch, epochs, verbose, callbacks, validation_data, validation_steps, validation_freq, class_weight, max_queue_size, workers, use_multiprocessing, shuffle, initial_epoch, mode, batch_size, steps_name, **kwargs)[0m
[1;32m    263[0m [0;34m[0m[0m
[1;32m    264[0m       [0mis_deferred[0m [0;34m=[0m [0;32mnot[0m [0mmodel[0m[0;34m.[0m[0m_is_compiled[0m[0;34m[0m[0;34m[0m[0m
[0;32m--> 265[0;31m       [0mbatch_outs[0m [0;34m=[0m [0mbatch_function[0m[0;34m([0m[0;34m*[0m[0mbatch_data[0m[0;34m)[0m[0;34m[0m[0;34m[0m[0m
[0m[1;32m    266[0m       [0;32mif[0m [0;32mnot[0m [0misinstance[0m[0;34m([0m[0mbatch_outs[0m[0;34m,[0m [0mlist[0m[0;34m)[0m[0;34m:[0m[0;34m[0m[0;34m[0m[0m
[1;32m    267[0m         [0mbatch_outs[0m [0;34m=[0m [0;34m[[0m[0mbatch_outs[0m[0;34m][0m[0;34m[0m[0;34m[0m[0m

[0;32m/usr/common/software/tensorflow/intel-tensorflow/1.15.0-py37/lib/python3.7/site-packages/tensorflow_core/python/keras/engine/training.py[0m in [0;36mtrain_on_batch[0;34m(self, x, y, sample_weight, class_weight, reset_metrics)[0m
[1;32m   1015[0m       [0mself[0m[0;34m.[0m[0m_update_sample_weight_modes[0m[0;34m([0m[0msample_weights[0m[0;34m=[0m[0msample_weights[0m[0;34m)[0m[0;34m[0m[0;34m[0m[0m
[1;32m   1016[0m       [0mself[0m[0;34m.[0m[0m_make_train_function[0m[0;34m([0m[0;34m)[0m[0;34m[0m[0;34m[0m[0m
[0;32m-> 1017[0;31m       [0moutputs[0m [0;34m=[0m [0mself[0m[0;34m.[0m[0mtrain_function[0m[0;34m([0m[0mins[0m[0;34m)[0m  [0;31m# pylint: disable=not-callable[0m[0;34m[0m[0;34m[0m[0m
[0m[1;32m   1018[0m [0;34m[0m[0m
[1;32m   1019[0m     [0;32mif[0m [0mreset_metrics[0m[0;34m:[0m[0;34m[0m[0;34m[0m[0m

[0;32m/usr/common/software/tensorflow/intel-tensorflow/1.15.0-py37/lib/python3.7/site-packages/tensorflow_core/python/keras/backend.py[0m in [0;36m__call__[0;34m(self, inputs)[0m
[1;32m   3474[0m [0;34m[0m[0m
[1;32m   3475[0m     fetched = self._callable_fn(*array_vals,
[0;32m-> 3476[0;31m                                 run_metadata=self.run_metadata)
[0m[1;32m   3477[0m     [0mself[0m[0;34m.[0m[0m_call_fetch_callbacks[0m[0;34m([0m[0mfetched[0m[0;34m[[0m[0;34m-[0m[0mlen[0m[0;34m([0m[0mself[0m[0;34m.[0m[0m_fetches[0m[0;34m)[0m[0;34m:[0m[0;34m][0m[0;34m)[0m[0;34m[0m[0;34m[0m[0m
[1;32m   3478[0m     output_structure = nest.pack_sequence_as(

[0;32m/usr/common/software/tensorflow/intel-tensorflow/1.15.0-py37/lib/python3.7/site-packages/tensorflow_core/python/client/session.py[0m in [0;36m__call__[0;34m(self, *args, **kwargs)[0m
[1;32m   1470[0m         ret = tf_session.TF_SessionRunCallable(self._session._session,
[1;32m   1471[0m                                                [0mself[0m[0;34m.[0m[0m_handle[0m[0;34m,[0m [0margs[0m[0;34m,[0m[0;34m[0m[0;34m[0m[0m
[0;32m-> 1472[0;31m                                                run_metadata_ptr)
[0m[1;32m   1473[0m         [0;32mif[0m [0mrun_metadata[0m[0;34m:[0m[0;34m[0m[0;34m[0m[0m
[1;32m   1474[0m           [0mproto_data[0m [0;34m=[0m [0mtf_session[0m[0;34m.[0m[0mTF_GetBuffer[0m[0;34m([0m[0mrun_metadata_ptr[0m[0;34m)[0m[0;34m[0m[0;34m[0m[0m

[0;31mInvalidArgumentError[0m: input and filter must have the same depth: 40 vs 64
	 [[{{node conv2d_1/Relu}}]]
2020-03-03 15:24:49.201 [IPControllerApp] task::task '8c187d6a-4ba5e12ed7e73c29dff78370' finished on 1
2020-03-03 15:24:49.458 [IPEngineApp] WARNING | No heartbeat in the last 3010 ms (1 time(s) in a row).
2020-03-03 15:25:21.235 [IPEngineApp] Exception in apply request:
[0;31m---------------------------------------------------------------------------[0m
[0;31mInvalidArgumentError[0m                      Traceback (most recent call last)
[0;32m<string>[0m in [0;36m<module>[0;34m[0m

[0;32m/global/u2/m/muszyng/project-cnn-tda/cnn-project/my_project/new_project_mid_lat/code_for_paper/project/Model_D/Model_D_regres/test_ipyparallel.py[0m in [0;36mbuild_and_train[0;34m(input_dir, input_size, conv_sizes, fc_sizes, dropout, optimizer, lr, batch_size, n_epochs, repeats_conv, recep_field, checkpoint_dir, checkpoint_file, l_fnames_train, l_fnames_val, ihp, verbose)[0m
[1;32m    126[0m                               [0mcheckpoint_dir[0m[0;34m=[0m[0mcheckpoint_dir[0m[0;34m,[0m [0mcheckpoint_file[0m[0;34m=[0m[0mcheckpoint_file[0m[0;34m,[0m[0;34m[0m[0;34m[0m[0m
[1;32m    127[0m                               [0mdata_dir_path[0m[0;34m=[0m[0minput_dir[0m[0;34m[[0m[0;34m:[0m[0;34m-[0m[0;36m1[0m[0;34m][0m[0;34m,[0m[0;34m[0m[0;34m[0m[0m
[0;32m--> 128[0;31m                               l_fnames_train=l_fnames_train, l_fnames_val=l_fnames_val, ihp=ihp, verbose=verbose)
[0m[1;32m    129[0m [0;34m[0m[0m
[1;32m    130[0m         [0;31m#oldStdout = sys.stdout[0m[0;34m[0m[0;34m[0m[0;34m[0m[0m

[0;32m/global/u2/m/muszyng/project-cnn-tda/cnn-project/my_project/new_project_mid_lat/code_for_paper/project/Model_D/Model_D_regres/model_code.py[0m in [0;36mtrain_model[0;34m(model, batch_size, n_epochs, checkpoint_dir, checkpoint_file, data_dir_path, l_fnames_train, l_fnames_val, ihp, verbose, callbacks)[0m
2020-03-03 15:25:21.238 [IPControllerApp] task::task 'f131b41e-7bc9eba4bd1ef969af5d1fd0' finished on 0
[1;32m    610[0m                 [0mcallbacks[0m[0;34m=[0m[0mrpv_callbacks[0m[0;34m,[0m [0mshuffle[0m[0;34m=[0m[0;32mTrue[0m[0;34m,[0m[0;34m[0m[0;34m[0m[0m
[1;32m    611[0m                 [0mepochs[0m[0;34m=[0m[0mn_epochs[0m[0;34m,[0m[0;34m[0m[0;34m[0m[0m
[0;32m--> 612[0;31m                 verbose=1)
[0m[1;32m    613[0m [0;34m[0m[0m
[1;32m    614[0m     [0;32mreturn[0m [0mm[0m[0;34m[0m[0;34m[0m[0m

[0;32m/usr/common/software/tensorflow/intel-tensorflow/1.15.0-py37/lib/python3.7/site-packages/tensorflow_core/python/keras/engine/training.py[0m in [0;36mfit_generator[0;34m(self, generator, steps_per_epoch, epochs, verbose, callbacks, validation_data, validation_steps, validation_freq, class_weight, max_queue_size, workers, use_multiprocessing, shuffle, initial_epoch)[0m
[1;32m   1294[0m         [0mshuffle[0m[0;34m=[0m[0mshuffle[0m[0;34m,[0m[0;34m[0m[0;34m[0m[0m
[1;32m   1295[0m         [0minitial_epoch[0m[0;34m=[0m[0minitial_epoch[0m[0;34m,[0m[0;34m[0m[0;34m[0m[0m
[0;32m-> 1296[0;31m         steps_name='steps_per_epoch')
[0m[1;32m   1297[0m [0;34m[0m[0m
[1;32m   1298[0m   def evaluate_generator(self,

[0;32m/usr/common/software/tensorflow/intel-tensorflow/1.15.0-py37/lib/python3.7/site-packages/tensorflow_core/python/keras/engine/training_generator.py[0m in [0;36mmodel_iteration[0;34m(model, data, steps_per_epoch, epochs, verbose, callbacks, validation_data, validation_steps, validation_freq, class_weight, max_queue_size, workers, use_multiprocessing, shuffle, initial_epoch, mode, batch_size, steps_name, **kwargs)[0m
[1;32m    263[0m [0;34m[0m[0m
[1;32m    264[0m       [0mis_deferred[0m [0;34m=[0m [0;32mnot[0m [0mmodel[0m[0;34m.[0m[0m_is_compiled[0m[0;34m[0m[0;34m[0m[0m
[0;32m--> 265[0;31m       [0mbatch_outs[0m [0;34m=[0m [0mbatch_function[0m[0;34m([0m[0;34m*[0m[0mbatch_data[0m[0;34m)[0m[0;34m[0m[0;34m[0m[0m
[0m[1;32m    266[0m       [0;32mif[0m [0;32mnot[0m [0misinstance[0m[0;34m([0m[0mbatch_outs[0m[0;34m,[0m [0mlist[0m[0;34m)[0m[0;34m:[0m[0;34m[0m[0;34m[0m[0m
[1;32m    267[0m         [0mbatch_outs[0m [0;34m=[0m [0;34m[[0m[0mbatch_outs[0m[0;34m][0m[0;34m[0m[0;34m[0m[0m

[0;32m/usr/common/software/tensorflow/intel-tensorflow/1.15.0-py37/lib/python3.7/site-packages/tensorflow_core/python/keras/engine/training.py[0m in [0;36mtrain_on_batch[0;34m(self, x, y, sample_weight, class_weight, reset_metrics)[0m
[1;32m   1015[0m       [0mself[0m[0;34m.[0m[0m_update_sample_weight_modes[0m[0;34m([0m[0msample_weights[0m[0;34m=[0m[0msample_weights[0m[0;34m)[0m[0;34m[0m[0;34m[0m[0m
[1;32m   1016[0m       [0mself[0m[0;34m.[0m[0m_make_train_function[0m[0;34m([0m[0;34m)[0m[0;34m[0m[0;34m[0m[0m
[0;32m-> 1017[0;31m       [0moutputs[0m [0;34m=[0m [0mself[0m[0;34m.[0m[0mtrain_function[0m[0;34m([0m[0mins[0m[0;34m)[0m  [0;31m# pylint: disable=not-callable[0m[0;34m[0m[0;34m[0m[0m
[0m[1;32m   1018[0m [0;34m[0m[0m
[1;32m   1019[0m     [0;32mif[0m [0mreset_metrics[0m[0;34m:[0m[0;34m[0m[0;34m[0m[0m

[0;32m/usr/common/software/tensorflow/intel-tensorflow/1.15.0-py37/lib/python3.7/site-packages/tensorflow_core/python/keras/backend.py[0m in [0;36m__call__[0;34m(self, inputs)[0m
[1;32m   3474[0m [0;34m[0m[0m
[1;32m   3475[0m     fetched = self._callable_fn(*array_vals,
[0;32m-> 3476[0;31m                                 run_metadata=self.run_metadata)
[0m[1;32m   3477[0m     [0mself[0m[0;34m.[0m[0m_call_fetch_callbacks[0m[0;34m([0m[0mfetched[0m[0;34m[[0m[0;34m-[0m[0mlen[0m[0;34m([0m[0mself[0m[0;34m.[0m[0m_fetches[0m[0;34m)[0m[0;34m:[0m[0;34m][0m[0;34m)[0m[0;34m[0m[0;34m[0m[0m
[1;32m   3478[0m     output_structure = nest.pack_sequence_as(

[0;32m/usr/common/software/tensorflow/intel-tensorflow/1.15.0-py37/lib/python3.7/site-packages/tensorflow_core/python/client/session.py[0m in [0;36m__call__[0;34m(self, *args, **kwargs)[0m
[1;32m   1470[0m         ret = tf_session.TF_SessionRunCallable(self._session._session,
[1;32m   1471[0m                                                [0mself[0m[0;34m.[0m[0m_handle[0m[0;34m,[0m [0margs[0m[0;34m,[0m[0;34m[0m[0;34m[0m[0m
[0;32m-> 1472[0;31m                                                run_metadata_ptr)
[0m[1;32m   1473[0m         [0;32mif[0m [0mrun_metadata[0m[0;34m:[0m[0;34m[0m[0;34m[0m[0m
[1;32m   1474[0m           [0mproto_data[0m [0;34m=[0m [0mtf_session[0m[0;34m.[0m[0mTF_GetBuffer[0m[0;34m([0m[0mrun_metadata_ptr[0m[0;34m)[0m[0;34m[0m[0;34m[0m[0m

[0;31mInvalidArgumentError[0m: input and filter must have the same depth: 40 vs 64
	 [[{{node conv2d_1/Relu}}]]
2020-03-03 15:34:55.477 [IPEngineApp] Exception in apply request:
[0;31m---------------------------------------------------------------------------[0m
[0;31mInvalidArgumentError[0m                      Traceback (most recent call last)
[0;32m<string>[0m in [0;36m<module>[0;34m[0m

[0;32m/global/u2/m/muszyng/project-cnn-tda/cnn-project/my_project/new_project_mid_lat/code_for_paper/project/Model_D/Model_D_regres/test_ipyparallel.py[0m in [0;36mbuild_and_train[0;34m(input_dir, input_size, conv_sizes, fc_sizes, dropout, optimizer, lr, batch_size, n_epochs, repeats_conv, recep_field, checkpoint_dir, checkpoint_file, l_fnames_train, l_fnames_val, ihp, verbose)[0m
[1;32m    126[0m                               [0mcheckpoint_dir[0m[0;34m=[0m[0mcheckpoint_dir[0m[0;34m,[0m [0mcheckpoint_file[0m[0;34m=[0m[0mcheckpoint_file[0m[0;34m,[0m[0;34m[0m[0;34m[0m[0m
[1;32m    127[0m                               [0mdata_dir_path[0m[0;34m=[0m[0minput_dir[0m[0;34m[[0m[0;34m:[0m[0;34m-[0m[0;36m1[0m[0;34m][0m[0;34m,[0m[0;34m[0m[0;34m[0m[0m
[0;32m--> 128[0;31m                               l_fnames_train=l_fnames_train, l_fnames_val=l_fnames_val, ihp=ihp, verbose=verbose)
[0m[1;32m    129[0m [0;34m[0m[0m
[1;32m    130[0m         [0;31m#oldStdout = sys.stdout[0m[0;34m[0m[0;34m[0m[0;34m[0m[0m

[0;32m/global/u2/m/muszyng/project-cnn-tda/cnn-project/my_project/new_project_mid_lat/code_for_paper/project/Model_D/Model_D_regres/model_code.py[0m in [0;36mtrain_model[0;34m(model, batch_size, n_epochs, checkpoint_dir, checkpoint_file, data_dir_path, l_fnames_train, l_fnames_val, ihp, verbose, callbacks)[0m
[1;32m    610[0m                 [0mcallbacks[0m[0;34m=[0m[0mrpv_callbacks[0m[0;34m,[0m [0mshuffle[0m[0;34m=[0m[0;32mTrue[0m[0;34m,[0m[0;34m[0m[0;34m[0m[0m
[1;32m    611[0m                 [0mepochs[0m[0;34m=[0m[0mn_epochs[0m[0;34m,[0m[0;34m[0m[0;34m[0m[0m
[0;32m--> 612[0;31m                 verbose=1)
[0m[1;32m    613[0m [0;34m[0m[0m
[1;32m    614[0m     [0;32mreturn[0m [0mm[0m[0;34m[0m[0;34m[0m[0m

[0;32m/usr/common/software/tensorflow/intel-tensorflow/1.15.0-py37/lib/python3.7/site-packages/tensorflow_core/python/keras/engine/training.py[0m in [0;36mfit_generator[0;34m(self, generator, steps_per_epoch, epochs, verbose, callbacks, validation_data, validation_steps, validation_freq, class_weight, max_queue_size, workers, use_multiprocessing, shuffle, initial_epoch)[0m
[1;32m   1294[0m         [0mshuffle[0m[0;34m=[0m[0mshuffle[0m[0;34m,[0m[0;34m[0m[0;34m[0m[0m
[1;32m   1295[0m         [0minitial_epoch[0m[0;34m=[0m[0minitial_epoch[0m[0;34m,[0m[0;34m[0m[0;34m[0m[0m
[0;32m-> 1296[0;31m         steps_name='steps_per_epoch')
[0m[1;32m   1297[0m [0;34m[0m[0m
[1;32m   1298[0m   def evaluate_generator(self,

[0;32m/usr/common/software/tensorflow/intel-tensorflow/1.15.0-py37/lib/python3.7/site-packages/tensorflow_core/python/keras/engine/training_generator.py[0m in [0;36mmodel_iteration[0;34m(model, data, steps_per_epoch, epochs, verbose, callbacks, validation_data, validation_steps, validation_freq, class_weight, max_queue_size, workers, use_multiprocessing, shuffle, initial_epoch, mode, batch_size, steps_name, **kwargs)[0m
[1;32m    263[0m [0;34m[0m[0m
[1;32m    264[0m       [0mis_deferred[0m [0;34m=[0m [0;32mnot[0m [0mmodel[0m[0;34m.[0m[0m_is_compiled[0m[0;34m[0m[0;34m[0m[0m
[0;32m--> 265[0;31m       [0mbatch_outs[0m [0;34m=[0m [0mbatch_function[0m[0;34m([0m[0;34m*[0m[0mbatch_data[0m[0;34m)[0m[0;34m[0m[0;34m[0m[0m
[0m[1;32m    266[0m       [0;32mif[0m [0;32mnot[0m [0misinstance[0m[0;34m([0m[0mbatch_outs[0m[0;34m,[0m [0mlist[0m[0;34m)[0m[0;34m:[0m[0;34m[0m[0;34m[0m[0m
[1;32m    267[0m         [0mbatch_outs[0m [0;34m=[0m [0;34m[[0m[0mbatch_outs[0m[0;34m][0m[0;34m[0m[0;34m[0m[0m

[0;32m/usr/common/software/tensorflow/intel-tensorflow/1.15.0-py37/lib/python3.7/site-packages/tensorflow_core/python/keras/engine/training.py[0m in [0;36mtrain_on_batch[0;34m(self, x, y, sample_weight, class_weight, reset_metrics)[0m
[1;32m   1015[0m       [0mself[0m[0;34m.[0m[0m_update_sample_weight_modes[0m[0;34m([0m[0msample_weights[0m[0;34m=[0m[0msample_weights[0m[0;34m)[0m[0;34m[0m[0;34m[0m[0m
[1;32m   1016[0m       [0mself[0m[0;34m.[0m[0m_make_train_function[0m[0;34m([0m[0;34m)[0m[0;34m[0m[0;34m[0m[0m
[0;32m-> 1017[0;31m       [0moutputs[0m [0;34m=[0m [0mself[0m[0;34m.[0m[0mtrain_function[0m[0;34m([0m[0mins[0m[0;34m)[0m  [0;31m# pylint: disable=not-callable[0m[0;34m[0m[0;34m[0m[0m
[0m[1;32m   1018[0m [0;34m[0m[0m
[1;32m   1019[0m     [0;32mif[0m [0mreset_metrics[0m[0;34m:[0m[0;34m[0m[0;34m[0m[0m

[0;32m/usr/common/software/tensorflow/intel-tensorflow/1.15.0-py37/lib/python3.7/site-packages/tensorflow_core/python/keras/backend.py[0m in [0;36m__call__[0;34m(self, inputs)[0m
[1;32m   3474[0m [0;34m[0m[0m
[1;32m   3475[0m     fetched = self._callable_fn(*array_vals,
[0;32m-> 3476[0;31m                                 run_metadata=self.run_metadata)
[0m[1;32m   3477[0m     [0mself[0m[0;34m.[0m[0m_call_fetch_callbacks[0m[0;34m([0m[0mfetched[0m[0;34m[[0m[0;34m-[0m[0mlen[0m[0;34m([0m[0mself[0m[0;34m.[0m[0m_fetches[0m[0;34m)[0m[0;34m:[0m[0;34m][0m[0;34m)[0m[0;34m[0m[0;34m[0m[0m
[1;32m   3478[0m     output_structure = nest.pack_sequence_as(

[0;32m/usr/common/software/tensorflow/intel-tensorflow/1.15.0-py37/lib/python3.7/site-packages/tensorflow_core/python/client/session.py[0m in [0;36m__call__[0;34m(self, *args, **kwargs)[0m
[1;32m   1470[0m         ret = tf_session.TF_SessionRunCallable(self._session._session,
[1;32m   1471[0m                                                [0mself[0m[0;34m.[0m[0m_handle[0m[0;34m,[0m [0margs[0m[0;34m,[0m[0;34m[0m[0;34m[0m[0m
[0;32m-> 1472[0;31m                                                run_metadata_ptr)
[0m[1;32m   1473[0m         [0;32mif[0m [0mrun_metadata[0m[0;34m:[0m[0;34m[0m[0;34m[0m[0m
[1;32m   1474[0m           [0mproto_data[0m [0;34m=[0m [0mtf_session[0m[0;34m.[0m[0mTF_GetBuffer[0m[0;34m([0m[0mrun_metadata_ptr[0m[0;34m)[0m[0;34m[0m[0;34m[0m[0m

[0;31mInvalidArgumentError[0m: input and filter must have the same depth: 40 vs 64
	 [[{{node conv2d_1/Relu}}]]
2020-03-03 15:34:55.485 [IPControllerApp] task::task '18f18bfb-0eb249b51436f1b7ed82814a' finished on 4
2020-03-03 15:34:55.740 [IPEngineApp] WARNING | No heartbeat in the last 3010 ms (1 time(s) in a row).
2020-03-03 19:22:18.571 [IPControllerApp] task::task 'ddd7b56d-a06ac28a0ba47115c5244514' finished on 3
2020-03-03 19:25:41.142 [IPControllerApp] task::task '8ff1b4eb-26b66753b73e9f5090d430f1' finished on 2
IOStream.flush timed out
IOStream.flush timed out
IOStream.flush timed out
IOStream.flush timed out
2020-03-03 19:25:41.885 [IPEngineApp] WARNING | No heartbeat in the last 3010 ms (1 time(s) in a row).
slurmstepd: error: *** STEP 28520821.0 ON nid01057 CANCELLED AT 2020-03-04T00:22:24 DUE TO TIME LIMIT ***
srun: Job step aborted: Waiting up to 32 seconds for job step to finish.
srun: got SIGCONT
2020-03-04 00:22:24.075 [IPControllerApp] CRITICAL | Received signal 15, shutting down
srun: forcing job termination
2020-03-04 00:22:24.076 [IPControllerApp] CRITICAL | terminating children...
