[+] ------START TIME (ST): Mon Mar  2 02:30:17 PST 2020------
Start cluster...
Launching controller
2020-03-02 02:30:35.795 [IPControllerApp] Hub listening on tcp://10.128.2.254:43507 for registration.
2020-03-02 02:30:35.797 [IPControllerApp] Hub using DB backend: 'DictDB'
2020-03-02 02:30:36.050 [IPControllerApp] hub::created hub
2020-03-02 02:30:36.050 [IPControllerApp] writing connection info to /global/u2/m/muszyng/.ipython/profile_default/security/ipcontroller-cori_28418320-client.json
2020-03-02 02:30:36.072 [IPControllerApp] writing connection info to /global/u2/m/muszyng/.ipython/profile_default/security/ipcontroller-cori_28418320-engine.json
2020-03-02 02:30:36.109 [IPControllerApp] task::using Python leastload Task scheduler
2020-03-02 02:30:36.109 [IPControllerApp] Heartmonitor started
2020-03-02 02:30:36.181 [IPControllerApp] Creating pid file: /global/u2/m/muszyng/.ipython/profile_default/pid/ipcontroller-cori_28418320.pid
2020-03-02 02:30:36.194 [scheduler] Scheduler started [leastload]
2020-03-02 02:30:36.196 [IPControllerApp] client::client b'\x00k\x8bEg' requested 'connection_request'
2020-03-02 02:30:36.197 [IPControllerApp] client::client [b'\x00k\x8bEg'] connected
Launching engines
2020-03-02 02:30:49.613 [IPEngineApp] Loading url_file '/global/u2/m/muszyng/.ipython/profile_default/security/ipcontroller-cori_28418320-engine.json'
2020-03-02 02:30:49.616 [IPEngineApp] Registering with controller at tcp://10.128.2.254:43507
2020-03-02 02:30:49.618 [IPControllerApp] client::client b'161339f0-3d4a95cf5203ac1d414406d7' requested 'registration_request'
2020-03-02 02:30:49.664 [IPEngineApp] Starting to monitor the heartbeat signal from the hub every 3010 ms.
2020-03-02 02:30:49.672 [IPEngineApp] Completed registration with id 0
2020-03-02 02:30:49.928 [IPEngineApp] Loading url_file '/global/u2/m/muszyng/.ipython/profile_default/security/ipcontroller-cori_28418320-engine.json'
2020-03-02 02:30:49.931 [IPEngineApp] Registering with controller at tcp://10.128.2.254:43507
2020-03-02 02:30:49.933 [IPControllerApp] client::client b'b154d5ca-31842b7187da845f361dd87b' requested 'registration_request'
2020-03-02 02:30:49.963 [IPEngineApp] Loading url_file '/global/u2/m/muszyng/.ipython/profile_default/security/ipcontroller-cori_28418320-engine.json'
2020-03-02 02:30:49.966 [IPEngineApp] Registering with controller at tcp://10.128.2.254:43507
2020-03-02 02:30:49.968 [IPControllerApp] client::client b'086f60f3-38c0a841a726cccf55475bb1' requested 'registration_request'
2020-03-02 02:30:49.981 [IPEngineApp] Starting to monitor the heartbeat signal from the hub every 3010 ms.
2020-03-02 02:30:49.990 [IPEngineApp] Completed registration with id 1
2020-03-02 02:30:50.017 [IPEngineApp] Starting to monitor the heartbeat signal from the hub every 3010 ms.
2020-03-02 02:30:50.028 [IPEngineApp] Completed registration with id 2
2020-03-02 02:30:50.215 [IPEngineApp] Loading url_file '/global/u2/m/muszyng/.ipython/profile_default/security/ipcontroller-cori_28418320-engine.json'
2020-03-02 02:30:50.219 [IPEngineApp] Registering with controller at tcp://10.128.2.254:43507
2020-03-02 02:30:50.220 [IPControllerApp] client::client b'a801362c-e9c9f5017a8f832c60d6b319' requested 'registration_request'
2020-03-02 02:30:50.271 [IPEngineApp] Starting to monitor the heartbeat signal from the hub every 3010 ms.
2020-03-02 02:30:50.279 [IPEngineApp] Completed registration with id 3
2020-03-02 02:30:54.113 [IPControllerApp] registration::finished registering engine 1:b154d5ca-31842b7187da845f361dd87b
2020-03-02 02:30:54.113 [IPControllerApp] engine::Engine Connected: 1
2020-03-02 02:30:54.126 [IPControllerApp] registration::finished registering engine 3:a801362c-e9c9f5017a8f832c60d6b319
2020-03-02 02:30:54.126 [IPControllerApp] engine::Engine Connected: 3
2020-03-02 02:30:54.129 [IPControllerApp] registration::finished registering engine 0:161339f0-3d4a95cf5203ac1d414406d7
2020-03-02 02:30:54.129 [IPControllerApp] engine::Engine Connected: 0
2020-03-02 02:30:54.131 [IPControllerApp] registration::finished registering engine 2:086f60f3-38c0a841a726cccf55475bb1
2020-03-02 02:30:54.131 [IPControllerApp] engine::Engine Connected: 2
2020-03-02 02:30:59.142 [IPEngineApp] Loading url_file '/global/u2/m/muszyng/.ipython/profile_default/security/ipcontroller-cori_28418320-engine.json'
2020-03-02 02:30:59.147 [IPControllerApp] client::client b'5b0bc825-69629ae43c1a67fd0e743320' requested 'registration_request'
2020-03-02 02:30:59.146 [IPEngineApp] Registering with controller at tcp://10.128.2.254:43507
2020-03-02 02:30:59.197 [IPEngineApp] Starting to monitor the heartbeat signal from the hub every 3010 ms.
2020-03-02 02:30:59.208 [IPEngineApp] Completed registration with id 4
2020-03-02 02:31:03.113 [IPControllerApp] registration::finished registering engine 4:5b0bc825-69629ae43c1a67fd0e743320
2020-03-02 02:31:03.113 [IPControllerApp] engine::Engine Connected: 4
2020-03-02 02:31:58.031 [IPControllerApp] client::client b'\x00k\x8bEh' requested 'connection_request'
2020-03-02 02:31:58.031 [IPControllerApp] client::client [b'\x00k\x8bEh'] connected
Model_D_6 121 321 20
Job id: 28418320; Cluster id: cori_28418320
Worker IDs: [0, 1, 2, 3, 4]
Original order  ['6_train_0_.h5', '6_train_1_.h5', '6_train_2_.h5', '6_train_3_.h5', '6_train_4_.h5', '6_train_5_.h5', '6_train_6_.h5', '6_train_7_.h5', '6_train_8_.h5', '6_train_9_.h5', '6_train_10_.h5', '6_train_11_.h5', '6_train_12_.h5', '6_train_13_.h5', '6_train_14_.h5', '6_train_15_.h5', '6_train_16_.h5', '6_train_17_.h5', '6_train_18_.h5', '6_train_19_.h5'] ['6_val_0_.h5', '6_val_1_.h5', '6_val_2_.h5', '6_val_3_.h5', '6_val_4_.h5', '6_val_5_.h5', '6_val_6_.h5', '6_val_7_.h5', '6_val_8_.h5', '6_val_9_.h5', '6_val_10_.h5', '6_val_11_.h5', '6_val_12_.h5', '6_val_13_.h5', '6_val_14_.h5', '6_val_15_.h5', '6_val_16_.h5', '6_val_17_.h5', '6_val_18_.h5', '6_val_19_.h5']
Shuffled files: ['6_train_5_.h5', '6_train_0_.h5', '6_train_8_.h5', '6_train_3_.h5', '6_train_18_.h5', '6_train_2_.h5', '6_train_6_.h5', '6_train_14_.h5', '6_train_16_.h5', '6_train_19_.h5', '6_train_11_.h5', '6_train_1_.h5', '6_train_7_.h5', '6_train_9_.h5', '6_train_10_.h5', '6_train_17_.h5', '6_train_15_.h5', '6_train_13_.h5', '6_train_4_.h5', '6_train_12_.h5'] ['6_val_12_.h5', '6_val_0_.h5', '6_val_1_.h5', '6_val_8_.h5', '6_val_9_.h5', '6_val_5_.h5', '6_val_3_.h5', '6_val_11_.h5', '6_val_13_.h5', '6_val_10_.h5', '6_val_2_.h5', '6_val_16_.h5', '6_val_6_.h5', '6_val_15_.h5', '6_val_14_.h5', '6_val_7_.h5', '6_val_19_.h5', '6_val_17_.h5', '6_val_4_.h5', '6_val_18_.h5']
/global/cscratch1/sd/muszyng/cnn_model_runs/regression/Model_D/Model_D_6/28418320
['ihp', 'n_hpo_trials', 'n_convs_layers', 'conv_sizes', 'n_fc_layers', 'fc_sizes', 'dropout', 'optimizer', 'lr', 'batch_sizes', 'n_epochs', 'repeats_conv', 'recep_fields', 'checkpoint_dir']
Hyperparameter trial 0 conv [ 64 128 256 512] fc [256 128  64] dropout 0.1146 opt Adam, lr 0.0000, batch sizes 256
Checkpoint file: /global/cscratch1/sd/muszyng/cnn_model_runs/regression/Model_D/Model_D_6/28418320/model_0.h5
Hyperparameter trial 1 conv [ 64 128 256 512] fc [256 128  64] dropout 0.1126 opt Adam, lr 0.0000, batch sizes 128
Checkpoint file: /global/cscratch1/sd/muszyng/cnn_model_runs/regression/Model_D/Model_D_6/28418320/model_1.h5
Hyperparameter trial 2 conv [ 64 128 256 512] fc [256 128  64] dropout 0.1030 opt Adam, lr 0.0000, batch sizes 128
Checkpoint file: /global/cscratch1/sd/muszyng/cnn_model_runs/regression/Model_D/Model_D_6/28418320/model_2.h5
Hyperparameter trial 3 conv [ 64 128 256 512] fc [256 128  64] dropout 0.1102 opt Adam, lr 0.0000, batch sizes 64
Checkpoint file: /global/cscratch1/sd/muszyng/cnn_model_runs/regression/Model_D/Model_D_6/28418320/model_3.h5
Hyperparameter trial 4 conv [ 64 128 256 512] fc [256 128  64] dropout 0.1103 opt Adam, lr 0.0000, batch sizes 256
Checkpoint file: /global/cscratch1/sd/muszyng/cnn_model_runs/regression/Model_D/Model_D_6/28418320/model_4.h5
2020-03-02 02:31:58.051 [IPControllerApp] task::task 'a20c0917-18900b98d7cb0d64377e3eaf' arrived on 4
2020-03-02 02:31:58.053 [IPControllerApp] task::task '5f52af7a-45df31a03991b57d3b8ed834' arrived on 2
2020-03-02 02:31:58.055 [IPControllerApp] task::task 'f158098a-19165996a8f23646b4384255' arrived on 0
2020-03-02 02:31:58.057 [IPControllerApp] task::task 'ad5bdbc7-fd1f8c750bce4e2349222807' arrived on 3
2020-03-02 02:31:58.058 [IPControllerApp] task::task '7bdb66fe-934d3cea46c0bd1bd5d4ebee' arrived on 1
WARNING:tensorflow:From test_ipyparallel.py:101: The name tf.keras.backend.set_session is deprecated. Please use tf.compat.v1.keras.backend.set_session instead.

WARNING:tensorflow:From /global/u2/m/muszyng/project-cnn-tda/cnn-project/my_project/new_project_mid_lat/code_for_paper/project/Model_D/Model_D_regres/mlextras.py:39: The name tf.ConfigProto is deprecated. Please use tf.compat.v1.ConfigProto instead.

WARNING:tensorflow:From /global/u2/m/muszyng/project-cnn-tda/cnn-project/my_project/new_project_mid_lat/code_for_paper/project/Model_D/Model_D_regres/mlextras.py:43: The name tf.Session is deprecated. Please use tf.compat.v1.Session instead.

2020-03-02 02:32:00.278464: I tensorflow/core/platform/cpu_feature_guard.cc:145] This TensorFlow binary is optimized with Intel(R) MKL-DNN to use the following CPU instructions in performance critical operations:  SSE4.1 SSE4.2 AVX AVX2 FMA
To enable them in non-MKL-DNN operations, rebuild TensorFlow with the appropriate compiler flags.
2020-03-02 02:32:00.298055: I tensorflow/core/platform/profile_utils/cpu_utils.cc:94] CPU Frequency: 2300130000 Hz
2020-03-02 02:32:00.299886: I tensorflow/compiler/xla/service/service.cc:168] XLA service 0x555558df3fe0 initialized for platform Host (this does not guarantee that XLA will be used). Devices:
2020-03-02 02:32:00.299906: I tensorflow/compiler/xla/service/service.cc:176]   StreamExecutor device (0): Host, Default Version
WARNING:tensorflow:From /usr/common/software/tensorflow/intel-tensorflow/1.15.0-py37/lib/python3.7/site-packages/tensorflow_core/python/ops/resource_variable_ops.py:1630: calling BaseResourceVariable.__init__ (from tensorflow.python.ops.resource_variable_ops) with constraint is deprecated and will be removed in a future version.
Instructions for updating:
If using Keras pass *_constraint arguments to layers.
WARNING:tensorflow:`epsilon` argument is deprecated and will be removed, use `min_delta` instead.
WARNING:tensorflow:`period` argument is deprecated. Please use `save_freq` to specify the frequency in number of samples seen.
WARNING:tensorflow:From test_ipyparallel.py:101: The name tf.keras.backend.set_session is deprecated. Please use tf.compat.v1.keras.backend.set_session instead.

WARNING:tensorflow:From /global/u2/m/muszyng/project-cnn-tda/cnn-project/my_project/new_project_mid_lat/code_for_paper/project/Model_D/Model_D_regres/mlextras.py:39: The name tf.ConfigProto is deprecated. Please use tf.compat.v1.ConfigProto instead.

WARNING:tensorflow:From /global/u2/m/muszyng/project-cnn-tda/cnn-project/my_project/new_project_mid_lat/code_for_paper/project/Model_D/Model_D_regres/mlextras.py:43: The name tf.Session is deprecated. Please use tf.compat.v1.Session instead.

2020-03-02 02:32:02.250257: I tensorflow/core/platform/cpu_feature_guard.cc:145] This TensorFlow binary is optimized with Intel(R) MKL-DNN to use the following CPU instructions in performance critical operations:  SSE4.1 SSE4.2 AVX AVX2 FMA
To enable them in non-MKL-DNN operations, rebuild TensorFlow with the appropriate compiler flags.
2020-03-02 02:32:02.272219: I tensorflow/core/platform/profile_utils/cpu_utils.cc:94] CPU Frequency: 2300140000 Hz
2020-03-02 02:32:02.273956: I tensorflow/compiler/xla/service/service.cc:168] XLA service 0x555558df3a00 initialized for platform Host (this does not guarantee that XLA will be used). Devices:
2020-03-02 02:32:02.273971: I tensorflow/compiler/xla/service/service.cc:176]   StreamExecutor device (0): Host, Default Version
WARNING:tensorflow:From /usr/common/software/tensorflow/intel-tensorflow/1.15.0-py37/lib/python3.7/site-packages/tensorflow_core/python/ops/resource_variable_ops.py:1630: calling BaseResourceVariable.__init__ (from tensorflow.python.ops.resource_variable_ops) with constraint is deprecated and will be removed in a future version.
Instructions for updating:
If using Keras pass *_constraint arguments to layers.
WARNING:tensorflow:From test_ipyparallel.py:101: The name tf.keras.backend.set_session is deprecated. Please use tf.compat.v1.keras.backend.set_session instead.

WARNING:tensorflow:From /global/u2/m/muszyng/project-cnn-tda/cnn-project/my_project/new_project_mid_lat/code_for_paper/project/Model_D/Model_D_regres/mlextras.py:39: The name tf.ConfigProto is deprecated. Please use tf.compat.v1.ConfigProto instead.

WARNING:tensorflow:From /global/u2/m/muszyng/project-cnn-tda/cnn-project/my_project/new_project_mid_lat/code_for_paper/project/Model_D/Model_D_regres/mlextras.py:43: The name tf.Session is deprecated. Please use tf.compat.v1.Session instead.

2020-03-02 02:32:02.337203: I tensorflow/core/platform/cpu_feature_guard.cc:145] This TensorFlow binary is optimized with Intel(R) MKL-DNN to use the following CPU instructions in performance critical operations:  SSE4.1 SSE4.2 AVX AVX2 FMA
To enable them in non-MKL-DNN operations, rebuild TensorFlow with the appropriate compiler flags.
2020-03-02 02:32:02.358776: I tensorflow/core/platform/profile_utils/cpu_utils.cc:94] CPU Frequency: 2299905000 Hz
2020-03-02 02:32:02.360476: I tensorflow/compiler/xla/service/service.cc:168] XLA service 0x555558df3a00 initialized for platform Host (this does not guarantee that XLA will be used). Devices:
2020-03-02 02:32:02.360491: I tensorflow/compiler/xla/service/service.cc:176]   StreamExecutor device (0): Host, Default Version
WARNING:tensorflow:From /usr/common/software/tensorflow/intel-tensorflow/1.15.0-py37/lib/python3.7/site-packages/tensorflow_core/python/ops/resource_variable_ops.py:1630: calling BaseResourceVariable.__init__ (from tensorflow.python.ops.resource_variable_ops) with constraint is deprecated and will be removed in a future version.
Instructions for updating:
If using Keras pass *_constraint arguments to layers.
WARNING:tensorflow:`epsilon` argument is deprecated and will be removed, use `min_delta` instead.
WARNING:tensorflow:`period` argument is deprecated. Please use `save_freq` to specify the frequency in number of samples seen.
WARNING:tensorflow:`epsilon` argument is deprecated and will be removed, use `min_delta` instead.
WARNING:tensorflow:`period` argument is deprecated. Please use `save_freq` to specify the frequency in number of samples seen.
WARNING:tensorflow:From test_ipyparallel.py:101: The name tf.keras.backend.set_session is deprecated. Please use tf.compat.v1.keras.backend.set_session instead.

WARNING:tensorflow:From /global/u2/m/muszyng/project-cnn-tda/cnn-project/my_project/new_project_mid_lat/code_for_paper/project/Model_D/Model_D_regres/mlextras.py:39: The name tf.ConfigProto is deprecated. Please use tf.compat.v1.ConfigProto instead.

WARNING:tensorflow:From /global/u2/m/muszyng/project-cnn-tda/cnn-project/my_project/new_project_mid_lat/code_for_paper/project/Model_D/Model_D_regres/mlextras.py:43: The name tf.Session is deprecated. Please use tf.compat.v1.Session instead.

2020-03-02 02:32:03.097323: I tensorflow/core/platform/cpu_feature_guard.cc:145] This TensorFlow binary is optimized with Intel(R) MKL-DNN to use the following CPU instructions in performance critical operations:  SSE4.1 SSE4.2 AVX AVX2 FMA
To enable them in non-MKL-DNN operations, rebuild TensorFlow with the appropriate compiler flags.
2020-03-02 02:32:03.119827: I tensorflow/core/platform/profile_utils/cpu_utils.cc:94] CPU Frequency: 2300130000 Hz
2020-03-02 02:32:03.121611: I tensorflow/compiler/xla/service/service.cc:168] XLA service 0x555558df5940 initialized for platform Host (this does not guarantee that XLA will be used). Devices:
2020-03-02 02:32:03.121637: I tensorflow/compiler/xla/service/service.cc:176]   StreamExecutor device (0): Host, Default Version
WARNING:tensorflow:From /usr/common/software/tensorflow/intel-tensorflow/1.15.0-py37/lib/python3.7/site-packages/tensorflow_core/python/ops/resource_variable_ops.py:1630: calling BaseResourceVariable.__init__ (from tensorflow.python.ops.resource_variable_ops) with constraint is deprecated and will be removed in a future version.
Instructions for updating:
If using Keras pass *_constraint arguments to layers.
WARNING:tensorflow:From test_ipyparallel.py:101: The name tf.keras.backend.set_session is deprecated. Please use tf.compat.v1.keras.backend.set_session instead.

WARNING:tensorflow:From /global/u2/m/muszyng/project-cnn-tda/cnn-project/my_project/new_project_mid_lat/code_for_paper/project/Model_D/Model_D_regres/mlextras.py:39: The name tf.ConfigProto is deprecated. Please use tf.compat.v1.ConfigProto instead.

WARNING:tensorflow:From /global/u2/m/muszyng/project-cnn-tda/cnn-project/my_project/new_project_mid_lat/code_for_paper/project/Model_D/Model_D_regres/mlextras.py:43: The name tf.Session is deprecated. Please use tf.compat.v1.Session instead.

2020-03-02 02:32:03.247440: I tensorflow/core/platform/cpu_feature_guard.cc:145] This TensorFlow binary is optimized with Intel(R) MKL-DNN to use the following CPU instructions in performance critical operations:  SSE4.1 SSE4.2 AVX AVX2 FMA
To enable them in non-MKL-DNN operations, rebuild TensorFlow with the appropriate compiler flags.
2020-03-02 02:32:03.268805: I tensorflow/core/platform/profile_utils/cpu_utils.cc:94] CPU Frequency: 2299835000 Hz
2020-03-02 02:32:03.270687: I tensorflow/compiler/xla/service/service.cc:168] XLA service 0x555558df3d80 initialized for platform Host (this does not guarantee that XLA will be used). Devices:
2020-03-02 02:32:03.270703: I tensorflow/compiler/xla/service/service.cc:176]   StreamExecutor device (0): Host, Default Version
WARNING:tensorflow:From /usr/common/software/tensorflow/intel-tensorflow/1.15.0-py37/lib/python3.7/site-packages/tensorflow_core/python/ops/resource_variable_ops.py:1630: calling BaseResourceVariable.__init__ (from tensorflow.python.ops.resource_variable_ops) with constraint is deprecated and will be removed in a future version.
Instructions for updating:
If using Keras pass *_constraint arguments to layers.
WARNING:tensorflow:`epsilon` argument is deprecated and will be removed, use `min_delta` instead.
WARNING:tensorflow:`period` argument is deprecated. Please use `save_freq` to specify the frequency in number of samples seen.
WARNING:tensorflow:`epsilon` argument is deprecated and will be removed, use `min_delta` instead.
WARNING:tensorflow:`period` argument is deprecated. Please use `save_freq` to specify the frequency in number of samples seen.
2020-03-02 02:32:52.930 [IPEngineApp] Exception in apply request:
[0;31m---------------------------------------------------------------------------[0m
[0;31mInvalidArgumentError[0m                      Traceback (most recent call last)
[0;32m<string>[0m in [0;36m<module>[0;34m[0m

[0;32m/global/u2/m/muszyng/project-cnn-tda/cnn-project/my_project/new_project_mid_lat/code_for_paper/project/Model_D/Model_D_regres/test_ipyparallel.py[0m in [0;36mbuild_and_train[0;34m(input_dir, input_size, conv_sizes, fc_sizes, dropout, optimizer, lr, batch_size, n_epochs, repeats_conv, recep_field, checkpoint_dir, checkpoint_file, l_fnames_train, l_fnames_val, ihp, verbose)[0m
[1;32m    126[0m                               [0mcheckpoint_dir[0m[0;34m=[0m[0mcheckpoint_dir[0m[0;34m,[0m [0mcheckpoint_file[0m[0;34m=[0m[0mcheckpoint_file[0m[0;34m,[0m[0;34m[0m[0;34m[0m[0m
[1;32m    127[0m                               [0mdata_dir_path[0m[0;34m=[0m[0minput_dir[0m[0;34m[[0m[0;34m:[0m[0;34m-[0m[0;36m1[0m[0;34m][0m[0;34m,[0m[0;34m[0m[0;34m[0m[0m
[0;32m--> 128[0;31m                               l_fnames_train=l_fnames_train, l_fnames_val=l_fnames_val, ihp=ihp, verbose=verbose)
[0m[1;32m    129[0m [0;34m[0m[0m
[1;32m    130[0m         [0;31m#oldStdout = sys.stdout[0m[0;34m[0m[0;34m[0m[0;34m[0m[0m

[0;32m/global/u2/m/muszyng/project-cnn-tda/cnn-project/my_project/new_project_mid_lat/code_for_paper/project/Model_D/Model_D_regres/model_code.py[0m in [0;36mtrain_model[0;34m(model, batch_size, n_epochs, checkpoint_dir, checkpoint_file, data_dir_path, l_fnames_train, l_fnames_val, ihp, verbose, callbacks)[0m
[1;32m    610[0m                 [0mcallbacks[0m[0;34m=[0m[0mrpv_callbacks[0m[0;34m,[0m [0mshuffle[0m[0;34m=[0m[0;32mTrue[0m[0;34m,[0m[0;34m[0m[0;34m[0m[0m
[1;32m    611[0m                 [0mepochs[0m[0;34m=[0m[0mn_epochs[0m[0;34m,[0m[0;34m[0m[0;34m[0m[0m
[0;32m--> 612[0;31m                 verbose=1)
[0m[1;32m    613[0m [0;34m[0m[0m
[1;32m    614[0m     [0;32mreturn[0m [0mm[0m[0;34m[0m[0;34m[0m[0m

[0;32m/usr/common/software/tensorflow/intel-tensorflow/1.15.0-py37/lib/python3.7/site-packages/tensorflow_core/python/keras/engine/training.py[0m in [0;36mfit_generator[0;34m(self, generator, steps_per_epoch, epochs, verbose, callbacks, validation_data, validation_steps, validation_freq, class_weight, max_queue_size, workers, use_multiprocessing, shuffle, initial_epoch)[0m
[1;32m   1294[0m         [0mshuffle[0m[0;34m=[0m[0mshuffle[0m[0;34m,[0m[0;34m[0m[0;34m[0m[0m
[1;32m   1295[0m         [0minitial_epoch[0m[0;34m=[0m[0minitial_epoch[0m[0;34m,[0m[0;34m[0m[0;34m[0m[0m
[0;32m-> 1296[0;31m         steps_name='steps_per_epoch')
[0m[1;32m   1297[0m [0;34m[0m[0m
[1;32m   1298[0m   def evaluate_generator(self,

[0;32m/usr/common/software/tensorflow/intel-tensorflow/1.15.0-py37/lib/python3.7/site-packages/tensorflow_core/python/keras/engine/training_generator.py[0m in [0;36mmodel_iteration[0;34m(model, data, steps_per_epoch, epochs, verbose, callbacks, validation_data, validation_steps, validation_freq, class_weight, max_queue_size, workers, use_multiprocessing, shuffle, initial_epoch, mode, batch_size, steps_name, **kwargs)[0m
[1;32m    263[0m [0;34m[0m[0m
[1;32m    264[0m       [0mis_deferred[0m [0;34m=[0m [0;32mnot[0m [0mmodel[0m[0;34m.[0m[0m_is_compiled[0m[0;34m[0m[0;34m[0m[0m
[0;32m--> 265[0;31m       [0mbatch_outs[0m [0;34m=[0m [0mbatch_function[0m[0;34m([0m[0;34m*[0m[0mbatch_data[0m[0;34m)[0m[0;34m[0m[0;34m[0m[0m
[0m[1;32m    266[0m       [0;32mif[0m [0;32mnot[0m [0misinstance[0m[0;34m([0m[0mbatch_outs[0m[0;34m,[0m [0mlist[0m[0;34m)[0m[0;34m:[0m[0;34m[0m[0;34m[0m[0m
[1;32m    267[0m         [0mbatch_outs[0m [0;34m=[0m [0;34m[[0m[0mbatch_outs[0m[0;34m][0m[0;34m[0m[0;34m[0m[0m

[0;32m/usr/common/software/tensorflow/intel-tensorflow/1.15.0-py37/lib/python3.7/site-packages/tensorflow_core/python/keras/engine/training.py[0m in [0;36mtrain_on_batch[0;34m(self, x, y, sample_weight, class_weight, reset_metrics)[0m
[1;32m   1015[0m       [0mself[0m[0;34m.[0m[0m_update_sample_weight_modes[0m[0;34m([0m[0msample_weights[0m[0;34m=[0m[0msample_weights[0m[0;34m)[0m[0;34m[0m[0;34m[0m[0m
[1;32m   1016[0m       [0mself[0m[0;34m.[0m[0m_make_train_function[0m[0;34m([0m[0;34m)[0m[0;34m[0m[0;34m[0m[0m
[0;32m-> 1017[0;31m       [0moutputs[0m [0;34m=[0m [0mself[0m[0;34m.[0m[0mtrain_function[0m[0;34m([0m[0mins[0m[0;34m)[0m  [0;31m# pylint: disable=not-callable[0m[0;34m[0m[0;34m[0m[0m
[0m[1;32m   1018[0m [0;34m[0m[0m
[1;32m   1019[0m     [0;32mif[0m [0mreset_metrics[0m[0;34m:[0m[0;34m[0m[0;34m[0m[0m

2020-03-02 02:32:52.933 [IPControllerApp] task::task 'ad5bdbc7-fd1f8c750bce4e2349222807' finished on 3
[0;32m/usr/common/software/tensorflow/intel-tensorflow/1.15.0-py37/lib/python3.7/site-packages/tensorflow_core/python/keras/backend.py[0m in [0;36m__call__[0;34m(self, inputs)[0m
[1;32m   3474[0m [0;34m[0m[0m
[1;32m   3475[0m     fetched = self._callable_fn(*array_vals,
[0;32m-> 3476[0;31m                                 run_metadata=self.run_metadata)
[0m[1;32m   3477[0m     [0mself[0m[0;34m.[0m[0m_call_fetch_callbacks[0m[0;34m([0m[0mfetched[0m[0;34m[[0m[0;34m-[0m[0mlen[0m[0;34m([0m[0mself[0m[0;34m.[0m[0m_fetches[0m[0;34m)[0m[0;34m:[0m[0;34m][0m[0;34m)[0m[0;34m[0m[0;34m[0m[0m
[1;32m   3478[0m     output_structure = nest.pack_sequence_as(

[0;32m/usr/common/software/tensorflow/intel-tensorflow/1.15.0-py37/lib/python3.7/site-packages/tensorflow_core/python/client/session.py[0m in [0;36m__call__[0;34m(self, *args, **kwargs)[0m
[1;32m   1470[0m         ret = tf_session.TF_SessionRunCallable(self._session._session,
[1;32m   1471[0m                                                [0mself[0m[0;34m.[0m[0m_handle[0m[0;34m,[0m [0margs[0m[0;34m,[0m[0;34m[0m[0;34m[0m[0m
[0;32m-> 1472[0;31m                                                run_metadata_ptr)
[0m[1;32m   1473[0m         [0;32mif[0m [0mrun_metadata[0m[0;34m:[0m[0;34m[0m[0;34m[0m[0m
[1;32m   1474[0m           [0mproto_data[0m [0;34m=[0m [0mtf_session[0m[0;34m.[0m[0mTF_GetBuffer[0m[0;34m([0m[0mrun_metadata_ptr[0m[0;34m)[0m[0;34m[0m[0;34m[0m[0m

[0;31mInvalidArgumentError[0m: input and filter must have the same depth: 40 vs 64
	 [[{{node conv2d_1/Relu}}]]
2020-03-02 02:32:53.683 [IPEngineApp] WARNING | No heartbeat in the last 3010 ms (1 time(s) in a row).
2020-03-02 02:36:48.113 [IPControllerApp] heartbeat::missed b'5b0bc825-69629ae43c1a67fd0e743320' : 1
2020-03-02 02:36:45.455 [IPEngineApp] WARNING | No heartbeat in the last 3010 ms (1 time(s) in a row).
2020-03-02 02:37:41.098 [IPControllerApp] heartbeat::missed b'a801362c-e9c9f5017a8f832c60d6b319' : 1
2020-03-02 02:36:48.465 [IPEngineApp] WARNING | No heartbeat in the last 3010 ms (2 time(s) in a row).
2020-03-02 02:37:41.098 [IPControllerApp] heartbeat::missed b'086f60f3-38c0a841a726cccf55475bb1' : 1
2020-03-02 02:36:51.475 [IPEngineApp] WARNING | No heartbeat in the last 3010 ms (3 time(s) in a row).
2020-03-02 02:37:41.098 [IPControllerApp] heartbeat::missed b'b154d5ca-31842b7187da845f361dd87b' : 1
2020-03-02 02:36:54.485 [IPEngineApp] WARNING | No heartbeat in the last 3010 ms (4 time(s) in a row).
2020-03-02 02:36:57.495 [IPEngineApp] WARNING | No heartbeat in the last 3010 ms (5 time(s) in a row).
2020-03-02 02:37:00.505 [IPEngineApp] WARNING | No heartbeat in the last 3010 ms (6 time(s) in a row).
2020-03-02 02:37:03.514 [IPEngineApp] WARNING | No heartbeat in the last 3010 ms (7 time(s) in a row).
2020-03-02 02:37:06.525 [IPEngineApp] WARNING | No heartbeat in the last 3010 ms (8 time(s) in a row).
2020-03-02 02:37:09.535 [IPEngineApp] WARNING | No heartbeat in the last 3010 ms (9 time(s) in a row).
2020-03-02 02:37:12.545 [IPEngineApp] WARNING | No heartbeat in the last 3010 ms (10 time(s) in a row).
2020-03-02 02:37:15.555 [IPEngineApp] WARNING | No heartbeat in the last 3010 ms (11 time(s) in a row).
2020-03-02 02:37:18.565 [IPEngineApp] WARNING | No heartbeat in the last 3010 ms (12 time(s) in a row).
2020-03-02 02:37:21.575 [IPEngineApp] WARNING | No heartbeat in the last 3010 ms (13 time(s) in a row).
2020-03-02 02:37:24.585 [IPEngineApp] WARNING | No heartbeat in the last 3010 ms (14 time(s) in a row).
2020-03-02 02:37:27.595 [IPEngineApp] WARNING | No heartbeat in the last 3010 ms (15 time(s) in a row).
2020-03-02 02:37:30.605 [IPEngineApp] WARNING | No heartbeat in the last 3010 ms (16 time(s) in a row).
2020-03-02 02:37:33.615 [IPEngineApp] WARNING | No heartbeat in the last 3010 ms (17 time(s) in a row).
2020-03-02 02:37:36.625 [IPEngineApp] WARNING | No heartbeat in the last 3010 ms (18 time(s) in a row).
2020-03-02 02:37:41.100 [IPControllerApp] WARNING | heartbeat::heart b'a801362c-e9c9f5017a8f832c60d6b319' missed a beat, and took 55988.26 ms to respond
2020-03-02 02:37:41.100 [IPControllerApp] WARNING | heartbeat::heart b'5b0bc825-69629ae43c1a67fd0e743320' missed a beat, and took 55988.56 ms to respond
2020-03-02 02:37:41.100 [IPControllerApp] WARNING | heartbeat::heart b'086f60f3-38c0a841a726cccf55475bb1' missed a beat, and took 55988.77 ms to respond
2020-03-02 02:37:41.100 [IPControllerApp] WARNING | heartbeat::heart b'b154d5ca-31842b7187da845f361dd87b' missed a beat, and took 55988.98 ms to respond
2020-03-02 05:55:25.783 [IPControllerApp] task::task '7bdb66fe-934d3cea46c0bd1bd5d4ebee' finished on 1
2020-03-02 06:33:17.510 [IPControllerApp] task::task '5f52af7a-45df31a03991b57d3b8ed834' finished on 2
2020-03-02 06:34:06.113 [IPControllerApp] heartbeat::missed b'5b0bc825-69629ae43c1a67fd0e743320' : 1
2020-03-02 06:34:47.887 [IPControllerApp] heartbeat::missed b'a801362c-e9c9f5017a8f832c60d6b319' : 1
2020-03-02 06:34:47.887 [IPControllerApp] heartbeat::missed b'086f60f3-38c0a841a726cccf55475bb1' : 1
2020-03-02 06:34:47.887 [IPControllerApp] heartbeat::missed b'b154d5ca-31842b7187da845f361dd87b' : 1
2020-03-02 06:34:48.111 [IPControllerApp] heartbeat::missed b'5b0bc825-69629ae43c1a67fd0e743320' : 2
2020-03-02 06:34:48.111 [IPControllerApp] heartbeat::missed b'a801362c-e9c9f5017a8f832c60d6b319' : 2
2020-03-02 06:34:48.111 [IPControllerApp] heartbeat::missed b'086f60f3-38c0a841a726cccf55475bb1' : 2
2020-03-02 06:34:48.111 [IPControllerApp] heartbeat::missed b'b154d5ca-31842b7187da845f361dd87b' : 2
2020-03-02 06:34:51.111 [IPControllerApp] heartbeat::missed b'5b0bc825-69629ae43c1a67fd0e743320' : 3
2020-03-02 06:34:51.112 [IPControllerApp] heartbeat::missed b'a801362c-e9c9f5017a8f832c60d6b319' : 3
2020-03-02 06:34:51.112 [IPControllerApp] heartbeat::missed b'086f60f3-38c0a841a726cccf55475bb1' : 3
2020-03-02 06:34:51.112 [IPControllerApp] heartbeat::missed b'b154d5ca-31842b7187da845f361dd87b' : 3
2020-03-02 06:34:54.111 [IPControllerApp] heartbeat::missed b'5b0bc825-69629ae43c1a67fd0e743320' : 4
2020-03-02 06:34:54.111 [IPControllerApp] heartbeat::missed b'a801362c-e9c9f5017a8f832c60d6b319' : 4
2020-03-02 06:34:54.111 [IPControllerApp] heartbeat::missed b'086f60f3-38c0a841a726cccf55475bb1' : 4
2020-03-02 06:34:54.111 [IPControllerApp] heartbeat::missed b'b154d5ca-31842b7187da845f361dd87b' : 4
2020-03-02 06:34:56.069 [IPControllerApp] WARNING | heartbeat::got bad heartbeat (possibly old?): b'14607.003170728683' (current=14658.001)
2020-03-02 06:34:56.070 [IPControllerApp] WARNING | heartbeat::got bad heartbeat (possibly old?): b'14607.003170728683' (current=14658.001)
2020-03-02 06:34:56.070 [IPControllerApp] WARNING | heartbeat::got bad heartbeat (possibly old?): b'14607.003170728683' (current=14658.001)
2020-03-02 06:34:56.071 [IPControllerApp] WARNING | heartbeat::got bad heartbeat (possibly old?): b'14607.003170728683' (current=14658.001)
2020-03-02 06:34:56.071 [IPControllerApp] WARNING | heartbeat::got bad heartbeat (possibly old?): b'14610.004007101059' (current=14658.001)
2020-03-02 06:34:56.071 [IPControllerApp] WARNING | heartbeat::got bad heartbeat (possibly old?): b'14610.004007101059' (current=14658.001)
2020-03-02 06:34:56.071 [IPControllerApp] WARNING | heartbeat::got bad heartbeat (possibly old?): b'14610.004007101059' (current=14658.001)
2020-03-02 06:34:56.072 [IPControllerApp] WARNING | heartbeat::got bad heartbeat (possibly old?): b'14610.004007101059' (current=14658.001)
2020-03-02 06:34:56.072 [IPControllerApp] WARNING | heartbeat::got bad heartbeat (possibly old?): b'14652.001492738724' (current=14658.001)
2020-03-02 06:34:56.072 [IPControllerApp] WARNING | heartbeat::got bad heartbeat (possibly old?): b'14652.001492738724' (current=14658.001)
2020-03-02 06:34:56.073 [IPControllerApp] WARNING | heartbeat::got bad heartbeat (possibly old?): b'14652.001492738724' (current=14658.001)
2020-03-02 06:34:56.073 [IPControllerApp] WARNING | heartbeat::got bad heartbeat (possibly old?): b'14652.001492738724' (current=14658.001)
2020-03-02 06:34:56.073 [IPControllerApp] WARNING | heartbeat::heart b'5b0bc825-69629ae43c1a67fd0e743320' missed a beat, and took 4961.99 ms to respond
2020-03-02 06:34:56.073 [IPControllerApp] WARNING | heartbeat::heart b'a801362c-e9c9f5017a8f832c60d6b319' missed a beat, and took 4962.28 ms to respond
2020-03-02 06:34:56.074 [IPControllerApp] WARNING | heartbeat::heart b'086f60f3-38c0a841a726cccf55475bb1' missed a beat, and took 4962.56 ms to respond
2020-03-02 06:34:56.074 [IPControllerApp] WARNING | heartbeat::heart b'b154d5ca-31842b7187da845f361dd87b' missed a beat, and took 4962.83 ms to respond
2020-03-02 06:34:05.765 [IPEngineApp] WARNING | No heartbeat in the last 3010 ms (1 time(s) in a row).
2020-03-02 06:34:08.775 [IPEngineApp] WARNING | No heartbeat in the last 3010 ms (2 time(s) in a row).
2020-03-02 06:34:11.785 [IPEngineApp] WARNING | No heartbeat in the last 3010 ms (3 time(s) in a row).
2020-03-02 06:34:14.795 [IPEngineApp] WARNING | No heartbeat in the last 3010 ms (4 time(s) in a row).
2020-03-02 06:34:17.804 [IPEngineApp] WARNING | No heartbeat in the last 3010 ms (5 time(s) in a row).
2020-03-02 06:34:20.815 [IPEngineApp] WARNING | No heartbeat in the last 3010 ms (6 time(s) in a row).
2020-03-02 06:34:23.825 [IPEngineApp] WARNING | No heartbeat in the last 3010 ms (7 time(s) in a row).
2020-03-02 06:34:26.835 [IPEngineApp] WARNING | No heartbeat in the last 3010 ms (8 time(s) in a row).
2020-03-02 06:34:29.845 [IPEngineApp] WARNING | No heartbeat in the last 3010 ms (9 time(s) in a row).
2020-03-02 06:34:32.855 [IPEngineApp] WARNING | No heartbeat in the last 3010 ms (10 time(s) in a row).
2020-03-02 06:34:35.865 [IPEngineApp] WARNING | No heartbeat in the last 3010 ms (11 time(s) in a row).
2020-03-02 06:34:38.874 [IPEngineApp] WARNING | No heartbeat in the last 3010 ms (12 time(s) in a row).
2020-03-02 06:34:41.885 [IPEngineApp] WARNING | No heartbeat in the last 3010 ms (13 time(s) in a row).
2020-03-02 06:34:44.895 [IPEngineApp] WARNING | No heartbeat in the last 3010 ms (14 time(s) in a row).
2020-03-02 06:34:47.904 [IPEngineApp] WARNING | No heartbeat in the last 3010 ms (15 time(s) in a row).
2020-03-02 06:34:50.915 [IPEngineApp] WARNING | No heartbeat in the last 3010 ms (16 time(s) in a row).
2020-03-02 06:34:53.925 [IPEngineApp] WARNING | No heartbeat in the last 3010 ms (17 time(s) in a row).
2020-03-02 06:34:05.475 [IPEngineApp] WARNING | No heartbeat in the last 3010 ms (1 time(s) in a row).
2020-03-02 06:34:08.484 [IPEngineApp] WARNING | No heartbeat in the last 3010 ms (2 time(s) in a row).
2020-03-02 06:34:11.495 [IPEngineApp] WARNING | No heartbeat in the last 3010 ms (3 time(s) in a row).
2020-03-02 06:34:14.505 [IPEngineApp] WARNING | No heartbeat in the last 3010 ms (4 time(s) in a row).
2020-03-02 06:34:17.514 [IPEngineApp] WARNING | No heartbeat in the last 3010 ms (5 time(s) in a row).
2020-03-02 06:34:20.525 [IPEngineApp] WARNING | No heartbeat in the last 3010 ms (6 time(s) in a row).
2020-03-02 06:34:23.535 [IPEngineApp] WARNING | No heartbeat in the last 3010 ms (7 time(s) in a row).
2020-03-02 06:34:26.544 [IPEngineApp] WARNING | No heartbeat in the last 3010 ms (8 time(s) in a row).
2020-03-02 06:34:29.555 [IPEngineApp] WARNING | No heartbeat in the last 3010 ms (9 time(s) in a row).
2020-03-02 06:34:32.565 [IPEngineApp] WARNING | No heartbeat in the last 3010 ms (10 time(s) in a row).
2020-03-02 06:34:35.574 [IPEngineApp] WARNING | No heartbeat in the last 3010 ms (11 time(s) in a row).
2020-03-02 06:34:38.585 [IPEngineApp] WARNING | No heartbeat in the last 3010 ms (12 time(s) in a row).
2020-03-02 06:34:41.595 [IPEngineApp] WARNING | No heartbeat in the last 3010 ms (13 time(s) in a row).
2020-03-02 06:34:44.604 [IPEngineApp] WARNING | No heartbeat in the last 3010 ms (14 time(s) in a row).
2020-03-02 06:34:47.615 [IPEngineApp] WARNING | No heartbeat in the last 3010 ms (15 time(s) in a row).
2020-03-02 06:34:50.625 [IPEngineApp] WARNING | No heartbeat in the last 3010 ms (16 time(s) in a row).
2020-03-02 06:34:53.634 [IPEngineApp] WARNING | No heartbeat in the last 3010 ms (17 time(s) in a row).
2020-03-02 06:34:05.511 [IPEngineApp] WARNING | No heartbeat in the last 3010 ms (1 time(s) in a row).
2020-03-02 06:34:08.522 [IPEngineApp] WARNING | No heartbeat in the last 3010 ms (2 time(s) in a row).
2020-03-02 06:34:11.531 [IPEngineApp] WARNING | No heartbeat in the last 3010 ms (3 time(s) in a row).
2020-03-02 06:34:14.541 [IPEngineApp] WARNING | No heartbeat in the last 3010 ms (4 time(s) in a row).
2020-03-02 06:34:17.551 [IPEngineApp] WARNING | No heartbeat in the last 3010 ms (5 time(s) in a row).
2020-03-02 06:34:20.562 [IPEngineApp] WARNING | No heartbeat in the last 3010 ms (6 time(s) in a row).
2020-03-02 06:34:23.571 [IPEngineApp] WARNING | No heartbeat in the last 3010 ms (7 time(s) in a row).
2020-03-02 06:34:26.581 [IPEngineApp] WARNING | No heartbeat in the last 3010 ms (8 time(s) in a row).
2020-03-02 06:34:29.592 [IPEngineApp] WARNING | No heartbeat in the last 3010 ms (9 time(s) in a row).
2020-03-02 06:34:32.601 [IPEngineApp] WARNING | No heartbeat in the last 3010 ms (10 time(s) in a row).
2020-03-02 06:34:35.612 [IPEngineApp] WARNING | No heartbeat in the last 3010 ms (11 time(s) in a row).
2020-03-02 06:34:38.621 [IPEngineApp] WARNING | No heartbeat in the last 3010 ms (12 time(s) in a row).
2020-03-02 06:34:41.631 [IPEngineApp] WARNING | No heartbeat in the last 3010 ms (13 time(s) in a row).
2020-03-02 06:34:44.641 [IPEngineApp] WARNING | No heartbeat in the last 3010 ms (14 time(s) in a row).
2020-03-02 06:34:47.651 [IPEngineApp] WARNING | No heartbeat in the last 3010 ms (15 time(s) in a row).
2020-03-02 06:34:50.661 [IPEngineApp] WARNING | No heartbeat in the last 3010 ms (16 time(s) in a row).
2020-03-02 06:34:53.672 [IPEngineApp] WARNING | No heartbeat in the last 3010 ms (17 time(s) in a row).
2020-03-02 06:47:33.495 [IPControllerApp] task::task 'a20c0917-18900b98d7cb0d64377e3eaf' finished on 4
IOStream.flush timed out
IOStream.flush timed out
2020-03-02 06:47:35.349 [IPEngineApp] WARNING | No heartbeat in the last 3010 ms (1 time(s) in a row).
2020-03-02 07:11:11.900 [IPControllerApp] task::task 'f158098a-19165996a8f23646b4384255' finished on 0
slurmstepd: error: *** STEP 28418320.0 ON nid00761 CANCELLED AT 2020-03-02T11:30:35 DUE TO TIME LIMIT ***
2020-03-02 11:30:35.366 [IPControllerApp] CRITICAL | Received signal 15, shutting down
2020-03-02 11:30:35.366 [IPControllerApp] CRITICAL | terminating children...
srun: got SIGCONT
srun: forcing job termination
