[+] ------START TIME (ST): Tue Jan  7 23:20:06 PST 2020------
Start cluster...
Launching controller
2020-01-07 23:20:10.670 [IPControllerApp] Hub listening on tcp://10.128.4.116:59087 for registration.
2020-01-07 23:20:10.671 [IPControllerApp] Hub using DB backend: 'DictDB'
2020-01-07 23:20:10.923 [IPControllerApp] hub::created hub
2020-01-07 23:20:10.924 [IPControllerApp] writing connection info to /global/u2/m/muszyng/.ipython/profile_default/security/ipcontroller-cori_27282660-client.json
2020-01-07 23:20:10.939 [IPControllerApp] writing connection info to /global/u2/m/muszyng/.ipython/profile_default/security/ipcontroller-cori_27282660-engine.json
2020-01-07 23:20:10.953 [IPControllerApp] task::using Python leastload Task scheduler
2020-01-07 23:20:10.953 [IPControllerApp] Heartmonitor started
2020-01-07 23:20:10.969 [scheduler] Scheduler started [leastload]
2020-01-07 23:20:10.976 [IPControllerApp] Creating pid file: /global/u2/m/muszyng/.ipython/profile_default/pid/ipcontroller-cori_27282660.pid
2020-01-07 23:20:10.979 [IPControllerApp] client::client b'\x00k\x8bEg' requested 'connection_request'
2020-01-07 23:20:10.980 [IPControllerApp] client::client [b'\x00k\x8bEg'] connected
Launching engines
2020-01-07 23:20:45.255 [IPEngineApp] Loading url_file '/global/u2/m/muszyng/.ipython/profile_default/security/ipcontroller-cori_27282660-engine.json'
2020-01-07 23:20:45.261 [IPControllerApp] client::client b'58ef92a0-5198a402f8e5998e3bebda67' requested 'registration_request'
2020-01-07 23:20:45.259 [IPEngineApp] Registering with controller at tcp://10.128.4.116:59087
2020-01-07 23:20:45.357 [IPEngineApp] Starting to monitor the heartbeat signal from the hub every 3010 ms.
2020-01-07 23:20:45.368 [IPEngineApp] Completed registration with id 0
2020-01-07 23:20:45.594 [IPEngineApp] Loading url_file '/global/u2/m/muszyng/.ipython/profile_default/security/ipcontroller-cori_27282660-engine.json'
2020-01-07 23:20:45.598 [IPEngineApp] Registering with controller at tcp://10.128.4.116:59087
2020-01-07 23:20:45.600 [IPControllerApp] client::client b'6f4e3ea0-45d9630993298fd83d411b78' requested 'registration_request'
2020-01-07 23:20:45.698 [IPEngineApp] Starting to monitor the heartbeat signal from the hub every 3010 ms.
2020-01-07 23:20:45.738 [IPEngineApp] Completed registration with id 1
2020-01-07 23:20:47.198 [IPEngineApp] Loading url_file '/global/u2/m/muszyng/.ipython/profile_default/security/ipcontroller-cori_27282660-engine.json'
2020-01-07 23:20:47.202 [IPEngineApp] Registering with controller at tcp://10.128.4.116:59087
2020-01-07 23:20:47.204 [IPControllerApp] client::client b'1435277f-c8be543294d7e5c53a8a3d28' requested 'registration_request'
2020-01-07 23:20:47.340 [IPEngineApp] Loading url_file '/global/u2/m/muszyng/.ipython/profile_default/security/ipcontroller-cori_27282660-engine.json'
2020-01-07 23:20:47.340 [IPEngineApp] Starting to monitor the heartbeat signal from the hub every 3010 ms.
2020-01-07 23:20:47.345 [IPEngineApp] Registering with controller at tcp://10.128.4.116:59087
2020-01-07 23:20:47.346 [IPControllerApp] client::client b'e351562d-c7a74bd088792e6ffdfabbbf' requested 'registration_request'
2020-01-07 23:20:47.365 [IPEngineApp] Completed registration with id 2
2020-01-07 23:20:47.467 [IPEngineApp] Starting to monitor the heartbeat signal from the hub every 3010 ms.
2020-01-07 23:20:47.507 [IPEngineApp] Completed registration with id 3
2020-01-07 23:20:47.613 [IPEngineApp] Loading url_file '/global/u2/m/muszyng/.ipython/profile_default/security/ipcontroller-cori_27282660-engine.json'
2020-01-07 23:20:47.620 [IPControllerApp] client::client b'8512b5cc-4b6674f5fabc38619f66c2e3' requested 'registration_request'
2020-01-07 23:20:47.618 [IPEngineApp] Registering with controller at tcp://10.128.4.116:59087
2020-01-07 23:20:47.725 [IPEngineApp] Starting to monitor the heartbeat signal from the hub every 3010 ms.
2020-01-07 23:20:47.734 [IPEngineApp] Completed registration with id 4
2020-01-07 23:20:49.956 [IPControllerApp] registration::finished registering engine 0:58ef92a0-5198a402f8e5998e3bebda67
2020-01-07 23:20:49.957 [IPControllerApp] engine::Engine Connected: 0
2020-01-07 23:20:49.972 [IPControllerApp] registration::finished registering engine 1:6f4e3ea0-45d9630993298fd83d411b78
2020-01-07 23:20:49.972 [IPControllerApp] engine::Engine Connected: 1
2020-01-07 23:20:52.957 [IPControllerApp] registration::finished registering engine 2:1435277f-c8be543294d7e5c53a8a3d28
2020-01-07 23:20:52.957 [IPControllerApp] engine::Engine Connected: 2
2020-01-07 23:20:52.961 [IPControllerApp] registration::finished registering engine 3:e351562d-c7a74bd088792e6ffdfabbbf
2020-01-07 23:20:52.962 [IPControllerApp] engine::Engine Connected: 3
2020-01-07 23:20:52.964 [IPControllerApp] registration::finished registering engine 4:8512b5cc-4b6674f5fabc38619f66c2e3
2020-01-07 23:20:52.965 [IPControllerApp] engine::Engine Connected: 4
2020-01-07 23:21:18.591 [IPControllerApp] client::client b'\x00k\x8bEh' requested 'connection_request'
2020-01-07 23:21:18.591 [IPControllerApp] client::client [b'\x00k\x8bEh'] connected
Model_C_0 1 201 20
Job id: 27282660; Cluster id: cori_27282660
Worker IDs: [0, 1, 2, 3, 4]
Original order  ['0_train_0_.h5', '0_train_1_.h5', '0_train_2_.h5', '0_train_3_.h5', '0_train_4_.h5', '0_train_5_.h5', '0_train_6_.h5', '0_train_7_.h5', '0_train_8_.h5', '0_train_9_.h5', '0_train_10_.h5', '0_train_11_.h5', '0_train_12_.h5', '0_train_13_.h5', '0_train_14_.h5', '0_train_15_.h5', '0_train_16_.h5', '0_train_17_.h5', '0_train_18_.h5', '0_train_19_.h5'] ['0_val_0_.h5', '0_val_1_.h5', '0_val_2_.h5', '0_val_3_.h5', '0_val_4_.h5', '0_val_5_.h5', '0_val_6_.h5', '0_val_7_.h5', '0_val_8_.h5', '0_val_9_.h5', '0_val_10_.h5', '0_val_11_.h5', '0_val_12_.h5', '0_val_13_.h5', '0_val_14_.h5', '0_val_15_.h5', '0_val_16_.h5', '0_val_17_.h5', '0_val_18_.h5', '0_val_19_.h5']
Shuffled files: ['0_train_13_.h5', '0_train_3_.h5', '0_train_4_.h5', '0_train_16_.h5', '0_train_2_.h5', '0_train_18_.h5', '0_train_1_.h5', '0_train_17_.h5', '0_train_10_.h5', '0_train_0_.h5', '0_train_15_.h5', '0_train_14_.h5', '0_train_9_.h5', '0_train_5_.h5', '0_train_8_.h5', '0_train_7_.h5', '0_train_19_.h5', '0_train_12_.h5', '0_train_11_.h5', '0_train_6_.h5'] ['0_val_16_.h5', '0_val_11_.h5', '0_val_19_.h5', '0_val_1_.h5', '0_val_17_.h5', '0_val_7_.h5', '0_val_0_.h5', '0_val_5_.h5', '0_val_13_.h5', '0_val_8_.h5', '0_val_4_.h5', '0_val_3_.h5', '0_val_10_.h5', '0_val_18_.h5', '0_val_12_.h5', '0_val_15_.h5', '0_val_9_.h5', '0_val_14_.h5', '0_val_6_.h5', '0_val_2_.h5']
/global/cscratch1/sd/muszyng/cnn_model_runs/Model_C/Model_C_0/27282660
['ihp', 'n_hpo_trials', 'n_convs_layers', 'conv_sizes', 'n_fc_layers', 'fc_sizes', 'dropout', 'optimizer', 'lr', 'batch_sizes', 'n_epochs', 'repeats_conv', 'recep_fields', 'checkpoint_dir']
Hyperparameter trial 0 conv [ 64 128 256 512] fc [512 256 128  64] dropout 0.4803 opt Adam, lr 0.0000, batch sizes 32
Checkpoint file: /global/cscratch1/sd/muszyng/cnn_model_runs/Model_C/Model_C_0/27282660/model_0.h5
Hyperparameter trial 1 conv [ 64 128 256 512] fc [512 256 128  64] dropout 0.5422 opt Adam, lr 0.0000, batch sizes 32
Checkpoint file: /global/cscratch1/sd/muszyng/cnn_model_runs/Model_C/Model_C_0/27282660/model_1.h5
Hyperparameter trial 2 conv [ 64 128 256 512] fc [512 256 128  64] dropout 0.3984 opt Adam, lr 0.0000, batch sizes 256
Checkpoint file: /global/cscratch1/sd/muszyng/cnn_model_runs/Model_C/Model_C_0/27282660/model_2.h5
Hyperparameter trial 3 conv [ 64 128 256 512] fc [512 256 128  64] dropout 0.6777 opt Adam, lr 0.0000, batch sizes 128
Checkpoint file: /global/cscratch1/sd/muszyng/cnn_model_runs/Model_C/Model_C_0/27282660/model_3.h5
Hyperparameter trial 4 conv [ 64 128 256 512] fc [512 256 128  64] dropout 0.4559 opt Adam, lr 0.0000, batch sizes 256
Checkpoint file: /global/cscratch1/sd/muszyng/cnn_model_runs/Model_C/Model_C_0/27282660/model_4.h5
2020-01-07 23:21:18.668 [IPControllerApp] task::task 'da7ab305-d1d2d6e0d616b61a5236f68b' arrived on 4
2020-01-07 23:21:18.670 [IPControllerApp] task::task '0eedaa1e-3d91bbc88176af61bd0f21b2' arrived on 3
2020-01-07 23:21:18.672 [IPControllerApp] task::task 'b01c46c3-0a085b8f9757a3de2c79e577' arrived on 2
2020-01-07 23:21:18.674 [IPControllerApp] task::task 'e56172cf-5be01301027ef8fa7622769e' arrived on 1
2020-01-07 23:21:18.676 [IPControllerApp] task::task '07fedad2-ab11df7e2f889dd833bd766c' arrived on 0
2020-01-07 23:21:21.087933: I tensorflow/core/platform/cpu_feature_guard.cc:141] Your CPU supports instructions that this TensorFlow binary was not compiled to use: SSE4.1 SSE4.2 AVX AVX2 FMA
2020-01-07 23:21:21.105343: I tensorflow/core/platform/profile_utils/cpu_utils.cc:94] CPU Frequency: 2299995000 Hz
2020-01-07 23:21:21.108420: I tensorflow/compiler/xla/service/service.cc:150] XLA service 0x555556b8b360 executing computations on platform Host. Devices:
2020-01-07 23:21:21.108438: I tensorflow/compiler/xla/service/service.cc:158]   StreamExecutor device (0): <undefined>, <undefined>
WARNING:tensorflow:From /usr/common/software/tensorflow/intel-tensorflow/1.13.1-py36/lib/python3.6/site-packages/tensorflow/python/ops/resource_variable_ops.py:435: colocate_with (from tensorflow.python.framework.ops) is deprecated and will be removed in a future version.
Instructions for updating:
Colocations handled automatically by placer.
WARNING:tensorflow:From /usr/common/software/tensorflow/intel-tensorflow/1.13.1-py36/lib/python3.6/site-packages/tensorflow/python/keras/layers/core.py:143: calling dropout (from tensorflow.python.ops.nn_ops) with keep_prob is deprecated and will be removed in a future version.
Instructions for updating:
Please use `rate` instead of `keep_prob`. Rate should be set to `rate = 1 - keep_prob`.
WARNING:tensorflow:`epsilon` argument is deprecated and will be removed, use `min_delta` instead.
srun: Job step aborted: Waiting up to 32 seconds for job step to finish.
srun: got SIGCONT
slurmstepd: error: *** STEP 27282660.0 ON nid01131 CANCELLED AT 2020-01-07T23:21:21 ***
2020-01-07 23:21:21.704 [IPControllerApp] CRITICAL | Received signal 15, shutting down
srun: forcing job termination
2020-01-07 23:21:21.704 [IPControllerApp] CRITICAL | terminating children...
