[+] ------START TIME (ST): Mon Jan  6 01:24:36 PST 2020------
Start cluster...
Launching controller
2020-01-06 01:24:39.228 [IPControllerApp] Hub listening on tcp://10.128.4.96:38721 for registration.
2020-01-06 01:24:39.230 [IPControllerApp] Hub using DB backend: 'DictDB'
2020-01-06 01:24:39.482 [IPControllerApp] hub::created hub
2020-01-06 01:24:39.482 [IPControllerApp] writing connection info to /global/u2/m/muszyng/.ipython/profile_default/security/ipcontroller-cori_27242688-client.json
2020-01-06 01:24:39.493 [IPControllerApp] writing connection info to /global/u2/m/muszyng/.ipython/profile_default/security/ipcontroller-cori_27242688-engine.json
2020-01-06 01:24:39.504 [IPControllerApp] task::using Python leastload Task scheduler
2020-01-06 01:24:39.504 [IPControllerApp] Heartmonitor started
2020-01-06 01:24:39.521 [IPControllerApp] Creating pid file: /global/u2/m/muszyng/.ipython/profile_default/pid/ipcontroller-cori_27242688.pid
2020-01-06 01:24:39.522 [scheduler] Scheduler started [leastload]
2020-01-06 01:24:39.525 [IPControllerApp] client::client b'\x00k\x8bEg' requested 'connection_request'
2020-01-06 01:24:39.525 [IPControllerApp] client::client [b'\x00k\x8bEg'] connected
Launching engines
2020-01-06 01:25:13.234 [IPEngineApp] Loading url_file '/global/u2/m/muszyng/.ipython/profile_default/security/ipcontroller-cori_27242688-engine.json'
2020-01-06 01:25:13.240 [IPControllerApp] client::client b'b8795f53-7c65e5755920e6ba81e01794' requested 'registration_request'
2020-01-06 01:25:13.238 [IPEngineApp] Registering with controller at tcp://10.128.4.96:38721
2020-01-06 01:25:13.323 [IPEngineApp] Starting to monitor the heartbeat signal from the hub every 3010 ms.
2020-01-06 01:25:13.351 [IPEngineApp] Completed registration with id 0
2020-01-06 01:25:13.750 [IPEngineApp] Loading url_file '/global/u2/m/muszyng/.ipython/profile_default/security/ipcontroller-cori_27242688-engine.json'
2020-01-06 01:25:13.755 [IPControllerApp] client::client b'a3ab9742-4096783dc2739c498f5ba8fe' requested 'registration_request'
2020-01-06 01:25:13.753 [IPEngineApp] Registering with controller at tcp://10.128.4.96:38721
2020-01-06 01:25:13.839 [IPEngineApp] Starting to monitor the heartbeat signal from the hub every 3010 ms.
2020-01-06 01:25:13.857 [IPEngineApp] Completed registration with id 1
2020-01-06 01:25:13.932 [IPEngineApp] Loading url_file '/global/u2/m/muszyng/.ipython/profile_default/security/ipcontroller-cori_27242688-engine.json'
2020-01-06 01:25:13.938 [IPEngineApp] Registering with controller at tcp://10.128.4.96:38721
2020-01-06 01:25:13.939 [IPControllerApp] client::client b'91a15fd6-2f12a733e426c5c7e08382bb' requested 'registration_request'
2020-01-06 01:25:13.994 [IPEngineApp] Starting to monitor the heartbeat signal from the hub every 3010 ms.
2020-01-06 01:25:14.005 [IPEngineApp] Completed registration with id 2
2020-01-06 01:25:14.668 [IPEngineApp] Loading url_file '/global/u2/m/muszyng/.ipython/profile_default/security/ipcontroller-cori_27242688-engine.json'
2020-01-06 01:25:14.673 [IPEngineApp] Registering with controller at tcp://10.128.4.96:38721
2020-01-06 01:25:14.674 [IPControllerApp] client::client b'fe285905-589a899587c522449964ff68' requested 'registration_request'
2020-01-06 01:25:16.705 [IPEngineApp] Starting to monitor the heartbeat signal from the hub every 3010 ms.
2020-01-06 01:25:16.714 [IPEngineApp] Completed registration with id 3
2020-01-06 01:25:18.507 [IPControllerApp] registration::finished registering engine 0:b8795f53-7c65e5755920e6ba81e01794
2020-01-06 01:25:18.507 [IPControllerApp] engine::Engine Connected: 0
2020-01-06 01:25:18.521 [IPControllerApp] registration::finished registering engine 2:91a15fd6-2f12a733e426c5c7e08382bb
2020-01-06 01:25:18.522 [IPControllerApp] engine::Engine Connected: 2
2020-01-06 01:25:18.523 [IPControllerApp] registration::finished registering engine 1:a3ab9742-4096783dc2739c498f5ba8fe
2020-01-06 01:25:18.524 [IPControllerApp] engine::Engine Connected: 1
2020-01-06 01:25:21.508 [IPControllerApp] registration::finished registering engine 3:fe285905-589a899587c522449964ff68
2020-01-06 01:25:21.508 [IPControllerApp] engine::Engine Connected: 3
2020-01-06 01:25:46.748 [IPControllerApp] client::client b'\x00k\x8bEh' requested 'connection_request'
2020-01-06 01:25:46.749 [IPControllerApp] client::client [b'\x00k\x8bEh'] connected
Model_C_1 21 221 20
Job id: 27242688; Cluster id: cori_27242688
Worker IDs: [0, 1, 2, 3]
Original order  ['1_train_0_.h5', '1_train_1_.h5', '1_train_2_.h5', '1_train_3_.h5', '1_train_4_.h5', '1_train_5_.h5', '1_train_6_.h5', '1_train_7_.h5', '1_train_8_.h5', '1_train_9_.h5', '1_train_10_.h5', '1_train_11_.h5', '1_train_12_.h5', '1_train_13_.h5', '1_train_14_.h5', '1_train_15_.h5', '1_train_16_.h5', '1_train_17_.h5', '1_train_18_.h5', '1_train_19_.h5'] ['1_val_0_.h5', '1_val_1_.h5', '1_val_2_.h5', '1_val_3_.h5', '1_val_4_.h5', '1_val_5_.h5', '1_val_6_.h5', '1_val_7_.h5', '1_val_8_.h5', '1_val_9_.h5', '1_val_10_.h5', '1_val_11_.h5', '1_val_12_.h5', '1_val_13_.h5', '1_val_14_.h5', '1_val_15_.h5', '1_val_16_.h5', '1_val_17_.h5', '1_val_18_.h5', '1_val_19_.h5']
Shuffled files: ['1_train_10_.h5', '1_train_18_.h5', '1_train_19_.h5', '1_train_15_.h5', '1_train_5_.h5', '1_train_17_.h5', '1_train_6_.h5', '1_train_1_.h5', '1_train_4_.h5', '1_train_16_.h5', '1_train_14_.h5', '1_train_3_.h5', '1_train_13_.h5', '1_train_9_.h5', '1_train_2_.h5', '1_train_7_.h5', '1_train_11_.h5', '1_train_8_.h5', '1_train_12_.h5', '1_train_0_.h5'] ['1_val_6_.h5', '1_val_15_.h5', '1_val_4_.h5', '1_val_1_.h5', '1_val_19_.h5', '1_val_13_.h5', '1_val_5_.h5', '1_val_8_.h5', '1_val_18_.h5', '1_val_16_.h5', '1_val_7_.h5', '1_val_11_.h5', '1_val_0_.h5', '1_val_17_.h5', '1_val_2_.h5', '1_val_14_.h5', '1_val_10_.h5', '1_val_9_.h5', '1_val_12_.h5', '1_val_3_.h5']
/global/cscratch1/sd/muszyng/cnn_model_runs/Model_C/Model_C_1/27242688
['ihp', 'n_hpo_trials', 'n_convs_layers', 'conv_sizes', 'n_fc_layers', 'fc_sizes', 'dropout', 'optimizer', 'lr', 'batch_sizes', 'n_epochs', 'repeats_conv', 'recep_fields', 'checkpoint_dir']
Hyperparameter trial 0 conv [ 64 128 256 512] fc [512 256 128  64] dropout 0.5206 opt Adam, lr 0.0000, batch sizes 128
Checkpoint file: /global/cscratch1/sd/muszyng/cnn_model_runs/Model_C/Model_C_1/27242688/model_0.h5
Hyperparameter trial 1 conv [ 64 128 256 512] fc [512 256 128  64] dropout 0.5391 opt Adam, lr 0.0000, batch sizes 128
Checkpoint file: /global/cscratch1/sd/muszyng/cnn_model_runs/Model_C/Model_C_1/27242688/model_1.h5
Hyperparameter trial 2 conv [ 64 128 256 512] fc [512 256 128  64] dropout 0.5549 opt Adam, lr 0.0000, batch sizes 128
Checkpoint file: /global/cscratch1/sd/muszyng/cnn_model_runs/Model_C/Model_C_1/27242688/model_2.h5
Hyperparameter trial 3 conv [ 64 128 256 512] fc [512 256 128  64] dropout 0.6021 opt Adam, lr 0.0000, batch sizes 128
Checkpoint file: /global/cscratch1/sd/muszyng/cnn_model_runs/Model_C/Model_C_1/27242688/model_3.h5
Hyperparameter trial 4 conv [ 64 128 256 512] fc [512 256 128  64] dropout 0.3433 opt Adam, lr 0.0000, batch sizes 32
Checkpoint file: /global/cscratch1/sd/muszyng/cnn_model_runs/Model_C/Model_C_1/27242688/model_4.h5
2020-01-06 01:25:46.822 [IPControllerApp] task::task '6f9f6f16-67ee8b37c124fa733b6d222e' arrived on 3
2020-01-06 01:25:46.823 [IPControllerApp] task::task '2792eab5-6a9a5e6353bd8e97282567d3' arrived on 1
2020-01-06 01:25:46.825 [IPControllerApp] task::task 'f8a2353c-c7a21ba61410b14523de83e7' arrived on 2
2020-01-06 01:25:46.828 [IPControllerApp] task::task '4fd8ce76-36530179abdb994396da1394' arrived on 0
2020-01-06 01:25:49.603684: I tensorflow/core/platform/cpu_feature_guard.cc:141] Your CPU supports instructions that this TensorFlow binary was not compiled to use: SSE4.1 SSE4.2 AVX AVX2 FMA
2020-01-06 01:25:49.621923: I tensorflow/core/platform/profile_utils/cpu_utils.cc:94] CPU Frequency: 2300090000 Hz
2020-01-06 01:25:49.625189: I tensorflow/compiler/xla/service/service.cc:150] XLA service 0x555556b041c0 executing computations on platform Host. Devices:
2020-01-06 01:25:49.625206: I tensorflow/compiler/xla/service/service.cc:158]   StreamExecutor device (0): <undefined>, <undefined>
WARNING:tensorflow:From /usr/common/software/tensorflow/intel-tensorflow/1.13.1-py36/lib/python3.6/site-packages/tensorflow/python/ops/resource_variable_ops.py:435: colocate_with (from tensorflow.python.framework.ops) is deprecated and will be removed in a future version.
Instructions for updating:
Colocations handled automatically by placer.
WARNING:tensorflow:From /usr/common/software/tensorflow/intel-tensorflow/1.13.1-py36/lib/python3.6/site-packages/tensorflow/python/keras/layers/core.py:143: calling dropout (from tensorflow.python.ops.nn_ops) with keep_prob is deprecated and will be removed in a future version.
Instructions for updating:
Please use `rate` instead of `keep_prob`. Rate should be set to `rate = 1 - keep_prob`.
WARNING:tensorflow:`epsilon` argument is deprecated and will be removed, use `min_delta` instead.
2020-01-06 01:25:50.783 [IPEngineApp] Loading url_file '/global/u2/m/muszyng/.ipython/profile_default/security/ipcontroller-cori_27242688-engine.json'
2020-01-06 01:25:50.814 [IPEngineApp] Registering with controller at tcp://10.128.4.96:38721
2020-01-06 01:25:50.815 [IPControllerApp] client::client b'da35469a-bfac8da2368a0f682de269aa' requested 'registration_request'
2020-01-06 01:25:51.142 [IPEngineApp] Starting to monitor the heartbeat signal from the hub every 3010 ms.
2020-01-06 01:25:51.152 [IPEngineApp] Completed registration with id 4
2020-01-06 01:25:51.306256: I tensorflow/core/platform/cpu_feature_guard.cc:141] Your CPU supports instructions that this TensorFlow binary was not compiled to use: SSE4.1 SSE4.2 AVX AVX2 FMA
2020-01-06 01:25:51.324159: I tensorflow/core/platform/profile_utils/cpu_utils.cc:94] CPU Frequency: 2300050000 Hz
2020-01-06 01:25:51.327502: I tensorflow/compiler/xla/service/service.cc:150] XLA service 0x555556b041c0 executing computations on platform Host. Devices:
2020-01-06 01:25:51.327519: I tensorflow/compiler/xla/service/service.cc:158]   StreamExecutor device (0): <undefined>, <undefined>
WARNING:tensorflow:From /usr/common/software/tensorflow/intel-tensorflow/1.13.1-py36/lib/python3.6/site-packages/tensorflow/python/ops/resource_variable_ops.py:435: colocate_with (from tensorflow.python.framework.ops) is deprecated and will be removed in a future version.
Instructions for updating:
Colocations handled automatically by placer.
WARNING:tensorflow:From /usr/common/software/tensorflow/intel-tensorflow/1.13.1-py36/lib/python3.6/site-packages/tensorflow/python/keras/layers/core.py:143: calling dropout (from tensorflow.python.ops.nn_ops) with keep_prob is deprecated and will be removed in a future version.
Instructions for updating:
Please use `rate` instead of `keep_prob`. Rate should be set to `rate = 1 - keep_prob`.
WARNING:tensorflow:`epsilon` argument is deprecated and will be removed, use `min_delta` instead.
2020-01-06 01:25:54.508 [IPControllerApp] registration::finished registering engine 4:da35469a-bfac8da2368a0f682de269aa
2020-01-06 01:25:54.509 [IPControllerApp] engine::Engine Connected: 4
2020-01-06 01:25:54.516 [IPControllerApp] task::task '1776e17d-5985ad39f51e99afccd8d1c5' arrived on 4
2020-01-06 01:25:55.335498: I tensorflow/core/platform/cpu_feature_guard.cc:141] Your CPU supports instructions that this TensorFlow binary was not compiled to use: SSE4.1 SSE4.2 AVX AVX2 FMA
2020-01-06 01:25:55.353015: I tensorflow/core/platform/profile_utils/cpu_utils.cc:94] CPU Frequency: 2300140000 Hz
2020-01-06 01:25:55.356380: I tensorflow/compiler/xla/service/service.cc:150] XLA service 0x555556b041c0 executing computations on platform Host. Devices:
2020-01-06 01:25:55.356396: I tensorflow/compiler/xla/service/service.cc:158]   StreamExecutor device (0): <undefined>, <undefined>
WARNING:tensorflow:From /usr/common/software/tensorflow/intel-tensorflow/1.13.1-py36/lib/python3.6/site-packages/tensorflow/python/ops/resource_variable_ops.py:435: colocate_with (from tensorflow.python.framework.ops) is deprecated and will be removed in a future version.
Instructions for updating:
Colocations handled automatically by placer.
WARNING:tensorflow:From /usr/common/software/tensorflow/intel-tensorflow/1.13.1-py36/lib/python3.6/site-packages/tensorflow/python/keras/layers/core.py:143: calling dropout (from tensorflow.python.ops.nn_ops) with keep_prob is deprecated and will be removed in a future version.
Instructions for updating:
Please use `rate` instead of `keep_prob`. Rate should be set to `rate = 1 - keep_prob`.
2020-01-06 01:25:56.443064: I tensorflow/core/platform/cpu_feature_guard.cc:141] Your CPU supports instructions that this TensorFlow binary was not compiled to use: SSE4.1 SSE4.2 AVX AVX2 FMA
2020-01-06 01:25:56.461619: I tensorflow/core/platform/profile_utils/cpu_utils.cc:94] CPU Frequency: 2299990000 Hz
2020-01-06 01:25:56.464836: I tensorflow/compiler/xla/service/service.cc:150] XLA service 0x555556b01f80 executing computations on platform Host. Devices:
2020-01-06 01:25:56.464852: I tensorflow/compiler/xla/service/service.cc:158]   StreamExecutor device (0): <undefined>, <undefined>
WARNING:tensorflow:From /usr/common/software/tensorflow/intel-tensorflow/1.13.1-py36/lib/python3.6/site-packages/tensorflow/python/ops/resource_variable_ops.py:435: colocate_with (from tensorflow.python.framework.ops) is deprecated and will be removed in a future version.
Instructions for updating:
Colocations handled automatically by placer.
WARNING:tensorflow:From /usr/common/software/tensorflow/intel-tensorflow/1.13.1-py36/lib/python3.6/site-packages/tensorflow/python/keras/layers/core.py:143: calling dropout (from tensorflow.python.ops.nn_ops) with keep_prob is deprecated and will be removed in a future version.
Instructions for updating:
Please use `rate` instead of `keep_prob`. Rate should be set to `rate = 1 - keep_prob`.
WARNING:tensorflow:`epsilon` argument is deprecated and will be removed, use `min_delta` instead.
WARNING:tensorflow:`epsilon` argument is deprecated and will be removed, use `min_delta` instead.
WARNING:tensorflow:From /usr/common/software/tensorflow/intel-tensorflow/1.13.1-py36/lib/python3.6/site-packages/tensorflow/python/ops/math_ops.py:3066: to_int32 (from tensorflow.python.ops.math_ops) is deprecated and will be removed in a future version.
Instructions for updating:
Use tf.cast instead.
WARNING:tensorflow:From /usr/common/software/tensorflow/intel-tensorflow/1.13.1-py36/lib/python3.6/site-packages/tensorflow/python/ops/math_ops.py:3066: to_int32 (from tensorflow.python.ops.math_ops) is deprecated and will be removed in a future version.
Instructions for updating:
Use tf.cast instead.
WARNING:tensorflow:From /usr/common/software/tensorflow/intel-tensorflow/1.13.1-py36/lib/python3.6/site-packages/tensorflow/python/ops/math_ops.py:3066: to_int32 (from tensorflow.python.ops.math_ops) is deprecated and will be removed in a future version.
Instructions for updating:
Use tf.cast instead.
WARNING:tensorflow:From /usr/common/software/tensorflow/intel-tensorflow/1.13.1-py36/lib/python3.6/site-packages/tensorflow/python/ops/math_ops.py:3066: to_int32 (from tensorflow.python.ops.math_ops) is deprecated and will be removed in a future version.
Instructions for updating:
Use tf.cast instead.
2020-01-06 01:28:15.606855: I tensorflow/core/platform/cpu_feature_guard.cc:141] Your CPU supports instructions that this TensorFlow binary was not compiled to use: SSE4.1 SSE4.2 AVX AVX2 FMA
2020-01-06 01:28:15.639742: I tensorflow/core/platform/profile_utils/cpu_utils.cc:94] CPU Frequency: 2300100000 Hz
2020-01-06 01:28:15.642991: I tensorflow/compiler/xla/service/service.cc:150] XLA service 0x555556b041c0 executing computations on platform Host. Devices:
2020-01-06 01:28:15.643008: I tensorflow/compiler/xla/service/service.cc:158]   StreamExecutor device (0): <undefined>, <undefined>
WARNING:tensorflow:From /usr/common/software/tensorflow/intel-tensorflow/1.13.1-py36/lib/python3.6/site-packages/tensorflow/python/ops/resource_variable_ops.py:435: colocate_with (from tensorflow.python.framework.ops) is deprecated and will be removed in a future version.
Instructions for updating:
Colocations handled automatically by placer.
WARNING:tensorflow:From /usr/common/software/tensorflow/intel-tensorflow/1.13.1-py36/lib/python3.6/site-packages/tensorflow/python/keras/layers/core.py:143: calling dropout (from tensorflow.python.ops.nn_ops) with keep_prob is deprecated and will be removed in a future version.
Instructions for updating:
Please use `rate` instead of `keep_prob`. Rate should be set to `rate = 1 - keep_prob`.
WARNING:tensorflow:`epsilon` argument is deprecated and will be removed, use `min_delta` instead.
WARNING:tensorflow:From /usr/common/software/tensorflow/intel-tensorflow/1.13.1-py36/lib/python3.6/site-packages/tensorflow/python/ops/math_ops.py:3066: to_int32 (from tensorflow.python.ops.math_ops) is deprecated and will be removed in a future version.
Instructions for updating:
Use tf.cast instead.
2020-01-06 06:11:10.257 [IPControllerApp] task::task '2792eab5-6a9a5e6353bd8e97282567d3' finished on 1
IOStream.flush timed out
2020-01-06 06:11:10.841 [IPEngineApp] WARNING | No heartbeat in the last 3010 ms (1 time(s) in a row).
2020-01-06 06:12:45.508 [IPControllerApp] heartbeat::missed b'b8795f53-7c65e5755920e6ba81e01794' : 1
2020-01-06 06:12:47.163 [IPEngineApp] WARNING | No heartbeat in the last 3010 ms (1 time(s) in a row).
2020-01-06 06:13:37.070 [IPControllerApp] heartbeat::missed b'fe285905-589a899587c522449964ff68' : 1
2020-01-06 06:12:50.172 [IPEngineApp] WARNING | No heartbeat in the last 3010 ms (2 time(s) in a row).
2020-01-06 06:12:53.183 [IPEngineApp] WARNING | No heartbeat in the last 3010 ms (3 time(s) in a row).
2020-01-06 06:13:37.071 [IPControllerApp] heartbeat::missed b'91a15fd6-2f12a733e426c5c7e08382bb' : 1
2020-01-06 06:12:56.193 [IPEngineApp] WARNING | No heartbeat in the last 3010 ms (4 time(s) in a row).
2020-01-06 06:13:37.071 [IPControllerApp] heartbeat::missed b'da35469a-bfac8da2368a0f682de269aa' : 1
2020-01-06 06:12:59.202 [IPEngineApp] WARNING | No heartbeat in the last 3010 ms (5 time(s) in a row).
2020-01-06 06:13:02.213 [IPEngineApp] WARNING | No heartbeat in the last 3010 ms (6 time(s) in a row).
2020-01-06 06:13:05.223 [IPEngineApp] WARNING | No heartbeat in the last 3010 ms (7 time(s) in a row).
2020-01-06 06:13:08.233 [IPEngineApp] WARNING | No heartbeat in the last 3010 ms (8 time(s) in a row).
2020-01-06 06:13:11.243 [IPEngineApp] WARNING | No heartbeat in the last 3010 ms (9 time(s) in a row).
2020-01-06 06:13:14.253 [IPEngineApp] WARNING | No heartbeat in the last 3010 ms (10 time(s) in a row).
2020-01-06 06:13:17.263 [IPEngineApp] WARNING | No heartbeat in the last 3010 ms (11 time(s) in a row).
2020-01-06 06:13:20.273 [IPEngineApp] WARNING | No heartbeat in the last 3010 ms (12 time(s) in a row).
2020-01-06 06:13:23.283 [IPEngineApp] WARNING | No heartbeat in the last 3010 ms (13 time(s) in a row).
2020-01-06 06:13:26.293 [IPEngineApp] WARNING | No heartbeat in the last 3010 ms (14 time(s) in a row).
2020-01-06 06:13:29.302 [IPEngineApp] WARNING | No heartbeat in the last 3010 ms (15 time(s) in a row).
2020-01-06 06:13:32.313 [IPEngineApp] WARNING | No heartbeat in the last 3010 ms (16 time(s) in a row).
2020-01-06 06:13:35.323 [IPEngineApp] WARNING | No heartbeat in the last 3010 ms (17 time(s) in a row).
2020-01-06 06:13:37.073 [IPControllerApp] WARNING | heartbeat::heart b'fe285905-589a899587c522449964ff68' missed a beat, and took 54564.96 ms to respond
2020-01-06 06:13:37.075 [IPControllerApp] WARNING | heartbeat::heart b'91a15fd6-2f12a733e426c5c7e08382bb' missed a beat, and took 54566.37 ms to respond
2020-01-06 06:13:37.076 [IPControllerApp] WARNING | heartbeat::heart b'da35469a-bfac8da2368a0f682de269aa' missed a beat, and took 54567.57 ms to respond
2020-01-06 06:13:37.077 [IPControllerApp] WARNING | heartbeat::heart b'b8795f53-7c65e5755920e6ba81e01794' missed a beat, and took 54568.77 ms to respond
2020-01-06 06:16:09.551 [IPControllerApp] task::task 'f8a2353c-c7a21ba61410b14523de83e7' finished on 2
IOStream.flush timed out
2020-01-06 06:16:11.998 [IPEngineApp] WARNING | No heartbeat in the last 3010 ms (1 time(s) in a row).
2020-01-06 06:25:18.251 [IPControllerApp] task::task '1776e17d-5985ad39f51e99afccd8d1c5' finished on 4
2020-01-06 06:25:18.501 [IPControllerApp] task::task '4fd8ce76-36530179abdb994396da1394' finished on 0
2020-01-06 06:25:19.144 [IPEngineApp] WARNING | No heartbeat in the last 3010 ms (1 time(s) in a row).
2020-01-06 06:36:40.402 [IPControllerApp] task::task '6f9f6f16-67ee8b37c124fa733b6d222e' finished on 3
2020-01-06 10:52:54.508 [IPControllerApp] heartbeat::missed b'b8795f53-7c65e5755920e6ba81e01794' : 1
2020-01-06 10:52:55.003 [IPEngineApp] WARNING | No heartbeat in the last 3010 ms (1 time(s) in a row).
2020-01-06 10:52:58.013 [IPEngineApp] WARNING | No heartbeat in the last 3010 ms (2 time(s) in a row).
2020-01-06 10:53:01.023 [IPEngineApp] WARNING | No heartbeat in the last 3010 ms (3 time(s) in a row).
2020-01-06 10:53:37.838 [IPControllerApp] heartbeat::missed b'fe285905-589a899587c522449964ff68' : 1
2020-01-06 10:53:04.032 [IPEngineApp] WARNING | No heartbeat in the last 3010 ms (4 time(s) in a row).
2020-01-06 10:53:37.839 [IPControllerApp] heartbeat::missed b'91a15fd6-2f12a733e426c5c7e08382bb' : 1
2020-01-06 10:53:07.043 [IPEngineApp] WARNING | No heartbeat in the last 3010 ms (5 time(s) in a row).
2020-01-06 10:53:37.839 [IPControllerApp] heartbeat::missed b'da35469a-bfac8da2368a0f682de269aa' : 1
2020-01-06 10:53:10.053 [IPEngineApp] WARNING | No heartbeat in the last 3010 ms (6 time(s) in a row).
2020-01-06 10:53:13.063 [IPEngineApp] WARNING | No heartbeat in the last 3010 ms (7 time(s) in a row).
2020-01-06 10:53:16.073 [IPEngineApp] WARNING | No heartbeat in the last 3010 ms (8 time(s) in a row).
2020-01-06 10:53:19.083 [IPEngineApp] WARNING | No heartbeat in the last 3010 ms (9 time(s) in a row).
2020-01-06 10:53:22.093 [IPEngineApp] WARNING | No heartbeat in the last 3010 ms (10 time(s) in a row).
2020-01-06 10:53:25.103 [IPEngineApp] WARNING | No heartbeat in the last 3010 ms (11 time(s) in a row).
2020-01-06 10:53:28.113 [IPEngineApp] WARNING | No heartbeat in the last 3010 ms (12 time(s) in a row).
2020-01-06 10:53:31.123 [IPEngineApp] WARNING | No heartbeat in the last 3010 ms (13 time(s) in a row).
2020-01-06 10:53:34.133 [IPEngineApp] WARNING | No heartbeat in the last 3010 ms (14 time(s) in a row).
2020-01-06 10:53:37.143 [IPEngineApp] WARNING | No heartbeat in the last 3010 ms (15 time(s) in a row).
2020-01-06 10:53:39.507 [IPControllerApp] heartbeat::missed b'b8795f53-7c65e5755920e6ba81e01794' : 2
2020-01-06 10:53:39.507 [IPControllerApp] heartbeat::missed b'fe285905-589a899587c522449964ff68' : 2
2020-01-06 10:53:39.507 [IPControllerApp] heartbeat::missed b'91a15fd6-2f12a733e426c5c7e08382bb' : 2
2020-01-06 10:53:39.507 [IPControllerApp] heartbeat::missed b'da35469a-bfac8da2368a0f682de269aa' : 2
2020-01-06 10:53:42.508 [IPControllerApp] heartbeat::missed b'b8795f53-7c65e5755920e6ba81e01794' : 3
2020-01-06 10:53:42.509 [IPControllerApp] heartbeat::missed b'fe285905-589a899587c522449964ff68' : 3
2020-01-06 10:53:42.509 [IPControllerApp] heartbeat::missed b'91a15fd6-2f12a733e426c5c7e08382bb' : 3
2020-01-06 10:53:42.510 [IPControllerApp] heartbeat::missed b'da35469a-bfac8da2368a0f682de269aa' : 3
2020-01-06 10:52:51.848 [IPEngineApp] WARNING | No heartbeat in the last 3010 ms (1 time(s) in a row).
2020-01-06 10:52:54.859 [IPEngineApp] WARNING | No heartbeat in the last 3010 ms (2 time(s) in a row).
2020-01-06 10:52:57.868 [IPEngineApp] WARNING | No heartbeat in the last 3010 ms (3 time(s) in a row).
2020-01-06 10:53:00.878 [IPEngineApp] WARNING | No heartbeat in the last 3010 ms (4 time(s) in a row).
2020-01-06 10:53:03.889 [IPEngineApp] WARNING | No heartbeat in the last 3010 ms (5 time(s) in a row).
2020-01-06 10:53:06.898 [IPEngineApp] WARNING | No heartbeat in the last 3010 ms (6 time(s) in a row).
2020-01-06 10:53:09.908 [IPEngineApp] WARNING | No heartbeat in the last 3010 ms (7 time(s) in a row).
2020-01-06 10:53:12.919 [IPEngineApp] WARNING | No heartbeat in the last 3010 ms (8 time(s) in a row).
2020-01-06 10:53:15.928 [IPEngineApp] WARNING | No heartbeat in the last 3010 ms (9 time(s) in a row).
2020-01-06 10:53:18.938 [IPEngineApp] WARNING | No heartbeat in the last 3010 ms (10 time(s) in a row).
2020-01-06 10:53:21.949 [IPEngineApp] WARNING | No heartbeat in the last 3010 ms (11 time(s) in a row).
2020-01-06 10:53:24.958 [IPEngineApp] WARNING | No heartbeat in the last 3010 ms (12 time(s) in a row).
2020-01-06 10:53:27.969 [IPEngineApp] WARNING | No heartbeat in the last 3010 ms (13 time(s) in a row).
2020-01-06 10:53:30.979 [IPEngineApp] WARNING | No heartbeat in the last 3010 ms (14 time(s) in a row).
2020-01-06 10:53:33.988 [IPEngineApp] WARNING | No heartbeat in the last 3010 ms (15 time(s) in a row).
2020-01-06 10:53:36.999 [IPEngineApp] WARNING | No heartbeat in the last 3010 ms (16 time(s) in a row).
2020-01-06 10:53:40.009 [IPEngineApp] WARNING | No heartbeat in the last 3010 ms (17 time(s) in a row).
2020-01-06 10:53:43.018 [IPEngineApp] WARNING | No heartbeat in the last 3010 ms (18 time(s) in a row).
2020-01-06 10:53:45.509 [IPControllerApp] heartbeat::missed b'b8795f53-7c65e5755920e6ba81e01794' : 4
2020-01-06 10:53:45.509 [IPControllerApp] heartbeat::missed b'fe285905-589a899587c522449964ff68' : 4
2020-01-06 10:53:45.509 [IPControllerApp] heartbeat::missed b'91a15fd6-2f12a733e426c5c7e08382bb' : 4
2020-01-06 10:53:45.509 [IPControllerApp] heartbeat::missed b'da35469a-bfac8da2368a0f682de269aa' : 4
2020-01-06 10:52:52.149 [IPEngineApp] WARNING | No heartbeat in the last 3010 ms (1 time(s) in a row).
2020-01-06 10:52:55.158 [IPEngineApp] WARNING | No heartbeat in the last 3010 ms (2 time(s) in a row).
2020-01-06 10:52:58.168 [IPEngineApp] WARNING | No heartbeat in the last 3010 ms (3 time(s) in a row).
2020-01-06 10:53:01.178 [IPEngineApp] WARNING | No heartbeat in the last 3010 ms (4 time(s) in a row).
2020-01-06 10:53:04.188 [IPEngineApp] WARNING | No heartbeat in the last 3010 ms (5 time(s) in a row).
2020-01-06 10:53:07.198 [IPEngineApp] WARNING | No heartbeat in the last 3010 ms (6 time(s) in a row).
2020-01-06 10:53:10.209 [IPEngineApp] WARNING | No heartbeat in the last 3010 ms (7 time(s) in a row).
2020-01-06 10:53:13.218 [IPEngineApp] WARNING | No heartbeat in the last 3010 ms (8 time(s) in a row).
2020-01-06 10:53:16.229 [IPEngineApp] WARNING | No heartbeat in the last 3010 ms (9 time(s) in a row).
2020-01-06 10:53:19.238 [IPEngineApp] WARNING | No heartbeat in the last 3010 ms (10 time(s) in a row).
2020-01-06 10:53:22.248 [IPEngineApp] WARNING | No heartbeat in the last 3010 ms (11 time(s) in a row).
2020-01-06 10:53:25.259 [IPEngineApp] WARNING | No heartbeat in the last 3010 ms (12 time(s) in a row).
2020-01-06 10:53:28.268 [IPEngineApp] WARNING | No heartbeat in the last 3010 ms (13 time(s) in a row).
2020-01-06 10:53:31.278 [IPEngineApp] WARNING | No heartbeat in the last 3010 ms (14 time(s) in a row).
2020-01-06 10:53:34.288 [IPEngineApp] WARNING | No heartbeat in the last 3010 ms (15 time(s) in a row).
2020-01-06 10:53:37.298 [IPEngineApp] WARNING | No heartbeat in the last 3010 ms (16 time(s) in a row).
2020-01-06 10:53:40.308 [IPEngineApp] WARNING | No heartbeat in the last 3010 ms (17 time(s) in a row).
2020-01-06 10:53:43.318 [IPEngineApp] WARNING | No heartbeat in the last 3010 ms (18 time(s) in a row).
2020-01-06 10:53:46.029 [IPEngineApp] WARNING | No heartbeat in the last 3010 ms (19 time(s) in a row).
2020-01-06 10:53:46.030 [IPControllerApp] WARNING | heartbeat::got bad heartbeat (possibly old?): b'34092.00356221199' (current=34146.004)
2020-01-06 10:53:46.030 [IPControllerApp] WARNING | heartbeat::got bad heartbeat (possibly old?): b'34092.00356221199' (current=34146.004)
2020-01-06 10:53:46.030 [IPControllerApp] WARNING | heartbeat::got bad heartbeat (possibly old?): b'34092.00356221199' (current=34146.004)
2020-01-06 10:53:46.030 [IPControllerApp] WARNING | heartbeat::got bad heartbeat (possibly old?): b'34092.00356221199' (current=34146.004)
2020-01-06 10:53:46.030 [IPControllerApp] WARNING | heartbeat::got bad heartbeat (possibly old?): b'34095.00335907936' (current=34146.004)
2020-01-06 10:53:46.031 [IPControllerApp] WARNING | heartbeat::got bad heartbeat (possibly old?): b'34095.00335907936' (current=34146.004)
2020-01-06 10:53:46.031 [IPControllerApp] WARNING | heartbeat::got bad heartbeat (possibly old?): b'34095.00335907936' (current=34146.004)
2020-01-06 10:53:46.031 [IPControllerApp] WARNING | heartbeat::got bad heartbeat (possibly old?): b'34095.00335907936' (current=34146.004)
2020-01-06 10:53:46.032 [IPControllerApp] WARNING | heartbeat::got bad heartbeat (possibly old?): b'34140.00245928764' (current=34146.004)
2020-01-06 10:53:46.032 [IPControllerApp] WARNING | heartbeat::got bad heartbeat (possibly old?): b'34140.00245928764' (current=34146.004)
2020-01-06 10:53:46.032 [IPControllerApp] WARNING | heartbeat::got bad heartbeat (possibly old?): b'34140.00245928764' (current=34146.004)
2020-01-06 10:53:46.032 [IPControllerApp] WARNING | heartbeat::got bad heartbeat (possibly old?): b'34140.00245928764' (current=34146.004)
2020-01-06 10:53:46.033 [IPControllerApp] WARNING | heartbeat::heart b'fe285905-589a899587c522449964ff68' missed a beat, and took 3524.34 ms to respond
2020-01-06 10:53:46.033 [IPControllerApp] WARNING | heartbeat::heart b'91a15fd6-2f12a733e426c5c7e08382bb' missed a beat, and took 3524.56 ms to respond
2020-01-06 10:53:46.033 [IPControllerApp] WARNING | heartbeat::heart b'da35469a-bfac8da2368a0f682de269aa' missed a beat, and took 3524.77 ms to respond
2020-01-06 10:53:46.033 [IPControllerApp] WARNING | heartbeat::heart b'b8795f53-7c65e5755920e6ba81e01794' missed a beat, and took 3525.00 ms to respond
IOStream.flush timed out
2020-01-06 10:52:53.177 [IPEngineApp] WARNING | No heartbeat in the last 3010 ms (1 time(s) in a row).
2020-01-06 10:52:56.186 [IPEngineApp] WARNING | No heartbeat in the last 3010 ms (2 time(s) in a row).
2020-01-06 10:52:59.197 [IPEngineApp] WARNING | No heartbeat in the last 3010 ms (3 time(s) in a row).
2020-01-06 10:53:02.207 [IPEngineApp] WARNING | No heartbeat in the last 3010 ms (4 time(s) in a row).
2020-01-06 10:53:05.216 [IPEngineApp] WARNING | No heartbeat in the last 3010 ms (5 time(s) in a row).
2020-01-06 10:53:08.227 [IPEngineApp] WARNING | No heartbeat in the last 3010 ms (6 time(s) in a row).
2020-01-06 10:53:11.237 [IPEngineApp] WARNING | No heartbeat in the last 3010 ms (7 time(s) in a row).
2020-01-06 10:53:14.246 [IPEngineApp] WARNING | No heartbeat in the last 3010 ms (8 time(s) in a row).
2020-01-06 10:53:17.257 [IPEngineApp] WARNING | No heartbeat in the last 3010 ms (9 time(s) in a row).
2020-01-06 10:53:20.267 [IPEngineApp] WARNING | No heartbeat in the last 3010 ms (10 time(s) in a row).
2020-01-06 10:53:23.276 [IPEngineApp] WARNING | No heartbeat in the last 3010 ms (11 time(s) in a row).
2020-01-06 10:53:26.286 [IPEngineApp] WARNING | No heartbeat in the last 3010 ms (12 time(s) in a row).
2020-01-06 10:53:29.297 [IPEngineApp] WARNING | No heartbeat in the last 3010 ms (13 time(s) in a row).
2020-01-06 10:53:32.307 [IPEngineApp] WARNING | No heartbeat in the last 3010 ms (14 time(s) in a row).
2020-01-06 10:53:35.316 [IPEngineApp] WARNING | No heartbeat in the last 3010 ms (15 time(s) in a row).
2020-01-06 10:53:38.327 [IPEngineApp] WARNING | No heartbeat in the last 3010 ms (16 time(s) in a row).
2020-01-06 10:53:41.337 [IPEngineApp] WARNING | No heartbeat in the last 3010 ms (17 time(s) in a row).
2020-01-06 10:53:44.346 [IPEngineApp] WARNING | No heartbeat in the last 3010 ms (18 time(s) in a row).
2020-01-06 10:52:54.487 [IPEngineApp] WARNING | No heartbeat in the last 3010 ms (1 time(s) in a row).
2020-01-06 10:52:57.496 [IPEngineApp] WARNING | No heartbeat in the last 3010 ms (2 time(s) in a row).
2020-01-06 10:53:00.507 [IPEngineApp] WARNING | No heartbeat in the last 3010 ms (3 time(s) in a row).
2020-01-06 10:53:03.517 [IPEngineApp] WARNING | No heartbeat in the last 3010 ms (4 time(s) in a row).
2020-01-06 10:53:06.526 [IPEngineApp] WARNING | No heartbeat in the last 3010 ms (5 time(s) in a row).
2020-01-06 10:53:09.537 [IPEngineApp] WARNING | No heartbeat in the last 3010 ms (6 time(s) in a row).
2020-01-06 10:53:12.547 [IPEngineApp] WARNING | No heartbeat in the last 3010 ms (7 time(s) in a row).
2020-01-06 10:53:15.556 [IPEngineApp] WARNING | No heartbeat in the last 3010 ms (8 time(s) in a row).
2020-01-06 10:53:18.567 [IPEngineApp] WARNING | No heartbeat in the last 3010 ms (9 time(s) in a row).
2020-01-06 10:53:21.577 [IPEngineApp] WARNING | No heartbeat in the last 3010 ms (10 time(s) in a row).
2020-01-06 10:53:24.586 [IPEngineApp] WARNING | No heartbeat in the last 3010 ms (11 time(s) in a row).
2020-01-06 10:53:27.597 [IPEngineApp] WARNING | No heartbeat in the last 3010 ms (12 time(s) in a row).
2020-01-06 10:53:30.607 [IPEngineApp] WARNING | No heartbeat in the last 3010 ms (13 time(s) in a row).
2020-01-06 10:53:33.617 [IPEngineApp] WARNING | No heartbeat in the last 3010 ms (14 time(s) in a row).
2020-01-06 10:53:36.626 [IPEngineApp] WARNING | No heartbeat in the last 3010 ms (15 time(s) in a row).
2020-01-06 10:53:39.637 [IPEngineApp] WARNING | No heartbeat in the last 3010 ms (16 time(s) in a row).
2020-01-06 10:53:42.647 [IPEngineApp] WARNING | No heartbeat in the last 3010 ms (17 time(s) in a row).
2020-01-06 10:53:45.656 [IPEngineApp] WARNING | No heartbeat in the last 3010 ms (18 time(s) in a row).
2020-01-06 11:48:03.508 [IPControllerApp] heartbeat::missed b'b8795f53-7c65e5755920e6ba81e01794' : 1
2020-01-06 11:48:06.003 [IPEngineApp] WARNING | No heartbeat in the last 3010 ms (1 time(s) in a row).
2020-01-06 11:48:56.257 [IPControllerApp] heartbeat::missed b'fe285905-589a899587c522449964ff68' : 1
2020-01-06 11:48:01.166 [IPEngineApp] WARNING | No heartbeat in the last 3010 ms (1 time(s) in a row).
2020-01-06 11:48:56.261 [IPControllerApp] heartbeat::missed b'91a15fd6-2f12a733e426c5c7e08382bb' : 1
2020-01-06 11:48:09.013 [IPEngineApp] WARNING | No heartbeat in the last 3010 ms (2 time(s) in a row).
2020-01-06 11:48:56.262 [IPControllerApp] heartbeat::missed b'da35469a-bfac8da2368a0f682de269aa' : 1
2020-01-06 11:48:04.177 [IPEngineApp] WARNING | No heartbeat in the last 3010 ms (2 time(s) in a row).
2020-01-06 11:48:12.023 [IPEngineApp] WARNING | No heartbeat in the last 3010 ms (3 time(s) in a row).
2020-01-06 11:48:07.186 [IPEngineApp] WARNING | No heartbeat in the last 3010 ms (3 time(s) in a row).
2020-01-06 11:48:15.032 [IPEngineApp] WARNING | No heartbeat in the last 3010 ms (4 time(s) in a row).
2020-01-06 11:48:10.196 [IPEngineApp] WARNING | No heartbeat in the last 3010 ms (4 time(s) in a row).
2020-01-06 11:48:18.043 [IPEngineApp] WARNING | No heartbeat in the last 3010 ms (5 time(s) in a row).
2020-01-06 11:48:56.263 [IPControllerApp] WARNING | heartbeat::heart b'91a15fd6-2f12a733e426c5c7e08382bb' missed a beat, and took 55754.92 ms to respond
2020-01-06 11:48:13.207 [IPEngineApp] WARNING | No heartbeat in the last 3010 ms (5 time(s) in a row).
2020-01-06 11:48:21.053 [IPEngineApp] WARNING | No heartbeat in the last 3010 ms (6 time(s) in a row).
2020-01-06 11:48:56.263 [IPControllerApp] WARNING | heartbeat::heart b'fe285905-589a899587c522449964ff68' missed a beat, and took 55755.20 ms to respond
2020-01-06 11:48:16.216 [IPEngineApp] WARNING | No heartbeat in the last 3010 ms (6 time(s) in a row).
2020-01-06 11:48:56.263 [IPControllerApp] WARNING | heartbeat::heart b'da35469a-bfac8da2368a0f682de269aa' missed a beat, and took 55755.44 ms to respond
2020-01-06 11:48:24.063 [IPEngineApp] WARNING | No heartbeat in the last 3010 ms (7 time(s) in a row).
2020-01-06 11:48:56.263 [IPControllerApp] WARNING | heartbeat::heart b'b8795f53-7c65e5755920e6ba81e01794' missed a beat, and took 55755.66 ms to respond
2020-01-06 11:48:19.226 [IPEngineApp] WARNING | No heartbeat in the last 3010 ms (7 time(s) in a row).
2020-01-06 11:48:27.073 [IPEngineApp] WARNING | No heartbeat in the last 3010 ms (8 time(s) in a row).
2020-01-06 11:48:22.237 [IPEngineApp] WARNING | No heartbeat in the last 3010 ms (8 time(s) in a row).
2020-01-06 11:48:30.083 [IPEngineApp] WARNING | No heartbeat in the last 3010 ms (9 time(s) in a row).
2020-01-06 11:48:25.246 [IPEngineApp] WARNING | No heartbeat in the last 3010 ms (9 time(s) in a row).
2020-01-06 11:48:33.093 [IPEngineApp] WARNING | No heartbeat in the last 3010 ms (10 time(s) in a row).
2020-01-06 11:48:28.256 [IPEngineApp] WARNING | No heartbeat in the last 3010 ms (10 time(s) in a row).
2020-01-06 11:48:36.103 [IPEngineApp] WARNING | No heartbeat in the last 3010 ms (11 time(s) in a row).
2020-01-06 11:48:31.267 [IPEngineApp] WARNING | No heartbeat in the last 3010 ms (11 time(s) in a row).
2020-01-06 11:48:39.113 [IPEngineApp] WARNING | No heartbeat in the last 3010 ms (12 time(s) in a row).
2020-01-06 11:48:34.276 [IPEngineApp] WARNING | No heartbeat in the last 3010 ms (12 time(s) in a row).
2020-01-06 11:48:42.122 [IPEngineApp] WARNING | No heartbeat in the last 3010 ms (13 time(s) in a row).
2020-01-06 11:48:37.286 [IPEngineApp] WARNING | No heartbeat in the last 3010 ms (13 time(s) in a row).
2020-01-06 11:48:45.133 [IPEngineApp] WARNING | No heartbeat in the last 3010 ms (14 time(s) in a row).
2020-01-06 11:48:40.297 [IPEngineApp] WARNING | No heartbeat in the last 3010 ms (14 time(s) in a row).
2020-01-06 11:48:48.142 [IPEngineApp] WARNING | No heartbeat in the last 3010 ms (15 time(s) in a row).
2020-01-06 11:48:43.306 [IPEngineApp] WARNING | No heartbeat in the last 3010 ms (15 time(s) in a row).
2020-01-06 11:48:51.153 [IPEngineApp] WARNING | No heartbeat in the last 3010 ms (16 time(s) in a row).
2020-01-06 11:48:46.317 [IPEngineApp] WARNING | No heartbeat in the last 3010 ms (16 time(s) in a row).
2020-01-06 11:48:54.163 [IPEngineApp] WARNING | No heartbeat in the last 3010 ms (17 time(s) in a row).
2020-01-06 11:48:49.327 [IPEngineApp] WARNING | No heartbeat in the last 3010 ms (17 time(s) in a row).
2020-01-06 11:48:52.336 [IPEngineApp] WARNING | No heartbeat in the last 3010 ms (18 time(s) in a row).
2020-01-06 11:48:02.477 [IPEngineApp] WARNING | No heartbeat in the last 3010 ms (1 time(s) in a row).
2020-01-06 11:48:05.487 [IPEngineApp] WARNING | No heartbeat in the last 3010 ms (2 time(s) in a row).
2020-01-06 11:48:08.497 [IPEngineApp] WARNING | No heartbeat in the last 3010 ms (3 time(s) in a row).
2020-01-06 11:48:11.507 [IPEngineApp] WARNING | No heartbeat in the last 3010 ms (4 time(s) in a row).
2020-01-06 11:48:14.517 [IPEngineApp] WARNING | No heartbeat in the last 3010 ms (5 time(s) in a row).
2020-01-06 11:48:17.527 [IPEngineApp] WARNING | No heartbeat in the last 3010 ms (6 time(s) in a row).
2020-01-06 11:48:20.536 [IPEngineApp] WARNING | No heartbeat in the last 3010 ms (7 time(s) in a row).
2020-01-06 11:48:23.547 [IPEngineApp] WARNING | No heartbeat in the last 3010 ms (8 time(s) in a row).
2020-01-06 11:48:26.557 [IPEngineApp] WARNING | No heartbeat in the last 3010 ms (9 time(s) in a row).
2020-01-06 11:48:29.566 [IPEngineApp] WARNING | No heartbeat in the last 3010 ms (10 time(s) in a row).
2020-01-06 11:48:32.577 [IPEngineApp] WARNING | No heartbeat in the last 3010 ms (11 time(s) in a row).
2020-01-06 11:48:35.587 [IPEngineApp] WARNING | No heartbeat in the last 3010 ms (12 time(s) in a row).
2020-01-06 11:48:38.596 [IPEngineApp] WARNING | No heartbeat in the last 3010 ms (13 time(s) in a row).
2020-01-06 11:48:41.607 [IPEngineApp] WARNING | No heartbeat in the last 3010 ms (14 time(s) in a row).
2020-01-06 11:48:44.616 [IPEngineApp] WARNING | No heartbeat in the last 3010 ms (15 time(s) in a row).
2020-01-06 11:48:47.626 [IPEngineApp] WARNING | No heartbeat in the last 3010 ms (16 time(s) in a row).
2020-01-06 11:48:50.637 [IPEngineApp] WARNING | No heartbeat in the last 3010 ms (17 time(s) in a row).
2020-01-06 11:48:02.848 [IPEngineApp] WARNING | No heartbeat in the last 3010 ms (1 time(s) in a row).
2020-01-06 11:48:05.859 [IPEngineApp] WARNING | No heartbeat in the last 3010 ms (2 time(s) in a row).
2020-01-06 11:48:08.869 [IPEngineApp] WARNING | No heartbeat in the last 3010 ms (3 time(s) in a row).
2020-01-06 11:48:11.878 [IPEngineApp] WARNING | No heartbeat in the last 3010 ms (4 time(s) in a row).
2020-01-06 11:48:14.889 [IPEngineApp] WARNING | No heartbeat in the last 3010 ms (5 time(s) in a row).
2020-01-06 11:48:17.898 [IPEngineApp] WARNING | No heartbeat in the last 3010 ms (6 time(s) in a row).
2020-01-06 11:48:20.908 [IPEngineApp] WARNING | No heartbeat in the last 3010 ms (7 time(s) in a row).
2020-01-06 11:48:23.919 [IPEngineApp] WARNING | No heartbeat in the last 3010 ms (8 time(s) in a row).
2020-01-06 11:48:26.928 [IPEngineApp] WARNING | No heartbeat in the last 3010 ms (9 time(s) in a row).
2020-01-06 11:48:29.939 [IPEngineApp] WARNING | No heartbeat in the last 3010 ms (10 time(s) in a row).
2020-01-06 11:48:32.948 [IPEngineApp] WARNING | No heartbeat in the last 3010 ms (11 time(s) in a row).
2020-01-06 11:48:35.958 [IPEngineApp] WARNING | No heartbeat in the last 3010 ms (12 time(s) in a row).
2020-01-06 11:48:38.969 [IPEngineApp] WARNING | No heartbeat in the last 3010 ms (13 time(s) in a row).
2020-01-06 11:48:41.978 [IPEngineApp] WARNING | No heartbeat in the last 3010 ms (14 time(s) in a row).
2020-01-06 11:48:44.989 [IPEngineApp] WARNING | No heartbeat in the last 3010 ms (15 time(s) in a row).
2020-01-06 11:48:47.999 [IPEngineApp] WARNING | No heartbeat in the last 3010 ms (16 time(s) in a row).
2020-01-06 11:48:51.008 [IPEngineApp] WARNING | No heartbeat in the last 3010 ms (17 time(s) in a row).
2020-01-06 11:48:03.149 [IPEngineApp] WARNING | No heartbeat in the last 3010 ms (1 time(s) in a row).
2020-01-06 11:48:06.158 [IPEngineApp] WARNING | No heartbeat in the last 3010 ms (2 time(s) in a row).
2020-01-06 11:48:09.168 [IPEngineApp] WARNING | No heartbeat in the last 3010 ms (3 time(s) in a row).
2020-01-06 11:48:12.179 [IPEngineApp] WARNING | No heartbeat in the last 3010 ms (4 time(s) in a row).
2020-01-06 11:48:15.188 [IPEngineApp] WARNING | No heartbeat in the last 3010 ms (5 time(s) in a row).
2020-01-06 11:48:18.198 [IPEngineApp] WARNING | No heartbeat in the last 3010 ms (6 time(s) in a row).
2020-01-06 11:48:21.209 [IPEngineApp] WARNING | No heartbeat in the last 3010 ms (7 time(s) in a row).
2020-01-06 11:48:24.218 [IPEngineApp] WARNING | No heartbeat in the last 3010 ms (8 time(s) in a row).
2020-01-06 11:48:27.228 [IPEngineApp] WARNING | No heartbeat in the last 3010 ms (9 time(s) in a row).
2020-01-06 11:48:30.239 [IPEngineApp] WARNING | No heartbeat in the last 3010 ms (10 time(s) in a row).
2020-01-06 11:48:33.248 [IPEngineApp] WARNING | No heartbeat in the last 3010 ms (11 time(s) in a row).
2020-01-06 11:48:36.258 [IPEngineApp] WARNING | No heartbeat in the last 3010 ms (12 time(s) in a row).
2020-01-06 11:48:39.268 [IPEngineApp] WARNING | No heartbeat in the last 3010 ms (13 time(s) in a row).
2020-01-06 11:48:42.279 [IPEngineApp] WARNING | No heartbeat in the last 3010 ms (14 time(s) in a row).
2020-01-06 11:48:45.288 [IPEngineApp] WARNING | No heartbeat in the last 3010 ms (15 time(s) in a row).
2020-01-06 11:48:48.298 [IPEngineApp] WARNING | No heartbeat in the last 3010 ms (16 time(s) in a row).
2020-01-06 11:48:51.308 [IPEngineApp] WARNING | No heartbeat in the last 3010 ms (17 time(s) in a row).
slurmstepd: error: *** STEP 27242688.0 ON nid01111 CANCELLED AT 2020-01-06T12:01:15 ***
2020-01-06 12:01:15.913 [IPControllerApp] CRITICAL | Received signal 15, shutting down
srun: got SIGCONT
2020-01-06 12:01:15.932 [IPControllerApp] CRITICAL | terminating children...
srun: forcing job termination
