[+] ------START TIME (ST): Sat Jan 11 23:33:51 PST 2020------
Start cluster...
Launching controller
2020-01-11 23:33:53.923 [IPControllerApp] Hub listening on tcp://10.128.6.253:60617 for registration.
2020-01-11 23:33:53.924 [IPControllerApp] Hub using DB backend: 'DictDB'
2020-01-11 23:33:54.176 [IPControllerApp] hub::created hub
2020-01-11 23:33:54.176 [IPControllerApp] writing connection info to /global/u2/m/muszyng/.ipython/profile_default/security/ipcontroller-cori_27373574-client.json
2020-01-11 23:33:54.211 [IPControllerApp] writing connection info to /global/u2/m/muszyng/.ipython/profile_default/security/ipcontroller-cori_27373574-engine.json
2020-01-11 23:33:54.223 [IPControllerApp] task::using Python leastload Task scheduler
2020-01-11 23:33:54.223 [IPControllerApp] Heartmonitor started
2020-01-11 23:33:54.238 [scheduler] Scheduler started [leastload]
2020-01-11 23:33:54.251 [IPControllerApp] Creating pid file: /global/u2/m/muszyng/.ipython/profile_default/pid/ipcontroller-cori_27373574.pid
2020-01-11 23:33:54.254 [IPControllerApp] client::client b'\x00k\x8bEg' requested 'connection_request'
2020-01-11 23:33:54.254 [IPControllerApp] client::client [b'\x00k\x8bEg'] connected
Launching engines
2020-01-11 23:34:23.932 [IPEngineApp] Loading url_file '/global/u2/m/muszyng/.ipython/profile_default/security/ipcontroller-cori_27373574-engine.json'
2020-01-11 23:34:23.938 [IPControllerApp] client::client b'063cea2f-5ebaf07df4f20d6eff3be56b' requested 'registration_request'
2020-01-11 23:34:23.936 [IPEngineApp] Registering with controller at tcp://10.128.6.253:60617
2020-01-11 23:34:23.995 [IPEngineApp] Starting to monitor the heartbeat signal from the hub every 3010 ms.
2020-01-11 23:34:24.005 [IPEngineApp] Completed registration with id 0
2020-01-11 23:34:24.354 [IPEngineApp] Loading url_file '/global/u2/m/muszyng/.ipython/profile_default/security/ipcontroller-cori_27373574-engine.json'
2020-01-11 23:34:24.358 [IPEngineApp] Registering with controller at tcp://10.128.6.253:60617
2020-01-11 23:34:24.359 [IPControllerApp] client::client b'c22ead6a-598aeafee130ee26484d5ff1' requested 'registration_request'
2020-01-11 23:34:24.412 [IPEngineApp] Starting to monitor the heartbeat signal from the hub every 3010 ms.
2020-01-11 23:34:24.422 [IPEngineApp] Completed registration with id 1
2020-01-11 23:34:24.436 [IPEngineApp] Loading url_file '/global/u2/m/muszyng/.ipython/profile_default/security/ipcontroller-cori_27373574-engine.json'
2020-01-11 23:34:24.440 [IPEngineApp] Registering with controller at tcp://10.128.6.253:60617
2020-01-11 23:34:24.441 [IPControllerApp] client::client b'f3cdbac0-8ce956eac9424c4a8aaf9630' requested 'registration_request'
2020-01-11 23:34:24.493 [IPEngineApp] Starting to monitor the heartbeat signal from the hub every 3010 ms.
2020-01-11 23:34:24.502 [IPEngineApp] Completed registration with id 2
2020-01-11 23:34:24.551 [IPEngineApp] Loading url_file '/global/u2/m/muszyng/.ipython/profile_default/security/ipcontroller-cori_27373574-engine.json'
2020-01-11 23:34:24.556 [IPControllerApp] client::client b'46eee8e6-dfb91523750dd53b3e2f3859' requested 'registration_request'
2020-01-11 23:34:24.561 [IPEngineApp] Loading url_file '/global/u2/m/muszyng/.ipython/profile_default/security/ipcontroller-cori_27373574-engine.json'
2020-01-11 23:34:24.566 [IPControllerApp] client::client b'4ff6fccd-38ecdf226004408289e05175' requested 'registration_request'
2020-01-11 23:34:24.555 [IPEngineApp] Registering with controller at tcp://10.128.6.253:60617
2020-01-11 23:34:24.565 [IPEngineApp] Registering with controller at tcp://10.128.6.253:60617
2020-01-11 23:34:24.611 [IPEngineApp] Starting to monitor the heartbeat signal from the hub every 3010 ms.
2020-01-11 23:34:24.619 [IPEngineApp] Starting to monitor the heartbeat signal from the hub every 3010 ms.
2020-01-11 23:34:24.621 [IPEngineApp] Completed registration with id 3
2020-01-11 23:34:24.628 [IPEngineApp] Completed registration with id 4
2020-01-11 23:34:27.226 [IPControllerApp] registration::finished registering engine 0:063cea2f-5ebaf07df4f20d6eff3be56b
2020-01-11 23:34:27.227 [IPControllerApp] engine::Engine Connected: 0
2020-01-11 23:34:30.226 [IPControllerApp] registration::finished registering engine 1:c22ead6a-598aeafee130ee26484d5ff1
2020-01-11 23:34:30.227 [IPControllerApp] engine::Engine Connected: 1
2020-01-11 23:34:30.236 [IPControllerApp] registration::finished registering engine 3:46eee8e6-dfb91523750dd53b3e2f3859
2020-01-11 23:34:30.236 [IPControllerApp] engine::Engine Connected: 3
2020-01-11 23:34:30.240 [IPControllerApp] registration::finished registering engine 2:f3cdbac0-8ce956eac9424c4a8aaf9630
2020-01-11 23:34:30.240 [IPControllerApp] engine::Engine Connected: 2
2020-01-11 23:34:30.243 [IPControllerApp] registration::finished registering engine 4:4ff6fccd-38ecdf226004408289e05175
2020-01-11 23:34:30.243 [IPControllerApp] engine::Engine Connected: 4
2020-01-11 23:34:58.219 [IPControllerApp] client::client b'\x00k\x8bEh' requested 'connection_request'
2020-01-11 23:34:58.219 [IPControllerApp] client::client [b'\x00k\x8bEh'] connected
Model_C_4 81 281 20
Job id: 27373574; Cluster id: cori_27373574
Worker IDs: [0, 1, 2, 3, 4]
Original order  ['4_train_0_.h5', '4_train_1_.h5', '4_train_2_.h5', '4_train_3_.h5', '4_train_4_.h5', '4_train_5_.h5', '4_train_6_.h5', '4_train_7_.h5', '4_train_8_.h5', '4_train_9_.h5', '4_train_10_.h5', '4_train_11_.h5', '4_train_12_.h5', '4_train_13_.h5', '4_train_14_.h5', '4_train_15_.h5', '4_train_16_.h5', '4_train_17_.h5', '4_train_18_.h5', '4_train_19_.h5'] ['4_val_0_.h5', '4_val_1_.h5', '4_val_2_.h5', '4_val_3_.h5', '4_val_4_.h5', '4_val_5_.h5', '4_val_6_.h5', '4_val_7_.h5', '4_val_8_.h5', '4_val_9_.h5', '4_val_10_.h5', '4_val_11_.h5', '4_val_12_.h5', '4_val_13_.h5', '4_val_14_.h5', '4_val_15_.h5', '4_val_16_.h5', '4_val_17_.h5', '4_val_18_.h5', '4_val_19_.h5']
Shuffled files: ['4_train_12_.h5', '4_train_7_.h5', '4_train_11_.h5', '4_train_1_.h5', '4_train_9_.h5', '4_train_18_.h5', '4_train_0_.h5', '4_train_14_.h5', '4_train_15_.h5', '4_train_19_.h5', '4_train_8_.h5', '4_train_16_.h5', '4_train_4_.h5', '4_train_6_.h5', '4_train_13_.h5', '4_train_2_.h5', '4_train_5_.h5', '4_train_10_.h5', '4_train_17_.h5', '4_train_3_.h5'] ['4_val_11_.h5', '4_val_16_.h5', '4_val_6_.h5', '4_val_2_.h5', '4_val_4_.h5', '4_val_8_.h5', '4_val_10_.h5', '4_val_15_.h5', '4_val_14_.h5', '4_val_9_.h5', '4_val_1_.h5', '4_val_5_.h5', '4_val_0_.h5', '4_val_19_.h5', '4_val_18_.h5', '4_val_7_.h5', '4_val_3_.h5', '4_val_13_.h5', '4_val_12_.h5', '4_val_17_.h5']
/global/cscratch1/sd/muszyng/cnn_model_runs/Model_C/Model_C_4/27373574
['ihp', 'n_hpo_trials', 'n_convs_layers', 'conv_sizes', 'n_fc_layers', 'fc_sizes', 'dropout', 'optimizer', 'lr', 'batch_sizes', 'n_epochs', 'repeats_conv', 'recep_fields', 'checkpoint_dir']
Hyperparameter trial 0 conv [ 64 128 256 512] fc [512 256 128  64] dropout 0.5054 opt Adam, lr 0.0000, batch sizes 32
Checkpoint file: /global/cscratch1/sd/muszyng/cnn_model_runs/Model_C/Model_C_4/27373574/model_0.h5
Hyperparameter trial 1 conv [ 64 128 256 512] fc [512 256 128  64] dropout 0.5639 opt Adam, lr 0.0000, batch sizes 128
Checkpoint file: /global/cscratch1/sd/muszyng/cnn_model_runs/Model_C/Model_C_4/27373574/model_1.h5
Hyperparameter trial 2 conv [ 64 128 256 512] fc [512 256 128  64] dropout 0.5059 opt Adam, lr 0.0000, batch sizes 32
Checkpoint file: /global/cscratch1/sd/muszyng/cnn_model_runs/Model_C/Model_C_4/27373574/model_2.h5
Hyperparameter trial 3 conv [ 64 128 256 512] fc [512 256 128  64] dropout 0.5491 opt Adam, lr 0.0000, batch sizes 128
Checkpoint file: /global/cscratch1/sd/muszyng/cnn_model_runs/Model_C/Model_C_4/27373574/model_3.h5
Hyperparameter trial 4 conv [ 64 128 256 512] fc [512 256 128  64] dropout 0.5235 opt Adam, lr 0.0000, batch sizes 32
Checkpoint file: /global/cscratch1/sd/muszyng/cnn_model_runs/Model_C/Model_C_4/27373574/model_4.h5
2020-01-11 23:34:58.252 [IPControllerApp] task::task 'df74d6f1-e0dcba9f6d63445cf2cbb795' arrived on 4
2020-01-11 23:34:58.253 [IPControllerApp] task::task 'b2b34fa9-1da1d7a5fc1502650d1afb44' arrived on 2
2020-01-11 23:34:58.255 [IPControllerApp] task::task 'a56eced4-d25b8424e4ce3a6f1afd668e' arrived on 3
2020-01-11 23:34:58.258 [IPControllerApp] task::task 'd3368753-d23f779b9609414b5a8498c5' arrived on 1
2020-01-11 23:34:58.259 [IPControllerApp] task::task '23d3f13e-a0f5dd0e9126d926c70f5b4d' arrived on 0
WARNING:tensorflow:From test_ipyparallel.py:101: The name tf.keras.backend.set_session is deprecated. Please use tf.compat.v1.keras.backend.set_session instead.

WARNING:tensorflow:From /global/u2/m/muszyng/project-cnn-tda/cnn-project/my_project/new_project_mid_lat/code_for_paper/project/Model_C/mlextras.py:39: The name tf.ConfigProto is deprecated. Please use tf.compat.v1.ConfigProto instead.

WARNING:tensorflow:From /global/u2/m/muszyng/project-cnn-tda/cnn-project/my_project/new_project_mid_lat/code_for_paper/project/Model_C/mlextras.py:43: The name tf.Session is deprecated. Please use tf.compat.v1.Session instead.

2020-01-11 23:35:01.453620: I tensorflow/core/platform/cpu_feature_guard.cc:145] This TensorFlow binary is optimized with Intel(R) MKL-DNN to use the following CPU instructions in performance critical operations:  SSE4.1 SSE4.2 AVX AVX2 FMA
To enable them in non-MKL-DNN operations, rebuild TensorFlow with the appropriate compiler flags.
2020-01-11 23:35:01.472678: I tensorflow/core/platform/profile_utils/cpu_utils.cc:94] CPU Frequency: 2300095000 Hz
2020-01-11 23:35:01.474714: I tensorflow/compiler/xla/service/service.cc:168] XLA service 0x55555844c340 initialized for platform Host (this does not guarantee that XLA will be used). Devices:
2020-01-11 23:35:01.474731: I tensorflow/compiler/xla/service/service.cc:176]   StreamExecutor device (0): Host, Default Version
WARNING:tensorflow:From /usr/common/software/tensorflow/intel-tensorflow/1.15.0-py37/lib/python3.7/site-packages/tensorflow_core/python/ops/resource_variable_ops.py:1630: calling BaseResourceVariable.__init__ (from tensorflow.python.ops.resource_variable_ops) with constraint is deprecated and will be removed in a future version.
Instructions for updating:
If using Keras pass *_constraint arguments to layers.
WARNING:tensorflow:Large dropout rate: 0.52351 (>0.5). In TensorFlow 2.x, dropout() uses dropout rate instead of keep_prob. Please ensure that this is intended.
WARNING:tensorflow:Large dropout rate: 0.52351 (>0.5). In TensorFlow 2.x, dropout() uses dropout rate instead of keep_prob. Please ensure that this is intended.
WARNING:tensorflow:Large dropout rate: 0.52351 (>0.5). In TensorFlow 2.x, dropout() uses dropout rate instead of keep_prob. Please ensure that this is intended.
WARNING:tensorflow:Large dropout rate: 0.52351 (>0.5). In TensorFlow 2.x, dropout() uses dropout rate instead of keep_prob. Please ensure that this is intended.
WARNING:tensorflow:From /usr/common/software/tensorflow/intel-tensorflow/1.15.0-py37/lib/python3.7/site-packages/tensorflow_core/python/ops/nn_impl.py:183: where (from tensorflow.python.ops.array_ops) is deprecated and will be removed in a future version.
Instructions for updating:
Use tf.where in 2.0, which has the same broadcast rule as np.where
WARNING:tensorflow:`epsilon` argument is deprecated and will be removed, use `min_delta` instead.
WARNING:tensorflow:`period` argument is deprecated. Please use `save_freq` to specify the frequency in number of samples seen.
WARNING:tensorflow:From test_ipyparallel.py:101: The name tf.keras.backend.set_session is deprecated. Please use tf.compat.v1.keras.backend.set_session instead.

WARNING:tensorflow:From /global/u2/m/muszyng/project-cnn-tda/cnn-project/my_project/new_project_mid_lat/code_for_paper/project/Model_C/mlextras.py:39: The name tf.ConfigProto is deprecated. Please use tf.compat.v1.ConfigProto instead.

WARNING:tensorflow:From /global/u2/m/muszyng/project-cnn-tda/cnn-project/my_project/new_project_mid_lat/code_for_paper/project/Model_C/mlextras.py:43: The name tf.Session is deprecated. Please use tf.compat.v1.Session instead.

2020-01-11 23:35:03.969683: I tensorflow/core/platform/cpu_feature_guard.cc:145] This TensorFlow binary is optimized with Intel(R) MKL-DNN to use the following CPU instructions in performance critical operations:  SSE4.1 SSE4.2 AVX AVX2 FMA
To enable them in non-MKL-DNN operations, rebuild TensorFlow with the appropriate compiler flags.
2020-01-11 23:35:03.996844: I tensorflow/core/platform/profile_utils/cpu_utils.cc:94] CPU Frequency: 2300110000 Hz
2020-01-11 23:35:03.998584: I tensorflow/compiler/xla/service/service.cc:168] XLA service 0x55555844c340 initialized for platform Host (this does not guarantee that XLA will be used). Devices:
2020-01-11 23:35:03.998599: I tensorflow/compiler/xla/service/service.cc:176]   StreamExecutor device (0): Host, Default Version
WARNING:tensorflow:From /usr/common/software/tensorflow/intel-tensorflow/1.15.0-py37/lib/python3.7/site-packages/tensorflow_core/python/ops/resource_variable_ops.py:1630: calling BaseResourceVariable.__init__ (from tensorflow.python.ops.resource_variable_ops) with constraint is deprecated and will be removed in a future version.
Instructions for updating:
If using Keras pass *_constraint arguments to layers.
WARNING:tensorflow:From test_ipyparallel.py:101: The name tf.keras.backend.set_session is deprecated. Please use tf.compat.v1.keras.backend.set_session instead.

WARNING:tensorflow:From /global/u2/m/muszyng/project-cnn-tda/cnn-project/my_project/new_project_mid_lat/code_for_paper/project/Model_C/mlextras.py:39: The name tf.ConfigProto is deprecated. Please use tf.compat.v1.ConfigProto instead.

WARNING:tensorflow:From /global/u2/m/muszyng/project-cnn-tda/cnn-project/my_project/new_project_mid_lat/code_for_paper/project/Model_C/mlextras.py:43: The name tf.Session is deprecated. Please use tf.compat.v1.Session instead.

2020-01-11 23:35:04.020319: I tensorflow/core/platform/cpu_feature_guard.cc:145] This TensorFlow binary is optimized with Intel(R) MKL-DNN to use the following CPU instructions in performance critical operations:  SSE4.1 SSE4.2 AVX AVX2 FMA
To enable them in non-MKL-DNN operations, rebuild TensorFlow with the appropriate compiler flags.
2020-01-11 23:35:04.041135: I tensorflow/core/platform/profile_utils/cpu_utils.cc:94] CPU Frequency: 2300030000 Hz
2020-01-11 23:35:04.043013: I tensorflow/compiler/xla/service/service.cc:168] XLA service 0x55555881b430 initialized for platform Host (this does not guarantee that XLA will be used). Devices:
2020-01-11 23:35:04.043028: I tensorflow/compiler/xla/service/service.cc:176]   StreamExecutor device (0): Host, Default Version
WARNING:tensorflow:From /usr/common/software/tensorflow/intel-tensorflow/1.15.0-py37/lib/python3.7/site-packages/tensorflow_core/python/ops/resource_variable_ops.py:1630: calling BaseResourceVariable.__init__ (from tensorflow.python.ops.resource_variable_ops) with constraint is deprecated and will be removed in a future version.
Instructions for updating:
If using Keras pass *_constraint arguments to layers.
WARNING:tensorflow:From test_ipyparallel.py:101: The name tf.keras.backend.set_session is deprecated. Please use tf.compat.v1.keras.backend.set_session instead.

WARNING:tensorflow:Large dropout rate: 0.505941 (>0.5). In TensorFlow 2.x, dropout() uses dropout rate instead of keep_prob. Please ensure that this is intended.
WARNING:tensorflow:From /global/u2/m/muszyng/project-cnn-tda/cnn-project/my_project/new_project_mid_lat/code_for_paper/project/Model_C/mlextras.py:39: The name tf.ConfigProto is deprecated. Please use tf.compat.v1.ConfigProto instead.

WARNING:tensorflow:From /global/u2/m/muszyng/project-cnn-tda/cnn-project/my_project/new_project_mid_lat/code_for_paper/project/Model_C/mlextras.py:43: The name tf.Session is deprecated. Please use tf.compat.v1.Session instead.

2020-01-11 23:35:04.119193: I tensorflow/core/platform/cpu_feature_guard.cc:145] This TensorFlow binary is optimized with Intel(R) MKL-DNN to use the following CPU instructions in performance critical operations:  SSE4.1 SSE4.2 AVX AVX2 FMA
To enable them in non-MKL-DNN operations, rebuild TensorFlow with the appropriate compiler flags.
WARNING:tensorflow:Large dropout rate: 0.505941 (>0.5). In TensorFlow 2.x, dropout() uses dropout rate instead of keep_prob. Please ensure that this is intended.
2020-01-11 23:35:04.145774: I tensorflow/core/platform/profile_utils/cpu_utils.cc:94] CPU Frequency: 2299950000 Hz
2020-01-11 23:35:04.147443: I tensorflow/compiler/xla/service/service.cc:168] XLA service 0x55555844c340 initialized for platform Host (this does not guarantee that XLA will be used). Devices:
2020-01-11 23:35:04.147456: I tensorflow/compiler/xla/service/service.cc:176]   StreamExecutor device (0): Host, Default Version
WARNING:tensorflow:Large dropout rate: 0.549127 (>0.5). In TensorFlow 2.x, dropout() uses dropout rate instead of keep_prob. Please ensure that this is intended.
WARNING:tensorflow:From /usr/common/software/tensorflow/intel-tensorflow/1.15.0-py37/lib/python3.7/site-packages/tensorflow_core/python/ops/resource_variable_ops.py:1630: calling BaseResourceVariable.__init__ (from tensorflow.python.ops.resource_variable_ops) with constraint is deprecated and will be removed in a future version.
Instructions for updating:
If using Keras pass *_constraint arguments to layers.
WARNING:tensorflow:Large dropout rate: 0.505941 (>0.5). In TensorFlow 2.x, dropout() uses dropout rate instead of keep_prob. Please ensure that this is intended.
WARNING:tensorflow:Large dropout rate: 0.549127 (>0.5). In TensorFlow 2.x, dropout() uses dropout rate instead of keep_prob. Please ensure that this is intended.
WARNING:tensorflow:Large dropout rate: 0.505941 (>0.5). In TensorFlow 2.x, dropout() uses dropout rate instead of keep_prob. Please ensure that this is intended.
WARNING:tensorflow:Large dropout rate: 0.549127 (>0.5). In TensorFlow 2.x, dropout() uses dropout rate instead of keep_prob. Please ensure that this is intended.
WARNING:tensorflow:Large dropout rate: 0.549127 (>0.5). In TensorFlow 2.x, dropout() uses dropout rate instead of keep_prob. Please ensure that this is intended.
WARNING:tensorflow:From /usr/common/software/tensorflow/intel-tensorflow/1.15.0-py37/lib/python3.7/site-packages/tensorflow_core/python/ops/nn_impl.py:183: where (from tensorflow.python.ops.array_ops) is deprecated and will be removed in a future version.
Instructions for updating:
Use tf.where in 2.0, which has the same broadcast rule as np.where
WARNING:tensorflow:Large dropout rate: 0.563935 (>0.5). In TensorFlow 2.x, dropout() uses dropout rate instead of keep_prob. Please ensure that this is intended.
WARNING:tensorflow:From /usr/common/software/tensorflow/intel-tensorflow/1.15.0-py37/lib/python3.7/site-packages/tensorflow_core/python/ops/nn_impl.py:183: where (from tensorflow.python.ops.array_ops) is deprecated and will be removed in a future version.
Instructions for updating:
Use tf.where in 2.0, which has the same broadcast rule as np.where
WARNING:tensorflow:Large dropout rate: 0.563935 (>0.5). In TensorFlow 2.x, dropout() uses dropout rate instead of keep_prob. Please ensure that this is intended.
WARNING:tensorflow:Large dropout rate: 0.563935 (>0.5). In TensorFlow 2.x, dropout() uses dropout rate instead of keep_prob. Please ensure that this is intended.
WARNING:tensorflow:`epsilon` argument is deprecated and will be removed, use `min_delta` instead.
WARNING:tensorflow:`period` argument is deprecated. Please use `save_freq` to specify the frequency in number of samples seen.
WARNING:tensorflow:Large dropout rate: 0.563935 (>0.5). In TensorFlow 2.x, dropout() uses dropout rate instead of keep_prob. Please ensure that this is intended.
WARNING:tensorflow:`epsilon` argument is deprecated and will be removed, use `min_delta` instead.
WARNING:tensorflow:`period` argument is deprecated. Please use `save_freq` to specify the frequency in number of samples seen.
WARNING:tensorflow:From /usr/common/software/tensorflow/intel-tensorflow/1.15.0-py37/lib/python3.7/site-packages/tensorflow_core/python/ops/nn_impl.py:183: where (from tensorflow.python.ops.array_ops) is deprecated and will be removed in a future version.
Instructions for updating:
Use tf.where in 2.0, which has the same broadcast rule as np.where
WARNING:tensorflow:`epsilon` argument is deprecated and will be removed, use `min_delta` instead.
WARNING:tensorflow:`period` argument is deprecated. Please use `save_freq` to specify the frequency in number of samples seen.
WARNING:tensorflow:From test_ipyparallel.py:101: The name tf.keras.backend.set_session is deprecated. Please use tf.compat.v1.keras.backend.set_session instead.

WARNING:tensorflow:From /global/u2/m/muszyng/project-cnn-tda/cnn-project/my_project/new_project_mid_lat/code_for_paper/project/Model_C/mlextras.py:39: The name tf.ConfigProto is deprecated. Please use tf.compat.v1.ConfigProto instead.

WARNING:tensorflow:From /global/u2/m/muszyng/project-cnn-tda/cnn-project/my_project/new_project_mid_lat/code_for_paper/project/Model_C/mlextras.py:43: The name tf.Session is deprecated. Please use tf.compat.v1.Session instead.

2020-01-11 23:35:04.976263: I tensorflow/core/platform/cpu_feature_guard.cc:145] This TensorFlow binary is optimized with Intel(R) MKL-DNN to use the following CPU instructions in performance critical operations:  SSE4.1 SSE4.2 AVX AVX2 FMA
To enable them in non-MKL-DNN operations, rebuild TensorFlow with the appropriate compiler flags.
2020-01-11 23:35:04.997559: I tensorflow/core/platform/profile_utils/cpu_utils.cc:94] CPU Frequency: 2300135000 Hz
2020-01-11 23:35:04.999372: I tensorflow/compiler/xla/service/service.cc:168] XLA service 0x55555844c340 initialized for platform Host (this does not guarantee that XLA will be used). Devices:
2020-01-11 23:35:04.999386: I tensorflow/compiler/xla/service/service.cc:176]   StreamExecutor device (0): Host, Default Version
WARNING:tensorflow:From /usr/common/software/tensorflow/intel-tensorflow/1.15.0-py37/lib/python3.7/site-packages/tensorflow_core/python/ops/resource_variable_ops.py:1630: calling BaseResourceVariable.__init__ (from tensorflow.python.ops.resource_variable_ops) with constraint is deprecated and will be removed in a future version.
Instructions for updating:
If using Keras pass *_constraint arguments to layers.
WARNING:tensorflow:Large dropout rate: 0.505438 (>0.5). In TensorFlow 2.x, dropout() uses dropout rate instead of keep_prob. Please ensure that this is intended.
WARNING:tensorflow:Large dropout rate: 0.505438 (>0.5). In TensorFlow 2.x, dropout() uses dropout rate instead of keep_prob. Please ensure that this is intended.
WARNING:tensorflow:Large dropout rate: 0.505438 (>0.5). In TensorFlow 2.x, dropout() uses dropout rate instead of keep_prob. Please ensure that this is intended.
WARNING:tensorflow:Large dropout rate: 0.505438 (>0.5). In TensorFlow 2.x, dropout() uses dropout rate instead of keep_prob. Please ensure that this is intended.
WARNING:tensorflow:From /usr/common/software/tensorflow/intel-tensorflow/1.15.0-py37/lib/python3.7/site-packages/tensorflow_core/python/ops/nn_impl.py:183: where (from tensorflow.python.ops.array_ops) is deprecated and will be removed in a future version.
Instructions for updating:
Use tf.where in 2.0, which has the same broadcast rule as np.where
WARNING:tensorflow:`epsilon` argument is deprecated and will be removed, use `min_delta` instead.
WARNING:tensorflow:`period` argument is deprecated. Please use `save_freq` to specify the frequency in number of samples seen.
srun: got SIGCONT
slurmstepd: error: *** STEP 27373574.0 ON nid01776 CANCELLED AT 2020-01-12T01:02:04 ***
srun: forcing job termination
2020-01-12 01:02:04.282 [IPControllerApp] CRITICAL | Received signal 15, shutting down
2020-01-12 01:02:04.284 [IPControllerApp] CRITICAL | terminating children...
