[+] ------START TIME (ST): Mon Jan  6 01:24:36 PST 2020------
Start cluster...
Launching controller
2020-01-06 01:24:39.134 [IPControllerApp] Hub listening on tcp://10.128.4.128:41971 for registration.
2020-01-06 01:24:39.135 [IPControllerApp] Hub using DB backend: 'DictDB'
2020-01-06 01:24:39.387 [IPControllerApp] hub::created hub
2020-01-06 01:24:39.387 [IPControllerApp] writing connection info to /global/u2/m/muszyng/.ipython/profile_default/security/ipcontroller-cori_27242692-client.json
2020-01-06 01:24:39.393 [IPControllerApp] writing connection info to /global/u2/m/muszyng/.ipython/profile_default/security/ipcontroller-cori_27242692-engine.json
2020-01-06 01:24:39.404 [IPControllerApp] task::using Python leastload Task scheduler
2020-01-06 01:24:39.405 [IPControllerApp] Heartmonitor started
2020-01-06 01:24:39.421 [scheduler] Scheduler started [leastload]
2020-01-06 01:24:39.428 [IPControllerApp] Creating pid file: /global/u2/m/muszyng/.ipython/profile_default/pid/ipcontroller-cori_27242692.pid
2020-01-06 01:24:39.430 [IPControllerApp] client::client b'\x00k\x8bEg' requested 'connection_request'
2020-01-06 01:24:39.430 [IPControllerApp] client::client [b'\x00k\x8bEg'] connected
Launching engines
2020-01-06 01:25:12.866 [IPEngineApp] Loading url_file '/global/u2/m/muszyng/.ipython/profile_default/security/ipcontroller-cori_27242692-engine.json'
2020-01-06 01:25:12.871 [IPEngineApp] Registering with controller at tcp://10.128.4.128:41971
2020-01-06 01:25:12.872 [IPControllerApp] client::client b'55795609-4efac0a716fc62e9f07736fe' requested 'registration_request'
2020-01-06 01:25:12.930 [IPEngineApp] Starting to monitor the heartbeat signal from the hub every 3010 ms.
2020-01-06 01:25:12.957 [IPEngineApp] Completed registration with id 0
2020-01-06 01:25:13.371 [IPEngineApp] Loading url_file '/global/u2/m/muszyng/.ipython/profile_default/security/ipcontroller-cori_27242692-engine.json'
2020-01-06 01:25:13.376 [IPControllerApp] client::client b'6cb4c544-58b2ac1e8f5ad5a536b99bbd' requested 'registration_request'
2020-01-06 01:25:13.375 [IPEngineApp] Registering with controller at tcp://10.128.4.128:41971
2020-01-06 01:25:13.502 [IPEngineApp] Starting to monitor the heartbeat signal from the hub every 3010 ms.
2020-01-06 01:25:13.518 [IPEngineApp] Completed registration with id 1
2020-01-06 01:25:14.478 [IPEngineApp] Loading url_file '/global/u2/m/muszyng/.ipython/profile_default/security/ipcontroller-cori_27242692-engine.json'
2020-01-06 01:25:14.485 [IPEngineApp] Registering with controller at tcp://10.128.4.128:41971
2020-01-06 01:25:14.487 [IPControllerApp] client::client b'494ba496-ed730becc73312ccbb3e6f99' requested 'registration_request'
2020-01-06 01:25:14.554 [IPEngineApp] Starting to monitor the heartbeat signal from the hub every 3010 ms.
2020-01-06 01:25:14.568 [IPEngineApp] Completed registration with id 2
2020-01-06 01:25:14.629 [IPEngineApp] Loading url_file '/global/u2/m/muszyng/.ipython/profile_default/security/ipcontroller-cori_27242692-engine.json'
2020-01-06 01:25:14.635 [IPControllerApp] client::client b'ed069ca4-e9aba720cfe4f8a927b57203' requested 'registration_request'
2020-01-06 01:25:14.634 [IPEngineApp] Registering with controller at tcp://10.128.4.128:41971
2020-01-06 01:25:14.698 [IPEngineApp] Starting to monitor the heartbeat signal from the hub every 3010 ms.
2020-01-06 01:25:14.706 [IPEngineApp] Loading url_file '/global/u2/m/muszyng/.ipython/profile_default/security/ipcontroller-cori_27242692-engine.json'
2020-01-06 01:25:14.707 [IPEngineApp] Completed registration with id 3
2020-01-06 01:25:14.712 [IPControllerApp] client::client b'9d89b0e0-9a7b3e569da1a8a3cf9033d8' requested 'registration_request'
2020-01-06 01:25:14.711 [IPEngineApp] Registering with controller at tcp://10.128.4.128:41971
2020-01-06 01:25:14.783 [IPEngineApp] Starting to monitor the heartbeat signal from the hub every 3010 ms.
2020-01-06 01:25:14.793 [IPEngineApp] Completed registration with id 4
2020-01-06 01:25:18.408 [IPControllerApp] registration::finished registering engine 0:55795609-4efac0a716fc62e9f07736fe
2020-01-06 01:25:18.408 [IPControllerApp] engine::Engine Connected: 0
2020-01-06 01:25:18.449 [IPControllerApp] registration::finished registering engine 1:6cb4c544-58b2ac1e8f5ad5a536b99bbd
2020-01-06 01:25:18.449 [IPControllerApp] engine::Engine Connected: 1
2020-01-06 01:25:18.452 [IPControllerApp] registration::finished registering engine 2:494ba496-ed730becc73312ccbb3e6f99
2020-01-06 01:25:18.452 [IPControllerApp] engine::Engine Connected: 2
2020-01-06 01:25:18.457 [IPControllerApp] registration::finished registering engine 4:9d89b0e0-9a7b3e569da1a8a3cf9033d8
2020-01-06 01:25:18.457 [IPControllerApp] engine::Engine Connected: 4
2020-01-06 01:25:18.462 [IPControllerApp] registration::finished registering engine 3:ed069ca4-e9aba720cfe4f8a927b57203
2020-01-06 01:25:18.462 [IPControllerApp] engine::Engine Connected: 3
2020-01-06 01:25:46.746 [IPControllerApp] client::client b'\x00k\x8bEh' requested 'connection_request'
2020-01-06 01:25:46.746 [IPControllerApp] client::client [b'\x00k\x8bEh'] connected
Model_C_2 41 241 20
Job id: 27242692; Cluster id: cori_27242692
Worker IDs: [0, 1, 2, 3, 4]
Original order  ['2_train_0_.h5', '2_train_1_.h5', '2_train_2_.h5', '2_train_3_.h5', '2_train_4_.h5', '2_train_5_.h5', '2_train_6_.h5', '2_train_7_.h5', '2_train_8_.h5', '2_train_9_.h5', '2_train_10_.h5', '2_train_11_.h5', '2_train_12_.h5', '2_train_13_.h5', '2_train_14_.h5', '2_train_15_.h5', '2_train_16_.h5', '2_train_17_.h5', '2_train_18_.h5', '2_train_19_.h5'] ['2_val_0_.h5', '2_val_1_.h5', '2_val_2_.h5', '2_val_3_.h5', '2_val_4_.h5', '2_val_5_.h5', '2_val_6_.h5', '2_val_7_.h5', '2_val_8_.h5', '2_val_9_.h5', '2_val_10_.h5', '2_val_11_.h5', '2_val_12_.h5', '2_val_13_.h5', '2_val_14_.h5', '2_val_15_.h5', '2_val_16_.h5', '2_val_17_.h5', '2_val_18_.h5', '2_val_19_.h5']
Shuffled files: ['2_train_0_.h5', '2_train_10_.h5', '2_train_3_.h5', '2_train_12_.h5', '2_train_16_.h5', '2_train_9_.h5', '2_train_4_.h5', '2_train_8_.h5', '2_train_19_.h5', '2_train_14_.h5', '2_train_18_.h5', '2_train_1_.h5', '2_train_13_.h5', '2_train_6_.h5', '2_train_11_.h5', '2_train_15_.h5', '2_train_17_.h5', '2_train_5_.h5', '2_train_2_.h5', '2_train_7_.h5'] ['2_val_9_.h5', '2_val_5_.h5', '2_val_0_.h5', '2_val_7_.h5', '2_val_16_.h5', '2_val_14_.h5', '2_val_15_.h5', '2_val_18_.h5', '2_val_13_.h5', '2_val_8_.h5', '2_val_11_.h5', '2_val_12_.h5', '2_val_6_.h5', '2_val_10_.h5', '2_val_19_.h5', '2_val_17_.h5', '2_val_4_.h5', '2_val_1_.h5', '2_val_2_.h5', '2_val_3_.h5']
/global/cscratch1/sd/muszyng/cnn_model_runs/Model_C/Model_C_2/27242692
['ihp', 'n_hpo_trials', 'n_convs_layers', 'conv_sizes', 'n_fc_layers', 'fc_sizes', 'dropout', 'optimizer', 'lr', 'batch_sizes', 'n_epochs', 'repeats_conv', 'recep_fields', 'checkpoint_dir']
Hyperparameter trial 0 conv [ 64 128 256 512] fc [512 256 128  64] dropout 0.6046 opt Adam, lr 0.0000, batch sizes 256
Checkpoint file: /global/cscratch1/sd/muszyng/cnn_model_runs/Model_C/Model_C_2/27242692/model_0.h5
Hyperparameter trial 1 conv [ 64 128 256 512] fc [512 256 128  64] dropout 0.3209 opt Adam, lr 0.0000, batch sizes 256
Checkpoint file: /global/cscratch1/sd/muszyng/cnn_model_runs/Model_C/Model_C_2/27242692/model_1.h5
Hyperparameter trial 2 conv [ 64 128 256 512] fc [512 256 128  64] dropout 0.4599 opt Adam, lr 0.0000, batch sizes 64
Checkpoint file: /global/cscratch1/sd/muszyng/cnn_model_runs/Model_C/Model_C_2/27242692/model_2.h5
Hyperparameter trial 3 conv [ 64 128 256 512] fc [512 256 128  64] dropout 0.4520 opt Adam, lr 0.0000, batch sizes 256
Checkpoint file: /global/cscratch1/sd/muszyng/cnn_model_runs/Model_C/Model_C_2/27242692/model_3.h5
Hyperparameter trial 4 conv [ 64 128 256 512] fc [512 256 128  64] dropout 0.3460 opt Adam, lr 0.0000, batch sizes 128
Checkpoint file: /global/cscratch1/sd/muszyng/cnn_model_runs/Model_C/Model_C_2/27242692/model_4.h5
2020-01-06 01:25:46.821 [IPControllerApp] task::task '91186ce6-f92ce90434a6711cb5d5b9b7' arrived on 3
2020-01-06 01:25:46.822 [IPControllerApp] task::task '1f63d4ef-9861fa07686d723161c4059f' arrived on 4
2020-01-06 01:25:46.824 [IPControllerApp] task::task 'b645b0d8-e545aee5f7cbb51abd2d6865' arrived on 2
2020-01-06 01:25:46.827 [IPControllerApp] task::task '62848224-c4ff3a89bb6357e3201bc1a4' arrived on 1
2020-01-06 01:25:46.828 [IPControllerApp] task::task '47d21c32-907d636a377842dd01cebf39' arrived on 0
2020-01-06 01:25:49.212938: I tensorflow/core/platform/cpu_feature_guard.cc:141] Your CPU supports instructions that this TensorFlow binary was not compiled to use: SSE4.1 SSE4.2 AVX AVX2 FMA
2020-01-06 01:25:49.230214: I tensorflow/core/platform/profile_utils/cpu_utils.cc:94] CPU Frequency: 2299975000 Hz
2020-01-06 01:25:49.233313: I tensorflow/compiler/xla/service/service.cc:150] XLA service 0x555556918330 executing computations on platform Host. Devices:
2020-01-06 01:25:49.233331: I tensorflow/compiler/xla/service/service.cc:158]   StreamExecutor device (0): <undefined>, <undefined>
WARNING:tensorflow:From /usr/common/software/tensorflow/intel-tensorflow/1.13.1-py36/lib/python3.6/site-packages/tensorflow/python/ops/resource_variable_ops.py:435: colocate_with (from tensorflow.python.framework.ops) is deprecated and will be removed in a future version.
Instructions for updating:
Colocations handled automatically by placer.
WARNING:tensorflow:From /usr/common/software/tensorflow/intel-tensorflow/1.13.1-py36/lib/python3.6/site-packages/tensorflow/python/keras/layers/core.py:143: calling dropout (from tensorflow.python.ops.nn_ops) with keep_prob is deprecated and will be removed in a future version.
Instructions for updating:
Please use `rate` instead of `keep_prob`. Rate should be set to `rate = 1 - keep_prob`.
WARNING:tensorflow:`epsilon` argument is deprecated and will be removed, use `min_delta` instead.
2020-01-06 01:25:51.765457: I tensorflow/core/platform/cpu_feature_guard.cc:141] Your CPU supports instructions that this TensorFlow binary was not compiled to use: SSE4.1 SSE4.2 AVX AVX2 FMA
2020-01-06 01:25:51.783676: I tensorflow/core/platform/profile_utils/cpu_utils.cc:94] CPU Frequency: 2300050000 Hz
2020-01-06 01:25:51.786998: I tensorflow/compiler/xla/service/service.cc:150] XLA service 0x555556918330 executing computations on platform Host. Devices:
2020-01-06 01:25:51.787014: I tensorflow/compiler/xla/service/service.cc:158]   StreamExecutor device (0): <undefined>, <undefined>
WARNING:tensorflow:From /usr/common/software/tensorflow/intel-tensorflow/1.13.1-py36/lib/python3.6/site-packages/tensorflow/python/ops/resource_variable_ops.py:435: colocate_with (from tensorflow.python.framework.ops) is deprecated and will be removed in a future version.
Instructions for updating:
Colocations handled automatically by placer.
WARNING:tensorflow:From /usr/common/software/tensorflow/intel-tensorflow/1.13.1-py36/lib/python3.6/site-packages/tensorflow/python/keras/layers/core.py:143: calling dropout (from tensorflow.python.ops.nn_ops) with keep_prob is deprecated and will be removed in a future version.
Instructions for updating:
Please use `rate` instead of `keep_prob`. Rate should be set to `rate = 1 - keep_prob`.
WARNING:tensorflow:`epsilon` argument is deprecated and will be removed, use `min_delta` instead.
2020-01-06 01:25:54.518821: I tensorflow/core/platform/cpu_feature_guard.cc:141] Your CPU supports instructions that this TensorFlow binary was not compiled to use: SSE4.1 SSE4.2 AVX AVX2 FMA
2020-01-06 01:25:54.537730: I tensorflow/core/platform/profile_utils/cpu_utils.cc:94] CPU Frequency: 2300040000 Hz
2020-01-06 01:25:54.540930: I tensorflow/compiler/xla/service/service.cc:150] XLA service 0x555556918330 executing computations on platform Host. Devices:
2020-01-06 01:25:54.540945: I tensorflow/compiler/xla/service/service.cc:158]   StreamExecutor device (0): <undefined>, <undefined>
WARNING:tensorflow:From /usr/common/software/tensorflow/intel-tensorflow/1.13.1-py36/lib/python3.6/site-packages/tensorflow/python/ops/resource_variable_ops.py:435: colocate_with (from tensorflow.python.framework.ops) is deprecated and will be removed in a future version.
Instructions for updating:
Colocations handled automatically by placer.
WARNING:tensorflow:From /usr/common/software/tensorflow/intel-tensorflow/1.13.1-py36/lib/python3.6/site-packages/tensorflow/python/keras/layers/core.py:143: calling dropout (from tensorflow.python.ops.nn_ops) with keep_prob is deprecated and will be removed in a future version.
Instructions for updating:
Please use `rate` instead of `keep_prob`. Rate should be set to `rate = 1 - keep_prob`.
2020-01-06 01:25:54.699082: I tensorflow/core/platform/cpu_feature_guard.cc:141] Your CPU supports instructions that this TensorFlow binary was not compiled to use: SSE4.1 SSE4.2 AVX AVX2 FMA
2020-01-06 01:25:54.717354: I tensorflow/core/platform/profile_utils/cpu_utils.cc:94] CPU Frequency: 2300220000 Hz
2020-01-06 01:25:54.720433: I tensorflow/compiler/xla/service/service.cc:150] XLA service 0x555556918330 executing computations on platform Host. Devices:
2020-01-06 01:25:54.720451: I tensorflow/compiler/xla/service/service.cc:158]   StreamExecutor device (0): <undefined>, <undefined>
WARNING:tensorflow:From /usr/common/software/tensorflow/intel-tensorflow/1.13.1-py36/lib/python3.6/site-packages/tensorflow/python/ops/resource_variable_ops.py:435: colocate_with (from tensorflow.python.framework.ops) is deprecated and will be removed in a future version.
Instructions for updating:
Colocations handled automatically by placer.
WARNING:tensorflow:From /usr/common/software/tensorflow/intel-tensorflow/1.13.1-py36/lib/python3.6/site-packages/tensorflow/python/keras/layers/core.py:143: calling dropout (from tensorflow.python.ops.nn_ops) with keep_prob is deprecated and will be removed in a future version.
Instructions for updating:
Please use `rate` instead of `keep_prob`. Rate should be set to `rate = 1 - keep_prob`.
WARNING:tensorflow:`epsilon` argument is deprecated and will be removed, use `min_delta` instead.
2020-01-06 01:25:55.084438: I tensorflow/core/platform/cpu_feature_guard.cc:141] Your CPU supports instructions that this TensorFlow binary was not compiled to use: SSE4.1 SSE4.2 AVX AVX2 FMA
2020-01-06 01:25:55.101894: I tensorflow/core/platform/profile_utils/cpu_utils.cc:94] CPU Frequency: 2300010000 Hz
2020-01-06 01:25:55.105118: I tensorflow/compiler/xla/service/service.cc:150] XLA service 0x555556918330 executing computations on platform Host. Devices:
2020-01-06 01:25:55.105145: I tensorflow/compiler/xla/service/service.cc:158]   StreamExecutor device (0): <undefined>, <undefined>
WARNING:tensorflow:From /usr/common/software/tensorflow/intel-tensorflow/1.13.1-py36/lib/python3.6/site-packages/tensorflow/python/ops/resource_variable_ops.py:435: colocate_with (from tensorflow.python.framework.ops) is deprecated and will be removed in a future version.
Instructions for updating:
Colocations handled automatically by placer.
WARNING:tensorflow:`epsilon` argument is deprecated and will be removed, use `min_delta` instead.
WARNING:tensorflow:From /usr/common/software/tensorflow/intel-tensorflow/1.13.1-py36/lib/python3.6/site-packages/tensorflow/python/keras/layers/core.py:143: calling dropout (from tensorflow.python.ops.nn_ops) with keep_prob is deprecated and will be removed in a future version.
Instructions for updating:
Please use `rate` instead of `keep_prob`. Rate should be set to `rate = 1 - keep_prob`.
WARNING:tensorflow:`epsilon` argument is deprecated and will be removed, use `min_delta` instead.
WARNING:tensorflow:From /usr/common/software/tensorflow/intel-tensorflow/1.13.1-py36/lib/python3.6/site-packages/tensorflow/python/ops/math_ops.py:3066: to_int32 (from tensorflow.python.ops.math_ops) is deprecated and will be removed in a future version.
Instructions for updating:
Use tf.cast instead.
WARNING:tensorflow:From /usr/common/software/tensorflow/intel-tensorflow/1.13.1-py36/lib/python3.6/site-packages/tensorflow/python/ops/math_ops.py:3066: to_int32 (from tensorflow.python.ops.math_ops) is deprecated and will be removed in a future version.
Instructions for updating:
Use tf.cast instead.
WARNING:tensorflow:From /usr/common/software/tensorflow/intel-tensorflow/1.13.1-py36/lib/python3.6/site-packages/tensorflow/python/ops/math_ops.py:3066: to_int32 (from tensorflow.python.ops.math_ops) is deprecated and will be removed in a future version.
Instructions for updating:
Use tf.cast instead.
WARNING:tensorflow:From /usr/common/software/tensorflow/intel-tensorflow/1.13.1-py36/lib/python3.6/site-packages/tensorflow/python/ops/math_ops.py:3066: to_int32 (from tensorflow.python.ops.math_ops) is deprecated and will be removed in a future version.
Instructions for updating:
Use tf.cast instead.
WARNING:tensorflow:From /usr/common/software/tensorflow/intel-tensorflow/1.13.1-py36/lib/python3.6/site-packages/tensorflow/python/ops/math_ops.py:3066: to_int32 (from tensorflow.python.ops.math_ops) is deprecated and will be removed in a future version.
Instructions for updating:
Use tf.cast instead.
2020-01-06 06:12:45.409 [IPControllerApp] heartbeat::missed b'55795609-4efac0a716fc62e9f07736fe' : 1
2020-01-06 06:13:37.950 [IPControllerApp] heartbeat::missed b'ed069ca4-e9aba720cfe4f8a927b57203' : 1
2020-01-06 06:13:37.951 [IPControllerApp] heartbeat::missed b'494ba496-ed730becc73312ccbb3e6f99' : 1
2020-01-06 06:13:37.951 [IPControllerApp] heartbeat::missed b'9d89b0e0-9a7b3e569da1a8a3cf9033d8' : 1
2020-01-06 06:13:37.956 [IPControllerApp] WARNING | heartbeat::heart b'494ba496-ed730becc73312ccbb3e6f99' missed a beat, and took 55547.95 ms to respond
2020-01-06 06:13:37.960 [IPControllerApp] WARNING | heartbeat::heart b'ed069ca4-e9aba720cfe4f8a927b57203' missed a beat, and took 55551.76 ms to respond
2020-01-06 06:13:37.963 [IPControllerApp] WARNING | heartbeat::heart b'9d89b0e0-9a7b3e569da1a8a3cf9033d8' missed a beat, and took 55554.51 ms to respond
2020-01-06 06:13:37.980 [IPControllerApp] WARNING | heartbeat::heart b'55795609-4efac0a716fc62e9f07736fe' missed a beat, and took 55571.68 ms to respond
2020-01-06 06:19:32.524 [IPControllerApp] task::task 'b645b0d8-e545aee5f7cbb51abd2d6865' finished on 2
2020-01-06 06:37:38.423 [IPControllerApp] task::task '91186ce6-f92ce90434a6711cb5d5b9b7' finished on 3
2020-01-06 10:52:54.408 [IPControllerApp] heartbeat::missed b'55795609-4efac0a716fc62e9f07736fe' : 1
2020-01-06 10:53:38.199 [IPControllerApp] heartbeat::missed b'ed069ca4-e9aba720cfe4f8a927b57203' : 1
2020-01-06 10:53:38.200 [IPControllerApp] heartbeat::missed b'494ba496-ed730becc73312ccbb3e6f99' : 1
2020-01-06 10:53:38.200 [IPControllerApp] heartbeat::missed b'9d89b0e0-9a7b3e569da1a8a3cf9033d8' : 1
2020-01-06 10:53:39.405 [IPControllerApp] heartbeat::missed b'55795609-4efac0a716fc62e9f07736fe' : 2
2020-01-06 10:53:39.406 [IPControllerApp] heartbeat::missed b'ed069ca4-e9aba720cfe4f8a927b57203' : 2
2020-01-06 10:53:39.406 [IPControllerApp] heartbeat::missed b'494ba496-ed730becc73312ccbb3e6f99' : 2
2020-01-06 10:53:39.406 [IPControllerApp] heartbeat::missed b'9d89b0e0-9a7b3e569da1a8a3cf9033d8' : 2
2020-01-06 10:53:42.409 [IPControllerApp] heartbeat::missed b'55795609-4efac0a716fc62e9f07736fe' : 3
2020-01-06 10:53:42.409 [IPControllerApp] heartbeat::missed b'ed069ca4-e9aba720cfe4f8a927b57203' : 3
2020-01-06 10:53:42.409 [IPControllerApp] heartbeat::missed b'494ba496-ed730becc73312ccbb3e6f99' : 3
2020-01-06 10:53:42.409 [IPControllerApp] heartbeat::missed b'9d89b0e0-9a7b3e569da1a8a3cf9033d8' : 3
2020-01-06 10:53:45.142 [IPControllerApp] WARNING | heartbeat::got bad heartbeat (possibly old?): b'34092.0019698143' (current=34143.004)
2020-01-06 10:53:45.142 [IPControllerApp] WARNING | heartbeat::got bad heartbeat (possibly old?): b'34092.0019698143' (current=34143.004)
2020-01-06 10:53:45.143 [IPControllerApp] WARNING | heartbeat::got bad heartbeat (possibly old?): b'34092.0019698143' (current=34143.004)
2020-01-06 10:53:45.143 [IPControllerApp] WARNING | heartbeat::got bad heartbeat (possibly old?): b'34092.0019698143' (current=34143.004)
2020-01-06 10:53:45.143 [IPControllerApp] WARNING | heartbeat::got bad heartbeat (possibly old?): b'34095.00375533104' (current=34143.004)
2020-01-06 10:53:45.143 [IPControllerApp] WARNING | heartbeat::got bad heartbeat (possibly old?): b'34095.00375533104' (current=34143.004)
2020-01-06 10:53:45.143 [IPControllerApp] WARNING | heartbeat::got bad heartbeat (possibly old?): b'34095.00375533104' (current=34143.004)
2020-01-06 10:53:45.144 [IPControllerApp] WARNING | heartbeat::got bad heartbeat (possibly old?): b'34095.00375533104' (current=34143.004)
2020-01-06 10:53:45.144 [IPControllerApp] WARNING | heartbeat::heart b'9d89b0e0-9a7b3e569da1a8a3cf9033d8' missed a beat, and took 5738.61 ms to respond
2020-01-06 10:53:45.144 [IPControllerApp] WARNING | heartbeat::heart b'55795609-4efac0a716fc62e9f07736fe' missed a beat, and took 5738.80 ms to respond
2020-01-06 10:53:45.144 [IPControllerApp] WARNING | heartbeat::heart b'494ba496-ed730becc73312ccbb3e6f99' missed a beat, and took 5738.96 ms to respond
2020-01-06 10:53:45.144 [IPControllerApp] WARNING | heartbeat::heart b'ed069ca4-e9aba720cfe4f8a927b57203' missed a beat, and took 5739.17 ms to respond
IOStream.flush timed out
IOStream.flush timed out
IOStream.flush timed out
IOStream.flush timed out
2020-01-06 10:52:52.852 [IPEngineApp] WARNING | No heartbeat in the last 3010 ms (1 time(s) in a row).
2020-01-06 10:52:55.862 [IPEngineApp] WARNING | No heartbeat in the last 3010 ms (2 time(s) in a row).
2020-01-06 10:52:58.872 [IPEngineApp] WARNING | No heartbeat in the last 3010 ms (3 time(s) in a row).
2020-01-06 10:53:01.882 [IPEngineApp] WARNING | No heartbeat in the last 3010 ms (4 time(s) in a row).
2020-01-06 10:53:04.892 [IPEngineApp] WARNING | No heartbeat in the last 3010 ms (5 time(s) in a row).
2020-01-06 10:53:07.902 [IPEngineApp] WARNING | No heartbeat in the last 3010 ms (6 time(s) in a row).
2020-01-06 10:53:10.913 [IPEngineApp] WARNING | No heartbeat in the last 3010 ms (7 time(s) in a row).
2020-01-06 10:53:13.922 [IPEngineApp] WARNING | No heartbeat in the last 3010 ms (8 time(s) in a row).
2020-01-06 10:53:16.932 [IPEngineApp] WARNING | No heartbeat in the last 3010 ms (9 time(s) in a row).
2020-01-06 10:53:19.942 [IPEngineApp] WARNING | No heartbeat in the last 3010 ms (10 time(s) in a row).
2020-01-06 10:53:22.952 [IPEngineApp] WARNING | No heartbeat in the last 3010 ms (11 time(s) in a row).
2020-01-06 10:53:25.962 [IPEngineApp] WARNING | No heartbeat in the last 3010 ms (12 time(s) in a row).
2020-01-06 10:53:28.972 [IPEngineApp] WARNING | No heartbeat in the last 3010 ms (13 time(s) in a row).
2020-01-06 10:53:31.982 [IPEngineApp] WARNING | No heartbeat in the last 3010 ms (14 time(s) in a row).
2020-01-06 10:53:34.992 [IPEngineApp] WARNING | No heartbeat in the last 3010 ms (15 time(s) in a row).
2020-01-06 10:53:38.002 [IPEngineApp] WARNING | No heartbeat in the last 3010 ms (16 time(s) in a row).
2020-01-06 10:53:41.012 [IPEngineApp] WARNING | No heartbeat in the last 3010 ms (17 time(s) in a row).
2020-01-06 10:53:44.022 [IPEngineApp] WARNING | No heartbeat in the last 3010 ms (18 time(s) in a row).
IOStream.flush timed out
2020-01-06 10:52:52.708 [IPEngineApp] WARNING | No heartbeat in the last 3010 ms (1 time(s) in a row).
2020-01-06 10:52:55.719 [IPEngineApp] WARNING | No heartbeat in the last 3010 ms (2 time(s) in a row).
2020-01-06 10:52:58.728 [IPEngineApp] WARNING | No heartbeat in the last 3010 ms (3 time(s) in a row).
2020-01-06 10:53:01.738 [IPEngineApp] WARNING | No heartbeat in the last 3010 ms (4 time(s) in a row).
2020-01-06 10:53:04.749 [IPEngineApp] WARNING | No heartbeat in the last 3010 ms (5 time(s) in a row).
2020-01-06 10:53:07.758 [IPEngineApp] WARNING | No heartbeat in the last 3010 ms (6 time(s) in a row).
2020-01-06 10:53:10.768 [IPEngineApp] WARNING | No heartbeat in the last 3010 ms (7 time(s) in a row).
2020-01-06 10:53:13.778 [IPEngineApp] WARNING | No heartbeat in the last 3010 ms (8 time(s) in a row).
2020-01-06 10:53:16.789 [IPEngineApp] WARNING | No heartbeat in the last 3010 ms (9 time(s) in a row).
2020-01-06 10:53:19.798 [IPEngineApp] WARNING | No heartbeat in the last 3010 ms (10 time(s) in a row).
2020-01-06 10:53:22.808 [IPEngineApp] WARNING | No heartbeat in the last 3010 ms (11 time(s) in a row).
2020-01-06 10:53:25.819 [IPEngineApp] WARNING | No heartbeat in the last 3010 ms (12 time(s) in a row).
2020-01-06 10:53:28.828 [IPEngineApp] WARNING | No heartbeat in the last 3010 ms (13 time(s) in a row).
2020-01-06 10:53:31.838 [IPEngineApp] WARNING | No heartbeat in the last 3010 ms (14 time(s) in a row).
2020-01-06 10:53:34.849 [IPEngineApp] WARNING | No heartbeat in the last 3010 ms (15 time(s) in a row).
2020-01-06 10:53:37.858 [IPEngineApp] WARNING | No heartbeat in the last 3010 ms (16 time(s) in a row).
2020-01-06 10:53:40.868 [IPEngineApp] WARNING | No heartbeat in the last 3010 ms (17 time(s) in a row).
2020-01-06 10:53:43.879 [IPEngineApp] WARNING | No heartbeat in the last 3010 ms (18 time(s) in a row).
2020-01-06 11:48:03.409 [IPControllerApp] heartbeat::missed b'55795609-4efac0a716fc62e9f07736fe' : 1
2020-01-06 11:48:00.698 [IPEngineApp] WARNING | No heartbeat in the last 3010 ms (1 time(s) in a row).
2020-01-06 11:48:55.958 [IPControllerApp] heartbeat::missed b'ed069ca4-e9aba720cfe4f8a927b57203' : 1
2020-01-06 11:48:03.709 [IPEngineApp] WARNING | No heartbeat in the last 3010 ms (2 time(s) in a row).
2020-01-06 11:48:55.959 [IPControllerApp] heartbeat::missed b'494ba496-ed730becc73312ccbb3e6f99' : 1
2020-01-06 11:48:06.718 [IPEngineApp] WARNING | No heartbeat in the last 3010 ms (3 time(s) in a row).
2020-01-06 11:48:55.959 [IPControllerApp] heartbeat::missed b'9d89b0e0-9a7b3e569da1a8a3cf9033d8' : 1
2020-01-06 11:48:00.842 [IPEngineApp] WARNING | No heartbeat in the last 3010 ms (1 time(s) in a row).
2020-01-06 11:48:09.728 [IPEngineApp] WARNING | No heartbeat in the last 3010 ms (4 time(s) in a row).
2020-01-06 11:48:03.852 [IPEngineApp] WARNING | No heartbeat in the last 3010 ms (2 time(s) in a row).
2020-01-06 11:48:12.738 [IPEngineApp] WARNING | No heartbeat in the last 3010 ms (5 time(s) in a row).
2020-01-06 11:48:06.862 [IPEngineApp] WARNING | No heartbeat in the last 3010 ms (3 time(s) in a row).
2020-01-06 11:48:15.749 [IPEngineApp] WARNING | No heartbeat in the last 3010 ms (6 time(s) in a row).
2020-01-06 11:48:09.871 [IPEngineApp] WARNING | No heartbeat in the last 3010 ms (4 time(s) in a row).
2020-01-06 11:48:18.758 [IPEngineApp] WARNING | No heartbeat in the last 3010 ms (7 time(s) in a row).
2020-01-06 11:48:12.882 [IPEngineApp] WARNING | No heartbeat in the last 3010 ms (5 time(s) in a row).
2020-01-06 11:48:21.768 [IPEngineApp] WARNING | No heartbeat in the last 3010 ms (8 time(s) in a row).
2020-01-06 11:48:15.892 [IPEngineApp] WARNING | No heartbeat in the last 3010 ms (6 time(s) in a row).
2020-01-06 11:48:24.779 [IPEngineApp] WARNING | No heartbeat in the last 3010 ms (9 time(s) in a row).
2020-01-06 11:48:18.902 [IPEngineApp] WARNING | No heartbeat in the last 3010 ms (7 time(s) in a row).
2020-01-06 11:48:27.788 [IPEngineApp] WARNING | No heartbeat in the last 3010 ms (10 time(s) in a row).
2020-01-06 11:48:21.912 [IPEngineApp] WARNING | No heartbeat in the last 3010 ms (8 time(s) in a row).
2020-01-06 11:48:30.798 [IPEngineApp] WARNING | No heartbeat in the last 3010 ms (11 time(s) in a row).
2020-01-06 11:48:24.922 [IPEngineApp] WARNING | No heartbeat in the last 3010 ms (9 time(s) in a row).
2020-01-06 11:48:33.809 [IPEngineApp] WARNING | No heartbeat in the last 3010 ms (12 time(s) in a row).
2020-01-06 11:48:27.932 [IPEngineApp] WARNING | No heartbeat in the last 3010 ms (10 time(s) in a row).
2020-01-06 11:48:36.819 [IPEngineApp] WARNING | No heartbeat in the last 3010 ms (13 time(s) in a row).
2020-01-06 11:48:30.942 [IPEngineApp] WARNING | No heartbeat in the last 3010 ms (11 time(s) in a row).
2020-01-06 11:48:39.828 [IPEngineApp] WARNING | No heartbeat in the last 3010 ms (14 time(s) in a row).
2020-01-06 11:48:33.952 [IPEngineApp] WARNING | No heartbeat in the last 3010 ms (12 time(s) in a row).
2020-01-06 11:48:42.839 [IPEngineApp] WARNING | No heartbeat in the last 3010 ms (15 time(s) in a row).
2020-01-06 11:48:36.962 [IPEngineApp] WARNING | No heartbeat in the last 3010 ms (13 time(s) in a row).
2020-01-06 11:48:45.848 [IPEngineApp] WARNING | No heartbeat in the last 3010 ms (16 time(s) in a row).
2020-01-06 11:48:39.972 [IPEngineApp] WARNING | No heartbeat in the last 3010 ms (14 time(s) in a row).
2020-01-06 11:48:48.858 [IPEngineApp] WARNING | No heartbeat in the last 3010 ms (17 time(s) in a row).
2020-01-06 11:48:42.982 [IPEngineApp] WARNING | No heartbeat in the last 3010 ms (15 time(s) in a row).
2020-01-06 11:48:51.869 [IPEngineApp] WARNING | No heartbeat in the last 3010 ms (18 time(s) in a row).
2020-01-06 11:48:45.992 [IPEngineApp] WARNING | No heartbeat in the last 3010 ms (16 time(s) in a row).
2020-01-06 11:48:49.002 [IPEngineApp] WARNING | No heartbeat in the last 3010 ms (17 time(s) in a row).
2020-01-06 11:48:52.012 [IPEngineApp] WARNING | No heartbeat in the last 3010 ms (18 time(s) in a row).
2020-01-06 11:48:55.964 [IPControllerApp] WARNING | heartbeat::heart b'ed069ca4-e9aba720cfe4f8a927b57203' missed a beat, and took 55555.78 ms to respond
2020-01-06 11:48:55.967 [IPControllerApp] WARNING | heartbeat::heart b'55795609-4efac0a716fc62e9f07736fe' missed a beat, and took 55559.13 ms to respond
2020-01-06 11:48:55.969 [IPControllerApp] WARNING | heartbeat::heart b'494ba496-ed730becc73312ccbb3e6f99' missed a beat, and took 55560.99 ms to respond
2020-01-06 11:48:55.972 [IPControllerApp] WARNING | heartbeat::heart b'9d89b0e0-9a7b3e569da1a8a3cf9033d8' missed a beat, and took 55563.52 ms to respond
slurmstepd: error: *** STEP 27242692.0 ON nid01143 CANCELLED AT 2020-01-06T12:01:18 ***
srun: got SIGCONT
2020-01-06 12:01:18.623 [IPControllerApp] CRITICAL | Received signal 15, shutting down
srun: forcing job termination
2020-01-06 12:01:18.637 [IPControllerApp] CRITICAL | terminating children...
