[+] ------START TIME (ST): Fri Dec 20 17:50:37 PST 2019------
Start cluster...
Launching controller
2019-12-20 17:50:40.705 [IPControllerApp] Hub listening on tcp://10.128.3.182:46749 for registration.
2019-12-20 17:50:40.706 [IPControllerApp] Hub using DB backend: 'DictDB'
2019-12-20 17:50:40.958 [IPControllerApp] hub::created hub
2019-12-20 17:50:40.958 [IPControllerApp] writing connection info to /global/u2/m/muszyng/.ipython/profile_default/security/ipcontroller-cori_26906817-client.json
2019-12-20 17:50:40.972 [IPControllerApp] writing connection info to /global/u2/m/muszyng/.ipython/profile_default/security/ipcontroller-cori_26906817-engine.json
2019-12-20 17:50:40.987 [IPControllerApp] task::using Python leastload Task scheduler
2019-12-20 17:50:40.987 [IPControllerApp] Heartmonitor started
2019-12-20 17:50:41.007 [scheduler] Scheduler started [leastload]
2019-12-20 17:50:41.018 [IPControllerApp] Creating pid file: /global/u2/m/muszyng/.ipython/profile_default/pid/ipcontroller-cori_26906817.pid
2019-12-20 17:50:41.021 [IPControllerApp] client::client b'\x00k\x8bEg' requested 'connection_request'
2019-12-20 17:50:41.022 [IPControllerApp] client::client [b'\x00k\x8bEg'] connected
Launching engines
2019-12-20 17:51:44.262 [IPControllerApp] client::client b'\x00k\x8bEh' requested 'connection_request'
2019-12-20 17:51:44.262 [IPControllerApp] client::client [b'\x00k\x8bEh'] connected
Model_A_2 41 241
Job id: 26906817; Cluster id: cori_26906817
Worker IDs: []
['train_5.h5', 'train_0.h5', 'train_1.h5', 'train_6.h5', 'train_9.h5', 'train_7.h5', 'train_3.h5', 'train_8.h5', 'train_4.h5', 'train_2.h5']
['val_0.h5', 'val_3.h5', 'val_5.h5', 'val_9.h5', 'val_4.h5', 'val_7.h5', 'val_6.h5', 'val_1.h5', 'val_8.h5', 'val_2.h5']
/global/cscratch1/sd/muszyng/cnn_model_runs/Model_A_2/26906817
['ihp', 'n_hpo_trials', 'n_convs_layers', 'conv_sizes', 'n_fc_layers', 'fc_sizes', 'dropout', 'optimizer', 'lr', 'batch_sizes', 'n_epochs', 'repeats_conv', 'recep_fields', 'checkpoint_dir']
Hyperparameter trial 0 conv [ 8  8 16 64 64] fc [512 256 256] dropout 0.2438 opt Nadam, lr 0.0000, batch sizes 64
Checkpoint file: /global/cscratch1/sd/muszyng/cnn_model_runs/Model_A_2/26906817/model_0.h5
Hyperparameter trial 1 conv [16 64 64 64 64] fc [512 256  64] dropout 0.2748 opt Adam, lr 0.0000, batch sizes 64
Checkpoint file: /global/cscratch1/sd/muszyng/cnn_model_runs/Model_A_2/26906817/model_1.h5
Hyperparameter trial 2 conv [ 8 16 32 32 64] fc [512 128  64] dropout 0.3791 opt Adam, lr 0.0000, batch sizes 64
Checkpoint file: /global/cscratch1/sd/muszyng/cnn_model_runs/Model_A_2/26906817/model_2.h5
Hyperparameter trial 3 conv [ 8  8  8 16 32] fc [128  64  64] dropout 0.1241 opt Nadam, lr 0.0000, batch sizes 64
Checkpoint file: /global/cscratch1/sd/muszyng/cnn_model_runs/Model_A_2/26906817/model_3.h5
Hyperparameter trial 4 conv [ 8 32 32 64 64] fc [128  64  64] dropout 0.3667 opt Adam, lr 0.0000, batch sizes 256
Checkpoint file: /global/cscratch1/sd/muszyng/cnn_model_runs/Model_A_2/26906817/model_4.h5
Hyperparameter trial 5 conv [ 8 16 16 16 16] fc [512 512 128] dropout 0.3683 opt Adam, lr 0.0000, batch sizes 64
Checkpoint file: /global/cscratch1/sd/muszyng/cnn_model_runs/Model_A_2/26906817/model_5.h5
Hyperparameter trial 6 conv [ 8  8 16 64 64] fc [512 512 256] dropout 0.1842 opt Adam, lr 0.0000, batch sizes 256
Checkpoint file: /global/cscratch1/sd/muszyng/cnn_model_runs/Model_A_2/26906817/model_6.h5
Hyperparameter trial 7 conv [ 8 16 32 64 64] fc [512 256 128] dropout 0.1516 opt Nadam, lr 0.0000, batch sizes 128
Checkpoint file: /global/cscratch1/sd/muszyng/cnn_model_runs/Model_A_2/26906817/model_7.h5
Hyperparameter trial 8 conv [ 8 16 32 64 64] fc [512 256  64] dropout 0.2262 opt Nadam, lr 0.0000, batch sizes 128
Checkpoint file: /global/cscratch1/sd/muszyng/cnn_model_runs/Model_A_2/26906817/model_8.h5
Hyperparameter trial 9 conv [16 32 64 64 64] fc [512 256 128] dropout 0.2455 opt Adam, lr 0.0000, batch sizes 128
Checkpoint file: /global/cscratch1/sd/muszyng/cnn_model_runs/Model_A_2/26906817/model_9.h5
2019-12-20 17:51:55.552 [IPEngineApp] Loading url_file '/global/u2/m/muszyng/.ipython/profile_default/security/ipcontroller-cori_26906817-engine.json'
2019-12-20 17:51:55.557 [IPControllerApp] client::client b'77db0fd1-62f04405e0f20a7399d2e3ea' requested 'registration_request'
2019-12-20 17:51:55.556 [IPEngineApp] Registering with controller at tcp://10.128.3.182:46749
2019-12-20 17:51:55.621 [IPEngineApp] Starting to monitor the heartbeat signal from the hub every 3010 ms.
2019-12-20 17:51:55.629 [IPEngineApp] Completed registration with id 0
2019-12-20 17:51:57.220 [IPEngineApp] Loading url_file '/global/u2/m/muszyng/.ipython/profile_default/security/ipcontroller-cori_26906817-engine.json'
2019-12-20 17:51:57.225 [IPEngineApp] Registering with controller at tcp://10.128.3.182:46749
2019-12-20 17:51:57.227 [IPControllerApp] client::client b'e080f2a2-16129ee29500e4d12383d49d' requested 'registration_request'
2019-12-20 17:51:57.286 [IPEngineApp] Starting to monitor the heartbeat signal from the hub every 3010 ms.
2019-12-20 17:51:57.295 [IPEngineApp] Completed registration with id 1
2019-12-20 17:51:58.990 [IPControllerApp] registration::finished registering engine 0:77db0fd1-62f04405e0f20a7399d2e3ea
2019-12-20 17:51:58.990 [IPControllerApp] engine::Engine Connected: 0
2019-12-20 17:52:01.991 [IPControllerApp] registration::finished registering engine 1:e080f2a2-16129ee29500e4d12383d49d
2019-12-20 17:52:01.991 [IPControllerApp] engine::Engine Connected: 1
srun: Job step aborted: Waiting up to 32 seconds for job step to finish.
slurmstepd: error: *** STEP 26906817.0 ON nid00943 CANCELLED AT 2019-12-20T17:59:04 DUE TO TIME LIMIT ***
srun: got SIGCONT
srun: forcing job termination
2019-12-20 17:59:04.350 [IPControllerApp] CRITICAL | Received signal 15, shutting down
2019-12-20 17:59:04.351 [IPControllerApp] CRITICAL | terminating children...
