[+] ------START TIME (ST): Sat Jan 11 19:01:11 PST 2020------
Start cluster...
Launching controller
2020-01-11 19:01:13.445 [IPControllerApp] Hub listening on tcp://10.128.2.224:32809 for registration.
2020-01-11 19:01:13.446 [IPControllerApp] Hub using DB backend: 'DictDB'
2020-01-11 19:01:13.698 [IPControllerApp] hub::created hub
2020-01-11 19:01:13.698 [IPControllerApp] writing connection info to /global/u2/m/muszyng/.ipython/profile_default/security/ipcontroller-cori_27371037-client.json
2020-01-11 19:01:13.718 [IPControllerApp] writing connection info to /global/u2/m/muszyng/.ipython/profile_default/security/ipcontroller-cori_27371037-engine.json
2020-01-11 19:01:13.731 [IPControllerApp] task::using Python leastload Task scheduler
2020-01-11 19:01:13.731 [IPControllerApp] Heartmonitor started
2020-01-11 19:01:13.747 [scheduler] Scheduler started [leastload]
2020-01-11 19:01:13.749 [IPControllerApp] Creating pid file: /global/u2/m/muszyng/.ipython/profile_default/pid/ipcontroller-cori_27371037.pid
2020-01-11 19:01:13.752 [IPControllerApp] client::client b'\x00k\x8bEg' requested 'connection_request'
2020-01-11 19:01:13.753 [IPControllerApp] client::client [b'\x00k\x8bEg'] connected
Launching engines
2020-01-11 19:01:51.828 [IPEngineApp] Loading url_file '/global/u2/m/muszyng/.ipython/profile_default/security/ipcontroller-cori_27371037-engine.json'
2020-01-11 19:01:51.834 [IPControllerApp] client::client b'cec249c4-c89ebc52e3406c2b654168fa' requested 'registration_request'
2020-01-11 19:01:51.832 [IPEngineApp] Registering with controller at tcp://10.128.2.224:32809
2020-01-11 19:01:51.905 [IPEngineApp] Starting to monitor the heartbeat signal from the hub every 3010 ms.
2020-01-11 19:01:51.918 [IPEngineApp] Completed registration with id 0
2020-01-11 19:01:52.684 [IPEngineApp] Loading url_file '/global/u2/m/muszyng/.ipython/profile_default/security/ipcontroller-cori_27371037-engine.json'
2020-01-11 19:01:52.690 [IPControllerApp] client::client b'62b9f2b5-4bca362a271a4014bfdafa78' requested 'registration_request'
2020-01-11 19:01:52.688 [IPEngineApp] Registering with controller at tcp://10.128.2.224:32809
2020-01-11 19:01:52.747 [IPEngineApp] Starting to monitor the heartbeat signal from the hub every 3010 ms.
2020-01-11 19:01:52.759 [IPEngineApp] Completed registration with id 1
2020-01-11 19:01:53.158 [IPEngineApp] Loading url_file '/global/u2/m/muszyng/.ipython/profile_default/security/ipcontroller-cori_27371037-engine.json'
2020-01-11 19:01:53.164 [IPControllerApp] client::client b'c0299cb1-7dbd5c884c6e224971f5abcb' requested 'registration_request'
2020-01-11 19:01:53.163 [IPEngineApp] Registering with controller at tcp://10.128.2.224:32809
2020-01-11 19:01:53.223 [IPEngineApp] Starting to monitor the heartbeat signal from the hub every 3010 ms.
2020-01-11 19:01:53.236 [IPEngineApp] Completed registration with id 2
2020-01-11 19:01:53.626 [IPEngineApp] Loading url_file '/global/u2/m/muszyng/.ipython/profile_default/security/ipcontroller-cori_27371037-engine.json'
2020-01-11 19:01:53.632 [IPControllerApp] client::client b'53967fe0-6e5a210a1426766673f3aa90' requested 'registration_request'
2020-01-11 19:01:53.631 [IPEngineApp] Registering with controller at tcp://10.128.2.224:32809
2020-01-11 19:01:53.701 [IPEngineApp] Starting to monitor the heartbeat signal from the hub every 3010 ms.
2020-01-11 19:01:53.713 [IPEngineApp] Completed registration with id 3
2020-01-11 19:01:54.169 [IPEngineApp] Loading url_file '/global/u2/m/muszyng/.ipython/profile_default/security/ipcontroller-cori_27371037-engine.json'
2020-01-11 19:01:54.176 [IPControllerApp] client::client b'f015adfb-7872f029b521cdb4a33bbd69' requested 'registration_request'
2020-01-11 19:01:54.175 [IPEngineApp] Registering with controller at tcp://10.128.2.224:32809
2020-01-11 19:01:54.241 [IPEngineApp] Starting to monitor the heartbeat signal from the hub every 3010 ms.
2020-01-11 19:01:54.253 [IPEngineApp] Completed registration with id 4
2020-01-11 19:01:55.733 [IPControllerApp] registration::finished registering engine 0:cec249c4-c89ebc52e3406c2b654168fa
2020-01-11 19:01:55.734 [IPControllerApp] engine::Engine Connected: 0
2020-01-11 19:01:55.758 [IPControllerApp] registration::finished registering engine 1:62b9f2b5-4bca362a271a4014bfdafa78
2020-01-11 19:01:55.758 [IPControllerApp] engine::Engine Connected: 1
2020-01-11 19:01:58.735 [IPControllerApp] registration::finished registering engine 2:c0299cb1-7dbd5c884c6e224971f5abcb
2020-01-11 19:01:58.736 [IPControllerApp] engine::Engine Connected: 2
2020-01-11 19:01:58.739 [IPControllerApp] registration::finished registering engine 4:f015adfb-7872f029b521cdb4a33bbd69
2020-01-11 19:01:58.740 [IPControllerApp] engine::Engine Connected: 4
2020-01-11 19:01:58.742 [IPControllerApp] registration::finished registering engine 3:53967fe0-6e5a210a1426766673f3aa90
2020-01-11 19:01:58.742 [IPControllerApp] engine::Engine Connected: 3
2020-01-11 19:02:17.744 [IPControllerApp] client::client b'\x00k\x8bEh' requested 'connection_request'
2020-01-11 19:02:17.745 [IPControllerApp] client::client [b'\x00k\x8bEh'] connected
Model_B_1 21 221 20
Job id: 27371037; Cluster id: cori_27371037
Worker IDs: [0, 1, 2, 3, 4]
Original order  ['1_train_0_.h5', '1_train_1_.h5', '1_train_2_.h5', '1_train_3_.h5', '1_train_4_.h5', '1_train_5_.h5', '1_train_6_.h5', '1_train_7_.h5', '1_train_8_.h5', '1_train_9_.h5', '1_train_10_.h5', '1_train_11_.h5', '1_train_12_.h5', '1_train_13_.h5', '1_train_14_.h5', '1_train_15_.h5', '1_train_16_.h5', '1_train_17_.h5', '1_train_18_.h5', '1_train_19_.h5'] ['1_val_0_.h5', '1_val_1_.h5', '1_val_2_.h5', '1_val_3_.h5', '1_val_4_.h5', '1_val_5_.h5', '1_val_6_.h5', '1_val_7_.h5', '1_val_8_.h5', '1_val_9_.h5', '1_val_10_.h5', '1_val_11_.h5', '1_val_12_.h5', '1_val_13_.h5', '1_val_14_.h5', '1_val_15_.h5', '1_val_16_.h5', '1_val_17_.h5', '1_val_18_.h5', '1_val_19_.h5']
Shuffled files: ['1_train_15_.h5', '1_train_9_.h5', '1_train_12_.h5', '1_train_7_.h5', '1_train_18_.h5', '1_train_5_.h5', '1_train_14_.h5', '1_train_19_.h5', '1_train_4_.h5', '1_train_13_.h5', '1_train_11_.h5', '1_train_2_.h5', '1_train_3_.h5', '1_train_1_.h5', '1_train_10_.h5', '1_train_6_.h5', '1_train_17_.h5', '1_train_8_.h5', '1_train_0_.h5', '1_train_16_.h5'] ['1_val_10_.h5', '1_val_6_.h5', '1_val_14_.h5', '1_val_8_.h5', '1_val_12_.h5', '1_val_15_.h5', '1_val_4_.h5', '1_val_5_.h5', '1_val_11_.h5', '1_val_7_.h5', '1_val_1_.h5', '1_val_13_.h5', '1_val_19_.h5', '1_val_0_.h5', '1_val_17_.h5', '1_val_3_.h5', '1_val_18_.h5', '1_val_16_.h5', '1_val_2_.h5', '1_val_9_.h5']
/global/cscratch1/sd/muszyng/cnn_model_runs/Model_B/Model_B_1/27371037
['ihp', 'n_hpo_trials', 'n_convs_layers', 'conv_sizes', 'n_fc_layers', 'fc_sizes', 'dropout', 'optimizer', 'lr', 'batch_sizes', 'n_epochs', 'repeats_conv', 'recep_fields', 'checkpoint_dir']
Hyperparameter trial 0 conv [ 64 128 256 512] fc [512 256 128  64] dropout 0.4976 opt Adam, lr 0.0000, batch sizes 32
Checkpoint file: /global/cscratch1/sd/muszyng/cnn_model_runs/Model_B/Model_B_1/27371037/model_0.h5
Hyperparameter trial 1 conv [ 64 128 256 512] fc [512 256 128  64] dropout 0.3560 opt Adam, lr 0.0000, batch sizes 128
Checkpoint file: /global/cscratch1/sd/muszyng/cnn_model_runs/Model_B/Model_B_1/27371037/model_1.h5
Hyperparameter trial 2 conv [ 64 128 256 512] fc [512 256 128  64] dropout 0.6204 opt Adam, lr 0.0000, batch sizes 256
Checkpoint file: /global/cscratch1/sd/muszyng/cnn_model_runs/Model_B/Model_B_1/27371037/model_2.h5
Hyperparameter trial 3 conv [ 64 128 256 512] fc [512 256 128  64] dropout 0.4727 opt Adam, lr 0.0000, batch sizes 64
Checkpoint file: /global/cscratch1/sd/muszyng/cnn_model_runs/Model_B/Model_B_1/27371037/model_3.h5
Hyperparameter trial 4 conv [ 64 128 256 512] fc [512 256 128  64] dropout 0.6472 opt Adam, lr 0.0000, batch sizes 64
Checkpoint file: /global/cscratch1/sd/muszyng/cnn_model_runs/Model_B/Model_B_1/27371037/model_4.h5
2020-01-11 19:02:17.793 [IPControllerApp] task::task '806f89de-e87a37b39d91efd9fa8c1ada' arrived on 3
2020-01-11 19:02:17.795 [IPControllerApp] task::task 'd7de86dd-a091b7146e11770ba8e3438a' arrived on 4
2020-01-11 19:02:17.797 [IPControllerApp] task::task 'fb551fd6-ed805253c0abdd06facf3433' arrived on 2
2020-01-11 19:02:17.799 [IPControllerApp] task::task '1df4c637-cce893d4195f2ab29b8c2f7a' arrived on 1
2020-01-11 19:02:17.801 [IPControllerApp] task::task '0bcca4e1-4c25f868615ece6c9227df32' arrived on 0
WARNING:tensorflow:From test_ipyparallel.py:101: The name tf.keras.backend.set_session is deprecated. Please use tf.compat.v1.keras.backend.set_session instead.

WARNING:tensorflow:From /global/u2/m/muszyng/project-cnn-tda/cnn-project/my_project/new_project_mid_lat/code_for_paper/project/Model_B/mlextras.py:39: The name tf.ConfigProto is deprecated. Please use tf.compat.v1.ConfigProto instead.

WARNING:tensorflow:From /global/u2/m/muszyng/project-cnn-tda/cnn-project/my_project/new_project_mid_lat/code_for_paper/project/Model_B/mlextras.py:43: The name tf.Session is deprecated. Please use tf.compat.v1.Session instead.

2020-01-11 19:02:20.816186: I tensorflow/core/platform/cpu_feature_guard.cc:145] This TensorFlow binary is optimized with Intel(R) MKL-DNN to use the following CPU instructions in performance critical operations:  SSE4.1 SSE4.2 AVX AVX2 FMA
To enable them in non-MKL-DNN operations, rebuild TensorFlow with the appropriate compiler flags.
2020-01-11 19:02:20.835362: I tensorflow/core/platform/profile_utils/cpu_utils.cc:94] CPU Frequency: 2299880000 Hz
2020-01-11 19:02:20.837170: I tensorflow/compiler/xla/service/service.cc:168] XLA service 0x55555844c230 initialized for platform Host (this does not guarantee that XLA will be used). Devices:
2020-01-11 19:02:20.837186: I tensorflow/compiler/xla/service/service.cc:176]   StreamExecutor device (0): Host, Default Version
WARNING:tensorflow:From /usr/common/software/tensorflow/intel-tensorflow/1.15.0-py37/lib/python3.7/site-packages/tensorflow_core/python/ops/resource_variable_ops.py:1630: calling BaseResourceVariable.__init__ (from tensorflow.python.ops.resource_variable_ops) with constraint is deprecated and will be removed in a future version.
Instructions for updating:
If using Keras pass *_constraint arguments to layers.
WARNING:tensorflow:Large dropout rate: 0.647193 (>0.5). In TensorFlow 2.x, dropout() uses dropout rate instead of keep_prob. Please ensure that this is intended.
WARNING:tensorflow:Large dropout rate: 0.647193 (>0.5). In TensorFlow 2.x, dropout() uses dropout rate instead of keep_prob. Please ensure that this is intended.
WARNING:tensorflow:Large dropout rate: 0.647193 (>0.5). In TensorFlow 2.x, dropout() uses dropout rate instead of keep_prob. Please ensure that this is intended.
WARNING:tensorflow:Large dropout rate: 0.647193 (>0.5). In TensorFlow 2.x, dropout() uses dropout rate instead of keep_prob. Please ensure that this is intended.
WARNING:tensorflow:From /usr/common/software/tensorflow/intel-tensorflow/1.15.0-py37/lib/python3.7/site-packages/tensorflow_core/python/ops/nn_impl.py:183: where (from tensorflow.python.ops.array_ops) is deprecated and will be removed in a future version.
Instructions for updating:
Use tf.where in 2.0, which has the same broadcast rule as np.where
WARNING:tensorflow:`epsilon` argument is deprecated and will be removed, use `min_delta` instead.
WARNING:tensorflow:`period` argument is deprecated. Please use `save_freq` to specify the frequency in number of samples seen.
WARNING:tensorflow:From test_ipyparallel.py:101: The name tf.keras.backend.set_session is deprecated. Please use tf.compat.v1.keras.backend.set_session instead.

WARNING:tensorflow:From /global/u2/m/muszyng/project-cnn-tda/cnn-project/my_project/new_project_mid_lat/code_for_paper/project/Model_B/mlextras.py:39: The name tf.ConfigProto is deprecated. Please use tf.compat.v1.ConfigProto instead.

WARNING:tensorflow:From /global/u2/m/muszyng/project-cnn-tda/cnn-project/my_project/new_project_mid_lat/code_for_paper/project/Model_B/mlextras.py:43: The name tf.Session is deprecated. Please use tf.compat.v1.Session instead.

2020-01-11 19:02:23.964016: I tensorflow/core/platform/cpu_feature_guard.cc:145] This TensorFlow binary is optimized with Intel(R) MKL-DNN to use the following CPU instructions in performance critical operations:  SSE4.1 SSE4.2 AVX AVX2 FMA
To enable them in non-MKL-DNN operations, rebuild TensorFlow with the appropriate compiler flags.
2020-01-11 19:02:23.986050: I tensorflow/core/platform/profile_utils/cpu_utils.cc:94] CPU Frequency: 2299755000 Hz
2020-01-11 19:02:23.988092: I tensorflow/compiler/xla/service/service.cc:168] XLA service 0x555558454cb0 initialized for platform Host (this does not guarantee that XLA will be used). Devices:
2020-01-11 19:02:23.988119: I tensorflow/compiler/xla/service/service.cc:176]   StreamExecutor device (0): Host, Default Version
WARNING:tensorflow:From /usr/common/software/tensorflow/intel-tensorflow/1.15.0-py37/lib/python3.7/site-packages/tensorflow_core/python/ops/resource_variable_ops.py:1630: calling BaseResourceVariable.__init__ (from tensorflow.python.ops.resource_variable_ops) with constraint is deprecated and will be removed in a future version.
Instructions for updating:
If using Keras pass *_constraint arguments to layers.
WARNING:tensorflow:From /usr/common/software/tensorflow/intel-tensorflow/1.15.0-py37/lib/python3.7/site-packages/tensorflow_core/python/ops/nn_impl.py:183: where (from tensorflow.python.ops.array_ops) is deprecated and will be removed in a future version.
Instructions for updating:
Use tf.where in 2.0, which has the same broadcast rule as np.where
WARNING:tensorflow:`epsilon` argument is deprecated and will be removed, use `min_delta` instead.
WARNING:tensorflow:`period` argument is deprecated. Please use `save_freq` to specify the frequency in number of samples seen.
WARNING:tensorflow:From test_ipyparallel.py:101: The name tf.keras.backend.set_session is deprecated. Please use tf.compat.v1.keras.backend.set_session instead.

WARNING:tensorflow:From /global/u2/m/muszyng/project-cnn-tda/cnn-project/my_project/new_project_mid_lat/code_for_paper/project/Model_B/mlextras.py:39: The name tf.ConfigProto is deprecated. Please use tf.compat.v1.ConfigProto instead.

WARNING:tensorflow:From /global/u2/m/muszyng/project-cnn-tda/cnn-project/my_project/new_project_mid_lat/code_for_paper/project/Model_B/mlextras.py:43: The name tf.Session is deprecated. Please use tf.compat.v1.Session instead.

2020-01-11 19:02:24.518914: I tensorflow/core/platform/cpu_feature_guard.cc:145] This TensorFlow binary is optimized with Intel(R) MKL-DNN to use the following CPU instructions in performance critical operations:  SSE4.1 SSE4.2 AVX AVX2 FMA
To enable them in non-MKL-DNN operations, rebuild TensorFlow with the appropriate compiler flags.
2020-01-11 19:02:24.539937: I tensorflow/core/platform/profile_utils/cpu_utils.cc:94] CPU Frequency: 2300090000 Hz
2020-01-11 19:02:24.541982: I tensorflow/compiler/xla/service/service.cc:168] XLA service 0x555558454cb0 initialized for platform Host (this does not guarantee that XLA will be used). Devices:
2020-01-11 19:02:24.541997: I tensorflow/compiler/xla/service/service.cc:176]   StreamExecutor device (0): Host, Default Version
WARNING:tensorflow:From /usr/common/software/tensorflow/intel-tensorflow/1.15.0-py37/lib/python3.7/site-packages/tensorflow_core/python/ops/resource_variable_ops.py:1630: calling BaseResourceVariable.__init__ (from tensorflow.python.ops.resource_variable_ops) with constraint is deprecated and will be removed in a future version.
Instructions for updating:
If using Keras pass *_constraint arguments to layers.
WARNING:tensorflow:From /usr/common/software/tensorflow/intel-tensorflow/1.15.0-py37/lib/python3.7/site-packages/tensorflow_core/python/ops/nn_impl.py:183: where (from tensorflow.python.ops.array_ops) is deprecated and will be removed in a future version.
Instructions for updating:
Use tf.where in 2.0, which has the same broadcast rule as np.where
WARNING:tensorflow:From test_ipyparallel.py:101: The name tf.keras.backend.set_session is deprecated. Please use tf.compat.v1.keras.backend.set_session instead.

WARNING:tensorflow:From /global/u2/m/muszyng/project-cnn-tda/cnn-project/my_project/new_project_mid_lat/code_for_paper/project/Model_B/mlextras.py:39: The name tf.ConfigProto is deprecated. Please use tf.compat.v1.ConfigProto instead.

WARNING:tensorflow:From /global/u2/m/muszyng/project-cnn-tda/cnn-project/my_project/new_project_mid_lat/code_for_paper/project/Model_B/mlextras.py:43: The name tf.Session is deprecated. Please use tf.compat.v1.Session instead.

2020-01-11 19:02:26.167267: I tensorflow/core/platform/cpu_feature_guard.cc:145] This TensorFlow binary is optimized with Intel(R) MKL-DNN to use the following CPU instructions in performance critical operations:  SSE4.1 SSE4.2 AVX AVX2 FMA
To enable them in non-MKL-DNN operations, rebuild TensorFlow with the appropriate compiler flags.
2020-01-11 19:02:26.189383: I tensorflow/core/platform/profile_utils/cpu_utils.cc:94] CPU Frequency: 2299860000 Hz
2020-01-11 19:02:26.191081: I tensorflow/compiler/xla/service/service.cc:168] XLA service 0x555558454cb0 initialized for platform Host (this does not guarantee that XLA will be used). Devices:
2020-01-11 19:02:26.191097: I tensorflow/compiler/xla/service/service.cc:176]   StreamExecutor device (0): Host, Default Version
WARNING:tensorflow:From /usr/common/software/tensorflow/intel-tensorflow/1.15.0-py37/lib/python3.7/site-packages/tensorflow_core/python/ops/resource_variable_ops.py:1630: calling BaseResourceVariable.__init__ (from tensorflow.python.ops.resource_variable_ops) with constraint is deprecated and will be removed in a future version.
Instructions for updating:
If using Keras pass *_constraint arguments to layers.
WARNING:tensorflow:From /usr/common/software/tensorflow/intel-tensorflow/1.15.0-py37/lib/python3.7/site-packages/tensorflow_core/python/ops/nn_impl.py:183: where (from tensorflow.python.ops.array_ops) is deprecated and will be removed in a future version.
Instructions for updating:
Use tf.where in 2.0, which has the same broadcast rule as np.where
WARNING:tensorflow:`epsilon` argument is deprecated and will be removed, use `min_delta` instead.
WARNING:tensorflow:`period` argument is deprecated. Please use `save_freq` to specify the frequency in number of samples seen.
WARNING:tensorflow:`epsilon` argument is deprecated and will be removed, use `min_delta` instead.
WARNING:tensorflow:`period` argument is deprecated. Please use `save_freq` to specify the frequency in number of samples seen.
WARNING:tensorflow:From test_ipyparallel.py:101: The name tf.keras.backend.set_session is deprecated. Please use tf.compat.v1.keras.backend.set_session instead.

WARNING:tensorflow:From /global/u2/m/muszyng/project-cnn-tda/cnn-project/my_project/new_project_mid_lat/code_for_paper/project/Model_B/mlextras.py:39: The name tf.ConfigProto is deprecated. Please use tf.compat.v1.ConfigProto instead.

WARNING:tensorflow:From /global/u2/m/muszyng/project-cnn-tda/cnn-project/my_project/new_project_mid_lat/code_for_paper/project/Model_B/mlextras.py:43: The name tf.Session is deprecated. Please use tf.compat.v1.Session instead.

2020-01-11 19:02:27.308358: I tensorflow/core/platform/cpu_feature_guard.cc:145] This TensorFlow binary is optimized with Intel(R) MKL-DNN to use the following CPU instructions in performance critical operations:  SSE4.1 SSE4.2 AVX AVX2 FMA
To enable them in non-MKL-DNN operations, rebuild TensorFlow with the appropriate compiler flags.
2020-01-11 19:02:27.351333: I tensorflow/core/platform/profile_utils/cpu_utils.cc:94] CPU Frequency: 2299930000 Hz
2020-01-11 19:02:27.352957: I tensorflow/compiler/xla/service/service.cc:168] XLA service 0x55555881e660 initialized for platform Host (this does not guarantee that XLA will be used). Devices:
2020-01-11 19:02:27.352971: I tensorflow/compiler/xla/service/service.cc:176]   StreamExecutor device (0): Host, Default Version
WARNING:tensorflow:From /usr/common/software/tensorflow/intel-tensorflow/1.15.0-py37/lib/python3.7/site-packages/tensorflow_core/python/ops/resource_variable_ops.py:1630: calling BaseResourceVariable.__init__ (from tensorflow.python.ops.resource_variable_ops) with constraint is deprecated and will be removed in a future version.
Instructions for updating:
If using Keras pass *_constraint arguments to layers.
WARNING:tensorflow:Large dropout rate: 0.620405 (>0.5). In TensorFlow 2.x, dropout() uses dropout rate instead of keep_prob. Please ensure that this is intended.
WARNING:tensorflow:Large dropout rate: 0.620405 (>0.5). In TensorFlow 2.x, dropout() uses dropout rate instead of keep_prob. Please ensure that this is intended.
WARNING:tensorflow:Large dropout rate: 0.620405 (>0.5). In TensorFlow 2.x, dropout() uses dropout rate instead of keep_prob. Please ensure that this is intended.
WARNING:tensorflow:Large dropout rate: 0.620405 (>0.5). In TensorFlow 2.x, dropout() uses dropout rate instead of keep_prob. Please ensure that this is intended.
WARNING:tensorflow:From /usr/common/software/tensorflow/intel-tensorflow/1.15.0-py37/lib/python3.7/site-packages/tensorflow_core/python/ops/nn_impl.py:183: where (from tensorflow.python.ops.array_ops) is deprecated and will be removed in a future version.
Instructions for updating:
Use tf.where in 2.0, which has the same broadcast rule as np.where
WARNING:tensorflow:`epsilon` argument is deprecated and will be removed, use `min_delta` instead.
WARNING:tensorflow:`period` argument is deprecated. Please use `save_freq` to specify the frequency in number of samples seen.
2020-01-11 23:19:02.848 [IPControllerApp] task::task '0bcca4e1-4c25f868615ece6c9227df32' finished on 0
2020-01-11 23:19:04.177 [IPEngineApp] WARNING | No heartbeat in the last 3010 ms (1 time(s) in a row).
2020-01-11 23:34:01.866 [IPControllerApp] task::task '806f89de-e87a37b39d91efd9fa8c1ada' finished on 3
2020-01-11 23:34:02.953 [IPEngineApp] WARNING | No heartbeat in the last 3010 ms (1 time(s) in a row).
2020-01-11 23:35:31.072 [IPControllerApp] task::task '1df4c637-cce893d4195f2ab29b8c2f7a' finished on 1
2020-01-11 23:42:29.864 [IPControllerApp] task::task 'fb551fd6-ed805253c0abdd06facf3433' finished on 2
IOStream.flush timed out
IOStream.flush timed out
IOStream.flush timed out
2020-01-11 23:42:31.167 [IPEngineApp] WARNING | No heartbeat in the last 3010 ms (1 time(s) in a row).
2020-01-12 07:03:10.735 [IPControllerApp] heartbeat::missed b'c0299cb1-7dbd5c884c6e224971f5abcb' : 1
2020-01-12 07:03:12.699 [IPEngineApp] WARNING | No heartbeat in the last 3010 ms (1 time(s) in a row).
2020-01-12 07:04:03.059 [IPControllerApp] heartbeat::missed b'f015adfb-7872f029b521cdb4a33bbd69' : 1
2020-01-12 07:03:08.475 [IPEngineApp] WARNING | No heartbeat in the last 3010 ms (1 time(s) in a row).
2020-01-12 07:04:03.061 [IPControllerApp] heartbeat::missed b'53967fe0-6e5a210a1426766673f3aa90' : 1
2020-01-12 07:03:15.708 [IPEngineApp] WARNING | No heartbeat in the last 3010 ms (2 time(s) in a row).
2020-01-12 07:04:03.061 [IPControllerApp] heartbeat::missed b'62b9f2b5-4bca362a271a4014bfdafa78' : 1
2020-01-12 07:03:07.997 [IPEngineApp] WARNING | No heartbeat in the last 3010 ms (1 time(s) in a row).
2020-01-12 07:03:11.486 [IPEngineApp] WARNING | No heartbeat in the last 3010 ms (2 time(s) in a row).
2020-01-12 07:03:18.719 [IPEngineApp] WARNING | No heartbeat in the last 3010 ms (3 time(s) in a row).
2020-01-12 07:04:03.062 [IPControllerApp] WARNING | heartbeat::heart b'f015adfb-7872f029b521cdb4a33bbd69' missed a beat, and took 55326.55 ms to respond
2020-01-12 07:03:11.007 [IPEngineApp] WARNING | No heartbeat in the last 3010 ms (2 time(s) in a row).
2020-01-12 07:04:03.062 [IPControllerApp] WARNING | heartbeat::heart b'c0299cb1-7dbd5c884c6e224971f5abcb' missed a beat, and took 55326.96 ms to respond
2020-01-12 07:03:14.495 [IPEngineApp] WARNING | No heartbeat in the last 3010 ms (3 time(s) in a row).
2020-01-12 07:04:03.064 [IPControllerApp] WARNING | heartbeat::heart b'62b9f2b5-4bca362a271a4014bfdafa78' missed a beat, and took 55328.47 ms to respond
2020-01-12 07:03:21.728 [IPEngineApp] WARNING | No heartbeat in the last 3010 ms (4 time(s) in a row).
2020-01-12 07:04:03.064 [IPControllerApp] WARNING | heartbeat::heart b'53967fe0-6e5a210a1426766673f3aa90' missed a beat, and took 55328.65 ms to respond
2020-01-12 07:03:14.017 [IPEngineApp] WARNING | No heartbeat in the last 3010 ms (3 time(s) in a row).
2020-01-12 07:03:17.505 [IPEngineApp] WARNING | No heartbeat in the last 3010 ms (4 time(s) in a row).
2020-01-12 07:03:24.739 [IPEngineApp] WARNING | No heartbeat in the last 3010 ms (5 time(s) in a row).
2020-01-12 07:03:17.026 [IPEngineApp] WARNING | No heartbeat in the last 3010 ms (4 time(s) in a row).
2020-01-12 07:03:20.515 [IPEngineApp] WARNING | No heartbeat in the last 3010 ms (5 time(s) in a row).
2020-01-12 07:03:27.749 [IPEngineApp] WARNING | No heartbeat in the last 3010 ms (6 time(s) in a row).
2020-01-12 07:03:20.037 [IPEngineApp] WARNING | No heartbeat in the last 3010 ms (5 time(s) in a row).
2020-01-12 07:03:23.525 [IPEngineApp] WARNING | No heartbeat in the last 3010 ms (6 time(s) in a row).
2020-01-12 07:03:30.759 [IPEngineApp] WARNING | No heartbeat in the last 3010 ms (7 time(s) in a row).
2020-01-12 07:03:23.047 [IPEngineApp] WARNING | No heartbeat in the last 3010 ms (6 time(s) in a row).
2020-01-12 07:03:26.535 [IPEngineApp] WARNING | No heartbeat in the last 3010 ms (7 time(s) in a row).
2020-01-12 07:03:33.769 [IPEngineApp] WARNING | No heartbeat in the last 3010 ms (8 time(s) in a row).
2020-01-12 07:03:26.057 [IPEngineApp] WARNING | No heartbeat in the last 3010 ms (7 time(s) in a row).
2020-01-12 07:03:29.545 [IPEngineApp] WARNING | No heartbeat in the last 3010 ms (8 time(s) in a row).
2020-01-12 07:03:36.778 [IPEngineApp] WARNING | No heartbeat in the last 3010 ms (9 time(s) in a row).
2020-01-12 07:03:29.067 [IPEngineApp] WARNING | No heartbeat in the last 3010 ms (8 time(s) in a row).
2020-01-12 07:03:32.555 [IPEngineApp] WARNING | No heartbeat in the last 3010 ms (9 time(s) in a row).
2020-01-12 07:03:39.789 [IPEngineApp] WARNING | No heartbeat in the last 3010 ms (10 time(s) in a row).
2020-01-12 07:03:32.077 [IPEngineApp] WARNING | No heartbeat in the last 3010 ms (9 time(s) in a row).
2020-01-12 07:03:35.565 [IPEngineApp] WARNING | No heartbeat in the last 3010 ms (10 time(s) in a row).
2020-01-12 07:03:42.799 [IPEngineApp] WARNING | No heartbeat in the last 3010 ms (11 time(s) in a row).
2020-01-12 07:03:35.087 [IPEngineApp] WARNING | No heartbeat in the last 3010 ms (10 time(s) in a row).
2020-01-12 07:03:38.576 [IPEngineApp] WARNING | No heartbeat in the last 3010 ms (11 time(s) in a row).
2020-01-12 07:03:45.808 [IPEngineApp] WARNING | No heartbeat in the last 3010 ms (12 time(s) in a row).
2020-01-12 07:03:38.097 [IPEngineApp] WARNING | No heartbeat in the last 3010 ms (11 time(s) in a row).
2020-01-12 07:03:41.585 [IPEngineApp] WARNING | No heartbeat in the last 3010 ms (12 time(s) in a row).
2020-01-12 07:03:48.818 [IPEngineApp] WARNING | No heartbeat in the last 3010 ms (13 time(s) in a row).
2020-01-12 07:03:41.106 [IPEngineApp] WARNING | No heartbeat in the last 3010 ms (12 time(s) in a row).
2020-01-12 07:03:44.595 [IPEngineApp] WARNING | No heartbeat in the last 3010 ms (13 time(s) in a row).
2020-01-12 07:03:51.829 [IPEngineApp] WARNING | No heartbeat in the last 3010 ms (14 time(s) in a row).
2020-01-12 07:03:44.117 [IPEngineApp] WARNING | No heartbeat in the last 3010 ms (13 time(s) in a row).
2020-01-12 07:03:47.605 [IPEngineApp] WARNING | No heartbeat in the last 3010 ms (14 time(s) in a row).
2020-01-12 07:03:54.838 [IPEngineApp] WARNING | No heartbeat in the last 3010 ms (15 time(s) in a row).
2020-01-12 07:03:47.127 [IPEngineApp] WARNING | No heartbeat in the last 3010 ms (14 time(s) in a row).
2020-01-12 07:03:50.615 [IPEngineApp] WARNING | No heartbeat in the last 3010 ms (15 time(s) in a row).
2020-01-12 07:03:57.848 [IPEngineApp] WARNING | No heartbeat in the last 3010 ms (16 time(s) in a row).
2020-01-12 07:03:50.137 [IPEngineApp] WARNING | No heartbeat in the last 3010 ms (15 time(s) in a row).
2020-01-12 07:03:53.625 [IPEngineApp] WARNING | No heartbeat in the last 3010 ms (16 time(s) in a row).
2020-01-12 07:04:00.859 [IPEngineApp] WARNING | No heartbeat in the last 3010 ms (17 time(s) in a row).
2020-01-12 07:03:53.147 [IPEngineApp] WARNING | No heartbeat in the last 3010 ms (16 time(s) in a row).
2020-01-12 07:03:56.635 [IPEngineApp] WARNING | No heartbeat in the last 3010 ms (17 time(s) in a row).
2020-01-12 07:03:56.157 [IPEngineApp] WARNING | No heartbeat in the last 3010 ms (17 time(s) in a row).
2020-01-12 07:03:59.645 [IPEngineApp] WARNING | No heartbeat in the last 3010 ms (18 time(s) in a row).
2020-01-12 07:03:59.167 [IPEngineApp] WARNING | No heartbeat in the last 3010 ms (18 time(s) in a row).
2020-01-12 07:03:10.531 [IPEngineApp] WARNING | No heartbeat in the last 3010 ms (1 time(s) in a row).
2020-01-12 07:03:13.541 [IPEngineApp] WARNING | No heartbeat in the last 3010 ms (2 time(s) in a row).
2020-01-12 07:03:16.551 [IPEngineApp] WARNING | No heartbeat in the last 3010 ms (3 time(s) in a row).
2020-01-12 07:03:19.561 [IPEngineApp] WARNING | No heartbeat in the last 3010 ms (4 time(s) in a row).
2020-01-12 07:03:22.571 [IPEngineApp] WARNING | No heartbeat in the last 3010 ms (5 time(s) in a row).
2020-01-12 07:03:25.581 [IPEngineApp] WARNING | No heartbeat in the last 3010 ms (6 time(s) in a row).
2020-01-12 07:03:28.591 [IPEngineApp] WARNING | No heartbeat in the last 3010 ms (7 time(s) in a row).
2020-01-12 07:03:31.601 [IPEngineApp] WARNING | No heartbeat in the last 3010 ms (8 time(s) in a row).
2020-01-12 07:03:34.611 [IPEngineApp] WARNING | No heartbeat in the last 3010 ms (9 time(s) in a row).
2020-01-12 07:03:37.621 [IPEngineApp] WARNING | No heartbeat in the last 3010 ms (10 time(s) in a row).
2020-01-12 07:03:40.631 [IPEngineApp] WARNING | No heartbeat in the last 3010 ms (11 time(s) in a row).
2020-01-12 07:03:43.641 [IPEngineApp] WARNING | No heartbeat in the last 3010 ms (12 time(s) in a row).
2020-01-12 07:03:46.651 [IPEngineApp] WARNING | No heartbeat in the last 3010 ms (13 time(s) in a row).
2020-01-12 07:03:49.661 [IPEngineApp] WARNING | No heartbeat in the last 3010 ms (14 time(s) in a row).
2020-01-12 07:03:52.671 [IPEngineApp] WARNING | No heartbeat in the last 3010 ms (15 time(s) in a row).
2020-01-12 07:03:55.682 [IPEngineApp] WARNING | No heartbeat in the last 3010 ms (16 time(s) in a row).
2020-01-12 07:03:58.691 [IPEngineApp] WARNING | No heartbeat in the last 3010 ms (17 time(s) in a row).
2020-01-12 07:04:01.701 [IPEngineApp] WARNING | No heartbeat in the last 3010 ms (18 time(s) in a row).
2020-01-12 09:00:50.614 [IPControllerApp] task::task 'd7de86dd-a091b7146e11770ba8e3438a' finished on 4
slurmstepd: error: *** STEP 27371037.0 ON nid00731 CANCELLED AT 2020-01-12T10:01:06 DUE TO TIME LIMIT ***
2020-01-12 10:01:06.469 [IPControllerApp] CRITICAL | Received signal 15, shutting down
2020-01-12 10:01:06.472 [IPControllerApp] CRITICAL | terminating children...
srun: got SIGCONT
srun: forcing job termination
