[+] ------START TIME (ST): Fri Jan 10 22:01:43 PST 2020------
Start cluster...
Launching controller
2020-01-10 22:01:46.138 [IPControllerApp] Hub listening on tcp://10.128.5.163:37137 for registration.
2020-01-10 22:01:46.140 [IPControllerApp] Hub using DB backend: 'DictDB'
2020-01-10 22:01:46.391 [IPControllerApp] hub::created hub
2020-01-10 22:01:46.392 [IPControllerApp] writing connection info to /global/u2/m/muszyng/.ipython/profile_default/security/ipcontroller-cori_27345767-client.json
2020-01-10 22:01:46.403 [IPControllerApp] writing connection info to /global/u2/m/muszyng/.ipython/profile_default/security/ipcontroller-cori_27345767-engine.json
2020-01-10 22:01:46.413 [IPControllerApp] task::using Python leastload Task scheduler
2020-01-10 22:01:46.413 [IPControllerApp] Heartmonitor started
2020-01-10 22:01:46.429 [scheduler] Scheduler started [leastload]
2020-01-10 22:01:46.433 [IPControllerApp] Creating pid file: /global/u2/m/muszyng/.ipython/profile_default/pid/ipcontroller-cori_27345767.pid
2020-01-10 22:01:46.437 [IPControllerApp] client::client b'\x00k\x8bEg' requested 'connection_request'
2020-01-10 22:01:46.438 [IPControllerApp] client::client [b'\x00k\x8bEg'] connected
Launching engines
2020-01-10 22:02:20.322 [IPEngineApp] Loading url_file '/global/u2/m/muszyng/.ipython/profile_default/security/ipcontroller-cori_27345767-engine.json'
2020-01-10 22:02:20.326 [IPEngineApp] Registering with controller at tcp://10.128.5.163:37137
2020-01-10 22:02:20.327 [IPControllerApp] client::client b'880b17e1-399242abec5627a179635e58' requested 'registration_request'
2020-01-10 22:02:20.393 [IPEngineApp] Loading url_file '/global/u2/m/muszyng/.ipython/profile_default/security/ipcontroller-cori_27345767-engine.json'
2020-01-10 22:02:20.398 [IPControllerApp] client::client b'4646198e-f4cd865afc3e3ff0923e3d2d' requested 'registration_request'
2020-01-10 22:02:20.418 [IPEngineApp] Starting to monitor the heartbeat signal from the hub every 3010 ms.
2020-01-10 22:02:20.397 [IPEngineApp] Registering with controller at tcp://10.128.5.163:37137
2020-01-10 22:02:20.463 [IPEngineApp] Completed registration with id 0
2020-01-10 22:02:20.553 [IPEngineApp] Starting to monitor the heartbeat signal from the hub every 3010 ms.
2020-01-10 22:02:20.565 [IPEngineApp] Completed registration with id 1
2020-01-10 22:02:20.726 [IPEngineApp] Loading url_file '/global/u2/m/muszyng/.ipython/profile_default/security/ipcontroller-cori_27345767-engine.json'
2020-01-10 22:02:20.733 [IPControllerApp] client::client b'45a12e13-1070754e74205c57cacf1c43' requested 'registration_request'
2020-01-10 22:02:20.731 [IPEngineApp] Registering with controller at tcp://10.128.5.163:37137
2020-01-10 22:02:20.843 [IPEngineApp] Starting to monitor the heartbeat signal from the hub every 3010 ms.
2020-01-10 22:02:20.856 [IPEngineApp] Completed registration with id 2
2020-01-10 22:02:21.458 [IPEngineApp] Loading url_file '/global/u2/m/muszyng/.ipython/profile_default/security/ipcontroller-cori_27345767-engine.json'
2020-01-10 22:02:21.463 [IPEngineApp] Registering with controller at tcp://10.128.5.163:37137
2020-01-10 22:02:21.464 [IPControllerApp] client::client b'223217ba-91c1c5af3bc2280151ad3496' requested 'registration_request'
2020-01-10 22:02:21.561 [IPEngineApp] Starting to monitor the heartbeat signal from the hub every 3010 ms.
2020-01-10 22:02:21.572 [IPEngineApp] Completed registration with id 3
2020-01-10 22:02:23.855 [IPEngineApp] Loading url_file '/global/u2/m/muszyng/.ipython/profile_default/security/ipcontroller-cori_27345767-engine.json'
2020-01-10 22:02:23.864 [IPControllerApp] client::client b'7260bad8-a7fae105ef7811d454bac535' requested 'registration_request'
2020-01-10 22:02:23.862 [IPEngineApp] Registering with controller at tcp://10.128.5.163:37137
2020-01-10 22:02:24.076 [IPEngineApp] Starting to monitor the heartbeat signal from the hub every 3010 ms.
2020-01-10 22:02:24.086 [IPEngineApp] Completed registration with id 4
2020-01-10 22:02:25.415 [IPControllerApp] registration::finished registering engine 2:45a12e13-1070754e74205c57cacf1c43
2020-01-10 22:02:25.416 [IPControllerApp] engine::Engine Connected: 2
2020-01-10 22:02:25.428 [IPControllerApp] registration::finished registering engine 0:880b17e1-399242abec5627a179635e58
2020-01-10 22:02:25.428 [IPControllerApp] engine::Engine Connected: 0
2020-01-10 22:02:25.431 [IPControllerApp] registration::finished registering engine 1:4646198e-f4cd865afc3e3ff0923e3d2d
2020-01-10 22:02:25.431 [IPControllerApp] engine::Engine Connected: 1
2020-01-10 22:02:25.434 [IPControllerApp] registration::finished registering engine 3:223217ba-91c1c5af3bc2280151ad3496
2020-01-10 22:02:25.434 [IPControllerApp] engine::Engine Connected: 3
2020-01-10 22:02:28.417 [IPControllerApp] registration::finished registering engine 4:7260bad8-a7fae105ef7811d454bac535
2020-01-10 22:02:28.417 [IPControllerApp] engine::Engine Connected: 4
2020-01-10 22:03:19.346 [IPControllerApp] client::client b'\x00k\x8bEh' requested 'connection_request'
2020-01-10 22:03:19.354 [IPControllerApp] client::client [b'\x00k\x8bEh'] connected
Model_B_0 1 201 20
Job id: 27345767; Cluster id: cori_27345767
Worker IDs: [0, 1, 2, 3, 4]
Original order  ['0_train_0_.h5', '0_train_1_.h5', '0_train_2_.h5', '0_train_3_.h5', '0_train_4_.h5', '0_train_5_.h5', '0_train_6_.h5', '0_train_7_.h5', '0_train_8_.h5', '0_train_9_.h5', '0_train_10_.h5', '0_train_11_.h5', '0_train_12_.h5', '0_train_13_.h5', '0_train_14_.h5', '0_train_15_.h5', '0_train_16_.h5', '0_train_17_.h5', '0_train_18_.h5', '0_train_19_.h5'] ['0_val_0_.h5', '0_val_1_.h5', '0_val_2_.h5', '0_val_3_.h5', '0_val_4_.h5', '0_val_5_.h5', '0_val_6_.h5', '0_val_7_.h5', '0_val_8_.h5', '0_val_9_.h5', '0_val_10_.h5', '0_val_11_.h5', '0_val_12_.h5', '0_val_13_.h5', '0_val_14_.h5', '0_val_15_.h5', '0_val_16_.h5', '0_val_17_.h5', '0_val_18_.h5', '0_val_19_.h5']
Shuffled files: ['0_train_3_.h5', '0_train_16_.h5', '0_train_6_.h5', '0_train_11_.h5', '0_train_15_.h5', '0_train_5_.h5', '0_train_0_.h5', '0_train_19_.h5', '0_train_2_.h5', '0_train_17_.h5', '0_train_8_.h5', '0_train_4_.h5', '0_train_14_.h5', '0_train_1_.h5', '0_train_9_.h5', '0_train_13_.h5', '0_train_7_.h5', '0_train_12_.h5', '0_train_10_.h5', '0_train_18_.h5'] ['0_val_2_.h5', '0_val_18_.h5', '0_val_8_.h5', '0_val_16_.h5', '0_val_11_.h5', '0_val_13_.h5', '0_val_19_.h5', '0_val_9_.h5', '0_val_17_.h5', '0_val_1_.h5', '0_val_5_.h5', '0_val_7_.h5', '0_val_6_.h5', '0_val_0_.h5', '0_val_14_.h5', '0_val_10_.h5', '0_val_4_.h5', '0_val_15_.h5', '0_val_12_.h5', '0_val_3_.h5']
/global/cscratch1/sd/muszyng/cnn_model_runs/Model_B/Model_B_0/27345767
['ihp', 'n_hpo_trials', 'n_convs_layers', 'conv_sizes', 'n_fc_layers', 'fc_sizes', 'dropout', 'optimizer', 'lr', 'batch_sizes', 'n_epochs', 'repeats_conv', 'recep_fields', 'checkpoint_dir']
Hyperparameter trial 0 conv [ 64 128 256 512] fc [512 256 128  64] dropout 0.5573 opt Adam, lr 0.0000, batch sizes 128
Checkpoint file: /global/cscratch1/sd/muszyng/cnn_model_runs/Model_B/Model_B_0/27345767/model_0.h5
Hyperparameter trial 1 conv [ 64 128 256 512] fc [512 256 128  64] dropout 0.5528 opt Adam, lr 0.0000, batch sizes 64
Checkpoint file: /global/cscratch1/sd/muszyng/cnn_model_runs/Model_B/Model_B_0/27345767/model_1.h5
Hyperparameter trial 2 conv [ 64 128 256 512] fc [512 256 128  64] dropout 0.4786 opt Adam, lr 0.0000, batch sizes 256
Checkpoint file: /global/cscratch1/sd/muszyng/cnn_model_runs/Model_B/Model_B_0/27345767/model_2.h5
Hyperparameter trial 3 conv [ 64 128 256 512] fc [512 256 128  64] dropout 0.4964 opt Adam, lr 0.0000, batch sizes 256
Checkpoint file: /global/cscratch1/sd/muszyng/cnn_model_runs/Model_B/Model_B_0/27345767/model_3.h5
Hyperparameter trial 4 conv [ 64 128 256 512] fc [512 256 128  64] dropout 0.6898 opt Adam, lr 0.0000, batch sizes 256
Checkpoint file: /global/cscratch1/sd/muszyng/cnn_model_runs/Model_B/Model_B_0/27345767/model_4.h5
2020-01-10 22:03:19.746 [IPControllerApp] task::task '6367e5bb-c4181e43aacdf0fa0135e9d1' arrived on 4
2020-01-10 22:03:19.748 [IPControllerApp] task::task '15c36472-16bab19de770e060a4c280f0' arrived on 3
2020-01-10 22:03:19.750 [IPControllerApp] task::task 'c9246854-ef2d35ee45d361bf9b983c88' arrived on 1
2020-01-10 22:03:19.752 [IPControllerApp] task::task '422b7736-4e913faa4676e11381ead1a0' arrived on 0
2020-01-10 22:03:19.754 [IPControllerApp] task::task '73e3bbcb-48d922a13387169ea5a6ea29' arrived on 2
WARNING:tensorflow:From test_ipyparallel.py:101: The name tf.keras.backend.set_session is deprecated. Please use tf.compat.v1.keras.backend.set_session instead.

WARNING:tensorflow:From /global/u2/m/muszyng/project-cnn-tda/cnn-project/my_project/new_project_mid_lat/code_for_paper/project/Model_B/mlextras.py:39: The name tf.ConfigProto is deprecated. Please use tf.compat.v1.ConfigProto instead.

WARNING:tensorflow:From /global/u2/m/muszyng/project-cnn-tda/cnn-project/my_project/new_project_mid_lat/code_for_paper/project/Model_B/mlextras.py:43: The name tf.Session is deprecated. Please use tf.compat.v1.Session instead.

2020-01-10 22:03:24.973488: I tensorflow/core/platform/cpu_feature_guard.cc:145] This TensorFlow binary is optimized with Intel(R) MKL-DNN to use the following CPU instructions in performance critical operations:  SSE4.1 SSE4.2 AVX AVX2 FMA
To enable them in non-MKL-DNN operations, rebuild TensorFlow with the appropriate compiler flags.
2020-01-10 22:03:24.994676: I tensorflow/core/platform/profile_utils/cpu_utils.cc:94] CPU Frequency: 2300055000 Hz
2020-01-10 22:03:24.996307: I tensorflow/compiler/xla/service/service.cc:168] XLA service 0x55555844c340 initialized for platform Host (this does not guarantee that XLA will be used). Devices:
2020-01-10 22:03:24.996322: I tensorflow/compiler/xla/service/service.cc:176]   StreamExecutor device (0): Host, Default Version
WARNING:tensorflow:From /usr/common/software/tensorflow/intel-tensorflow/1.15.0-py37/lib/python3.7/site-packages/tensorflow_core/python/ops/resource_variable_ops.py:1630: calling BaseResourceVariable.__init__ (from tensorflow.python.ops.resource_variable_ops) with constraint is deprecated and will be removed in a future version.
Instructions for updating:
If using Keras pass *_constraint arguments to layers.
WARNING:tensorflow:From /usr/common/software/tensorflow/intel-tensorflow/1.15.0-py37/lib/python3.7/site-packages/tensorflow_core/python/ops/nn_impl.py:183: where (from tensorflow.python.ops.array_ops) is deprecated and will be removed in a future version.
Instructions for updating:
Use tf.where in 2.0, which has the same broadcast rule as np.where
WARNING:tensorflow:`epsilon` argument is deprecated and will be removed, use `min_delta` instead.
WARNING:tensorflow:`period` argument is deprecated. Please use `save_freq` to specify the frequency in number of samples seen.
WARNING:tensorflow:From test_ipyparallel.py:101: The name tf.keras.backend.set_session is deprecated. Please use tf.compat.v1.keras.backend.set_session instead.

WARNING:tensorflow:From /global/u2/m/muszyng/project-cnn-tda/cnn-project/my_project/new_project_mid_lat/code_for_paper/project/Model_B/mlextras.py:39: The name tf.ConfigProto is deprecated. Please use tf.compat.v1.ConfigProto instead.

WARNING:tensorflow:From /global/u2/m/muszyng/project-cnn-tda/cnn-project/my_project/new_project_mid_lat/code_for_paper/project/Model_B/mlextras.py:43: The name tf.Session is deprecated. Please use tf.compat.v1.Session instead.

2020-01-10 22:03:25.701611: I tensorflow/core/platform/cpu_feature_guard.cc:145] This TensorFlow binary is optimized with Intel(R) MKL-DNN to use the following CPU instructions in performance critical operations:  SSE4.1 SSE4.2 AVX AVX2 FMA
To enable them in non-MKL-DNN operations, rebuild TensorFlow with the appropriate compiler flags.
2020-01-10 22:03:25.724237: I tensorflow/core/platform/profile_utils/cpu_utils.cc:94] CPU Frequency: 2300020000 Hz
2020-01-10 22:03:25.725977: I tensorflow/compiler/xla/service/service.cc:168] XLA service 0x55555844c340 initialized for platform Host (this does not guarantee that XLA will be used). Devices:
2020-01-10 22:03:25.726000: I tensorflow/compiler/xla/service/service.cc:176]   StreamExecutor device (0): Host, Default Version
WARNING:tensorflow:From /usr/common/software/tensorflow/intel-tensorflow/1.15.0-py37/lib/python3.7/site-packages/tensorflow_core/python/ops/resource_variable_ops.py:1630: calling BaseResourceVariable.__init__ (from tensorflow.python.ops.resource_variable_ops) with constraint is deprecated and will be removed in a future version.
Instructions for updating:
If using Keras pass *_constraint arguments to layers.
WARNING:tensorflow:Large dropout rate: 0.552802 (>0.5). In TensorFlow 2.x, dropout() uses dropout rate instead of keep_prob. Please ensure that this is intended.
WARNING:tensorflow:Large dropout rate: 0.552802 (>0.5). In TensorFlow 2.x, dropout() uses dropout rate instead of keep_prob. Please ensure that this is intended.
WARNING:tensorflow:Large dropout rate: 0.552802 (>0.5). In TensorFlow 2.x, dropout() uses dropout rate instead of keep_prob. Please ensure that this is intended.
WARNING:tensorflow:Large dropout rate: 0.552802 (>0.5). In TensorFlow 2.x, dropout() uses dropout rate instead of keep_prob. Please ensure that this is intended.
WARNING:tensorflow:From test_ipyparallel.py:101: The name tf.keras.backend.set_session is deprecated. Please use tf.compat.v1.keras.backend.set_session instead.

WARNING:tensorflow:From /global/u2/m/muszyng/project-cnn-tda/cnn-project/my_project/new_project_mid_lat/code_for_paper/project/Model_B/mlextras.py:39: The name tf.ConfigProto is deprecated. Please use tf.compat.v1.ConfigProto instead.

WARNING:tensorflow:From /global/u2/m/muszyng/project-cnn-tda/cnn-project/my_project/new_project_mid_lat/code_for_paper/project/Model_B/mlextras.py:43: The name tf.Session is deprecated. Please use tf.compat.v1.Session instead.

2020-01-10 22:03:25.942103: I tensorflow/core/platform/cpu_feature_guard.cc:145] This TensorFlow binary is optimized with Intel(R) MKL-DNN to use the following CPU instructions in performance critical operations:  SSE4.1 SSE4.2 AVX AVX2 FMA
To enable them in non-MKL-DNN operations, rebuild TensorFlow with the appropriate compiler flags.
WARNING:tensorflow:From /usr/common/software/tensorflow/intel-tensorflow/1.15.0-py37/lib/python3.7/site-packages/tensorflow_core/python/ops/nn_impl.py:183: where (from tensorflow.python.ops.array_ops) is deprecated and will be removed in a future version.
Instructions for updating:
Use tf.where in 2.0, which has the same broadcast rule as np.where
2020-01-10 22:03:25.962492: I tensorflow/core/platform/profile_utils/cpu_utils.cc:94] CPU Frequency: 2299895000 Hz
2020-01-10 22:03:25.964363: I tensorflow/compiler/xla/service/service.cc:168] XLA service 0x55555881f860 initialized for platform Host (this does not guarantee that XLA will be used). Devices:
2020-01-10 22:03:25.964378: I tensorflow/compiler/xla/service/service.cc:176]   StreamExecutor device (0): Host, Default Version
WARNING:tensorflow:From /usr/common/software/tensorflow/intel-tensorflow/1.15.0-py37/lib/python3.7/site-packages/tensorflow_core/python/ops/resource_variable_ops.py:1630: calling BaseResourceVariable.__init__ (from tensorflow.python.ops.resource_variable_ops) with constraint is deprecated and will be removed in a future version.
Instructions for updating:
If using Keras pass *_constraint arguments to layers.
WARNING:tensorflow:`epsilon` argument is deprecated and will be removed, use `min_delta` instead.
WARNING:tensorflow:`period` argument is deprecated. Please use `save_freq` to specify the frequency in number of samples seen.
WARNING:tensorflow:From /usr/common/software/tensorflow/intel-tensorflow/1.15.0-py37/lib/python3.7/site-packages/tensorflow_core/python/ops/nn_impl.py:183: where (from tensorflow.python.ops.array_ops) is deprecated and will be removed in a future version.
Instructions for updating:
Use tf.where in 2.0, which has the same broadcast rule as np.where
WARNING:tensorflow:From test_ipyparallel.py:101: The name tf.keras.backend.set_session is deprecated. Please use tf.compat.v1.keras.backend.set_session instead.

WARNING:tensorflow:From /global/u2/m/muszyng/project-cnn-tda/cnn-project/my_project/new_project_mid_lat/code_for_paper/project/Model_B/mlextras.py:39: The name tf.ConfigProto is deprecated. Please use tf.compat.v1.ConfigProto instead.

WARNING:tensorflow:From /global/u2/m/muszyng/project-cnn-tda/cnn-project/my_project/new_project_mid_lat/code_for_paper/project/Model_B/mlextras.py:43: The name tf.Session is deprecated. Please use tf.compat.v1.Session instead.

2020-01-10 22:03:26.220974: I tensorflow/core/platform/cpu_feature_guard.cc:145] This TensorFlow binary is optimized with Intel(R) MKL-DNN to use the following CPU instructions in performance critical operations:  SSE4.1 SSE4.2 AVX AVX2 FMA
To enable them in non-MKL-DNN operations, rebuild TensorFlow with the appropriate compiler flags.
WARNING:tensorflow:`epsilon` argument is deprecated and will be removed, use `min_delta` instead.
WARNING:tensorflow:`period` argument is deprecated. Please use `save_freq` to specify the frequency in number of samples seen.
2020-01-10 22:03:26.241477: I tensorflow/core/platform/profile_utils/cpu_utils.cc:94] CPU Frequency: 2300005000 Hz
2020-01-10 22:03:26.243317: I tensorflow/compiler/xla/service/service.cc:168] XLA service 0x55555881e540 initialized for platform Host (this does not guarantee that XLA will be used). Devices:
2020-01-10 22:03:26.243331: I tensorflow/compiler/xla/service/service.cc:176]   StreamExecutor device (0): Host, Default Version
WARNING:tensorflow:From /usr/common/software/tensorflow/intel-tensorflow/1.15.0-py37/lib/python3.7/site-packages/tensorflow_core/python/ops/resource_variable_ops.py:1630: calling BaseResourceVariable.__init__ (from tensorflow.python.ops.resource_variable_ops) with constraint is deprecated and will be removed in a future version.
Instructions for updating:
If using Keras pass *_constraint arguments to layers.
WARNING:tensorflow:Large dropout rate: 0.689771 (>0.5). In TensorFlow 2.x, dropout() uses dropout rate instead of keep_prob. Please ensure that this is intended.
WARNING:tensorflow:Large dropout rate: 0.689771 (>0.5). In TensorFlow 2.x, dropout() uses dropout rate instead of keep_prob. Please ensure that this is intended.
WARNING:tensorflow:Large dropout rate: 0.689771 (>0.5). In TensorFlow 2.x, dropout() uses dropout rate instead of keep_prob. Please ensure that this is intended.
WARNING:tensorflow:Large dropout rate: 0.689771 (>0.5). In TensorFlow 2.x, dropout() uses dropout rate instead of keep_prob. Please ensure that this is intended.
WARNING:tensorflow:From /usr/common/software/tensorflow/intel-tensorflow/1.15.0-py37/lib/python3.7/site-packages/tensorflow_core/python/ops/nn_impl.py:183: where (from tensorflow.python.ops.array_ops) is deprecated and will be removed in a future version.
Instructions for updating:
Use tf.where in 2.0, which has the same broadcast rule as np.where
WARNING:tensorflow:`epsilon` argument is deprecated and will be removed, use `min_delta` instead.
WARNING:tensorflow:`period` argument is deprecated. Please use `save_freq` to specify the frequency in number of samples seen.
WARNING:tensorflow:From test_ipyparallel.py:101: The name tf.keras.backend.set_session is deprecated. Please use tf.compat.v1.keras.backend.set_session instead.

WARNING:tensorflow:From /global/u2/m/muszyng/project-cnn-tda/cnn-project/my_project/new_project_mid_lat/code_for_paper/project/Model_B/mlextras.py:39: The name tf.ConfigProto is deprecated. Please use tf.compat.v1.ConfigProto instead.

WARNING:tensorflow:From /global/u2/m/muszyng/project-cnn-tda/cnn-project/my_project/new_project_mid_lat/code_for_paper/project/Model_B/mlextras.py:43: The name tf.Session is deprecated. Please use tf.compat.v1.Session instead.

2020-01-10 22:03:29.366139: I tensorflow/core/platform/cpu_feature_guard.cc:145] This TensorFlow binary is optimized with Intel(R) MKL-DNN to use the following CPU instructions in performance critical operations:  SSE4.1 SSE4.2 AVX AVX2 FMA
To enable them in non-MKL-DNN operations, rebuild TensorFlow with the appropriate compiler flags.
2020-01-10 22:03:29.396503: I tensorflow/core/platform/profile_utils/cpu_utils.cc:94] CPU Frequency: 2300095000 Hz
2020-01-10 22:03:29.398349: I tensorflow/compiler/xla/service/service.cc:168] XLA service 0x55555844c340 initialized for platform Host (this does not guarantee that XLA will be used). Devices:
2020-01-10 22:03:29.398364: I tensorflow/compiler/xla/service/service.cc:176]   StreamExecutor device (0): Host, Default Version
WARNING:tensorflow:From /usr/common/software/tensorflow/intel-tensorflow/1.15.0-py37/lib/python3.7/site-packages/tensorflow_core/python/ops/resource_variable_ops.py:1630: calling BaseResourceVariable.__init__ (from tensorflow.python.ops.resource_variable_ops) with constraint is deprecated and will be removed in a future version.
Instructions for updating:
If using Keras pass *_constraint arguments to layers.
WARNING:tensorflow:Large dropout rate: 0.557257 (>0.5). In TensorFlow 2.x, dropout() uses dropout rate instead of keep_prob. Please ensure that this is intended.
WARNING:tensorflow:Large dropout rate: 0.557257 (>0.5). In TensorFlow 2.x, dropout() uses dropout rate instead of keep_prob. Please ensure that this is intended.
WARNING:tensorflow:Large dropout rate: 0.557257 (>0.5). In TensorFlow 2.x, dropout() uses dropout rate instead of keep_prob. Please ensure that this is intended.
WARNING:tensorflow:Large dropout rate: 0.557257 (>0.5). In TensorFlow 2.x, dropout() uses dropout rate instead of keep_prob. Please ensure that this is intended.
WARNING:tensorflow:From /usr/common/software/tensorflow/intel-tensorflow/1.15.0-py37/lib/python3.7/site-packages/tensorflow_core/python/ops/nn_impl.py:183: where (from tensorflow.python.ops.array_ops) is deprecated and will be removed in a future version.
Instructions for updating:
Use tf.where in 2.0, which has the same broadcast rule as np.where
WARNING:tensorflow:`epsilon` argument is deprecated and will be removed, use `min_delta` instead.
WARNING:tensorflow:`period` argument is deprecated. Please use `save_freq` to specify the frequency in number of samples seen.
2020-01-11 02:54:29.960 [IPControllerApp] task::task '15c36472-16bab19de770e060a4c280f0' finished on 3
2020-01-11 03:15:05.516 [IPControllerApp] task::task '73e3bbcb-48d922a13387169ea5a6ea29' finished on 2
2020-01-11 03:15:38.796 [IPControllerApp] task::task '6367e5bb-c4181e43aacdf0fa0135e9d1' finished on 4
2020-01-11 06:58:43.417 [IPControllerApp] heartbeat::missed b'45a12e13-1070754e74205c57cacf1c43' : 1
2020-01-11 06:58:43.990 [IPEngineApp] WARNING | No heartbeat in the last 3010 ms (1 time(s) in a row).
2020-01-11 06:59:35.781 [IPControllerApp] heartbeat::missed b'880b17e1-399242abec5627a179635e58' : 1
IOStream.flush timed out
IOStream.flush timed out
2020-01-11 06:59:35.781 [IPControllerApp] heartbeat::missed b'4646198e-f4cd865afc3e3ff0923e3d2d' : 1
2020-01-11 06:58:41.474 [IPEngineApp] WARNING | No heartbeat in the last 3010 ms (1 time(s) in a row).
2020-01-11 06:59:35.782 [IPControllerApp] heartbeat::missed b'223217ba-91c1c5af3bc2280151ad3496' : 1
IOStream.flush timed out
IOStream.flush timed out
IOStream.flush timed out
2020-01-11 06:58:40.757 [IPEngineApp] WARNING | No heartbeat in the last 3010 ms (1 time(s) in a row).
2020-01-11 06:58:47.000 [IPEngineApp] WARNING | No heartbeat in the last 3010 ms (2 time(s) in a row).
2020-01-11 06:58:44.485 [IPEngineApp] WARNING | No heartbeat in the last 3010 ms (2 time(s) in a row).
2020-01-11 06:58:43.766 [IPEngineApp] WARNING | No heartbeat in the last 3010 ms (2 time(s) in a row).
2020-01-11 06:58:50.009 [IPEngineApp] WARNING | No heartbeat in the last 3010 ms (3 time(s) in a row).
2020-01-11 06:58:47.494 [IPEngineApp] WARNING | No heartbeat in the last 3010 ms (3 time(s) in a row).
2020-01-11 06:58:46.776 [IPEngineApp] WARNING | No heartbeat in the last 3010 ms (3 time(s) in a row).
2020-01-11 06:58:53.020 [IPEngineApp] WARNING | No heartbeat in the last 3010 ms (4 time(s) in a row).
2020-01-11 06:58:50.504 [IPEngineApp] WARNING | No heartbeat in the last 3010 ms (4 time(s) in a row).
2020-01-11 06:59:35.783 [IPControllerApp] WARNING | heartbeat::heart b'45a12e13-1070754e74205c57cacf1c43' missed a beat, and took 55366.95 ms to respond
2020-01-11 06:58:49.787 [IPEngineApp] WARNING | No heartbeat in the last 3010 ms (4 time(s) in a row).
2020-01-11 06:58:56.030 [IPEngineApp] WARNING | No heartbeat in the last 3010 ms (5 time(s) in a row).
2020-01-11 06:59:35.784 [IPControllerApp] WARNING | heartbeat::heart b'880b17e1-399242abec5627a179635e58' missed a beat, and took 55368.25 ms to respond
2020-01-11 06:58:53.515 [IPEngineApp] WARNING | No heartbeat in the last 3010 ms (5 time(s) in a row).
2020-01-11 06:58:52.796 [IPEngineApp] WARNING | No heartbeat in the last 3010 ms (5 time(s) in a row).
2020-01-11 06:58:59.039 [IPEngineApp] WARNING | No heartbeat in the last 3010 ms (6 time(s) in a row).
2020-01-11 06:58:56.524 [IPEngineApp] WARNING | No heartbeat in the last 3010 ms (6 time(s) in a row).
2020-01-11 06:58:55.806 [IPEngineApp] WARNING | No heartbeat in the last 3010 ms (6 time(s) in a row).
2020-01-11 06:59:02.050 [IPEngineApp] WARNING | No heartbeat in the last 3010 ms (7 time(s) in a row).
2020-01-11 06:58:59.534 [IPEngineApp] WARNING | No heartbeat in the last 3010 ms (7 time(s) in a row).
2020-01-11 06:58:58.817 [IPEngineApp] WARNING | No heartbeat in the last 3010 ms (7 time(s) in a row).
2020-01-11 06:59:05.060 [IPEngineApp] WARNING | No heartbeat in the last 3010 ms (8 time(s) in a row).
2020-01-11 06:59:35.786 [IPControllerApp] WARNING | heartbeat::heart b'4646198e-f4cd865afc3e3ff0923e3d2d' missed a beat, and took 55369.49 ms to respond
2020-01-11 06:59:02.545 [IPEngineApp] WARNING | No heartbeat in the last 3010 ms (8 time(s) in a row).
2020-01-11 06:59:01.826 [IPEngineApp] WARNING | No heartbeat in the last 3010 ms (8 time(s) in a row).
2020-01-11 06:59:35.787 [IPControllerApp] WARNING | heartbeat::heart b'223217ba-91c1c5af3bc2280151ad3496' missed a beat, and took 55370.78 ms to respond
2020-01-11 06:59:08.069 [IPEngineApp] WARNING | No heartbeat in the last 3010 ms (9 time(s) in a row).
2020-01-11 06:59:05.554 [IPEngineApp] WARNING | No heartbeat in the last 3010 ms (9 time(s) in a row).
2020-01-11 06:59:04.837 [IPEngineApp] WARNING | No heartbeat in the last 3010 ms (9 time(s) in a row).
2020-01-11 06:59:11.080 [IPEngineApp] WARNING | No heartbeat in the last 3010 ms (10 time(s) in a row).
2020-01-11 06:59:08.564 [IPEngineApp] WARNING | No heartbeat in the last 3010 ms (10 time(s) in a row).
2020-01-11 06:59:07.847 [IPEngineApp] WARNING | No heartbeat in the last 3010 ms (10 time(s) in a row).
2020-01-11 06:59:14.090 [IPEngineApp] WARNING | No heartbeat in the last 3010 ms (11 time(s) in a row).
2020-01-11 06:59:11.575 [IPEngineApp] WARNING | No heartbeat in the last 3010 ms (11 time(s) in a row).
2020-01-11 06:59:10.856 [IPEngineApp] WARNING | No heartbeat in the last 3010 ms (11 time(s) in a row).
2020-01-11 06:59:17.099 [IPEngineApp] WARNING | No heartbeat in the last 3010 ms (12 time(s) in a row).
2020-01-11 06:59:14.584 [IPEngineApp] WARNING | No heartbeat in the last 3010 ms (12 time(s) in a row).
2020-01-11 06:59:13.867 [IPEngineApp] WARNING | No heartbeat in the last 3010 ms (12 time(s) in a row).
2020-01-11 06:59:20.109 [IPEngineApp] WARNING | No heartbeat in the last 3010 ms (13 time(s) in a row).
2020-01-11 06:59:17.594 [IPEngineApp] WARNING | No heartbeat in the last 3010 ms (13 time(s) in a row).
2020-01-11 06:59:16.876 [IPEngineApp] WARNING | No heartbeat in the last 3010 ms (13 time(s) in a row).
2020-01-11 06:59:23.120 [IPEngineApp] WARNING | No heartbeat in the last 3010 ms (14 time(s) in a row).
2020-01-11 06:59:20.605 [IPEngineApp] WARNING | No heartbeat in the last 3010 ms (14 time(s) in a row).
2020-01-11 06:59:19.886 [IPEngineApp] WARNING | No heartbeat in the last 3010 ms (14 time(s) in a row).
2020-01-11 06:59:26.130 [IPEngineApp] WARNING | No heartbeat in the last 3010 ms (15 time(s) in a row).
2020-01-11 06:59:23.614 [IPEngineApp] WARNING | No heartbeat in the last 3010 ms (15 time(s) in a row).
2020-01-11 06:59:22.896 [IPEngineApp] WARNING | No heartbeat in the last 3010 ms (15 time(s) in a row).
2020-01-11 06:59:29.139 [IPEngineApp] WARNING | No heartbeat in the last 3010 ms (16 time(s) in a row).
2020-01-11 06:59:26.624 [IPEngineApp] WARNING | No heartbeat in the last 3010 ms (16 time(s) in a row).
2020-01-11 06:59:25.907 [IPEngineApp] WARNING | No heartbeat in the last 3010 ms (16 time(s) in a row).
2020-01-11 06:59:32.150 [IPEngineApp] WARNING | No heartbeat in the last 3010 ms (17 time(s) in a row).
2020-01-11 06:59:29.634 [IPEngineApp] WARNING | No heartbeat in the last 3010 ms (17 time(s) in a row).
2020-01-11 06:59:28.916 [IPEngineApp] WARNING | No heartbeat in the last 3010 ms (17 time(s) in a row).
2020-01-11 06:59:35.160 [IPEngineApp] WARNING | No heartbeat in the last 3010 ms (18 time(s) in a row).
2020-01-11 06:59:32.644 [IPEngineApp] WARNING | No heartbeat in the last 3010 ms (18 time(s) in a row).
2020-01-11 06:59:31.926 [IPEngineApp] WARNING | No heartbeat in the last 3010 ms (18 time(s) in a row).
2020-01-11 10:04:42.344 [IPControllerApp] task::task 'c9246854-ef2d35ee45d361bf9b983c88' finished on 1
2020-01-11 11:38:58.138 [IPControllerApp] task::task '422b7736-4e913faa4676e11381ead1a0' finished on 0
slurmstepd: error: *** STEP 27345767.0 ON nid01432 CANCELLED AT 2020-01-11T13:01:58 DUE TO TIME LIMIT ***
2020-01-11 13:01:58.135 [IPControllerApp] CRITICAL | Received signal 15, shutting down
2020-01-11 13:01:58.135 [IPControllerApp] CRITICAL | terminating children...
srun: got SIGCONT
srun: forcing job termination
