[+] ------START TIME (ST): Sat Jan 11 14:08:25 PST 2020------
Start cluster...
Launching controller
2020-01-11 14:08:29.569 [IPControllerApp] Hub listening on tcp://10.128.6.144:33929 for registration.
2020-01-11 14:08:29.570 [IPControllerApp] Hub using DB backend: 'DictDB'
2020-01-11 14:08:29.823 [IPControllerApp] hub::created hub
2020-01-11 14:08:29.823 [IPControllerApp] writing connection info to /global/u2/m/muszyng/.ipython/profile_default/security/ipcontroller-cori_27362431-client.json
2020-01-11 14:08:29.840 [IPControllerApp] writing connection info to /global/u2/m/muszyng/.ipython/profile_default/security/ipcontroller-cori_27362431-engine.json
2020-01-11 14:08:29.863 [IPControllerApp] task::using Python leastload Task scheduler
2020-01-11 14:08:29.863 [IPControllerApp] Heartmonitor started
2020-01-11 14:08:29.886 [scheduler] Scheduler started [leastload]
2020-01-11 14:08:29.892 [IPControllerApp] Creating pid file: /global/u2/m/muszyng/.ipython/profile_default/pid/ipcontroller-cori_27362431.pid
2020-01-11 14:08:29.896 [IPControllerApp] client::client b'\x00k\x8bEg' requested 'connection_request'
2020-01-11 14:08:29.897 [IPControllerApp] client::client [b'\x00k\x8bEg'] connected
Launching engines
2020-01-11 14:09:03.877 [IPEngineApp] Loading url_file '/global/u2/m/muszyng/.ipython/profile_default/security/ipcontroller-cori_27362431-engine.json'
2020-01-11 14:09:03.883 [IPControllerApp] client::client b'19b35787-a5a58b684103be0eb4951618' requested 'registration_request'
2020-01-11 14:09:03.881 [IPEngineApp] Registering with controller at tcp://10.128.6.144:33929
2020-01-11 14:09:03.953 [IPEngineApp] Starting to monitor the heartbeat signal from the hub every 3010 ms.
2020-01-11 14:09:03.968 [IPEngineApp] Completed registration with id 0
2020-01-11 14:09:06.294 [IPEngineApp] Loading url_file '/global/u2/m/muszyng/.ipython/profile_default/security/ipcontroller-cori_27362431-engine.json'
2020-01-11 14:09:06.299 [IPEngineApp] Registering with controller at tcp://10.128.6.144:33929
2020-01-11 14:09:06.301 [IPControllerApp] client::client b'4ac9dcb8-e3f93dd272a9abbf30087d2f' requested 'registration_request'
2020-01-11 14:09:06.365 [IPEngineApp] Starting to monitor the heartbeat signal from the hub every 3010 ms.
2020-01-11 14:09:06.379 [IPEngineApp] Completed registration with id 1
2020-01-11 14:09:06.425 [IPEngineApp] Loading url_file '/global/u2/m/muszyng/.ipython/profile_default/security/ipcontroller-cori_27362431-engine.json'
2020-01-11 14:09:06.431 [IPControllerApp] client::client b'019d539c-6f358017355eda93e77e0019' requested 'registration_request'
2020-01-11 14:09:06.429 [IPEngineApp] Registering with controller at tcp://10.128.6.144:33929
2020-01-11 14:09:06.498 [IPEngineApp] Starting to monitor the heartbeat signal from the hub every 3010 ms.
2020-01-11 14:09:06.511 [IPEngineApp] Completed registration with id 2
2020-01-11 14:09:06.943 [IPEngineApp] Loading url_file '/global/u2/m/muszyng/.ipython/profile_default/security/ipcontroller-cori_27362431-engine.json'
2020-01-11 14:09:06.949 [IPEngineApp] Registering with controller at tcp://10.128.6.144:33929
2020-01-11 14:09:06.951 [IPControllerApp] client::client b'25aecc48-fec12f12781e10f2f29329d4' requested 'registration_request'
2020-01-11 14:09:07.024 [IPEngineApp] Starting to monitor the heartbeat signal from the hub every 3010 ms.
2020-01-11 14:09:07.037 [IPEngineApp] Completed registration with id 3
2020-01-11 14:09:07.759 [IPEngineApp] Loading url_file '/global/u2/m/muszyng/.ipython/profile_default/security/ipcontroller-cori_27362431-engine.json'
2020-01-11 14:09:07.766 [IPControllerApp] client::client b'ffe055f7-87705ebeccc506d225bda6f5' requested 'registration_request'
2020-01-11 14:09:07.765 [IPEngineApp] Registering with controller at tcp://10.128.6.144:33929
2020-01-11 14:09:07.846 [IPEngineApp] Starting to monitor the heartbeat signal from the hub every 3010 ms.
2020-01-11 14:09:07.862 [IPEngineApp] Completed registration with id 4
2020-01-11 14:09:08.865 [IPControllerApp] registration::finished registering engine 0:19b35787-a5a58b684103be0eb4951618
2020-01-11 14:09:08.865 [IPControllerApp] engine::Engine Connected: 0
2020-01-11 14:09:11.867 [IPControllerApp] registration::finished registering engine 2:019d539c-6f358017355eda93e77e0019
2020-01-11 14:09:11.867 [IPControllerApp] engine::Engine Connected: 2
2020-01-11 14:09:11.877 [IPControllerApp] registration::finished registering engine 4:ffe055f7-87705ebeccc506d225bda6f5
2020-01-11 14:09:11.877 [IPControllerApp] engine::Engine Connected: 4
2020-01-11 14:09:11.880 [IPControllerApp] registration::finished registering engine 3:25aecc48-fec12f12781e10f2f29329d4
2020-01-11 14:09:11.880 [IPControllerApp] engine::Engine Connected: 3
2020-01-11 14:09:11.883 [IPControllerApp] registration::finished registering engine 1:4ac9dcb8-e3f93dd272a9abbf30087d2f
2020-01-11 14:09:11.884 [IPControllerApp] engine::Engine Connected: 1
2020-01-11 14:09:39.011 [IPControllerApp] client::client b'\x00k\x8bEh' requested 'connection_request'
2020-01-11 14:09:39.012 [IPControllerApp] client::client [b'\x00k\x8bEh'] connected
Model_B_1 21 221 20
Job id: 27362431; Cluster id: cori_27362431
Worker IDs: [0, 1, 2, 3, 4]
Original order  ['1_train_0_.h5', '1_train_1_.h5', '1_train_2_.h5', '1_train_3_.h5', '1_train_4_.h5', '1_train_5_.h5', '1_train_6_.h5', '1_train_7_.h5', '1_train_8_.h5', '1_train_9_.h5', '1_train_10_.h5', '1_train_11_.h5', '1_train_12_.h5', '1_train_13_.h5', '1_train_14_.h5', '1_train_15_.h5', '1_train_16_.h5', '1_train_17_.h5', '1_train_18_.h5', '1_train_19_.h5'] ['1_val_0_.h5', '1_val_1_.h5', '1_val_2_.h5', '1_val_3_.h5', '1_val_4_.h5', '1_val_5_.h5', '1_val_6_.h5', '1_val_7_.h5', '1_val_8_.h5', '1_val_9_.h5', '1_val_10_.h5', '1_val_11_.h5', '1_val_12_.h5', '1_val_13_.h5', '1_val_14_.h5', '1_val_15_.h5', '1_val_16_.h5', '1_val_17_.h5', '1_val_18_.h5', '1_val_19_.h5']
Shuffled files: ['1_train_4_.h5', '1_train_15_.h5', '1_train_2_.h5', '1_train_18_.h5', '1_train_12_.h5', '1_train_11_.h5', '1_train_3_.h5', '1_train_14_.h5', '1_train_7_.h5', '1_train_9_.h5', '1_train_1_.h5', '1_train_8_.h5', '1_train_10_.h5', '1_train_0_.h5', '1_train_16_.h5', '1_train_13_.h5', '1_train_19_.h5', '1_train_6_.h5', '1_train_17_.h5', '1_train_5_.h5'] ['1_val_7_.h5', '1_val_5_.h5', '1_val_0_.h5', '1_val_15_.h5', '1_val_18_.h5', '1_val_13_.h5', '1_val_8_.h5', '1_val_1_.h5', '1_val_10_.h5', '1_val_12_.h5', '1_val_2_.h5', '1_val_16_.h5', '1_val_19_.h5', '1_val_11_.h5', '1_val_17_.h5', '1_val_9_.h5', '1_val_14_.h5', '1_val_6_.h5', '1_val_4_.h5', '1_val_3_.h5']
/global/cscratch1/sd/muszyng/cnn_model_runs/Model_B/Model_B_1/27362431
['ihp', 'n_hpo_trials', 'n_convs_layers', 'conv_sizes', 'n_fc_layers', 'fc_sizes', 'dropout', 'optimizer', 'lr', 'batch_sizes', 'n_epochs', 'repeats_conv', 'recep_fields', 'checkpoint_dir']
Hyperparameter trial 0 conv [ 64 128 256 512] fc [512 256 128  64] dropout 0.6412 opt Adam, lr 0.0000, batch sizes 32
Checkpoint file: /global/cscratch1/sd/muszyng/cnn_model_runs/Model_B/Model_B_1/27362431/model_0.h5
Hyperparameter trial 1 conv [ 64 128 256 512] fc [512 256 128  64] dropout 0.6368 opt Adam, lr 0.0000, batch sizes 64
Checkpoint file: /global/cscratch1/sd/muszyng/cnn_model_runs/Model_B/Model_B_1/27362431/model_1.h5
Hyperparameter trial 2 conv [ 64 128 256 512] fc [512 256 128  64] dropout 0.6380 opt Adam, lr 0.0000, batch sizes 64
Checkpoint file: /global/cscratch1/sd/muszyng/cnn_model_runs/Model_B/Model_B_1/27362431/model_2.h5
Hyperparameter trial 3 conv [ 64 128 256 512] fc [512 256 128  64] dropout 0.5938 opt Adam, lr 0.0000, batch sizes 64
Checkpoint file: /global/cscratch1/sd/muszyng/cnn_model_runs/Model_B/Model_B_1/27362431/model_3.h5
Hyperparameter trial 4 conv [ 64 128 256 512] fc [512 256 128  64] dropout 0.6568 opt Adam, lr 0.0000, batch sizes 256
Checkpoint file: /global/cscratch1/sd/muszyng/cnn_model_runs/Model_B/Model_B_1/27362431/model_4.h5
2020-01-11 14:09:39.071 [IPControllerApp] task::task '490c1186-a511f7ef211628e204e37c5c' arrived on 1
2020-01-11 14:09:39.073 [IPControllerApp] task::task '5fd16bf8-ab09acd570fa1ee8b271a028' arrived on 3
2020-01-11 14:09:39.075 [IPControllerApp] task::task '0dfc448e-474c5bedc84850789e74763b' arrived on 4
2020-01-11 14:09:39.076 [IPControllerApp] task::task 'b5c2be94-9f91afa2c7826ebf7ddfee3f' arrived on 2
2020-01-11 14:09:39.078 [IPControllerApp] task::task '01c21938-37d5c5a89fcfa08f25b44fea' arrived on 0
WARNING:tensorflow:From test_ipyparallel.py:101: The name tf.keras.backend.set_session is deprecated. Please use tf.compat.v1.keras.backend.set_session instead.

WARNING:tensorflow:From /global/u2/m/muszyng/project-cnn-tda/cnn-project/my_project/new_project_mid_lat/code_for_paper/project/Model_B/mlextras.py:39: The name tf.ConfigProto is deprecated. Please use tf.compat.v1.ConfigProto instead.

WARNING:tensorflow:From /global/u2/m/muszyng/project-cnn-tda/cnn-project/my_project/new_project_mid_lat/code_for_paper/project/Model_B/mlextras.py:43: The name tf.Session is deprecated. Please use tf.compat.v1.Session instead.

2020-01-11 14:09:42.225203: I tensorflow/core/platform/cpu_feature_guard.cc:145] This TensorFlow binary is optimized with Intel(R) MKL-DNN to use the following CPU instructions in performance critical operations:  SSE4.1 SSE4.2 AVX AVX2 FMA
To enable them in non-MKL-DNN operations, rebuild TensorFlow with the appropriate compiler flags.
2020-01-11 14:09:42.244367: I tensorflow/core/platform/profile_utils/cpu_utils.cc:94] CPU Frequency: 2300130000 Hz
2020-01-11 14:09:42.245998: I tensorflow/compiler/xla/service/service.cc:168] XLA service 0x555558f37fb0 initialized for platform Host (this does not guarantee that XLA will be used). Devices:
2020-01-11 14:09:42.246012: I tensorflow/compiler/xla/service/service.cc:176]   StreamExecutor device (0): Host, Default Version
WARNING:tensorflow:From /usr/common/software/tensorflow/intel-tensorflow/1.15.0-py37/lib/python3.7/site-packages/tensorflow_core/python/ops/resource_variable_ops.py:1630: calling BaseResourceVariable.__init__ (from tensorflow.python.ops.resource_variable_ops) with constraint is deprecated and will be removed in a future version.
Instructions for updating:
If using Keras pass *_constraint arguments to layers.
WARNING:tensorflow:Large dropout rate: 0.656807 (>0.5). In TensorFlow 2.x, dropout() uses dropout rate instead of keep_prob. Please ensure that this is intended.
WARNING:tensorflow:Large dropout rate: 0.656807 (>0.5). In TensorFlow 2.x, dropout() uses dropout rate instead of keep_prob. Please ensure that this is intended.
WARNING:tensorflow:Large dropout rate: 0.656807 (>0.5). In TensorFlow 2.x, dropout() uses dropout rate instead of keep_prob. Please ensure that this is intended.
WARNING:tensorflow:Large dropout rate: 0.656807 (>0.5). In TensorFlow 2.x, dropout() uses dropout rate instead of keep_prob. Please ensure that this is intended.
WARNING:tensorflow:From /usr/common/software/tensorflow/intel-tensorflow/1.15.0-py37/lib/python3.7/site-packages/tensorflow_core/python/ops/nn_impl.py:183: where (from tensorflow.python.ops.array_ops) is deprecated and will be removed in a future version.
Instructions for updating:
Use tf.where in 2.0, which has the same broadcast rule as np.where
WARNING:tensorflow:`epsilon` argument is deprecated and will be removed, use `min_delta` instead.
WARNING:tensorflow:`period` argument is deprecated. Please use `save_freq` to specify the frequency in number of samples seen.
WARNING:tensorflow:From test_ipyparallel.py:101: The name tf.keras.backend.set_session is deprecated. Please use tf.compat.v1.keras.backend.set_session instead.

WARNING:tensorflow:From /global/u2/m/muszyng/project-cnn-tda/cnn-project/my_project/new_project_mid_lat/code_for_paper/project/Model_B/mlextras.py:39: The name tf.ConfigProto is deprecated. Please use tf.compat.v1.ConfigProto instead.

WARNING:tensorflow:From /global/u2/m/muszyng/project-cnn-tda/cnn-project/my_project/new_project_mid_lat/code_for_paper/project/Model_B/mlextras.py:43: The name tf.Session is deprecated. Please use tf.compat.v1.Session instead.

2020-01-11 14:09:52.912441: I tensorflow/core/platform/cpu_feature_guard.cc:145] This TensorFlow binary is optimized with Intel(R) MKL-DNN to use the following CPU instructions in performance critical operations:  SSE4.1 SSE4.2 AVX AVX2 FMA
To enable them in non-MKL-DNN operations, rebuild TensorFlow with the appropriate compiler flags.
2020-01-11 14:09:52.933497: I tensorflow/core/platform/profile_utils/cpu_utils.cc:94] CPU Frequency: 2300005000 Hz
2020-01-11 14:09:52.935123: I tensorflow/compiler/xla/service/service.cc:168] XLA service 0x55555895c500 initialized for platform Host (this does not guarantee that XLA will be used). Devices:
2020-01-11 14:09:52.935140: I tensorflow/compiler/xla/service/service.cc:176]   StreamExecutor device (0): Host, Default Version
WARNING:tensorflow:From /usr/common/software/tensorflow/intel-tensorflow/1.15.0-py37/lib/python3.7/site-packages/tensorflow_core/python/ops/resource_variable_ops.py:1630: calling BaseResourceVariable.__init__ (from tensorflow.python.ops.resource_variable_ops) with constraint is deprecated and will be removed in a future version.
Instructions for updating:
If using Keras pass *_constraint arguments to layers.
WARNING:tensorflow:Large dropout rate: 0.641223 (>0.5). In TensorFlow 2.x, dropout() uses dropout rate instead of keep_prob. Please ensure that this is intended.
WARNING:tensorflow:Large dropout rate: 0.641223 (>0.5). In TensorFlow 2.x, dropout() uses dropout rate instead of keep_prob. Please ensure that this is intended.
WARNING:tensorflow:Large dropout rate: 0.641223 (>0.5). In TensorFlow 2.x, dropout() uses dropout rate instead of keep_prob. Please ensure that this is intended.
WARNING:tensorflow:Large dropout rate: 0.641223 (>0.5). In TensorFlow 2.x, dropout() uses dropout rate instead of keep_prob. Please ensure that this is intended.
WARNING:tensorflow:From /usr/common/software/tensorflow/intel-tensorflow/1.15.0-py37/lib/python3.7/site-packages/tensorflow_core/python/ops/nn_impl.py:183: where (from tensorflow.python.ops.array_ops) is deprecated and will be removed in a future version.
Instructions for updating:
Use tf.where in 2.0, which has the same broadcast rule as np.where
WARNING:tensorflow:`epsilon` argument is deprecated and will be removed, use `min_delta` instead.
WARNING:tensorflow:`period` argument is deprecated. Please use `save_freq` to specify the frequency in number of samples seen.
WARNING:tensorflow:From test_ipyparallel.py:101: The name tf.keras.backend.set_session is deprecated. Please use tf.compat.v1.keras.backend.set_session instead.

WARNING:tensorflow:From /global/u2/m/muszyng/project-cnn-tda/cnn-project/my_project/new_project_mid_lat/code_for_paper/project/Model_B/mlextras.py:39: The name tf.ConfigProto is deprecated. Please use tf.compat.v1.ConfigProto instead.

WARNING:tensorflow:From /global/u2/m/muszyng/project-cnn-tda/cnn-project/my_project/new_project_mid_lat/code_for_paper/project/Model_B/mlextras.py:43: The name tf.Session is deprecated. Please use tf.compat.v1.Session instead.

2020-01-11 14:09:54.798693: I tensorflow/core/platform/cpu_feature_guard.cc:145] This TensorFlow binary is optimized with Intel(R) MKL-DNN to use the following CPU instructions in performance critical operations:  SSE4.1 SSE4.2 AVX AVX2 FMA
To enable them in non-MKL-DNN operations, rebuild TensorFlow with the appropriate compiler flags.
2020-01-11 14:09:54.819174: I tensorflow/core/platform/profile_utils/cpu_utils.cc:94] CPU Frequency: 2299920000 Hz
2020-01-11 14:09:54.820801: I tensorflow/compiler/xla/service/service.cc:168] XLA service 0x55555844c230 initialized for platform Host (this does not guarantee that XLA will be used). Devices:
2020-01-11 14:09:54.820816: I tensorflow/compiler/xla/service/service.cc:176]   StreamExecutor device (0): Host, Default Version
WARNING:tensorflow:From /usr/common/software/tensorflow/intel-tensorflow/1.15.0-py37/lib/python3.7/site-packages/tensorflow_core/python/ops/resource_variable_ops.py:1630: calling BaseResourceVariable.__init__ (from tensorflow.python.ops.resource_variable_ops) with constraint is deprecated and will be removed in a future version.
Instructions for updating:
If using Keras pass *_constraint arguments to layers.
WARNING:tensorflow:From test_ipyparallel.py:101: The name tf.keras.backend.set_session is deprecated. Please use tf.compat.v1.keras.backend.set_session instead.

WARNING:tensorflow:From /global/u2/m/muszyng/project-cnn-tda/cnn-project/my_project/new_project_mid_lat/code_for_paper/project/Model_B/mlextras.py:39: The name tf.ConfigProto is deprecated. Please use tf.compat.v1.ConfigProto instead.

WARNING:tensorflow:From /global/u2/m/muszyng/project-cnn-tda/cnn-project/my_project/new_project_mid_lat/code_for_paper/project/Model_B/mlextras.py:43: The name tf.Session is deprecated. Please use tf.compat.v1.Session instead.

2020-01-11 14:09:54.898025: I tensorflow/core/platform/cpu_feature_guard.cc:145] This TensorFlow binary is optimized with Intel(R) MKL-DNN to use the following CPU instructions in performance critical operations:  SSE4.1 SSE4.2 AVX AVX2 FMA
To enable them in non-MKL-DNN operations, rebuild TensorFlow with the appropriate compiler flags.
WARNING:tensorflow:Large dropout rate: 0.593753 (>0.5). In TensorFlow 2.x, dropout() uses dropout rate instead of keep_prob. Please ensure that this is intended.
2020-01-11 14:09:54.920151: I tensorflow/core/platform/profile_utils/cpu_utils.cc:94] CPU Frequency: 2300115000 Hz
2020-01-11 14:09:54.921988: I tensorflow/compiler/xla/service/service.cc:168] XLA service 0x555558819660 initialized for platform Host (this does not guarantee that XLA will be used). Devices:
2020-01-11 14:09:54.922010: I tensorflow/compiler/xla/service/service.cc:176]   StreamExecutor device (0): Host, Default Version
WARNING:tensorflow:From /usr/common/software/tensorflow/intel-tensorflow/1.15.0-py37/lib/python3.7/site-packages/tensorflow_core/python/ops/resource_variable_ops.py:1630: calling BaseResourceVariable.__init__ (from tensorflow.python.ops.resource_variable_ops) with constraint is deprecated and will be removed in a future version.
Instructions for updating:
If using Keras pass *_constraint arguments to layers.
WARNING:tensorflow:Large dropout rate: 0.593753 (>0.5). In TensorFlow 2.x, dropout() uses dropout rate instead of keep_prob. Please ensure that this is intended.
WARNING:tensorflow:Large dropout rate: 0.593753 (>0.5). In TensorFlow 2.x, dropout() uses dropout rate instead of keep_prob. Please ensure that this is intended.
WARNING:tensorflow:Large dropout rate: 0.593753 (>0.5). In TensorFlow 2.x, dropout() uses dropout rate instead of keep_prob. Please ensure that this is intended.
WARNING:tensorflow:Large dropout rate: 0.636759 (>0.5). In TensorFlow 2.x, dropout() uses dropout rate instead of keep_prob. Please ensure that this is intended.
WARNING:tensorflow:From /usr/common/software/tensorflow/intel-tensorflow/1.15.0-py37/lib/python3.7/site-packages/tensorflow_core/python/ops/nn_impl.py:183: where (from tensorflow.python.ops.array_ops) is deprecated and will be removed in a future version.
Instructions for updating:
Use tf.where in 2.0, which has the same broadcast rule as np.where
WARNING:tensorflow:Large dropout rate: 0.636759 (>0.5). In TensorFlow 2.x, dropout() uses dropout rate instead of keep_prob. Please ensure that this is intended.
WARNING:tensorflow:Large dropout rate: 0.636759 (>0.5). In TensorFlow 2.x, dropout() uses dropout rate instead of keep_prob. Please ensure that this is intended.
WARNING:tensorflow:`epsilon` argument is deprecated and will be removed, use `min_delta` instead.
WARNING:tensorflow:`period` argument is deprecated. Please use `save_freq` to specify the frequency in number of samples seen.
WARNING:tensorflow:Large dropout rate: 0.636759 (>0.5). In TensorFlow 2.x, dropout() uses dropout rate instead of keep_prob. Please ensure that this is intended.
WARNING:tensorflow:From /usr/common/software/tensorflow/intel-tensorflow/1.15.0-py37/lib/python3.7/site-packages/tensorflow_core/python/ops/nn_impl.py:183: where (from tensorflow.python.ops.array_ops) is deprecated and will be removed in a future version.
Instructions for updating:
Use tf.where in 2.0, which has the same broadcast rule as np.where
WARNING:tensorflow:`epsilon` argument is deprecated and will be removed, use `min_delta` instead.
WARNING:tensorflow:`period` argument is deprecated. Please use `save_freq` to specify the frequency in number of samples seen.
WARNING:tensorflow:From test_ipyparallel.py:101: The name tf.keras.backend.set_session is deprecated. Please use tf.compat.v1.keras.backend.set_session instead.

WARNING:tensorflow:From /global/u2/m/muszyng/project-cnn-tda/cnn-project/my_project/new_project_mid_lat/code_for_paper/project/Model_B/mlextras.py:39: The name tf.ConfigProto is deprecated. Please use tf.compat.v1.ConfigProto instead.

WARNING:tensorflow:From /global/u2/m/muszyng/project-cnn-tda/cnn-project/my_project/new_project_mid_lat/code_for_paper/project/Model_B/mlextras.py:43: The name tf.Session is deprecated. Please use tf.compat.v1.Session instead.

2020-01-11 14:09:57.288577: I tensorflow/core/platform/cpu_feature_guard.cc:145] This TensorFlow binary is optimized with Intel(R) MKL-DNN to use the following CPU instructions in performance critical operations:  SSE4.1 SSE4.2 AVX AVX2 FMA
To enable them in non-MKL-DNN operations, rebuild TensorFlow with the appropriate compiler flags.
2020-01-11 14:09:57.310381: I tensorflow/core/platform/profile_utils/cpu_utils.cc:94] CPU Frequency: 2300025000 Hz
2020-01-11 14:09:57.312373: I tensorflow/compiler/xla/service/service.cc:168] XLA service 0x555558f60bb0 initialized for platform Host (this does not guarantee that XLA will be used). Devices:
2020-01-11 14:09:57.312390: I tensorflow/compiler/xla/service/service.cc:176]   StreamExecutor device (0): Host, Default Version
WARNING:tensorflow:From /usr/common/software/tensorflow/intel-tensorflow/1.15.0-py37/lib/python3.7/site-packages/tensorflow_core/python/ops/resource_variable_ops.py:1630: calling BaseResourceVariable.__init__ (from tensorflow.python.ops.resource_variable_ops) with constraint is deprecated and will be removed in a future version.
Instructions for updating:
If using Keras pass *_constraint arguments to layers.
WARNING:tensorflow:Large dropout rate: 0.638043 (>0.5). In TensorFlow 2.x, dropout() uses dropout rate instead of keep_prob. Please ensure that this is intended.
WARNING:tensorflow:Large dropout rate: 0.638043 (>0.5). In TensorFlow 2.x, dropout() uses dropout rate instead of keep_prob. Please ensure that this is intended.
WARNING:tensorflow:Large dropout rate: 0.638043 (>0.5). In TensorFlow 2.x, dropout() uses dropout rate instead of keep_prob. Please ensure that this is intended.
WARNING:tensorflow:Large dropout rate: 0.638043 (>0.5). In TensorFlow 2.x, dropout() uses dropout rate instead of keep_prob. Please ensure that this is intended.
WARNING:tensorflow:From /usr/common/software/tensorflow/intel-tensorflow/1.15.0-py37/lib/python3.7/site-packages/tensorflow_core/python/ops/nn_impl.py:183: where (from tensorflow.python.ops.array_ops) is deprecated and will be removed in a future version.
Instructions for updating:
Use tf.where in 2.0, which has the same broadcast rule as np.where
WARNING:tensorflow:`epsilon` argument is deprecated and will be removed, use `min_delta` instead.
WARNING:tensorflow:`period` argument is deprecated. Please use `save_freq` to specify the frequency in number of samples seen.
2020-01-11 15:07:56.865 [IPControllerApp] heartbeat::missed b'019d539c-6f358017355eda93e77e0019' : 1
2020-01-11 15:08:39.290 [IPControllerApp] heartbeat::missed b'ffe055f7-87705ebeccc506d225bda6f5' : 1
2020-01-11 15:08:39.290 [IPControllerApp] heartbeat::missed b'25aecc48-fec12f12781e10f2f29329d4' : 1
2020-01-11 15:08:39.291 [IPControllerApp] heartbeat::missed b'4ac9dcb8-e3f93dd272a9abbf30087d2f' : 1
2020-01-11 15:08:41.865 [IPControllerApp] heartbeat::missed b'019d539c-6f358017355eda93e77e0019' : 2
2020-01-11 15:08:41.866 [IPControllerApp] heartbeat::missed b'ffe055f7-87705ebeccc506d225bda6f5' : 2
2020-01-11 15:08:41.866 [IPControllerApp] heartbeat::missed b'25aecc48-fec12f12781e10f2f29329d4' : 2
2020-01-11 15:08:41.866 [IPControllerApp] heartbeat::missed b'4ac9dcb8-e3f93dd272a9abbf30087d2f' : 2
2020-01-11 15:08:44.863 [IPControllerApp] heartbeat::missed b'019d539c-6f358017355eda93e77e0019' : 3
2020-01-11 15:08:44.864 [IPControllerApp] heartbeat::missed b'ffe055f7-87705ebeccc506d225bda6f5' : 3
2020-01-11 15:08:44.864 [IPControllerApp] heartbeat::missed b'25aecc48-fec12f12781e10f2f29329d4' : 3
2020-01-11 15:08:44.864 [IPControllerApp] heartbeat::missed b'4ac9dcb8-e3f93dd272a9abbf30087d2f' : 3
2020-01-11 15:08:47.864 [IPControllerApp] heartbeat::missed b'019d539c-6f358017355eda93e77e0019' : 4
2020-01-11 15:08:47.864 [IPControllerApp] heartbeat::missed b'ffe055f7-87705ebeccc506d225bda6f5' : 4
2020-01-11 15:08:47.864 [IPControllerApp] heartbeat::missed b'25aecc48-fec12f12781e10f2f29329d4' : 4
2020-01-11 15:08:47.865 [IPControllerApp] heartbeat::missed b'4ac9dcb8-e3f93dd272a9abbf30087d2f' : 4
2020-01-11 15:08:47.994 [IPControllerApp] WARNING | heartbeat::got bad heartbeat (possibly old?): b'3564.0018820762634' (current=3618.001)
2020-01-11 15:08:47.994 [IPControllerApp] WARNING | heartbeat::got bad heartbeat (possibly old?): b'3564.0018820762634' (current=3618.001)
2020-01-11 15:08:47.994 [IPControllerApp] WARNING | heartbeat::got bad heartbeat (possibly old?): b'3564.0018820762634' (current=3618.001)
2020-01-11 15:08:47.995 [IPControllerApp] WARNING | heartbeat::got bad heartbeat (possibly old?): b'3564.0018820762634' (current=3618.001)
2020-01-11 15:08:47.995 [IPControllerApp] WARNING | heartbeat::got bad heartbeat (possibly old?): b'3567.0022447109222' (current=3618.001)
2020-01-11 15:08:47.995 [IPControllerApp] WARNING | heartbeat::got bad heartbeat (possibly old?): b'3567.0022447109222' (current=3618.001)
2020-01-11 15:08:47.995 [IPControllerApp] WARNING | heartbeat::got bad heartbeat (possibly old?): b'3567.0022447109222' (current=3618.001)
2020-01-11 15:08:47.996 [IPControllerApp] WARNING | heartbeat::got bad heartbeat (possibly old?): b'3567.0022447109222' (current=3618.001)
2020-01-11 15:08:47.996 [IPControllerApp] WARNING | heartbeat::got bad heartbeat (possibly old?): b'3612.00252366066' (current=3618.001)
2020-01-11 15:08:47.996 [IPControllerApp] WARNING | heartbeat::got bad heartbeat (possibly old?): b'3612.00252366066' (current=3618.001)
2020-01-11 15:08:47.996 [IPControllerApp] WARNING | heartbeat::got bad heartbeat (possibly old?): b'3612.00252366066' (current=3618.001)
2020-01-11 15:08:47.997 [IPControllerApp] WARNING | heartbeat::got bad heartbeat (possibly old?): b'3612.00252366066' (current=3618.001)
2020-01-11 15:08:47.997 [IPControllerApp] WARNING | heartbeat::heart b'019d539c-6f358017355eda93e77e0019' missed a beat, and took 3133.40 ms to respond
2020-01-11 15:08:47.997 [IPControllerApp] WARNING | heartbeat::heart b'25aecc48-fec12f12781e10f2f29329d4' missed a beat, and took 3133.66 ms to respond
2020-01-11 15:08:47.997 [IPControllerApp] WARNING | heartbeat::heart b'ffe055f7-87705ebeccc506d225bda6f5' missed a beat, and took 3133.99 ms to respond
2020-01-11 15:08:47.998 [IPControllerApp] WARNING | heartbeat::heart b'4ac9dcb8-e3f93dd272a9abbf30087d2f' missed a beat, and took 3134.17 ms to respond
slurmstepd: error: *** STEP 27362431.0 ON nid01667 CANCELLED AT 2020-01-11T18:04:13 ***
srun: got SIGCONT
srun: forcing job termination
2020-01-11 18:04:13.541 [IPControllerApp] CRITICAL | Received signal 15, shutting down
2020-01-11 18:04:13.541 [IPControllerApp] CRITICAL | terminating children...
srun: Job step aborted: Waiting up to 32 seconds for job step to finish.
