[+] ------START TIME (ST): Mon Jan  6 03:00:51 PST 2020------
Start cluster...
Launching controller
2020-01-06 03:00:53.193 [IPControllerApp] Hub listening on tcp://10.128.50.208:53903 for registration.
2020-01-06 03:00:53.195 [IPControllerApp] Hub using DB backend: 'DictDB'
2020-01-06 03:00:53.447 [IPControllerApp] hub::created hub
2020-01-06 03:00:53.447 [IPControllerApp] writing connection info to /global/u2/m/muszyng/.ipython/profile_default/security/ipcontroller-cori_27212660-client.json
2020-01-06 03:00:53.466 [IPControllerApp] writing connection info to /global/u2/m/muszyng/.ipython/profile_default/security/ipcontroller-cori_27212660-engine.json
2020-01-06 03:00:53.476 [IPControllerApp] task::using Python leastload Task scheduler
2020-01-06 03:00:53.477 [IPControllerApp] Heartmonitor started
2020-01-06 03:00:53.491 [scheduler] Scheduler started [leastload]
2020-01-06 03:00:53.500 [IPControllerApp] Creating pid file: /global/u2/m/muszyng/.ipython/profile_default/pid/ipcontroller-cori_27212660.pid
2020-01-06 03:00:53.526 [IPControllerApp] client::client b'\x00k\x8bEg' requested 'connection_request'
2020-01-06 03:00:53.527 [IPControllerApp] client::client [b'\x00k\x8bEg'] connected
Launching engines
2020-01-06 03:01:26.321 [IPEngineApp] Loading url_file '/global/u2/m/muszyng/.ipython/profile_default/security/ipcontroller-cori_27212660-engine.json'
2020-01-06 03:01:26.327 [IPControllerApp] client::client b'7f04f3d6-a6dce102f74c6e74ff5bb199' requested 'registration_request'
2020-01-06 03:01:26.325 [IPEngineApp] Registering with controller at tcp://10.128.50.208:53903
2020-01-06 03:01:26.376 [IPEngineApp] Starting to monitor the heartbeat signal from the hub every 3010 ms.
2020-01-06 03:01:26.386 [IPEngineApp] Completed registration with id 0
2020-01-06 03:01:26.714 [IPEngineApp] Loading url_file '/global/u2/m/muszyng/.ipython/profile_default/security/ipcontroller-cori_27212660-engine.json'
2020-01-06 03:01:26.719 [IPEngineApp] Registering with controller at tcp://10.128.50.208:53903
2020-01-06 03:01:26.720 [IPControllerApp] client::client b'dda1f6fb-18cf8c18ea4fb4d4206dfa2c' requested 'registration_request'
2020-01-06 03:01:26.771 [IPEngineApp] Starting to monitor the heartbeat signal from the hub every 3010 ms.
2020-01-06 03:01:26.774 [IPEngineApp] Loading url_file '/global/u2/m/muszyng/.ipython/profile_default/security/ipcontroller-cori_27212660-engine.json'
2020-01-06 03:01:26.779 [IPEngineApp] Registering with controller at tcp://10.128.50.208:53903
2020-01-06 03:01:26.780 [IPControllerApp] client::client b'cedae195-966655b85e0fbd12d30ec87c' requested 'registration_request'
2020-01-06 03:01:26.781 [IPEngineApp] Completed registration with id 1
2020-01-06 03:01:26.831 [IPEngineApp] Starting to monitor the heartbeat signal from the hub every 3010 ms.
2020-01-06 03:01:26.840 [IPEngineApp] Completed registration with id 2
2020-01-06 03:01:26.883 [IPEngineApp] Loading url_file '/global/u2/m/muszyng/.ipython/profile_default/security/ipcontroller-cori_27212660-engine.json'
2020-01-06 03:01:26.887 [IPEngineApp] Registering with controller at tcp://10.128.50.208:53903
2020-01-06 03:01:26.888 [IPControllerApp] client::client b'b120e1e7-7d5b14698d90a8c90bda3a7b' requested 'registration_request'
2020-01-06 03:01:26.941 [IPEngineApp] Starting to monitor the heartbeat signal from the hub every 3010 ms.
2020-01-06 03:01:26.949 [IPEngineApp] Completed registration with id 3
2020-01-06 03:01:27.298 [IPEngineApp] Loading url_file '/global/u2/m/muszyng/.ipython/profile_default/security/ipcontroller-cori_27212660-engine.json'
2020-01-06 03:01:27.303 [IPEngineApp] Registering with controller at tcp://10.128.50.208:53903
2020-01-06 03:01:27.304 [IPControllerApp] client::client b'ea7ee191-429b0c42dc7ed88f270822ef' requested 'registration_request'
2020-01-06 03:01:27.363 [IPEngineApp] Starting to monitor the heartbeat signal from the hub every 3010 ms.
2020-01-06 03:01:27.371 [IPEngineApp] Completed registration with id 4
2020-01-06 03:01:29.480 [IPControllerApp] registration::finished registering engine 0:7f04f3d6-a6dce102f74c6e74ff5bb199
2020-01-06 03:01:29.480 [IPControllerApp] engine::Engine Connected: 0
2020-01-06 03:01:32.480 [IPControllerApp] registration::finished registering engine 2:cedae195-966655b85e0fbd12d30ec87c
2020-01-06 03:01:32.481 [IPControllerApp] engine::Engine Connected: 2
2020-01-06 03:01:32.485 [IPControllerApp] registration::finished registering engine 1:dda1f6fb-18cf8c18ea4fb4d4206dfa2c
2020-01-06 03:01:32.485 [IPControllerApp] engine::Engine Connected: 1
2020-01-06 03:01:32.488 [IPControllerApp] registration::finished registering engine 4:ea7ee191-429b0c42dc7ed88f270822ef
2020-01-06 03:01:32.488 [IPControllerApp] engine::Engine Connected: 4
2020-01-06 03:01:32.491 [IPControllerApp] registration::finished registering engine 3:b120e1e7-7d5b14698d90a8c90bda3a7b
2020-01-06 03:01:32.491 [IPControllerApp] engine::Engine Connected: 3
2020-01-06 03:01:58.035 [IPControllerApp] client::client b'\x00k\x8bEh' requested 'connection_request'
2020-01-06 03:01:58.035 [IPControllerApp] client::client [b'\x00k\x8bEh'] connected
Model_B_5 101 301 20
Job id: 27212660; Cluster id: cori_27212660
Worker IDs: [0, 1, 2, 3, 4]
Original order  ['5_train_0_.h5', '5_train_1_.h5', '5_train_2_.h5', '5_train_3_.h5', '5_train_4_.h5', '5_train_5_.h5', '5_train_6_.h5', '5_train_7_.h5', '5_train_8_.h5', '5_train_9_.h5', '5_train_10_.h5', '5_train_11_.h5', '5_train_12_.h5', '5_train_13_.h5', '5_train_14_.h5', '5_train_15_.h5', '5_train_16_.h5', '5_train_17_.h5', '5_train_18_.h5', '5_train_19_.h5'] ['5_val_0_.h5', '5_val_1_.h5', '5_val_2_.h5', '5_val_3_.h5', '5_val_4_.h5', '5_val_5_.h5', '5_val_6_.h5', '5_val_7_.h5', '5_val_8_.h5', '5_val_9_.h5', '5_val_10_.h5', '5_val_11_.h5', '5_val_12_.h5', '5_val_13_.h5', '5_val_14_.h5', '5_val_15_.h5', '5_val_16_.h5', '5_val_17_.h5', '5_val_18_.h5', '5_val_19_.h5']
Shuffled files: ['5_train_9_.h5', '5_train_8_.h5', '5_train_1_.h5', '5_train_19_.h5', '5_train_2_.h5', '5_train_16_.h5', '5_train_17_.h5', '5_train_10_.h5', '5_train_5_.h5', '5_train_7_.h5', '5_train_15_.h5', '5_train_0_.h5', '5_train_11_.h5', '5_train_4_.h5', '5_train_12_.h5', '5_train_14_.h5', '5_train_13_.h5', '5_train_18_.h5', '5_train_6_.h5', '5_train_3_.h5'] ['5_val_4_.h5', '5_val_15_.h5', '5_val_5_.h5', '5_val_7_.h5', '5_val_19_.h5', '5_val_18_.h5', '5_val_1_.h5', '5_val_2_.h5', '5_val_9_.h5', '5_val_14_.h5', '5_val_13_.h5', '5_val_11_.h5', '5_val_17_.h5', '5_val_16_.h5', '5_val_6_.h5', '5_val_8_.h5', '5_val_3_.h5', '5_val_0_.h5', '5_val_12_.h5', '5_val_10_.h5']
/global/cscratch1/sd/muszyng/cnn_model_runs/Model_B/Model_B_5/27212660
['ihp', 'n_hpo_trials', 'n_convs_layers', 'conv_sizes', 'n_fc_layers', 'fc_sizes', 'dropout', 'optimizer', 'lr', 'batch_sizes', 'n_epochs', 'repeats_conv', 'recep_fields', 'checkpoint_dir']
Hyperparameter trial 0 conv [ 64 128 256 512] fc [512 256 128  64] dropout 0.3965 opt Adam, lr 0.0000, batch sizes 32
Checkpoint file: /global/cscratch1/sd/muszyng/cnn_model_runs/Model_B/Model_B_5/27212660/model_0.h5
Hyperparameter trial 1 conv [ 64 128 256 512] fc [512 256 128  64] dropout 0.5637 opt Adam, lr 0.0000, batch sizes 256
Checkpoint file: /global/cscratch1/sd/muszyng/cnn_model_runs/Model_B/Model_B_5/27212660/model_1.h5
Hyperparameter trial 2 conv [ 64 128 256 512] fc [512 256 128  64] dropout 0.5135 opt Adam, lr 0.0000, batch sizes 64
Checkpoint file: /global/cscratch1/sd/muszyng/cnn_model_runs/Model_B/Model_B_5/27212660/model_2.h5
Hyperparameter trial 3 conv [ 64 128 256 512] fc [512 256 128  64] dropout 0.3650 opt Adam, lr 0.0000, batch sizes 256
Checkpoint file: /global/cscratch1/sd/muszyng/cnn_model_runs/Model_B/Model_B_5/27212660/model_3.h5
Hyperparameter trial 4 conv [ 64 128 256 512] fc [512 256 128  64] dropout 0.4935 opt Adam, lr 0.0000, batch sizes 32
Checkpoint file: /global/cscratch1/sd/muszyng/cnn_model_runs/Model_B/Model_B_5/27212660/model_4.h5
2020-01-06 03:01:58.081 [IPControllerApp] task::task '33005101-ae2134c1cf357ed3b46511b8' arrived on 3
2020-01-06 03:01:58.082 [IPControllerApp] task::task '5bcc8115-3ec783557db8e6858f3bc9ef' arrived on 4
2020-01-06 03:01:58.086 [IPControllerApp] task::task '9820c90f-4bae96bd4c98afc639d9d4d3' arrived on 1
2020-01-06 03:01:58.088 [IPControllerApp] task::task 'c6af81e8-515105c072871cbf909f0fb3' arrived on 2
2020-01-06 03:01:58.090 [IPControllerApp] task::task '64a6ee01-55461ef17eebb53c8bf7b1aa' arrived on 0
2020-01-06 03:02:00.599545: I tensorflow/core/platform/cpu_feature_guard.cc:141] Your CPU supports instructions that this TensorFlow binary was not compiled to use: SSE4.1 SSE4.2 AVX AVX2 FMA
2020-01-06 03:02:00.616740: I tensorflow/core/platform/profile_utils/cpu_utils.cc:94] CPU Frequency: 2300045000 Hz
2020-01-06 03:02:00.620031: I tensorflow/compiler/xla/service/service.cc:150] XLA service 0x555556918330 executing computations on platform Host. Devices:
2020-01-06 03:02:00.620049: I tensorflow/compiler/xla/service/service.cc:158]   StreamExecutor device (0): <undefined>, <undefined>
WARNING:tensorflow:From /usr/common/software/tensorflow/intel-tensorflow/1.13.1-py36/lib/python3.6/site-packages/tensorflow/python/ops/resource_variable_ops.py:435: colocate_with (from tensorflow.python.framework.ops) is deprecated and will be removed in a future version.
Instructions for updating:
Colocations handled automatically by placer.
WARNING:tensorflow:From /usr/common/software/tensorflow/intel-tensorflow/1.13.1-py36/lib/python3.6/site-packages/tensorflow/python/keras/layers/core.py:143: calling dropout (from tensorflow.python.ops.nn_ops) with keep_prob is deprecated and will be removed in a future version.
Instructions for updating:
Please use `rate` instead of `keep_prob`. Rate should be set to `rate = 1 - keep_prob`.
WARNING:tensorflow:`epsilon` argument is deprecated and will be removed, use `min_delta` instead.
2020-01-06 03:02:02.424273: I tensorflow/core/platform/cpu_feature_guard.cc:141] Your CPU supports instructions that this TensorFlow binary was not compiled to use: SSE4.1 SSE4.2 AVX AVX2 FMA
2020-01-06 03:02:02.443143: I tensorflow/core/platform/profile_utils/cpu_utils.cc:94] CPU Frequency: 2300110000 Hz
2020-01-06 03:02:02.446437: I tensorflow/compiler/xla/service/service.cc:150] XLA service 0x555556b8ac90 executing computations on platform Host. Devices:
2020-01-06 03:02:02.446453: I tensorflow/compiler/xla/service/service.cc:158]   StreamExecutor device (0): <undefined>, <undefined>
WARNING:tensorflow:From /usr/common/software/tensorflow/intel-tensorflow/1.13.1-py36/lib/python3.6/site-packages/tensorflow/python/ops/resource_variable_ops.py:435: colocate_with (from tensorflow.python.framework.ops) is deprecated and will be removed in a future version.
Instructions for updating:
Colocations handled automatically by placer.
WARNING:tensorflow:From /usr/common/software/tensorflow/intel-tensorflow/1.13.1-py36/lib/python3.6/site-packages/tensorflow/python/keras/layers/core.py:143: calling dropout (from tensorflow.python.ops.nn_ops) with keep_prob is deprecated and will be removed in a future version.
Instructions for updating:
Please use `rate` instead of `keep_prob`. Rate should be set to `rate = 1 - keep_prob`.
WARNING:tensorflow:`epsilon` argument is deprecated and will be removed, use `min_delta` instead.
2020-01-06 03:02:02.931535: I tensorflow/core/platform/cpu_feature_guard.cc:141] Your CPU supports instructions that this TensorFlow binary was not compiled to use: SSE4.1 SSE4.2 AVX AVX2 FMA
2020-01-06 03:02:02.951840: I tensorflow/core/platform/profile_utils/cpu_utils.cc:94] CPU Frequency: 2300015000 Hz
2020-01-06 03:02:02.955267: I tensorflow/compiler/xla/service/service.cc:150] XLA service 0x555556918330 executing computations on platform Host. Devices:
2020-01-06 03:02:02.955282: I tensorflow/compiler/xla/service/service.cc:158]   StreamExecutor device (0): <undefined>, <undefined>
WARNING:tensorflow:From /usr/common/software/tensorflow/intel-tensorflow/1.13.1-py36/lib/python3.6/site-packages/tensorflow/python/ops/resource_variable_ops.py:435: colocate_with (from tensorflow.python.framework.ops) is deprecated and will be removed in a future version.
Instructions for updating:
Colocations handled automatically by placer.
WARNING:tensorflow:From /usr/common/software/tensorflow/intel-tensorflow/1.13.1-py36/lib/python3.6/site-packages/tensorflow/python/keras/layers/core.py:143: calling dropout (from tensorflow.python.ops.nn_ops) with keep_prob is deprecated and will be removed in a future version.
Instructions for updating:
Please use `rate` instead of `keep_prob`. Rate should be set to `rate = 1 - keep_prob`.
2020-01-06 03:02:03.347041: I tensorflow/core/platform/cpu_feature_guard.cc:141] Your CPU supports instructions that this TensorFlow binary was not compiled to use: SSE4.1 SSE4.2 AVX AVX2 FMA
WARNING:tensorflow:`epsilon` argument is deprecated and will be removed, use `min_delta` instead.
2020-01-06 03:02:03.365635: I tensorflow/core/platform/profile_utils/cpu_utils.cc:94] CPU Frequency: 2299975000 Hz
2020-01-06 03:02:03.368985: I tensorflow/compiler/xla/service/service.cc:150] XLA service 0x555556918330 executing computations on platform Host. Devices:
2020-01-06 03:02:03.369002: I tensorflow/compiler/xla/service/service.cc:158]   StreamExecutor device (0): <undefined>, <undefined>
WARNING:tensorflow:From /usr/common/software/tensorflow/intel-tensorflow/1.13.1-py36/lib/python3.6/site-packages/tensorflow/python/ops/resource_variable_ops.py:435: colocate_with (from tensorflow.python.framework.ops) is deprecated and will be removed in a future version.
Instructions for updating:
Colocations handled automatically by placer.
WARNING:tensorflow:From /usr/common/software/tensorflow/intel-tensorflow/1.13.1-py36/lib/python3.6/site-packages/tensorflow/python/keras/layers/core.py:143: calling dropout (from tensorflow.python.ops.nn_ops) with keep_prob is deprecated and will be removed in a future version.
Instructions for updating:
Please use `rate` instead of `keep_prob`. Rate should be set to `rate = 1 - keep_prob`.
WARNING:tensorflow:`epsilon` argument is deprecated and will be removed, use `min_delta` instead.
2020-01-06 03:02:04.573176: I tensorflow/core/platform/cpu_feature_guard.cc:141] Your CPU supports instructions that this TensorFlow binary was not compiled to use: SSE4.1 SSE4.2 AVX AVX2 FMA
2020-01-06 03:02:04.592938: I tensorflow/core/platform/profile_utils/cpu_utils.cc:94] CPU Frequency: 2300145000 Hz
2020-01-06 03:02:04.596155: I tensorflow/compiler/xla/service/service.cc:150] XLA service 0x555556918330 executing computations on platform Host. Devices:
2020-01-06 03:02:04.596171: I tensorflow/compiler/xla/service/service.cc:158]   StreamExecutor device (0): <undefined>, <undefined>
WARNING:tensorflow:From /usr/common/software/tensorflow/intel-tensorflow/1.13.1-py36/lib/python3.6/site-packages/tensorflow/python/ops/resource_variable_ops.py:435: colocate_with (from tensorflow.python.framework.ops) is deprecated and will be removed in a future version.
Instructions for updating:
Colocations handled automatically by placer.
WARNING:tensorflow:From /usr/common/software/tensorflow/intel-tensorflow/1.13.1-py36/lib/python3.6/site-packages/tensorflow/python/keras/layers/core.py:143: calling dropout (from tensorflow.python.ops.nn_ops) with keep_prob is deprecated and will be removed in a future version.
Instructions for updating:
Please use `rate` instead of `keep_prob`. Rate should be set to `rate = 1 - keep_prob`.
WARNING:tensorflow:`epsilon` argument is deprecated and will be removed, use `min_delta` instead.
WARNING:tensorflow:From /usr/common/software/tensorflow/intel-tensorflow/1.13.1-py36/lib/python3.6/site-packages/tensorflow/python/ops/math_ops.py:3066: to_int32 (from tensorflow.python.ops.math_ops) is deprecated and will be removed in a future version.
Instructions for updating:
Use tf.cast instead.
WARNING:tensorflow:From /usr/common/software/tensorflow/intel-tensorflow/1.13.1-py36/lib/python3.6/site-packages/tensorflow/python/ops/math_ops.py:3066: to_int32 (from tensorflow.python.ops.math_ops) is deprecated and will be removed in a future version.
Instructions for updating:
Use tf.cast instead.
WARNING:tensorflow:From /usr/common/software/tensorflow/intel-tensorflow/1.13.1-py36/lib/python3.6/site-packages/tensorflow/python/ops/math_ops.py:3066: to_int32 (from tensorflow.python.ops.math_ops) is deprecated and will be removed in a future version.
Instructions for updating:
Use tf.cast instead.
WARNING:tensorflow:From /usr/common/software/tensorflow/intel-tensorflow/1.13.1-py36/lib/python3.6/site-packages/tensorflow/python/ops/math_ops.py:3066: to_int32 (from tensorflow.python.ops.math_ops) is deprecated and will be removed in a future version.
Instructions for updating:
Use tf.cast instead.
WARNING:tensorflow:From /usr/common/software/tensorflow/intel-tensorflow/1.13.1-py36/lib/python3.6/site-packages/tensorflow/python/ops/math_ops.py:3066: to_int32 (from tensorflow.python.ops.math_ops) is deprecated and will be removed in a future version.
Instructions for updating:
Use tf.cast instead.
2020-01-06 06:12:44.478 [IPControllerApp] heartbeat::missed b'cedae195-966655b85e0fbd12d30ec87c' : 1
2020-01-06 06:13:37.453 [IPControllerApp] heartbeat::missed b'dda1f6fb-18cf8c18ea4fb4d4206dfa2c' : 1
2020-01-06 06:13:37.457 [IPControllerApp] heartbeat::missed b'ea7ee191-429b0c42dc7ed88f270822ef' : 1
2020-01-06 06:13:37.457 [IPControllerApp] heartbeat::missed b'b120e1e7-7d5b14698d90a8c90bda3a7b' : 1
2020-01-06 06:13:37.460 [IPControllerApp] WARNING | heartbeat::heart b'b120e1e7-7d5b14698d90a8c90bda3a7b' missed a beat, and took 55982.70 ms to respond
2020-01-06 06:13:37.462 [IPControllerApp] WARNING | heartbeat::heart b'ea7ee191-429b0c42dc7ed88f270822ef' missed a beat, and took 55984.77 ms to respond
2020-01-06 06:13:37.464 [IPControllerApp] WARNING | heartbeat::heart b'dda1f6fb-18cf8c18ea4fb4d4206dfa2c' missed a beat, and took 55986.44 ms to respond
2020-01-06 06:13:37.469 [IPControllerApp] WARNING | heartbeat::heart b'cedae195-966655b85e0fbd12d30ec87c' missed a beat, and took 55991.77 ms to respond
2020-01-06 07:17:45.664 [IPControllerApp] task::task '33005101-ae2134c1cf357ed3b46511b8' finished on 3
2020-01-06 07:29:30.107 [IPControllerApp] task::task '9820c90f-4bae96bd4c98afc639d9d4d3' finished on 1
2020-01-06 07:29:32.214 [IPEngineApp] WARNING | No heartbeat in the last 3010 ms (1 time(s) in a row).
2020-01-06 07:33:01.827 [IPControllerApp] task::task '64a6ee01-55461ef17eebb53c8bf7b1aa' finished on 0
2020-01-06 10:52:56.480 [IPControllerApp] heartbeat::missed b'cedae195-966655b85e0fbd12d30ec87c' : 1
IOStream.flush timed out
IOStream.flush timed out
2020-01-06 10:53:38.224 [IPControllerApp] heartbeat::missed b'dda1f6fb-18cf8c18ea4fb4d4206dfa2c' : 1
IOStream.flush timed out
2020-01-06 10:52:57.370 [IPEngineApp] WARNING | No heartbeat in the last 3010 ms (1 time(s) in a row).
2020-01-06 10:53:38.225 [IPControllerApp] heartbeat::missed b'ea7ee191-429b0c42dc7ed88f270822ef' : 1
2020-01-06 10:53:00.381 [IPEngineApp] WARNING | No heartbeat in the last 3010 ms (2 time(s) in a row).
2020-01-06 10:53:38.226 [IPControllerApp] heartbeat::missed b'b120e1e7-7d5b14698d90a8c90bda3a7b' : 1
2020-01-06 10:53:03.390 [IPEngineApp] WARNING | No heartbeat in the last 3010 ms (3 time(s) in a row).
2020-01-06 10:53:06.401 [IPEngineApp] WARNING | No heartbeat in the last 3010 ms (4 time(s) in a row).
2020-01-06 10:53:09.411 [IPEngineApp] WARNING | No heartbeat in the last 3010 ms (5 time(s) in a row).
2020-01-06 10:53:12.420 [IPEngineApp] WARNING | No heartbeat in the last 3010 ms (6 time(s) in a row).
2020-01-06 10:53:15.431 [IPEngineApp] WARNING | No heartbeat in the last 3010 ms (7 time(s) in a row).
2020-01-06 10:53:18.441 [IPEngineApp] WARNING | No heartbeat in the last 3010 ms (8 time(s) in a row).
2020-01-06 10:53:21.450 [IPEngineApp] WARNING | No heartbeat in the last 3010 ms (9 time(s) in a row).
2020-01-06 10:53:24.460 [IPEngineApp] WARNING | No heartbeat in the last 3010 ms (10 time(s) in a row).
2020-01-06 10:53:27.471 [IPEngineApp] WARNING | No heartbeat in the last 3010 ms (11 time(s) in a row).
2020-01-06 10:53:30.480 [IPEngineApp] WARNING | No heartbeat in the last 3010 ms (12 time(s) in a row).
2020-01-06 10:53:33.490 [IPEngineApp] WARNING | No heartbeat in the last 3010 ms (13 time(s) in a row).
2020-01-06 10:53:36.501 [IPEngineApp] WARNING | No heartbeat in the last 3010 ms (14 time(s) in a row).
2020-01-06 10:53:38.478 [IPControllerApp] heartbeat::missed b'cedae195-966655b85e0fbd12d30ec87c' : 2
2020-01-06 10:53:38.494 [IPControllerApp] heartbeat::missed b'dda1f6fb-18cf8c18ea4fb4d4206dfa2c' : 2
2020-01-06 10:53:38.495 [IPControllerApp] heartbeat::missed b'ea7ee191-429b0c42dc7ed88f270822ef' : 2
2020-01-06 10:53:38.495 [IPControllerApp] heartbeat::missed b'b120e1e7-7d5b14698d90a8c90bda3a7b' : 2
2020-01-06 10:53:41.480 [IPControllerApp] heartbeat::missed b'cedae195-966655b85e0fbd12d30ec87c' : 3
2020-01-06 10:53:41.481 [IPControllerApp] heartbeat::missed b'dda1f6fb-18cf8c18ea4fb4d4206dfa2c' : 3
2020-01-06 10:53:41.481 [IPControllerApp] heartbeat::missed b'ea7ee191-429b0c42dc7ed88f270822ef' : 3
2020-01-06 10:53:41.481 [IPControllerApp] heartbeat::missed b'b120e1e7-7d5b14698d90a8c90bda3a7b' : 3
2020-01-06 10:53:44.480 [IPControllerApp] heartbeat::missed b'cedae195-966655b85e0fbd12d30ec87c' : 4
2020-01-06 10:53:44.480 [IPControllerApp] heartbeat::missed b'dda1f6fb-18cf8c18ea4fb4d4206dfa2c' : 4
2020-01-06 10:53:44.480 [IPControllerApp] heartbeat::missed b'ea7ee191-429b0c42dc7ed88f270822ef' : 4
2020-01-06 10:53:44.481 [IPControllerApp] heartbeat::missed b'b120e1e7-7d5b14698d90a8c90bda3a7b' : 4
2020-01-06 10:53:47.480 [IPControllerApp] heartbeat::missed b'cedae195-966655b85e0fbd12d30ec87c' : 5
2020-01-06 10:53:47.480 [IPControllerApp] heartbeat::missed b'dda1f6fb-18cf8c18ea4fb4d4206dfa2c' : 5
2020-01-06 10:53:47.480 [IPControllerApp] heartbeat::missed b'ea7ee191-429b0c42dc7ed88f270822ef' : 5
2020-01-06 10:53:47.480 [IPControllerApp] heartbeat::missed b'b120e1e7-7d5b14698d90a8c90bda3a7b' : 5
2020-01-06 10:53:47.716 [IPControllerApp] WARNING | heartbeat::got bad heartbeat (possibly old?): b'28320.003799676895' (current=28374.003)
2020-01-06 10:53:47.716 [IPControllerApp] WARNING | heartbeat::got bad heartbeat (possibly old?): b'28320.003799676895' (current=28374.003)
2020-01-06 10:53:47.717 [IPControllerApp] WARNING | heartbeat::got bad heartbeat (possibly old?): b'28320.003799676895' (current=28374.003)
2020-01-06 10:53:47.717 [IPControllerApp] WARNING | heartbeat::got bad heartbeat (possibly old?): b'28320.003799676895' (current=28374.003)
2020-01-06 10:53:47.717 [IPControllerApp] WARNING | heartbeat::got bad heartbeat (possibly old?): b'28323.003518104553' (current=28374.003)
2020-01-06 10:53:47.717 [IPControllerApp] WARNING | heartbeat::got bad heartbeat (possibly old?): b'28323.003518104553' (current=28374.003)
2020-01-06 10:53:47.717 [IPControllerApp] WARNING | heartbeat::got bad heartbeat (possibly old?): b'28323.003518104553' (current=28374.003)
2020-01-06 10:53:47.718 [IPControllerApp] WARNING | heartbeat::got bad heartbeat (possibly old?): b'28323.003518104553' (current=28374.003)
2020-01-06 10:53:47.718 [IPControllerApp] WARNING | heartbeat::got bad heartbeat (possibly old?): b'28365.001363515854' (current=28374.003)
2020-01-06 10:53:47.718 [IPControllerApp] WARNING | heartbeat::got bad heartbeat (possibly old?): b'28365.001363515854' (current=28374.003)
2020-01-06 10:53:47.718 [IPControllerApp] WARNING | heartbeat::got bad heartbeat (possibly old?): b'28365.001363515854' (current=28374.003)
2020-01-06 10:53:47.719 [IPControllerApp] WARNING | heartbeat::got bad heartbeat (possibly old?): b'28365.001363515854' (current=28374.003)
2020-01-06 10:53:47.719 [IPControllerApp] WARNING | heartbeat::got bad heartbeat (possibly old?): b'28368.003418445587' (current=28374.003)
2020-01-06 10:53:47.719 [IPControllerApp] WARNING | heartbeat::got bad heartbeat (possibly old?): b'28368.003418445587' (current=28374.003)
2020-01-06 10:53:47.719 [IPControllerApp] WARNING | heartbeat::got bad heartbeat (possibly old?): b'28368.003418445587' (current=28374.003)
2020-01-06 10:53:47.720 [IPControllerApp] WARNING | heartbeat::got bad heartbeat (possibly old?): b'28368.003418445587' (current=28374.003)
2020-01-06 10:53:47.720 [IPControllerApp] WARNING | heartbeat::heart b'ea7ee191-429b0c42dc7ed88f270822ef' missed a beat, and took 3239.69 ms to respond
2020-01-06 10:53:47.720 [IPControllerApp] WARNING | heartbeat::heart b'cedae195-966655b85e0fbd12d30ec87c' missed a beat, and took 3239.88 ms to respond
2020-01-06 10:53:47.734 [IPControllerApp] WARNING | heartbeat::heart b'b120e1e7-7d5b14698d90a8c90bda3a7b' missed a beat, and took 3253.44 ms to respond
2020-01-06 10:53:47.735 [IPControllerApp] WARNING | heartbeat::heart b'dda1f6fb-18cf8c18ea4fb4d4206dfa2c' missed a beat, and took 3254.38 ms to respond
2020-01-06 10:52:54.755 [IPEngineApp] WARNING | No heartbeat in the last 3010 ms (1 time(s) in a row).
2020-01-06 10:52:57.765 [IPEngineApp] WARNING | No heartbeat in the last 3010 ms (2 time(s) in a row).
2020-01-06 10:53:00.775 [IPEngineApp] WARNING | No heartbeat in the last 3010 ms (3 time(s) in a row).
2020-01-06 10:53:03.785 [IPEngineApp] WARNING | No heartbeat in the last 3010 ms (4 time(s) in a row).
2020-01-06 10:53:06.795 [IPEngineApp] WARNING | No heartbeat in the last 3010 ms (5 time(s) in a row).
2020-01-06 10:53:09.805 [IPEngineApp] WARNING | No heartbeat in the last 3010 ms (6 time(s) in a row).
2020-01-06 10:53:12.815 [IPEngineApp] WARNING | No heartbeat in the last 3010 ms (7 time(s) in a row).
2020-01-06 10:53:15.825 [IPEngineApp] WARNING | No heartbeat in the last 3010 ms (8 time(s) in a row).
2020-01-06 10:53:18.835 [IPEngineApp] WARNING | No heartbeat in the last 3010 ms (9 time(s) in a row).
2020-01-06 10:53:21.845 [IPEngineApp] WARNING | No heartbeat in the last 3010 ms (10 time(s) in a row).
2020-01-06 10:53:24.855 [IPEngineApp] WARNING | No heartbeat in the last 3010 ms (11 time(s) in a row).
2020-01-06 10:53:27.865 [IPEngineApp] WARNING | No heartbeat in the last 3010 ms (12 time(s) in a row).
2020-01-06 10:53:30.875 [IPEngineApp] WARNING | No heartbeat in the last 3010 ms (13 time(s) in a row).
2020-01-06 10:53:33.885 [IPEngineApp] WARNING | No heartbeat in the last 3010 ms (14 time(s) in a row).
2020-01-06 10:53:36.895 [IPEngineApp] WARNING | No heartbeat in the last 3010 ms (15 time(s) in a row).
2020-01-06 10:53:39.905 [IPEngineApp] WARNING | No heartbeat in the last 3010 ms (16 time(s) in a row).
2020-01-06 10:53:42.915 [IPEngineApp] WARNING | No heartbeat in the last 3010 ms (17 time(s) in a row).
2020-01-06 10:53:45.925 [IPEngineApp] WARNING | No heartbeat in the last 3010 ms (18 time(s) in a row).
IOStream.flush timed out
IOStream.flush timed out
IOStream.flush timed out
2020-01-06 10:52:54.925 [IPEngineApp] WARNING | No heartbeat in the last 3010 ms (1 time(s) in a row).
2020-01-06 10:52:57.935 [IPEngineApp] WARNING | No heartbeat in the last 3010 ms (2 time(s) in a row).
2020-01-06 10:53:00.945 [IPEngineApp] WARNING | No heartbeat in the last 3010 ms (3 time(s) in a row).
2020-01-06 10:53:03.954 [IPEngineApp] WARNING | No heartbeat in the last 3010 ms (4 time(s) in a row).
2020-01-06 10:53:06.965 [IPEngineApp] WARNING | No heartbeat in the last 3010 ms (5 time(s) in a row).
2020-01-06 10:53:09.975 [IPEngineApp] WARNING | No heartbeat in the last 3010 ms (6 time(s) in a row).
2020-01-06 10:53:12.984 [IPEngineApp] WARNING | No heartbeat in the last 3010 ms (7 time(s) in a row).
2020-01-06 10:53:15.995 [IPEngineApp] WARNING | No heartbeat in the last 3010 ms (8 time(s) in a row).
2020-01-06 10:53:19.005 [IPEngineApp] WARNING | No heartbeat in the last 3010 ms (9 time(s) in a row).
2020-01-06 10:53:22.014 [IPEngineApp] WARNING | No heartbeat in the last 3010 ms (10 time(s) in a row).
2020-01-06 10:53:25.025 [IPEngineApp] WARNING | No heartbeat in the last 3010 ms (11 time(s) in a row).
2020-01-06 10:53:28.035 [IPEngineApp] WARNING | No heartbeat in the last 3010 ms (12 time(s) in a row).
2020-01-06 10:53:31.045 [IPEngineApp] WARNING | No heartbeat in the last 3010 ms (13 time(s) in a row).
2020-01-06 10:53:34.054 [IPEngineApp] WARNING | No heartbeat in the last 3010 ms (14 time(s) in a row).
2020-01-06 10:53:37.065 [IPEngineApp] WARNING | No heartbeat in the last 3010 ms (15 time(s) in a row).
2020-01-06 10:53:40.075 [IPEngineApp] WARNING | No heartbeat in the last 3010 ms (16 time(s) in a row).
2020-01-06 10:53:43.084 [IPEngineApp] WARNING | No heartbeat in the last 3010 ms (17 time(s) in a row).
2020-01-06 10:53:46.095 [IPEngineApp] WARNING | No heartbeat in the last 3010 ms (18 time(s) in a row).
2020-01-06 11:48:02.480 [IPControllerApp] heartbeat::missed b'cedae195-966655b85e0fbd12d30ec87c' : 1
2020-01-06 11:48:05.360 [IPEngineApp] WARNING | No heartbeat in the last 3010 ms (1 time(s) in a row).
2020-01-06 11:48:56.517 [IPControllerApp] heartbeat::missed b'dda1f6fb-18cf8c18ea4fb4d4206dfa2c' : 1
2020-01-06 11:47:59.904 [IPEngineApp] WARNING | No heartbeat in the last 3010 ms (1 time(s) in a row).
2020-01-06 11:48:56.517 [IPControllerApp] heartbeat::missed b'ea7ee191-429b0c42dc7ed88f270822ef' : 1
2020-01-06 11:47:59.735 [IPEngineApp] WARNING | No heartbeat in the last 3010 ms (1 time(s) in a row).
2020-01-06 11:48:56.518 [IPControllerApp] heartbeat::missed b'b120e1e7-7d5b14698d90a8c90bda3a7b' : 1
2020-01-06 11:48:08.371 [IPEngineApp] WARNING | No heartbeat in the last 3010 ms (2 time(s) in a row).
2020-01-06 11:48:02.915 [IPEngineApp] WARNING | No heartbeat in the last 3010 ms (2 time(s) in a row).
2020-01-06 11:48:02.745 [IPEngineApp] WARNING | No heartbeat in the last 3010 ms (2 time(s) in a row).
2020-01-06 11:48:11.380 [IPEngineApp] WARNING | No heartbeat in the last 3010 ms (3 time(s) in a row).
2020-01-06 11:48:05.925 [IPEngineApp] WARNING | No heartbeat in the last 3010 ms (3 time(s) in a row).
2020-01-06 11:48:05.755 [IPEngineApp] WARNING | No heartbeat in the last 3010 ms (3 time(s) in a row).
2020-01-06 11:48:14.390 [IPEngineApp] WARNING | No heartbeat in the last 3010 ms (4 time(s) in a row).
2020-01-06 11:48:08.934 [IPEngineApp] WARNING | No heartbeat in the last 3010 ms (4 time(s) in a row).
2020-01-06 11:48:08.765 [IPEngineApp] WARNING | No heartbeat in the last 3010 ms (4 time(s) in a row).
2020-01-06 11:48:17.401 [IPEngineApp] WARNING | No heartbeat in the last 3010 ms (5 time(s) in a row).
2020-01-06 11:48:11.944 [IPEngineApp] WARNING | No heartbeat in the last 3010 ms (5 time(s) in a row).
2020-01-06 11:48:11.775 [IPEngineApp] WARNING | No heartbeat in the last 3010 ms (5 time(s) in a row).
2020-01-06 11:48:20.410 [IPEngineApp] WARNING | No heartbeat in the last 3010 ms (6 time(s) in a row).
2020-01-06 11:48:14.955 [IPEngineApp] WARNING | No heartbeat in the last 3010 ms (6 time(s) in a row).
2020-01-06 11:48:14.785 [IPEngineApp] WARNING | No heartbeat in the last 3010 ms (6 time(s) in a row).
2020-01-06 11:48:23.420 [IPEngineApp] WARNING | No heartbeat in the last 3010 ms (7 time(s) in a row).
2020-01-06 11:48:17.964 [IPEngineApp] WARNING | No heartbeat in the last 3010 ms (7 time(s) in a row).
2020-01-06 11:48:17.795 [IPEngineApp] WARNING | No heartbeat in the last 3010 ms (7 time(s) in a row).
2020-01-06 11:48:26.431 [IPEngineApp] WARNING | No heartbeat in the last 3010 ms (8 time(s) in a row).
2020-01-06 11:48:56.520 [IPControllerApp] WARNING | heartbeat::heart b'cedae195-966655b85e0fbd12d30ec87c' missed a beat, and took 57040.12 ms to respond
2020-01-06 11:48:20.974 [IPEngineApp] WARNING | No heartbeat in the last 3010 ms (8 time(s) in a row).
2020-01-06 11:48:20.805 [IPEngineApp] WARNING | No heartbeat in the last 3010 ms (8 time(s) in a row).
2020-01-06 11:48:29.440 [IPEngineApp] WARNING | No heartbeat in the last 3010 ms (9 time(s) in a row).
2020-01-06 11:48:23.985 [IPEngineApp] WARNING | No heartbeat in the last 3010 ms (9 time(s) in a row).
2020-01-06 11:48:23.815 [IPEngineApp] WARNING | No heartbeat in the last 3010 ms (9 time(s) in a row).
2020-01-06 11:48:32.450 [IPEngineApp] WARNING | No heartbeat in the last 3010 ms (10 time(s) in a row).
2020-01-06 11:48:26.995 [IPEngineApp] WARNING | No heartbeat in the last 3010 ms (10 time(s) in a row).
2020-01-06 11:48:26.825 [IPEngineApp] WARNING | No heartbeat in the last 3010 ms (10 time(s) in a row).
2020-01-06 11:48:35.461 [IPEngineApp] WARNING | No heartbeat in the last 3010 ms (11 time(s) in a row).
2020-01-06 11:48:30.005 [IPEngineApp] WARNING | No heartbeat in the last 3010 ms (11 time(s) in a row).
2020-01-06 11:48:56.521 [IPControllerApp] WARNING | heartbeat::heart b'dda1f6fb-18cf8c18ea4fb4d4206dfa2c' missed a beat, and took 57041.41 ms to respond
2020-01-06 11:48:29.835 [IPEngineApp] WARNING | No heartbeat in the last 3010 ms (11 time(s) in a row).
2020-01-06 11:48:38.470 [IPEngineApp] WARNING | No heartbeat in the last 3010 ms (12 time(s) in a row).
2020-01-06 11:48:33.015 [IPEngineApp] WARNING | No heartbeat in the last 3010 ms (12 time(s) in a row).
2020-01-06 11:48:32.845 [IPEngineApp] WARNING | No heartbeat in the last 3010 ms (12 time(s) in a row).
2020-01-06 11:48:41.480 [IPEngineApp] WARNING | No heartbeat in the last 3010 ms (13 time(s) in a row).
2020-01-06 11:48:36.024 [IPEngineApp] WARNING | No heartbeat in the last 3010 ms (13 time(s) in a row).
2020-01-06 11:48:56.522 [IPControllerApp] WARNING | heartbeat::heart b'b120e1e7-7d5b14698d90a8c90bda3a7b' missed a beat, and took 57042.74 ms to respond
2020-01-06 11:48:35.855 [IPEngineApp] WARNING | No heartbeat in the last 3010 ms (13 time(s) in a row).
2020-01-06 11:48:44.490 [IPEngineApp] WARNING | No heartbeat in the last 3010 ms (14 time(s) in a row).
2020-01-06 11:48:39.034 [IPEngineApp] WARNING | No heartbeat in the last 3010 ms (14 time(s) in a row).
2020-01-06 11:48:38.865 [IPEngineApp] WARNING | No heartbeat in the last 3010 ms (14 time(s) in a row).
2020-01-06 11:48:47.501 [IPEngineApp] WARNING | No heartbeat in the last 3010 ms (15 time(s) in a row).
2020-01-06 11:48:42.045 [IPEngineApp] WARNING | No heartbeat in the last 3010 ms (15 time(s) in a row).
2020-01-06 11:48:41.875 [IPEngineApp] WARNING | No heartbeat in the last 3010 ms (15 time(s) in a row).
2020-01-06 11:48:50.510 [IPEngineApp] WARNING | No heartbeat in the last 3010 ms (16 time(s) in a row).
2020-01-06 11:48:45.055 [IPEngineApp] WARNING | No heartbeat in the last 3010 ms (16 time(s) in a row).
2020-01-06 11:48:44.886 [IPEngineApp] WARNING | No heartbeat in the last 3010 ms (16 time(s) in a row).
2020-01-06 11:48:53.520 [IPEngineApp] WARNING | No heartbeat in the last 3010 ms (17 time(s) in a row).
2020-01-06 11:48:48.064 [IPEngineApp] WARNING | No heartbeat in the last 3010 ms (17 time(s) in a row).
2020-01-06 11:48:56.524 [IPControllerApp] WARNING | heartbeat::heart b'ea7ee191-429b0c42dc7ed88f270822ef' missed a beat, and took 57044.11 ms to respond
2020-01-06 11:48:47.895 [IPEngineApp] WARNING | No heartbeat in the last 3010 ms (17 time(s) in a row).
2020-01-06 11:48:51.075 [IPEngineApp] WARNING | No heartbeat in the last 3010 ms (18 time(s) in a row).
2020-01-06 11:48:50.905 [IPEngineApp] WARNING | No heartbeat in the last 3010 ms (18 time(s) in a row).
2020-01-06 14:45:15.999 [IPControllerApp] task::task '5bcc8115-3ec783557db8e6858f3bc9ef' finished on 4
2020-01-06 14:51:15.082 [IPControllerApp] task::task 'c6af81e8-515105c072871cbf909f0fb3' finished on 2
slurmstepd: error: *** STEP 27212660.0 ON nid12907 CANCELLED AT 2020-01-06T18:01:03 DUE TO TIME LIMIT ***
srun: got SIGCONT
2020-01-06 18:01:03.449 [IPControllerApp] CRITICAL | Received signal 15, shutting down
srun: forcing job termination
2020-01-06 18:01:03.449 [IPControllerApp] CRITICAL | terminating children...
