[+] ------START TIME (ST): Sat Jan 11 19:01:12 PST 2020------
Start cluster...
Launching controller
2020-01-11 19:01:14.422 [IPControllerApp] Hub listening on tcp://10.128.3.107:39707 for registration.
2020-01-11 19:01:14.423 [IPControllerApp] Hub using DB backend: 'DictDB'
2020-01-11 19:01:14.675 [IPControllerApp] hub::created hub
2020-01-11 19:01:14.675 [IPControllerApp] writing connection info to /global/u2/m/muszyng/.ipython/profile_default/security/ipcontroller-cori_27371072-client.json
2020-01-11 19:01:14.689 [IPControllerApp] writing connection info to /global/u2/m/muszyng/.ipython/profile_default/security/ipcontroller-cori_27371072-engine.json
2020-01-11 19:01:14.702 [IPControllerApp] task::using Python leastload Task scheduler
2020-01-11 19:01:14.703 [IPControllerApp] Heartmonitor started
2020-01-11 19:01:14.718 [scheduler] Scheduler started [leastload]
2020-01-11 19:01:14.720 [IPControllerApp] Creating pid file: /global/u2/m/muszyng/.ipython/profile_default/pid/ipcontroller-cori_27371072.pid
2020-01-11 19:01:14.723 [IPControllerApp] client::client b'\x00k\x8bEg' requested 'connection_request'
2020-01-11 19:01:14.724 [IPControllerApp] client::client [b'\x00k\x8bEg'] connected
Launching engines
2020-01-11 19:01:52.860 [IPEngineApp] Loading url_file '/global/u2/m/muszyng/.ipython/profile_default/security/ipcontroller-cori_27371072-engine.json'
2020-01-11 19:01:52.866 [IPControllerApp] client::client b'5caf2e8e-6964c14b6031cac24a9357df' requested 'registration_request'
2020-01-11 19:01:52.864 [IPEngineApp] Registering with controller at tcp://10.128.3.107:39707
2020-01-11 19:01:52.926 [IPEngineApp] Starting to monitor the heartbeat signal from the hub every 3010 ms.
2020-01-11 19:01:52.939 [IPEngineApp] Completed registration with id 0
2020-01-11 19:01:53.217 [IPEngineApp] Loading url_file '/global/u2/m/muszyng/.ipython/profile_default/security/ipcontroller-cori_27371072-engine.json'
2020-01-11 19:01:53.221 [IPEngineApp] Registering with controller at tcp://10.128.3.107:39707
2020-01-11 19:01:53.222 [IPControllerApp] client::client b'ac755666-d5f0d29ee2baa481b0dbfa19' requested 'registration_request'
2020-01-11 19:01:53.278 [IPEngineApp] Starting to monitor the heartbeat signal from the hub every 3010 ms.
2020-01-11 19:01:53.289 [IPEngineApp] Completed registration with id 1
2020-01-11 19:01:53.396 [IPEngineApp] Loading url_file '/global/u2/m/muszyng/.ipython/profile_default/security/ipcontroller-cori_27371072-engine.json'
2020-01-11 19:01:53.400 [IPEngineApp] Registering with controller at tcp://10.128.3.107:39707
2020-01-11 19:01:53.401 [IPControllerApp] client::client b'84130e9f-11af603d720a881651e2a116' requested 'registration_request'
2020-01-11 19:01:53.458 [IPEngineApp] Starting to monitor the heartbeat signal from the hub every 3010 ms.
2020-01-11 19:01:53.469 [IPEngineApp] Completed registration with id 2
2020-01-11 19:01:54.351 [IPEngineApp] Loading url_file '/global/u2/m/muszyng/.ipython/profile_default/security/ipcontroller-cori_27371072-engine.json'
2020-01-11 19:01:54.357 [IPEngineApp] Registering with controller at tcp://10.128.3.107:39707
2020-01-11 19:01:54.359 [IPControllerApp] client::client b'87fb0d06-4d63b69214ee992c76ea7ccf' requested 'registration_request'
2020-01-11 19:01:54.427 [IPEngineApp] Starting to monitor the heartbeat signal from the hub every 3010 ms.
2020-01-11 19:01:54.449 [IPEngineApp] Completed registration with id 3
2020-01-11 19:01:54.908 [IPEngineApp] Loading url_file '/global/u2/m/muszyng/.ipython/profile_default/security/ipcontroller-cori_27371072-engine.json'
2020-01-11 19:01:54.923 [IPEngineApp] Registering with controller at tcp://10.128.3.107:39707
2020-01-11 19:01:54.925 [IPControllerApp] client::client b'2cc08bb6-3d4f95f1a8ae4aa202e5bd04' requested 'registration_request'
2020-01-11 19:01:55.037 [IPEngineApp] Starting to monitor the heartbeat signal from the hub every 3010 ms.
2020-01-11 19:01:55.059 [IPEngineApp] Completed registration with id 4
2020-01-11 19:01:56.705 [IPControllerApp] registration::finished registering engine 2:84130e9f-11af603d720a881651e2a116
2020-01-11 19:01:56.705 [IPControllerApp] engine::Engine Connected: 2
2020-01-11 19:01:56.723 [IPControllerApp] registration::finished registering engine 1:ac755666-d5f0d29ee2baa481b0dbfa19
2020-01-11 19:01:56.723 [IPControllerApp] engine::Engine Connected: 1
2020-01-11 19:01:56.733 [IPControllerApp] registration::finished registering engine 0:5caf2e8e-6964c14b6031cac24a9357df
2020-01-11 19:01:56.734 [IPControllerApp] engine::Engine Connected: 0
2020-01-11 19:01:59.707 [IPControllerApp] registration::finished registering engine 4:2cc08bb6-3d4f95f1a8ae4aa202e5bd04
2020-01-11 19:01:59.707 [IPControllerApp] engine::Engine Connected: 4
2020-01-11 19:01:59.711 [IPControllerApp] registration::finished registering engine 3:87fb0d06-4d63b69214ee992c76ea7ccf
2020-01-11 19:01:59.712 [IPControllerApp] engine::Engine Connected: 3
2020-01-11 19:02:19.047 [IPControllerApp] client::client b'\x00k\x8bEh' requested 'connection_request'
2020-01-11 19:02:19.047 [IPControllerApp] client::client [b'\x00k\x8bEh'] connected
Model_B_2 41 241 20
Job id: 27371072; Cluster id: cori_27371072
Worker IDs: [0, 1, 2, 3, 4]
Original order  ['2_train_0_.h5', '2_train_1_.h5', '2_train_2_.h5', '2_train_3_.h5', '2_train_4_.h5', '2_train_5_.h5', '2_train_6_.h5', '2_train_7_.h5', '2_train_8_.h5', '2_train_9_.h5', '2_train_10_.h5', '2_train_11_.h5', '2_train_12_.h5', '2_train_13_.h5', '2_train_14_.h5', '2_train_15_.h5', '2_train_16_.h5', '2_train_17_.h5', '2_train_18_.h5', '2_train_19_.h5'] ['2_val_0_.h5', '2_val_1_.h5', '2_val_2_.h5', '2_val_3_.h5', '2_val_4_.h5', '2_val_5_.h5', '2_val_6_.h5', '2_val_7_.h5', '2_val_8_.h5', '2_val_9_.h5', '2_val_10_.h5', '2_val_11_.h5', '2_val_12_.h5', '2_val_13_.h5', '2_val_14_.h5', '2_val_15_.h5', '2_val_16_.h5', '2_val_17_.h5', '2_val_18_.h5', '2_val_19_.h5']
Shuffled files: ['2_train_6_.h5', '2_train_8_.h5', '2_train_17_.h5', '2_train_1_.h5', '2_train_2_.h5', '2_train_18_.h5', '2_train_5_.h5', '2_train_4_.h5', '2_train_7_.h5', '2_train_15_.h5', '2_train_16_.h5', '2_train_3_.h5', '2_train_12_.h5', '2_train_13_.h5', '2_train_0_.h5', '2_train_11_.h5', '2_train_19_.h5', '2_train_14_.h5', '2_train_9_.h5', '2_train_10_.h5'] ['2_val_10_.h5', '2_val_9_.h5', '2_val_14_.h5', '2_val_16_.h5', '2_val_0_.h5', '2_val_2_.h5', '2_val_13_.h5', '2_val_19_.h5', '2_val_18_.h5', '2_val_17_.h5', '2_val_3_.h5', '2_val_12_.h5', '2_val_5_.h5', '2_val_11_.h5', '2_val_4_.h5', '2_val_7_.h5', '2_val_6_.h5', '2_val_8_.h5', '2_val_15_.h5', '2_val_1_.h5']
/global/cscratch1/sd/muszyng/cnn_model_runs/Model_B/Model_B_2/27371072
['ihp', 'n_hpo_trials', 'n_convs_layers', 'conv_sizes', 'n_fc_layers', 'fc_sizes', 'dropout', 'optimizer', 'lr', 'batch_sizes', 'n_epochs', 'repeats_conv', 'recep_fields', 'checkpoint_dir']
Hyperparameter trial 0 conv [ 64 128 256 512] fc [512 256 128  64] dropout 0.4416 opt Adam, lr 0.0000, batch sizes 128
Checkpoint file: /global/cscratch1/sd/muszyng/cnn_model_runs/Model_B/Model_B_2/27371072/model_0.h5
Hyperparameter trial 1 conv [ 64 128 256 512] fc [512 256 128  64] dropout 0.6303 opt Adam, lr 0.0000, batch sizes 256
Checkpoint file: /global/cscratch1/sd/muszyng/cnn_model_runs/Model_B/Model_B_2/27371072/model_1.h5
Hyperparameter trial 2 conv [ 64 128 256 512] fc [512 256 128  64] dropout 0.6999 opt Adam, lr 0.0000, batch sizes 128
Checkpoint file: /global/cscratch1/sd/muszyng/cnn_model_runs/Model_B/Model_B_2/27371072/model_2.h5
Hyperparameter trial 3 conv [ 64 128 256 512] fc [512 256 128  64] dropout 0.3408 opt Adam, lr 0.0000, batch sizes 128
Checkpoint file: /global/cscratch1/sd/muszyng/cnn_model_runs/Model_B/Model_B_2/27371072/model_3.h5
Hyperparameter trial 4 conv [ 64 128 256 512] fc [512 256 128  64] dropout 0.5992 opt Adam, lr 0.0000, batch sizes 64
Checkpoint file: /global/cscratch1/sd/muszyng/cnn_model_runs/Model_B/Model_B_2/27371072/model_4.h5
2020-01-11 19:02:19.092 [IPControllerApp] task::task '50a32ee3-33c4f9a52e3d179b2d80b4fb' arrived on 3
2020-01-11 19:02:19.094 [IPControllerApp] task::task 'b1c0ea1f-e7062cd2fde3cb45df5c3e12' arrived on 4
2020-01-11 19:02:19.096 [IPControllerApp] task::task 'e65fb497-64ede25a666b99a5fd7ece88' arrived on 0
2020-01-11 19:02:19.098 [IPControllerApp] task::task '792c24f1-f221627b42f658492066271b' arrived on 1
2020-01-11 19:02:19.099 [IPControllerApp] task::task '8b0e0439-9c2f3606f076d0e76e043966' arrived on 2
WARNING:tensorflow:From test_ipyparallel.py:101: The name tf.keras.backend.set_session is deprecated. Please use tf.compat.v1.keras.backend.set_session instead.

WARNING:tensorflow:From /global/u2/m/muszyng/project-cnn-tda/cnn-project/my_project/new_project_mid_lat/code_for_paper/project/Model_B/mlextras.py:39: The name tf.ConfigProto is deprecated. Please use tf.compat.v1.ConfigProto instead.

WARNING:tensorflow:From /global/u2/m/muszyng/project-cnn-tda/cnn-project/my_project/new_project_mid_lat/code_for_paper/project/Model_B/mlextras.py:43: The name tf.Session is deprecated. Please use tf.compat.v1.Session instead.

2020-01-11 19:02:22.342403: I tensorflow/core/platform/cpu_feature_guard.cc:145] This TensorFlow binary is optimized with Intel(R) MKL-DNN to use the following CPU instructions in performance critical operations:  SSE4.1 SSE4.2 AVX AVX2 FMA
To enable them in non-MKL-DNN operations, rebuild TensorFlow with the appropriate compiler flags.
2020-01-11 19:02:22.368010: I tensorflow/core/platform/profile_utils/cpu_utils.cc:94] CPU Frequency: 2300110000 Hz
2020-01-11 19:02:22.369894: I tensorflow/compiler/xla/service/service.cc:168] XLA service 0x55555897b740 initialized for platform Host (this does not guarantee that XLA will be used). Devices:
2020-01-11 19:02:22.369909: I tensorflow/compiler/xla/service/service.cc:176]   StreamExecutor device (0): Host, Default Version
WARNING:tensorflow:From /usr/common/software/tensorflow/intel-tensorflow/1.15.0-py37/lib/python3.7/site-packages/tensorflow_core/python/ops/resource_variable_ops.py:1630: calling BaseResourceVariable.__init__ (from tensorflow.python.ops.resource_variable_ops) with constraint is deprecated and will be removed in a future version.
Instructions for updating:
If using Keras pass *_constraint arguments to layers.
WARNING:tensorflow:Large dropout rate: 0.699888 (>0.5). In TensorFlow 2.x, dropout() uses dropout rate instead of keep_prob. Please ensure that this is intended.
WARNING:tensorflow:Large dropout rate: 0.699888 (>0.5). In TensorFlow 2.x, dropout() uses dropout rate instead of keep_prob. Please ensure that this is intended.
WARNING:tensorflow:Large dropout rate: 0.699888 (>0.5). In TensorFlow 2.x, dropout() uses dropout rate instead of keep_prob. Please ensure that this is intended.
WARNING:tensorflow:Large dropout rate: 0.699888 (>0.5). In TensorFlow 2.x, dropout() uses dropout rate instead of keep_prob. Please ensure that this is intended.
WARNING:tensorflow:From /usr/common/software/tensorflow/intel-tensorflow/1.15.0-py37/lib/python3.7/site-packages/tensorflow_core/python/ops/nn_impl.py:183: where (from tensorflow.python.ops.array_ops) is deprecated and will be removed in a future version.
Instructions for updating:
Use tf.where in 2.0, which has the same broadcast rule as np.where
WARNING:tensorflow:`epsilon` argument is deprecated and will be removed, use `min_delta` instead.
WARNING:tensorflow:`period` argument is deprecated. Please use `save_freq` to specify the frequency in number of samples seen.
WARNING:tensorflow:From test_ipyparallel.py:101: The name tf.keras.backend.set_session is deprecated. Please use tf.compat.v1.keras.backend.set_session instead.

WARNING:tensorflow:From /global/u2/m/muszyng/project-cnn-tda/cnn-project/my_project/new_project_mid_lat/code_for_paper/project/Model_B/mlextras.py:39: The name tf.ConfigProto is deprecated. Please use tf.compat.v1.ConfigProto instead.

WARNING:tensorflow:From /global/u2/m/muszyng/project-cnn-tda/cnn-project/my_project/new_project_mid_lat/code_for_paper/project/Model_B/mlextras.py:43: The name tf.Session is deprecated. Please use tf.compat.v1.Session instead.

2020-01-11 19:02:25.548801: I tensorflow/core/platform/cpu_feature_guard.cc:145] This TensorFlow binary is optimized with Intel(R) MKL-DNN to use the following CPU instructions in performance critical operations:  SSE4.1 SSE4.2 AVX AVX2 FMA
To enable them in non-MKL-DNN operations, rebuild TensorFlow with the appropriate compiler flags.
2020-01-11 19:02:25.570009: I tensorflow/core/platform/profile_utils/cpu_utils.cc:94] CPU Frequency: 2299945000 Hz
2020-01-11 19:02:25.571837: I tensorflow/compiler/xla/service/service.cc:168] XLA service 0x555558ee75b0 initialized for platform Host (this does not guarantee that XLA will be used). Devices:
2020-01-11 19:02:25.571852: I tensorflow/compiler/xla/service/service.cc:176]   StreamExecutor device (0): Host, Default Version
WARNING:tensorflow:From /usr/common/software/tensorflow/intel-tensorflow/1.15.0-py37/lib/python3.7/site-packages/tensorflow_core/python/ops/resource_variable_ops.py:1630: calling BaseResourceVariable.__init__ (from tensorflow.python.ops.resource_variable_ops) with constraint is deprecated and will be removed in a future version.
Instructions for updating:
If using Keras pass *_constraint arguments to layers.
WARNING:tensorflow:From /usr/common/software/tensorflow/intel-tensorflow/1.15.0-py37/lib/python3.7/site-packages/tensorflow_core/python/ops/nn_impl.py:183: where (from tensorflow.python.ops.array_ops) is deprecated and will be removed in a future version.
Instructions for updating:
Use tf.where in 2.0, which has the same broadcast rule as np.where
WARNING:tensorflow:`epsilon` argument is deprecated and will be removed, use `min_delta` instead.
WARNING:tensorflow:`period` argument is deprecated. Please use `save_freq` to specify the frequency in number of samples seen.
WARNING:tensorflow:From test_ipyparallel.py:101: The name tf.keras.backend.set_session is deprecated. Please use tf.compat.v1.keras.backend.set_session instead.

WARNING:tensorflow:From /global/u2/m/muszyng/project-cnn-tda/cnn-project/my_project/new_project_mid_lat/code_for_paper/project/Model_B/mlextras.py:39: The name tf.ConfigProto is deprecated. Please use tf.compat.v1.ConfigProto instead.

WARNING:tensorflow:From /global/u2/m/muszyng/project-cnn-tda/cnn-project/my_project/new_project_mid_lat/code_for_paper/project/Model_B/mlextras.py:43: The name tf.Session is deprecated. Please use tf.compat.v1.Session instead.

2020-01-11 19:02:27.445703: I tensorflow/core/platform/cpu_feature_guard.cc:145] This TensorFlow binary is optimized with Intel(R) MKL-DNN to use the following CPU instructions in performance critical operations:  SSE4.1 SSE4.2 AVX AVX2 FMA
To enable them in non-MKL-DNN operations, rebuild TensorFlow with the appropriate compiler flags.
2020-01-11 19:02:27.465816: I tensorflow/core/platform/profile_utils/cpu_utils.cc:94] CPU Frequency: 2300045000 Hz
2020-01-11 19:02:27.467596: I tensorflow/compiler/xla/service/service.cc:168] XLA service 0x55555881e370 initialized for platform Host (this does not guarantee that XLA will be used). Devices:
2020-01-11 19:02:27.467610: I tensorflow/compiler/xla/service/service.cc:176]   StreamExecutor device (0): Host, Default Version
WARNING:tensorflow:From /usr/common/software/tensorflow/intel-tensorflow/1.15.0-py37/lib/python3.7/site-packages/tensorflow_core/python/ops/resource_variable_ops.py:1630: calling BaseResourceVariable.__init__ (from tensorflow.python.ops.resource_variable_ops) with constraint is deprecated and will be removed in a future version.
Instructions for updating:
If using Keras pass *_constraint arguments to layers.
WARNING:tensorflow:Large dropout rate: 0.630289 (>0.5). In TensorFlow 2.x, dropout() uses dropout rate instead of keep_prob. Please ensure that this is intended.
WARNING:tensorflow:Large dropout rate: 0.630289 (>0.5). In TensorFlow 2.x, dropout() uses dropout rate instead of keep_prob. Please ensure that this is intended.
WARNING:tensorflow:Large dropout rate: 0.630289 (>0.5). In TensorFlow 2.x, dropout() uses dropout rate instead of keep_prob. Please ensure that this is intended.
WARNING:tensorflow:Large dropout rate: 0.630289 (>0.5). In TensorFlow 2.x, dropout() uses dropout rate instead of keep_prob. Please ensure that this is intended.
WARNING:tensorflow:From /usr/common/software/tensorflow/intel-tensorflow/1.15.0-py37/lib/python3.7/site-packages/tensorflow_core/python/ops/nn_impl.py:183: where (from tensorflow.python.ops.array_ops) is deprecated and will be removed in a future version.
Instructions for updating:
Use tf.where in 2.0, which has the same broadcast rule as np.where
WARNING:tensorflow:From test_ipyparallel.py:101: The name tf.keras.backend.set_session is deprecated. Please use tf.compat.v1.keras.backend.set_session instead.

WARNING:tensorflow:From /global/u2/m/muszyng/project-cnn-tda/cnn-project/my_project/new_project_mid_lat/code_for_paper/project/Model_B/mlextras.py:39: The name tf.ConfigProto is deprecated. Please use tf.compat.v1.ConfigProto instead.

WARNING:tensorflow:From /global/u2/m/muszyng/project-cnn-tda/cnn-project/my_project/new_project_mid_lat/code_for_paper/project/Model_B/mlextras.py:43: The name tf.Session is deprecated. Please use tf.compat.v1.Session instead.

2020-01-11 19:02:27.704087: I tensorflow/core/platform/cpu_feature_guard.cc:145] This TensorFlow binary is optimized with Intel(R) MKL-DNN to use the following CPU instructions in performance critical operations:  SSE4.1 SSE4.2 AVX AVX2 FMA
To enable them in non-MKL-DNN operations, rebuild TensorFlow with the appropriate compiler flags.
2020-01-11 19:02:27.724136: I tensorflow/core/platform/profile_utils/cpu_utils.cc:94] CPU Frequency: 2300150000 Hz
2020-01-11 19:02:27.725806: I tensorflow/compiler/xla/service/service.cc:168] XLA service 0x55555881cb10 initialized for platform Host (this does not guarantee that XLA will be used). Devices:
2020-01-11 19:02:27.725820: I tensorflow/compiler/xla/service/service.cc:176]   StreamExecutor device (0): Host, Default Version
WARNING:tensorflow:From /usr/common/software/tensorflow/intel-tensorflow/1.15.0-py37/lib/python3.7/site-packages/tensorflow_core/python/ops/resource_variable_ops.py:1630: calling BaseResourceVariable.__init__ (from tensorflow.python.ops.resource_variable_ops) with constraint is deprecated and will be removed in a future version.
Instructions for updating:
If using Keras pass *_constraint arguments to layers.
WARNING:tensorflow:`epsilon` argument is deprecated and will be removed, use `min_delta` instead.
WARNING:tensorflow:`period` argument is deprecated. Please use `save_freq` to specify the frequency in number of samples seen.
WARNING:tensorflow:Large dropout rate: 0.599162 (>0.5). In TensorFlow 2.x, dropout() uses dropout rate instead of keep_prob. Please ensure that this is intended.
WARNING:tensorflow:Large dropout rate: 0.599162 (>0.5). In TensorFlow 2.x, dropout() uses dropout rate instead of keep_prob. Please ensure that this is intended.
WARNING:tensorflow:Large dropout rate: 0.599162 (>0.5). In TensorFlow 2.x, dropout() uses dropout rate instead of keep_prob. Please ensure that this is intended.
WARNING:tensorflow:Large dropout rate: 0.599162 (>0.5). In TensorFlow 2.x, dropout() uses dropout rate instead of keep_prob. Please ensure that this is intended.
WARNING:tensorflow:From /usr/common/software/tensorflow/intel-tensorflow/1.15.0-py37/lib/python3.7/site-packages/tensorflow_core/python/ops/nn_impl.py:183: where (from tensorflow.python.ops.array_ops) is deprecated and will be removed in a future version.
Instructions for updating:
Use tf.where in 2.0, which has the same broadcast rule as np.where
WARNING:tensorflow:`epsilon` argument is deprecated and will be removed, use `min_delta` instead.
WARNING:tensorflow:`period` argument is deprecated. Please use `save_freq` to specify the frequency in number of samples seen.
WARNING:tensorflow:From test_ipyparallel.py:101: The name tf.keras.backend.set_session is deprecated. Please use tf.compat.v1.keras.backend.set_session instead.

WARNING:tensorflow:From /global/u2/m/muszyng/project-cnn-tda/cnn-project/my_project/new_project_mid_lat/code_for_paper/project/Model_B/mlextras.py:39: The name tf.ConfigProto is deprecated. Please use tf.compat.v1.ConfigProto instead.

WARNING:tensorflow:From /global/u2/m/muszyng/project-cnn-tda/cnn-project/my_project/new_project_mid_lat/code_for_paper/project/Model_B/mlextras.py:43: The name tf.Session is deprecated. Please use tf.compat.v1.Session instead.

2020-01-11 19:02:28.007618: I tensorflow/core/platform/cpu_feature_guard.cc:145] This TensorFlow binary is optimized with Intel(R) MKL-DNN to use the following CPU instructions in performance critical operations:  SSE4.1 SSE4.2 AVX AVX2 FMA
To enable them in non-MKL-DNN operations, rebuild TensorFlow with the appropriate compiler flags.
2020-01-11 19:02:28.038745: I tensorflow/core/platform/profile_utils/cpu_utils.cc:94] CPU Frequency: 2300120000 Hz
2020-01-11 19:02:28.040608: I tensorflow/compiler/xla/service/service.cc:168] XLA service 0x5555589783a0 initialized for platform Host (this does not guarantee that XLA will be used). Devices:
2020-01-11 19:02:28.040623: I tensorflow/compiler/xla/service/service.cc:176]   StreamExecutor device (0): Host, Default Version
WARNING:tensorflow:From /usr/common/software/tensorflow/intel-tensorflow/1.15.0-py37/lib/python3.7/site-packages/tensorflow_core/python/ops/resource_variable_ops.py:1630: calling BaseResourceVariable.__init__ (from tensorflow.python.ops.resource_variable_ops) with constraint is deprecated and will be removed in a future version.
Instructions for updating:
If using Keras pass *_constraint arguments to layers.
WARNING:tensorflow:From /usr/common/software/tensorflow/intel-tensorflow/1.15.0-py37/lib/python3.7/site-packages/tensorflow_core/python/ops/nn_impl.py:183: where (from tensorflow.python.ops.array_ops) is deprecated and will be removed in a future version.
Instructions for updating:
Use tf.where in 2.0, which has the same broadcast rule as np.where
WARNING:tensorflow:`epsilon` argument is deprecated and will be removed, use `min_delta` instead.
WARNING:tensorflow:`period` argument is deprecated. Please use `save_freq` to specify the frequency in number of samples seen.
2020-01-11 23:44:18.046 [IPControllerApp] task::task 'e65fb497-64ede25a666b99a5fd7ece88' finished on 0
2020-01-11 23:44:19.229 [IPEngineApp] WARNING | No heartbeat in the last 3010 ms (1 time(s) in a row).
2020-01-11 23:47:36.127 [IPControllerApp] task::task '8b0e0439-9c2f3606f076d0e76e043966' finished on 2
2020-01-11 23:47:38.423 [IPEngineApp] WARNING | No heartbeat in the last 3010 ms (1 time(s) in a row).
2020-01-11 23:54:50.955 [IPControllerApp] task::task '50a32ee3-33c4f9a52e3d179b2d80b4fb' finished on 3
2020-01-11 23:54:52.833 [IPEngineApp] WARNING | No heartbeat in the last 3010 ms (1 time(s) in a row).
2020-01-12 05:35:28.153 [IPControllerApp] task::task '792c24f1-f221627b42f658492066271b' finished on 1
IOStream.flush timed out
IOStream.flush timed out
2020-01-12 05:35:29.583 [IPEngineApp] WARNING | No heartbeat in the last 3010 ms (1 time(s) in a row).
2020-01-12 07:03:08.707 [IPControllerApp] heartbeat::missed b'87fb0d06-4d63b69214ee992c76ea7ccf' : 1
2020-01-12 07:03:10.709 [IPEngineApp] WARNING | No heartbeat in the last 3010 ms (1 time(s) in a row).
2020-01-12 07:04:02.686 [IPControllerApp] heartbeat::missed b'2cc08bb6-3d4f95f1a8ae4aa202e5bd04' : 1
2020-01-12 07:03:08.051 [IPEngineApp] WARNING | No heartbeat in the last 3010 ms (1 time(s) in a row).
2020-01-12 07:04:02.687 [IPControllerApp] heartbeat::missed b'84130e9f-11af603d720a881651e2a116' : 1
2020-01-12 07:03:08.232 [IPEngineApp] WARNING | No heartbeat in the last 3010 ms (1 time(s) in a row).
2020-01-12 07:04:02.687 [IPControllerApp] heartbeat::missed b'ac755666-d5f0d29ee2baa481b0dbfa19' : 1
2020-01-12 07:03:06.190 [IPEngineApp] WARNING | No heartbeat in the last 3010 ms (1 time(s) in a row).
2020-01-12 07:03:13.720 [IPEngineApp] WARNING | No heartbeat in the last 3010 ms (2 time(s) in a row).
2020-01-12 07:03:11.062 [IPEngineApp] WARNING | No heartbeat in the last 3010 ms (2 time(s) in a row).
2020-01-12 07:03:11.241 [IPEngineApp] WARNING | No heartbeat in the last 3010 ms (2 time(s) in a row).
2020-01-12 07:03:09.201 [IPEngineApp] WARNING | No heartbeat in the last 3010 ms (2 time(s) in a row).
2020-01-12 07:03:16.730 [IPEngineApp] WARNING | No heartbeat in the last 3010 ms (3 time(s) in a row).
2020-01-12 07:03:14.071 [IPEngineApp] WARNING | No heartbeat in the last 3010 ms (3 time(s) in a row).
2020-01-12 07:03:14.251 [IPEngineApp] WARNING | No heartbeat in the last 3010 ms (3 time(s) in a row).
2020-01-12 07:04:02.688 [IPControllerApp] WARNING | heartbeat::heart b'ac755666-d5f0d29ee2baa481b0dbfa19' missed a beat, and took 56983.00 ms to respond
2020-01-12 07:03:12.211 [IPEngineApp] WARNING | No heartbeat in the last 3010 ms (3 time(s) in a row).
2020-01-12 07:03:19.739 [IPEngineApp] WARNING | No heartbeat in the last 3010 ms (4 time(s) in a row).
2020-01-12 07:03:17.082 [IPEngineApp] WARNING | No heartbeat in the last 3010 ms (4 time(s) in a row).
2020-01-12 07:03:17.261 [IPEngineApp] WARNING | No heartbeat in the last 3010 ms (4 time(s) in a row).
2020-01-12 07:03:15.221 [IPEngineApp] WARNING | No heartbeat in the last 3010 ms (4 time(s) in a row).
2020-01-12 07:03:22.750 [IPEngineApp] WARNING | No heartbeat in the last 3010 ms (5 time(s) in a row).
2020-01-12 07:03:20.092 [IPEngineApp] WARNING | No heartbeat in the last 3010 ms (5 time(s) in a row).
2020-01-12 07:03:20.272 [IPEngineApp] WARNING | No heartbeat in the last 3010 ms (5 time(s) in a row).
2020-01-12 07:03:18.231 [IPEngineApp] WARNING | No heartbeat in the last 3010 ms (5 time(s) in a row).
2020-01-12 07:03:25.760 [IPEngineApp] WARNING | No heartbeat in the last 3010 ms (6 time(s) in a row).
2020-01-12 07:03:23.101 [IPEngineApp] WARNING | No heartbeat in the last 3010 ms (6 time(s) in a row).
2020-01-12 07:03:23.281 [IPEngineApp] WARNING | No heartbeat in the last 3010 ms (6 time(s) in a row).
2020-01-12 07:03:21.241 [IPEngineApp] WARNING | No heartbeat in the last 3010 ms (6 time(s) in a row).
2020-01-12 07:03:28.769 [IPEngineApp] WARNING | No heartbeat in the last 3010 ms (7 time(s) in a row).
2020-01-12 07:03:26.112 [IPEngineApp] WARNING | No heartbeat in the last 3010 ms (7 time(s) in a row).
2020-01-12 07:03:26.291 [IPEngineApp] WARNING | No heartbeat in the last 3010 ms (7 time(s) in a row).
2020-01-12 07:03:24.251 [IPEngineApp] WARNING | No heartbeat in the last 3010 ms (7 time(s) in a row).
2020-01-12 07:03:31.779 [IPEngineApp] WARNING | No heartbeat in the last 3010 ms (8 time(s) in a row).
2020-01-12 07:03:29.121 [IPEngineApp] WARNING | No heartbeat in the last 3010 ms (8 time(s) in a row).
2020-01-12 07:03:29.302 [IPEngineApp] WARNING | No heartbeat in the last 3010 ms (8 time(s) in a row).
2020-01-12 07:03:27.261 [IPEngineApp] WARNING | No heartbeat in the last 3010 ms (8 time(s) in a row).
2020-01-12 07:03:34.790 [IPEngineApp] WARNING | No heartbeat in the last 3010 ms (9 time(s) in a row).
2020-01-12 07:04:02.690 [IPControllerApp] WARNING | heartbeat::heart b'87fb0d06-4d63b69214ee992c76ea7ccf' missed a beat, and took 56984.93 ms to respond
2020-01-12 07:03:32.132 [IPEngineApp] WARNING | No heartbeat in the last 3010 ms (9 time(s) in a row).
2020-01-12 07:03:32.311 [IPEngineApp] WARNING | No heartbeat in the last 3010 ms (9 time(s) in a row).
2020-01-12 07:03:30.271 [IPEngineApp] WARNING | No heartbeat in the last 3010 ms (9 time(s) in a row).
2020-01-12 07:03:37.800 [IPEngineApp] WARNING | No heartbeat in the last 3010 ms (10 time(s) in a row).
2020-01-12 07:03:35.142 [IPEngineApp] WARNING | No heartbeat in the last 3010 ms (10 time(s) in a row).
2020-01-12 07:03:35.321 [IPEngineApp] WARNING | No heartbeat in the last 3010 ms (10 time(s) in a row).
2020-01-12 07:03:33.281 [IPEngineApp] WARNING | No heartbeat in the last 3010 ms (10 time(s) in a row).
2020-01-12 07:03:40.809 [IPEngineApp] WARNING | No heartbeat in the last 3010 ms (11 time(s) in a row).
2020-01-12 07:03:38.151 [IPEngineApp] WARNING | No heartbeat in the last 3010 ms (11 time(s) in a row).
2020-01-12 07:03:38.332 [IPEngineApp] WARNING | No heartbeat in the last 3010 ms (11 time(s) in a row).
2020-01-12 07:03:36.291 [IPEngineApp] WARNING | No heartbeat in the last 3010 ms (11 time(s) in a row).
2020-01-12 07:03:43.820 [IPEngineApp] WARNING | No heartbeat in the last 3010 ms (12 time(s) in a row).
2020-01-12 07:03:41.162 [IPEngineApp] WARNING | No heartbeat in the last 3010 ms (12 time(s) in a row).
2020-01-12 07:03:41.341 [IPEngineApp] WARNING | No heartbeat in the last 3010 ms (12 time(s) in a row).
2020-01-12 07:03:39.301 [IPEngineApp] WARNING | No heartbeat in the last 3010 ms (12 time(s) in a row).
2020-01-12 07:03:46.829 [IPEngineApp] WARNING | No heartbeat in the last 3010 ms (13 time(s) in a row).
2020-01-12 07:03:44.172 [IPEngineApp] WARNING | No heartbeat in the last 3010 ms (13 time(s) in a row).
2020-01-12 07:03:44.351 [IPEngineApp] WARNING | No heartbeat in the last 3010 ms (13 time(s) in a row).
2020-01-12 07:04:02.691 [IPControllerApp] WARNING | heartbeat::heart b'84130e9f-11af603d720a881651e2a116' missed a beat, and took 56986.29 ms to respond
2020-01-12 07:03:42.311 [IPEngineApp] WARNING | No heartbeat in the last 3010 ms (13 time(s) in a row).
2020-01-12 07:03:49.839 [IPEngineApp] WARNING | No heartbeat in the last 3010 ms (14 time(s) in a row).
2020-01-12 07:03:47.181 [IPEngineApp] WARNING | No heartbeat in the last 3010 ms (14 time(s) in a row).
2020-01-12 07:03:47.361 [IPEngineApp] WARNING | No heartbeat in the last 3010 ms (14 time(s) in a row).
2020-01-12 07:03:45.321 [IPEngineApp] WARNING | No heartbeat in the last 3010 ms (14 time(s) in a row).
2020-01-12 07:03:52.850 [IPEngineApp] WARNING | No heartbeat in the last 3010 ms (15 time(s) in a row).
2020-01-12 07:03:50.192 [IPEngineApp] WARNING | No heartbeat in the last 3010 ms (15 time(s) in a row).
2020-01-12 07:03:50.372 [IPEngineApp] WARNING | No heartbeat in the last 3010 ms (15 time(s) in a row).
2020-01-12 07:03:48.330 [IPEngineApp] WARNING | No heartbeat in the last 3010 ms (15 time(s) in a row).
2020-01-12 07:03:55.859 [IPEngineApp] WARNING | No heartbeat in the last 3010 ms (16 time(s) in a row).
2020-01-12 07:03:56.212 [IPEngineApp] WARNING | No heartbeat in the last 3010 ms (1 time(s) in a row).
2020-01-12 07:03:56.391 [IPEngineApp] WARNING | No heartbeat in the last 3010 ms (1 time(s) in a row).
2020-01-12 07:03:51.341 [IPEngineApp] WARNING | No heartbeat in the last 3010 ms (16 time(s) in a row).
2020-01-12 07:03:58.869 [IPEngineApp] WARNING | No heartbeat in the last 3010 ms (17 time(s) in a row).
2020-01-12 07:03:59.221 [IPEngineApp] WARNING | No heartbeat in the last 3010 ms (2 time(s) in a row).
2020-01-12 07:03:59.402 [IPEngineApp] WARNING | No heartbeat in the last 3010 ms (2 time(s) in a row).
2020-01-12 07:03:57.361 [IPEngineApp] WARNING | No heartbeat in the last 3010 ms (1 time(s) in a row).
2020-01-12 07:04:01.880 [IPEngineApp] WARNING | No heartbeat in the last 3010 ms (18 time(s) in a row).
2020-01-12 07:04:02.693 [IPControllerApp] WARNING | heartbeat::heart b'2cc08bb6-3d4f95f1a8ae4aa202e5bd04' missed a beat, and took 56987.59 ms to respond
2020-01-12 07:04:02.231 [IPEngineApp] WARNING | No heartbeat in the last 3010 ms (3 time(s) in a row).
2020-01-12 07:04:02.411 [IPEngineApp] WARNING | No heartbeat in the last 3010 ms (3 time(s) in a row).
2020-01-12 07:04:00.371 [IPEngineApp] WARNING | No heartbeat in the last 3010 ms (2 time(s) in a row).
2020-01-12 09:08:37.262 [IPControllerApp] task::task 'b1c0ea1f-e7062cd2fde3cb45df5c3e12' finished on 4
IOStream.flush timed out
IOStream.flush timed out
IOStream.flush timed out
IOStream.flush timed out
IOStream.flush timed out
IOStream.flush timed out
IOStream.flush timed out
IOStream.flush timed out
IOStream.flush timed out
2020-01-12 09:08:37.818 [IPEngineApp] WARNING | No heartbeat in the last 3010 ms (1 time(s) in a row).
slurmstepd: error: *** STEP 27371072.0 ON nid00868 CANCELLED AT 2020-01-12T10:01:10 DUE TO TIME LIMIT ***
2020-01-12 10:01:10.518 [IPControllerApp] CRITICAL | Received signal 15, shutting down
2020-01-12 10:01:10.518 [IPControllerApp] CRITICAL | terminating children...
srun: got SIGCONT
srun: forcing job termination
