[+] ------START TIME (ST): Sat Jan 11 14:37:16 PST 2020------
Start cluster...
Launching controller
2020-01-11 14:37:20.538 [IPControllerApp] Hub listening on tcp://10.128.2.185:42061 for registration.
2020-01-11 14:37:20.540 [IPControllerApp] Hub using DB backend: 'DictDB'
2020-01-11 14:37:20.792 [IPControllerApp] hub::created hub
2020-01-11 14:37:20.792 [IPControllerApp] writing connection info to /global/u2/m/muszyng/.ipython/profile_default/security/ipcontroller-cori_27363320-client.json
2020-01-11 14:37:20.813 [IPControllerApp] writing connection info to /global/u2/m/muszyng/.ipython/profile_default/security/ipcontroller-cori_27363320-engine.json
2020-01-11 14:37:20.819 [IPControllerApp] task::using Python leastload Task scheduler
2020-01-11 14:37:20.820 [IPControllerApp] Heartmonitor started
2020-01-11 14:37:20.842 [scheduler] Scheduler started [leastload]
2020-01-11 14:37:20.849 [IPControllerApp] Creating pid file: /global/u2/m/muszyng/.ipython/profile_default/pid/ipcontroller-cori_27363320.pid
2020-01-11 14:37:20.853 [IPControllerApp] client::client b'\x00k\x8bEg' requested 'connection_request'
2020-01-11 14:37:20.853 [IPControllerApp] client::client [b'\x00k\x8bEg'] connected
Launching engines
2020-01-11 14:37:53.902 [IPEngineApp] Loading url_file '/global/u2/m/muszyng/.ipython/profile_default/security/ipcontroller-cori_27363320-engine.json'
2020-01-11 14:37:53.908 [IPControllerApp] client::client b'a1535168-c6163fe2d960dbcb284c1458' requested 'registration_request'
2020-01-11 14:37:53.906 [IPEngineApp] Registering with controller at tcp://10.128.2.185:42061
2020-01-11 14:37:53.971 [IPEngineApp] Starting to monitor the heartbeat signal from the hub every 3010 ms.
2020-01-11 14:37:53.984 [IPEngineApp] Completed registration with id 0
2020-01-11 14:37:54.184 [IPEngineApp] Loading url_file '/global/u2/m/muszyng/.ipython/profile_default/security/ipcontroller-cori_27363320-engine.json'
2020-01-11 14:37:54.188 [IPEngineApp] Registering with controller at tcp://10.128.2.185:42061
2020-01-11 14:37:54.190 [IPControllerApp] client::client b'd2c4073c-aa58a9881000e12ce8638f31' requested 'registration_request'
2020-01-11 14:37:54.248 [IPEngineApp] Starting to monitor the heartbeat signal from the hub every 3010 ms.
2020-01-11 14:37:54.262 [IPEngineApp] Completed registration with id 1
2020-01-11 14:37:54.829 [IPEngineApp] Loading url_file '/global/u2/m/muszyng/.ipython/profile_default/security/ipcontroller-cori_27363320-engine.json'
2020-01-11 14:37:54.833 [IPEngineApp] Registering with controller at tcp://10.128.2.185:42061
2020-01-11 14:37:54.835 [IPControllerApp] client::client b'9cbb27ec-1228fddf39c118c2fe0a722e' requested 'registration_request'
2020-01-11 14:37:54.893 [IPEngineApp] Starting to monitor the heartbeat signal from the hub every 3010 ms.
2020-01-11 14:37:54.907 [IPEngineApp] Completed registration with id 2
2020-01-11 14:37:55.979 [IPEngineApp] Loading url_file '/global/u2/m/muszyng/.ipython/profile_default/security/ipcontroller-cori_27363320-engine.json'
2020-01-11 14:37:55.984 [IPEngineApp] Registering with controller at tcp://10.128.2.185:42061
2020-01-11 14:37:55.985 [IPControllerApp] client::client b'58724260-8cd49bd4097eb83bc1da0336' requested 'registration_request'
2020-01-11 14:37:56.032 [IPEngineApp] Loading url_file '/global/u2/m/muszyng/.ipython/profile_default/security/ipcontroller-cori_27363320-engine.json'
2020-01-11 14:37:56.038 [IPEngineApp] Registering with controller at tcp://10.128.2.185:42061
2020-01-11 14:37:56.039 [IPControllerApp] client::client b'2f878b12-c74681d4f07ab45d1cf23a0f' requested 'registration_request'
2020-01-11 14:37:56.056 [IPEngineApp] Starting to monitor the heartbeat signal from the hub every 3010 ms.
2020-01-11 14:37:56.070 [IPEngineApp] Completed registration with id 3
2020-01-11 14:37:56.105 [IPEngineApp] Starting to monitor the heartbeat signal from the hub every 3010 ms.
2020-01-11 14:37:56.120 [IPEngineApp] Completed registration with id 4
2020-01-11 14:37:59.824 [IPControllerApp] registration::finished registering engine 2:9cbb27ec-1228fddf39c118c2fe0a722e
2020-01-11 14:37:59.824 [IPControllerApp] engine::Engine Connected: 2
2020-01-11 14:37:59.832 [IPControllerApp] registration::finished registering engine 1:d2c4073c-aa58a9881000e12ce8638f31
2020-01-11 14:37:59.832 [IPControllerApp] engine::Engine Connected: 1
2020-01-11 14:37:59.835 [IPControllerApp] registration::finished registering engine 4:2f878b12-c74681d4f07ab45d1cf23a0f
2020-01-11 14:37:59.835 [IPControllerApp] engine::Engine Connected: 4
2020-01-11 14:37:59.837 [IPControllerApp] registration::finished registering engine 0:a1535168-c6163fe2d960dbcb284c1458
2020-01-11 14:37:59.838 [IPControllerApp] engine::Engine Connected: 0
2020-01-11 14:37:59.841 [IPControllerApp] registration::finished registering engine 3:58724260-8cd49bd4097eb83bc1da0336
2020-01-11 14:37:59.841 [IPControllerApp] engine::Engine Connected: 3
2020-01-11 14:38:31.088 [IPControllerApp] client::client b'\x00k\x8bEh' requested 'connection_request'
2020-01-11 14:38:31.088 [IPControllerApp] client::client [b'\x00k\x8bEh'] connected
Model_B_5 101 301 20
Job id: 27363320; Cluster id: cori_27363320
Worker IDs: [0, 1, 2, 3, 4]
Original order  ['5_train_0_.h5', '5_train_1_.h5', '5_train_2_.h5', '5_train_3_.h5', '5_train_4_.h5', '5_train_5_.h5', '5_train_6_.h5', '5_train_7_.h5', '5_train_8_.h5', '5_train_9_.h5', '5_train_10_.h5', '5_train_11_.h5', '5_train_12_.h5', '5_train_13_.h5', '5_train_14_.h5', '5_train_15_.h5', '5_train_16_.h5', '5_train_17_.h5', '5_train_18_.h5', '5_train_19_.h5'] ['5_val_0_.h5', '5_val_1_.h5', '5_val_2_.h5', '5_val_3_.h5', '5_val_4_.h5', '5_val_5_.h5', '5_val_6_.h5', '5_val_7_.h5', '5_val_8_.h5', '5_val_9_.h5', '5_val_10_.h5', '5_val_11_.h5', '5_val_12_.h5', '5_val_13_.h5', '5_val_14_.h5', '5_val_15_.h5', '5_val_16_.h5', '5_val_17_.h5', '5_val_18_.h5', '5_val_19_.h5']
Shuffled files: ['5_train_14_.h5', '5_train_4_.h5', '5_train_8_.h5', '5_train_3_.h5', '5_train_17_.h5', '5_train_5_.h5', '5_train_7_.h5', '5_train_10_.h5', '5_train_13_.h5', '5_train_15_.h5', '5_train_11_.h5', '5_train_9_.h5', '5_train_2_.h5', '5_train_0_.h5', '5_train_16_.h5', '5_train_12_.h5', '5_train_18_.h5', '5_train_19_.h5', '5_train_6_.h5', '5_train_1_.h5'] ['5_val_4_.h5', '5_val_18_.h5', '5_val_7_.h5', '5_val_5_.h5', '5_val_1_.h5', '5_val_12_.h5', '5_val_9_.h5', '5_val_19_.h5', '5_val_10_.h5', '5_val_17_.h5', '5_val_3_.h5', '5_val_11_.h5', '5_val_2_.h5', '5_val_15_.h5', '5_val_14_.h5', '5_val_6_.h5', '5_val_13_.h5', '5_val_8_.h5', '5_val_0_.h5', '5_val_16_.h5']
/global/cscratch1/sd/muszyng/cnn_model_runs/Model_B/Model_B_5/27363320
['ihp', 'n_hpo_trials', 'n_convs_layers', 'conv_sizes', 'n_fc_layers', 'fc_sizes', 'dropout', 'optimizer', 'lr', 'batch_sizes', 'n_epochs', 'repeats_conv', 'recep_fields', 'checkpoint_dir']
Hyperparameter trial 0 conv [ 64 128 256 512] fc [512 256 128  64] dropout 0.4009 opt Adam, lr 0.0000, batch sizes 32
Checkpoint file: /global/cscratch1/sd/muszyng/cnn_model_runs/Model_B/Model_B_5/27363320/model_0.h5
Hyperparameter trial 1 conv [ 64 128 256 512] fc [512 256 128  64] dropout 0.6511 opt Adam, lr 0.0000, batch sizes 128
Checkpoint file: /global/cscratch1/sd/muszyng/cnn_model_runs/Model_B/Model_B_5/27363320/model_1.h5
Hyperparameter trial 2 conv [ 64 128 256 512] fc [512 256 128  64] dropout 0.6664 opt Adam, lr 0.0000, batch sizes 32
Checkpoint file: /global/cscratch1/sd/muszyng/cnn_model_runs/Model_B/Model_B_5/27363320/model_2.h5
Hyperparameter trial 3 conv [ 64 128 256 512] fc [512 256 128  64] dropout 0.6506 opt Adam, lr 0.0000, batch sizes 64
Checkpoint file: /global/cscratch1/sd/muszyng/cnn_model_runs/Model_B/Model_B_5/27363320/model_3.h5
Hyperparameter trial 4 conv [ 64 128 256 512] fc [512 256 128  64] dropout 0.6836 opt Adam, lr 0.0000, batch sizes 32
Checkpoint file: /global/cscratch1/sd/muszyng/cnn_model_runs/Model_B/Model_B_5/27363320/model_4.h5
2020-01-11 14:38:31.110 [IPControllerApp] task::task '19a6bce8-c8f341587011e32077b14385' arrived on 3
2020-01-11 14:38:31.112 [IPControllerApp] task::task '0b7d0bfc-6a457f3b255f869d1fe012c0' arrived on 0
2020-01-11 14:38:31.114 [IPControllerApp] task::task 'f4dcb5f3-b1228259e3029bb063874569' arrived on 4
2020-01-11 14:38:31.117 [IPControllerApp] task::task '042fa06f-b6904c76518fb2f99a8364b5' arrived on 1
2020-01-11 14:38:31.120 [IPControllerApp] task::task 'b8b9265a-847dd962ab3a930b184c503c' arrived on 2
WARNING:tensorflow:From test_ipyparallel.py:101: The name tf.keras.backend.set_session is deprecated. Please use tf.compat.v1.keras.backend.set_session instead.

WARNING:tensorflow:From /global/u2/m/muszyng/project-cnn-tda/cnn-project/my_project/new_project_mid_lat/code_for_paper/project/Model_B/mlextras.py:39: The name tf.ConfigProto is deprecated. Please use tf.compat.v1.ConfigProto instead.

WARNING:tensorflow:From /global/u2/m/muszyng/project-cnn-tda/cnn-project/my_project/new_project_mid_lat/code_for_paper/project/Model_B/mlextras.py:43: The name tf.Session is deprecated. Please use tf.compat.v1.Session instead.

2020-01-11 14:38:34.158692: I tensorflow/core/platform/cpu_feature_guard.cc:145] This TensorFlow binary is optimized with Intel(R) MKL-DNN to use the following CPU instructions in performance critical operations:  SSE4.1 SSE4.2 AVX AVX2 FMA
To enable them in non-MKL-DNN operations, rebuild TensorFlow with the appropriate compiler flags.
2020-01-11 14:38:34.172884: I tensorflow/core/platform/profile_utils/cpu_utils.cc:94] CPU Frequency: 2299895000 Hz
2020-01-11 14:38:34.174597: I tensorflow/compiler/xla/service/service.cc:168] XLA service 0x55555844c230 initialized for platform Host (this does not guarantee that XLA will be used). Devices:
2020-01-11 14:38:34.174611: I tensorflow/compiler/xla/service/service.cc:176]   StreamExecutor device (0): Host, Default Version
WARNING:tensorflow:From /usr/common/software/tensorflow/intel-tensorflow/1.15.0-py37/lib/python3.7/site-packages/tensorflow_core/python/ops/resource_variable_ops.py:1630: calling BaseResourceVariable.__init__ (from tensorflow.python.ops.resource_variable_ops) with constraint is deprecated and will be removed in a future version.
Instructions for updating:
If using Keras pass *_constraint arguments to layers.
WARNING:tensorflow:Large dropout rate: 0.65112 (>0.5). In TensorFlow 2.x, dropout() uses dropout rate instead of keep_prob. Please ensure that this is intended.
WARNING:tensorflow:Large dropout rate: 0.65112 (>0.5). In TensorFlow 2.x, dropout() uses dropout rate instead of keep_prob. Please ensure that this is intended.
WARNING:tensorflow:Large dropout rate: 0.65112 (>0.5). In TensorFlow 2.x, dropout() uses dropout rate instead of keep_prob. Please ensure that this is intended.
WARNING:tensorflow:Large dropout rate: 0.65112 (>0.5). In TensorFlow 2.x, dropout() uses dropout rate instead of keep_prob. Please ensure that this is intended.
WARNING:tensorflow:From /usr/common/software/tensorflow/intel-tensorflow/1.15.0-py37/lib/python3.7/site-packages/tensorflow_core/python/ops/nn_impl.py:183: where (from tensorflow.python.ops.array_ops) is deprecated and will be removed in a future version.
Instructions for updating:
Use tf.where in 2.0, which has the same broadcast rule as np.where
WARNING:tensorflow:`epsilon` argument is deprecated and will be removed, use `min_delta` instead.
WARNING:tensorflow:`period` argument is deprecated. Please use `save_freq` to specify the frequency in number of samples seen.
WARNING:tensorflow:From test_ipyparallel.py:101: The name tf.keras.backend.set_session is deprecated. Please use tf.compat.v1.keras.backend.set_session instead.

WARNING:tensorflow:From /global/u2/m/muszyng/project-cnn-tda/cnn-project/my_project/new_project_mid_lat/code_for_paper/project/Model_B/mlextras.py:39: The name tf.ConfigProto is deprecated. Please use tf.compat.v1.ConfigProto instead.

WARNING:tensorflow:From /global/u2/m/muszyng/project-cnn-tda/cnn-project/my_project/new_project_mid_lat/code_for_paper/project/Model_B/mlextras.py:43: The name tf.Session is deprecated. Please use tf.compat.v1.Session instead.

2020-01-11 14:38:36.993953: I tensorflow/core/platform/cpu_feature_guard.cc:145] This TensorFlow binary is optimized with Intel(R) MKL-DNN to use the following CPU instructions in performance critical operations:  SSE4.1 SSE4.2 AVX AVX2 FMA
To enable them in non-MKL-DNN operations, rebuild TensorFlow with the appropriate compiler flags.
2020-01-11 14:38:37.028965: I tensorflow/core/platform/profile_utils/cpu_utils.cc:94] CPU Frequency: 2300110000 Hz
2020-01-11 14:38:37.030599: I tensorflow/compiler/xla/service/service.cc:168] XLA service 0x55555844c230 initialized for platform Host (this does not guarantee that XLA will be used). Devices:
2020-01-11 14:38:37.030614: I tensorflow/compiler/xla/service/service.cc:176]   StreamExecutor device (0): Host, Default Version
WARNING:tensorflow:From /usr/common/software/tensorflow/intel-tensorflow/1.15.0-py37/lib/python3.7/site-packages/tensorflow_core/python/ops/resource_variable_ops.py:1630: calling BaseResourceVariable.__init__ (from tensorflow.python.ops.resource_variable_ops) with constraint is deprecated and will be removed in a future version.
Instructions for updating:
If using Keras pass *_constraint arguments to layers.
WARNING:tensorflow:Large dropout rate: 0.650615 (>0.5). In TensorFlow 2.x, dropout() uses dropout rate instead of keep_prob. Please ensure that this is intended.
WARNING:tensorflow:Large dropout rate: 0.650615 (>0.5). In TensorFlow 2.x, dropout() uses dropout rate instead of keep_prob. Please ensure that this is intended.
WARNING:tensorflow:Large dropout rate: 0.650615 (>0.5). In TensorFlow 2.x, dropout() uses dropout rate instead of keep_prob. Please ensure that this is intended.
WARNING:tensorflow:Large dropout rate: 0.650615 (>0.5). In TensorFlow 2.x, dropout() uses dropout rate instead of keep_prob. Please ensure that this is intended.
WARNING:tensorflow:From /usr/common/software/tensorflow/intel-tensorflow/1.15.0-py37/lib/python3.7/site-packages/tensorflow_core/python/ops/nn_impl.py:183: where (from tensorflow.python.ops.array_ops) is deprecated and will be removed in a future version.
Instructions for updating:
Use tf.where in 2.0, which has the same broadcast rule as np.where
WARNING:tensorflow:`epsilon` argument is deprecated and will be removed, use `min_delta` instead.
WARNING:tensorflow:`period` argument is deprecated. Please use `save_freq` to specify the frequency in number of samples seen.
WARNING:tensorflow:From test_ipyparallel.py:101: The name tf.keras.backend.set_session is deprecated. Please use tf.compat.v1.keras.backend.set_session instead.

WARNING:tensorflow:From /global/u2/m/muszyng/project-cnn-tda/cnn-project/my_project/new_project_mid_lat/code_for_paper/project/Model_B/mlextras.py:39: The name tf.ConfigProto is deprecated. Please use tf.compat.v1.ConfigProto instead.

WARNING:tensorflow:From /global/u2/m/muszyng/project-cnn-tda/cnn-project/my_project/new_project_mid_lat/code_for_paper/project/Model_B/mlextras.py:43: The name tf.Session is deprecated. Please use tf.compat.v1.Session instead.

2020-01-11 14:38:39.517820: I tensorflow/core/platform/cpu_feature_guard.cc:145] This TensorFlow binary is optimized with Intel(R) MKL-DNN to use the following CPU instructions in performance critical operations:  SSE4.1 SSE4.2 AVX AVX2 FMA
To enable them in non-MKL-DNN operations, rebuild TensorFlow with the appropriate compiler flags.
2020-01-11 14:38:39.540545: I tensorflow/core/platform/profile_utils/cpu_utils.cc:94] CPU Frequency: 2300030000 Hz
2020-01-11 14:38:39.542143: I tensorflow/compiler/xla/service/service.cc:168] XLA service 0x55555844c230 initialized for platform Host (this does not guarantee that XLA will be used). Devices:
2020-01-11 14:38:39.542157: I tensorflow/compiler/xla/service/service.cc:176]   StreamExecutor device (0): Host, Default Version
WARNING:tensorflow:From /usr/common/software/tensorflow/intel-tensorflow/1.15.0-py37/lib/python3.7/site-packages/tensorflow_core/python/ops/resource_variable_ops.py:1630: calling BaseResourceVariable.__init__ (from tensorflow.python.ops.resource_variable_ops) with constraint is deprecated and will be removed in a future version.
Instructions for updating:
If using Keras pass *_constraint arguments to layers.
WARNING:tensorflow:Large dropout rate: 0.683646 (>0.5). In TensorFlow 2.x, dropout() uses dropout rate instead of keep_prob. Please ensure that this is intended.
WARNING:tensorflow:Large dropout rate: 0.683646 (>0.5). In TensorFlow 2.x, dropout() uses dropout rate instead of keep_prob. Please ensure that this is intended.
WARNING:tensorflow:Large dropout rate: 0.683646 (>0.5). In TensorFlow 2.x, dropout() uses dropout rate instead of keep_prob. Please ensure that this is intended.
WARNING:tensorflow:Large dropout rate: 0.683646 (>0.5). In TensorFlow 2.x, dropout() uses dropout rate instead of keep_prob. Please ensure that this is intended.
WARNING:tensorflow:From /usr/common/software/tensorflow/intel-tensorflow/1.15.0-py37/lib/python3.7/site-packages/tensorflow_core/python/ops/nn_impl.py:183: where (from tensorflow.python.ops.array_ops) is deprecated and will be removed in a future version.
Instructions for updating:
Use tf.where in 2.0, which has the same broadcast rule as np.where
WARNING:tensorflow:`epsilon` argument is deprecated and will be removed, use `min_delta` instead.
WARNING:tensorflow:`period` argument is deprecated. Please use `save_freq` to specify the frequency in number of samples seen.
WARNING:tensorflow:From test_ipyparallel.py:101: The name tf.keras.backend.set_session is deprecated. Please use tf.compat.v1.keras.backend.set_session instead.

WARNING:tensorflow:From /global/u2/m/muszyng/project-cnn-tda/cnn-project/my_project/new_project_mid_lat/code_for_paper/project/Model_B/mlextras.py:39: The name tf.ConfigProto is deprecated. Please use tf.compat.v1.ConfigProto instead.

WARNING:tensorflow:From /global/u2/m/muszyng/project-cnn-tda/cnn-project/my_project/new_project_mid_lat/code_for_paper/project/Model_B/mlextras.py:43: The name tf.Session is deprecated. Please use tf.compat.v1.Session instead.

2020-01-11 14:38:45.273691: I tensorflow/core/platform/cpu_feature_guard.cc:145] This TensorFlow binary is optimized with Intel(R) MKL-DNN to use the following CPU instructions in performance critical operations:  SSE4.1 SSE4.2 AVX AVX2 FMA
To enable them in non-MKL-DNN operations, rebuild TensorFlow with the appropriate compiler flags.
2020-01-11 14:38:45.294826: I tensorflow/core/platform/profile_utils/cpu_utils.cc:94] CPU Frequency: 2300030000 Hz
2020-01-11 14:38:45.296646: I tensorflow/compiler/xla/service/service.cc:168] XLA service 0x55555844c230 initialized for platform Host (this does not guarantee that XLA will be used). Devices:
2020-01-11 14:38:45.296661: I tensorflow/compiler/xla/service/service.cc:176]   StreamExecutor device (0): Host, Default Version
WARNING:tensorflow:From /usr/common/software/tensorflow/intel-tensorflow/1.15.0-py37/lib/python3.7/site-packages/tensorflow_core/python/ops/resource_variable_ops.py:1630: calling BaseResourceVariable.__init__ (from tensorflow.python.ops.resource_variable_ops) with constraint is deprecated and will be removed in a future version.
Instructions for updating:
If using Keras pass *_constraint arguments to layers.
WARNING:tensorflow:From /usr/common/software/tensorflow/intel-tensorflow/1.15.0-py37/lib/python3.7/site-packages/tensorflow_core/python/ops/nn_impl.py:183: where (from tensorflow.python.ops.array_ops) is deprecated and will be removed in a future version.
Instructions for updating:
Use tf.where in 2.0, which has the same broadcast rule as np.where
WARNING:tensorflow:`epsilon` argument is deprecated and will be removed, use `min_delta` instead.
WARNING:tensorflow:`period` argument is deprecated. Please use `save_freq` to specify the frequency in number of samples seen.
WARNING:tensorflow:From test_ipyparallel.py:101: The name tf.keras.backend.set_session is deprecated. Please use tf.compat.v1.keras.backend.set_session instead.

WARNING:tensorflow:From /global/u2/m/muszyng/project-cnn-tda/cnn-project/my_project/new_project_mid_lat/code_for_paper/project/Model_B/mlextras.py:39: The name tf.ConfigProto is deprecated. Please use tf.compat.v1.ConfigProto instead.

WARNING:tensorflow:From /global/u2/m/muszyng/project-cnn-tda/cnn-project/my_project/new_project_mid_lat/code_for_paper/project/Model_B/mlextras.py:43: The name tf.Session is deprecated. Please use tf.compat.v1.Session instead.

2020-01-11 14:38:46.211548: I tensorflow/core/platform/cpu_feature_guard.cc:145] This TensorFlow binary is optimized with Intel(R) MKL-DNN to use the following CPU instructions in performance critical operations:  SSE4.1 SSE4.2 AVX AVX2 FMA
To enable them in non-MKL-DNN operations, rebuild TensorFlow with the appropriate compiler flags.
2020-01-11 14:38:46.232863: I tensorflow/core/platform/profile_utils/cpu_utils.cc:94] CPU Frequency: 2300055000 Hz
2020-01-11 14:38:46.234459: I tensorflow/compiler/xla/service/service.cc:168] XLA service 0x55555844c230 initialized for platform Host (this does not guarantee that XLA will be used). Devices:
2020-01-11 14:38:46.234474: I tensorflow/compiler/xla/service/service.cc:176]   StreamExecutor device (0): Host, Default Version
WARNING:tensorflow:From /usr/common/software/tensorflow/intel-tensorflow/1.15.0-py37/lib/python3.7/site-packages/tensorflow_core/python/ops/resource_variable_ops.py:1630: calling BaseResourceVariable.__init__ (from tensorflow.python.ops.resource_variable_ops) with constraint is deprecated and will be removed in a future version.
Instructions for updating:
If using Keras pass *_constraint arguments to layers.
WARNING:tensorflow:Large dropout rate: 0.666424 (>0.5). In TensorFlow 2.x, dropout() uses dropout rate instead of keep_prob. Please ensure that this is intended.
WARNING:tensorflow:Large dropout rate: 0.666424 (>0.5). In TensorFlow 2.x, dropout() uses dropout rate instead of keep_prob. Please ensure that this is intended.
WARNING:tensorflow:Large dropout rate: 0.666424 (>0.5). In TensorFlow 2.x, dropout() uses dropout rate instead of keep_prob. Please ensure that this is intended.
WARNING:tensorflow:Large dropout rate: 0.666424 (>0.5). In TensorFlow 2.x, dropout() uses dropout rate instead of keep_prob. Please ensure that this is intended.
WARNING:tensorflow:From /usr/common/software/tensorflow/intel-tensorflow/1.15.0-py37/lib/python3.7/site-packages/tensorflow_core/python/ops/nn_impl.py:183: where (from tensorflow.python.ops.array_ops) is deprecated and will be removed in a future version.
Instructions for updating:
Use tf.where in 2.0, which has the same broadcast rule as np.where
WARNING:tensorflow:`epsilon` argument is deprecated and will be removed, use `min_delta` instead.
WARNING:tensorflow:`period` argument is deprecated. Please use `save_freq` to specify the frequency in number of samples seen.
2020-01-11 15:07:56.824 [IPControllerApp] heartbeat::missed b'9cbb27ec-1228fddf39c118c2fe0a722e' : 1
2020-01-11 15:08:39.201 [IPControllerApp] heartbeat::missed b'58724260-8cd49bd4097eb83bc1da0336' : 1
2020-01-11 15:08:39.202 [IPControllerApp] heartbeat::missed b'd2c4073c-aa58a9881000e12ce8638f31' : 1
2020-01-11 15:08:39.202 [IPControllerApp] heartbeat::missed b'2f878b12-c74681d4f07ab45d1cf23a0f' : 1
2020-01-11 15:08:41.823 [IPControllerApp] heartbeat::missed b'9cbb27ec-1228fddf39c118c2fe0a722e' : 2
2020-01-11 15:08:41.823 [IPControllerApp] heartbeat::missed b'58724260-8cd49bd4097eb83bc1da0336' : 2
2020-01-11 15:08:41.823 [IPControllerApp] heartbeat::missed b'd2c4073c-aa58a9881000e12ce8638f31' : 2
2020-01-11 15:08:41.824 [IPControllerApp] heartbeat::missed b'2f878b12-c74681d4f07ab45d1cf23a0f' : 2
2020-01-11 15:08:44.823 [IPControllerApp] heartbeat::missed b'9cbb27ec-1228fddf39c118c2fe0a722e' : 3
2020-01-11 15:08:44.824 [IPControllerApp] heartbeat::missed b'58724260-8cd49bd4097eb83bc1da0336' : 3
2020-01-11 15:08:44.824 [IPControllerApp] heartbeat::missed b'd2c4073c-aa58a9881000e12ce8638f31' : 3
2020-01-11 15:08:44.824 [IPControllerApp] heartbeat::missed b'2f878b12-c74681d4f07ab45d1cf23a0f' : 3
2020-01-11 15:08:47.731 [IPControllerApp] WARNING | heartbeat::got bad heartbeat (possibly old?): b'1833.0042145252228' (current=1884.004)
2020-01-11 15:08:47.732 [IPControllerApp] WARNING | heartbeat::got bad heartbeat (possibly old?): b'1833.0042145252228' (current=1884.004)
2020-01-11 15:08:47.732 [IPControllerApp] WARNING | heartbeat::got bad heartbeat (possibly old?): b'1833.0042145252228' (current=1884.004)
2020-01-11 15:08:47.733 [IPControllerApp] WARNING | heartbeat::got bad heartbeat (possibly old?): b'1833.0042145252228' (current=1884.004)
2020-01-11 15:08:47.733 [IPControllerApp] WARNING | heartbeat::got bad heartbeat (possibly old?): b'1836.003984928131' (current=1884.004)
2020-01-11 15:08:47.734 [IPControllerApp] WARNING | heartbeat::got bad heartbeat (possibly old?): b'1836.003984928131' (current=1884.004)
2020-01-11 15:08:47.734 [IPControllerApp] WARNING | heartbeat::got bad heartbeat (possibly old?): b'1836.003984928131' (current=1884.004)
2020-01-11 15:08:47.734 [IPControllerApp] WARNING | heartbeat::got bad heartbeat (possibly old?): b'1836.003984928131' (current=1884.004)
2020-01-11 15:08:47.735 [IPControllerApp] WARNING | heartbeat::heart b'2f878b12-c74681d4f07ab45d1cf23a0f' missed a beat, and took 5911.68 ms to respond
2020-01-11 15:08:47.735 [IPControllerApp] WARNING | heartbeat::heart b'58724260-8cd49bd4097eb83bc1da0336' missed a beat, and took 5912.06 ms to respond
2020-01-11 15:08:47.735 [IPControllerApp] WARNING | heartbeat::heart b'9cbb27ec-1228fddf39c118c2fe0a722e' missed a beat, and took 5912.35 ms to respond
2020-01-11 15:08:47.736 [IPControllerApp] WARNING | heartbeat::heart b'd2c4073c-aa58a9881000e12ce8638f31' missed a beat, and took 5912.65 ms to respond
slurmstepd: error: *** STEP 27363320.0 ON nid00692 CANCELLED AT 2020-01-11T18:00:00 ***
2020-01-11 18:00:00.537 [IPControllerApp] CRITICAL | Received signal 15, shutting down
2020-01-11 18:00:00.537 [IPControllerApp] CRITICAL | terminating children...
srun: got SIGCONT
srun: forcing job termination
