[+] ------START TIME (ST): Mon Mar  2 01:16:01 PST 2020------
Start cluster...
Launching controller
2020-03-02 01:16:04.287 [IPControllerApp] Hub listening on tcp://10.128.6.127:50217 for registration.
2020-03-02 01:16:04.288 [IPControllerApp] Hub using DB backend: 'DictDB'
2020-03-02 01:16:04.540 [IPControllerApp] hub::created hub
2020-03-02 01:16:04.540 [IPControllerApp] writing connection info to /global/u2/m/muszyng/.ipython/profile_default/security/ipcontroller-cori_28477099-client.json
2020-03-02 01:16:04.549 [IPControllerApp] writing connection info to /global/u2/m/muszyng/.ipython/profile_default/security/ipcontroller-cori_28477099-engine.json
2020-03-02 01:16:04.557 [IPControllerApp] task::using Python leastload Task scheduler
2020-03-02 01:16:04.557 [IPControllerApp] Heartmonitor started
2020-03-02 01:16:04.573 [IPControllerApp] Creating pid file: /global/u2/m/muszyng/.ipython/profile_default/pid/ipcontroller-cori_28477099.pid
2020-03-02 01:16:04.574 [scheduler] Scheduler started [leastload]
2020-03-02 01:16:04.576 [IPControllerApp] client::client b'\x00k\x8bEg' requested 'connection_request'
2020-03-02 01:16:04.576 [IPControllerApp] client::client [b'\x00k\x8bEg'] connected
Launching engines
2020-03-02 01:16:36.481 [IPEngineApp] Loading url_file '/global/u2/m/muszyng/.ipython/profile_default/security/ipcontroller-cori_28477099-engine.json'
2020-03-02 01:16:36.486 [IPControllerApp] client::client b'cda82fe4-d195ff8b73e4e712409afb44' requested 'registration_request'
2020-03-02 01:16:36.484 [IPEngineApp] Registering with controller at tcp://10.128.6.127:50217
2020-03-02 01:16:36.539 [IPEngineApp] Starting to monitor the heartbeat signal from the hub every 3010 ms.
2020-03-02 01:16:36.547 [IPEngineApp] Completed registration with id 0
2020-03-02 01:16:36.750 [IPEngineApp] Loading url_file '/global/u2/m/muszyng/.ipython/profile_default/security/ipcontroller-cori_28477099-engine.json'
2020-03-02 01:16:36.750 [IPEngineApp] Loading url_file '/global/u2/m/muszyng/.ipython/profile_default/security/ipcontroller-cori_28477099-engine.json'
2020-03-02 01:16:36.754 [IPEngineApp] Registering with controller at tcp://10.128.6.127:50217
2020-03-02 01:16:36.754 [IPEngineApp] Registering with controller at tcp://10.128.6.127:50217
2020-03-02 01:16:36.755 [IPControllerApp] client::client b'33632cec-3f0ca6c1d364bc60180e99ed' requested 'registration_request'
2020-03-02 01:16:36.756 [IPControllerApp] client::client b'f80b64f5-3edfed437e9bc73a32c4caa3' requested 'registration_request'
2020-03-02 01:16:36.779 [IPEngineApp] Loading url_file '/global/u2/m/muszyng/.ipython/profile_default/security/ipcontroller-cori_28477099-engine.json'
2020-03-02 01:16:36.782 [IPEngineApp] Registering with controller at tcp://10.128.6.127:50217
2020-03-02 01:16:36.784 [IPControllerApp] client::client b'28ea58ad-e59c2d1f4ae3fe4482bbffc9' requested 'registration_request'
2020-03-02 01:16:36.802 [IPEngineApp] Starting to monitor the heartbeat signal from the hub every 3010 ms.
2020-03-02 01:16:36.802 [IPEngineApp] Starting to monitor the heartbeat signal from the hub every 3010 ms.
2020-03-02 01:16:36.812 [IPEngineApp] Completed registration with id 1
2020-03-02 01:16:36.813 [IPEngineApp] Completed registration with id 2
2020-03-02 01:16:36.832 [IPEngineApp] Starting to monitor the heartbeat signal from the hub every 3010 ms.
2020-03-02 01:16:36.840 [IPEngineApp] Completed registration with id 3
2020-03-02 01:16:37.982 [IPEngineApp] Loading url_file '/global/u2/m/muszyng/.ipython/profile_default/security/ipcontroller-cori_28477099-engine.json'
2020-03-02 01:16:37.986 [IPEngineApp] Registering with controller at tcp://10.128.6.127:50217
2020-03-02 01:16:37.987 [IPControllerApp] client::client b'732602a2-ea4a937d3bbfa5361b9921dc' requested 'registration_request'
2020-03-02 01:16:38.040 [IPEngineApp] Starting to monitor the heartbeat signal from the hub every 3010 ms.
2020-03-02 01:16:38.047 [IPEngineApp] Completed registration with id 4
2020-03-02 01:16:40.560 [IPControllerApp] registration::finished registering engine 1:33632cec-3f0ca6c1d364bc60180e99ed
2020-03-02 01:16:40.560 [IPControllerApp] engine::Engine Connected: 1
2020-03-02 01:16:40.570 [IPControllerApp] registration::finished registering engine 2:f80b64f5-3edfed437e9bc73a32c4caa3
2020-03-02 01:16:40.570 [IPControllerApp] engine::Engine Connected: 2
2020-03-02 01:16:40.572 [IPControllerApp] registration::finished registering engine 0:cda82fe4-d195ff8b73e4e712409afb44
2020-03-02 01:16:40.572 [IPControllerApp] engine::Engine Connected: 0
2020-03-02 01:16:40.574 [IPControllerApp] registration::finished registering engine 3:28ea58ad-e59c2d1f4ae3fe4482bbffc9
2020-03-02 01:16:40.574 [IPControllerApp] engine::Engine Connected: 3
2020-03-02 01:16:43.561 [IPControllerApp] registration::finished registering engine 4:732602a2-ea4a937d3bbfa5361b9921dc
2020-03-02 01:16:43.562 [IPControllerApp] engine::Engine Connected: 4
Model_E_0 1 201 20
Job id: 28418838; Cluster id: cori_28418838
Waiting for connection file: /global/u2/m/muszyng/.ipython/profile_default/security/ipcontroller-cori_28418838-client.json
Traceback (most recent call last):
  File "test_ipyparallel.py", line 159, in <module>
    job_id, cluster_id, c = setup_cluster(model_name)
  File "test_ipyparallel.py", line 29, in setup_cluster
    c = ipp.Client(timeout=60, cluster_id=cluster_id)
  File "/usr/common/software/tensorflow/intel-tensorflow/1.15.0-py37/lib/python3.7/site-packages/ipyparallel/client/client.py", line 417, in __init__
    raise IOError(msg)
OSError: Connection file '/global/u2/m/muszyng/.ipython/profile_default/security/ipcontroller-cori_28418838-client.json' not found.
You have attempted to connect to an IPython Cluster but no Controller could be found.
Please double-check your configuration and ensure that a cluster is running.
2020-03-02 02:36:49.561 [IPControllerApp] heartbeat::missed b'33632cec-3f0ca6c1d364bc60180e99ed' : 1
2020-03-02 02:36:52.543 [IPEngineApp] WARNING | No heartbeat in the last 3010 ms (1 time(s) in a row).
2020-03-02 02:37:42.002 [IPControllerApp] heartbeat::missed b'732602a2-ea4a937d3bbfa5361b9921dc' : 1
2020-03-02 02:36:46.786 [IPEngineApp] WARNING | No heartbeat in the last 3010 ms (1 time(s) in a row).
2020-03-02 02:37:42.004 [IPControllerApp] heartbeat::missed b'f80b64f5-3edfed437e9bc73a32c4caa3' : 1
2020-03-02 02:36:46.816 [IPEngineApp] WARNING | No heartbeat in the last 3010 ms (1 time(s) in a row).
2020-03-02 02:36:46.786 [IPEngineApp] WARNING | No heartbeat in the last 3010 ms (1 time(s) in a row).
2020-03-02 02:37:42.005 [IPControllerApp] heartbeat::missed b'28ea58ad-e59c2d1f4ae3fe4482bbffc9' : 1
2020-03-02 02:36:55.553 [IPEngineApp] WARNING | No heartbeat in the last 3010 ms (2 time(s) in a row).
2020-03-02 02:36:49.795 [IPEngineApp] WARNING | No heartbeat in the last 3010 ms (2 time(s) in a row).
2020-03-02 02:36:49.825 [IPEngineApp] WARNING | No heartbeat in the last 3010 ms (2 time(s) in a row).
2020-03-02 02:36:49.795 [IPEngineApp] WARNING | No heartbeat in the last 3010 ms (2 time(s) in a row).
2020-03-02 02:37:42.007 [IPControllerApp] WARNING | heartbeat::heart b'33632cec-3f0ca6c1d364bc60180e99ed' missed a beat, and took 55446.66 ms to respond
2020-03-02 02:36:58.563 [IPEngineApp] WARNING | No heartbeat in the last 3010 ms (3 time(s) in a row).
2020-03-02 02:36:52.806 [IPEngineApp] WARNING | No heartbeat in the last 3010 ms (3 time(s) in a row).
2020-03-02 02:37:42.008 [IPControllerApp] WARNING | heartbeat::heart b'732602a2-ea4a937d3bbfa5361b9921dc' missed a beat, and took 55447.11 ms to respond
2020-03-02 02:36:52.836 [IPEngineApp] WARNING | No heartbeat in the last 3010 ms (3 time(s) in a row).
2020-03-02 02:36:52.806 [IPEngineApp] WARNING | No heartbeat in the last 3010 ms (3 time(s) in a row).
2020-03-02 02:37:42.008 [IPControllerApp] WARNING | heartbeat::heart b'28ea58ad-e59c2d1f4ae3fe4482bbffc9' missed a beat, and took 55447.39 ms to respond
2020-03-02 02:37:01.573 [IPEngineApp] WARNING | No heartbeat in the last 3010 ms (4 time(s) in a row).
2020-03-02 02:36:55.816 [IPEngineApp] WARNING | No heartbeat in the last 3010 ms (4 time(s) in a row).
2020-03-02 02:37:42.008 [IPControllerApp] WARNING | heartbeat::heart b'f80b64f5-3edfed437e9bc73a32c4caa3' missed a beat, and took 55447.65 ms to respond
2020-03-02 02:36:55.846 [IPEngineApp] WARNING | No heartbeat in the last 3010 ms (4 time(s) in a row).
2020-03-02 02:36:55.816 [IPEngineApp] WARNING | No heartbeat in the last 3010 ms (4 time(s) in a row).
2020-03-02 02:37:04.582 [IPEngineApp] WARNING | No heartbeat in the last 3010 ms (5 time(s) in a row).
2020-03-02 02:36:58.825 [IPEngineApp] WARNING | No heartbeat in the last 3010 ms (5 time(s) in a row).
2020-03-02 02:36:58.856 [IPEngineApp] WARNING | No heartbeat in the last 3010 ms (5 time(s) in a row).
2020-03-02 02:36:58.825 [IPEngineApp] WARNING | No heartbeat in the last 3010 ms (5 time(s) in a row).
2020-03-02 02:37:07.593 [IPEngineApp] WARNING | No heartbeat in the last 3010 ms (6 time(s) in a row).
2020-03-02 02:37:01.836 [IPEngineApp] WARNING | No heartbeat in the last 3010 ms (6 time(s) in a row).
2020-03-02 02:37:01.866 [IPEngineApp] WARNING | No heartbeat in the last 3010 ms (6 time(s) in a row).
2020-03-02 02:37:01.835 [IPEngineApp] WARNING | No heartbeat in the last 3010 ms (6 time(s) in a row).
2020-03-02 02:37:10.603 [IPEngineApp] WARNING | No heartbeat in the last 3010 ms (7 time(s) in a row).
2020-03-02 02:37:04.846 [IPEngineApp] WARNING | No heartbeat in the last 3010 ms (7 time(s) in a row).
2020-03-02 02:37:04.876 [IPEngineApp] WARNING | No heartbeat in the last 3010 ms (7 time(s) in a row).
2020-03-02 02:37:04.846 [IPEngineApp] WARNING | No heartbeat in the last 3010 ms (7 time(s) in a row).
2020-03-02 02:37:13.612 [IPEngineApp] WARNING | No heartbeat in the last 3010 ms (8 time(s) in a row).
2020-03-02 02:37:07.856 [IPEngineApp] WARNING | No heartbeat in the last 3010 ms (8 time(s) in a row).
2020-03-02 02:37:07.886 [IPEngineApp] WARNING | No heartbeat in the last 3010 ms (8 time(s) in a row).
2020-03-02 02:37:07.855 [IPEngineApp] WARNING | No heartbeat in the last 3010 ms (8 time(s) in a row).
2020-03-02 02:37:16.623 [IPEngineApp] WARNING | No heartbeat in the last 3010 ms (9 time(s) in a row).
2020-03-02 02:37:10.866 [IPEngineApp] WARNING | No heartbeat in the last 3010 ms (9 time(s) in a row).
2020-03-02 02:37:10.896 [IPEngineApp] WARNING | No heartbeat in the last 3010 ms (9 time(s) in a row).
2020-03-02 02:37:10.866 [IPEngineApp] WARNING | No heartbeat in the last 3010 ms (9 time(s) in a row).
2020-03-02 02:37:19.633 [IPEngineApp] WARNING | No heartbeat in the last 3010 ms (10 time(s) in a row).
2020-03-02 02:37:13.876 [IPEngineApp] WARNING | No heartbeat in the last 3010 ms (10 time(s) in a row).
2020-03-02 02:37:13.905 [IPEngineApp] WARNING | No heartbeat in the last 3010 ms (10 time(s) in a row).
2020-03-02 02:37:13.875 [IPEngineApp] WARNING | No heartbeat in the last 3010 ms (10 time(s) in a row).
2020-03-02 02:37:22.642 [IPEngineApp] WARNING | No heartbeat in the last 3010 ms (11 time(s) in a row).
2020-03-02 02:37:16.885 [IPEngineApp] WARNING | No heartbeat in the last 3010 ms (11 time(s) in a row).
2020-03-02 02:37:16.916 [IPEngineApp] WARNING | No heartbeat in the last 3010 ms (11 time(s) in a row).
2020-03-02 02:37:16.885 [IPEngineApp] WARNING | No heartbeat in the last 3010 ms (11 time(s) in a row).
2020-03-02 02:37:25.653 [IPEngineApp] WARNING | No heartbeat in the last 3010 ms (12 time(s) in a row).
2020-03-02 02:37:19.896 [IPEngineApp] WARNING | No heartbeat in the last 3010 ms (12 time(s) in a row).
2020-03-02 02:37:19.926 [IPEngineApp] WARNING | No heartbeat in the last 3010 ms (12 time(s) in a row).
2020-03-02 02:37:19.896 [IPEngineApp] WARNING | No heartbeat in the last 3010 ms (12 time(s) in a row).
2020-03-02 02:37:28.663 [IPEngineApp] WARNING | No heartbeat in the last 3010 ms (13 time(s) in a row).
2020-03-02 02:37:22.905 [IPEngineApp] WARNING | No heartbeat in the last 3010 ms (13 time(s) in a row).
2020-03-02 02:37:22.936 [IPEngineApp] WARNING | No heartbeat in the last 3010 ms (13 time(s) in a row).
2020-03-02 02:37:22.905 [IPEngineApp] WARNING | No heartbeat in the last 3010 ms (13 time(s) in a row).
2020-03-02 02:37:31.672 [IPEngineApp] WARNING | No heartbeat in the last 3010 ms (14 time(s) in a row).
2020-03-02 02:37:25.916 [IPEngineApp] WARNING | No heartbeat in the last 3010 ms (14 time(s) in a row).
2020-03-02 02:37:25.946 [IPEngineApp] WARNING | No heartbeat in the last 3010 ms (14 time(s) in a row).
2020-03-02 02:37:25.915 [IPEngineApp] WARNING | No heartbeat in the last 3010 ms (14 time(s) in a row).
2020-03-02 02:37:34.683 [IPEngineApp] WARNING | No heartbeat in the last 3010 ms (15 time(s) in a row).
2020-03-02 02:37:28.926 [IPEngineApp] WARNING | No heartbeat in the last 3010 ms (15 time(s) in a row).
2020-03-02 02:37:28.956 [IPEngineApp] WARNING | No heartbeat in the last 3010 ms (15 time(s) in a row).
2020-03-02 02:37:28.926 [IPEngineApp] WARNING | No heartbeat in the last 3010 ms (15 time(s) in a row).
2020-03-02 02:37:37.693 [IPEngineApp] WARNING | No heartbeat in the last 3010 ms (16 time(s) in a row).
2020-03-02 02:37:31.936 [IPEngineApp] WARNING | No heartbeat in the last 3010 ms (16 time(s) in a row).
2020-03-02 02:37:31.966 [IPEngineApp] WARNING | No heartbeat in the last 3010 ms (16 time(s) in a row).
2020-03-02 02:37:31.935 [IPEngineApp] WARNING | No heartbeat in the last 3010 ms (16 time(s) in a row).
2020-03-02 02:37:40.703 [IPEngineApp] WARNING | No heartbeat in the last 3010 ms (17 time(s) in a row).
2020-03-02 02:37:34.945 [IPEngineApp] WARNING | No heartbeat in the last 3010 ms (17 time(s) in a row).
2020-03-02 02:37:34.976 [IPEngineApp] WARNING | No heartbeat in the last 3010 ms (17 time(s) in a row).
2020-03-02 02:37:34.946 [IPEngineApp] WARNING | No heartbeat in the last 3010 ms (17 time(s) in a row).
2020-03-02 02:37:37.956 [IPEngineApp] WARNING | No heartbeat in the last 3010 ms (18 time(s) in a row).
2020-03-02 02:37:37.986 [IPEngineApp] WARNING | No heartbeat in the last 3010 ms (18 time(s) in a row).
2020-03-02 02:37:37.956 [IPEngineApp] WARNING | No heartbeat in the last 3010 ms (18 time(s) in a row).
2020-03-02 02:36:48.023 [IPEngineApp] WARNING | No heartbeat in the last 3010 ms (1 time(s) in a row).
2020-03-02 02:36:51.033 [IPEngineApp] WARNING | No heartbeat in the last 3010 ms (2 time(s) in a row).
2020-03-02 02:36:54.044 [IPEngineApp] WARNING | No heartbeat in the last 3010 ms (3 time(s) in a row).
2020-03-02 02:36:57.053 [IPEngineApp] WARNING | No heartbeat in the last 3010 ms (4 time(s) in a row).
2020-03-02 02:37:00.064 [IPEngineApp] WARNING | No heartbeat in the last 3010 ms (5 time(s) in a row).
2020-03-02 02:37:03.074 [IPEngineApp] WARNING | No heartbeat in the last 3010 ms (6 time(s) in a row).
2020-03-02 02:37:06.083 [IPEngineApp] WARNING | No heartbeat in the last 3010 ms (7 time(s) in a row).
2020-03-02 02:37:09.094 [IPEngineApp] WARNING | No heartbeat in the last 3010 ms (8 time(s) in a row).
2020-03-02 02:37:12.103 [IPEngineApp] WARNING | No heartbeat in the last 3010 ms (9 time(s) in a row).
2020-03-02 02:37:15.113 [IPEngineApp] WARNING | No heartbeat in the last 3010 ms (10 time(s) in a row).
2020-03-02 02:37:18.124 [IPEngineApp] WARNING | No heartbeat in the last 3010 ms (11 time(s) in a row).
2020-03-02 02:37:21.133 [IPEngineApp] WARNING | No heartbeat in the last 3010 ms (12 time(s) in a row).
2020-03-02 02:37:24.143 [IPEngineApp] WARNING | No heartbeat in the last 3010 ms (13 time(s) in a row).
2020-03-02 02:37:27.153 [IPEngineApp] WARNING | No heartbeat in the last 3010 ms (14 time(s) in a row).
2020-03-02 02:37:30.164 [IPEngineApp] WARNING | No heartbeat in the last 3010 ms (15 time(s) in a row).
2020-03-02 02:37:33.173 [IPEngineApp] WARNING | No heartbeat in the last 3010 ms (16 time(s) in a row).
2020-03-02 02:37:36.183 [IPEngineApp] WARNING | No heartbeat in the last 3010 ms (17 time(s) in a row).
2020-03-02 02:37:39.194 [IPEngineApp] WARNING | No heartbeat in the last 3010 ms (18 time(s) in a row).
2020-03-02 06:34:04.561 [IPControllerApp] heartbeat::missed b'33632cec-3f0ca6c1d364bc60180e99ed' : 1
2020-03-02 06:34:06.833 [IPEngineApp] WARNING | No heartbeat in the last 3010 ms (1 time(s) in a row).
2020-03-02 06:34:48.436 [IPControllerApp] heartbeat::missed b'732602a2-ea4a937d3bbfa5361b9921dc' : 1
2020-03-02 06:34:09.843 [IPEngineApp] WARNING | No heartbeat in the last 3010 ms (2 time(s) in a row).
2020-03-02 06:34:48.438 [IPControllerApp] heartbeat::missed b'f80b64f5-3edfed437e9bc73a32c4caa3' : 1
2020-03-02 06:34:12.853 [IPEngineApp] WARNING | No heartbeat in the last 3010 ms (3 time(s) in a row).
2020-03-02 06:34:48.438 [IPControllerApp] heartbeat::missed b'28ea58ad-e59c2d1f4ae3fe4482bbffc9' : 1
2020-03-02 06:34:15.863 [IPEngineApp] WARNING | No heartbeat in the last 3010 ms (4 time(s) in a row).
2020-03-02 06:34:18.873 [IPEngineApp] WARNING | No heartbeat in the last 3010 ms (5 time(s) in a row).
2020-03-02 06:34:21.883 [IPEngineApp] WARNING | No heartbeat in the last 3010 ms (6 time(s) in a row).
2020-03-02 06:34:24.893 [IPEngineApp] WARNING | No heartbeat in the last 3010 ms (7 time(s) in a row).
2020-03-02 06:34:27.903 [IPEngineApp] WARNING | No heartbeat in the last 3010 ms (8 time(s) in a row).
2020-03-02 06:34:30.913 [IPEngineApp] WARNING | No heartbeat in the last 3010 ms (9 time(s) in a row).
2020-03-02 06:34:33.923 [IPEngineApp] WARNING | No heartbeat in the last 3010 ms (10 time(s) in a row).
2020-03-02 06:34:36.933 [IPEngineApp] WARNING | No heartbeat in the last 3010 ms (11 time(s) in a row).
2020-03-02 06:34:39.943 [IPEngineApp] WARNING | No heartbeat in the last 3010 ms (12 time(s) in a row).
2020-03-02 06:34:42.953 [IPEngineApp] WARNING | No heartbeat in the last 3010 ms (13 time(s) in a row).
2020-03-02 06:34:45.962 [IPEngineApp] WARNING | No heartbeat in the last 3010 ms (14 time(s) in a row).
2020-03-02 06:34:49.559 [IPControllerApp] heartbeat::missed b'33632cec-3f0ca6c1d364bc60180e99ed' : 2
2020-03-02 06:34:49.559 [IPControllerApp] heartbeat::missed b'732602a2-ea4a937d3bbfa5361b9921dc' : 2
2020-03-02 06:34:49.559 [IPControllerApp] heartbeat::missed b'f80b64f5-3edfed437e9bc73a32c4caa3' : 2
2020-03-02 06:34:49.559 [IPControllerApp] heartbeat::missed b'28ea58ad-e59c2d1f4ae3fe4482bbffc9' : 2
2020-03-02 06:34:52.561 [IPControllerApp] heartbeat::missed b'33632cec-3f0ca6c1d364bc60180e99ed' : 3
2020-03-02 06:34:52.561 [IPControllerApp] heartbeat::missed b'732602a2-ea4a937d3bbfa5361b9921dc' : 3
2020-03-02 06:34:52.561 [IPControllerApp] heartbeat::missed b'f80b64f5-3edfed437e9bc73a32c4caa3' : 3
2020-03-02 06:34:52.562 [IPControllerApp] heartbeat::missed b'28ea58ad-e59c2d1f4ae3fe4482bbffc9' : 3
2020-03-02 06:34:55.345 [IPControllerApp] WARNING | heartbeat::got bad heartbeat (possibly old?): b'19077.0039331913' (current=19128.004)
2020-03-02 06:34:55.345 [IPControllerApp] WARNING | heartbeat::got bad heartbeat (possibly old?): b'19077.0039331913' (current=19128.004)
2020-03-02 06:34:55.346 [IPControllerApp] WARNING | heartbeat::got bad heartbeat (possibly old?): b'19077.0039331913' (current=19128.004)
2020-03-02 06:34:55.346 [IPControllerApp] WARNING | heartbeat::got bad heartbeat (possibly old?): b'19077.0039331913' (current=19128.004)
2020-03-02 06:34:55.346 [IPControllerApp] WARNING | heartbeat::got bad heartbeat (possibly old?): b'19080.003447771072' (current=19128.004)
2020-03-02 06:34:55.346 [IPControllerApp] WARNING | heartbeat::got bad heartbeat (possibly old?): b'19080.003447771072' (current=19128.004)
2020-03-02 06:34:55.346 [IPControllerApp] WARNING | heartbeat::got bad heartbeat (possibly old?): b'19080.003447771072' (current=19128.004)
2020-03-02 06:34:55.347 [IPControllerApp] WARNING | heartbeat::got bad heartbeat (possibly old?): b'19080.003447771072' (current=19128.004)
2020-03-02 06:34:55.347 [IPControllerApp] WARNING | heartbeat::heart b'28ea58ad-e59c2d1f4ae3fe4482bbffc9' missed a beat, and took 5788.34 ms to respond
2020-03-02 06:34:55.347 [IPControllerApp] WARNING | heartbeat::heart b'33632cec-3f0ca6c1d364bc60180e99ed' missed a beat, and took 5788.58 ms to respond
2020-03-02 06:34:55.347 [IPControllerApp] WARNING | heartbeat::heart b'732602a2-ea4a937d3bbfa5361b9921dc' missed a beat, and took 5788.79 ms to respond
2020-03-02 06:34:55.348 [IPControllerApp] WARNING | heartbeat::heart b'f80b64f5-3edfed437e9bc73a32c4caa3' missed a beat, and took 5789.02 ms to respond
2020-03-02 06:34:02.313 [IPEngineApp] WARNING | No heartbeat in the last 3010 ms (1 time(s) in a row).
2020-03-02 06:34:05.323 [IPEngineApp] WARNING | No heartbeat in the last 3010 ms (2 time(s) in a row).
2020-03-02 06:34:08.334 [IPEngineApp] WARNING | No heartbeat in the last 3010 ms (3 time(s) in a row).
2020-03-02 06:34:11.343 [IPEngineApp] WARNING | No heartbeat in the last 3010 ms (4 time(s) in a row).
2020-03-02 06:34:14.353 [IPEngineApp] WARNING | No heartbeat in the last 3010 ms (5 time(s) in a row).
2020-03-02 06:34:17.364 [IPEngineApp] WARNING | No heartbeat in the last 3010 ms (6 time(s) in a row).
2020-03-02 06:34:20.373 [IPEngineApp] WARNING | No heartbeat in the last 3010 ms (7 time(s) in a row).
2020-03-02 06:34:23.384 [IPEngineApp] WARNING | No heartbeat in the last 3010 ms (8 time(s) in a row).
2020-03-02 06:34:26.393 [IPEngineApp] WARNING | No heartbeat in the last 3010 ms (9 time(s) in a row).
2020-03-02 06:34:29.403 [IPEngineApp] WARNING | No heartbeat in the last 3010 ms (10 time(s) in a row).
2020-03-02 06:34:32.414 [IPEngineApp] WARNING | No heartbeat in the last 3010 ms (11 time(s) in a row).
2020-03-02 06:34:35.423 [IPEngineApp] WARNING | No heartbeat in the last 3010 ms (12 time(s) in a row).
2020-03-02 06:34:38.433 [IPEngineApp] WARNING | No heartbeat in the last 3010 ms (13 time(s) in a row).
2020-03-02 06:34:41.444 [IPEngineApp] WARNING | No heartbeat in the last 3010 ms (14 time(s) in a row).
2020-03-02 06:34:44.453 [IPEngineApp] WARNING | No heartbeat in the last 3010 ms (15 time(s) in a row).
2020-03-02 06:34:47.463 [IPEngineApp] WARNING | No heartbeat in the last 3010 ms (16 time(s) in a row).
2020-03-02 06:34:50.474 [IPEngineApp] WARNING | No heartbeat in the last 3010 ms (17 time(s) in a row).
2020-03-02 06:34:53.483 [IPEngineApp] WARNING | No heartbeat in the last 3010 ms (18 time(s) in a row).
2020-03-02 06:34:04.086 [IPEngineApp] WARNING | No heartbeat in the last 3010 ms (1 time(s) in a row).
2020-03-02 06:34:07.096 [IPEngineApp] WARNING | No heartbeat in the last 3010 ms (2 time(s) in a row).
2020-03-02 06:34:10.105 [IPEngineApp] WARNING | No heartbeat in the last 3010 ms (3 time(s) in a row).
2020-03-02 06:34:13.116 [IPEngineApp] WARNING | No heartbeat in the last 3010 ms (4 time(s) in a row).
2020-03-02 06:34:16.126 [IPEngineApp] WARNING | No heartbeat in the last 3010 ms (5 time(s) in a row).
2020-03-02 06:34:19.135 [IPEngineApp] WARNING | No heartbeat in the last 3010 ms (6 time(s) in a row).
2020-03-02 06:34:22.146 [IPEngineApp] WARNING | No heartbeat in the last 3010 ms (7 time(s) in a row).
2020-03-02 06:34:25.156 [IPEngineApp] WARNING | No heartbeat in the last 3010 ms (8 time(s) in a row).
2020-03-02 06:34:28.165 [IPEngineApp] WARNING | No heartbeat in the last 3010 ms (9 time(s) in a row).
2020-03-02 06:34:31.176 [IPEngineApp] WARNING | No heartbeat in the last 3010 ms (10 time(s) in a row).
2020-03-02 06:34:34.186 [IPEngineApp] WARNING | No heartbeat in the last 3010 ms (11 time(s) in a row).
2020-03-02 06:34:37.195 [IPEngineApp] WARNING | No heartbeat in the last 3010 ms (12 time(s) in a row).
2020-03-02 06:34:40.206 [IPEngineApp] WARNING | No heartbeat in the last 3010 ms (13 time(s) in a row).
2020-03-02 06:34:43.216 [IPEngineApp] WARNING | No heartbeat in the last 3010 ms (14 time(s) in a row).
2020-03-02 06:34:46.225 [IPEngineApp] WARNING | No heartbeat in the last 3010 ms (15 time(s) in a row).
2020-03-02 06:34:49.236 [IPEngineApp] WARNING | No heartbeat in the last 3010 ms (16 time(s) in a row).
2020-03-02 06:34:52.246 [IPEngineApp] WARNING | No heartbeat in the last 3010 ms (17 time(s) in a row).
2020-03-02 06:34:55.255 [IPEngineApp] WARNING | No heartbeat in the last 3010 ms (18 time(s) in a row).
2020-03-02 06:34:04.086 [IPEngineApp] WARNING | No heartbeat in the last 3010 ms (1 time(s) in a row).
2020-03-02 06:34:07.095 [IPEngineApp] WARNING | No heartbeat in the last 3010 ms (2 time(s) in a row).
2020-03-02 06:34:10.106 [IPEngineApp] WARNING | No heartbeat in the last 3010 ms (3 time(s) in a row).
2020-03-02 06:34:13.115 [IPEngineApp] WARNING | No heartbeat in the last 3010 ms (4 time(s) in a row).
2020-03-02 06:34:16.125 [IPEngineApp] WARNING | No heartbeat in the last 3010 ms (5 time(s) in a row).
2020-03-02 06:34:19.136 [IPEngineApp] WARNING | No heartbeat in the last 3010 ms (6 time(s) in a row).
2020-03-02 06:34:22.145 [IPEngineApp] WARNING | No heartbeat in the last 3010 ms (7 time(s) in a row).
2020-03-02 06:34:25.155 [IPEngineApp] WARNING | No heartbeat in the last 3010 ms (8 time(s) in a row).
2020-03-02 06:34:28.166 [IPEngineApp] WARNING | No heartbeat in the last 3010 ms (9 time(s) in a row).
2020-03-02 06:34:31.175 [IPEngineApp] WARNING | No heartbeat in the last 3010 ms (10 time(s) in a row).
2020-03-02 06:34:34.185 [IPEngineApp] WARNING | No heartbeat in the last 3010 ms (11 time(s) in a row).
2020-03-02 06:34:37.196 [IPEngineApp] WARNING | No heartbeat in the last 3010 ms (12 time(s) in a row).
2020-03-02 06:34:40.205 [IPEngineApp] WARNING | No heartbeat in the last 3010 ms (13 time(s) in a row).
2020-03-02 06:34:43.215 [IPEngineApp] WARNING | No heartbeat in the last 3010 ms (14 time(s) in a row).
2020-03-02 06:34:46.225 [IPEngineApp] WARNING | No heartbeat in the last 3010 ms (15 time(s) in a row).
2020-03-02 06:34:49.236 [IPEngineApp] WARNING | No heartbeat in the last 3010 ms (16 time(s) in a row).
2020-03-02 06:34:52.245 [IPEngineApp] WARNING | No heartbeat in the last 3010 ms (17 time(s) in a row).
2020-03-02 06:34:55.255 [IPEngineApp] WARNING | No heartbeat in the last 3010 ms (18 time(s) in a row).
2020-03-02 06:34:04.116 [IPEngineApp] WARNING | No heartbeat in the last 3010 ms (1 time(s) in a row).
2020-03-02 06:34:07.125 [IPEngineApp] WARNING | No heartbeat in the last 3010 ms (2 time(s) in a row).
2020-03-02 06:34:10.136 [IPEngineApp] WARNING | No heartbeat in the last 3010 ms (3 time(s) in a row).
2020-03-02 06:34:13.146 [IPEngineApp] WARNING | No heartbeat in the last 3010 ms (4 time(s) in a row).
2020-03-02 06:34:16.156 [IPEngineApp] WARNING | No heartbeat in the last 3010 ms (5 time(s) in a row).
2020-03-02 06:34:19.165 [IPEngineApp] WARNING | No heartbeat in the last 3010 ms (6 time(s) in a row).
2020-03-02 06:34:22.176 [IPEngineApp] WARNING | No heartbeat in the last 3010 ms (7 time(s) in a row).
2020-03-02 06:34:25.186 [IPEngineApp] WARNING | No heartbeat in the last 3010 ms (8 time(s) in a row).
2020-03-02 06:34:28.195 [IPEngineApp] WARNING | No heartbeat in the last 3010 ms (9 time(s) in a row).
2020-03-02 06:34:31.206 [IPEngineApp] WARNING | No heartbeat in the last 3010 ms (10 time(s) in a row).
2020-03-02 06:34:34.216 [IPEngineApp] WARNING | No heartbeat in the last 3010 ms (11 time(s) in a row).
2020-03-02 06:34:37.225 [IPEngineApp] WARNING | No heartbeat in the last 3010 ms (12 time(s) in a row).
2020-03-02 06:34:40.236 [IPEngineApp] WARNING | No heartbeat in the last 3010 ms (13 time(s) in a row).
2020-03-02 06:34:43.246 [IPEngineApp] WARNING | No heartbeat in the last 3010 ms (14 time(s) in a row).
2020-03-02 06:34:46.255 [IPEngineApp] WARNING | No heartbeat in the last 3010 ms (15 time(s) in a row).
2020-03-02 06:34:49.266 [IPEngineApp] WARNING | No heartbeat in the last 3010 ms (16 time(s) in a row).
2020-03-02 06:34:52.276 [IPEngineApp] WARNING | No heartbeat in the last 3010 ms (17 time(s) in a row).
2020-03-02 06:34:55.285 [IPEngineApp] WARNING | No heartbeat in the last 3010 ms (18 time(s) in a row).
slurmstepd: error: *** STEP 28477099.0 ON nid01650 CANCELLED AT 2020-03-02T11:17:14 DUE TO TIME LIMIT ***
2020-03-02 11:17:14.950 [IPControllerApp] CRITICAL | Received signal 15, shutting down
2020-03-02 11:17:14.950 [IPControllerApp] CRITICAL | terminating children...
srun: got SIGCONT
srun: forcing job termination
