[+] ------START TIME (ST): Tue Jan 21 08:59:23 PST 2020------
Start cluster...
Launching controller
2020-01-21 08:59:26.623 [IPControllerApp] Hub listening on tcp://10.128.5.169:57953 for registration.
2020-01-21 08:59:26.624 [IPControllerApp] Hub using DB backend: 'DictDB'
2020-01-21 08:59:26.876 [IPControllerApp] hub::created hub
2020-01-21 08:59:26.876 [IPControllerApp] writing connection info to /global/u2/m/muszyng/.ipython/profile_default/security/ipcontroller-cori_27529001-client.json
2020-01-21 08:59:26.894 [IPControllerApp] writing connection info to /global/u2/m/muszyng/.ipython/profile_default/security/ipcontroller-cori_27529001-engine.json
2020-01-21 08:59:26.914 [IPControllerApp] task::using Python leastload Task scheduler
2020-01-21 08:59:26.914 [IPControllerApp] Heartmonitor started
2020-01-21 08:59:26.934 [scheduler] Scheduler started [leastload]
2020-01-21 08:59:26.940 [IPControllerApp] Creating pid file: /global/u2/m/muszyng/.ipython/profile_default/pid/ipcontroller-cori_27529001.pid
2020-01-21 08:59:26.943 [IPControllerApp] client::client b'\x00k\x8bEg' requested 'connection_request'
2020-01-21 08:59:26.944 [IPControllerApp] client::client [b'\x00k\x8bEg'] connected
Launching engines
2020-01-21 08:59:55.780 [IPEngineApp] Loading url_file '/global/u2/m/muszyng/.ipython/profile_default/security/ipcontroller-cori_27529001-engine.json'
2020-01-21 08:59:55.785 [IPControllerApp] client::client b'1e3110e6-1806b6b5498712991f5fb93d' requested 'registration_request'
2020-01-21 08:59:55.783 [IPEngineApp] Registering with controller at tcp://10.128.5.169:57953
2020-01-21 08:59:55.841 [IPEngineApp] Starting to monitor the heartbeat signal from the hub every 3010 ms.
2020-01-21 08:59:55.851 [IPEngineApp] Completed registration with id 0
2020-01-21 08:59:56.099 [IPEngineApp] Loading url_file '/global/u2/m/muszyng/.ipython/profile_default/security/ipcontroller-cori_27529001-engine.json'
2020-01-21 08:59:56.103 [IPEngineApp] Registering with controller at tcp://10.128.5.169:57953
2020-01-21 08:59:56.104 [IPControllerApp] client::client b'9f0e1a24-36465a7717abbd3a954c2bbb' requested 'registration_request'
2020-01-21 08:59:56.157 [IPEngineApp] Starting to monitor the heartbeat signal from the hub every 3010 ms.
2020-01-21 08:59:56.167 [IPEngineApp] Completed registration with id 1
2020-01-21 08:59:56.177 [IPEngineApp] Loading url_file '/global/u2/m/muszyng/.ipython/profile_default/security/ipcontroller-cori_27529001-engine.json'
2020-01-21 08:59:56.181 [IPEngineApp] Registering with controller at tcp://10.128.5.169:57953
2020-01-21 08:59:56.182 [IPControllerApp] client::client b'96ab99ec-dd1be02b2856220d199cf729' requested 'registration_request'
2020-01-21 08:59:56.236 [IPEngineApp] Starting to monitor the heartbeat signal from the hub every 3010 ms.
2020-01-21 08:59:56.246 [IPEngineApp] Completed registration with id 2
2020-01-21 08:59:57.225 [IPEngineApp] Loading url_file '/global/u2/m/muszyng/.ipython/profile_default/security/ipcontroller-cori_27529001-engine.json'
2020-01-21 08:59:57.230 [IPEngineApp] Registering with controller at tcp://10.128.5.169:57953
2020-01-21 08:59:57.231 [IPControllerApp] client::client b'4649df38-316152d177ce90cf47109de6' requested 'registration_request'
2020-01-21 08:59:57.286 [IPEngineApp] Starting to monitor the heartbeat signal from the hub every 3010 ms.
2020-01-21 08:59:57.295 [IPEngineApp] Completed registration with id 3
2020-01-21 08:59:57.475 [IPEngineApp] Loading url_file '/global/u2/m/muszyng/.ipython/profile_default/security/ipcontroller-cori_27529001-engine.json'
2020-01-21 08:59:57.479 [IPEngineApp] Registering with controller at tcp://10.128.5.169:57953
2020-01-21 08:59:57.480 [IPControllerApp] client::client b'49797b36-2163a08a9478ac423bc69038' requested 'registration_request'
2020-01-21 08:59:57.541 [IPEngineApp] Starting to monitor the heartbeat signal from the hub every 3010 ms.
2020-01-21 08:59:57.550 [IPEngineApp] Completed registration with id 4
2020-01-21 08:59:59.917 [IPControllerApp] registration::finished registering engine 1:9f0e1a24-36465a7717abbd3a954c2bbb
2020-01-21 08:59:59.917 [IPControllerApp] engine::Engine Connected: 1
2020-01-21 08:59:59.960 [IPControllerApp] registration::finished registering engine 2:96ab99ec-dd1be02b2856220d199cf729
2020-01-21 08:59:59.961 [IPControllerApp] engine::Engine Connected: 2
2020-01-21 08:59:59.963 [IPControllerApp] registration::finished registering engine 0:1e3110e6-1806b6b5498712991f5fb93d
2020-01-21 08:59:59.964 [IPControllerApp] engine::Engine Connected: 0
2020-01-21 09:00:02.918 [IPControllerApp] registration::finished registering engine 3:4649df38-316152d177ce90cf47109de6
2020-01-21 09:00:02.918 [IPControllerApp] engine::Engine Connected: 3
2020-01-21 09:00:02.924 [IPControllerApp] registration::finished registering engine 4:49797b36-2163a08a9478ac423bc69038
2020-01-21 09:00:02.925 [IPControllerApp] engine::Engine Connected: 4
2020-01-21 09:00:35.361 [IPControllerApp] client::client b'\x00k\x8bEh' requested 'connection_request'
2020-01-21 09:00:35.361 [IPControllerApp] client::client [b'\x00k\x8bEh'] connected
Model_D_9 181 381 20
Job id: 27529001; Cluster id: cori_27529001
Worker IDs: [0, 1, 2, 3, 4]
Original order  ['9_train_0_.h5', '9_train_1_.h5', '9_train_2_.h5', '9_train_3_.h5', '9_train_4_.h5', '9_train_5_.h5', '9_train_6_.h5', '9_train_7_.h5', '9_train_8_.h5', '9_train_9_.h5', '9_train_10_.h5', '9_train_11_.h5', '9_train_12_.h5', '9_train_13_.h5', '9_train_14_.h5', '9_train_15_.h5', '9_train_16_.h5', '9_train_17_.h5', '9_train_18_.h5', '9_train_19_.h5'] ['9_val_0_.h5', '9_val_1_.h5', '9_val_2_.h5', '9_val_3_.h5', '9_val_4_.h5', '9_val_5_.h5', '9_val_6_.h5', '9_val_7_.h5', '9_val_8_.h5', '9_val_9_.h5', '9_val_10_.h5', '9_val_11_.h5', '9_val_12_.h5', '9_val_13_.h5', '9_val_14_.h5', '9_val_15_.h5', '9_val_16_.h5', '9_val_17_.h5', '9_val_18_.h5', '9_val_19_.h5']
Shuffled files: ['9_train_5_.h5', '9_train_7_.h5', '9_train_1_.h5', '9_train_13_.h5', '9_train_12_.h5', '9_train_2_.h5', '9_train_16_.h5', '9_train_15_.h5', '9_train_9_.h5', '9_train_17_.h5', '9_train_11_.h5', '9_train_14_.h5', '9_train_8_.h5', '9_train_0_.h5', '9_train_10_.h5', '9_train_19_.h5', '9_train_18_.h5', '9_train_6_.h5', '9_train_4_.h5', '9_train_3_.h5'] ['9_val_10_.h5', '9_val_12_.h5', '9_val_7_.h5', '9_val_8_.h5', '9_val_5_.h5', '9_val_1_.h5', '9_val_15_.h5', '9_val_2_.h5', '9_val_11_.h5', '9_val_17_.h5', '9_val_6_.h5', '9_val_0_.h5', '9_val_9_.h5', '9_val_19_.h5', '9_val_16_.h5', '9_val_14_.h5', '9_val_3_.h5', '9_val_13_.h5', '9_val_4_.h5', '9_val_18_.h5']
/global/cscratch1/sd/muszyng/cnn_model_runs/Model_D/Model_D_9/27529001
['ihp', 'n_hpo_trials', 'n_convs_layers', 'conv_sizes', 'n_fc_layers', 'fc_sizes', 'dropout', 'optimizer', 'lr', 'batch_sizes', 'n_epochs', 'repeats_conv', 'recep_fields', 'checkpoint_dir']
Hyperparameter trial 0 conv [ 64 128 256 512] fc [512 256 128  64] dropout 0.3193 opt Adam, lr 0.0000, batch sizes 128
Checkpoint file: /global/cscratch1/sd/muszyng/cnn_model_runs/Model_D/Model_D_9/27529001/model_0.h5
Hyperparameter trial 1 conv [ 64 128 256 512] fc [512 256 128  64] dropout 0.3553 opt Adam, lr 0.0000, batch sizes 256
Checkpoint file: /global/cscratch1/sd/muszyng/cnn_model_runs/Model_D/Model_D_9/27529001/model_1.h5
Hyperparameter trial 2 conv [ 64 128 256 512] fc [512 256 128  64] dropout 0.4531 opt Adam, lr 0.0000, batch sizes 128
Checkpoint file: /global/cscratch1/sd/muszyng/cnn_model_runs/Model_D/Model_D_9/27529001/model_2.h5
Hyperparameter trial 3 conv [ 64 128 256 512] fc [512 256 128  64] dropout 0.4676 opt Adam, lr 0.0000, batch sizes 128
Checkpoint file: /global/cscratch1/sd/muszyng/cnn_model_runs/Model_D/Model_D_9/27529001/model_3.h5
Hyperparameter trial 4 conv [ 64 128 256 512] fc [512 256 128  64] dropout 0.4965 opt Adam, lr 0.0000, batch sizes 256
Checkpoint file: /global/cscratch1/sd/muszyng/cnn_model_runs/Model_D/Model_D_9/27529001/model_4.h5
2020-01-21 09:00:36.675 [IPControllerApp] task::task '337938d8-5c7892b69c1334b514787acd' arrived on 4
2020-01-21 09:00:36.676 [IPControllerApp] task::task '8ce7934b-f33dedbf257dd466e8e3231e' arrived on 3
2020-01-21 09:00:36.677 [IPControllerApp] task::task '2d8f3e0d-6baa326fe27fa2e3d7cfeb2e' arrived on 0
2020-01-21 09:00:36.683 [IPControllerApp] task::task '31bf1328-87251afc86b59ccd3c5847be' arrived on 2
2020-01-21 09:00:36.684 [IPControllerApp] task::task '413e0d09-ec70c57602fd06ddec7d4335' arrived on 1
WARNING:tensorflow:From test_ipyparallel.py:101: The name tf.keras.backend.set_session is deprecated. Please use tf.compat.v1.keras.backend.set_session instead.

WARNING:tensorflow:From /global/u2/m/muszyng/project-cnn-tda/cnn-project/my_project/new_project_mid_lat/code_for_paper/project/Model_D/changed_dropout_batch_size/mlextras.py:39: The name tf.ConfigProto is deprecated. Please use tf.compat.v1.ConfigProto instead.

WARNING:tensorflow:From /global/u2/m/muszyng/project-cnn-tda/cnn-project/my_project/new_project_mid_lat/code_for_paper/project/Model_D/changed_dropout_batch_size/mlextras.py:43: The name tf.Session is deprecated. Please use tf.compat.v1.Session instead.

2020-01-21 09:00:39.479200: I tensorflow/core/platform/cpu_feature_guard.cc:145] This TensorFlow binary is optimized with Intel(R) MKL-DNN to use the following CPU instructions in performance critical operations:  SSE4.1 SSE4.2 AVX AVX2 FMA
To enable them in non-MKL-DNN operations, rebuild TensorFlow with the appropriate compiler flags.
2020-01-21 09:00:39.499783: I tensorflow/core/platform/profile_utils/cpu_utils.cc:94] CPU Frequency: 2299975000 Hz
2020-01-21 09:00:39.501545: I tensorflow/compiler/xla/service/service.cc:168] XLA service 0x55555844cce0 initialized for platform Host (this does not guarantee that XLA will be used). Devices:
2020-01-21 09:00:39.501571: I tensorflow/compiler/xla/service/service.cc:176]   StreamExecutor device (0): Host, Default Version
WARNING:tensorflow:From /usr/common/software/tensorflow/intel-tensorflow/1.15.0-py37/lib/python3.7/site-packages/tensorflow_core/python/ops/resource_variable_ops.py:1630: calling BaseResourceVariable.__init__ (from tensorflow.python.ops.resource_variable_ops) with constraint is deprecated and will be removed in a future version.
Instructions for updating:
If using Keras pass *_constraint arguments to layers.
WARNING:tensorflow:From /usr/common/software/tensorflow/intel-tensorflow/1.15.0-py37/lib/python3.7/site-packages/tensorflow_core/python/ops/nn_impl.py:183: where (from tensorflow.python.ops.array_ops) is deprecated and will be removed in a future version.
Instructions for updating:
Use tf.where in 2.0, which has the same broadcast rule as np.where
WARNING:tensorflow:`epsilon` argument is deprecated and will be removed, use `min_delta` instead.
WARNING:tensorflow:`period` argument is deprecated. Please use `save_freq` to specify the frequency in number of samples seen.
WARNING:tensorflow:From test_ipyparallel.py:101: The name tf.keras.backend.set_session is deprecated. Please use tf.compat.v1.keras.backend.set_session instead.

WARNING:tensorflow:From /global/u2/m/muszyng/project-cnn-tda/cnn-project/my_project/new_project_mid_lat/code_for_paper/project/Model_D/changed_dropout_batch_size/mlextras.py:39: The name tf.ConfigProto is deprecated. Please use tf.compat.v1.ConfigProto instead.

WARNING:tensorflow:From /global/u2/m/muszyng/project-cnn-tda/cnn-project/my_project/new_project_mid_lat/code_for_paper/project/Model_D/changed_dropout_batch_size/mlextras.py:43: The name tf.Session is deprecated. Please use tf.compat.v1.Session instead.

2020-01-21 09:00:42.107691: I tensorflow/core/platform/cpu_feature_guard.cc:145] This TensorFlow binary is optimized with Intel(R) MKL-DNN to use the following CPU instructions in performance critical operations:  SSE4.1 SSE4.2 AVX AVX2 FMA
To enable them in non-MKL-DNN operations, rebuild TensorFlow with the appropriate compiler flags.
2020-01-21 09:00:42.128593: I tensorflow/core/platform/profile_utils/cpu_utils.cc:94] CPU Frequency: 2299975000 Hz
2020-01-21 09:00:42.130391: I tensorflow/compiler/xla/service/service.cc:168] XLA service 0x55555844cce0 initialized for platform Host (this does not guarantee that XLA will be used). Devices:
2020-01-21 09:00:42.130414: I tensorflow/compiler/xla/service/service.cc:176]   StreamExecutor device (0): Host, Default Version
WARNING:tensorflow:From /usr/common/software/tensorflow/intel-tensorflow/1.15.0-py37/lib/python3.7/site-packages/tensorflow_core/python/ops/resource_variable_ops.py:1630: calling BaseResourceVariable.__init__ (from tensorflow.python.ops.resource_variable_ops) with constraint is deprecated and will be removed in a future version.
Instructions for updating:
If using Keras pass *_constraint arguments to layers.
WARNING:tensorflow:From test_ipyparallel.py:101: The name tf.keras.backend.set_session is deprecated. Please use tf.compat.v1.keras.backend.set_session instead.

WARNING:tensorflow:From /global/u2/m/muszyng/project-cnn-tda/cnn-project/my_project/new_project_mid_lat/code_for_paper/project/Model_D/changed_dropout_batch_size/mlextras.py:39: The name tf.ConfigProto is deprecated. Please use tf.compat.v1.ConfigProto instead.

WARNING:tensorflow:From /global/u2/m/muszyng/project-cnn-tda/cnn-project/my_project/new_project_mid_lat/code_for_paper/project/Model_D/changed_dropout_batch_size/mlextras.py:43: The name tf.Session is deprecated. Please use tf.compat.v1.Session instead.

2020-01-21 09:00:42.208860: I tensorflow/core/platform/cpu_feature_guard.cc:145] This TensorFlow binary is optimized with Intel(R) MKL-DNN to use the following CPU instructions in performance critical operations:  SSE4.1 SSE4.2 AVX AVX2 FMA
To enable them in non-MKL-DNN operations, rebuild TensorFlow with the appropriate compiler flags.
2020-01-21 09:00:42.245832: I tensorflow/core/platform/profile_utils/cpu_utils.cc:94] CPU Frequency: 2299875000 Hz
2020-01-21 09:00:42.247555: I tensorflow/compiler/xla/service/service.cc:168] XLA service 0x55555881abd0 initialized for platform Host (this does not guarantee that XLA will be used). Devices:
2020-01-21 09:00:42.247585: I tensorflow/compiler/xla/service/service.cc:176]   StreamExecutor device (0): Host, Default Version
WARNING:tensorflow:From /usr/common/software/tensorflow/intel-tensorflow/1.15.0-py37/lib/python3.7/site-packages/tensorflow_core/python/ops/resource_variable_ops.py:1630: calling BaseResourceVariable.__init__ (from tensorflow.python.ops.resource_variable_ops) with constraint is deprecated and will be removed in a future version.
Instructions for updating:
If using Keras pass *_constraint arguments to layers.
WARNING:tensorflow:From /usr/common/software/tensorflow/intel-tensorflow/1.15.0-py37/lib/python3.7/site-packages/tensorflow_core/python/ops/nn_impl.py:183: where (from tensorflow.python.ops.array_ops) is deprecated and will be removed in a future version.
Instructions for updating:
Use tf.where in 2.0, which has the same broadcast rule as np.where
WARNING:tensorflow:`epsilon` argument is deprecated and will be removed, use `min_delta` instead.
WARNING:tensorflow:`period` argument is deprecated. Please use `save_freq` to specify the frequency in number of samples seen.
WARNING:tensorflow:From /usr/common/software/tensorflow/intel-tensorflow/1.15.0-py37/lib/python3.7/site-packages/tensorflow_core/python/ops/nn_impl.py:183: where (from tensorflow.python.ops.array_ops) is deprecated and will be removed in a future version.
Instructions for updating:
Use tf.where in 2.0, which has the same broadcast rule as np.where
WARNING:tensorflow:`epsilon` argument is deprecated and will be removed, use `min_delta` instead.
WARNING:tensorflow:`period` argument is deprecated. Please use `save_freq` to specify the frequency in number of samples seen.
WARNING:tensorflow:From test_ipyparallel.py:101: The name tf.keras.backend.set_session is deprecated. Please use tf.compat.v1.keras.backend.set_session instead.

WARNING:tensorflow:From /global/u2/m/muszyng/project-cnn-tda/cnn-project/my_project/new_project_mid_lat/code_for_paper/project/Model_D/changed_dropout_batch_size/mlextras.py:39: The name tf.ConfigProto is deprecated. Please use tf.compat.v1.ConfigProto instead.

WARNING:tensorflow:From /global/u2/m/muszyng/project-cnn-tda/cnn-project/my_project/new_project_mid_lat/code_for_paper/project/Model_D/changed_dropout_batch_size/mlextras.py:43: The name tf.Session is deprecated. Please use tf.compat.v1.Session instead.

2020-01-21 09:00:47.197336: I tensorflow/core/platform/cpu_feature_guard.cc:145] This TensorFlow binary is optimized with Intel(R) MKL-DNN to use the following CPU instructions in performance critical operations:  SSE4.1 SSE4.2 AVX AVX2 FMA
To enable them in non-MKL-DNN operations, rebuild TensorFlow with the appropriate compiler flags.
2020-01-21 09:00:47.218146: I tensorflow/core/platform/profile_utils/cpu_utils.cc:94] CPU Frequency: 2300055000 Hz
2020-01-21 09:00:47.220001: I tensorflow/compiler/xla/service/service.cc:168] XLA service 0x5555587ac720 initialized for platform Host (this does not guarantee that XLA will be used). Devices:
2020-01-21 09:00:47.220015: I tensorflow/compiler/xla/service/service.cc:176]   StreamExecutor device (0): Host, Default Version
WARNING:tensorflow:From /usr/common/software/tensorflow/intel-tensorflow/1.15.0-py37/lib/python3.7/site-packages/tensorflow_core/python/ops/resource_variable_ops.py:1630: calling BaseResourceVariable.__init__ (from tensorflow.python.ops.resource_variable_ops) with constraint is deprecated and will be removed in a future version.
Instructions for updating:
If using Keras pass *_constraint arguments to layers.
WARNING:tensorflow:From test_ipyparallel.py:101: The name tf.keras.backend.set_session is deprecated. Please use tf.compat.v1.keras.backend.set_session instead.

WARNING:tensorflow:From /global/u2/m/muszyng/project-cnn-tda/cnn-project/my_project/new_project_mid_lat/code_for_paper/project/Model_D/changed_dropout_batch_size/mlextras.py:39: The name tf.ConfigProto is deprecated. Please use tf.compat.v1.ConfigProto instead.

WARNING:tensorflow:From /global/u2/m/muszyng/project-cnn-tda/cnn-project/my_project/new_project_mid_lat/code_for_paper/project/Model_D/changed_dropout_batch_size/mlextras.py:43: The name tf.Session is deprecated. Please use tf.compat.v1.Session instead.

2020-01-21 09:00:47.271266: I tensorflow/core/platform/cpu_feature_guard.cc:145] This TensorFlow binary is optimized with Intel(R) MKL-DNN to use the following CPU instructions in performance critical operations:  SSE4.1 SSE4.2 AVX AVX2 FMA
To enable them in non-MKL-DNN operations, rebuild TensorFlow with the appropriate compiler flags.
2020-01-21 09:00:47.291155: I tensorflow/core/platform/profile_utils/cpu_utils.cc:94] CPU Frequency: 2300055000 Hz
2020-01-21 09:00:47.292952: I tensorflow/compiler/xla/service/service.cc:168] XLA service 0x55555844cce0 initialized for platform Host (this does not guarantee that XLA will be used). Devices:
2020-01-21 09:00:47.292966: I tensorflow/compiler/xla/service/service.cc:176]   StreamExecutor device (0): Host, Default Version
WARNING:tensorflow:From /usr/common/software/tensorflow/intel-tensorflow/1.15.0-py37/lib/python3.7/site-packages/tensorflow_core/python/ops/resource_variable_ops.py:1630: calling BaseResourceVariable.__init__ (from tensorflow.python.ops.resource_variable_ops) with constraint is deprecated and will be removed in a future version.
Instructions for updating:
If using Keras pass *_constraint arguments to layers.
WARNING:tensorflow:From /usr/common/software/tensorflow/intel-tensorflow/1.15.0-py37/lib/python3.7/site-packages/tensorflow_core/python/ops/nn_impl.py:183: where (from tensorflow.python.ops.array_ops) is deprecated and will be removed in a future version.
Instructions for updating:
Use tf.where in 2.0, which has the same broadcast rule as np.where
WARNING:tensorflow:`epsilon` argument is deprecated and will be removed, use `min_delta` instead.
WARNING:tensorflow:`period` argument is deprecated. Please use `save_freq` to specify the frequency in number of samples seen.
WARNING:tensorflow:From /usr/common/software/tensorflow/intel-tensorflow/1.15.0-py37/lib/python3.7/site-packages/tensorflow_core/python/ops/nn_impl.py:183: where (from tensorflow.python.ops.array_ops) is deprecated and will be removed in a future version.
Instructions for updating:
Use tf.where in 2.0, which has the same broadcast rule as np.where
WARNING:tensorflow:`epsilon` argument is deprecated and will be removed, use `min_delta` instead.
WARNING:tensorflow:`period` argument is deprecated. Please use `save_freq` to specify the frequency in number of samples seen.
2020-01-21 13:57:34.778 [IPControllerApp] task::task '31bf1328-87251afc86b59ccd3c5847be' finished on 2
2020-01-21 14:14:48.706 [IPControllerApp] task::task '337938d8-5c7892b69c1334b514787acd' finished on 4
2020-01-21 14:15:10.652 [IPControllerApp] task::task '2d8f3e0d-6baa326fe27fa2e3d7cfeb2e' finished on 0
2020-01-21 21:52:58.807 [IPControllerApp] task::task '8ce7934b-f33dedbf257dd466e8e3231e' finished on 3
2020-01-21 23:37:48.874 [IPControllerApp] task::task '413e0d09-ec70c57602fd06ddec7d4335' finished on 1
slurmstepd: error: *** STEP 27529001.0 ON nid01438 CANCELLED AT 2020-01-21T23:59:48 DUE TO TIME LIMIT ***
srun: Job step aborted: Waiting up to 32 seconds for job step to finish.
srun: got SIGCONT
srun: forcing job termination
2020-01-21 23:59:48.438 [IPControllerApp] CRITICAL | Received signal 15, shutting down
2020-01-21 23:59:48.439 [IPControllerApp] CRITICAL | terminating children...
