[+] ------START TIME (ST): Sun Jan 19 19:12:46 PST 2020------
Start cluster...
Launching controller
2020-01-19 19:12:49.013 [IPControllerApp] Hub listening on tcp://10.128.2.236:37269 for registration.
2020-01-19 19:12:49.014 [IPControllerApp] Hub using DB backend: 'DictDB'
2020-01-19 19:12:49.267 [IPControllerApp] hub::created hub
2020-01-19 19:12:49.267 [IPControllerApp] writing connection info to /global/u2/m/muszyng/.ipython/profile_default/security/ipcontroller-cori_27511976-client.json
2020-01-19 19:12:49.284 [IPControllerApp] writing connection info to /global/u2/m/muszyng/.ipython/profile_default/security/ipcontroller-cori_27511976-engine.json
2020-01-19 19:12:49.297 [IPControllerApp] task::using Python leastload Task scheduler
2020-01-19 19:12:49.298 [IPControllerApp] Heartmonitor started
2020-01-19 19:12:49.315 [scheduler] Scheduler started [leastload]
2020-01-19 19:12:49.317 [IPControllerApp] Creating pid file: /global/u2/m/muszyng/.ipython/profile_default/pid/ipcontroller-cori_27511976.pid
2020-01-19 19:12:49.321 [IPControllerApp] client::client b'\x00k\x8bEg' requested 'connection_request'
2020-01-19 19:12:49.322 [IPControllerApp] client::client [b'\x00k\x8bEg'] connected
Launching engines
2020-01-19 19:13:19.541 [IPEngineApp] Loading url_file '/global/u2/m/muszyng/.ipython/profile_default/security/ipcontroller-cori_27511976-engine.json'
2020-01-19 19:13:19.546 [IPControllerApp] client::client b'6118d66f-3e6e661daec57c40db10aa6f' requested 'registration_request'
2020-01-19 19:13:19.545 [IPEngineApp] Registering with controller at tcp://10.128.2.236:37269
2020-01-19 19:13:19.598 [IPEngineApp] Starting to monitor the heartbeat signal from the hub every 3010 ms.
2020-01-19 19:13:19.609 [IPEngineApp] Completed registration with id 0
2020-01-19 19:13:19.807 [IPEngineApp] Loading url_file '/global/u2/m/muszyng/.ipython/profile_default/security/ipcontroller-cori_27511976-engine.json'
2020-01-19 19:13:19.810 [IPEngineApp] Registering with controller at tcp://10.128.2.236:37269
2020-01-19 19:13:19.811 [IPControllerApp] client::client b'cf1f5c59-e15ce1c31eb27500efda6100' requested 'registration_request'
2020-01-19 19:13:19.860 [IPEngineApp] Starting to monitor the heartbeat signal from the hub every 3010 ms.
2020-01-19 19:13:19.871 [IPEngineApp] Completed registration with id 1
2020-01-19 19:13:20.035 [IPEngineApp] Loading url_file '/global/u2/m/muszyng/.ipython/profile_default/security/ipcontroller-cori_27511976-engine.json'
2020-01-19 19:13:20.039 [IPEngineApp] Registering with controller at tcp://10.128.2.236:37269
2020-01-19 19:13:20.041 [IPControllerApp] client::client b'4e774fe3-52e22de9543161bb7265ccd3' requested 'registration_request'
2020-01-19 19:13:20.099 [IPEngineApp] Starting to monitor the heartbeat signal from the hub every 3010 ms.
2020-01-19 19:13:20.112 [IPEngineApp] Completed registration with id 2
2020-01-19 19:13:20.210 [IPEngineApp] Loading url_file '/global/u2/m/muszyng/.ipython/profile_default/security/ipcontroller-cori_27511976-engine.json'
2020-01-19 19:13:20.213 [IPEngineApp] Registering with controller at tcp://10.128.2.236:37269
2020-01-19 19:13:20.215 [IPControllerApp] client::client b'725de513-0b9c41d6223f917073cfe953' requested 'registration_request'
2020-01-19 19:13:20.273 [IPEngineApp] Starting to monitor the heartbeat signal from the hub every 3010 ms.
2020-01-19 19:13:20.286 [IPEngineApp] Completed registration with id 3
2020-01-19 19:13:21.860 [IPEngineApp] Loading url_file '/global/u2/m/muszyng/.ipython/profile_default/security/ipcontroller-cori_27511976-engine.json'
2020-01-19 19:13:21.865 [IPEngineApp] Registering with controller at tcp://10.128.2.236:37269
2020-01-19 19:13:21.867 [IPControllerApp] client::client b'ede2d2ad-a1cd21ac4b4829bff13bfadf' requested 'registration_request'
2020-01-19 19:13:21.936 [IPEngineApp] Starting to monitor the heartbeat signal from the hub every 3010 ms.
2020-01-19 19:13:21.956 [IPEngineApp] Completed registration with id 4
2020-01-19 19:13:25.301 [IPControllerApp] registration::finished registering engine 1:cf1f5c59-e15ce1c31eb27500efda6100
2020-01-19 19:13:25.302 [IPControllerApp] engine::Engine Connected: 1
2020-01-19 19:13:25.318 [IPControllerApp] registration::finished registering engine 2:4e774fe3-52e22de9543161bb7265ccd3
2020-01-19 19:13:25.319 [IPControllerApp] engine::Engine Connected: 2
2020-01-19 19:13:25.322 [IPControllerApp] registration::finished registering engine 4:ede2d2ad-a1cd21ac4b4829bff13bfadf
2020-01-19 19:13:25.322 [IPControllerApp] engine::Engine Connected: 4
2020-01-19 19:13:25.326 [IPControllerApp] registration::finished registering engine 0:6118d66f-3e6e661daec57c40db10aa6f
2020-01-19 19:13:25.326 [IPControllerApp] engine::Engine Connected: 0
2020-01-19 19:13:25.329 [IPControllerApp] registration::finished registering engine 3:725de513-0b9c41d6223f917073cfe953
2020-01-19 19:13:25.329 [IPControllerApp] engine::Engine Connected: 3
2020-01-19 19:13:52.757 [IPControllerApp] client::client b'\x00k\x8bEh' requested 'connection_request'
2020-01-19 19:13:52.758 [IPControllerApp] client::client [b'\x00k\x8bEh'] connected
Model_D_4 81 281 20
Job id: 27511976; Cluster id: cori_27511976
Worker IDs: [0, 1, 2, 3, 4]
Original order  ['4_train_0_.h5', '4_train_1_.h5', '4_train_2_.h5', '4_train_3_.h5', '4_train_4_.h5', '4_train_5_.h5', '4_train_6_.h5', '4_train_7_.h5', '4_train_8_.h5', '4_train_9_.h5', '4_train_10_.h5', '4_train_11_.h5', '4_train_12_.h5', '4_train_13_.h5', '4_train_14_.h5', '4_train_15_.h5', '4_train_16_.h5', '4_train_17_.h5', '4_train_18_.h5', '4_train_19_.h5'] ['4_val_0_.h5', '4_val_1_.h5', '4_val_2_.h5', '4_val_3_.h5', '4_val_4_.h5', '4_val_5_.h5', '4_val_6_.h5', '4_val_7_.h5', '4_val_8_.h5', '4_val_9_.h5', '4_val_10_.h5', '4_val_11_.h5', '4_val_12_.h5', '4_val_13_.h5', '4_val_14_.h5', '4_val_15_.h5', '4_val_16_.h5', '4_val_17_.h5', '4_val_18_.h5', '4_val_19_.h5']
Shuffled files: ['4_train_6_.h5', '4_train_19_.h5', '4_train_9_.h5', '4_train_4_.h5', '4_train_14_.h5', '4_train_8_.h5', '4_train_18_.h5', '4_train_2_.h5', '4_train_10_.h5', '4_train_16_.h5', '4_train_12_.h5', '4_train_17_.h5', '4_train_5_.h5', '4_train_3_.h5', '4_train_7_.h5', '4_train_13_.h5', '4_train_0_.h5', '4_train_1_.h5', '4_train_11_.h5', '4_train_15_.h5'] ['4_val_9_.h5', '4_val_17_.h5', '4_val_19_.h5', '4_val_7_.h5', '4_val_15_.h5', '4_val_10_.h5', '4_val_4_.h5', '4_val_12_.h5', '4_val_3_.h5', '4_val_18_.h5', '4_val_1_.h5', '4_val_6_.h5', '4_val_8_.h5', '4_val_0_.h5', '4_val_14_.h5', '4_val_16_.h5', '4_val_2_.h5', '4_val_5_.h5', '4_val_13_.h5', '4_val_11_.h5']
/global/cscratch1/sd/muszyng/cnn_model_runs/Model_D/Model_D_4/27511976
['ihp', 'n_hpo_trials', 'n_convs_layers', 'conv_sizes', 'n_fc_layers', 'fc_sizes', 'dropout', 'optimizer', 'lr', 'batch_sizes', 'n_epochs', 'repeats_conv', 'recep_fields', 'checkpoint_dir']
Hyperparameter trial 0 conv [ 64 128 256 512] fc [512 256 128  64] dropout 0.4176 opt Adam, lr 0.0000, batch sizes 64
Checkpoint file: /global/cscratch1/sd/muszyng/cnn_model_runs/Model_D/Model_D_4/27511976/model_0.h5
Hyperparameter trial 1 conv [ 64 128 256 512] fc [512 256 128  64] dropout 0.3397 opt Adam, lr 0.0000, batch sizes 64
Checkpoint file: /global/cscratch1/sd/muszyng/cnn_model_runs/Model_D/Model_D_4/27511976/model_1.h5
Hyperparameter trial 2 conv [ 64 128 256 512] fc [512 256 128  64] dropout 0.3292 opt Adam, lr 0.0000, batch sizes 128
Checkpoint file: /global/cscratch1/sd/muszyng/cnn_model_runs/Model_D/Model_D_4/27511976/model_2.h5
Hyperparameter trial 3 conv [ 64 128 256 512] fc [512 256 128  64] dropout 0.3152 opt Adam, lr 0.0000, batch sizes 64
Checkpoint file: /global/cscratch1/sd/muszyng/cnn_model_runs/Model_D/Model_D_4/27511976/model_3.h5
Hyperparameter trial 4 conv [ 64 128 256 512] fc [512 256 128  64] dropout 0.4064 opt Adam, lr 0.0000, batch sizes 128
Checkpoint file: /global/cscratch1/sd/muszyng/cnn_model_runs/Model_D/Model_D_4/27511976/model_4.h5
2020-01-19 19:13:52.775 [IPControllerApp] task::task 'eb0c3534-5f08a7add86429e98f28a4a9' arrived on 3
2020-01-19 19:13:52.777 [IPControllerApp] task::task 'd6afce0c-4560285cf1d15ff4473eed20' arrived on 0
2020-01-19 19:13:52.779 [IPControllerApp] task::task '8dd7253c-367c2e14add7f5c1ff78b026' arrived on 4
2020-01-19 19:13:52.782 [IPControllerApp] task::task 'b6c0901a-7065713260f5bd6fef261298' arrived on 2
2020-01-19 19:13:52.785 [IPControllerApp] task::task 'd1e9c8a7-99795c0de349f2ae45e74104' arrived on 1
WARNING:tensorflow:From test_ipyparallel.py:101: The name tf.keras.backend.set_session is deprecated. Please use tf.compat.v1.keras.backend.set_session instead.

WARNING:tensorflow:From /global/u2/m/muszyng/project-cnn-tda/cnn-project/my_project/new_project_mid_lat/code_for_paper/project/Model_D/changed_dropout_batch_size/mlextras.py:39: The name tf.ConfigProto is deprecated. Please use tf.compat.v1.ConfigProto instead.

WARNING:tensorflow:From /global/u2/m/muszyng/project-cnn-tda/cnn-project/my_project/new_project_mid_lat/code_for_paper/project/Model_D/changed_dropout_batch_size/mlextras.py:43: The name tf.Session is deprecated. Please use tf.compat.v1.Session instead.

2020-01-19 19:13:55.765643: I tensorflow/core/platform/cpu_feature_guard.cc:145] This TensorFlow binary is optimized with Intel(R) MKL-DNN to use the following CPU instructions in performance critical operations:  SSE4.1 SSE4.2 AVX AVX2 FMA
To enable them in non-MKL-DNN operations, rebuild TensorFlow with the appropriate compiler flags.
2020-01-19 19:13:55.787338: I tensorflow/core/platform/profile_utils/cpu_utils.cc:94] CPU Frequency: 2300120000 Hz
2020-01-19 19:13:55.789182: I tensorflow/compiler/xla/service/service.cc:168] XLA service 0x55555881a7b0 initialized for platform Host (this does not guarantee that XLA will be used). Devices:
2020-01-19 19:13:55.789228: I tensorflow/compiler/xla/service/service.cc:176]   StreamExecutor device (0): Host, Default Version
WARNING:tensorflow:From /usr/common/software/tensorflow/intel-tensorflow/1.15.0-py37/lib/python3.7/site-packages/tensorflow_core/python/ops/resource_variable_ops.py:1630: calling BaseResourceVariable.__init__ (from tensorflow.python.ops.resource_variable_ops) with constraint is deprecated and will be removed in a future version.
Instructions for updating:
If using Keras pass *_constraint arguments to layers.
WARNING:tensorflow:From /usr/common/software/tensorflow/intel-tensorflow/1.15.0-py37/lib/python3.7/site-packages/tensorflow_core/python/ops/nn_impl.py:183: where (from tensorflow.python.ops.array_ops) is deprecated and will be removed in a future version.
Instructions for updating:
Use tf.where in 2.0, which has the same broadcast rule as np.where
WARNING:tensorflow:`epsilon` argument is deprecated and will be removed, use `min_delta` instead.
WARNING:tensorflow:`period` argument is deprecated. Please use `save_freq` to specify the frequency in number of samples seen.
WARNING:tensorflow:From test_ipyparallel.py:101: The name tf.keras.backend.set_session is deprecated. Please use tf.compat.v1.keras.backend.set_session instead.

WARNING:tensorflow:From /global/u2/m/muszyng/project-cnn-tda/cnn-project/my_project/new_project_mid_lat/code_for_paper/project/Model_D/changed_dropout_batch_size/mlextras.py:39: The name tf.ConfigProto is deprecated. Please use tf.compat.v1.ConfigProto instead.

WARNING:tensorflow:From /global/u2/m/muszyng/project-cnn-tda/cnn-project/my_project/new_project_mid_lat/code_for_paper/project/Model_D/changed_dropout_batch_size/mlextras.py:43: The name tf.Session is deprecated. Please use tf.compat.v1.Session instead.

2020-01-19 19:13:57.250001: I tensorflow/core/platform/cpu_feature_guard.cc:145] This TensorFlow binary is optimized with Intel(R) MKL-DNN to use the following CPU instructions in performance critical operations:  SSE4.1 SSE4.2 AVX AVX2 FMA
To enable them in non-MKL-DNN operations, rebuild TensorFlow with the appropriate compiler flags.
2020-01-19 19:13:57.269678: I tensorflow/core/platform/profile_utils/cpu_utils.cc:94] CPU Frequency: 2299845000 Hz
2020-01-19 19:13:57.271394: I tensorflow/compiler/xla/service/service.cc:168] XLA service 0x555558f612b0 initialized for platform Host (this does not guarantee that XLA will be used). Devices:
2020-01-19 19:13:57.271409: I tensorflow/compiler/xla/service/service.cc:176]   StreamExecutor device (0): Host, Default Version
WARNING:tensorflow:From /usr/common/software/tensorflow/intel-tensorflow/1.15.0-py37/lib/python3.7/site-packages/tensorflow_core/python/ops/resource_variable_ops.py:1630: calling BaseResourceVariable.__init__ (from tensorflow.python.ops.resource_variable_ops) with constraint is deprecated and will be removed in a future version.
Instructions for updating:
If using Keras pass *_constraint arguments to layers.
WARNING:tensorflow:From /usr/common/software/tensorflow/intel-tensorflow/1.15.0-py37/lib/python3.7/site-packages/tensorflow_core/python/ops/nn_impl.py:183: where (from tensorflow.python.ops.array_ops) is deprecated and will be removed in a future version.
Instructions for updating:
Use tf.where in 2.0, which has the same broadcast rule as np.where
WARNING:tensorflow:`epsilon` argument is deprecated and will be removed, use `min_delta` instead.
WARNING:tensorflow:`period` argument is deprecated. Please use `save_freq` to specify the frequency in number of samples seen.
WARNING:tensorflow:From test_ipyparallel.py:101: The name tf.keras.backend.set_session is deprecated. Please use tf.compat.v1.keras.backend.set_session instead.

WARNING:tensorflow:From /global/u2/m/muszyng/project-cnn-tda/cnn-project/my_project/new_project_mid_lat/code_for_paper/project/Model_D/changed_dropout_batch_size/mlextras.py:39: The name tf.ConfigProto is deprecated. Please use tf.compat.v1.ConfigProto instead.

WARNING:tensorflow:From /global/u2/m/muszyng/project-cnn-tda/cnn-project/my_project/new_project_mid_lat/code_for_paper/project/Model_D/changed_dropout_batch_size/mlextras.py:43: The name tf.Session is deprecated. Please use tf.compat.v1.Session instead.

2020-01-19 19:13:58.606901: I tensorflow/core/platform/cpu_feature_guard.cc:145] This TensorFlow binary is optimized with Intel(R) MKL-DNN to use the following CPU instructions in performance critical operations:  SSE4.1 SSE4.2 AVX AVX2 FMA
To enable them in non-MKL-DNN operations, rebuild TensorFlow with the appropriate compiler flags.
2020-01-19 19:13:58.628208: I tensorflow/core/platform/profile_utils/cpu_utils.cc:94] CPU Frequency: 2300075000 Hz
2020-01-19 19:13:58.629892: I tensorflow/compiler/xla/service/service.cc:168] XLA service 0x55555850c0e0 initialized for platform Host (this does not guarantee that XLA will be used). Devices:
2020-01-19 19:13:58.629908: I tensorflow/compiler/xla/service/service.cc:176]   StreamExecutor device (0): Host, Default Version
WARNING:tensorflow:From /usr/common/software/tensorflow/intel-tensorflow/1.15.0-py37/lib/python3.7/site-packages/tensorflow_core/python/ops/resource_variable_ops.py:1630: calling BaseResourceVariable.__init__ (from tensorflow.python.ops.resource_variable_ops) with constraint is deprecated and will be removed in a future version.
Instructions for updating:
If using Keras pass *_constraint arguments to layers.
WARNING:tensorflow:From test_ipyparallel.py:101: The name tf.keras.backend.set_session is deprecated. Please use tf.compat.v1.keras.backend.set_session instead.

WARNING:tensorflow:From /global/u2/m/muszyng/project-cnn-tda/cnn-project/my_project/new_project_mid_lat/code_for_paper/project/Model_D/changed_dropout_batch_size/mlextras.py:39: The name tf.ConfigProto is deprecated. Please use tf.compat.v1.ConfigProto instead.

WARNING:tensorflow:From /global/u2/m/muszyng/project-cnn-tda/cnn-project/my_project/new_project_mid_lat/code_for_paper/project/Model_D/changed_dropout_batch_size/mlextras.py:43: The name tf.Session is deprecated. Please use tf.compat.v1.Session instead.

2020-01-19 19:13:58.766450: I tensorflow/core/platform/cpu_feature_guard.cc:145] This TensorFlow binary is optimized with Intel(R) MKL-DNN to use the following CPU instructions in performance critical operations:  SSE4.1 SSE4.2 AVX AVX2 FMA
To enable them in non-MKL-DNN operations, rebuild TensorFlow with the appropriate compiler flags.
2020-01-19 19:13:58.790339: I tensorflow/core/platform/profile_utils/cpu_utils.cc:94] CPU Frequency: 2299900000 Hz
2020-01-19 19:13:58.791889: I tensorflow/compiler/xla/service/service.cc:168] XLA service 0x555558f5ef00 initialized for platform Host (this does not guarantee that XLA will be used). Devices:
2020-01-19 19:13:58.791904: I tensorflow/compiler/xla/service/service.cc:176]   StreamExecutor device (0): Host, Default Version
WARNING:tensorflow:From /usr/common/software/tensorflow/intel-tensorflow/1.15.0-py37/lib/python3.7/site-packages/tensorflow_core/python/ops/resource_variable_ops.py:1630: calling BaseResourceVariable.__init__ (from tensorflow.python.ops.resource_variable_ops) with constraint is deprecated and will be removed in a future version.
Instructions for updating:
If using Keras pass *_constraint arguments to layers.
WARNING:tensorflow:From /usr/common/software/tensorflow/intel-tensorflow/1.15.0-py37/lib/python3.7/site-packages/tensorflow_core/python/ops/nn_impl.py:183: where (from tensorflow.python.ops.array_ops) is deprecated and will be removed in a future version.
Instructions for updating:
Use tf.where in 2.0, which has the same broadcast rule as np.where
WARNING:tensorflow:`epsilon` argument is deprecated and will be removed, use `min_delta` instead.
WARNING:tensorflow:`period` argument is deprecated. Please use `save_freq` to specify the frequency in number of samples seen.
WARNING:tensorflow:From /usr/common/software/tensorflow/intel-tensorflow/1.15.0-py37/lib/python3.7/site-packages/tensorflow_core/python/ops/nn_impl.py:183: where (from tensorflow.python.ops.array_ops) is deprecated and will be removed in a future version.
Instructions for updating:
Use tf.where in 2.0, which has the same broadcast rule as np.where
WARNING:tensorflow:`epsilon` argument is deprecated and will be removed, use `min_delta` instead.
WARNING:tensorflow:`period` argument is deprecated. Please use `save_freq` to specify the frequency in number of samples seen.
WARNING:tensorflow:From test_ipyparallel.py:101: The name tf.keras.backend.set_session is deprecated. Please use tf.compat.v1.keras.backend.set_session instead.

WARNING:tensorflow:From /global/u2/m/muszyng/project-cnn-tda/cnn-project/my_project/new_project_mid_lat/code_for_paper/project/Model_D/changed_dropout_batch_size/mlextras.py:39: The name tf.ConfigProto is deprecated. Please use tf.compat.v1.ConfigProto instead.

WARNING:tensorflow:From /global/u2/m/muszyng/project-cnn-tda/cnn-project/my_project/new_project_mid_lat/code_for_paper/project/Model_D/changed_dropout_batch_size/mlextras.py:43: The name tf.Session is deprecated. Please use tf.compat.v1.Session instead.

2020-01-19 19:14:06.013707: I tensorflow/core/platform/cpu_feature_guard.cc:145] This TensorFlow binary is optimized with Intel(R) MKL-DNN to use the following CPU instructions in performance critical operations:  SSE4.1 SSE4.2 AVX AVX2 FMA
To enable them in non-MKL-DNN operations, rebuild TensorFlow with the appropriate compiler flags.
2020-01-19 19:14:06.037628: I tensorflow/core/platform/profile_utils/cpu_utils.cc:94] CPU Frequency: 2299980000 Hz
2020-01-19 19:14:06.039470: I tensorflow/compiler/xla/service/service.cc:168] XLA service 0x55555881a3b0 initialized for platform Host (this does not guarantee that XLA will be used). Devices:
2020-01-19 19:14:06.039486: I tensorflow/compiler/xla/service/service.cc:176]   StreamExecutor device (0): Host, Default Version
WARNING:tensorflow:From /usr/common/software/tensorflow/intel-tensorflow/1.15.0-py37/lib/python3.7/site-packages/tensorflow_core/python/ops/resource_variable_ops.py:1630: calling BaseResourceVariable.__init__ (from tensorflow.python.ops.resource_variable_ops) with constraint is deprecated and will be removed in a future version.
Instructions for updating:
If using Keras pass *_constraint arguments to layers.
WARNING:tensorflow:From /usr/common/software/tensorflow/intel-tensorflow/1.15.0-py37/lib/python3.7/site-packages/tensorflow_core/python/ops/nn_impl.py:183: where (from tensorflow.python.ops.array_ops) is deprecated and will be removed in a future version.
Instructions for updating:
Use tf.where in 2.0, which has the same broadcast rule as np.where
WARNING:tensorflow:`epsilon` argument is deprecated and will be removed, use `min_delta` instead.
WARNING:tensorflow:`period` argument is deprecated. Please use `save_freq` to specify the frequency in number of samples seen.
2020-01-20 00:09:12.278 [IPControllerApp] task::task 'b6c0901a-7065713260f5bd6fef261298' finished on 2
2020-01-20 00:09:13.083 [IPEngineApp] WARNING | No heartbeat in the last 3010 ms (1 time(s) in a row).
2020-01-20 00:25:24.167 [IPControllerApp] task::task 'eb0c3534-5f08a7add86429e98f28a4a9' finished on 3
2020-01-20 00:48:41.465 [IPControllerApp] task::task 'd1e9c8a7-99795c0de349f2ae45e74104' finished on 1
IOStream.flush timed out
2020-01-20 00:48:41.711 [IPEngineApp] WARNING | No heartbeat in the last 3010 ms (1 time(s) in a row).
2020-01-20 08:30:00.116 [IPControllerApp] task::task '8dd7253c-367c2e14add7f5c1ff78b026' finished on 4
IOStream.flush timed out
IOStream.flush timed out
2020-01-20 08:30:00.781 [IPEngineApp] WARNING | No heartbeat in the last 3010 ms (1 time(s) in a row).
srun: Job step aborted: Waiting up to 32 seconds for job step to finish.
slurmstepd: error: *** STEP 27511976.0 ON nid00743 CANCELLED AT 2020-01-20T10:13:00 DUE TO TIME LIMIT ***
srun: got SIGCONT
srun: forcing job termination
2020-01-20 10:13:00.244 [IPControllerApp] CRITICAL | Received signal 15, shutting down
2020-01-20 10:13:00.245 [IPControllerApp] CRITICAL | terminating children...
