[+] ------START TIME (ST): Sun Jan 19 19:34:02 PST 2020------
Start cluster...
Launching controller
2020-01-19 19:34:03.856 [IPControllerApp] Hub listening on tcp://10.128.6.147:57907 for registration.
2020-01-19 19:34:03.857 [IPControllerApp] Hub using DB backend: 'DictDB'
2020-01-19 19:34:04.109 [IPControllerApp] hub::created hub
2020-01-19 19:34:04.109 [IPControllerApp] writing connection info to /global/u2/m/muszyng/.ipython/profile_default/security/ipcontroller-cori_27512008-client.json
2020-01-19 19:34:04.124 [IPControllerApp] writing connection info to /global/u2/m/muszyng/.ipython/profile_default/security/ipcontroller-cori_27512008-engine.json
2020-01-19 19:34:04.133 [IPControllerApp] task::using Python leastload Task scheduler
2020-01-19 19:34:04.133 [IPControllerApp] Heartmonitor started
2020-01-19 19:34:04.150 [scheduler] Scheduler started [leastload]
2020-01-19 19:34:04.158 [IPControllerApp] Creating pid file: /global/u2/m/muszyng/.ipython/profile_default/pid/ipcontroller-cori_27512008.pid
2020-01-19 19:34:04.162 [IPControllerApp] client::client b'\x00k\x8bEg' requested 'connection_request'
2020-01-19 19:34:04.163 [IPControllerApp] client::client [b'\x00k\x8bEg'] connected
Launching engines
2020-01-19 19:34:33.673 [IPEngineApp] Loading url_file '/global/u2/m/muszyng/.ipython/profile_default/security/ipcontroller-cori_27512008-engine.json'
2020-01-19 19:34:33.678 [IPControllerApp] client::client b'04b8dc8a-8ab339f157e61c6c6e98ea71' requested 'registration_request'
2020-01-19 19:34:33.677 [IPEngineApp] Registering with controller at tcp://10.128.6.147:57907
2020-01-19 19:34:33.727 [IPEngineApp] Starting to monitor the heartbeat signal from the hub every 3010 ms.
2020-01-19 19:34:33.736 [IPEngineApp] Completed registration with id 0
2020-01-19 19:34:34.078 [IPEngineApp] Loading url_file '/global/u2/m/muszyng/.ipython/profile_default/security/ipcontroller-cori_27512008-engine.json'
2020-01-19 19:34:34.082 [IPEngineApp] Registering with controller at tcp://10.128.6.147:57907
2020-01-19 19:34:34.083 [IPControllerApp] client::client b'772f6a1b-56dfee8e575cec3813ec82c0' requested 'registration_request'
2020-01-19 19:34:34.135 [IPEngineApp] Starting to monitor the heartbeat signal from the hub every 3010 ms.
2020-01-19 19:34:34.147 [IPEngineApp] Completed registration with id 1
2020-01-19 19:34:34.181 [IPEngineApp] Loading url_file '/global/u2/m/muszyng/.ipython/profile_default/security/ipcontroller-cori_27512008-engine.json'
2020-01-19 19:34:34.189 [IPEngineApp] Registering with controller at tcp://10.128.6.147:57907
2020-01-19 19:34:34.190 [IPControllerApp] client::client b'f8eeffc4-eaee37c0ccb319c4051a6c40' requested 'registration_request'
2020-01-19 19:34:34.235 [IPEngineApp] Loading url_file '/global/u2/m/muszyng/.ipython/profile_default/security/ipcontroller-cori_27512008-engine.json'
2020-01-19 19:34:34.239 [IPEngineApp] Registering with controller at tcp://10.128.6.147:57907
2020-01-19 19:34:34.240 [IPControllerApp] client::client b'0c30bca6-c1871760f3a03e288fa7f71e' requested 'registration_request'
2020-01-19 19:34:34.244 [IPEngineApp] Starting to monitor the heartbeat signal from the hub every 3010 ms.
2020-01-19 19:34:34.254 [IPEngineApp] Completed registration with id 2
2020-01-19 19:34:34.295 [IPEngineApp] Starting to monitor the heartbeat signal from the hub every 3010 ms.
2020-01-19 19:34:34.303 [IPEngineApp] Completed registration with id 3
2020-01-19 19:34:34.357 [IPEngineApp] Loading url_file '/global/u2/m/muszyng/.ipython/profile_default/security/ipcontroller-cori_27512008-engine.json'
2020-01-19 19:34:34.362 [IPControllerApp] client::client b'0cd7aece-19d0fa8f421efa191811c9a8' requested 'registration_request'
2020-01-19 19:34:34.361 [IPEngineApp] Registering with controller at tcp://10.128.6.147:57907
2020-01-19 19:34:34.414 [IPEngineApp] Starting to monitor the heartbeat signal from the hub every 3010 ms.
2020-01-19 19:34:34.424 [IPEngineApp] Completed registration with id 4
2020-01-19 19:34:37.137 [IPControllerApp] registration::finished registering engine 1:772f6a1b-56dfee8e575cec3813ec82c0
2020-01-19 19:34:37.138 [IPControllerApp] engine::Engine Connected: 1
2020-01-19 19:34:37.153 [IPControllerApp] registration::finished registering engine 0:04b8dc8a-8ab339f157e61c6c6e98ea71
2020-01-19 19:34:37.154 [IPControllerApp] engine::Engine Connected: 0
2020-01-19 19:34:40.137 [IPControllerApp] registration::finished registering engine 4:0cd7aece-19d0fa8f421efa191811c9a8
2020-01-19 19:34:40.138 [IPControllerApp] engine::Engine Connected: 4
2020-01-19 19:34:40.141 [IPControllerApp] registration::finished registering engine 3:0c30bca6-c1871760f3a03e288fa7f71e
2020-01-19 19:34:40.141 [IPControllerApp] engine::Engine Connected: 3
2020-01-19 19:34:40.143 [IPControllerApp] registration::finished registering engine 2:f8eeffc4-eaee37c0ccb319c4051a6c40
2020-01-19 19:34:40.144 [IPControllerApp] engine::Engine Connected: 2
2020-01-19 19:35:09.289 [IPControllerApp] client::client b'\x00k\x8bEh' requested 'connection_request'
2020-01-19 19:35:09.289 [IPControllerApp] client::client [b'\x00k\x8bEh'] connected
Model_D_6 121 321 20
Job id: 27512008; Cluster id: cori_27512008
Worker IDs: [0, 1, 2, 3, 4]
Original order  ['6_train_0_.h5', '6_train_1_.h5', '6_train_2_.h5', '6_train_3_.h5', '6_train_4_.h5', '6_train_5_.h5', '6_train_6_.h5', '6_train_7_.h5', '6_train_8_.h5', '6_train_9_.h5', '6_train_10_.h5', '6_train_11_.h5', '6_train_12_.h5', '6_train_13_.h5', '6_train_14_.h5', '6_train_15_.h5', '6_train_16_.h5', '6_train_17_.h5', '6_train_18_.h5', '6_train_19_.h5'] ['6_val_0_.h5', '6_val_1_.h5', '6_val_2_.h5', '6_val_3_.h5', '6_val_4_.h5', '6_val_5_.h5', '6_val_6_.h5', '6_val_7_.h5', '6_val_8_.h5', '6_val_9_.h5', '6_val_10_.h5', '6_val_11_.h5', '6_val_12_.h5', '6_val_13_.h5', '6_val_14_.h5', '6_val_15_.h5', '6_val_16_.h5', '6_val_17_.h5', '6_val_18_.h5', '6_val_19_.h5']
Shuffled files: ['6_train_12_.h5', '6_train_4_.h5', '6_train_18_.h5', '6_train_19_.h5', '6_train_16_.h5', '6_train_9_.h5', '6_train_6_.h5', '6_train_1_.h5', '6_train_14_.h5', '6_train_5_.h5', '6_train_0_.h5', '6_train_11_.h5', '6_train_8_.h5', '6_train_7_.h5', '6_train_13_.h5', '6_train_3_.h5', '6_train_17_.h5', '6_train_10_.h5', '6_train_2_.h5', '6_train_15_.h5'] ['6_val_16_.h5', '6_val_5_.h5', '6_val_1_.h5', '6_val_17_.h5', '6_val_8_.h5', '6_val_2_.h5', '6_val_3_.h5', '6_val_14_.h5', '6_val_0_.h5', '6_val_12_.h5', '6_val_7_.h5', '6_val_19_.h5', '6_val_10_.h5', '6_val_9_.h5', '6_val_6_.h5', '6_val_15_.h5', '6_val_11_.h5', '6_val_4_.h5', '6_val_18_.h5', '6_val_13_.h5']
/global/cscratch1/sd/muszyng/cnn_model_runs/Model_D/Model_D_6/27512008
['ihp', 'n_hpo_trials', 'n_convs_layers', 'conv_sizes', 'n_fc_layers', 'fc_sizes', 'dropout', 'optimizer', 'lr', 'batch_sizes', 'n_epochs', 'repeats_conv', 'recep_fields', 'checkpoint_dir']
Hyperparameter trial 0 conv [ 64 128 256 512] fc [512 256 128  64] dropout 0.3988 opt Adam, lr 0.0000, batch sizes 64
Checkpoint file: /global/cscratch1/sd/muszyng/cnn_model_runs/Model_D/Model_D_6/27512008/model_0.h5
Hyperparameter trial 1 conv [ 64 128 256 512] fc [512 256 128  64] dropout 0.4302 opt Adam, lr 0.0000, batch sizes 256
Checkpoint file: /global/cscratch1/sd/muszyng/cnn_model_runs/Model_D/Model_D_6/27512008/model_1.h5
Hyperparameter trial 2 conv [ 64 128 256 512] fc [512 256 128  64] dropout 0.3952 opt Adam, lr 0.0000, batch sizes 128
Checkpoint file: /global/cscratch1/sd/muszyng/cnn_model_runs/Model_D/Model_D_6/27512008/model_2.h5
Hyperparameter trial 3 conv [ 64 128 256 512] fc [512 256 128  64] dropout 0.4205 opt Adam, lr 0.0000, batch sizes 256
Checkpoint file: /global/cscratch1/sd/muszyng/cnn_model_runs/Model_D/Model_D_6/27512008/model_3.h5
Hyperparameter trial 4 conv [ 64 128 256 512] fc [512 256 128  64] dropout 0.4448 opt Adam, lr 0.0000, batch sizes 256
Checkpoint file: /global/cscratch1/sd/muszyng/cnn_model_runs/Model_D/Model_D_6/27512008/model_4.h5
2020-01-19 19:35:09.308 [IPControllerApp] task::task '049c0af1-050070439458d20366e37237' arrived on 2
2020-01-19 19:35:09.309 [IPControllerApp] task::task 'a9681ec8-69fa61a72b075c0eee115ad1' arrived on 3
2020-01-19 19:35:09.311 [IPControllerApp] task::task '7ddab2fd-7dffbf78b1d652ed73223a5b' arrived on 4
2020-01-19 19:35:09.315 [IPControllerApp] task::task '20f0f576-a036fa8ab3a32dd4243d0bd3' arrived on 0
2020-01-19 19:35:09.316 [IPControllerApp] task::task '3ceed0f5-1b2009971a2acad54cd54a0d' arrived on 1
WARNING:tensorflow:From test_ipyparallel.py:101: The name tf.keras.backend.set_session is deprecated. Please use tf.compat.v1.keras.backend.set_session instead.

WARNING:tensorflow:From /global/u2/m/muszyng/project-cnn-tda/cnn-project/my_project/new_project_mid_lat/code_for_paper/project/Model_D/changed_dropout_batch_size/mlextras.py:39: The name tf.ConfigProto is deprecated. Please use tf.compat.v1.ConfigProto instead.

WARNING:tensorflow:From /global/u2/m/muszyng/project-cnn-tda/cnn-project/my_project/new_project_mid_lat/code_for_paper/project/Model_D/changed_dropout_batch_size/mlextras.py:43: The name tf.Session is deprecated. Please use tf.compat.v1.Session instead.

2020-01-19 19:35:12.009869: I tensorflow/core/platform/cpu_feature_guard.cc:145] This TensorFlow binary is optimized with Intel(R) MKL-DNN to use the following CPU instructions in performance critical operations:  SSE4.1 SSE4.2 AVX AVX2 FMA
To enable them in non-MKL-DNN operations, rebuild TensorFlow with the appropriate compiler flags.
2020-01-19 19:35:12.029994: I tensorflow/core/platform/profile_utils/cpu_utils.cc:94] CPU Frequency: 2299840000 Hz
2020-01-19 19:35:12.031744: I tensorflow/compiler/xla/service/service.cc:168] XLA service 0x555558f60170 initialized for platform Host (this does not guarantee that XLA will be used). Devices:
2020-01-19 19:35:12.031761: I tensorflow/compiler/xla/service/service.cc:176]   StreamExecutor device (0): Host, Default Version
WARNING:tensorflow:From /usr/common/software/tensorflow/intel-tensorflow/1.15.0-py37/lib/python3.7/site-packages/tensorflow_core/python/ops/resource_variable_ops.py:1630: calling BaseResourceVariable.__init__ (from tensorflow.python.ops.resource_variable_ops) with constraint is deprecated and will be removed in a future version.
Instructions for updating:
If using Keras pass *_constraint arguments to layers.
WARNING:tensorflow:From /usr/common/software/tensorflow/intel-tensorflow/1.15.0-py37/lib/python3.7/site-packages/tensorflow_core/python/ops/nn_impl.py:183: where (from tensorflow.python.ops.array_ops) is deprecated and will be removed in a future version.
Instructions for updating:
Use tf.where in 2.0, which has the same broadcast rule as np.where
WARNING:tensorflow:`epsilon` argument is deprecated and will be removed, use `min_delta` instead.
WARNING:tensorflow:`period` argument is deprecated. Please use `save_freq` to specify the frequency in number of samples seen.
WARNING:tensorflow:From test_ipyparallel.py:101: The name tf.keras.backend.set_session is deprecated. Please use tf.compat.v1.keras.backend.set_session instead.

WARNING:tensorflow:From /global/u2/m/muszyng/project-cnn-tda/cnn-project/my_project/new_project_mid_lat/code_for_paper/project/Model_D/changed_dropout_batch_size/mlextras.py:39: The name tf.ConfigProto is deprecated. Please use tf.compat.v1.ConfigProto instead.

WARNING:tensorflow:From /global/u2/m/muszyng/project-cnn-tda/cnn-project/my_project/new_project_mid_lat/code_for_paper/project/Model_D/changed_dropout_batch_size/mlextras.py:43: The name tf.Session is deprecated. Please use tf.compat.v1.Session instead.

2020-01-19 19:35:14.392503: I tensorflow/core/platform/cpu_feature_guard.cc:145] This TensorFlow binary is optimized with Intel(R) MKL-DNN to use the following CPU instructions in performance critical operations:  SSE4.1 SSE4.2 AVX AVX2 FMA
To enable them in non-MKL-DNN operations, rebuild TensorFlow with the appropriate compiler flags.
2020-01-19 19:35:14.414296: I tensorflow/core/platform/profile_utils/cpu_utils.cc:94] CPU Frequency: 2300100000 Hz
2020-01-19 19:35:14.415999: I tensorflow/compiler/xla/service/service.cc:168] XLA service 0x5555583d0f10 initialized for platform Host (this does not guarantee that XLA will be used). Devices:
2020-01-19 19:35:14.416014: I tensorflow/compiler/xla/service/service.cc:176]   StreamExecutor device (0): Host, Default Version
WARNING:tensorflow:From /usr/common/software/tensorflow/intel-tensorflow/1.15.0-py37/lib/python3.7/site-packages/tensorflow_core/python/ops/resource_variable_ops.py:1630: calling BaseResourceVariable.__init__ (from tensorflow.python.ops.resource_variable_ops) with constraint is deprecated and will be removed in a future version.
Instructions for updating:
If using Keras pass *_constraint arguments to layers.
WARNING:tensorflow:From test_ipyparallel.py:101: The name tf.keras.backend.set_session is deprecated. Please use tf.compat.v1.keras.backend.set_session instead.

WARNING:tensorflow:From /global/u2/m/muszyng/project-cnn-tda/cnn-project/my_project/new_project_mid_lat/code_for_paper/project/Model_D/changed_dropout_batch_size/mlextras.py:39: The name tf.ConfigProto is deprecated. Please use tf.compat.v1.ConfigProto instead.

WARNING:tensorflow:From /global/u2/m/muszyng/project-cnn-tda/cnn-project/my_project/new_project_mid_lat/code_for_paper/project/Model_D/changed_dropout_batch_size/mlextras.py:43: The name tf.Session is deprecated. Please use tf.compat.v1.Session instead.

2020-01-19 19:35:14.449092: I tensorflow/core/platform/cpu_feature_guard.cc:145] This TensorFlow binary is optimized with Intel(R) MKL-DNN to use the following CPU instructions in performance critical operations:  SSE4.1 SSE4.2 AVX AVX2 FMA
To enable them in non-MKL-DNN operations, rebuild TensorFlow with the appropriate compiler flags.
2020-01-19 19:35:14.471307: I tensorflow/core/platform/profile_utils/cpu_utils.cc:94] CPU Frequency: 2299990000 Hz
2020-01-19 19:35:14.473071: I tensorflow/compiler/xla/service/service.cc:168] XLA service 0x55555850c0e0 initialized for platform Host (this does not guarantee that XLA will be used). Devices:
2020-01-19 19:35:14.473085: I tensorflow/compiler/xla/service/service.cc:176]   StreamExecutor device (0): Host, Default Version
WARNING:tensorflow:From /usr/common/software/tensorflow/intel-tensorflow/1.15.0-py37/lib/python3.7/site-packages/tensorflow_core/python/ops/resource_variable_ops.py:1630: calling BaseResourceVariable.__init__ (from tensorflow.python.ops.resource_variable_ops) with constraint is deprecated and will be removed in a future version.
Instructions for updating:
If using Keras pass *_constraint arguments to layers.
WARNING:tensorflow:From /usr/common/software/tensorflow/intel-tensorflow/1.15.0-py37/lib/python3.7/site-packages/tensorflow_core/python/ops/nn_impl.py:183: where (from tensorflow.python.ops.array_ops) is deprecated and will be removed in a future version.
Instructions for updating:
Use tf.where in 2.0, which has the same broadcast rule as np.where
WARNING:tensorflow:From /usr/common/software/tensorflow/intel-tensorflow/1.15.0-py37/lib/python3.7/site-packages/tensorflow_core/python/ops/nn_impl.py:183: where (from tensorflow.python.ops.array_ops) is deprecated and will be removed in a future version.
Instructions for updating:
Use tf.where in 2.0, which has the same broadcast rule as np.where
WARNING:tensorflow:From test_ipyparallel.py:101: The name tf.keras.backend.set_session is deprecated. Please use tf.compat.v1.keras.backend.set_session instead.

WARNING:tensorflow:From /global/u2/m/muszyng/project-cnn-tda/cnn-project/my_project/new_project_mid_lat/code_for_paper/project/Model_D/changed_dropout_batch_size/mlextras.py:39: The name tf.ConfigProto is deprecated. Please use tf.compat.v1.ConfigProto instead.

WARNING:tensorflow:From /global/u2/m/muszyng/project-cnn-tda/cnn-project/my_project/new_project_mid_lat/code_for_paper/project/Model_D/changed_dropout_batch_size/mlextras.py:43: The name tf.Session is deprecated. Please use tf.compat.v1.Session instead.

2020-01-19 19:35:14.718198: I tensorflow/core/platform/cpu_feature_guard.cc:145] This TensorFlow binary is optimized with Intel(R) MKL-DNN to use the following CPU instructions in performance critical operations:  SSE4.1 SSE4.2 AVX AVX2 FMA
To enable them in non-MKL-DNN operations, rebuild TensorFlow with the appropriate compiler flags.
WARNING:tensorflow:`epsilon` argument is deprecated and will be removed, use `min_delta` instead.
WARNING:tensorflow:`period` argument is deprecated. Please use `save_freq` to specify the frequency in number of samples seen.
2020-01-19 19:35:14.740804: I tensorflow/core/platform/profile_utils/cpu_utils.cc:94] CPU Frequency: 2300030000 Hz
2020-01-19 19:35:14.742671: I tensorflow/compiler/xla/service/service.cc:168] XLA service 0x555558f5e940 initialized for platform Host (this does not guarantee that XLA will be used). Devices:
2020-01-19 19:35:14.742688: I tensorflow/compiler/xla/service/service.cc:176]   StreamExecutor device (0): Host, Default Version
WARNING:tensorflow:From /usr/common/software/tensorflow/intel-tensorflow/1.15.0-py37/lib/python3.7/site-packages/tensorflow_core/python/ops/resource_variable_ops.py:1630: calling BaseResourceVariable.__init__ (from tensorflow.python.ops.resource_variable_ops) with constraint is deprecated and will be removed in a future version.
Instructions for updating:
If using Keras pass *_constraint arguments to layers.
WARNING:tensorflow:`epsilon` argument is deprecated and will be removed, use `min_delta` instead.
WARNING:tensorflow:`period` argument is deprecated. Please use `save_freq` to specify the frequency in number of samples seen.
WARNING:tensorflow:From test_ipyparallel.py:101: The name tf.keras.backend.set_session is deprecated. Please use tf.compat.v1.keras.backend.set_session instead.

WARNING:tensorflow:From /global/u2/m/muszyng/project-cnn-tda/cnn-project/my_project/new_project_mid_lat/code_for_paper/project/Model_D/changed_dropout_batch_size/mlextras.py:39: The name tf.ConfigProto is deprecated. Please use tf.compat.v1.ConfigProto instead.

WARNING:tensorflow:From /global/u2/m/muszyng/project-cnn-tda/cnn-project/my_project/new_project_mid_lat/code_for_paper/project/Model_D/changed_dropout_batch_size/mlextras.py:43: The name tf.Session is deprecated. Please use tf.compat.v1.Session instead.

2020-01-19 19:35:14.776978: I tensorflow/core/platform/cpu_feature_guard.cc:145] This TensorFlow binary is optimized with Intel(R) MKL-DNN to use the following CPU instructions in performance critical operations:  SSE4.1 SSE4.2 AVX AVX2 FMA
To enable them in non-MKL-DNN operations, rebuild TensorFlow with the appropriate compiler flags.
2020-01-19 19:35:14.797940: I tensorflow/core/platform/profile_utils/cpu_utils.cc:94] CPU Frequency: 2300085000 Hz
2020-01-19 19:35:14.799730: I tensorflow/compiler/xla/service/service.cc:168] XLA service 0x55555850c0e0 initialized for platform Host (this does not guarantee that XLA will be used). Devices:
2020-01-19 19:35:14.799744: I tensorflow/compiler/xla/service/service.cc:176]   StreamExecutor device (0): Host, Default Version
WARNING:tensorflow:From /usr/common/software/tensorflow/intel-tensorflow/1.15.0-py37/lib/python3.7/site-packages/tensorflow_core/python/ops/resource_variable_ops.py:1630: calling BaseResourceVariable.__init__ (from tensorflow.python.ops.resource_variable_ops) with constraint is deprecated and will be removed in a future version.
Instructions for updating:
If using Keras pass *_constraint arguments to layers.
WARNING:tensorflow:From /usr/common/software/tensorflow/intel-tensorflow/1.15.0-py37/lib/python3.7/site-packages/tensorflow_core/python/ops/nn_impl.py:183: where (from tensorflow.python.ops.array_ops) is deprecated and will be removed in a future version.
Instructions for updating:
Use tf.where in 2.0, which has the same broadcast rule as np.where
WARNING:tensorflow:From /usr/common/software/tensorflow/intel-tensorflow/1.15.0-py37/lib/python3.7/site-packages/tensorflow_core/python/ops/nn_impl.py:183: where (from tensorflow.python.ops.array_ops) is deprecated and will be removed in a future version.
Instructions for updating:
Use tf.where in 2.0, which has the same broadcast rule as np.where
WARNING:tensorflow:`epsilon` argument is deprecated and will be removed, use `min_delta` instead.
WARNING:tensorflow:`period` argument is deprecated. Please use `save_freq` to specify the frequency in number of samples seen.
WARNING:tensorflow:`epsilon` argument is deprecated and will be removed, use `min_delta` instead.
WARNING:tensorflow:`period` argument is deprecated. Please use `save_freq` to specify the frequency in number of samples seen.
2020-01-20 00:13:41.240 [IPControllerApp] task::task '049c0af1-050070439458d20366e37237' finished on 2
2020-01-20 00:13:41.885 [IPEngineApp] WARNING | No heartbeat in the last 3010 ms (1 time(s) in a row).
2020-01-20 00:42:19.371 [IPControllerApp] task::task '7ddab2fd-7dffbf78b1d652ed73223a5b' finished on 4
2020-01-20 00:42:20.766 [IPEngineApp] WARNING | No heartbeat in the last 3010 ms (1 time(s) in a row).
2020-01-20 00:51:13.210 [IPControllerApp] task::task '20f0f576-a036fa8ab3a32dd4243d0bd3' finished on 0
IOStream.flush timed out
2020-01-20 00:51:15.861 [IPEngineApp] WARNING | No heartbeat in the last 3010 ms (1 time(s) in a row).
2020-01-20 06:20:43.218 [IPEngineApp] WARNING | No heartbeat in the last 3010 ms (1 time(s) in a row).
2020-01-20 06:21:19.168 [IPEngineApp] WARNING | No heartbeat in the last 3010 ms (1 time(s) in a row).
2020-01-20 09:57:48.163 [IPControllerApp] task::task 'a9681ec8-69fa61a72b075c0eee115ad1' finished on 3
2020-01-20 10:21:51.444 [IPControllerApp] task::task '3ceed0f5-1b2009971a2acad54cd54a0d' finished on 1
IOStream.flush timed out
IOStream.flush timed out
IOStream.flush timed out
IOStream.flush timed out
IOStream.flush timed out
IOStream.flush timed out
IOStream.flush timed out
2020-01-20 10:21:52.007 [IPEngineApp] WARNING | No heartbeat in the last 3010 ms (1 time(s) in a row).
slurmstepd: error: *** STEP 27512008.0 ON nid01670 CANCELLED AT 2020-01-20T10:34:25 DUE TO TIME LIMIT ***
2020-01-20 10:34:25.927 [IPControllerApp] CRITICAL | Received signal 15, shutting down
2020-01-20 10:34:25.928 [IPControllerApp] CRITICAL | terminating children...
srun: got SIGCONT
srun: forcing job termination
