[+] ------START TIME (ST): Thu Jan 23 06:42:39 PST 2020------
Start cluster...
Launching controller
2020-01-23 06:42:43.054 [IPControllerApp] Hub listening on tcp://10.128.5.254:47411 for registration.
2020-01-23 06:42:43.056 [IPControllerApp] Hub using DB backend: 'DictDB'
2020-01-23 06:42:43.308 [IPControllerApp] hub::created hub
2020-01-23 06:42:43.308 [IPControllerApp] writing connection info to /global/u2/m/muszyng/.ipython/profile_default/security/ipcontroller-cori_27578530-client.json
2020-01-23 06:42:43.339 [IPControllerApp] writing connection info to /global/u2/m/muszyng/.ipython/profile_default/security/ipcontroller-cori_27578530-engine.json
2020-01-23 06:42:43.353 [IPControllerApp] task::using Python leastload Task scheduler
2020-01-23 06:42:43.353 [IPControllerApp] Heartmonitor started
2020-01-23 06:42:43.365 [IPControllerApp] Creating pid file: /global/u2/m/muszyng/.ipython/profile_default/pid/ipcontroller-cori_27578530.pid
2020-01-23 06:42:43.373 [scheduler] Scheduler started [leastload]
2020-01-23 06:42:43.375 [IPControllerApp] client::client b'\x00k\x8bEg' requested 'connection_request'
2020-01-23 06:42:43.375 [IPControllerApp] client::client [b'\x00k\x8bEg'] connected
Launching engines
2020-01-23 06:43:15.175 [IPEngineApp] Loading url_file '/global/u2/m/muszyng/.ipython/profile_default/security/ipcontroller-cori_27578530-engine.json'
2020-01-23 06:43:15.180 [IPControllerApp] client::client b'1fc34586-b63d16d273653d7310ad9e1d' requested 'registration_request'
2020-01-23 06:43:15.178 [IPEngineApp] Registering with controller at tcp://10.128.5.254:47411
2020-01-23 06:43:15.232 [IPEngineApp] Starting to monitor the heartbeat signal from the hub every 3010 ms.
2020-01-23 06:43:15.240 [IPEngineApp] Completed registration with id 0
2020-01-23 06:43:16.362 [IPEngineApp] Loading url_file '/global/u2/m/muszyng/.ipython/profile_default/security/ipcontroller-cori_27578530-engine.json'
2020-01-23 06:43:16.367 [IPControllerApp] client::client b'4d95e197-65bd9493470e4052954dc1b0' requested 'registration_request'
2020-01-23 06:43:16.366 [IPEngineApp] Registering with controller at tcp://10.128.5.254:47411
2020-01-23 06:43:16.420 [IPEngineApp] Starting to monitor the heartbeat signal from the hub every 3010 ms.
2020-01-23 06:43:16.425 [IPEngineApp] Loading url_file '/global/u2/m/muszyng/.ipython/profile_default/security/ipcontroller-cori_27578530-engine.json'
2020-01-23 06:43:16.430 [IPEngineApp] Completed registration with id 1
2020-01-23 06:43:16.431 [IPControllerApp] client::client b'0038d579-16c3a4edb42931fcf7c0d65b' requested 'registration_request'
2020-01-23 06:43:16.430 [IPEngineApp] Registering with controller at tcp://10.128.5.254:47411
2020-01-23 06:43:16.485 [IPEngineApp] Starting to monitor the heartbeat signal from the hub every 3010 ms.
2020-01-23 06:43:16.493 [IPEngineApp] Completed registration with id 2
2020-01-23 06:43:16.504 [IPEngineApp] Loading url_file '/global/u2/m/muszyng/.ipython/profile_default/security/ipcontroller-cori_27578530-engine.json'
2020-01-23 06:43:16.510 [IPControllerApp] client::client b'9fb9158c-64457ae3d0937d71f9e0808e' requested 'registration_request'
2020-01-23 06:43:16.509 [IPEngineApp] Registering with controller at tcp://10.128.5.254:47411
2020-01-23 06:43:16.565 [IPEngineApp] Starting to monitor the heartbeat signal from the hub every 3010 ms.
2020-01-23 06:43:16.575 [IPEngineApp] Completed registration with id 3
2020-01-23 06:43:16.591 [IPEngineApp] Loading url_file '/global/u2/m/muszyng/.ipython/profile_default/security/ipcontroller-cori_27578530-engine.json'
2020-01-23 06:43:16.597 [IPControllerApp] client::client b'9b0f005e-e5160dd4c2019fc51d45831a' requested 'registration_request'
2020-01-23 06:43:16.596 [IPEngineApp] Registering with controller at tcp://10.128.5.254:47411
2020-01-23 06:43:16.652 [IPEngineApp] Starting to monitor the heartbeat signal from the hub every 3010 ms.
2020-01-23 06:43:16.661 [IPEngineApp] Completed registration with id 4
2020-01-23 06:43:19.357 [IPControllerApp] registration::finished registering engine 0:1fc34586-b63d16d273653d7310ad9e1d
2020-01-23 06:43:19.357 [IPControllerApp] engine::Engine Connected: 0
2020-01-23 06:43:22.357 [IPControllerApp] registration::finished registering engine 2:0038d579-16c3a4edb42931fcf7c0d65b
2020-01-23 06:43:22.357 [IPControllerApp] engine::Engine Connected: 2
2020-01-23 06:43:22.360 [IPControllerApp] registration::finished registering engine 1:4d95e197-65bd9493470e4052954dc1b0
2020-01-23 06:43:22.361 [IPControllerApp] engine::Engine Connected: 1
2020-01-23 06:43:22.363 [IPControllerApp] registration::finished registering engine 3:9fb9158c-64457ae3d0937d71f9e0808e
2020-01-23 06:43:22.363 [IPControllerApp] engine::Engine Connected: 3
2020-01-23 06:43:22.366 [IPControllerApp] registration::finished registering engine 4:9b0f005e-e5160dd4c2019fc51d45831a
2020-01-23 06:43:22.366 [IPControllerApp] engine::Engine Connected: 4
2020-01-23 06:43:52.815 [IPControllerApp] client::client b'\x00k\x8bEh' requested 'connection_request'
2020-01-23 06:43:52.816 [IPControllerApp] client::client [b'\x00k\x8bEh'] connected
Model_D_7 141 341 20
Job id: 27578530; Cluster id: cori_27578530
Worker IDs: [0, 1, 2, 3, 4]
Original order  ['7_train_0_.h5', '7_train_1_.h5', '7_train_2_.h5', '7_train_3_.h5', '7_train_4_.h5', '7_train_5_.h5', '7_train_6_.h5', '7_train_7_.h5', '7_train_8_.h5', '7_train_9_.h5', '7_train_10_.h5', '7_train_11_.h5', '7_train_12_.h5', '7_train_13_.h5', '7_train_14_.h5', '7_train_15_.h5', '7_train_16_.h5', '7_train_17_.h5', '7_train_18_.h5', '7_train_19_.h5'] ['7_val_0_.h5', '7_val_1_.h5', '7_val_2_.h5', '7_val_3_.h5', '7_val_4_.h5', '7_val_5_.h5', '7_val_6_.h5', '7_val_7_.h5', '7_val_8_.h5', '7_val_9_.h5', '7_val_10_.h5', '7_val_11_.h5', '7_val_12_.h5', '7_val_13_.h5', '7_val_14_.h5', '7_val_15_.h5', '7_val_16_.h5', '7_val_17_.h5', '7_val_18_.h5', '7_val_19_.h5']
Shuffled files: ['7_train_10_.h5', '7_train_12_.h5', '7_train_6_.h5', '7_train_15_.h5', '7_train_4_.h5', '7_train_13_.h5', '7_train_3_.h5', '7_train_18_.h5', '7_train_7_.h5', '7_train_17_.h5', '7_train_19_.h5', '7_train_0_.h5', '7_train_11_.h5', '7_train_5_.h5', '7_train_16_.h5', '7_train_9_.h5', '7_train_2_.h5', '7_train_14_.h5', '7_train_1_.h5', '7_train_8_.h5'] ['7_val_18_.h5', '7_val_2_.h5', '7_val_19_.h5', '7_val_11_.h5', '7_val_5_.h5', '7_val_16_.h5', '7_val_4_.h5', '7_val_15_.h5', '7_val_1_.h5', '7_val_12_.h5', '7_val_9_.h5', '7_val_0_.h5', '7_val_13_.h5', '7_val_7_.h5', '7_val_10_.h5', '7_val_8_.h5', '7_val_17_.h5', '7_val_14_.h5', '7_val_3_.h5', '7_val_6_.h5']
/global/cscratch1/sd/muszyng/cnn_model_runs/Model_D/Model_D_7/27578530
['ihp', 'n_hpo_trials', 'n_convs_layers', 'conv_sizes', 'n_fc_layers', 'fc_sizes', 'dropout', 'optimizer', 'lr', 'batch_sizes', 'n_epochs', 'repeats_conv', 'recep_fields', 'checkpoint_dir']
Hyperparameter trial 0 conv [ 64 128 256 512] fc [512 256 128  64] dropout 0.3527 opt Adam, lr 0.0000, batch sizes 256
Checkpoint file: /global/cscratch1/sd/muszyng/cnn_model_runs/Model_D/Model_D_7/27578530/model_0.h5
Hyperparameter trial 1 conv [ 64 128 256 512] fc [512 256 128  64] dropout 0.3911 opt Adam, lr 0.0000, batch sizes 256
Checkpoint file: /global/cscratch1/sd/muszyng/cnn_model_runs/Model_D/Model_D_7/27578530/model_1.h5
Hyperparameter trial 2 conv [ 64 128 256 512] fc [512 256 128  64] dropout 0.3271 opt Adam, lr 0.0000, batch sizes 256
Checkpoint file: /global/cscratch1/sd/muszyng/cnn_model_runs/Model_D/Model_D_7/27578530/model_2.h5
Hyperparameter trial 3 conv [ 64 128 256 512] fc [512 256 128  64] dropout 0.3817 opt Adam, lr 0.0000, batch sizes 256
Checkpoint file: /global/cscratch1/sd/muszyng/cnn_model_runs/Model_D/Model_D_7/27578530/model_3.h5
Hyperparameter trial 4 conv [ 64 128 256 512] fc [512 256 128  64] dropout 0.3166 opt Adam, lr 0.0000, batch sizes 256
Checkpoint file: /global/cscratch1/sd/muszyng/cnn_model_runs/Model_D/Model_D_7/27578530/model_4.h5
2020-01-23 06:43:53.488 [IPControllerApp] task::task '160626a9-4eae56ac0cdb271bbee517bd' arrived on 4
2020-01-23 06:43:53.490 [IPControllerApp] task::task 'ffa051ba-b0c8df5f99fa773832594f34' arrived on 3
2020-01-23 06:43:53.492 [IPControllerApp] task::task '846ddec8-4f968cdfff9c3000f054c52a' arrived on 1
2020-01-23 06:43:53.494 [IPControllerApp] task::task '59dacdf8-282c0a47bf02f2c9dba3098d' arrived on 2
2020-01-23 06:43:53.495 [IPControllerApp] task::task '18400bda-983475bc941cccc48987bcf0' arrived on 0
WARNING:tensorflow:From test_ipyparallel.py:101: The name tf.keras.backend.set_session is deprecated. Please use tf.compat.v1.keras.backend.set_session instead.

WARNING:tensorflow:From /global/u2/m/muszyng/project-cnn-tda/cnn-project/my_project/new_project_mid_lat/code_for_paper/project/Model_D/changed_dropout_batch_size/mlextras.py:39: The name tf.ConfigProto is deprecated. Please use tf.compat.v1.ConfigProto instead.

WARNING:tensorflow:From /global/u2/m/muszyng/project-cnn-tda/cnn-project/my_project/new_project_mid_lat/code_for_paper/project/Model_D/changed_dropout_batch_size/mlextras.py:43: The name tf.Session is deprecated. Please use tf.compat.v1.Session instead.

2020-01-23 06:43:56.404846: I tensorflow/core/platform/cpu_feature_guard.cc:145] This TensorFlow binary is optimized with Intel(R) MKL-DNN to use the following CPU instructions in performance critical operations:  SSE4.1 SSE4.2 AVX AVX2 FMA
To enable them in non-MKL-DNN operations, rebuild TensorFlow with the appropriate compiler flags.
2020-01-23 06:43:56.424725: I tensorflow/core/platform/profile_utils/cpu_utils.cc:94] CPU Frequency: 2300020000 Hz
2020-01-23 06:43:56.426341: I tensorflow/compiler/xla/service/service.cc:168] XLA service 0x55555850bf00 initialized for platform Host (this does not guarantee that XLA will be used). Devices:
2020-01-23 06:43:56.426355: I tensorflow/compiler/xla/service/service.cc:176]   StreamExecutor device (0): Host, Default Version
WARNING:tensorflow:From /usr/common/software/tensorflow/intel-tensorflow/1.15.0-py37/lib/python3.7/site-packages/tensorflow_core/python/ops/resource_variable_ops.py:1630: calling BaseResourceVariable.__init__ (from tensorflow.python.ops.resource_variable_ops) with constraint is deprecated and will be removed in a future version.
Instructions for updating:
If using Keras pass *_constraint arguments to layers.
WARNING:tensorflow:From /usr/common/software/tensorflow/intel-tensorflow/1.15.0-py37/lib/python3.7/site-packages/tensorflow_core/python/ops/nn_impl.py:183: where (from tensorflow.python.ops.array_ops) is deprecated and will be removed in a future version.
Instructions for updating:
Use tf.where in 2.0, which has the same broadcast rule as np.where
WARNING:tensorflow:`epsilon` argument is deprecated and will be removed, use `min_delta` instead.
WARNING:tensorflow:`period` argument is deprecated. Please use `save_freq` to specify the frequency in number of samples seen.
WARNING:tensorflow:From test_ipyparallel.py:101: The name tf.keras.backend.set_session is deprecated. Please use tf.compat.v1.keras.backend.set_session instead.

WARNING:tensorflow:From /global/u2/m/muszyng/project-cnn-tda/cnn-project/my_project/new_project_mid_lat/code_for_paper/project/Model_D/changed_dropout_batch_size/mlextras.py:39: The name tf.ConfigProto is deprecated. Please use tf.compat.v1.ConfigProto instead.

WARNING:tensorflow:From /global/u2/m/muszyng/project-cnn-tda/cnn-project/my_project/new_project_mid_lat/code_for_paper/project/Model_D/changed_dropout_batch_size/mlextras.py:43: The name tf.Session is deprecated. Please use tf.compat.v1.Session instead.

2020-01-23 06:44:02.854541: I tensorflow/core/platform/cpu_feature_guard.cc:145] This TensorFlow binary is optimized with Intel(R) MKL-DNN to use the following CPU instructions in performance critical operations:  SSE4.1 SSE4.2 AVX AVX2 FMA
To enable them in non-MKL-DNN operations, rebuild TensorFlow with the appropriate compiler flags.
2020-01-23 06:44:02.876810: I tensorflow/core/platform/profile_utils/cpu_utils.cc:94] CPU Frequency: 2299990000 Hz
2020-01-23 06:44:02.878457: I tensorflow/compiler/xla/service/service.cc:168] XLA service 0x55555850bf00 initialized for platform Host (this does not guarantee that XLA will be used). Devices:
2020-01-23 06:44:02.878470: I tensorflow/compiler/xla/service/service.cc:176]   StreamExecutor device (0): Host, Default Version
WARNING:tensorflow:From /usr/common/software/tensorflow/intel-tensorflow/1.15.0-py37/lib/python3.7/site-packages/tensorflow_core/python/ops/resource_variable_ops.py:1630: calling BaseResourceVariable.__init__ (from tensorflow.python.ops.resource_variable_ops) with constraint is deprecated and will be removed in a future version.
Instructions for updating:
If using Keras pass *_constraint arguments to layers.
WARNING:tensorflow:From /usr/common/software/tensorflow/intel-tensorflow/1.15.0-py37/lib/python3.7/site-packages/tensorflow_core/python/ops/nn_impl.py:183: where (from tensorflow.python.ops.array_ops) is deprecated and will be removed in a future version.
Instructions for updating:
Use tf.where in 2.0, which has the same broadcast rule as np.where
WARNING:tensorflow:`epsilon` argument is deprecated and will be removed, use `min_delta` instead.
WARNING:tensorflow:`period` argument is deprecated. Please use `save_freq` to specify the frequency in number of samples seen.
WARNING:tensorflow:From test_ipyparallel.py:101: The name tf.keras.backend.set_session is deprecated. Please use tf.compat.v1.keras.backend.set_session instead.

WARNING:tensorflow:From /global/u2/m/muszyng/project-cnn-tda/cnn-project/my_project/new_project_mid_lat/code_for_paper/project/Model_D/changed_dropout_batch_size/mlextras.py:39: The name tf.ConfigProto is deprecated. Please use tf.compat.v1.ConfigProto instead.

WARNING:tensorflow:From /global/u2/m/muszyng/project-cnn-tda/cnn-project/my_project/new_project_mid_lat/code_for_paper/project/Model_D/changed_dropout_batch_size/mlextras.py:43: The name tf.Session is deprecated. Please use tf.compat.v1.Session instead.

2020-01-23 06:44:03.171057: I tensorflow/core/platform/cpu_feature_guard.cc:145] This TensorFlow binary is optimized with Intel(R) MKL-DNN to use the following CPU instructions in performance critical operations:  SSE4.1 SSE4.2 AVX AVX2 FMA
To enable them in non-MKL-DNN operations, rebuild TensorFlow with the appropriate compiler flags.
2020-01-23 06:44:03.192365: I tensorflow/core/platform/profile_utils/cpu_utils.cc:94] CPU Frequency: 2299755000 Hz
2020-01-23 06:44:03.194070: I tensorflow/compiler/xla/service/service.cc:168] XLA service 0x55555850bf00 initialized for platform Host (this does not guarantee that XLA will be used). Devices:
2020-01-23 06:44:03.194085: I tensorflow/compiler/xla/service/service.cc:176]   StreamExecutor device (0): Host, Default Version
WARNING:tensorflow:From /usr/common/software/tensorflow/intel-tensorflow/1.15.0-py37/lib/python3.7/site-packages/tensorflow_core/python/ops/resource_variable_ops.py:1630: calling BaseResourceVariable.__init__ (from tensorflow.python.ops.resource_variable_ops) with constraint is deprecated and will be removed in a future version.
Instructions for updating:
If using Keras pass *_constraint arguments to layers.
WARNING:tensorflow:From /usr/common/software/tensorflow/intel-tensorflow/1.15.0-py37/lib/python3.7/site-packages/tensorflow_core/python/ops/nn_impl.py:183: where (from tensorflow.python.ops.array_ops) is deprecated and will be removed in a future version.
Instructions for updating:
Use tf.where in 2.0, which has the same broadcast rule as np.where
WARNING:tensorflow:`epsilon` argument is deprecated and will be removed, use `min_delta` instead.
WARNING:tensorflow:`period` argument is deprecated. Please use `save_freq` to specify the frequency in number of samples seen.
WARNING:tensorflow:From test_ipyparallel.py:101: The name tf.keras.backend.set_session is deprecated. Please use tf.compat.v1.keras.backend.set_session instead.

WARNING:tensorflow:From /global/u2/m/muszyng/project-cnn-tda/cnn-project/my_project/new_project_mid_lat/code_for_paper/project/Model_D/changed_dropout_batch_size/mlextras.py:39: The name tf.ConfigProto is deprecated. Please use tf.compat.v1.ConfigProto instead.

WARNING:tensorflow:From /global/u2/m/muszyng/project-cnn-tda/cnn-project/my_project/new_project_mid_lat/code_for_paper/project/Model_D/changed_dropout_batch_size/mlextras.py:43: The name tf.Session is deprecated. Please use tf.compat.v1.Session instead.

2020-01-23 06:44:03.577437: I tensorflow/core/platform/cpu_feature_guard.cc:145] This TensorFlow binary is optimized with Intel(R) MKL-DNN to use the following CPU instructions in performance critical operations:  SSE4.1 SSE4.2 AVX AVX2 FMA
To enable them in non-MKL-DNN operations, rebuild TensorFlow with the appropriate compiler flags.
2020-01-23 06:44:03.600718: I tensorflow/core/platform/profile_utils/cpu_utils.cc:94] CPU Frequency: 2299775000 Hz
2020-01-23 06:44:03.602249: I tensorflow/compiler/xla/service/service.cc:168] XLA service 0x55555850bf00 initialized for platform Host (this does not guarantee that XLA will be used). Devices:
2020-01-23 06:44:03.602275: I tensorflow/compiler/xla/service/service.cc:176]   StreamExecutor device (0): Host, Default Version
WARNING:tensorflow:From /usr/common/software/tensorflow/intel-tensorflow/1.15.0-py37/lib/python3.7/site-packages/tensorflow_core/python/ops/resource_variable_ops.py:1630: calling BaseResourceVariable.__init__ (from tensorflow.python.ops.resource_variable_ops) with constraint is deprecated and will be removed in a future version.
Instructions for updating:
If using Keras pass *_constraint arguments to layers.
WARNING:tensorflow:From /usr/common/software/tensorflow/intel-tensorflow/1.15.0-py37/lib/python3.7/site-packages/tensorflow_core/python/ops/nn_impl.py:183: where (from tensorflow.python.ops.array_ops) is deprecated and will be removed in a future version.
Instructions for updating:
Use tf.where in 2.0, which has the same broadcast rule as np.where
WARNING:tensorflow:From test_ipyparallel.py:101: The name tf.keras.backend.set_session is deprecated. Please use tf.compat.v1.keras.backend.set_session instead.

WARNING:tensorflow:From /global/u2/m/muszyng/project-cnn-tda/cnn-project/my_project/new_project_mid_lat/code_for_paper/project/Model_D/changed_dropout_batch_size/mlextras.py:39: The name tf.ConfigProto is deprecated. Please use tf.compat.v1.ConfigProto instead.

WARNING:tensorflow:From /global/u2/m/muszyng/project-cnn-tda/cnn-project/my_project/new_project_mid_lat/code_for_paper/project/Model_D/changed_dropout_batch_size/mlextras.py:43: The name tf.Session is deprecated. Please use tf.compat.v1.Session instead.

2020-01-23 06:44:03.862925: I tensorflow/core/platform/cpu_feature_guard.cc:145] This TensorFlow binary is optimized with Intel(R) MKL-DNN to use the following CPU instructions in performance critical operations:  SSE4.1 SSE4.2 AVX AVX2 FMA
To enable them in non-MKL-DNN operations, rebuild TensorFlow with the appropriate compiler flags.
2020-01-23 06:44:03.885089: I tensorflow/core/platform/profile_utils/cpu_utils.cc:94] CPU Frequency: 2299875000 Hz
2020-01-23 06:44:03.886895: I tensorflow/compiler/xla/service/service.cc:168] XLA service 0x55555844bfa0 initialized for platform Host (this does not guarantee that XLA will be used). Devices:
2020-01-23 06:44:03.886909: I tensorflow/compiler/xla/service/service.cc:176]   StreamExecutor device (0): Host, Default Version
WARNING:tensorflow:From /usr/common/software/tensorflow/intel-tensorflow/1.15.0-py37/lib/python3.7/site-packages/tensorflow_core/python/ops/resource_variable_ops.py:1630: calling BaseResourceVariable.__init__ (from tensorflow.python.ops.resource_variable_ops) with constraint is deprecated and will be removed in a future version.
Instructions for updating:
If using Keras pass *_constraint arguments to layers.
WARNING:tensorflow:`epsilon` argument is deprecated and will be removed, use `min_delta` instead.
WARNING:tensorflow:`period` argument is deprecated. Please use `save_freq` to specify the frequency in number of samples seen.
WARNING:tensorflow:From /usr/common/software/tensorflow/intel-tensorflow/1.15.0-py37/lib/python3.7/site-packages/tensorflow_core/python/ops/nn_impl.py:183: where (from tensorflow.python.ops.array_ops) is deprecated and will be removed in a future version.
Instructions for updating:
Use tf.where in 2.0, which has the same broadcast rule as np.where
WARNING:tensorflow:`epsilon` argument is deprecated and will be removed, use `min_delta` instead.
WARNING:tensorflow:`period` argument is deprecated. Please use `save_freq` to specify the frequency in number of samples seen.
2020-01-23 11:26:04.355 [IPControllerApp] heartbeat::missed b'0038d579-16c3a4edb42931fcf7c0d65b' : 1
2020-01-23 11:26:46.181 [IPControllerApp] heartbeat::missed b'4d95e197-65bd9493470e4052954dc1b0' : 1
2020-01-23 11:26:46.181 [IPControllerApp] heartbeat::missed b'9fb9158c-64457ae3d0937d71f9e0808e' : 1
2020-01-23 11:26:46.184 [IPControllerApp] heartbeat::missed b'9b0f005e-e5160dd4c2019fc51d45831a' : 1
2020-01-23 11:26:46.354 [IPControllerApp] heartbeat::missed b'0038d579-16c3a4edb42931fcf7c0d65b' : 2
2020-01-23 11:26:46.354 [IPControllerApp] heartbeat::missed b'4d95e197-65bd9493470e4052954dc1b0' : 2
2020-01-23 11:26:46.354 [IPControllerApp] heartbeat::missed b'9fb9158c-64457ae3d0937d71f9e0808e' : 2
2020-01-23 11:26:46.354 [IPControllerApp] heartbeat::missed b'9b0f005e-e5160dd4c2019fc51d45831a' : 2
2020-01-23 11:26:49.357 [IPControllerApp] heartbeat::missed b'0038d579-16c3a4edb42931fcf7c0d65b' : 3
2020-01-23 11:26:49.358 [IPControllerApp] heartbeat::missed b'4d95e197-65bd9493470e4052954dc1b0' : 3
2020-01-23 11:26:49.358 [IPControllerApp] heartbeat::missed b'9fb9158c-64457ae3d0937d71f9e0808e' : 3
2020-01-23 11:26:49.358 [IPControllerApp] heartbeat::missed b'9b0f005e-e5160dd4c2019fc51d45831a' : 3
2020-01-23 11:26:52.357 [IPControllerApp] heartbeat::missed b'0038d579-16c3a4edb42931fcf7c0d65b' : 4
2020-01-23 11:26:52.357 [IPControllerApp] heartbeat::missed b'4d95e197-65bd9493470e4052954dc1b0' : 4
2020-01-23 11:26:52.357 [IPControllerApp] heartbeat::missed b'9fb9158c-64457ae3d0937d71f9e0808e' : 4
2020-01-23 11:26:52.357 [IPControllerApp] heartbeat::missed b'9b0f005e-e5160dd4c2019fc51d45831a' : 4
2020-01-23 11:26:55.354 [IPControllerApp] heartbeat::missed b'0038d579-16c3a4edb42931fcf7c0d65b' : 5
2020-01-23 11:26:55.355 [IPControllerApp] heartbeat::missed b'4d95e197-65bd9493470e4052954dc1b0' : 5
2020-01-23 11:26:55.355 [IPControllerApp] heartbeat::missed b'9fb9158c-64457ae3d0937d71f9e0808e' : 5
2020-01-23 11:26:55.355 [IPControllerApp] heartbeat::missed b'9b0f005e-e5160dd4c2019fc51d45831a' : 5
2020-01-23 11:26:56.279 [IPControllerApp] WARNING | heartbeat::got bad heartbeat (possibly old?): b'16998.00073337555' (current=17052.001)
2020-01-23 11:26:56.279 [IPControllerApp] WARNING | heartbeat::got bad heartbeat (possibly old?): b'16998.00073337555' (current=17052.001)
2020-01-23 11:26:56.280 [IPControllerApp] WARNING | heartbeat::got bad heartbeat (possibly old?): b'16998.00073337555' (current=17052.001)
2020-01-23 11:26:56.280 [IPControllerApp] WARNING | heartbeat::got bad heartbeat (possibly old?): b'16998.00073337555' (current=17052.001)
2020-01-23 11:26:56.281 [IPControllerApp] WARNING | heartbeat::got bad heartbeat (possibly old?): b'17001.001761198044' (current=17052.001)
2020-01-23 11:26:56.281 [IPControllerApp] WARNING | heartbeat::got bad heartbeat (possibly old?): b'17001.001761198044' (current=17052.001)
2020-01-23 11:26:56.281 [IPControllerApp] WARNING | heartbeat::got bad heartbeat (possibly old?): b'17001.001761198044' (current=17052.001)
2020-01-23 11:26:56.281 [IPControllerApp] WARNING | heartbeat::got bad heartbeat (possibly old?): b'17001.001761198044' (current=17052.001)
2020-01-23 11:26:56.281 [IPControllerApp] WARNING | heartbeat::got bad heartbeat (possibly old?): b'17043.00073814392' (current=17052.001)
2020-01-23 11:26:56.282 [IPControllerApp] WARNING | heartbeat::got bad heartbeat (possibly old?): b'17043.00073814392' (current=17052.001)
2020-01-23 11:26:56.282 [IPControllerApp] WARNING | heartbeat::got bad heartbeat (possibly old?): b'17043.00073814392' (current=17052.001)
2020-01-23 11:26:56.282 [IPControllerApp] WARNING | heartbeat::got bad heartbeat (possibly old?): b'17043.00073814392' (current=17052.001)
2020-01-23 11:26:56.282 [IPControllerApp] WARNING | heartbeat::got bad heartbeat (possibly old?): b'17046.00407934189' (current=17052.001)
2020-01-23 11:26:56.282 [IPControllerApp] WARNING | heartbeat::got bad heartbeat (possibly old?): b'17046.00407934189' (current=17052.001)
2020-01-23 11:26:56.283 [IPControllerApp] WARNING | heartbeat::got bad heartbeat (possibly old?): b'17046.00407934189' (current=17052.001)
2020-01-23 11:26:56.283 [IPControllerApp] WARNING | heartbeat::got bad heartbeat (possibly old?): b'17046.00407934189' (current=17052.001)
2020-01-23 11:26:56.283 [IPControllerApp] WARNING | heartbeat::heart b'9fb9158c-64457ae3d0937d71f9e0808e' missed a beat, and took 3925.96 ms to respond
2020-01-23 11:26:56.283 [IPControllerApp] WARNING | heartbeat::heart b'9b0f005e-e5160dd4c2019fc51d45831a' missed a beat, and took 3926.22 ms to respond
2020-01-23 11:26:56.283 [IPControllerApp] WARNING | heartbeat::heart b'0038d579-16c3a4edb42931fcf7c0d65b' missed a beat, and took 3926.39 ms to respond
2020-01-23 11:26:56.284 [IPControllerApp] WARNING | heartbeat::heart b'4d95e197-65bd9493470e4052954dc1b0' missed a beat, and took 3926.59 ms to respond
2020-01-23 11:27:00.076 [IPControllerApp] task::task '59dacdf8-282c0a47bf02f2c9dba3098d' finished on 2
IOStream.flush timed out
2020-01-23 11:27:01.047 [IPEngineApp] WARNING | No heartbeat in the last 3010 ms (1 time(s) in a row).
2020-01-23 11:33:05.181 [IPControllerApp] task::task '18400bda-983475bc941cccc48987bcf0' finished on 0
IOStream.flush timed out
IOStream.flush timed out
2020-01-23 11:33:07.016 [IPEngineApp] WARNING | No heartbeat in the last 3010 ms (1 time(s) in a row).
2020-01-23 11:45:19.285 [IPControllerApp] task::task '160626a9-4eae56ac0cdb271bbee517bd' finished on 4
2020-01-23 17:53:47.455 [IPControllerApp] task::task '846ddec8-4f968cdfff9c3000f054c52a' finished on 1
2020-01-23 17:53:48.081 [IPEngineApp] WARNING | No heartbeat in the last 3010 ms (1 time(s) in a row).
2020-01-23 18:04:10.356 [IPControllerApp] heartbeat::missed b'0038d579-16c3a4edb42931fcf7c0d65b' : 1
2020-01-23 18:04:12.976 [IPEngineApp] WARNING | No heartbeat in the last 3010 ms (1 time(s) in a row).
2020-01-23 18:04:15.986 [IPEngineApp] WARNING | No heartbeat in the last 3010 ms (2 time(s) in a row).
2020-01-23 18:04:54.042 [IPControllerApp] heartbeat::missed b'4d95e197-65bd9493470e4052954dc1b0' : 1
2020-01-23 18:04:18.996 [IPEngineApp] WARNING | No heartbeat in the last 3010 ms (3 time(s) in a row).
2020-01-23 18:04:54.054 [IPControllerApp] heartbeat::missed b'9fb9158c-64457ae3d0937d71f9e0808e' : 1
2020-01-23 18:04:22.006 [IPEngineApp] WARNING | No heartbeat in the last 3010 ms (4 time(s) in a row).
2020-01-23 18:04:54.055 [IPControllerApp] heartbeat::missed b'9b0f005e-e5160dd4c2019fc51d45831a' : 1
2020-01-23 18:04:25.016 [IPEngineApp] WARNING | No heartbeat in the last 3010 ms (5 time(s) in a row).
2020-01-23 18:04:28.026 [IPEngineApp] WARNING | No heartbeat in the last 3010 ms (6 time(s) in a row).
2020-01-23 18:04:31.036 [IPEngineApp] WARNING | No heartbeat in the last 3010 ms (7 time(s) in a row).
2020-01-23 18:04:34.046 [IPEngineApp] WARNING | No heartbeat in the last 3010 ms (8 time(s) in a row).
2020-01-23 18:04:37.057 [IPEngineApp] WARNING | No heartbeat in the last 3010 ms (9 time(s) in a row).
2020-01-23 18:04:40.066 [IPEngineApp] WARNING | No heartbeat in the last 3010 ms (10 time(s) in a row).
2020-01-23 18:04:43.076 [IPEngineApp] WARNING | No heartbeat in the last 3010 ms (11 time(s) in a row).
2020-01-23 18:04:46.086 [IPEngineApp] WARNING | No heartbeat in the last 3010 ms (12 time(s) in a row).
2020-01-23 18:04:49.096 [IPEngineApp] WARNING | No heartbeat in the last 3010 ms (13 time(s) in a row).
2020-01-23 18:04:52.106 [IPEngineApp] WARNING | No heartbeat in the last 3010 ms (14 time(s) in a row).
2020-01-23 18:04:55.356 [IPControllerApp] heartbeat::missed b'0038d579-16c3a4edb42931fcf7c0d65b' : 2
2020-01-23 18:04:55.356 [IPControllerApp] heartbeat::missed b'4d95e197-65bd9493470e4052954dc1b0' : 2
2020-01-23 18:04:55.356 [IPControllerApp] heartbeat::missed b'9fb9158c-64457ae3d0937d71f9e0808e' : 2
2020-01-23 18:04:55.356 [IPControllerApp] heartbeat::missed b'9b0f005e-e5160dd4c2019fc51d45831a' : 2
2020-01-23 18:04:58.357 [IPControllerApp] heartbeat::missed b'0038d579-16c3a4edb42931fcf7c0d65b' : 3
2020-01-23 18:04:58.357 [IPControllerApp] heartbeat::missed b'4d95e197-65bd9493470e4052954dc1b0' : 3
2020-01-23 18:04:58.372 [IPControllerApp] heartbeat::missed b'9fb9158c-64457ae3d0937d71f9e0808e' : 3
2020-01-23 18:04:58.373 [IPControllerApp] heartbeat::missed b'9b0f005e-e5160dd4c2019fc51d45831a' : 3
2020-01-23 18:04:08.209 [IPEngineApp] WARNING | No heartbeat in the last 3010 ms (1 time(s) in a row).
2020-01-23 18:04:11.218 [IPEngineApp] WARNING | No heartbeat in the last 3010 ms (2 time(s) in a row).
2020-01-23 18:04:14.229 [IPEngineApp] WARNING | No heartbeat in the last 3010 ms (3 time(s) in a row).
2020-01-23 18:04:17.238 [IPEngineApp] WARNING | No heartbeat in the last 3010 ms (4 time(s) in a row).
2020-01-23 18:04:20.249 [IPEngineApp] WARNING | No heartbeat in the last 3010 ms (5 time(s) in a row).
2020-01-23 18:04:23.259 [IPEngineApp] WARNING | No heartbeat in the last 3010 ms (6 time(s) in a row).
2020-01-23 18:04:26.269 [IPEngineApp] WARNING | No heartbeat in the last 3010 ms (7 time(s) in a row).
2020-01-23 18:04:29.279 [IPEngineApp] WARNING | No heartbeat in the last 3010 ms (8 time(s) in a row).
2020-01-23 18:04:32.288 [IPEngineApp] WARNING | No heartbeat in the last 3010 ms (9 time(s) in a row).
2020-01-23 18:04:35.298 [IPEngineApp] WARNING | No heartbeat in the last 3010 ms (10 time(s) in a row).
2020-01-23 18:04:38.309 [IPEngineApp] WARNING | No heartbeat in the last 3010 ms (11 time(s) in a row).
2020-01-23 18:04:41.318 [IPEngineApp] WARNING | No heartbeat in the last 3010 ms (12 time(s) in a row).
2020-01-23 18:04:44.329 [IPEngineApp] WARNING | No heartbeat in the last 3010 ms (13 time(s) in a row).
2020-01-23 18:04:47.339 [IPEngineApp] WARNING | No heartbeat in the last 3010 ms (14 time(s) in a row).
2020-01-23 18:04:50.349 [IPEngineApp] WARNING | No heartbeat in the last 3010 ms (15 time(s) in a row).
2020-01-23 18:04:53.359 [IPEngineApp] WARNING | No heartbeat in the last 3010 ms (16 time(s) in a row).
2020-01-23 18:04:56.368 [IPEngineApp] WARNING | No heartbeat in the last 3010 ms (17 time(s) in a row).
2020-01-23 18:04:59.379 [IPEngineApp] WARNING | No heartbeat in the last 3010 ms (18 time(s) in a row).
2020-01-23 18:05:01.357 [IPControllerApp] heartbeat::missed b'0038d579-16c3a4edb42931fcf7c0d65b' : 4
2020-01-23 18:05:01.357 [IPControllerApp] heartbeat::missed b'4d95e197-65bd9493470e4052954dc1b0' : 4
2020-01-23 18:05:01.357 [IPControllerApp] heartbeat::missed b'9fb9158c-64457ae3d0937d71f9e0808e' : 4
2020-01-23 18:05:01.357 [IPControllerApp] heartbeat::missed b'9b0f005e-e5160dd4c2019fc51d45831a' : 4
2020-01-23 18:04:08.144 [IPEngineApp] WARNING | No heartbeat in the last 3010 ms (1 time(s) in a row).
2020-01-23 18:04:11.153 [IPEngineApp] WARNING | No heartbeat in the last 3010 ms (2 time(s) in a row).
2020-01-23 18:04:14.163 [IPEngineApp] WARNING | No heartbeat in the last 3010 ms (3 time(s) in a row).
2020-01-23 18:04:17.174 [IPEngineApp] WARNING | No heartbeat in the last 3010 ms (4 time(s) in a row).
2020-01-23 18:04:20.184 [IPEngineApp] WARNING | No heartbeat in the last 3010 ms (5 time(s) in a row).
2020-01-23 18:04:23.193 [IPEngineApp] WARNING | No heartbeat in the last 3010 ms (6 time(s) in a row).
2020-01-23 18:04:26.204 [IPEngineApp] WARNING | No heartbeat in the last 3010 ms (7 time(s) in a row).
2020-01-23 18:04:29.214 [IPEngineApp] WARNING | No heartbeat in the last 3010 ms (8 time(s) in a row).
2020-01-23 18:04:32.223 [IPEngineApp] WARNING | No heartbeat in the last 3010 ms (9 time(s) in a row).
2020-01-23 18:04:35.234 [IPEngineApp] WARNING | No heartbeat in the last 3010 ms (10 time(s) in a row).
2020-01-23 18:04:38.244 [IPEngineApp] WARNING | No heartbeat in the last 3010 ms (11 time(s) in a row).
2020-01-23 18:04:41.253 [IPEngineApp] WARNING | No heartbeat in the last 3010 ms (12 time(s) in a row).
2020-01-23 18:04:44.264 [IPEngineApp] WARNING | No heartbeat in the last 3010 ms (13 time(s) in a row).
2020-01-23 18:04:47.274 [IPEngineApp] WARNING | No heartbeat in the last 3010 ms (14 time(s) in a row).
2020-01-23 18:04:50.284 [IPEngineApp] WARNING | No heartbeat in the last 3010 ms (15 time(s) in a row).
2020-01-23 18:04:53.294 [IPEngineApp] WARNING | No heartbeat in the last 3010 ms (16 time(s) in a row).
2020-01-23 18:04:56.303 [IPEngineApp] WARNING | No heartbeat in the last 3010 ms (17 time(s) in a row).
2020-01-23 18:04:59.314 [IPEngineApp] WARNING | No heartbeat in the last 3010 ms (18 time(s) in a row).
2020-01-23 18:04:08.376 [IPEngineApp] WARNING | No heartbeat in the last 3010 ms (1 time(s) in a row).
2020-01-23 18:04:11.386 [IPEngineApp] WARNING | No heartbeat in the last 3010 ms (2 time(s) in a row).
2020-01-23 18:04:14.396 [IPEngineApp] WARNING | No heartbeat in the last 3010 ms (3 time(s) in a row).
2020-01-23 18:04:17.406 [IPEngineApp] WARNING | No heartbeat in the last 3010 ms (4 time(s) in a row).
2020-01-23 18:04:20.416 [IPEngineApp] WARNING | No heartbeat in the last 3010 ms (5 time(s) in a row).
2020-01-23 18:04:23.426 [IPEngineApp] WARNING | No heartbeat in the last 3010 ms (6 time(s) in a row).
2020-01-23 18:04:26.435 [IPEngineApp] WARNING | No heartbeat in the last 3010 ms (7 time(s) in a row).
2020-01-23 18:04:29.446 [IPEngineApp] WARNING | No heartbeat in the last 3010 ms (8 time(s) in a row).
2020-01-23 18:04:32.455 [IPEngineApp] WARNING | No heartbeat in the last 3010 ms (9 time(s) in a row).
2020-01-23 18:04:35.466 [IPEngineApp] WARNING | No heartbeat in the last 3010 ms (10 time(s) in a row).
2020-01-23 18:04:38.476 [IPEngineApp] WARNING | No heartbeat in the last 3010 ms (11 time(s) in a row).
2020-01-23 18:04:41.486 [IPEngineApp] WARNING | No heartbeat in the last 3010 ms (12 time(s) in a row).
2020-01-23 18:04:44.496 [IPEngineApp] WARNING | No heartbeat in the last 3010 ms (13 time(s) in a row).
2020-01-23 18:04:47.506 [IPEngineApp] WARNING | No heartbeat in the last 3010 ms (14 time(s) in a row).
2020-01-23 18:04:50.515 [IPEngineApp] WARNING | No heartbeat in the last 3010 ms (15 time(s) in a row).
2020-01-23 18:04:53.526 [IPEngineApp] WARNING | No heartbeat in the last 3010 ms (16 time(s) in a row).
2020-01-23 18:04:56.536 [IPEngineApp] WARNING | No heartbeat in the last 3010 ms (17 time(s) in a row).
2020-01-23 18:04:59.545 [IPEngineApp] WARNING | No heartbeat in the last 3010 ms (18 time(s) in a row).
2020-01-23 18:05:02.103 [IPControllerApp] WARNING | heartbeat::got bad heartbeat (possibly old?): b'40884.00381374359' (current=40938.004)
2020-01-23 18:05:02.103 [IPControllerApp] WARNING | heartbeat::got bad heartbeat (possibly old?): b'40884.00381374359' (current=40938.004)
2020-01-23 18:05:02.103 [IPControllerApp] WARNING | heartbeat::got bad heartbeat (possibly old?): b'40884.00381374359' (current=40938.004)
2020-01-23 18:05:02.104 [IPControllerApp] WARNING | heartbeat::got bad heartbeat (possibly old?): b'40884.00381374359' (current=40938.004)
2020-01-23 18:05:02.104 [IPControllerApp] WARNING | heartbeat::got bad heartbeat (possibly old?): b'40887.00330018997' (current=40938.004)
2020-01-23 18:05:02.104 [IPControllerApp] WARNING | heartbeat::got bad heartbeat (possibly old?): b'40887.00330018997' (current=40938.004)
2020-01-23 18:05:02.104 [IPControllerApp] WARNING | heartbeat::got bad heartbeat (possibly old?): b'40887.00330018997' (current=40938.004)
2020-01-23 18:05:02.105 [IPControllerApp] WARNING | heartbeat::got bad heartbeat (possibly old?): b'40887.00330018997' (current=40938.004)
2020-01-23 18:05:02.105 [IPControllerApp] WARNING | heartbeat::got bad heartbeat (possibly old?): b'40932.00232887268' (current=40938.004)
2020-01-23 18:05:02.105 [IPControllerApp] WARNING | heartbeat::got bad heartbeat (possibly old?): b'40932.00232887268' (current=40938.004)
2020-01-23 18:05:02.105 [IPControllerApp] WARNING | heartbeat::got bad heartbeat (possibly old?): b'40932.00232887268' (current=40938.004)
2020-01-23 18:05:02.106 [IPControllerApp] WARNING | heartbeat::got bad heartbeat (possibly old?): b'40932.00232887268' (current=40938.004)
2020-01-23 18:05:02.106 [IPControllerApp] WARNING | heartbeat::heart b'9fb9158c-64457ae3d0937d71f9e0808e' missed a beat, and took 3748.98 ms to respond
2020-01-23 18:05:02.106 [IPControllerApp] WARNING | heartbeat::heart b'4d95e197-65bd9493470e4052954dc1b0' missed a beat, and took 3749.21 ms to respond
2020-01-23 18:05:02.107 [IPControllerApp] WARNING | heartbeat::heart b'0038d579-16c3a4edb42931fcf7c0d65b' missed a beat, and took 3750.22 ms to respond
2020-01-23 18:05:02.107 [IPControllerApp] WARNING | heartbeat::heart b'9b0f005e-e5160dd4c2019fc51d45831a' missed a beat, and took 3750.42 ms to respond
2020-01-23 20:20:44.142 [IPControllerApp] task::task 'ffa051ba-b0c8df5f99fa773832594f34' finished on 3
IOStream.flush timed out
IOStream.flush timed out
IOStream.flush timed out
IOStream.flush timed out
2020-01-23 20:20:44.516 [IPEngineApp] WARNING | No heartbeat in the last 3010 ms (1 time(s) in a row).
slurmstepd: error: *** STEP 27578530.0 ON nid01523 CANCELLED AT 2020-01-23T21:42:57 DUE TO TIME LIMIT ***
srun: Job step aborted: Waiting up to 32 seconds for job step to finish.
srun: got SIGCONT
srun: forcing job termination
2020-01-23 21:42:57.400 [IPControllerApp] CRITICAL | Received signal 15, shutting down
2020-01-23 21:42:57.400 [IPControllerApp] CRITICAL | terminating children...
