[+] ------START TIME (ST): Tue Jan 21 05:07:37 PST 2020------
Start cluster...
Launching controller
2020-01-21 05:07:41.381 [IPControllerApp] Hub listening on tcp://10.128.4.46:33399 for registration.
2020-01-21 05:07:41.382 [IPControllerApp] Hub using DB backend: 'DictDB'
2020-01-21 05:07:41.634 [IPControllerApp] hub::created hub
2020-01-21 05:07:41.634 [IPControllerApp] writing connection info to /global/u2/m/muszyng/.ipython/profile_default/security/ipcontroller-cori_27528980-client.json
2020-01-21 05:07:41.651 [IPControllerApp] writing connection info to /global/u2/m/muszyng/.ipython/profile_default/security/ipcontroller-cori_27528980-engine.json
2020-01-21 05:07:41.667 [IPControllerApp] task::using Python leastload Task scheduler
2020-01-21 05:07:41.667 [IPControllerApp] Heartmonitor started
2020-01-21 05:07:41.689 [scheduler] Scheduler started [leastload]
2020-01-21 05:07:41.692 [IPControllerApp] Creating pid file: /global/u2/m/muszyng/.ipython/profile_default/pid/ipcontroller-cori_27528980.pid
2020-01-21 05:07:41.696 [IPControllerApp] client::client b'\x00k\x8bEg' requested 'connection_request'
2020-01-21 05:07:41.696 [IPControllerApp] client::client [b'\x00k\x8bEg'] connected
Launching engines
2020-01-21 05:08:09.670 [IPEngineApp] Loading url_file '/global/u2/m/muszyng/.ipython/profile_default/security/ipcontroller-cori_27528980-engine.json'
2020-01-21 05:08:09.676 [IPControllerApp] client::client b'b9a25dd9-984403b870d00643185dd89c' requested 'registration_request'
2020-01-21 05:08:09.674 [IPEngineApp] Registering with controller at tcp://10.128.4.46:33399
2020-01-21 05:08:09.769 [IPEngineApp] Starting to monitor the heartbeat signal from the hub every 3010 ms.
2020-01-21 05:08:09.778 [IPEngineApp] Completed registration with id 0
2020-01-21 05:08:11.356 [IPEngineApp] Loading url_file '/global/u2/m/muszyng/.ipython/profile_default/security/ipcontroller-cori_27528980-engine.json'
2020-01-21 05:08:11.362 [IPControllerApp] client::client b'013105c0-11beb5863cfd23ad3992f44a' requested 'registration_request'
2020-01-21 05:08:11.361 [IPEngineApp] Registering with controller at tcp://10.128.4.46:33399
2020-01-21 05:08:11.448 [IPEngineApp] Starting to monitor the heartbeat signal from the hub every 3010 ms.
2020-01-21 05:08:11.522 [IPEngineApp] Completed registration with id 1
2020-01-21 05:08:11.781 [IPEngineApp] Loading url_file '/global/u2/m/muszyng/.ipython/profile_default/security/ipcontroller-cori_27528980-engine.json'
2020-01-21 05:08:11.787 [IPControllerApp] client::client b'7ac4a153-35959f93b2593c7b9d089d78' requested 'registration_request'
2020-01-21 05:08:11.816 [IPEngineApp] Loading url_file '/global/u2/m/muszyng/.ipython/profile_default/security/ipcontroller-cori_27528980-engine.json'
2020-01-21 05:08:11.821 [IPControllerApp] client::client b'127fa9e6-ac6247bbeec2639044d378c0' requested 'registration_request'
2020-01-21 05:08:11.785 [IPEngineApp] Registering with controller at tcp://10.128.4.46:33399
2020-01-21 05:08:11.850 [IPEngineApp] Starting to monitor the heartbeat signal from the hub every 3010 ms.
2020-01-21 05:08:11.820 [IPEngineApp] Registering with controller at tcp://10.128.4.46:33399
2020-01-21 05:08:11.860 [IPEngineApp] Completed registration with id 2
2020-01-21 05:08:11.888 [IPEngineApp] Starting to monitor the heartbeat signal from the hub every 3010 ms.
2020-01-21 05:08:11.955 [IPEngineApp] Loading url_file '/global/u2/m/muszyng/.ipython/profile_default/security/ipcontroller-cori_27528980-engine.json'
2020-01-21 05:08:11.955 [IPEngineApp] Completed registration with id 3
2020-01-21 05:08:11.961 [IPControllerApp] client::client b'7d29daa9-8461167f9f77d6246f89f883' requested 'registration_request'
2020-01-21 05:08:11.960 [IPEngineApp] Registering with controller at tcp://10.128.4.46:33399
2020-01-21 05:08:12.021 [IPEngineApp] Starting to monitor the heartbeat signal from the hub every 3010 ms.
2020-01-21 05:08:12.044 [IPEngineApp] Completed registration with id 4
2020-01-21 05:08:14.671 [IPControllerApp] registration::finished registering engine 0:b9a25dd9-984403b870d00643185dd89c
2020-01-21 05:08:15.794 [IPEngineApp] WARNING | No heartbeat in the last 3010 ms (1 time(s) in a row).
2020-01-21 05:08:15.835 [IPControllerApp] engine::Engine Connected: 0
2020-01-21 05:08:16.197 [IPControllerApp] registration::finished registering engine 1:013105c0-11beb5863cfd23ad3992f44a
2020-01-21 05:08:16.198 [IPControllerApp] engine::Engine Connected: 1
2020-01-21 05:08:17.670 [IPControllerApp] registration::finished registering engine 3:127fa9e6-ac6247bbeec2639044d378c0
2020-01-21 05:08:17.670 [IPControllerApp] engine::Engine Connected: 3
2020-01-21 05:08:17.674 [IPControllerApp] registration::finished registering engine 4:7d29daa9-8461167f9f77d6246f89f883
2020-01-21 05:08:17.674 [IPControllerApp] engine::Engine Connected: 4
2020-01-21 05:08:17.677 [IPControllerApp] registration::finished registering engine 2:7ac4a153-35959f93b2593c7b9d089d78
2020-01-21 05:08:17.677 [IPControllerApp] engine::Engine Connected: 2
2020-01-21 05:08:55.486 [IPControllerApp] client::client b'\x00k\x8bEh' requested 'connection_request'
2020-01-21 05:08:55.487 [IPControllerApp] client::client [b'\x00k\x8bEh'] connected
Model_D_4 81 281 20
Job id: 27528980; Cluster id: cori_27528980
Worker IDs: [0, 1, 2, 3, 4]
Original order  ['4_train_0_.h5', '4_train_1_.h5', '4_train_2_.h5', '4_train_3_.h5', '4_train_4_.h5', '4_train_5_.h5', '4_train_6_.h5', '4_train_7_.h5', '4_train_8_.h5', '4_train_9_.h5', '4_train_10_.h5', '4_train_11_.h5', '4_train_12_.h5', '4_train_13_.h5', '4_train_14_.h5', '4_train_15_.h5', '4_train_16_.h5', '4_train_17_.h5', '4_train_18_.h5', '4_train_19_.h5'] ['4_val_0_.h5', '4_val_1_.h5', '4_val_2_.h5', '4_val_3_.h5', '4_val_4_.h5', '4_val_5_.h5', '4_val_6_.h5', '4_val_7_.h5', '4_val_8_.h5', '4_val_9_.h5', '4_val_10_.h5', '4_val_11_.h5', '4_val_12_.h5', '4_val_13_.h5', '4_val_14_.h5', '4_val_15_.h5', '4_val_16_.h5', '4_val_17_.h5', '4_val_18_.h5', '4_val_19_.h5']
Shuffled files: ['4_train_1_.h5', '4_train_6_.h5', '4_train_13_.h5', '4_train_17_.h5', '4_train_4_.h5', '4_train_16_.h5', '4_train_8_.h5', '4_train_12_.h5', '4_train_5_.h5', '4_train_15_.h5', '4_train_19_.h5', '4_train_9_.h5', '4_train_14_.h5', '4_train_10_.h5', '4_train_2_.h5', '4_train_11_.h5', '4_train_0_.h5', '4_train_18_.h5', '4_train_3_.h5', '4_train_7_.h5'] ['4_val_18_.h5', '4_val_1_.h5', '4_val_4_.h5', '4_val_9_.h5', '4_val_19_.h5', '4_val_12_.h5', '4_val_15_.h5', '4_val_0_.h5', '4_val_13_.h5', '4_val_6_.h5', '4_val_8_.h5', '4_val_17_.h5', '4_val_11_.h5', '4_val_16_.h5', '4_val_14_.h5', '4_val_10_.h5', '4_val_2_.h5', '4_val_3_.h5', '4_val_5_.h5', '4_val_7_.h5']
/global/cscratch1/sd/muszyng/cnn_model_runs/Model_D/Model_D_4/27528980
['ihp', 'n_hpo_trials', 'n_convs_layers', 'conv_sizes', 'n_fc_layers', 'fc_sizes', 'dropout', 'optimizer', 'lr', 'batch_sizes', 'n_epochs', 'repeats_conv', 'recep_fields', 'checkpoint_dir']
Hyperparameter trial 0 conv [ 64 128 256 512] fc [512 256 128  64] dropout 0.3464 opt Adam, lr 0.0000, batch sizes 256
Checkpoint file: /global/cscratch1/sd/muszyng/cnn_model_runs/Model_D/Model_D_4/27528980/model_0.h5
Hyperparameter trial 1 conv [ 64 128 256 512] fc [512 256 128  64] dropout 0.4502 opt Adam, lr 0.0000, batch sizes 256
Checkpoint file: /global/cscratch1/sd/muszyng/cnn_model_runs/Model_D/Model_D_4/27528980/model_1.h5
Hyperparameter trial 2 conv [ 64 128 256 512] fc [512 256 128  64] dropout 0.4220 opt Adam, lr 0.0000, batch sizes 256
Checkpoint file: /global/cscratch1/sd/muszyng/cnn_model_runs/Model_D/Model_D_4/27528980/model_2.h5
Hyperparameter trial 3 conv [ 64 128 256 512] fc [512 256 128  64] dropout 0.3818 opt Adam, lr 0.0000, batch sizes 256
Checkpoint file: /global/cscratch1/sd/muszyng/cnn_model_runs/Model_D/Model_D_4/27528980/model_3.h5
Hyperparameter trial 4 conv [ 64 128 256 512] fc [512 256 128  64] dropout 0.3073 opt Adam, lr 0.0000, batch sizes 128
Checkpoint file: /global/cscratch1/sd/muszyng/cnn_model_runs/Model_D/Model_D_4/27528980/model_4.h5
2020-01-21 05:08:55.725 [IPControllerApp] task::task '41cd3d3f-0986851d17fde4165f7285a9' arrived on 2
2020-01-21 05:08:55.727 [IPControllerApp] task::task '8c07fa88-84c1cac695f68a25044e9db3' arrived on 4
2020-01-21 05:08:55.731 [IPControllerApp] task::task '4c0f4e6a-7a8830dbbde2dd8ea2326b92' arrived on 3
2020-01-21 05:08:55.732 [IPControllerApp] task::task '7da1123c-0dfc4a266857598dc51a3361' arrived on 1
2020-01-21 05:08:55.735 [IPControllerApp] task::task 'e119dcc9-453396f1fd9514093107a2ee' arrived on 0
WARNING:tensorflow:From test_ipyparallel.py:101: The name tf.keras.backend.set_session is deprecated. Please use tf.compat.v1.keras.backend.set_session instead.

WARNING:tensorflow:From /global/u2/m/muszyng/project-cnn-tda/cnn-project/my_project/new_project_mid_lat/code_for_paper/project/Model_D/changed_dropout_batch_size/mlextras.py:39: The name tf.ConfigProto is deprecated. Please use tf.compat.v1.ConfigProto instead.

WARNING:tensorflow:From /global/u2/m/muszyng/project-cnn-tda/cnn-project/my_project/new_project_mid_lat/code_for_paper/project/Model_D/changed_dropout_batch_size/mlextras.py:43: The name tf.Session is deprecated. Please use tf.compat.v1.Session instead.

2020-01-21 05:08:58.304279: I tensorflow/core/platform/cpu_feature_guard.cc:145] This TensorFlow binary is optimized with Intel(R) MKL-DNN to use the following CPU instructions in performance critical operations:  SSE4.1 SSE4.2 AVX AVX2 FMA
To enable them in non-MKL-DNN operations, rebuild TensorFlow with the appropriate compiler flags.
2020-01-21 05:08:58.324451: I tensorflow/core/platform/profile_utils/cpu_utils.cc:94] CPU Frequency: 2299990000 Hz
2020-01-21 05:08:58.326424: I tensorflow/compiler/xla/service/service.cc:168] XLA service 0x5555588b1600 initialized for platform Host (this does not guarantee that XLA will be used). Devices:
2020-01-21 05:08:58.326439: I tensorflow/compiler/xla/service/service.cc:176]   StreamExecutor device (0): Host, Default Version
WARNING:tensorflow:From /usr/common/software/tensorflow/intel-tensorflow/1.15.0-py37/lib/python3.7/site-packages/tensorflow_core/python/ops/resource_variable_ops.py:1630: calling BaseResourceVariable.__init__ (from tensorflow.python.ops.resource_variable_ops) with constraint is deprecated and will be removed in a future version.
Instructions for updating:
If using Keras pass *_constraint arguments to layers.
WARNING:tensorflow:From /usr/common/software/tensorflow/intel-tensorflow/1.15.0-py37/lib/python3.7/site-packages/tensorflow_core/python/ops/nn_impl.py:183: where (from tensorflow.python.ops.array_ops) is deprecated and will be removed in a future version.
Instructions for updating:
Use tf.where in 2.0, which has the same broadcast rule as np.where
WARNING:tensorflow:`epsilon` argument is deprecated and will be removed, use `min_delta` instead.
WARNING:tensorflow:`period` argument is deprecated. Please use `save_freq` to specify the frequency in number of samples seen.
WARNING:tensorflow:From test_ipyparallel.py:101: The name tf.keras.backend.set_session is deprecated. Please use tf.compat.v1.keras.backend.set_session instead.

WARNING:tensorflow:From /global/u2/m/muszyng/project-cnn-tda/cnn-project/my_project/new_project_mid_lat/code_for_paper/project/Model_D/changed_dropout_batch_size/mlextras.py:39: The name tf.ConfigProto is deprecated. Please use tf.compat.v1.ConfigProto instead.

WARNING:tensorflow:From /global/u2/m/muszyng/project-cnn-tda/cnn-project/my_project/new_project_mid_lat/code_for_paper/project/Model_D/changed_dropout_batch_size/mlextras.py:43: The name tf.Session is deprecated. Please use tf.compat.v1.Session instead.

2020-01-21 05:09:07.914672: I tensorflow/core/platform/cpu_feature_guard.cc:145] This TensorFlow binary is optimized with Intel(R) MKL-DNN to use the following CPU instructions in performance critical operations:  SSE4.1 SSE4.2 AVX AVX2 FMA
To enable them in non-MKL-DNN operations, rebuild TensorFlow with the appropriate compiler flags.
2020-01-21 05:09:07.938284: I tensorflow/core/platform/profile_utils/cpu_utils.cc:94] CPU Frequency: 2299980000 Hz
2020-01-21 05:09:07.940019: I tensorflow/compiler/xla/service/service.cc:168] XLA service 0x55555881cfa0 initialized for platform Host (this does not guarantee that XLA will be used). Devices:
2020-01-21 05:09:07.940045: I tensorflow/compiler/xla/service/service.cc:176]   StreamExecutor device (0): Host, Default Version
WARNING:tensorflow:From /usr/common/software/tensorflow/intel-tensorflow/1.15.0-py37/lib/python3.7/site-packages/tensorflow_core/python/ops/resource_variable_ops.py:1630: calling BaseResourceVariable.__init__ (from tensorflow.python.ops.resource_variable_ops) with constraint is deprecated and will be removed in a future version.
Instructions for updating:
If using Keras pass *_constraint arguments to layers.
WARNING:tensorflow:From test_ipyparallel.py:101: The name tf.keras.backend.set_session is deprecated. Please use tf.compat.v1.keras.backend.set_session instead.

WARNING:tensorflow:From /global/u2/m/muszyng/project-cnn-tda/cnn-project/my_project/new_project_mid_lat/code_for_paper/project/Model_D/changed_dropout_batch_size/mlextras.py:39: The name tf.ConfigProto is deprecated. Please use tf.compat.v1.ConfigProto instead.

WARNING:tensorflow:From /global/u2/m/muszyng/project-cnn-tda/cnn-project/my_project/new_project_mid_lat/code_for_paper/project/Model_D/changed_dropout_batch_size/mlextras.py:43: The name tf.Session is deprecated. Please use tf.compat.v1.Session instead.

2020-01-21 05:09:08.022561: I tensorflow/core/platform/cpu_feature_guard.cc:145] This TensorFlow binary is optimized with Intel(R) MKL-DNN to use the following CPU instructions in performance critical operations:  SSE4.1 SSE4.2 AVX AVX2 FMA
To enable them in non-MKL-DNN operations, rebuild TensorFlow with the appropriate compiler flags.
2020-01-21 05:09:08.044142: I tensorflow/core/platform/profile_utils/cpu_utils.cc:94] CPU Frequency: 2300110000 Hz
2020-01-21 05:09:08.046045: I tensorflow/compiler/xla/service/service.cc:168] XLA service 0x555558f5f220 initialized for platform Host (this does not guarantee that XLA will be used). Devices:
2020-01-21 05:09:08.046060: I tensorflow/compiler/xla/service/service.cc:176]   StreamExecutor device (0): Host, Default Version
WARNING:tensorflow:From /usr/common/software/tensorflow/intel-tensorflow/1.15.0-py37/lib/python3.7/site-packages/tensorflow_core/python/ops/resource_variable_ops.py:1630: calling BaseResourceVariable.__init__ (from tensorflow.python.ops.resource_variable_ops) with constraint is deprecated and will be removed in a future version.
Instructions for updating:
If using Keras pass *_constraint arguments to layers.
WARNING:tensorflow:From test_ipyparallel.py:101: The name tf.keras.backend.set_session is deprecated. Please use tf.compat.v1.keras.backend.set_session instead.

WARNING:tensorflow:From /global/u2/m/muszyng/project-cnn-tda/cnn-project/my_project/new_project_mid_lat/code_for_paper/project/Model_D/changed_dropout_batch_size/mlextras.py:39: The name tf.ConfigProto is deprecated. Please use tf.compat.v1.ConfigProto instead.

WARNING:tensorflow:From /global/u2/m/muszyng/project-cnn-tda/cnn-project/my_project/new_project_mid_lat/code_for_paper/project/Model_D/changed_dropout_batch_size/mlextras.py:43: The name tf.Session is deprecated. Please use tf.compat.v1.Session instead.

2020-01-21 05:09:08.123460: I tensorflow/core/platform/cpu_feature_guard.cc:145] This TensorFlow binary is optimized with Intel(R) MKL-DNN to use the following CPU instructions in performance critical operations:  SSE4.1 SSE4.2 AVX AVX2 FMA
To enable them in non-MKL-DNN operations, rebuild TensorFlow with the appropriate compiler flags.
2020-01-21 05:09:08.144286: I tensorflow/core/platform/profile_utils/cpu_utils.cc:94] CPU Frequency: 2300025000 Hz
2020-01-21 05:09:08.146013: I tensorflow/compiler/xla/service/service.cc:168] XLA service 0x55555881d5d0 initialized for platform Host (this does not guarantee that XLA will be used). Devices:
2020-01-21 05:09:08.146038: I tensorflow/compiler/xla/service/service.cc:176]   StreamExecutor device (0): Host, Default Version
WARNING:tensorflow:From /usr/common/software/tensorflow/intel-tensorflow/1.15.0-py37/lib/python3.7/site-packages/tensorflow_core/python/ops/resource_variable_ops.py:1630: calling BaseResourceVariable.__init__ (from tensorflow.python.ops.resource_variable_ops) with constraint is deprecated and will be removed in a future version.
Instructions for updating:
If using Keras pass *_constraint arguments to layers.
WARNING:tensorflow:From /usr/common/software/tensorflow/intel-tensorflow/1.15.0-py37/lib/python3.7/site-packages/tensorflow_core/python/ops/nn_impl.py:183: where (from tensorflow.python.ops.array_ops) is deprecated and will be removed in a future version.
Instructions for updating:
Use tf.where in 2.0, which has the same broadcast rule as np.where
WARNING:tensorflow:`epsilon` argument is deprecated and will be removed, use `min_delta` instead.
WARNING:tensorflow:`period` argument is deprecated. Please use `save_freq` to specify the frequency in number of samples seen.
WARNING:tensorflow:From test_ipyparallel.py:101: The name tf.keras.backend.set_session is deprecated. Please use tf.compat.v1.keras.backend.set_session instead.

WARNING:tensorflow:From /global/u2/m/muszyng/project-cnn-tda/cnn-project/my_project/new_project_mid_lat/code_for_paper/project/Model_D/changed_dropout_batch_size/mlextras.py:39: The name tf.ConfigProto is deprecated. Please use tf.compat.v1.ConfigProto instead.

WARNING:tensorflow:From /global/u2/m/muszyng/project-cnn-tda/cnn-project/my_project/new_project_mid_lat/code_for_paper/project/Model_D/changed_dropout_batch_size/mlextras.py:43: The name tf.Session is deprecated. Please use tf.compat.v1.Session instead.

2020-01-21 05:09:08.240305: I tensorflow/core/platform/cpu_feature_guard.cc:145] This TensorFlow binary is optimized with Intel(R) MKL-DNN to use the following CPU instructions in performance critical operations:  SSE4.1 SSE4.2 AVX AVX2 FMA
To enable them in non-MKL-DNN operations, rebuild TensorFlow with the appropriate compiler flags.
2020-01-21 05:09:08.262394: I tensorflow/core/platform/profile_utils/cpu_utils.cc:94] CPU Frequency: 2300115000 Hz
2020-01-21 05:09:08.264199: I tensorflow/compiler/xla/service/service.cc:168] XLA service 0x555558f61260 initialized for platform Host (this does not guarantee that XLA will be used). Devices:
2020-01-21 05:09:08.264214: I tensorflow/compiler/xla/service/service.cc:176]   StreamExecutor device (0): Host, Default Version
WARNING:tensorflow:From /usr/common/software/tensorflow/intel-tensorflow/1.15.0-py37/lib/python3.7/site-packages/tensorflow_core/python/ops/nn_impl.py:183: where (from tensorflow.python.ops.array_ops) is deprecated and will be removed in a future version.
Instructions for updating:
Use tf.where in 2.0, which has the same broadcast rule as np.where
WARNING:tensorflow:From /usr/common/software/tensorflow/intel-tensorflow/1.15.0-py37/lib/python3.7/site-packages/tensorflow_core/python/ops/resource_variable_ops.py:1630: calling BaseResourceVariable.__init__ (from tensorflow.python.ops.resource_variable_ops) with constraint is deprecated and will be removed in a future version.
Instructions for updating:
If using Keras pass *_constraint arguments to layers.
WARNING:tensorflow:`epsilon` argument is deprecated and will be removed, use `min_delta` instead.
WARNING:tensorflow:`period` argument is deprecated. Please use `save_freq` to specify the frequency in number of samples seen.
WARNING:tensorflow:From /usr/common/software/tensorflow/intel-tensorflow/1.15.0-py37/lib/python3.7/site-packages/tensorflow_core/python/ops/nn_impl.py:183: where (from tensorflow.python.ops.array_ops) is deprecated and will be removed in a future version.
Instructions for updating:
Use tf.where in 2.0, which has the same broadcast rule as np.where
WARNING:tensorflow:`epsilon` argument is deprecated and will be removed, use `min_delta` instead.
WARNING:tensorflow:`period` argument is deprecated. Please use `save_freq` to specify the frequency in number of samples seen.
WARNING:tensorflow:From /usr/common/software/tensorflow/intel-tensorflow/1.15.0-py37/lib/python3.7/site-packages/tensorflow_core/python/ops/nn_impl.py:183: where (from tensorflow.python.ops.array_ops) is deprecated and will be removed in a future version.
Instructions for updating:
Use tf.where in 2.0, which has the same broadcast rule as np.where
WARNING:tensorflow:`epsilon` argument is deprecated and will be removed, use `min_delta` instead.
WARNING:tensorflow:`period` argument is deprecated. Please use `save_freq` to specify the frequency in number of samples seen.
2020-01-21 07:03:47.668 [IPControllerApp] heartbeat::missed b'127fa9e6-ac6247bbeec2639044d378c0' : 1
2020-01-21 07:04:31.363 [IPControllerApp] heartbeat::missed b'7d29daa9-8461167f9f77d6246f89f883' : 1
2020-01-21 07:04:31.365 [IPControllerApp] heartbeat::missed b'013105c0-11beb5863cfd23ad3992f44a' : 1
2020-01-21 07:04:31.366 [IPControllerApp] heartbeat::missed b'7ac4a153-35959f93b2593c7b9d089d78' : 1
2020-01-21 07:04:32.669 [IPControllerApp] heartbeat::missed b'127fa9e6-ac6247bbeec2639044d378c0' : 2
2020-01-21 07:04:32.669 [IPControllerApp] heartbeat::missed b'7d29daa9-8461167f9f77d6246f89f883' : 2
2020-01-21 07:04:32.669 [IPControllerApp] heartbeat::missed b'013105c0-11beb5863cfd23ad3992f44a' : 2
2020-01-21 07:04:32.669 [IPControllerApp] heartbeat::missed b'7ac4a153-35959f93b2593c7b9d089d78' : 2
2020-01-21 07:04:35.669 [IPControllerApp] heartbeat::missed b'127fa9e6-ac6247bbeec2639044d378c0' : 3
2020-01-21 07:04:35.669 [IPControllerApp] heartbeat::missed b'7d29daa9-8461167f9f77d6246f89f883' : 3
2020-01-21 07:04:35.670 [IPControllerApp] heartbeat::missed b'013105c0-11beb5863cfd23ad3992f44a' : 3
2020-01-21 07:04:35.670 [IPControllerApp] heartbeat::missed b'7ac4a153-35959f93b2593c7b9d089d78' : 3
2020-01-21 07:04:38.668 [IPControllerApp] heartbeat::missed b'127fa9e6-ac6247bbeec2639044d378c0' : 4
2020-01-21 07:04:38.668 [IPControllerApp] heartbeat::missed b'7d29daa9-8461167f9f77d6246f89f883' : 4
2020-01-21 07:04:38.668 [IPControllerApp] heartbeat::missed b'013105c0-11beb5863cfd23ad3992f44a' : 4
2020-01-21 07:04:38.668 [IPControllerApp] heartbeat::missed b'7ac4a153-35959f93b2593c7b9d089d78' : 4
2020-01-21 07:04:38.857 [IPControllerApp] WARNING | heartbeat::got bad heartbeat (possibly old?): b'6963.000991821289' (current=7017.001)
2020-01-21 07:04:38.857 [IPControllerApp] WARNING | heartbeat::got bad heartbeat (possibly old?): b'6963.000991821289' (current=7017.001)
2020-01-21 07:04:38.857 [IPControllerApp] WARNING | heartbeat::got bad heartbeat (possibly old?): b'6963.000991821289' (current=7017.001)
2020-01-21 07:04:38.857 [IPControllerApp] WARNING | heartbeat::got bad heartbeat (possibly old?): b'6963.000991821289' (current=7017.001)
2020-01-21 07:04:38.858 [IPControllerApp] WARNING | heartbeat::got bad heartbeat (possibly old?): b'6966.001446247101' (current=7017.001)
2020-01-21 07:04:38.858 [IPControllerApp] WARNING | heartbeat::got bad heartbeat (possibly old?): b'6966.001446247101' (current=7017.001)
2020-01-21 07:04:38.858 [IPControllerApp] WARNING | heartbeat::got bad heartbeat (possibly old?): b'6966.001446247101' (current=7017.001)
2020-01-21 07:04:38.858 [IPControllerApp] WARNING | heartbeat::got bad heartbeat (possibly old?): b'6966.001446247101' (current=7017.001)
2020-01-21 07:04:38.859 [IPControllerApp] WARNING | heartbeat::got bad heartbeat (possibly old?): b'7011.00172662735' (current=7017.001)
2020-01-21 07:04:38.859 [IPControllerApp] WARNING | heartbeat::got bad heartbeat (possibly old?): b'7011.00172662735' (current=7017.001)
2020-01-21 07:04:38.859 [IPControllerApp] WARNING | heartbeat::got bad heartbeat (possibly old?): b'7011.00172662735' (current=7017.001)
2020-01-21 07:04:38.859 [IPControllerApp] WARNING | heartbeat::got bad heartbeat (possibly old?): b'7011.00172662735' (current=7017.001)
2020-01-21 07:04:38.860 [IPControllerApp] WARNING | heartbeat::heart b'013105c0-11beb5863cfd23ad3992f44a' missed a beat, and took 3190.59 ms to respond
2020-01-21 07:04:38.860 [IPControllerApp] WARNING | heartbeat::heart b'7ac4a153-35959f93b2593c7b9d089d78' missed a beat, and took 3190.87 ms to respond
2020-01-21 07:04:38.860 [IPControllerApp] WARNING | heartbeat::heart b'127fa9e6-ac6247bbeec2639044d378c0' missed a beat, and took 3191.12 ms to respond
2020-01-21 07:04:38.860 [IPControllerApp] WARNING | heartbeat::heart b'7d29daa9-8461167f9f77d6246f89f883' missed a beat, and took 3191.36 ms to respond
2020-01-21 07:50:59.671 [IPControllerApp] heartbeat::missed b'127fa9e6-ac6247bbeec2639044d378c0' : 1
2020-01-21 07:51:43.287 [IPControllerApp] heartbeat::missed b'7d29daa9-8461167f9f77d6246f89f883' : 1
2020-01-21 07:51:43.301 [IPControllerApp] heartbeat::missed b'013105c0-11beb5863cfd23ad3992f44a' : 1
2020-01-21 07:51:43.301 [IPControllerApp] heartbeat::missed b'7ac4a153-35959f93b2593c7b9d089d78' : 1
2020-01-21 07:51:44.669 [IPControllerApp] heartbeat::missed b'127fa9e6-ac6247bbeec2639044d378c0' : 2
2020-01-21 07:51:44.683 [IPControllerApp] heartbeat::missed b'7d29daa9-8461167f9f77d6246f89f883' : 2
2020-01-21 07:51:44.698 [IPControllerApp] heartbeat::missed b'013105c0-11beb5863cfd23ad3992f44a' : 2
2020-01-21 07:51:44.711 [IPControllerApp] heartbeat::missed b'7ac4a153-35959f93b2593c7b9d089d78' : 2
2020-01-21 07:51:47.672 [IPControllerApp] heartbeat::missed b'127fa9e6-ac6247bbeec2639044d378c0' : 3
2020-01-21 07:51:47.673 [IPControllerApp] heartbeat::missed b'7d29daa9-8461167f9f77d6246f89f883' : 3
2020-01-21 07:51:47.673 [IPControllerApp] heartbeat::missed b'013105c0-11beb5863cfd23ad3992f44a' : 3
2020-01-21 07:51:47.674 [IPControllerApp] heartbeat::missed b'7ac4a153-35959f93b2593c7b9d089d78' : 3
2020-01-21 07:51:50.670 [IPControllerApp] heartbeat::missed b'127fa9e6-ac6247bbeec2639044d378c0' : 4
2020-01-21 07:51:50.673 [IPControllerApp] heartbeat::missed b'7d29daa9-8461167f9f77d6246f89f883' : 4
2020-01-21 07:51:50.675 [IPControllerApp] heartbeat::missed b'013105c0-11beb5863cfd23ad3992f44a' : 4
2020-01-21 07:51:50.676 [IPControllerApp] heartbeat::missed b'7ac4a153-35959f93b2593c7b9d089d78' : 4
2020-01-21 07:51:51.241 [IPControllerApp] WARNING | heartbeat::got bad heartbeat (possibly old?): b'9795.002004384995' (current=9849.003)
2020-01-21 07:51:51.242 [IPControllerApp] WARNING | heartbeat::got bad heartbeat (possibly old?): b'9795.002004384995' (current=9849.003)
2020-01-21 07:51:51.246 [IPControllerApp] WARNING | heartbeat::got bad heartbeat (possibly old?): b'9795.002004384995' (current=9849.003)
2020-01-21 07:51:51.249 [IPControllerApp] WARNING | heartbeat::got bad heartbeat (possibly old?): b'9795.002004384995' (current=9849.003)
2020-01-21 07:51:51.252 [IPControllerApp] WARNING | heartbeat::got bad heartbeat (possibly old?): b'9798.003806352615' (current=9849.003)
2020-01-21 07:51:51.255 [IPControllerApp] WARNING | heartbeat::got bad heartbeat (possibly old?): b'9798.003806352615' (current=9849.003)
2020-01-21 07:51:51.258 [IPControllerApp] WARNING | heartbeat::got bad heartbeat (possibly old?): b'9798.003806352615' (current=9849.003)
2020-01-21 07:51:51.260 [IPControllerApp] WARNING | heartbeat::got bad heartbeat (possibly old?): b'9798.003806352615' (current=9849.003)
2020-01-21 07:51:51.262 [IPControllerApp] WARNING | heartbeat::got bad heartbeat (possibly old?): b'9843.001652479172' (current=9849.003)
2020-01-21 07:51:51.265 [IPControllerApp] WARNING | heartbeat::got bad heartbeat (possibly old?): b'9843.001652479172' (current=9849.003)
2020-01-21 07:51:51.268 [IPControllerApp] WARNING | heartbeat::got bad heartbeat (possibly old?): b'9843.001652479172' (current=9849.003)
2020-01-21 07:51:51.270 [IPControllerApp] WARNING | heartbeat::got bad heartbeat (possibly old?): b'9843.001652479172' (current=9849.003)
2020-01-21 07:51:51.273 [IPControllerApp] WARNING | heartbeat::heart b'7d29daa9-8461167f9f77d6246f89f883' missed a beat, and took 3601.36 ms to respond
2020-01-21 07:51:51.277 [IPControllerApp] WARNING | heartbeat::heart b'7ac4a153-35959f93b2593c7b9d089d78' missed a beat, and took 3605.69 ms to respond
2020-01-21 07:51:51.280 [IPControllerApp] WARNING | heartbeat::heart b'013105c0-11beb5863cfd23ad3992f44a' missed a beat, and took 3608.00 ms to respond
2020-01-21 07:51:51.282 [IPControllerApp] WARNING | heartbeat::heart b'127fa9e6-ac6247bbeec2639044d378c0' missed a beat, and took 3609.86 ms to respond
2020-01-21 10:19:01.620 [IPControllerApp] task::task '4c0f4e6a-7a8830dbbde2dd8ea2326b92' finished on 3
IOStream.flush timed out
2020-01-21 10:19:01.848 [IPEngineApp] WARNING | No heartbeat in the last 3010 ms (1 time(s) in a row).
2020-01-21 10:50:40.349 [IPControllerApp] task::task '8c07fa88-84c1cac695f68a25044e9db3' finished on 4
IOStream.flush timed out
IOStream.flush timed out
IOStream.flush timed out
IOStream.flush timed out
IOStream.flush timed out
IOStream.flush timed out
IOStream.flush timed out
2020-01-21 10:50:41.293 [IPEngineApp] WARNING | No heartbeat in the last 3010 ms (1 time(s) in a row).
2020-01-21 17:51:29.154 [IPControllerApp] task::task 'e119dcc9-453396f1fd9514093107a2ee' finished on 0
2020-01-21 18:39:31.692 [IPControllerApp] task::task '7da1123c-0dfc4a266857598dc51a3361' finished on 1
IOStream.flush timed out
IOStream.flush timed out
2020-01-21 18:39:32.179 [IPEngineApp] WARNING | No heartbeat in the last 3010 ms (1 time(s) in a row).
2020-01-21 19:13:24.938 [IPControllerApp] task::task '41cd3d3f-0986851d17fde4165f7285a9' finished on 2
slurmstepd: error: *** STEP 27528980.0 ON nid01061 CANCELLED AT 2020-01-21T20:08:00 DUE TO TIME LIMIT ***
2020-01-21 20:08:00.201 [IPControllerApp] CRITICAL | Received signal 15, shutting down
2020-01-21 20:08:00.202 [IPControllerApp] CRITICAL | terminating children...
srun: got SIGCONT
srun: forcing job termination
